#
# A fatal error has been detected by the Java Runtime Environment:
#
#  SIGSEGV (0xb) at pc=0x00007f163c9344a9, pid=8136, tid=0x00007f163c8ea700
#
# JRE version: Java(TM) SE Runtime Environment (8.0_121-b13) (build 1.8.0_121-b13)
# Java VM: Java HotSpot(TM) 64-Bit Server VM (25.121-b13 mixed mode linux-amd64 compressed oops)
# Problematic frame:
# C  [liblwjgl_opengl.so+0x494a9]  Java_org_lwjgl_opengl_GL11_glClear+0x9
#
# Failed to write core dump. Core dumps have been disabled. To enable core dumping, try "ulimit -c unlimited" before starting Java again
#
# If you would like to submit a bug report, please visit:
#   http://bugreport.java.com/bugreport/crash.jsp
# The crash happened outside the Java Virtual Machine in native code.
# See problematic frame for where to report the bug.
#

---------------  T H R E A D  ---------------

Current thread (0x00007f1698355800):  JavaThread "Thread-0" daemon [_thread_in_native, id=8167, stack(0x00007f163c7ea000,0x00007f163c8eb000)]

siginfo: si_signo: 11 (SIGSEGV), si_code: 1 (SEGV_MAPERR), si_addr: 0x0000000000000370

Registers:
RAX=0x0000000000000000, RBX=0x00007f1686830200, RCX=0x00007f1698008c40, RDX=0x0000000000004100
RSP=0x00007f163c8e9638, RBP=0x00007f163c8e9688, RSI=0x00007f163c8e9698, RDI=0x0000000000004100
R8 =0x0000000000000000, R9 =0x0000000000000006, R10=0x00007f16885bca08, R11=0x00007f169d641ea0
R12=0x0000000000000000, R13=0x00007f16868301f8, R14=0x00007f163c8e96a8, R15=0x00007f1698355800
RIP=0x00007f163c9344a9, EFLAGS=0x0000000000010287, CSGSFS=0x0000000000000033, ERR=0x0000000000000004
  TRAPNO=0x000000000000000e

Top of Stack: (sp=0x00007f163c8e9638)
0x00007f163c8e9638:   00007f16885bca34 00007f16885bc782
0x00007f163c8e9648:   00007f163c8e9648 00007f16868301f8
0x00007f163c8e9658:   00007f163c8e96a8 00007f168685cc28
0x00007f163c8e9668:   0000000000000000 00007f1686830200
0x00007f163c8e9678:   0000000000000000 00007f163c8e96a8
0x00007f163c8e9688:   00007f163c8e96f0 00007f16885ad2bd
0x00007f163c8e9698:   00000007700e1e90 00007f16885b6538
0x00007f163c8e96a8:   0000000000004100 00007f163c8e96b0
0x00007f163c8e96b8:   00007f16866b9dfb 00007f163c8e9700
0x00007f163c8e96c8:   00007f16866ba028 0000000000000000
0x00007f163c8e96d8:   00007f16866b9e30 00007f163c8e96a8
0x00007f163c8e96e8:   00007f163c8e9700 00007f163c8e9748
0x00007f163c8e96f8:   00007f16885acad5 000000076f733d78
0x00007f163c8e9708:   00007f163c8e9708 00007f168694b444
0x00007f163c8e9718:   00007f163c8e9768 00007f168694b528
0x00007f163c8e9728:   0000000000000000 00007f168694b4b0
0x00007f163c8e9738:   00007f163c8e9700 00007f163c8e9768
0x00007f163c8e9748:   00007f163c8e97d0 00007f16885a57a7
0x00007f163c8e9758:   0000000000000000 0000000000000000
0x00007f163c8e9768:   0000000770565c78 00007f1600001fa0
0x00007f163c8e9778:   00007f1698355d80 00007f1698355800
0x00007f163c8e9788:   00007f163c8e9850 00007f1698355800
0x00007f163c8e9798:   00007f163c8e9810 00007f163c8e9810
0x00007f163c8e97a8:   00007f163c8e9b08 00007f160000000a
0x00007f163c8e97b8:   00007f168694b4b0 00007f16885b7c80
0x00007f163c8e97c8:   00007f163c8e9a38 00007f163c8e9940
0x00007f163c8e97d8:   00007f169d30edd6 00007f1600000001
0x00007f163c8e97e8:   00007f1698355800 00007f163c8e9a30
0x00007f163c8e97f8:   00007f163c8e9b00 00007f16885b7c80
0x00007f163c8e9808:   00007f160000000a 00007f1698355800
0x00007f163c8e9818:   00007f1698427020 00007f168694b4b0
0x00007f163c8e9828:   0000000770565c78 0000000000000000 

Instructions: (pc=0x00007f163c9344a9)
0x00007f163c934489:   b0 03 00 00 0f 1f 00 48 8b 07 48 8b 40 18 ff a0
0x00007f163c934499:   78 03 00 00 0f 1f 00 48 8b 07 89 d7 48 8b 40 18
0x00007f163c9344a9:   48 8b 80 70 03 00 00 ff e0 66 66 66 66 66 2e 0f
0x00007f163c9344b9:   1f 84 00 00 00 00 00 48 8b 07 41 89 d1 89 ce 4c 

Register to memory mapping:

RAX=0x0000000000000000 is an unknown value
RBX={method} {0x00007f1686830200} 'glClear' '(I)V' in 'org/lwjgl/opengl/GL11'
RCX=0x00007f1698008c40 is an unknown value
RDX=0x0000000000004100 is an unknown value
RSP=0x00007f163c8e9638 is pointing into the stack for thread: 0x00007f1698355800
RBP=0x00007f163c8e9688 is pointing into the stack for thread: 0x00007f1698355800
RSI=0x00007f163c8e9698 is pointing into the stack for thread: 0x00007f1698355800
RDI=0x0000000000004100 is an unknown value
R8 =0x0000000000000000 is an unknown value
R9 =0x0000000000000006 is an unknown value
R10=0x00007f16885bca08 is at code_begin+808 in an Interpreter codelet
method entry point (kind = native)  [0x00007f16885bc6e0, 0x00007f16885bcfe0]  2304 bytes
R11=0x00007f169d641ea0: <offset 0x9c3ea0> in /home/michael1337/Programs/jdk/jdk1.8.0_121/jre/lib/amd64/server/libjvm.so at 0x00007f169cc7e000
R12=0x0000000000000000 is an unknown value
R13=0x00007f16868301f8 is pointing into metadata
R14=0x00007f163c8e96a8 is pointing into the stack for thread: 0x00007f1698355800
R15=0x00007f1698355800 is a thread


Stack: [0x00007f163c7ea000,0x00007f163c8eb000],  sp=0x00007f163c8e9638,  free space=1021k
Native frames: (J=compiled Java code, j=interpreted, Vv=VM code, C=native code)
C  [liblwjgl_opengl.so+0x494a9]  Java_org_lwjgl_opengl_GL11_glClear+0x9
j  gui.graphics.Window3D.draw()Z+3
j  threads.DrawThread.run()V+4
v  ~StubRoutines::call_stub
V  [libjvm.so+0x690dd6]  JavaCalls::call_helper(JavaValue*, methodHandle*, JavaCallArguments*, Thread*)+0x1056
V  [libjvm.so+0x6912e1]  JavaCalls::call_virtual(JavaValue*, KlassHandle, Symbol*, Symbol*, JavaCallArguments*, Thread*)+0x321
V  [libjvm.so+0x691787]  JavaCalls::call_virtual(JavaValue*, Handle, KlassHandle, Symbol*, Symbol*, Thread*)+0x47
V  [libjvm.so+0x72cb00]  thread_entry(JavaThread*, Thread*)+0xa0
V  [libjvm.so+0xa75543]  JavaThread::thread_main_inner()+0x103
V  [libjvm.so+0xa7568c]  JavaThread::run()+0x11c
V  [libjvm.so+0x926268]  java_start(Thread*)+0x108
C  [libpthread.so.0+0x76ba]  start_thread+0xca

Java frames: (J=compiled Java code, j=interpreted, Vv=VM code)
j  org.lwjgl.opengl.GL11.glClear(I)V+0
j  gui.graphics.Window3D.draw()Z+3
j  threads.DrawThread.run()V+4
v  ~StubRoutines::call_stub

---------------  P R O C E S S  ---------------

Java Threads: ( => current thread )
  0x00007f169800c800 JavaThread "DestroyJavaVM" [_thread_blocked, id=8139, stack(0x00007f169e76c000,0x00007f169e86d000)]
=>0x00007f1698355800 JavaThread "Thread-0" daemon [_thread_in_native, id=8167, stack(0x00007f163c7ea000,0x00007f163c8eb000)]
  0x00007f16982ca000 JavaThread "Service Thread" daemon [_thread_blocked, id=8163, stack(0x00007f166c5ff000,0x00007f166c700000)]
  0x00007f16982bd000 JavaThread "C1 CompilerThread2" daemon [_thread_blocked, id=8162, stack(0x00007f1684549000,0x00007f168464a000)]
  0x00007f16982b1800 JavaThread "C2 CompilerThread1" daemon [_thread_blocked, id=8161, stack(0x00007f168464a000,0x00007f168474b000)]
  0x00007f16982af800 JavaThread "C2 CompilerThread0" daemon [_thread_blocked, id=8160, stack(0x00007f168474b000,0x00007f168484c000)]
  0x00007f16982a4800 JavaThread "Monitor Ctrl-Break" daemon [_thread_in_native, id=8159, stack(0x00007f168484c000,0x00007f168494d000)]
  0x00007f1698182800 JavaThread "Signal Dispatcher" daemon [_thread_blocked, id=8157, stack(0x00007f1684a2c000,0x00007f1684b2d000)]
  0x00007f169814e000 JavaThread "Finalizer" daemon [_thread_blocked, id=8151, stack(0x00007f1684e06000,0x00007f1684f07000)]
  0x00007f1698149800 JavaThread "Reference Handler" daemon [_thread_blocked, id=8150, stack(0x00007f1684f07000,0x00007f1685008000)]

Other Threads:
  0x00007f1698142000 VMThread [stack: 0x00007f1685008000,0x00007f1685109000] [id=8147]
  0x00007f16982d5000 WatcherThread [stack: 0x00007f166c4fe000,0x00007f166c5ff000] [id=8164]

VM state:not at safepoint (normal execution)

VM Mutex/Monitor currently owned by a thread: None

Heap:
 PSYoungGen      total 72192K, used 19848K [0x000000076f580000, 0x0000000774600000, 0x00000007c0000000)
  eden space 61952K, 32% used [0x000000076f580000,0x00000007708e2370,0x0000000773200000)
  from space 10240K, 0% used [0x0000000773c00000,0x0000000773c00000,0x0000000774600000)
  to   space 10240K, 0% used [0x0000000773200000,0x0000000773200000,0x0000000773c00000)
 ParOldGen       total 165376K, used 0K [0x00000006ce000000, 0x00000006d8180000, 0x000000076f580000)
  object space 165376K, 0% used [0x00000006ce000000,0x00000006ce000000,0x00000006d8180000)
 Metaspace       used 7636K, capacity 7831K, committed 8064K, reserved 1056768K
  class space    used 730K, capacity 812K, committed 896K, reserved 1048576K

Card table byte_map: [0x00007f1687a54000,0x00007f16881e5000] byte_map_base: 0x00007f16843e4000

Marking Bits: (ParMarkBitMap*) 0x00007f169dc42c80
 Begin Bits: [0x00007f166c700000, 0x00007f1670380000)
 End Bits:   [0x00007f1670380000, 0x00007f1674000000)

Polling page: 0x00007f169e893000

CodeCache: size=245760Kb used=2545Kb max_used=2545Kb free=243214Kb
 bounds [0x00007f16885a5000, 0x00007f1688825000, 0x00007f16975a5000]
 total_blobs=1334 nmethods=565 adapters=683
 compilation: enabled

Compilation events (10 events):
Event: 0,674 Thread 0x00007f16982bd000  560       3       sun.reflect.UnsafeFieldAccessorImpl::ensureObj (23 bytes)
Event: 0,674 Thread 0x00007f16982bd000 nmethod 560 0x00007f168881fe10 code [0x00007f168881ffe0, 0x00007f1688820938]
Event: 0,674 Thread 0x00007f16982bd000  561       3       org.lwjgl.PointerBuffer::put (20 bytes)
Event: 0,674 Thread 0x00007f16982bd000 nmethod 561 0x00007f1688820c50 code [0x00007f1688820e00, 0x00007f1688821318]
Event: 0,674 Thread 0x00007f16982bd000  562       3       org.lwjgl.system.CustomBuffer::checkIndex (23 bytes)
Event: 0,674 Thread 0x00007f16982bd000 nmethod 562 0x00007f1688821590 code [0x00007f1688821700, 0x00007f1688821988]
Event: 0,674 Thread 0x00007f16982bd000  563       3       org.lwjgl.system.MemoryUtil::memPutAddress (11 bytes)
Event: 0,674 Thread 0x00007f16982bd000 nmethod 563 0x00007f1688821a90 code [0x00007f1688821c00, 0x00007f1688821e68]
Event: 0,674 Thread 0x00007f16982bd000  564       3       org.lwjgl.system.MemoryAccess$MemoryAccessorUnsafe::memPutAddress (9 bytes)
Event: 0,675 Thread 0x00007f16982bd000 nmethod 564 0x00007f1688821f50 code [0x00007f16888220c0, 0x00007f16888222c8]

GC Heap History (0 events):
No events

Deoptimization events (1 events):
Event: 0,674 Thread 0x00007f169800c800 Uncommon trap: reason=unstable_if action=reinterpret pc=0x00007f168872341c method=java.lang.String.replace(CC)Ljava/lang/String; @ 26

Internal exceptions (10 events):
Event: 0,026 Thread 0x00007f169800c800 Exception <a 'java/lang/NoSuchMethodError': Method sun.misc.Unsafe.defineClass(Ljava/lang/String;[BII)Ljava/lang/Class; name or signature does not match> (0x000000076f587ca8) thrown at [/HUDSON3/workspace/8-2-build-linux-amd64/jdk8u121/8372/hotspot/src/sh
Event: 0,026 Thread 0x00007f169800c800 Exception <a 'java/lang/NoSuchMethodError': Method sun.misc.Unsafe.prefetchRead(Ljava/lang/Object;J)V name or signature does not match> (0x000000076f587f90) thrown at [/HUDSON3/workspace/8-2-build-linux-amd64/jdk8u121/8372/hotspot/src/share/vm/prims/jni.c
Event: 0,164 Thread 0x00007f169800c800 Exception <a 'java/lang/NoSuchMethodError': java.lang.Object.lambda$static$0(Ljava/lang/String;)Ljava/lang/Boolean;> (0x000000076faa6860) thrown at [/HUDSON3/workspace/8-2-build-linux-amd64/jdk8u121/8372/hotspot/src/share/vm/interpreter/linkResolver.cpp, 
Event: 0,179 Thread 0x00007f169800c800 Exception <a 'java/lang/NoSuchFieldError': method resolution failed> (0x000000076fb28cf0) thrown at [/HUDSON3/workspace/8-2-build-linux-amd64/jdk8u121/8372/hotspot/src/share/vm/prims/methodHandles.cpp, line 1146]
Event: 0,180 Thread 0x00007f169800c800 Exception <a 'java/lang/NoSuchFieldError': method resolution failed> (0x000000076fb36b68) thrown at [/HUDSON3/workspace/8-2-build-linux-amd64/jdk8u121/8372/hotspot/src/share/vm/prims/methodHandles.cpp, line 1146]
Event: 0,259 Thread 0x00007f169800c800 Exception <a 'java/security/PrivilegedActionException'> (0x000000076fd27370) thrown at [/HUDSON3/workspace/8-2-build-linux-amd64/jdk8u121/8372/hotspot/src/share/vm/prims/jvm.cpp, line 1390]
Event: 0,259 Thread 0x00007f169800c800 Exception <a 'java/security/PrivilegedActionException'> (0x000000076fd27580) thrown at [/HUDSON3/workspace/8-2-build-linux-amd64/jdk8u121/8372/hotspot/src/share/vm/prims/jvm.cpp, line 1390]
Event: 0,259 Thread 0x00007f169800c800 Exception <a 'java/security/PrivilegedActionException'> (0x000000076fd2a268) thrown at [/HUDSON3/workspace/8-2-build-linux-amd64/jdk8u121/8372/hotspot/src/share/vm/prims/jvm.cpp, line 1390]
Event: 0,259 Thread 0x00007f169800c800 Exception <a 'java/security/PrivilegedActionException'> (0x000000076fd2a478) thrown at [/HUDSON3/workspace/8-2-build-linux-amd64/jdk8u121/8372/hotspot/src/share/vm/prims/jvm.cpp, line 1390]
Event: 0,400 Thread 0x00007f169800c800 Exception <a 'sun/nio/fs/UnixException'> (0x000000076ff72bf8) thrown at [/HUDSON3/workspace/8-2-build-linux-amd64/jdk8u121/8372/hotspot/src/share/vm/prims/jni.cpp, line 709]

Events (10 events):
Event: 0,669 loading class sun/reflect/UnsafeQualifiedLongFieldAccessorImpl done
Event: 0,674 loading class threads/DrawThread
Event: 0,674 loading class threads/DrawThread done
Event: 0,674 Thread 0x00007f169800c800 Uncommon trap: trap_request=0xffffff65 fr.pc=0x00007f168872341c
Event: 0,674 Thread 0x00007f169800c800 DEOPT PACKING pc=0x00007f168872341c sp=0x00007f169e8698c0
Event: 0,674 Thread 0x00007f169800c800 DEOPT UNPACKING pc=0x00007f16885aa229 sp=0x00007f169e869868 mode 2
Event: 0,675 Thread 0x00007f1698355800 Thread added: 0x00007f1698355800
Event: 0,675 Thread 0x00007f169800c800 Thread exited: 0x00007f169800c800
Event: 0,675 Thread 0x00007f169800c800 Thread added: 0x00007f169800c800
Event: 0,675 loading class java/lang/Shutdown


Dynamic libraries:
00400000-00401000 r-xp 00000000 08:01 24119309                           /home/michael1337/Programs/jdk/jdk1.8.0_121/bin/java
00600000-00601000 rw-p 00000000 08:01 24119309                           /home/michael1337/Programs/jdk/jdk1.8.0_121/bin/java
01601000-01622000 rw-p 00000000 00:00 0                                  [heap]
6ce000000-6d8180000 rw-p 00000000 00:00 0 
6d8180000-76f580000 ---p 00000000 00:00 0 
76f580000-774600000 rw-p 00000000 00:00 0 
774600000-7c0000000 ---p 00000000 00:00 0 
7c0000000-7c00e0000 rw-p 00000000 00:00 0 
7c00e0000-800000000 ---p 00000000 00:00 0 
7f1638000000-7f163829a000 rw-p 00000000 00:00 0 
7f163829a000-7f163c000000 ---p 00000000 00:00 0 
7f163c7ea000-7f163c7ed000 ---p 00000000 00:00 0 
7f163c7ed000-7f163c8eb000 rw-p 00000000 00:00 0 
7f163c8eb000-7f163c956000 r-xp 00000000 08:01 24395426                   /tmp/lwjglmichael1337/3.1.3-SNAPSHOT/liblwjgl_opengl.so
7f163c956000-7f163cb55000 ---p 0006b000 08:01 24395426                   /tmp/lwjglmichael1337/3.1.3-SNAPSHOT/liblwjgl_opengl.so
7f163cb55000-7f163cb56000 r--p 0006a000 08:01 24395426                   /tmp/lwjglmichael1337/3.1.3-SNAPSHOT/liblwjgl_opengl.so
7f163cb56000-7f163cb57000 rw-p 0006b000 08:01 24395426                   /tmp/lwjglmichael1337/3.1.3-SNAPSHOT/liblwjgl_opengl.so
7f163cb57000-7f163de24000 rw-p 00000000 00:00 0 
7f163de24000-7f163de5b000 r-xp 00000000 08:01 4465941                    /usr/lib/x86_64-linux-gnu/libtxc_dxtn_s2tc.so.0.0.0
7f163de5b000-7f163e05a000 ---p 00037000 08:01 4465941                    /usr/lib/x86_64-linux-gnu/libtxc_dxtn_s2tc.so.0.0.0
7f163e05a000-7f163e05b000 r--p 00036000 08:01 4465941                    /usr/lib/x86_64-linux-gnu/libtxc_dxtn_s2tc.so.0.0.0
7f163e05b000-7f163e05c000 rw-p 00037000 08:01 4465941                    /usr/lib/x86_64-linux-gnu/libtxc_dxtn_s2tc.so.0.0.0
7f163e05c000-7f163e075000 r-xp 00000000 08:01 20845086                   /lib/x86_64-linux-gnu/libz.so.1.2.8
7f163e075000-7f163e274000 ---p 00019000 08:01 20845086                   /lib/x86_64-linux-gnu/libz.so.1.2.8
7f163e274000-7f163e275000 r--p 00018000 08:01 20845086                   /lib/x86_64-linux-gnu/libz.so.1.2.8
7f163e275000-7f163e276000 rw-p 00019000 08:01 20845086                   /lib/x86_64-linux-gnu/libz.so.1.2.8
7f163e276000-7f163e27e000 r-xp 00000000 08:01 4465692                    /usr/lib/x86_64-linux-gnu/libpciaccess.so.0.11.1
7f163e27e000-7f163e47e000 ---p 00008000 08:01 4465692                    /usr/lib/x86_64-linux-gnu/libpciaccess.so.0.11.1
7f163e47e000-7f163e47f000 r--p 00008000 08:01 4465692                    /usr/lib/x86_64-linux-gnu/libpciaccess.so.0.11.1
7f163e47f000-7f163e480000 rw-p 00009000 08:01 4465692                    /usr/lib/x86_64-linux-gnu/libpciaccess.so.0.11.1
7f163e480000-7f163e492000 r-xp 00000000 08:01 20844941                   /lib/x86_64-linux-gnu/libgpg-error.so.0.17.0
7f163e492000-7f163e692000 ---p 00012000 08:01 20844941                   /lib/x86_64-linux-gnu/libgpg-error.so.0.17.0
7f163e692000-7f163e693000 r--p 00012000 08:01 20844941                   /lib/x86_64-linux-gnu/libgpg-error.so.0.17.0
7f163e693000-7f163e694000 rw-p 00013000 08:01 20844941                   /lib/x86_64-linux-gnu/libgpg-error.so.0.17.0
7f163e694000-7f163e6aa000 r-xp 00000000 08:01 20844935                   /lib/x86_64-linux-gnu/libgcc_s.so.1
7f163e6aa000-7f163e8a9000 ---p 00016000 08:01 20844935                   /lib/x86_64-linux-gnu/libgcc_s.so.1
7f163e8a9000-7f163e8aa000 rw-p 00015000 08:01 20844935                   /lib/x86_64-linux-gnu/libgcc_s.so.1
7f163e8aa000-7f163ea1c000 r-xp 00000000 08:01 4456659                    /usr/lib/x86_64-linux-gnu/libstdc++.so.6.0.21
7f163ea1c000-7f163ec1c000 ---p 00172000 08:01 4456659                    /usr/lib/x86_64-linux-gnu/libstdc++.so.6.0.21
7f163ec1c000-7f163ec26000 r--p 00172000 08:01 4456659                    /usr/lib/x86_64-linux-gnu/libstdc++.so.6.0.21
7f163ec26000-7f163ec28000 rw-p 0017c000 08:01 4456659                    /usr/lib/x86_64-linux-gnu/libstdc++.so.6.0.21
7f163ec28000-7f163ec2c000 rw-p 00000000 00:00 0 
7f163ec2c000-7f163ec37000 r-xp 00000000 08:01 4460741                    /usr/lib/x86_64-linux-gnu/libdrm_radeon.so.1.0.1
7f163ec37000-7f163ee36000 ---p 0000b000 08:01 4460741                    /usr/lib/x86_64-linux-gnu/libdrm_radeon.so.1.0.1
7f163ee36000-7f163ee37000 r--p 0000a000 08:01 4460741                    /usr/lib/x86_64-linux-gnu/libdrm_radeon.so.1.0.1
7f163ee37000-7f163ee38000 rw-p 0000b000 08:01 4460741                    /usr/lib/x86_64-linux-gnu/libdrm_radeon.so.1.0.1
7f163ee38000-7f163ee3f000 r-xp 00000000 08:01 4460738                    /usr/lib/x86_64-linux-gnu/libdrm_nouveau.so.2.0.0
7f163ee3f000-7f163f03e000 ---p 00007000 08:01 4460738                    /usr/lib/x86_64-linux-gnu/libdrm_nouveau.so.2.0.0
7f163f03e000-7f163f03f000 r--p 00006000 08:01 4460738                    /usr/lib/x86_64-linux-gnu/libdrm_nouveau.so.2.0.0
7f163f03f000-7f163f040000 rw-p 00007000 08:01 4460738                    /usr/lib/x86_64-linux-gnu/libdrm_nouveau.so.2.0.0
7f163f040000-7f163f060000 r-xp 00000000 08:01 4460736                    /usr/lib/x86_64-linux-gnu/libdrm_intel.so.1.0.0
7f163f060000-7f163f25f000 ---p 00020000 08:01 4460736                    /usr/lib/x86_64-linux-gnu/libdrm_intel.so.1.0.0
7f163f25f000-7f163f260000 r--p 0001f000 08:01 4460736                    /usr/lib/x86_64-linux-gnu/libdrm_intel.so.1.0.0
7f163f260000-7f163f261000 rw-p 00020000 08:01 4460736                    /usr/lib/x86_64-linux-gnu/libdrm_intel.so.1.0.0
7f163f261000-7f163f339000 r-xp 00000000 08:01 20840539                   /lib/x86_64-linux-gnu/libgcrypt.so.20.0.5
7f163f339000-7f163f538000 ---p 000d8000 08:01 20840539                   /lib/x86_64-linux-gnu/libgcrypt.so.20.0.5
7f163f538000-7f163f539000 r--p 000d7000 08:01 20840539                   /lib/x86_64-linux-gnu/libgcrypt.so.20.0.5
7f163f539000-7f163f541000 rw-p 000d8000 08:01 20840539                   /lib/x86_64-linux-gnu/libgcrypt.so.20.0.5
7f163f541000-7f163f542000 rw-p 00000000 00:00 0 
7f163f542000-7f163fba2000 r-xp 00000000 08:01 4720017                    /usr/lib/x86_64-linux-gnu/dri/i965_dri.so
7f163fba2000-7f163fda2000 ---p 00660000 08:01 4720017                    /usr/lib/x86_64-linux-gnu/dri/i965_dri.so
7f163fda2000-7f163fde1000 r--p 00660000 08:01 4720017                    /usr/lib/x86_64-linux-gnu/dri/i965_dri.so
7f163fde1000-7f163fde9000 rw-p 0069f000 08:01 4720017                    /usr/lib/x86_64-linux-gnu/dri/i965_dri.so
7f163fde9000-7f163fdf1000 rw-p 00000000 00:00 0 
7f163fdf1000-7f163fdff000 r-xp 00000000 08:01 4460731                    /usr/lib/x86_64-linux-gnu/libdrm.so.2.4.0
7f163fdff000-7f163fffe000 ---p 0000e000 08:01 4460731                    /usr/lib/x86_64-linux-gnu/libdrm.so.2.4.0
7f163fffe000-7f163ffff000 r--p 0000d000 08:01 4460731                    /usr/lib/x86_64-linux-gnu/libdrm.so.2.4.0
7f163ffff000-7f1640000000 rw-p 0000e000 08:01 4460731                    /usr/lib/x86_64-linux-gnu/libdrm.so.2.4.0
7f1640000000-7f1640021000 rw-p 00000000 00:00 0 
7f1640021000-7f1644000000 ---p 00000000 00:00 0 
7f16440a1000-7f16440a5000 r-xp 00000000 08:01 4466048                    /usr/lib/x86_64-linux-gnu/libxcb-dri2.so.0.0.0
7f16440a5000-7f16442a4000 ---p 00004000 08:01 4466048                    /usr/lib/x86_64-linux-gnu/libxcb-dri2.so.0.0.0
7f16442a4000-7f16442a5000 r--p 00003000 08:01 4466048                    /usr/lib/x86_64-linux-gnu/libxcb-dri2.so.0.0.0
7f16442a5000-7f16442a6000 rw-p 00004000 08:01 4466048                    /usr/lib/x86_64-linux-gnu/libxcb-dri2.so.0.0.0
7f16442a6000-7f16442bd000 r-xp 00000000 08:01 4466052                    /usr/lib/x86_64-linux-gnu/libxcb-glx.so.0.0.0
7f16442bd000-7f16444bc000 ---p 00017000 08:01 4466052                    /usr/lib/x86_64-linux-gnu/libxcb-glx.so.0.0.0
7f16444bc000-7f16444be000 r--p 00016000 08:01 4466052                    /usr/lib/x86_64-linux-gnu/libxcb-glx.so.0.0.0
7f16444be000-7f16444bf000 rw-p 00018000 08:01 4466052                    /usr/lib/x86_64-linux-gnu/libxcb-glx.so.0.0.0
7f16444bf000-7f16444c1000 r-xp 00000000 08:01 4464744                    /usr/lib/x86_64-linux-gnu/libXdamage.so.1.1.0
7f16444c1000-7f16446c0000 ---p 00002000 08:01 4464744                    /usr/lib/x86_64-linux-gnu/libXdamage.so.1.1.0
7f16446c0000-7f16446c1000 r--p 00001000 08:01 4464744                    /usr/lib/x86_64-linux-gnu/libXdamage.so.1.1.0
7f16446c1000-7f16446c2000 rw-p 00002000 08:01 4464744                    /usr/lib/x86_64-linux-gnu/libXdamage.so.1.1.0
7f16446c2000-7f16446eb000 r-xp 00000000 08:01 4465189                    /usr/lib/x86_64-linux-gnu/libglapi.so.0.0.0
7f16446eb000-7f16448eb000 ---p 00029000 08:01 4465189                    /usr/lib/x86_64-linux-gnu/libglapi.so.0.0.0
7f16448eb000-7f16448ef000 r--p 00029000 08:01 4465189                    /usr/lib/x86_64-linux-gnu/libglapi.so.0.0.0
7f16448ef000-7f16448f0000 rw-p 0002d000 08:01 4465189                    /usr/lib/x86_64-linux-gnu/libglapi.so.0.0.0
7f16448f0000-7f16448f1000 rw-p 00000000 00:00 0 
7f16448f1000-7f16448f2000 r-xp 00000000 08:01 4466096                    /usr/lib/x86_64-linux-gnu/libxshmfence.so.1.0.0
7f16448f2000-7f1644af2000 ---p 00001000 08:01 4466096                    /usr/lib/x86_64-linux-gnu/libxshmfence.so.1.0.0
7f1644af2000-7f1644af3000 r--p 00001000 08:01 4466096                    /usr/lib/x86_64-linux-gnu/libxshmfence.so.1.0.0
7f1644af3000-7f1644af4000 rw-p 00002000 08:01 4466096                    /usr/lib/x86_64-linux-gnu/libxshmfence.so.1.0.0
7f1644af4000-7f1644af9000 r-xp 00000000 08:01 4466072                    /usr/lib/x86_64-linux-gnu/libxcb-sync.so.1.0.0
7f1644af9000-7f1644cf9000 ---p 00005000 08:01 4466072                    /usr/lib/x86_64-linux-gnu/libxcb-sync.so.1.0.0
7f1644cf9000-7f1644cfa000 r--p 00005000 08:01 4466072                    /usr/lib/x86_64-linux-gnu/libxcb-sync.so.1.0.0
7f1644cfa000-7f1644cfb000 rw-p 00006000 08:01 4466072                    /usr/lib/x86_64-linux-gnu/libxcb-sync.so.1.0.0
7f1644cfb000-7f1644cfd000 r-xp 00000000 08:01 4466060                    /usr/lib/x86_64-linux-gnu/libxcb-present.so.0.0.0
7f1644cfd000-7f1644efc000 ---p 00002000 08:01 4466060                    /usr/lib/x86_64-linux-gnu/libxcb-present.so.0.0.0
7f1644efc000-7f1644efd000 r--p 00001000 08:01 4466060                    /usr/lib/x86_64-linux-gnu/libxcb-present.so.0.0.0
7f1644efd000-7f1644efe000 rw-p 00002000 08:01 4466060                    /usr/lib/x86_64-linux-gnu/libxcb-present.so.0.0.0
7f1644efe000-7f1644f00000 r-xp 00000000 08:01 4466050                    /usr/lib/x86_64-linux-gnu/libxcb-dri3.so.0.0.0
7f1644f00000-7f16450ff000 ---p 00002000 08:01 4466050                    /usr/lib/x86_64-linux-gnu/libxcb-dri3.so.0.0.0
7f16450ff000-7f1645100000 r--p 00001000 08:01 4466050                    /usr/lib/x86_64-linux-gnu/libxcb-dri3.so.0.0.0
7f1645100000-7f1645101000 rw-p 00002000 08:01 4466050                    /usr/lib/x86_64-linux-gnu/libxcb-dri3.so.0.0.0
7f1645101000-7f1645127000 r-xp 00000000 08:01 20840649                   /lib/x86_64-linux-gnu/libexpat.so.1.6.0
7f1645127000-7f1645327000 ---p 00026000 08:01 20840649                   /lib/x86_64-linux-gnu/libexpat.so.1.6.0
7f1645327000-7f1645329000 r--p 00026000 08:01 20840649                   /lib/x86_64-linux-gnu/libexpat.so.1.6.0
7f1645329000-7f164532a000 rw-p 00028000 08:01 20840649                   /lib/x86_64-linux-gnu/libexpat.so.1.6.0
7f164532a000-7f164539a000 r-xp 00000000 08:01 4721893                    /usr/lib/x86_64-linux-gnu/mesa/libGL.so.1.2.0
7f164539a000-7f1645599000 ---p 00070000 08:01 4721893                    /usr/lib/x86_64-linux-gnu/mesa/libGL.so.1.2.0
7f1645599000-7f164559c000 r--p 0006f000 08:01 4721893                    /usr/lib/x86_64-linux-gnu/mesa/libGL.so.1.2.0
7f164559c000-7f164559d000 rw-p 00072000 08:01 4721893                    /usr/lib/x86_64-linux-gnu/mesa/libGL.so.1.2.0
7f164559d000-7f164559e000 rw-p 00000000 00:00 0 
7f164559e000-7f164559f000 r-xp 00000000 08:01 4464729                    /usr/lib/x86_64-linux-gnu/libX11-xcb.so.1.0.0
7f164559f000-7f164579e000 ---p 00001000 08:01 4464729                    /usr/lib/x86_64-linux-gnu/libX11-xcb.so.1.0.0
7f164579e000-7f164579f000 r--p 00000000 08:01 4464729                    /usr/lib/x86_64-linux-gnu/libX11-xcb.so.1.0.0
7f164579f000-7f16457a0000 rw-p 00001000 08:01 4464729                    /usr/lib/x86_64-linux-gnu/libX11-xcb.so.1.0.0
7f16457a0000-7f16457a2000 r-xp 00000000 08:01 4464758                    /usr/lib/x86_64-linux-gnu/libXinerama.so.1.0.0
7f16457a2000-7f16459a1000 ---p 00002000 08:01 4464758                    /usr/lib/x86_64-linux-gnu/libXinerama.so.1.0.0
7f16459a1000-7f16459a2000 r--p 00001000 08:01 4464758                    /usr/lib/x86_64-linux-gnu/libXinerama.so.1.0.0
7f16459a2000-7f16459a3000 rw-p 00002000 08:01 4464758                    /usr/lib/x86_64-linux-gnu/libXinerama.so.1.0.0
7f16459a3000-7f16459a8000 r-xp 00000000 08:01 4464750                    /usr/lib/x86_64-linux-gnu/libXfixes.so.3.1.0
7f16459a8000-7f1645ba7000 ---p 00005000 08:01 4464750                    /usr/lib/x86_64-linux-gnu/libXfixes.so.3.1.0
7f1645ba7000-7f1645ba8000 r--p 00004000 08:01 4464750                    /usr/lib/x86_64-linux-gnu/libXfixes.so.3.1.0
7f1645ba8000-7f1645ba9000 rw-p 00005000 08:01 4464750                    /usr/lib/x86_64-linux-gnu/libXfixes.so.3.1.0
7f1645ba9000-7f1645bb2000 r-xp 00000000 08:01 4464742                    /usr/lib/x86_64-linux-gnu/libXcursor.so.1.0.2
7f1645bb2000-7f1645db1000 ---p 00009000 08:01 4464742                    /usr/lib/x86_64-linux-gnu/libXcursor.so.1.0.2
7f1645db1000-7f1645db2000 r--p 00008000 08:01 4464742                    /usr/lib/x86_64-linux-gnu/libXcursor.so.1.0.2
7f1645db2000-7f1645db3000 rw-p 00009000 08:01 4464742                    /usr/lib/x86_64-linux-gnu/libXcursor.so.1.0.2
7f1645db3000-7f1645dbc000 r-xp 00000000 08:01 4464768                    /usr/lib/x86_64-linux-gnu/libXrender.so.1.3.0
7f1645dbc000-7f1645fbb000 ---p 00009000 08:01 4464768                    /usr/lib/x86_64-linux-gnu/libXrender.so.1.3.0
7f1645fbb000-7f1645fbc000 r--p 00008000 08:01 4464768                    /usr/lib/x86_64-linux-gnu/libXrender.so.1.3.0
7f1645fbc000-7f1645fbd000 rw-p 00009000 08:01 4464768                    /usr/lib/x86_64-linux-gnu/libXrender.so.1.3.0
7f1645fbd000-7f1645fc7000 r-xp 00000000 08:01 4464766                    /usr/lib/x86_64-linux-gnu/libXrandr.so.2.2.0
7f1645fc7000-7f16461c6000 ---p 0000a000 08:01 4464766                    /usr/lib/x86_64-linux-gnu/libXrandr.so.2.2.0
7f16461c6000-7f16461c7000 r--p 00009000 08:01 4464766                    /usr/lib/x86_64-linux-gnu/libXrandr.so.2.2.0
7f16461c7000-7f16461c8000 rw-p 0000a000 08:01 4464766                    /usr/lib/x86_64-linux-gnu/libXrandr.so.2.2.0
7f16461c8000-7f16461d7000 r-xp 00000000 08:01 4464756                    /usr/lib/x86_64-linux-gnu/libXi.so.6.1.0
7f16461d7000-7f16463d6000 ---p 0000f000 08:01 4464756                    /usr/lib/x86_64-linux-gnu/libXi.so.6.1.0
7f16463d6000-7f16463d7000 r--p 0000e000 08:01 4464756                    /usr/lib/x86_64-linux-gnu/libXi.so.6.1.0
7f16463d7000-7f16463d8000 rw-p 0000f000 08:01 4464756                    /usr/lib/x86_64-linux-gnu/libXi.so.6.1.0
7f16463d8000-7f16463e9000 r-xp 00000000 08:01 4464748                    /usr/lib/x86_64-linux-gnu/libXext.so.6.4.0
7f16463e9000-7f16465e8000 ---p 00011000 08:01 4464748                    /usr/lib/x86_64-linux-gnu/libXext.so.6.4.0
7f16465e8000-7f16465e9000 r--p 00010000 08:01 4464748                    /usr/lib/x86_64-linux-gnu/libXext.so.6.4.0
7f16465e9000-7f16465ea000 rw-p 00011000 08:01 4464748                    /usr/lib/x86_64-linux-gnu/libXext.so.6.4.0
7f16465ea000-7f16465ef000 r-xp 00000000 08:01 4464784                    /usr/lib/x86_64-linux-gnu/libXxf86vm.so.1.0.0
7f16465ef000-7f16467ee000 ---p 00005000 08:01 4464784                    /usr/lib/x86_64-linux-gnu/libXxf86vm.so.1.0.0
7f16467ee000-7f16467ef000 r--p 00004000 08:01 4464784                    /usr/lib/x86_64-linux-gnu/libXxf86vm.so.1.0.0
7f16467ef000-7f16467f0000 rw-p 00005000 08:01 4464784                    /usr/lib/x86_64-linux-gnu/libXxf86vm.so.1.0.0
7f16467f0000-7f16467f5000 r-xp 00000000 08:01 4464746                    /usr/lib/x86_64-linux-gnu/libXdmcp.so.6.0.0
7f16467f5000-7f16469f4000 ---p 00005000 08:01 4464746                    /usr/lib/x86_64-linux-gnu/libXdmcp.so.6.0.0
7f16469f4000-7f16469f5000 r--p 00004000 08:01 4464746                    /usr/lib/x86_64-linux-gnu/libXdmcp.so.6.0.0
7f16469f5000-7f16469f6000 rw-p 00005000 08:01 4464746                    /usr/lib/x86_64-linux-gnu/libXdmcp.so.6.0.0
7f16469f6000-7f16469f8000 r-xp 00000000 08:01 4464735                    /usr/lib/x86_64-linux-gnu/libXau.so.6.0.0
7f16469f8000-7f1646bf8000 ---p 00002000 08:01 4464735                    /usr/lib/x86_64-linux-gnu/libXau.so.6.0.0
7f1646bf8000-7f1646bf9000 r--p 00002000 08:01 4464735                    /usr/lib/x86_64-linux-gnu/libXau.so.6.0.0
7f1646bf9000-7f1646bfa000 rw-p 00003000 08:01 4464735                    /usr/lib/x86_64-linux-gnu/libXau.so.6.0.0
7f1646bfa000-7f1646c1b000 r-xp 00000000 08:01 4466084                    /usr/lib/x86_64-linux-gnu/libxcb.so.1.1.0
7f1646c1b000-7f1646e1a000 ---p 00021000 08:01 4466084                    /usr/lib/x86_64-linux-gnu/libxcb.so.1.1.0
7f1646e1a000-7f1646e1b000 r--p 00020000 08:01 4466084                    /usr/lib/x86_64-linux-gnu/libxcb.so.1.1.0
7f1646e1b000-7f1646e1c000 rw-p 00021000 08:01 4466084                    /usr/lib/x86_64-linux-gnu/libxcb.so.1.1.0
7f1646e1c000-7f1646f51000 r-xp 00000000 08:01 4464731                    /usr/lib/x86_64-linux-gnu/libX11.so.6.3.0
7f1646f51000-7f1647151000 ---p 00135000 08:01 4464731                    /usr/lib/x86_64-linux-gnu/libX11.so.6.3.0
7f1647151000-7f1647152000 r--p 00135000 08:01 4464731                    /usr/lib/x86_64-linux-gnu/libX11.so.6.3.0
7f1647152000-7f1647156000 rw-p 00136000 08:01 4464731                    /usr/lib/x86_64-linux-gnu/libX11.so.6.3.0
7f1647156000-7f1647184000 r-xp 00000000 08:01 24395425                   /tmp/lwjglmichael1337/3.1.3-SNAPSHOT/libglfw.so
7f1647184000-7f1647384000 ---p 0002e000 08:01 24395425                   /tmp/lwjglmichael1337/3.1.3-SNAPSHOT/libglfw.so
7f1647384000-7f1647385000 r--p 0002e000 08:01 24395425                   /tmp/lwjglmichael1337/3.1.3-SNAPSHOT/libglfw.so
7f1647385000-7f1647386000 rw-p 0002f000 08:01 24395425                   /tmp/lwjglmichael1337/3.1.3-SNAPSHOT/libglfw.so
7f1647386000-7f16473a7000 rw-p 00000000 00:00 0 
7f16473a7000-7f1647ba7000 rw-p 00000000 00:00 0 
7f1647ba7000-7f1647beb000 r-xp 00000000 08:01 24395424                   /tmp/lwjglmichael1337/3.1.3-SNAPSHOT/libjemalloc.so
7f1647beb000-7f1647deb000 ---p 00044000 08:01 24395424                   /tmp/lwjglmichael1337/3.1.3-SNAPSHOT/libjemalloc.so
7f1647deb000-7f1647df0000 r--p 00044000 08:01 24395424                   /tmp/lwjglmichael1337/3.1.3-SNAPSHOT/libjemalloc.so
7f1647df0000-7f1647df1000 rw-p 00049000 08:01 24395424                   /tmp/lwjglmichael1337/3.1.3-SNAPSHOT/libjemalloc.so
7f1647df1000-7f1648000000 rw-p 00000000 00:00 0 
7f1648000000-7f16481f6000 rw-p 00000000 00:00 0 
7f16481f6000-7f164c000000 ---p 00000000 00:00 0 
7f164c000000-7f164c021000 rw-p 00000000 00:00 0 
7f164c021000-7f1650000000 ---p 00000000 00:00 0 
7f1650000000-7f165017d000 rw-p 00000000 00:00 0 
7f165017d000-7f1654000000 ---p 00000000 00:00 0 
7f1654000000-7f16540ed000 rw-p 00000000 00:00 0 
7f16540ed000-7f1658000000 ---p 00000000 00:00 0 
7f1658000000-7f1658021000 rw-p 00000000 00:00 0 
7f1658021000-7f165c000000 ---p 00000000 00:00 0 
7f165c000000-7f165c021000 rw-p 00000000 00:00 0 
7f165c021000-7f1660000000 ---p 00000000 00:00 0 
7f1660000000-7f1660021000 rw-p 00000000 00:00 0 
7f1660021000-7f1664000000 ---p 00000000 00:00 0 
7f1664000000-7f1664021000 rw-p 00000000 00:00 0 
7f1664021000-7f1668000000 ---p 00000000 00:00 0 
7f1668000000-7f1668021000 rw-p 00000000 00:00 0 
7f1668021000-7f166c000000 ---p 00000000 00:00 0 
7f166c07b000-7f166c099000 r-xp 00000000 08:01 20840462                   /lib/x86_64-linux-gnu/libudev.so.1.6.4
7f166c099000-7f166c09a000 r--p 0001d000 08:01 20840462                   /lib/x86_64-linux-gnu/libudev.so.1.6.4
7f166c09a000-7f166c09b000 rw-p 0001e000 08:01 20840462                   /lib/x86_64-linux-gnu/libudev.so.1.6.4
7f166c09b000-7f166c0ec000 r-xp 00000000 08:01 24395423                   /tmp/lwjglmichael1337/3.1.3-SNAPSHOT/liblwjgl.so
7f166c0ec000-7f166c2eb000 ---p 00051000 08:01 24395423                   /tmp/lwjglmichael1337/3.1.3-SNAPSHOT/liblwjgl.so
7f166c2eb000-7f166c2ec000 r--p 00050000 08:01 24395423                   /tmp/lwjglmichael1337/3.1.3-SNAPSHOT/liblwjgl.so
7f166c2ec000-7f166c2ed000 rw-p 00051000 08:01 24395423                   /tmp/lwjglmichael1337/3.1.3-SNAPSHOT/liblwjgl.so
7f166c2ed000-7f166c2fe000 r-xp 00000000 08:01 24119418                   /home/michael1337/Programs/jdk/jdk1.8.0_121/jre/lib/amd64/libnio.so
7f166c2fe000-7f166c4fd000 ---p 00011000 08:01 24119418                   /home/michael1337/Programs/jdk/jdk1.8.0_121/jre/lib/amd64/libnio.so
7f166c4fd000-7f166c4fe000 rw-p 00010000 08:01 24119418                   /home/michael1337/Programs/jdk/jdk1.8.0_121/jre/lib/amd64/libnio.so
7f166c4fe000-7f166c4ff000 ---p 00000000 00:00 0 
7f166c4ff000-7f166c5ff000 rw-p 00000000 00:00 0 
7f166c5ff000-7f166c602000 ---p 00000000 00:00 0 
7f166c602000-7f1674000000 rw-p 00000000 00:00 0 
7f1674000000-7f1674021000 rw-p 00000000 00:00 0 
7f1674021000-7f1678000000 ---p 00000000 00:00 0 
7f1678000000-7f1678021000 rw-p 00000000 00:00 0 
7f1678021000-7f167c000000 ---p 00000000 00:00 0 
7f167c000000-7f167c021000 rw-p 00000000 00:00 0 
7f167c021000-7f1680000000 ---p 00000000 00:00 0 
7f1680000000-7f1680021000 rw-p 00000000 00:00 0 
7f1680021000-7f1684000000 ---p 00000000 00:00 0 
7f1684016000-7f1684017000 rwxp 00000000 00:00 0 
7f1684017000-7f1684018000 r-xp 00000000 00:00 0 
7f1684018000-7f1684020000 rw-s 00000000 00:05 286321                     /drm mm object (deleted)
7f1684020000-7f1684021000 rw-s 111960000 00:06 356                       /dev/dri/card0
7f1684021000-7f1684029000 rw-s 00000000 00:05 286311                     /drm mm object (deleted)
7f1684029000-7f1684030000 r--s 00000000 08:01 4730312                    /usr/lib/x86_64-linux-gnu/gconv/gconv-modules.cache
7f1684030000-7f1684031000 r-xp 00000000 00:00 0 
7f1684031000-7f1684332000 rw-p 00000000 00:00 0 
7f1684332000-7f1684348000 r-xp 00000000 08:01 24119393                   /home/michael1337/Programs/jdk/jdk1.8.0_121/jre/lib/amd64/libnet.so
7f1684348000-7f1684548000 ---p 00016000 08:01 24119393                   /home/michael1337/Programs/jdk/jdk1.8.0_121/jre/lib/amd64/libnet.so
7f1684548000-7f1684549000 rw-p 00016000 08:01 24119393                   /home/michael1337/Programs/jdk/jdk1.8.0_121/jre/lib/amd64/libnet.so
7f1684549000-7f168454c000 ---p 00000000 00:00 0 
7f168454c000-7f168464a000 rw-p 00000000 00:00 0 
7f168464a000-7f168464d000 ---p 00000000 00:00 0 
7f168464d000-7f168474b000 rw-p 00000000 00:00 0 
7f168474b000-7f168474e000 ---p 00000000 00:00 0 
7f168474e000-7f168484c000 rw-p 00000000 00:00 0 
7f168484c000-7f168484f000 ---p 00000000 00:00 0 
7f168484f000-7f168494d000 rw-p 00000000 00:00 0 
7f168494d000-7f1684950000 r--s 00019000 08:01 24250996                   /home/michael1337/Programs/intellij/idea-IU-171.3780.107/lib/idea_rt.jar
7f1684950000-7f1684951000 r--s 0001f000 08:01 23211538                   /home/michael1337/Documents/Neolithic/game/lwjgl-release-3.1.3-openGl/lwjgl-jemalloc-natives-linux.jar
7f1684951000-7f1684952000 r--s 00016000 08:01 23211549                   /home/michael1337/Documents/Neolithic/game/lwjgl-release-3.1.3-openGl/lwjgl-opengl-natives-linux.jar
7f1684952000-7f1684953000 r--s 00077000 08:01 23211537                   /home/michael1337/Documents/Neolithic/game/lwjgl-release-3.1.3-openGl/lwjgl-openal-natives-linux.jar
7f1684953000-7f1684954000 r--s 00011000 08:01 23211534                   /home/michael1337/Documents/Neolithic/game/lwjgl-release-3.1.3-openGl/lwjgl-glfw-natives-linux.jar
7f1684954000-7f1684955000 r--s 00030000 08:01 23211550                   /home/michael1337/Documents/Neolithic/game/lwjgl-release-3.1.3-openGl/lwjgl-stb-natives-linux.jar
7f1684955000-7f1684957000 r--s 00006000 08:01 23211511                   /home/michael1337/Documents/Neolithic/game/lwjgl-release-3.1.3-openGl/lwjgl-jemalloc-sources.jar
7f1684957000-7f168495a000 r--s 0006d000 08:01 23211510                   /home/michael1337/Documents/Neolithic/game/lwjgl-release-3.1.3-openGl/lwjgl-jemalloc-javadoc.jar
7f168495a000-7f1684964000 r--s 0013e000 08:01 23211540                   /home/michael1337/Documents/Neolithic/game/lwjgl-release-3.1.3-openGl/lwjgl-vulkan-sources.jar
7f1684964000-7f1684976000 r--s 00410000 08:01 23211543                   /home/michael1337/Documents/Neolithic/game/lwjgl-release-3.1.3-openGl/lwjgl-vulkan-javadoc.jar
7f1684976000-7f1684980000 r--s 000f9000 08:01 23211533                   /home/michael1337/Documents/Neolithic/game/lwjgl-release-3.1.3-openGl/lwjgl-opengl-sources.jar
7f1684980000-7f168498b000 r--s 002c3000 08:01 23211530                   /home/michael1337/Documents/Neolithic/game/lwjgl-release-3.1.3-openGl/lwjgl-opengl-javadoc.jar
7f168498b000-7f168498d000 r--s 00011000 08:01 23211524                   /home/michael1337/Documents/Neolithic/game/lwjgl-release-3.1.3-openGl/lwjgl-openal-sources.jar
7f168498d000-7f1684990000 r--s 0008e000 08:01 23211522                   /home/michael1337/Documents/Neolithic/game/lwjgl-release-3.1.3-openGl/lwjgl-openal-javadoc.jar
7f1684990000-7f1684991000 r--s 00012000 08:01 23211551                   /home/michael1337/Documents/Neolithic/game/lwjgl-release-3.1.3-openGl/lwjgl-natives-linux.jar
7f1684991000-7f1684993000 r--s 00014000 08:01 23210983                   /home/michael1337/Documents/Neolithic/game/lwjgl-release-3.1.3-openGl/lwjgl-glfw-sources.jar
7f1684993000-7f1684996000 r--s 0009b000 08:01 23210995                   /home/michael1337/Documents/Neolithic/game/lwjgl-release-3.1.3-openGl/lwjgl-glfw-javadoc.jar
7f1684996000-7f1684998000 r--s 00014000 08:01 23211544                   /home/michael1337/Documents/Neolithic/game/lwjgl-release-3.1.3-openGl/lwjgl-stb-sources.jar
7f1684998000-7f168499b000 r--s 00094000 08:01 23211535                   /home/michael1337/Documents/Neolithic/game/lwjgl-release-3.1.3-openGl/lwjgl-stb-javadoc.jar
7f168499b000-7f16849a0000 r--s 00110000 08:01 23211546                   /home/michael1337/Documents/Neolithic/game/lwjgl-release-3.1.3-openGl/lwjgl-javadoc.jar
7f16849a0000-7f16849b2000 r--s 00139000 08:01 23211541                   /home/michael1337/Documents/Neolithic/game/lwjgl-release-3.1.3-openGl/lwjgl-vulkan.jar
7f16849b2000-7f16849bc000 r--s 000be000 08:01 23211531                   /home/michael1337/Documents/Neolithic/game/lwjgl-release-3.1.3-openGl/lwjgl-opengl.jar
7f16849bc000-7f1684a2c000 r--s 00643000 08:01 24250986                   /home/michael1337/Programs/intellij/idea-IU-171.3780.107/lib/groovy-all-2.4.6.jar
7f1684a2c000-7f1684a2f000 ---p 00000000 00:00 0 
7f1684a2f000-7f1684b2d000 rw-p 00000000 00:00 0 
7f1684b2d000-7f1684e06000 r--p 00000000 08:01 4460227                    /usr/lib/locale/locale-archive
7f1684e06000-7f1684e09000 ---p 00000000 00:00 0 
7f1684e09000-7f1684f07000 rw-p 00000000 00:00 0 
7f1684f07000-7f1684f0a000 ---p 00000000 00:00 0 
7f1684f0a000-7f1685008000 rw-p 00000000 00:00 0 
7f1685008000-7f1685009000 ---p 00000000 00:00 0 
7f1685009000-7f1686067000 rw-p 00000000 00:00 0 
7f1686067000-7f1686240000 r--s 03d3e000 08:01 24119385                   /home/michael1337/Programs/jdk/jdk1.8.0_121/jre/lib/rt.jar
7f1686240000-7f16869b6000 rw-p 00000000 00:00 0 
7f16869b6000-7f1686ab6000 ---p 00000000 00:00 0 
7f1686ab6000-7f1687246000 rw-p 00000000 00:00 0 
7f1687246000-7f1687247000 ---p 00000000 00:00 0 
7f1687247000-7f1687347000 rw-p 00000000 00:00 0 
7f1687347000-7f1687348000 ---p 00000000 00:00 0 
7f1687348000-7f1687448000 rw-p 00000000 00:00 0 
7f1687448000-7f1687449000 ---p 00000000 00:00 0 
7f1687449000-7f168759a000 rw-p 00000000 00:00 0 
7f168759a000-7f1687a54000 ---p 00000000 00:00 0 
7f1687a54000-7f1687aa5000 rw-p 00000000 00:00 0 
7f1687aa5000-7f1687f5e000 ---p 00000000 00:00 0 
7f1687f5e000-7f1687f87000 rw-p 00000000 00:00 0 
7f1687f87000-7f16881e4000 ---p 00000000 00:00 0 
7f16881e4000-7f16881ef000 rw-p 00000000 00:00 0 
7f16881ef000-7f16885a5000 ---p 00000000 00:00 0 
7f16885a5000-7f1688825000 rwxp 00000000 00:00 0 
7f1688825000-7f16975a5000 ---p 00000000 00:00 0 
7f16975a5000-7f16975bf000 r-xp 00000000 08:01 24119416                   /home/michael1337/Programs/jdk/jdk1.8.0_121/jre/lib/amd64/libzip.so
7f16975bf000-7f16977bf000 ---p 0001a000 08:01 24119416                   /home/michael1337/Programs/jdk/jdk1.8.0_121/jre/lib/amd64/libzip.so
7f16977bf000-7f16977c0000 rw-p 0001a000 08:01 24119416                   /home/michael1337/Programs/jdk/jdk1.8.0_121/jre/lib/amd64/libzip.so
7f16977c0000-7f16977cb000 r-xp 00000000 08:01 20840618                   /lib/x86_64-linux-gnu/libnss_files-2.23.so
7f16977cb000-7f16979ca000 ---p 0000b000 08:01 20840618                   /lib/x86_64-linux-gnu/libnss_files-2.23.so
7f16979ca000-7f16979cb000 r--p 0000a000 08:01 20840618                   /lib/x86_64-linux-gnu/libnss_files-2.23.so
7f16979cb000-7f16979cc000 rw-p 0000b000 08:01 20840618                   /lib/x86_64-linux-gnu/libnss_files-2.23.so
7f16979cc000-7f16979d2000 rw-p 00000000 00:00 0 
7f16979d2000-7f16979dd000 r-xp 00000000 08:01 20840621                   /lib/x86_64-linux-gnu/libnss_nis-2.23.so
7f16979dd000-7f1697bdc000 ---p 0000b000 08:01 20840621                   /lib/x86_64-linux-gnu/libnss_nis-2.23.so
7f1697bdc000-7f1697bdd000 r--p 0000a000 08:01 20840621                   /lib/x86_64-linux-gnu/libnss_nis-2.23.so
7f1697bdd000-7f1697bde000 rw-p 0000b000 08:01 20840621                   /lib/x86_64-linux-gnu/libnss_nis-2.23.so
7f1697bde000-7f1697bf4000 r-xp 00000000 08:01 20840531                   /lib/x86_64-linux-gnu/libnsl-2.23.so
7f1697bf4000-7f1697df3000 ---p 00016000 08:01 20840531                   /lib/x86_64-linux-gnu/libnsl-2.23.so
7f1697df3000-7f1697df4000 r--p 00015000 08:01 20840531                   /lib/x86_64-linux-gnu/libnsl-2.23.so
7f1697df4000-7f1697df5000 rw-p 00016000 08:01 20840531                   /lib/x86_64-linux-gnu/libnsl-2.23.so
7f1697df5000-7f1697df7000 rw-p 00000000 00:00 0 
7f1697df7000-7f1697dff000 r-xp 00000000 08:01 20840627                   /lib/x86_64-linux-gnu/libnss_compat-2.23.so
7f1697dff000-7f1697ffe000 ---p 00008000 08:01 20840627                   /lib/x86_64-linux-gnu/libnss_compat-2.23.so
7f1697ffe000-7f1697fff000 r--p 00007000 08:01 20840627                   /lib/x86_64-linux-gnu/libnss_compat-2.23.so
7f1697fff000-7f1698000000 rw-p 00008000 08:01 20840627                   /lib/x86_64-linux-gnu/libnss_compat-2.23.so
7f1698000000-7f1698905000 rw-p 00000000 00:00 0 
7f1698905000-7f169c000000 ---p 00000000 00:00 0 
7f169c000000-7f169c003000 r--s 00036000 08:01 23211547                   /home/michael1337/Documents/Neolithic/game/lwjgl-release-3.1.3-openGl/lwjgl-sources.jar
7f169c003000-7f169c016000 r--s 00345000 08:01 24119617                   /home/michael1337/Programs/jdk/jdk1.8.0_121/jre/lib/resources.jar
7f169c016000-7f169c028000 r--s 000d6000 08:01 24119616                   /home/michael1337/Programs/jdk/jdk1.8.0_121/jre/lib/plugin.jar
7f169c028000-7f169c029000 ---p 00000000 00:00 0 
7f169c029000-7f169c129000 rw-p 00000000 00:00 0 
7f169c129000-7f169c133000 r-xp 00000000 08:01 24119454                   /home/michael1337/Programs/jdk/jdk1.8.0_121/jre/lib/amd64/libinstrument.so
7f169c133000-7f169c332000 ---p 0000a000 08:01 24119454                   /home/michael1337/Programs/jdk/jdk1.8.0_121/jre/lib/amd64/libinstrument.so
7f169c332000-7f169c333000 rw-p 00009000 08:01 24119454                   /home/michael1337/Programs/jdk/jdk1.8.0_121/jre/lib/amd64/libinstrument.so
7f169c333000-7f169c35e000 r-xp 00000000 08:01 24119443                   /home/michael1337/Programs/jdk/jdk1.8.0_121/jre/lib/amd64/libjava.so
7f169c35e000-7f169c55d000 ---p 0002b000 08:01 24119443                   /home/michael1337/Programs/jdk/jdk1.8.0_121/jre/lib/amd64/libjava.so
7f169c55d000-7f169c55f000 rw-p 0002a000 08:01 24119443                   /home/michael1337/Programs/jdk/jdk1.8.0_121/jre/lib/amd64/libjava.so
7f169c55f000-7f169c56c000 r-xp 00000000 08:01 24119394                   /home/michael1337/Programs/jdk/jdk1.8.0_121/jre/lib/amd64/libverify.so
7f169c56c000-7f169c76b000 ---p 0000d000 08:01 24119394                   /home/michael1337/Programs/jdk/jdk1.8.0_121/jre/lib/amd64/libverify.so
7f169c76b000-7f169c76d000 rw-p 0000c000 08:01 24119394                   /home/michael1337/Programs/jdk/jdk1.8.0_121/jre/lib/amd64/libverify.so
7f169c76d000-7f169c774000 r-xp 00000000 08:01 20840623                   /lib/x86_64-linux-gnu/librt-2.23.so
7f169c774000-7f169c973000 ---p 00007000 08:01 20840623                   /lib/x86_64-linux-gnu/librt-2.23.so
7f169c973000-7f169c974000 r--p 00006000 08:01 20840623                   /lib/x86_64-linux-gnu/librt-2.23.so
7f169c974000-7f169c975000 rw-p 00007000 08:01 20840623                   /lib/x86_64-linux-gnu/librt-2.23.so
7f169c975000-7f169ca7d000 r-xp 00000000 08:01 20840632                   /lib/x86_64-linux-gnu/libm-2.23.so
7f169ca7d000-7f169cc7c000 ---p 00108000 08:01 20840632                   /lib/x86_64-linux-gnu/libm-2.23.so
7f169cc7c000-7f169cc7d000 r--p 00107000 08:01 20840632                   /lib/x86_64-linux-gnu/libm-2.23.so
7f169cc7d000-7f169cc7e000 rw-p 00108000 08:01 20840632                   /lib/x86_64-linux-gnu/libm-2.23.so
7f169cc7e000-7f169d94c000 r-xp 00000000 08:01 24119447                   /home/michael1337/Programs/jdk/jdk1.8.0_121/jre/lib/amd64/server/libjvm.so
7f169d94c000-7f169db4c000 ---p 00cce000 08:01 24119447                   /home/michael1337/Programs/jdk/jdk1.8.0_121/jre/lib/amd64/server/libjvm.so
7f169db4c000-7f169dc25000 rw-p 00cce000 08:01 24119447                   /home/michael1337/Programs/jdk/jdk1.8.0_121/jre/lib/amd64/server/libjvm.so
7f169dc25000-7f169dc70000 rw-p 00000000 00:00 0 
7f169dc70000-7f169de30000 r-xp 00000000 08:01 20840637                   /lib/x86_64-linux-gnu/libc-2.23.so
7f169de30000-7f169e030000 ---p 001c0000 08:01 20840637                   /lib/x86_64-linux-gnu/libc-2.23.so
7f169e030000-7f169e034000 r--p 001c0000 08:01 20840637                   /lib/x86_64-linux-gnu/libc-2.23.so
7f169e034000-7f169e036000 rw-p 001c4000 08:01 20840637                   /lib/x86_64-linux-gnu/libc-2.23.so
7f169e036000-7f169e03a000 rw-p 00000000 00:00 0 
7f169e03a000-7f169e03d000 r-xp 00000000 08:01 20840626                   /lib/x86_64-linux-gnu/libdl-2.23.so
7f169e03d000-7f169e23c000 ---p 00003000 08:01 20840626                   /lib/x86_64-linux-gnu/libdl-2.23.so
7f169e23c000-7f169e23d000 r--p 00002000 08:01 20840626                   /lib/x86_64-linux-gnu/libdl-2.23.so
7f169e23d000-7f169e23e000 rw-p 00003000 08:01 20840626                   /lib/x86_64-linux-gnu/libdl-2.23.so
7f169e23e000-7f169e253000 r-xp 00000000 08:01 24118528                   /home/michael1337/Programs/jdk/jdk1.8.0_121/lib/amd64/jli/libjli.so
7f169e253000-7f169e453000 ---p 00015000 08:01 24118528                   /home/michael1337/Programs/jdk/jdk1.8.0_121/lib/amd64/jli/libjli.so
7f169e453000-7f169e454000 rw-p 00015000 08:01 24118528                   /home/michael1337/Programs/jdk/jdk1.8.0_121/lib/amd64/jli/libjli.so
7f169e454000-7f169e46c000 r-xp 00000000 08:01 20840620                   /lib/x86_64-linux-gnu/libpthread-2.23.so
7f169e46c000-7f169e66b000 ---p 00018000 08:01 20840620                   /lib/x86_64-linux-gnu/libpthread-2.23.so
7f169e66b000-7f169e66c000 r--p 00017000 08:01 20840620                   /lib/x86_64-linux-gnu/libpthread-2.23.so
7f169e66c000-7f169e66d000 rw-p 00018000 08:01 20840620                   /lib/x86_64-linux-gnu/libpthread-2.23.so
7f169e66d000-7f169e671000 rw-p 00000000 00:00 0 
7f169e671000-7f169e697000 r-xp 00000000 08:01 20840547                   /lib/x86_64-linux-gnu/ld-2.23.so
7f169e697000-7f169e699000 r--s 00008000 08:01 23211520                   /home/michael1337/Documents/Neolithic/game/lwjgl-release-3.1.3-openGl/lwjgl-jemalloc.jar
7f169e699000-7f169e69b000 r--s 00011000 08:01 23211523                   /home/michael1337/Documents/Neolithic/game/lwjgl-release-3.1.3-openGl/lwjgl-openal.jar
7f169e69b000-7f169e69f000 r--s 00017000 08:01 23211509                   /home/michael1337/Documents/Neolithic/game/lwjgl-release-3.1.3-openGl/lwjgl-glfw.jar
7f169e69f000-7f169e6a1000 r--s 00015000 08:01 23211542                   /home/michael1337/Documents/Neolithic/game/lwjgl-release-3.1.3-openGl/lwjgl-stb.jar
7f169e6a1000-7f169e6a5000 r--s 00042000 08:01 23211548                   /home/michael1337/Documents/Neolithic/game/lwjgl-release-3.1.3-openGl/lwjgl.jar
7f169e6a5000-7f169e6a6000 r--s 00000000 08:01 24119464                   /home/michael1337/Programs/jdk/jdk1.8.0_121/jre/lib/management-agent.jar
7f169e6a6000-7f169e6aa000 r--s 0009a000 08:01 24119337                   /home/michael1337/Programs/jdk/jdk1.8.0_121/jre/lib/jsse.jar
7f169e6aa000-7f169e6c5000 r--s 00209000 08:01 24119501                   /home/michael1337/Programs/jdk/jdk1.8.0_121/jre/lib/deploy.jar
7f169e6c5000-7f169e76c000 rw-p 00000000 00:00 0 
7f169e76c000-7f169e76f000 ---p 00000000 00:00 0 
7f169e76f000-7f169e871000 rw-p 00000000 00:00 0 
7f169e871000-7f169e873000 r--s 00007000 08:01 24119458                   /home/michael1337/Programs/jdk/jdk1.8.0_121/jre/lib/jfxswt.jar
7f169e873000-7f169e878000 r--s 00084000 08:01 24119492                   /home/michael1337/Programs/jdk/jdk1.8.0_121/jre/lib/jfr.jar
7f169e878000-7f169e87b000 r--s 0001a000 08:01 24119647                   /home/michael1337/Programs/jdk/jdk1.8.0_121/jre/lib/jce.jar
7f169e87b000-7f169e885000 r--s 0006c000 08:01 24119500                   /home/michael1337/Programs/jdk/jdk1.8.0_121/jre/lib/javaws.jar
7f169e885000-7f169e88a000 r--s 002f9000 08:01 24119338                   /home/michael1337/Programs/jdk/jdk1.8.0_121/jre/lib/charsets.jar
7f169e88a000-7f169e892000 rw-s 00000000 08:01 24395420                   /tmp/hsperfdata_michael1337/8136
7f169e892000-7f169e893000 rw-p 00000000 00:00 0 
7f169e893000-7f169e894000 r--p 00000000 00:00 0 
7f169e894000-7f169e896000 rw-p 00000000 00:00 0 
7f169e896000-7f169e897000 r--p 00025000 08:01 20840547                   /lib/x86_64-linux-gnu/ld-2.23.so
7f169e897000-7f169e898000 rw-p 00026000 08:01 20840547                   /lib/x86_64-linux-gnu/ld-2.23.so
7f169e898000-7f169e899000 rw-p 00000000 00:00 0 
7ffc1efef000-7ffc1f011000 rw-p 00000000 00:00 0                          [stack]
7ffc1f0ad000-7ffc1f0af000 r--p 00000000 00:00 0                          [vvar]
7ffc1f0af000-7ffc1f0b1000 r-xp 00000000 00:00 0                          [vdso]
ffffffffff600000-ffffffffff601000 r-xp 00000000 00:00 0                  [vsyscall]

VM Arguments:
jvm_args: -javaagent:/home/michael1337/Programs/intellij/idea-IU-171.3780.107/lib/idea_rt.jar=32910:/home/michael1337/Programs/intellij/idea-IU-171.3780.107/bin -Dfile.encoding=UTF-8 
java_command: LWJGLStart
java_class_path (initial): /home/michael1337/Programs/jdk/jdk1.8.0_121/jre/lib/charsets.jar:/home/michael1337/Programs/jdk/jdk1.8.0_121/jre/lib/deploy.jar:/home/michael1337/Programs/jdk/jdk1.8.0_121/jre/lib/ext/cldrdata.jar:/home/michael1337/Programs/jdk/jdk1.8.0_121/jre/lib/ext/dnsns.jar:/home/michael1337/Programs/jdk/jdk1.8.0_121/jre/lib/ext/jaccess.jar:/home/michael1337/Programs/jdk/jdk1.8.0_121/jre/lib/ext/jfxrt.jar:/home/michael1337/Programs/jdk/jdk1.8.0_121/jre/lib/ext/localedata.jar:/home/michael1337/Programs/jdk/jdk1.8.0_121/jre/lib/ext/nashorn.jar:/home/michael1337/Programs/jdk/jdk1.8.0_121/jre/lib/ext/sunec.jar:/home/michael1337/Programs/jdk/jdk1.8.0_121/jre/lib/ext/sunjce_provider.jar:/home/michael1337/Programs/jdk/jdk1.8.0_121/jre/lib/ext/sunpkcs11.jar:/home/michael1337/Programs/jdk/jdk1.8.0_121/jre/lib/ext/zipfs.jar:/home/michael1337/Programs/jdk/jdk1.8.0_121/jre/lib/javaws.jar:/home/michael1337/Programs/jdk/jdk1.8.0_121/jre/lib/jce.jar:/home/michael1337/Programs/jdk/jdk1.8.0_121/jre/lib/jfr.jar:/home/michael1337/Programs/jdk/jdk1.8.0_121/jre/lib/jfxswt.jar:/home/michael1337/Programs/jdk/jdk1.8.0_121/jre/lib/jsse.jar:/home/michael1337/Programs/jdk/jdk1.8.0_121/jre/lib/management-agent.jar:/home/michael1337/Programs/jdk/jdk1.8.0_121/jre/lib/plugin.jar:/home/michael1337/Programs/jdk/jdk1.8.0_121/jre/lib/resources.jar:/home/michael1337/Programs/jdk/jdk1.8.0_121/jre/lib/rt.jar:/home/michael1337/Documents/Neolithic/game/out/production/game:/home/michael1337/Programs/intellij/idea-IU-171.3780.107/lib/groovy-all-2.4.6.jar:/home/michael1337/Documents/Neolithic/game/lwjgl-release-3.1.3-openGl/lwjgl.jar:/home/michael1337/Documents/Neolithic/game/lwjgl-release-3.1.3-openGl/lwjgl-stb.jar:/home/michael1337/Documents/Neolithic/game/lwjgl-release-3.1.3-openGl/lwjgl-glfw.jar:/home/michael1337/Documents/Neolithic/game/lwjgl-release-3.1.3-openGl/lwjgl-openal.jar:/home/michael1337/Documents/Neolithic/game/lwjgl-release-3.1.3-openGl/lwjgl-opengl.jar:/home/michael1337/Doc
Launcher Type: SUN_STANDARD

Environment Variables:
JAVA_HOME=/home/michael1337/Programs/jdk/jdk1.8.0_121
PATH=/home/michael1337/anaconda3/bin:/home/michael1337/bin:/home/michael1337/.local/bin:/usr/local/sbin:/usr/local/bin:/usr/sbin:/usr/bin:/sbin:/bin:/usr/games:/usr/local/games:/snap/bin:/home/michael1337/Programs/jdk/jdk1.8.0_121
USERNAME=michael1337
LD_LIBRARY_PATH=/home/michael1337/Programs/intellij/idea-IU-171.3780.107/bin:
SHELL=/bin/bash
DISPLAY=:1

Signal Handlers:
SIGSEGV: [libjvm.so+0xac78c0], sa_mask[0]=11111111011111111101111111111110, sa_flags=SA_RESTART|SA_SIGINFO
SIGBUS: [libjvm.so+0xac78c0], sa_mask[0]=11111111011111111101111111111110, sa_flags=SA_RESTART|SA_SIGINFO
SIGFPE: [libjvm.so+0x920ac0], sa_mask[0]=11111111011111111101111111111110, sa_flags=SA_RESTART|SA_SIGINFO
SIGPIPE: [libjvm.so+0x920ac0], sa_mask[0]=11111111011111111101111111111110, sa_flags=SA_RESTART|SA_SIGINFO
SIGXFSZ: [libjvm.so+0x920ac0], sa_mask[0]=11111111011111111101111111111110, sa_flags=SA_RESTART|SA_SIGINFO
SIGILL: [libjvm.so+0x920ac0], sa_mask[0]=11111111011111111101111111111110, sa_flags=SA_RESTART|SA_SIGINFO
SIGUSR1: SIG_DFL, sa_mask[0]=00000000000000000000000000000000, sa_flags=none
SIGUSR2: [libjvm.so+0x922300], sa_mask[0]=00100000000000000000000000000000, sa_flags=SA_RESTART|SA_SIGINFO
SIGHUP: [libjvm.so+0x923700], sa_mask[0]=11111111011111111101111111111110, sa_flags=SA_RESTART|SA_SIGINFO
SIGINT: [libjvm.so+0x923700], sa_mask[0]=11111111011111111101111111111110, sa_flags=SA_RESTART|SA_SIGINFO
SIGTERM: [libjvm.so+0x923700], sa_mask[0]=11111111011111111101111111111110, sa_flags=SA_RESTART|SA_SIGINFO
SIGQUIT: [libjvm.so+0x923700], sa_mask[0]=11111111011111111101111111111110, sa_flags=SA_RESTART|SA_SIGINFO


---------------  S Y S T E M  ---------------

OS:DISTRIB_ID=Ubuntu
DISTRIB_RELEASE=16.04
DISTRIB_CODENAME=xenial
DISTRIB_DESCRIPTION="Ubuntu 16.04.1 LTS"

uname:Linux 4.4.0-98-generic #121-Ubuntu SMP Tue Oct 10 14:24:03 UTC 2017 x86_64
libc:glibc 2.23 NPTL 2.23 
rlimit: STACK 8192k, CORE 0k, NPROC 61768, NOFILE 65536, AS infinity
load average:0,97 0,52 0,39

/proc/meminfo:
MemTotal:       15852136 kB
MemFree:         9737236 kB
MemAvailable:   11539508 kB
Buffers:          131720 kB
Cached:          2274084 kB
SwapCached:            0 kB
Active:          4592840 kB
Inactive:        1240008 kB
Active(anon):    3431856 kB
Inactive(anon):   408392 kB
Active(file):    1160984 kB
Inactive(file):   831616 kB
Unevictable:          32 kB
Mlocked:              32 kB
SwapTotal:      16189436 kB
SwapFree:       16189436 kB
Dirty:             11892 kB
Writeback:             0 kB
AnonPages:       3429700 kB
Mapped:           498632 kB
Shmem:            412916 kB
Slab:             161296 kB
SReclaimable:     123312 kB
SUnreclaim:        37984 kB
KernelStack:       11328 kB
PageTables:        41000 kB
NFS_Unstable:          0 kB
Bounce:                0 kB
WritebackTmp:          0 kB
CommitLimit:    24115504 kB
Committed_AS:    8226876 kB
VmallocTotal:   34359738367 kB
VmallocUsed:           0 kB
VmallocChunk:          0 kB
HardwareCorrupted:     0 kB
AnonHugePages:   1859584 kB
CmaTotal:              0 kB
CmaFree:               0 kB
HugePages_Total:       0
HugePages_Free:        0
HugePages_Rsvd:        0
HugePages_Surp:        0
Hugepagesize:       2048 kB
DirectMap4k:      128708 kB
DirectMap2M:     5576704 kB
DirectMap1G:    10485760 kB


CPU:total 4 (2 cores per cpu, 2 threads per core) family 6 model 78 stepping 3, cmov, cx8, fxsr, mmx, sse, sse2, sse3, ssse3, sse4.1, sse4.2, popcnt, avx, avx2, aes, clmul, erms, 3dnowpref, lzcnt, ht, tsc, tscinvbit, bmi1, bmi2, adx

/proc/cpuinfo:
processor	: 0
vendor_id	: GenuineIntel
cpu family	: 6
model		: 78
model name	: Intel(R) Core(TM) i7-6500U CPU @ 2.50GHz
stepping	: 3
microcode	: 0x9e
cpu MHz		: 2799.976
cache size	: 4096 KB
physical id	: 0
siblings	: 4
core id		: 0
cpu cores	: 2
apicid		: 0
initial apicid	: 0
fpu		: yes
fpu_exception	: yes
cpuid level	: 22
wp		: yes
flags		: fpu vme de pse tsc msr pae mce cx8 apic sep mtrr pge mca cmov pat pse36 clflush dts acpi mmx fxsr sse sse2 ss ht tm pbe syscall nx pdpe1gb rdtscp lm constant_tsc art arch_perfmon pebs bts rep_good nopl xtopology nonstop_tsc aperfmperf eagerfpu pni pclmulqdq dtes64 monitor ds_cpl vmx est tm2 ssse3 sdbg fma cx16 xtpr pdcm pcid sse4_1 sse4_2 x2apic movbe popcnt tsc_deadline_timer aes xsave avx f16c rdrand lahf_lm abm 3dnowprefetch epb intel_pt tpr_shadow vnmi flexpriority ept vpid fsgsbase tsc_adjust bmi1 avx2 smep bmi2 erms invpcid mpx rdseed adx smap clflushopt xsaveopt xsavec xgetbv1 dtherm ida arat pln pts hwp hwp_notify hwp_act_window hwp_epp
bugs		:
bogomips	: 5184.47
clflush size	: 64
cache_alignment	: 64
address sizes	: 39 bits physical, 48 bits virtual
power management:

processor	: 1
vendor_id	: GenuineIntel
cpu family	: 6
model		: 78
model name	: Intel(R) Core(TM) i7-6500U CPU @ 2.50GHz
stepping	: 3
microcode	: 0x9e
cpu MHz		: 2799.976
cache size	: 4096 KB
physical id	: 0
siblings	: 4
core id		: 1
cpu cores	: 2
apicid		: 2
initial apicid	: 2
fpu		: yes
fpu_exception	: yes
cpuid level	: 22
wp		: yes
flags		: fpu vme de pse tsc msr pae mce cx8 apic sep mtrr pge mca cmov pat pse36 clflush dts acpi mmx fxsr sse sse2 ss ht tm pbe syscall nx pdpe1gb rdtscp lm constant_tsc art arch_perfmon pebs bts rep_good nopl xtopology nonstop_tsc aperfmperf eagerfpu pni pclmulqdq dtes64 monitor ds_cpl vmx est tm2 ssse3 sdbg fma cx16 xtpr pdcm pcid sse4_1 sse4_2 x2apic movbe popcnt tsc_deadline_timer aes xsave avx f16c rdrand lahf_lm abm 3dnowprefetch epb intel_pt tpr_shadow vnmi flexpriority ept vpid fsgsbase tsc_adjust bmi1 avx2 smep bmi2 erms invpcid mpx rdseed adx smap clflushopt xsaveopt xsavec xgetbv1 dtherm ida arat pln pts hwp hwp_notify hwp_act_window hwp_epp
bugs		:
bogomips	: 5184.47
clflush size	: 64
cache_alignment	: 64
address sizes	: 39 bits physical, 48 bits virtual
power management:

processor	: 2
vendor_id	: GenuineIntel
cpu family	: 6
model		: 78
model name	: Intel(R) Core(TM) i7-6500U CPU @ 2.50GHz
stepping	: 3
microcode	: 0x9e
cpu MHz		: 2799.976
cache size	: 4096 KB
physical id	: 0
siblings	: 4
core id		: 0
cpu cores	: 2
apicid		: 1
initial apicid	: 1
fpu		: yes
fpu_exception	: yes
cpuid level	: 22
wp		: yes
flags		: fpu vme de pse tsc msr pae mce cx8 apic sep mtrr pge mca cmov pat pse36 clflush dts acpi mmx fxsr sse sse2 ss ht tm pbe syscall nx pdpe1gb rdtscp lm constant_tsc art arch_perfmon pebs bts rep_good nopl xtopology nonstop_tsc aperfmperf eagerfpu pni pclmulqdq dtes64 monitor ds_cpl vmx est tm2 ssse3 sdbg fma cx16 xtpr pdcm pcid sse4_1 sse4_2 x2apic movbe popcnt tsc_deadline_timer aes xsave avx f16c rdrand lahf_lm abm 3dnowprefetch epb intel_pt tpr_shadow vnmi flexpriority ept vpid fsgsbase tsc_adjust bmi1 avx2 smep bmi2 erms invpcid mpx rdseed adx smap clflushopt xsaveopt xsavec xgetbv1 dtherm ida arat pln pts hwp hwp_notify hwp_act_window hwp_epp
bugs		:
bogomips	: 5184.47
clflush size	: 64
cache_alignment	: 64
address sizes	: 39 bits physical, 48 bits virtual
power management:

processor	: 3
vendor_id	: GenuineIntel
cpu family	: 6
model		: 78
model name	: Intel(R) Core(TM) i7-6500U CPU @ 2.50GHz
stepping	: 3
microcode	: 0x9e
cpu MHz		: 2799.976
cache size	: 4096 KB
physical id	: 0
siblings	: 4
core id		: 1
cpu cores	: 2
apicid		: 3
initial apicid	: 3
fpu		: yes
fpu_exception	: yes
cpuid level	: 22
wp		: yes
flags		: fpu vme de pse tsc msr pae mce cx8 apic sep mtrr pge mca cmov pat pse36 clflush dts acpi mmx fxsr sse sse2 ss ht tm pbe syscall nx pdpe1gb rdtscp lm constant_tsc art arch_perfmon pebs bts rep_good nopl xtopology nonstop_tsc aperfmperf eagerfpu pni pclmulqdq dtes64 monitor ds_cpl vmx est tm2 ssse3 sdbg fma cx16 xtpr pdcm pcid sse4_1 sse4_2 x2apic movbe popcnt tsc_deadline_timer aes xsave avx f16c rdrand lahf_lm abm 3dnowprefetch epb intel_pt tpr_shadow vnmi flexpriority ept vpid fsgsbase tsc_adjust bmi1 avx2 smep bmi2 erms invpcid mpx rdseed adx smap clflushopt xsaveopt xsavec xgetbv1 dtherm ida arat pln pts hwp hwp_notify hwp_act_window hwp_epp
bugs		:
bogomips	: 5184.47
clflush size	: 64
cache_alignment	: 64
address sizes	: 39 bits physical, 48 bits virtual
power management:



Memory: 4k page, physical 15852136k(9737236k free), swap 16189436k(16189436k free)

vm_info: Java HotSpot(TM) 64-Bit Server VM (25.121-b13) for linux-amd64 JRE (1.8.0_121-b13), built on Dec 12 2016 16:36:53 by "java_re" with gcc 4.3.0 20080428 (Red Hat 4.3.0-8)

time: Tue Nov  7 12:10:41 2017
elapsed time: 0 seconds (0d 0h 0m 0s)

