#
# A fatal error has been detected by the Java Runtime Environment:
#
#  SIGSEGV (0xb) at pc=0x00007f0e509706ec, pid=31854, tid=0x00007f0ea209e700
#
# JRE version: Java(TM) SE Runtime Environment (8.0_121-b13) (build 1.8.0_121-b13)
# Java VM: Java HotSpot(TM) 64-Bit Server VM (25.121-b13 mixed mode linux-amd64 compressed oops)
# Problematic frame:
# C  [liblwjgl_opengl.so+0x446ec]  Java_org_lwjgl_opengl_GL30_nglGenVertexArrays__IJ+0xc
#
# Failed to write core dump. Core dumps have been disabled. To enable core dumping, try "ulimit -c unlimited" before starting Java again
#
# If you would like to submit a bug report, please visit:
#   http://bugreport.java.com/bugreport/crash.jsp
# The crash happened outside the Java Virtual Machine in native code.
# See problematic frame for where to report the bug.
#

---------------  T H R E A D  ---------------

Current thread (0x00007f0e9c00d000):  JavaThread "main" [_thread_in_native, id=31856, stack(0x00007f0ea1f9e000,0x00007f0ea209f000)]

siginfo: si_signo: 11 (SIGSEGV), si_code: 1 (SEGV_MAPERR), si_addr: 0x0000000000000f70

Registers:
RAX=0x0000000000000000, RBX=0x00007f0e825aa680, RCX=0x00007f0e9c4bea1c, RDX=0x0000000000000001
RSP=0x00007f0ea209d5b8, RBP=0x00007f0ea209d618, RSI=0x00007f0e9c4bea1c, RDI=0x0000000000000001
R8 =0x0000000000000000, R9 =0x0000000000000004, R10=0x00007f0e8bd70a08, R11=0x00007f0ea0e79ea0
R12=0x0000000000000000, R13=0x00007f0e825aa680, R14=0x00007f0ea209d648, R15=0x00007f0e9c00d000
RIP=0x00007f0e509706ec, EFLAGS=0x0000000000010283, CSGSFS=0x0000000000000033, ERR=0x0000000000000004
  TRAPNO=0x000000000000000e

Top of Stack: (sp=0x00007f0ea209d5b8)
0x00007f0ea209d5b8:   00007f0e8bd70a34 00007f0ea209d618
0x00007f0ea209d5c8:   00007f0e8bd707c7 00007f0e8bd70782
0x00007f0ea209d5d8:   00007f0ea209d5d8 00007f0e825aa680
0x00007f0ea209d5e8:   00007f0ea209d648 00007f0e825b32a8
0x00007f0ea209d5f8:   0000000000000000 00007f0e825aa680
0x00007f0ea209d608:   0000000000000000 00007f0ea209d638
0x00007f0ea209d618:   00007f0ea209d690 00007f0e8bd612bd
0x00007f0ea209d628:   0000000770175910 00007f0e8bd6a538
0x00007f0ea209d638:   00007f0e9c4bea1c 00000007706d1448
0x00007f0ea209d648:   0000000000000001 00007f0ea209d650
0x00007f0ea209d658:   00007f0e825aa7f4 00007f0ea209d6c0
0x00007f0ea209d668:   00007f0e825b32a8 0000000000000000
0x00007f0ea209d678:   00007f0e825aa860 00007f0ea209d638
0x00007f0ea209d688:   00007f0ea209d6c8 00007f0ea209d710
0x00007f0ea209d698:   00007f0e8bd60d00 0000000000000000
0x00007f0ea209d6a8:   0000000000000000 00000007706d1448
0x00007f0ea209d6b8:   0000000000010000 0000000770609e20
0x00007f0ea209d6c8:   0000000770121708 00007f0ea209d6d0
0x00007f0ea209d6d8:   00007f0e8259a14a 00007f0ea209d740
0x00007f0ea209d6e8:   00007f0e8259b190 0000000000000000
0x00007f0ea209d6f8:   00007f0e8259a1c8 00007f0ea209d6c8
0x00007f0ea209d708:   00007f0ea209d720 00007f0ea209d790
0x00007f0ea209d718:   00007f0e8bd612bd 0000000770136c20
0x00007f0ea209d728:   0000000770130fd0 000000077012e260
0x00007f0ea209d738:   0000000770125448 0000000770121708
0x00007f0ea209d748:   0000000770121708 00007f0ea209d750
0x00007f0ea209d758:   00007f0e82594b71 00007f0ea209d810
0x00007f0ea209d768:   00007f0e82594db8 0000000000000000
0x00007f0ea209d778:   00007f0e82594cb0 00007f0ea209d720
0x00007f0ea209d788:   00007f0ea209d810 00007f0ea209d860
0x00007f0ea209d798:   00007f0e8bd61040 00000007700f85c0
0x00007f0ea209d7a8:   0000000700000003 00000007700f82f0 

Instructions: (pc=0x00007f0e509706ec)
0x00007f0e509706cc:   78 1c 00 00 ff e0 66 66 66 66 66 2e 0f 1f 84 00
0x00007f0e509706dc:   00 00 00 00 48 8b 07 48 89 ce 89 d7 48 8b 40 18
0x00007f0e509706ec:   48 8b 80 70 0f 00 00 ff e0 66 66 2e 0f 1f 84 00
0x00007f0e509706fc:   00 00 00 00 48 8b 07 48 89 ce 89 d7 48 8b 40 18 

Register to memory mapping:

RAX=0x0000000000000000 is an unknown value
RBX={method} {0x00007f0e825aa680} 'nglGenVertexArrays' '(IJ)V' in 'org/lwjgl/opengl/GL30'
RCX=0x00007f0e9c4bea1c is an unknown value
RDX=0x0000000000000001 is an unknown value
RSP=0x00007f0ea209d5b8 is pointing into the stack for thread: 0x00007f0e9c00d000
RBP=0x00007f0ea209d618 is pointing into the stack for thread: 0x00007f0e9c00d000
RSI=0x00007f0e9c4bea1c is an unknown value
RDI=0x0000000000000001 is an unknown value
R8 =0x0000000000000000 is an unknown value
R9 =0x0000000000000004 is an unknown value
R10=0x00007f0e8bd70a08 is at code_begin+808 in an Interpreter codelet
method entry point (kind = native)  [0x00007f0e8bd706e0, 0x00007f0e8bd70fe0]  2304 bytes
R11=0x00007f0ea0e79ea0: <offset 0x9c3ea0> in /home/michael1337/Programs/jdk/jdk1.8.0_121/jre/lib/amd64/server/libjvm.so at 0x00007f0ea04b6000
R12=0x0000000000000000 is an unknown value
R13={method} {0x00007f0e825aa680} 'nglGenVertexArrays' '(IJ)V' in 'org/lwjgl/opengl/GL30'
R14=0x00007f0ea209d648 is pointing into the stack for thread: 0x00007f0e9c00d000
R15=0x00007f0e9c00d000 is a thread


Stack: [0x00007f0ea1f9e000,0x00007f0ea209f000],  sp=0x00007f0ea209d5b8,  free space=1021k
Native frames: (J=compiled Java code, j=interpreted, Vv=VM code, C=native code)
C  [liblwjgl_opengl.so+0x446ec]  Java_org_lwjgl_opengl_GL30_nglGenVertexArrays__IJ+0xc
j  org.lwjgl.opengl.GL30.glGenVertexArrays()I+20
j  engine.graphics.objects.models.Mesh.<init>([F[I[F[F)V+58
j  load.OBJLoader.loadMesh(Ljava/lang/String;)Lengine/graphics/objects/models/Mesh;+625
j  engine.graphics.objects.MeshHub.loadMesh()V+5
j  engine.data.proto.Data.load()V+32
j  engine.Engine.loadData()V+15
j  tests.parser.ParserTest.main([Ljava/lang/String;)V+3
v  ~StubRoutines::call_stub
V  [libjvm.so+0x690dd6]  JavaCalls::call_helper(JavaValue*, methodHandle*, JavaCallArguments*, Thread*)+0x1056
V  [libjvm.so+0x6d21e2]  jni_invoke_static(JNIEnv_*, JavaValue*, _jobject*, JNICallType, _jmethodID*, JNI_ArgumentPusher*, Thread*)+0x362
V  [libjvm.so+0x6eea4a]  jni_CallStaticVoidMethod+0x17a
C  [libjli.so+0x7bdf]  JavaMain+0x81f
C  [libpthread.so.0+0x76ba]  start_thread+0xca

Java frames: (J=compiled Java code, j=interpreted, Vv=VM code)
j  org.lwjgl.opengl.GL30.nglGenVertexArrays(IJ)V+0
j  org.lwjgl.opengl.GL30.glGenVertexArrays()I+20
j  engine.graphics.objects.models.Mesh.<init>([F[I[F[F)V+58
j  load.OBJLoader.loadMesh(Ljava/lang/String;)Lengine/graphics/objects/models/Mesh;+625
j  engine.graphics.objects.MeshHub.loadMesh()V+5
j  engine.data.proto.Data.load()V+32
j  engine.Engine.loadData()V+15
j  tests.parser.ParserTest.main([Ljava/lang/String;)V+3
v  ~StubRoutines::call_stub

---------------  P R O C E S S  ---------------

Java Threads: ( => current thread )
  0x00007f0e9c3c5800 JavaThread "Service Thread" daemon [_thread_blocked, id=31882, stack(0x00007f0e801f1000,0x00007f0e802f2000)]
  0x00007f0e9c3c2000 JavaThread "C1 CompilerThread2" daemon [_thread_blocked, id=31881, stack(0x00007f0e80509000,0x00007f0e8060a000)]
  0x00007f0e9c3c0000 JavaThread "C2 CompilerThread1" daemon [_thread_blocked, id=31880, stack(0x00007f0e8060a000,0x00007f0e8070b000)]
  0x00007f0e9c3be000 JavaThread "C2 CompilerThread0" daemon [_thread_blocked, id=31879, stack(0x00007f0e8070b000,0x00007f0e8080c000)]
  0x00007f0e9c3bc800 JavaThread "Monitor Ctrl-Break" daemon [_thread_in_native, id=31878, stack(0x00007f0e8080c000,0x00007f0e8090d000)]
  0x00007f0e9c180000 JavaThread "Signal Dispatcher" daemon [_thread_blocked, id=31877, stack(0x00007f0e80956000,0x00007f0e80a57000)]
  0x00007f0e9c14e800 JavaThread "Finalizer" daemon [_thread_blocked, id=31870, stack(0x00007f0e80d30000,0x00007f0e80e31000)]
  0x00007f0e9c14a000 JavaThread "Reference Handler" daemon [_thread_blocked, id=31869, stack(0x00007f0e80e31000,0x00007f0e80f32000)]
=>0x00007f0e9c00d000 JavaThread "main" [_thread_in_native, id=31856, stack(0x00007f0ea1f9e000,0x00007f0ea209f000)]

Other Threads:
  0x00007f0e9c142800 VMThread [stack: 0x00007f0e80f32000,0x00007f0e81033000] [id=31867]
  0x00007f0e9c3ca800 WatcherThread [stack: 0x00007f0e800f0000,0x00007f0e801f1000] [id=31883]

VM state:not at safepoint (normal execution)

VM Mutex/Monitor currently owned by a thread: None

Heap:
 PSYoungGen      total 72192K, used 18616K [0x000000076f580000, 0x0000000774600000, 0x00000007c0000000)
  eden space 61952K, 30% used [0x000000076f580000,0x00000007707ae180,0x0000000773200000)
  from space 10240K, 0% used [0x0000000773c00000,0x0000000773c00000,0x0000000774600000)
  to   space 10240K, 0% used [0x0000000773200000,0x0000000773200000,0x0000000773c00000)
 ParOldGen       total 165376K, used 0K [0x00000006ce000000, 0x00000006d8180000, 0x000000076f580000)
  object space 165376K, 0% used [0x00000006ce000000,0x00000006ce000000,0x00000006d8180000)
 Metaspace       used 5870K, capacity 6082K, committed 6144K, reserved 1056768K
  class space    used 661K, capacity 735K, committed 768K, reserved 1048576K

Card table byte_map: [0x00007f0e8b208000,0x00007f0e8b999000] byte_map_base: 0x00007f0e87b98000

Marking Bits: (ParMarkBitMap*) 0x00007f0ea147ac80
 Begin Bits: [0x00007f0e830fa000, 0x00007f0e86d7a000)
 End Bits:   [0x00007f0e86d7a000, 0x00007f0e8a9fa000)

Polling page: 0x00007f0ea20cd000

CodeCache: size=245760Kb used=2277Kb max_used=2287Kb free=243482Kb
 bounds [0x00007f0e8bd59000, 0x00007f0e8bfc9000, 0x00007f0e9ad59000]
 total_blobs=859 nmethods=533 adapters=240
 compilation: enabled

Compilation events (10 events):
Event: 0,852 Thread 0x00007f0e9c3c2000 nmethod 532 0x00007f0e8bf8dd90 code [0x00007f0e8bf8df20, 0x00007f0e8bf8e2e8]
Event: 0,852 Thread 0x00007f0e9c3c2000  530   !   3       java.lang.StringCoding$StringEncoder::encode (179 bytes)
Event: 0,855 Thread 0x00007f0e9c3c2000 nmethod 530 0x00007f0e8bf8e450 code [0x00007f0e8bf8e7c0, 0x00007f0e8bf90478]
Event: 0,855 Thread 0x00007f0e9c3c2000  531       3       java.lang.StringCoding::access$300 (8 bytes)
Event: 0,855 Thread 0x00007f0e9c3c2000 nmethod 531 0x00007f0e8bf91650 code [0x00007f0e8bf91800, 0x00007f0e8bf91d28]
Event: 0,855 Thread 0x00007f0e9c3c2000  526       1       sun.misc.URLClassPath$JarLoader::access$700 (5 bytes)
Event: 0,855 Thread 0x00007f0e9c3c2000 nmethod 526 0x00007f0e8bf91f90 code [0x00007f0e8bf920e0, 0x00007f0e8bf921d0]
Event: 0,855 Thread 0x00007f0e9c3c0000  534       4       java.util.concurrent.ConcurrentHashMap::tabAt (21 bytes)
Event: 0,856 Thread 0x00007f0e9c3c0000 nmethod 534 0x00007f0e8bf94e90 code [0x00007f0e8bf94fc0, 0x00007f0e8bf95018]
Event: 0,856 Thread 0x00007f0e9c3c0000  535       4       java.util.HashMap::getNode (148 bytes)

GC Heap History (0 events):
No events

Deoptimization events (2 events):
Event: 0,638 Thread 0x00007f0e9c00d000 Uncommon trap: reason=class_check action=maybe_recompile pc=0x00007f0e8beeff54 method=java.util.AbstractCollection.toArray([Ljava/lang/Object;)[Ljava/lang/Object; @ 1
Event: 0,718 Thread 0x00007f0e9c00d000 Uncommon trap: reason=unstable_if action=reinterpret pc=0x00007f0e8bedb6e8 method=java.lang.CharacterDataLatin1.digit(II)I @ 31

Internal exceptions (10 events):
Event: 0,066 Thread 0x00007f0e9c00d000 Exception <a 'java/lang/NoSuchMethodError': Method sun.misc.Unsafe.defineClass(Ljava/lang/String;[BII)Ljava/lang/Class; name or signature does not match> (0x000000076f587ca8) thrown at [/HUDSON3/workspace/8-2-build-linux-amd64/jdk8u121/8372/hotspot/src/sh
Event: 0,066 Thread 0x00007f0e9c00d000 Exception <a 'java/lang/NoSuchMethodError': Method sun.misc.Unsafe.prefetchRead(Ljava/lang/Object;J)V name or signature does not match> (0x000000076f587f90) thrown at [/HUDSON3/workspace/8-2-build-linux-amd64/jdk8u121/8372/hotspot/src/share/vm/prims/jni.c
Event: 0,620 Thread 0x00007f0e9c00d000 Exception <a 'java/lang/NoSuchFieldError': method resolution failed> (0x0000000770333ed0) thrown at [/HUDSON3/workspace/8-2-build-linux-amd64/jdk8u121/8372/hotspot/src/share/vm/prims/methodHandles.cpp, line 1146]
Event: 0,633 Thread 0x00007f0e9c00d000 Exception <a 'java/lang/NoSuchFieldError': method resolution failed> (0x0000000770341ce8) thrown at [/HUDSON3/workspace/8-2-build-linux-amd64/jdk8u121/8372/hotspot/src/share/vm/prims/methodHandles.cpp, line 1146]
Event: 0,734 Thread 0x00007f0e9c00d000 Exception <a 'java/lang/NoSuchMethodError': java.lang.Object.lambda$static$0(Ljava/lang/String;)Ljava/lang/Boolean;> (0x00000007704ab3b8) thrown at [/HUDSON3/workspace/8-2-build-linux-amd64/jdk8u121/8372/hotspot/src/share/vm/interpreter/linkResolver.cpp, 
Event: 0,753 Thread 0x00007f0e9c00d000 Exception <a 'java/security/PrivilegedActionException'> (0x00000007704fe9a8) thrown at [/HUDSON3/workspace/8-2-build-linux-amd64/jdk8u121/8372/hotspot/src/share/vm/prims/jvm.cpp, line 1390]
Event: 0,753 Thread 0x00007f0e9c00d000 Exception <a 'java/security/PrivilegedActionException'> (0x00000007704febb8) thrown at [/HUDSON3/workspace/8-2-build-linux-amd64/jdk8u121/8372/hotspot/src/share/vm/prims/jvm.cpp, line 1390]
Event: 0,754 Thread 0x00007f0e9c00d000 Exception <a 'java/security/PrivilegedActionException'> (0x00000007705016b8) thrown at [/HUDSON3/workspace/8-2-build-linux-amd64/jdk8u121/8372/hotspot/src/share/vm/prims/jvm.cpp, line 1390]
Event: 0,754 Thread 0x00007f0e9c00d000 Exception <a 'java/security/PrivilegedActionException'> (0x00000007705018c8) thrown at [/HUDSON3/workspace/8-2-build-linux-amd64/jdk8u121/8372/hotspot/src/share/vm/prims/jvm.cpp, line 1390]
Event: 0,826 Thread 0x00007f0e9c00d000 Exception <a 'sun/nio/fs/UnixException'> (0x00000007705b85f0) thrown at [/HUDSON3/workspace/8-2-build-linux-amd64/jdk8u121/8372/hotspot/src/share/vm/prims/jni.cpp, line 709]

Events (10 events):
Event: 0,850 loading class org/lwjgl/system/jni/JNINativeInterface
Event: 0,850 loading class org/lwjgl/system/jni/JNINativeInterface done
Event: 0,852 loading class org/lwjgl/system/linux/DynamicLinkLoader
Event: 0,852 loading class org/lwjgl/system/linux/DynamicLinkLoader done
Event: 0,855 loading class org/lwjgl/opengl/GL$2
Event: 0,855 loading class org/lwjgl/opengl/GL$2 done
Event: 0,856 loading class org/lwjgl/opengl/GL$SharedLibraryGL
Event: 0,856 loading class org/lwjgl/opengl/GL$SharedLibraryGL done
Event: 0,856 loading class org/lwjgl/system/SharedLibrary$Delegate
Event: 0,856 loading class org/lwjgl/system/SharedLibrary$Delegate done


Dynamic libraries:
00400000-00401000 r-xp 00000000 08:01 24119309                           /home/michael1337/Programs/jdk/jdk1.8.0_121/bin/java
00600000-00601000 rw-p 00000000 08:01 24119309                           /home/michael1337/Programs/jdk/jdk1.8.0_121/bin/java
01aee000-01b0f000 rw-p 00000000 00:00 0                                  [heap]
6ce000000-6d8180000 rw-p 00000000 00:00 0 
6d8180000-76f580000 ---p 00000000 00:00 0 
76f580000-774600000 rw-p 00000000 00:00 0 
774600000-7c0000000 ---p 00000000 00:00 0 
7c0000000-7c00c0000 rw-p 00000000 00:00 0 
7c00c0000-800000000 ---p 00000000 00:00 0 
7f0e41e09000-7f0e41e0e000 r-xp 00000000 08:01 4464746                    /usr/lib/x86_64-linux-gnu/libXdmcp.so.6.0.0
7f0e41e0e000-7f0e4200d000 ---p 00005000 08:01 4464746                    /usr/lib/x86_64-linux-gnu/libXdmcp.so.6.0.0
7f0e4200d000-7f0e4200e000 r--p 00004000 08:01 4464746                    /usr/lib/x86_64-linux-gnu/libXdmcp.so.6.0.0
7f0e4200e000-7f0e4200f000 rw-p 00005000 08:01 4464746                    /usr/lib/x86_64-linux-gnu/libXdmcp.so.6.0.0
7f0e4200f000-7f0e42011000 r-xp 00000000 08:01 4464735                    /usr/lib/x86_64-linux-gnu/libXau.so.6.0.0
7f0e42011000-7f0e42211000 ---p 00002000 08:01 4464735                    /usr/lib/x86_64-linux-gnu/libXau.so.6.0.0
7f0e42211000-7f0e42212000 r--p 00002000 08:01 4464735                    /usr/lib/x86_64-linux-gnu/libXau.so.6.0.0
7f0e42212000-7f0e42213000 rw-p 00003000 08:01 4464735                    /usr/lib/x86_64-linux-gnu/libXau.so.6.0.0
7f0e42213000-7f0e42223000 r-xp 00000000 08:01 4460530                    /usr/lib/x86_64-linux-gnu/libdrm.so.2.4.0
7f0e42223000-7f0e42423000 ---p 00010000 08:01 4460530                    /usr/lib/x86_64-linux-gnu/libdrm.so.2.4.0
7f0e42423000-7f0e42424000 r--p 00010000 08:01 4460530                    /usr/lib/x86_64-linux-gnu/libdrm.so.2.4.0
7f0e42424000-7f0e42425000 rw-p 00011000 08:01 4460530                    /usr/lib/x86_64-linux-gnu/libdrm.so.2.4.0
7f0e42425000-7f0e4242a000 r-xp 00000000 08:01 4464784                    /usr/lib/x86_64-linux-gnu/libXxf86vm.so.1.0.0
7f0e4242a000-7f0e42629000 ---p 00005000 08:01 4464784                    /usr/lib/x86_64-linux-gnu/libXxf86vm.so.1.0.0
7f0e42629000-7f0e4262a000 r--p 00004000 08:01 4464784                    /usr/lib/x86_64-linux-gnu/libXxf86vm.so.1.0.0
7f0e4262a000-7f0e4262b000 rw-p 00005000 08:01 4464784                    /usr/lib/x86_64-linux-gnu/libXxf86vm.so.1.0.0
7f0e4262b000-7f0e4264c000 r-xp 00000000 08:01 4466084                    /usr/lib/x86_64-linux-gnu/libxcb.so.1.1.0
7f0e4264c000-7f0e4284b000 ---p 00021000 08:01 4466084                    /usr/lib/x86_64-linux-gnu/libxcb.so.1.1.0
7f0e4284b000-7f0e4284c000 r--p 00020000 08:01 4466084                    /usr/lib/x86_64-linux-gnu/libxcb.so.1.1.0
7f0e4284c000-7f0e4284d000 rw-p 00021000 08:01 4466084                    /usr/lib/x86_64-linux-gnu/libxcb.so.1.1.0
7f0e4284d000-7f0e42851000 r-xp 00000000 08:01 4466048                    /usr/lib/x86_64-linux-gnu/libxcb-dri2.so.0.0.0
7f0e42851000-7f0e42a50000 ---p 00004000 08:01 4466048                    /usr/lib/x86_64-linux-gnu/libxcb-dri2.so.0.0.0
7f0e42a50000-7f0e42a51000 r--p 00003000 08:01 4466048                    /usr/lib/x86_64-linux-gnu/libxcb-dri2.so.0.0.0
7f0e42a51000-7f0e42a52000 rw-p 00004000 08:01 4466048                    /usr/lib/x86_64-linux-gnu/libxcb-dri2.so.0.0.0
7f0e42a52000-7f0e42a69000 r-xp 00000000 08:01 4466052                    /usr/lib/x86_64-linux-gnu/libxcb-glx.so.0.0.0
7f0e42a69000-7f0e42c68000 ---p 00017000 08:01 4466052                    /usr/lib/x86_64-linux-gnu/libxcb-glx.so.0.0.0
7f0e42c68000-7f0e42c6a000 r--p 00016000 08:01 4466052                    /usr/lib/x86_64-linux-gnu/libxcb-glx.so.0.0.0
7f0e42c6a000-7f0e42c6b000 rw-p 00018000 08:01 4466052                    /usr/lib/x86_64-linux-gnu/libxcb-glx.so.0.0.0
7f0e42c6b000-7f0e42da0000 r-xp 00000000 08:01 4461455                    /usr/lib/x86_64-linux-gnu/libX11.so.6.3.0
7f0e42da0000-7f0e42fa0000 ---p 00135000 08:01 4461455                    /usr/lib/x86_64-linux-gnu/libX11.so.6.3.0
7f0e42fa0000-7f0e42fa1000 r--p 00135000 08:01 4461455                    /usr/lib/x86_64-linux-gnu/libX11.so.6.3.0
7f0e42fa1000-7f0e42fa5000 rw-p 00136000 08:01 4461455                    /usr/lib/x86_64-linux-gnu/libX11.so.6.3.0
7f0e42fa5000-7f0e42fa6000 r-xp 00000000 08:01 4464295                    /usr/lib/x86_64-linux-gnu/libX11-xcb.so.1.0.0
7f0e42fa6000-7f0e431a5000 ---p 00001000 08:01 4464295                    /usr/lib/x86_64-linux-gnu/libX11-xcb.so.1.0.0
7f0e431a5000-7f0e431a6000 r--p 00000000 08:01 4464295                    /usr/lib/x86_64-linux-gnu/libX11-xcb.so.1.0.0
7f0e431a6000-7f0e431a7000 rw-p 00001000 08:01 4464295                    /usr/lib/x86_64-linux-gnu/libX11-xcb.so.1.0.0
7f0e431a7000-7f0e431ac000 r-xp 00000000 08:01 4464750                    /usr/lib/x86_64-linux-gnu/libXfixes.so.3.1.0
7f0e431ac000-7f0e433ab000 ---p 00005000 08:01 4464750                    /usr/lib/x86_64-linux-gnu/libXfixes.so.3.1.0
7f0e433ab000-7f0e433ac000 r--p 00004000 08:01 4464750                    /usr/lib/x86_64-linux-gnu/libXfixes.so.3.1.0
7f0e433ac000-7f0e433ad000 rw-p 00005000 08:01 4464750                    /usr/lib/x86_64-linux-gnu/libXfixes.so.3.1.0
7f0e433ad000-7f0e433af000 r-xp 00000000 08:01 4464744                    /usr/lib/x86_64-linux-gnu/libXdamage.so.1.1.0
7f0e433af000-7f0e435ae000 ---p 00002000 08:01 4464744                    /usr/lib/x86_64-linux-gnu/libXdamage.so.1.1.0
7f0e435ae000-7f0e435af000 r--p 00001000 08:01 4464744                    /usr/lib/x86_64-linux-gnu/libXdamage.so.1.1.0
7f0e435af000-7f0e435b0000 rw-p 00002000 08:01 4464744                    /usr/lib/x86_64-linux-gnu/libXdamage.so.1.1.0
7f0e435b0000-7f0e435c1000 r-xp 00000000 08:01 4464748                    /usr/lib/x86_64-linux-gnu/libXext.so.6.4.0
7f0e435c1000-7f0e437c0000 ---p 00011000 08:01 4464748                    /usr/lib/x86_64-linux-gnu/libXext.so.6.4.0
7f0e437c0000-7f0e437c1000 r--p 00010000 08:01 4464748                    /usr/lib/x86_64-linux-gnu/libXext.so.6.4.0
7f0e437c1000-7f0e437c2000 rw-p 00011000 08:01 4464748                    /usr/lib/x86_64-linux-gnu/libXext.so.6.4.0
7f0e437c2000-7f0e437ee000 r-xp 00000000 08:01 4464119                    /usr/lib/x86_64-linux-gnu/libglapi.so.0.0.0
7f0e437ee000-7f0e439ed000 ---p 0002c000 08:01 4464119                    /usr/lib/x86_64-linux-gnu/libglapi.so.0.0.0
7f0e439ed000-7f0e439f1000 r--p 0002b000 08:01 4464119                    /usr/lib/x86_64-linux-gnu/libglapi.so.0.0.0
7f0e439f1000-7f0e439f2000 rw-p 0002f000 08:01 4464119                    /usr/lib/x86_64-linux-gnu/libglapi.so.0.0.0
7f0e439f2000-7f0e439f3000 rw-p 00000000 00:00 0 
7f0e439f3000-7f0e439f4000 r-xp 00000000 08:01 4466096                    /usr/lib/x86_64-linux-gnu/libxshmfence.so.1.0.0
7f0e439f4000-7f0e43bf4000 ---p 00001000 08:01 4466096                    /usr/lib/x86_64-linux-gnu/libxshmfence.so.1.0.0
7f0e43bf4000-7f0e43bf5000 r--p 00001000 08:01 4466096                    /usr/lib/x86_64-linux-gnu/libxshmfence.so.1.0.0
7f0e43bf5000-7f0e43bf6000 rw-p 00002000 08:01 4466096                    /usr/lib/x86_64-linux-gnu/libxshmfence.so.1.0.0
7f0e43bf6000-7f0e43bfb000 r-xp 00000000 08:01 4466072                    /usr/lib/x86_64-linux-gnu/libxcb-sync.so.1.0.0
7f0e43bfb000-7f0e43dfb000 ---p 00005000 08:01 4466072                    /usr/lib/x86_64-linux-gnu/libxcb-sync.so.1.0.0
7f0e43dfb000-7f0e43dfc000 r--p 00005000 08:01 4466072                    /usr/lib/x86_64-linux-gnu/libxcb-sync.so.1.0.0
7f0e43dfc000-7f0e43dfd000 rw-p 00006000 08:01 4466072                    /usr/lib/x86_64-linux-gnu/libxcb-sync.so.1.0.0
7f0e43dfd000-7f0e43dff000 r-xp 00000000 08:01 4466060                    /usr/lib/x86_64-linux-gnu/libxcb-present.so.0.0.0
7f0e43dff000-7f0e43ffe000 ---p 00002000 08:01 4466060                    /usr/lib/x86_64-linux-gnu/libxcb-present.so.0.0.0
7f0e43ffe000-7f0e43fff000 r--p 00001000 08:01 4466060                    /usr/lib/x86_64-linux-gnu/libxcb-present.so.0.0.0
7f0e43fff000-7f0e44000000 rw-p 00002000 08:01 4466060                    /usr/lib/x86_64-linux-gnu/libxcb-present.so.0.0.0
7f0e44000000-7f0e44021000 rw-p 00000000 00:00 0 
7f0e44021000-7f0e48000000 ---p 00000000 00:00 0 
7f0e48000000-7f0e48021000 rw-p 00000000 00:00 0 
7f0e48021000-7f0e4c000000 ---p 00000000 00:00 0 
7f0e4c000000-7f0e4c166000 rw-p 00000000 00:00 0 
7f0e4c166000-7f0e50000000 ---p 00000000 00:00 0 
7f0e50072000-7f0e50074000 r-xp 00000000 08:01 4466050                    /usr/lib/x86_64-linux-gnu/libxcb-dri3.so.0.0.0
7f0e50074000-7f0e50273000 ---p 00002000 08:01 4466050                    /usr/lib/x86_64-linux-gnu/libxcb-dri3.so.0.0.0
7f0e50273000-7f0e50274000 r--p 00001000 08:01 4466050                    /usr/lib/x86_64-linux-gnu/libxcb-dri3.so.0.0.0
7f0e50274000-7f0e50275000 rw-p 00002000 08:01 4466050                    /usr/lib/x86_64-linux-gnu/libxcb-dri3.so.0.0.0
7f0e50275000-7f0e5029b000 r-xp 00000000 08:01 20840649                   /lib/x86_64-linux-gnu/libexpat.so.1.6.0
7f0e5029b000-7f0e5049b000 ---p 00026000 08:01 20840649                   /lib/x86_64-linux-gnu/libexpat.so.1.6.0
7f0e5049b000-7f0e5049d000 r--p 00026000 08:01 20840649                   /lib/x86_64-linux-gnu/libexpat.so.1.6.0
7f0e5049d000-7f0e5049e000 rw-p 00028000 08:01 20840649                   /lib/x86_64-linux-gnu/libexpat.so.1.6.0
7f0e5049e000-7f0e504b7000 r-xp 00000000 08:01 20844854                   /lib/x86_64-linux-gnu/libz.so.1.2.8
7f0e504b7000-7f0e506b6000 ---p 00019000 08:01 20844854                   /lib/x86_64-linux-gnu/libz.so.1.2.8
7f0e506b6000-7f0e506b7000 r--p 00018000 08:01 20844854                   /lib/x86_64-linux-gnu/libz.so.1.2.8
7f0e506b7000-7f0e506b8000 rw-p 00019000 08:01 20844854                   /lib/x86_64-linux-gnu/libz.so.1.2.8
7f0e506b8000-7f0e50728000 r-xp 00000000 08:01 4718962                    /usr/lib/x86_64-linux-gnu/mesa/libGL.so.1.2.0
7f0e50728000-7f0e50927000 ---p 00070000 08:01 4718962                    /usr/lib/x86_64-linux-gnu/mesa/libGL.so.1.2.0
7f0e50927000-7f0e5092a000 r--p 0006f000 08:01 4718962                    /usr/lib/x86_64-linux-gnu/mesa/libGL.so.1.2.0
7f0e5092a000-7f0e5092b000 rw-p 00072000 08:01 4718962                    /usr/lib/x86_64-linux-gnu/mesa/libGL.so.1.2.0
7f0e5092b000-7f0e5092c000 rw-p 00000000 00:00 0 
7f0e5092c000-7f0e50997000 r-xp 00000000 08:01 26747600                   /tmp/lwjglmichael1337/3.1.6-build-14/liblwjgl_opengl.so
7f0e50997000-7f0e50b96000 ---p 0006b000 08:01 26747600                   /tmp/lwjglmichael1337/3.1.6-build-14/liblwjgl_opengl.so
7f0e50b96000-7f0e50b97000 r--p 0006a000 08:01 26747600                   /tmp/lwjglmichael1337/3.1.6-build-14/liblwjgl_opengl.so
7f0e50b97000-7f0e50b98000 rw-p 0006b000 08:01 26747600                   /tmp/lwjglmichael1337/3.1.6-build-14/liblwjgl_opengl.so
7f0e50b98000-7f0e50bec000 r-xp 00000000 08:01 26747598                   /tmp/lwjglmichael1337/3.1.6-build-14/liblwjgl.so
7f0e50bec000-7f0e50dec000 ---p 00054000 08:01 26747598                   /tmp/lwjglmichael1337/3.1.6-build-14/liblwjgl.so
7f0e50dec000-7f0e50ded000 r--p 00054000 08:01 26747598                   /tmp/lwjglmichael1337/3.1.6-build-14/liblwjgl.so
7f0e50ded000-7f0e50dee000 rw-p 00055000 08:01 26747598                   /tmp/lwjglmichael1337/3.1.6-build-14/liblwjgl.so
7f0e50dee000-7f0e50dff000 r-xp 00000000 08:01 24119418                   /home/michael1337/Programs/jdk/jdk1.8.0_121/jre/lib/amd64/libnio.so
7f0e50dff000-7f0e50ffe000 ---p 00011000 08:01 24119418                   /home/michael1337/Programs/jdk/jdk1.8.0_121/jre/lib/amd64/libnio.so
7f0e50ffe000-7f0e50fff000 rw-p 00010000 08:01 24119418                   /home/michael1337/Programs/jdk/jdk1.8.0_121/jre/lib/amd64/libnio.so
7f0e50fff000-7f0e54000000 rw-p 00000000 00:00 0 
7f0e54000000-7f0e540bf000 rw-p 00000000 00:00 0 
7f0e540bf000-7f0e58000000 ---p 00000000 00:00 0 
7f0e58000000-7f0e581e1000 rw-p 00000000 00:00 0 
7f0e581e1000-7f0e5c000000 ---p 00000000 00:00 0 
7f0e5c000000-7f0e5c021000 rw-p 00000000 00:00 0 
7f0e5c021000-7f0e60000000 ---p 00000000 00:00 0 
7f0e60000000-7f0e60021000 rw-p 00000000 00:00 0 
7f0e60021000-7f0e64000000 ---p 00000000 00:00 0 
7f0e64000000-7f0e64021000 rw-p 00000000 00:00 0 
7f0e64021000-7f0e68000000 ---p 00000000 00:00 0 
7f0e68000000-7f0e68021000 rw-p 00000000 00:00 0 
7f0e68021000-7f0e6c000000 ---p 00000000 00:00 0 
7f0e6c000000-7f0e6c021000 rw-p 00000000 00:00 0 
7f0e6c021000-7f0e70000000 ---p 00000000 00:00 0 
7f0e70000000-7f0e70021000 rw-p 00000000 00:00 0 
7f0e70021000-7f0e74000000 ---p 00000000 00:00 0 
7f0e74000000-7f0e74021000 rw-p 00000000 00:00 0 
7f0e74021000-7f0e78000000 ---p 00000000 00:00 0 
7f0e78000000-7f0e78021000 rw-p 00000000 00:00 0 
7f0e78021000-7f0e7c000000 ---p 00000000 00:00 0 
7f0e7c000000-7f0e7c021000 rw-p 00000000 00:00 0 
7f0e7c021000-7f0e80000000 ---p 00000000 00:00 0 
7f0e800f0000-7f0e800f1000 ---p 00000000 00:00 0 
7f0e800f1000-7f0e801f1000 rw-p 00000000 00:00 0 
7f0e801f1000-7f0e801f4000 ---p 00000000 00:00 0 
7f0e801f4000-7f0e802f2000 rw-p 00000000 00:00 0 
7f0e802f2000-7f0e80308000 r-xp 00000000 08:01 24119393                   /home/michael1337/Programs/jdk/jdk1.8.0_121/jre/lib/amd64/libnet.so
7f0e80308000-7f0e80508000 ---p 00016000 08:01 24119393                   /home/michael1337/Programs/jdk/jdk1.8.0_121/jre/lib/amd64/libnet.so
7f0e80508000-7f0e80509000 rw-p 00016000 08:01 24119393                   /home/michael1337/Programs/jdk/jdk1.8.0_121/jre/lib/amd64/libnet.so
7f0e80509000-7f0e8050c000 ---p 00000000 00:00 0 
7f0e8050c000-7f0e8060a000 rw-p 00000000 00:00 0 
7f0e8060a000-7f0e8060d000 ---p 00000000 00:00 0 
7f0e8060d000-7f0e8070b000 rw-p 00000000 00:00 0 
7f0e8070b000-7f0e8070e000 ---p 00000000 00:00 0 
7f0e8070e000-7f0e8080c000 rw-p 00000000 00:00 0 
7f0e8080c000-7f0e8080f000 ---p 00000000 00:00 0 
7f0e8080f000-7f0e8090d000 rw-p 00000000 00:00 0 
7f0e8090d000-7f0e8090f000 r--s 0001a000 08:01 24788587                   /home/michael1337/Programs/intellij/idea-IU-181.5281.24/lib/idea_rt.jar
7f0e8090f000-7f0e80913000 r--s 00031000 08:01 27009233                   /home/michael1337/Documents/Neolithic/game/lib/commons-io-2.6/commons-io-2.6.jar
7f0e80913000-7f0e8091a000 r--s 00058000 08:01 27009231                   /home/michael1337/Documents/Neolithic/game/lib/commons-io-2.6/commons-io-2.6-tests.jar
7f0e8091a000-7f0e8091b000 r--s 00002000 08:01 25701703                   /home/michael1337/Documents/Neolithic/game/lib/PNGDecoder.jar
7f0e8091b000-7f0e80920000 r--s 00045000 08:01 26222668                   /home/michael1337/Documents/Neolithic/game/lib/lwjgl/lwjgl.jar
7f0e80920000-7f0e80933000 r--s 0014d000 08:01 26222592                   /home/michael1337/Documents/Neolithic/game/lib/lwjgl/lwjgl-vulkan.jar
7f0e80933000-7f0e80935000 r--s 00018000 08:01 26221583                   /home/michael1337/Documents/Neolithic/game/lib/lwjgl/lwjgl-stb.jar
7f0e80935000-7f0e80936000 r--s 0006f000 08:01 26221581                   /home/michael1337/Documents/Neolithic/game/lib/lwjgl/lwjgl-stb-natives-windows.jar
7f0e80936000-7f0e80937000 r--s 0002a000 08:01 26221580                   /home/michael1337/Documents/Neolithic/game/lib/lwjgl/lwjgl-stb-natives-macos.jar
7f0e80937000-7f0e80938000 r--s 00031000 08:01 26221579                   /home/michael1337/Documents/Neolithic/game/lib/lwjgl/lwjgl-stb-natives-linux.jar
7f0e80938000-7f0e80939000 r--s 00002000 08:01 26221577                   /home/michael1337/Documents/Neolithic/game/lib/lwjgl/lwjgl-par.jar
7f0e80939000-7f0e8093a000 r--s 00031000 08:01 26221574                   /home/michael1337/Documents/Neolithic/game/lib/lwjgl/lwjgl-par-natives-windows.jar
7f0e8093a000-7f0e8093b000 r--s 00004000 08:01 26222670                   /home/michael1337/Documents/Neolithic/game/lib/lwjgl/lwjgl-par-natives-macos.jar
7f0e8093b000-7f0e8093c000 r--s 00005000 08:01 26221573                   /home/michael1337/Documents/Neolithic/game/lib/lwjgl/lwjgl-par-natives-linux.jar
7f0e8093c000-7f0e80946000 r--s 000bf000 08:01 26221572                   /home/michael1337/Documents/Neolithic/game/lib/lwjgl/lwjgl-opengl.jar
7f0e80946000-7f0e80947000 r--s 0002a000 08:01 26221570                   /home/michael1337/Documents/Neolithic/game/lib/lwjgl/lwjgl-opengl-natives-windows.jar
7f0e80947000-7f0e80948000 r--s 0000b000 08:01 26221569                   /home/michael1337/Documents/Neolithic/game/lib/lwjgl/lwjgl-opengl-natives-macos.jar
7f0e80948000-7f0e80949000 r--s 00016000 08:01 26221568                   /home/michael1337/Documents/Neolithic/game/lib/lwjgl/lwjgl-opengl-natives-linux.jar
7f0e80949000-7f0e8094c000 r--s 00011000 08:01 26221566                   /home/michael1337/Documents/Neolithic/game/lib/lwjgl/lwjgl-openal.jar
7f0e8094c000-7f0e8094d000 r--s 00105000 08:01 26221562                   /home/michael1337/Documents/Neolithic/game/lib/lwjgl/lwjgl-openal-natives-windows.jar
7f0e8094d000-7f0e8094e000 r--s 00064000 08:01 26221560                   /home/michael1337/Documents/Neolithic/game/lib/lwjgl/lwjgl-openal-natives-macos.jar
7f0e8094e000-7f0e8094f000 r--s 00077000 08:01 26221559                   /home/michael1337/Documents/Neolithic/game/lib/lwjgl/lwjgl-openal-natives-linux.jar
7f0e8094f000-7f0e80954000 r--s 0005f000 08:01 26221557                   /home/michael1337/Documents/Neolithic/game/lib/lwjgl/lwjgl-nuklear.jar
7f0e80954000-7f0e80955000 r--s 00041000 08:01 26221556                   /home/michael1337/Documents/Neolithic/game/lib/lwjgl/lwjgl-nuklear-natives-windows.jar
7f0e80955000-7f0e80956000 r--s 0002e000 08:01 26221561                   /home/michael1337/Documents/Neolithic/game/lib/lwjgl/lwjgl-nuklear-natives-macos.jar
7f0e80956000-7f0e80959000 ---p 00000000 00:00 0 
7f0e80959000-7f0e80a57000 rw-p 00000000 00:00 0 
7f0e80a57000-7f0e80d30000 r--p 00000000 08:01 4457405                    /usr/lib/locale/locale-archive
7f0e80d30000-7f0e80d33000 ---p 00000000 00:00 0 
7f0e80d33000-7f0e80e31000 rw-p 00000000 00:00 0 
7f0e80e31000-7f0e80e34000 ---p 00000000 00:00 0 
7f0e80e34000-7f0e80f32000 rw-p 00000000 00:00 0 
7f0e80f32000-7f0e80f33000 ---p 00000000 00:00 0 
7f0e80f33000-7f0e81f91000 rw-p 00000000 00:00 0 
7f0e81f91000-7f0e8216a000 r--s 03d3e000 08:01 24119385                   /home/michael1337/Programs/jdk/jdk1.8.0_121/jre/lib/rt.jar
7f0e8216a000-7f0e826aa000 rw-p 00000000 00:00 0 
7f0e826aa000-7f0e8296a000 ---p 00000000 00:00 0 
7f0e8296a000-7f0e8a9fa000 rw-p 00000000 00:00 0 
7f0e8a9fa000-7f0e8a9fb000 ---p 00000000 00:00 0 
7f0e8a9fb000-7f0e8aafb000 rw-p 00000000 00:00 0 
7f0e8aafb000-7f0e8aafc000 ---p 00000000 00:00 0 
7f0e8aafc000-7f0e8abfc000 rw-p 00000000 00:00 0 
7f0e8abfc000-7f0e8abfd000 ---p 00000000 00:00 0 
7f0e8abfd000-7f0e8ad4e000 rw-p 00000000 00:00 0 
7f0e8ad4e000-7f0e8b208000 ---p 00000000 00:00 0 
7f0e8b208000-7f0e8b259000 rw-p 00000000 00:00 0 
7f0e8b259000-7f0e8b712000 ---p 00000000 00:00 0 
7f0e8b712000-7f0e8b73b000 rw-p 00000000 00:00 0 
7f0e8b73b000-7f0e8b998000 ---p 00000000 00:00 0 
7f0e8b998000-7f0e8b9a3000 rw-p 00000000 00:00 0 
7f0e8b9a3000-7f0e8bd59000 ---p 00000000 00:00 0 
7f0e8bd59000-7f0e8bfc9000 rwxp 00000000 00:00 0 
7f0e8bfc9000-7f0e9ad59000 ---p 00000000 00:00 0 
7f0e9ad59000-7f0e9ad73000 r-xp 00000000 08:01 24119416                   /home/michael1337/Programs/jdk/jdk1.8.0_121/jre/lib/amd64/libzip.so
7f0e9ad73000-7f0e9af73000 ---p 0001a000 08:01 24119416                   /home/michael1337/Programs/jdk/jdk1.8.0_121/jre/lib/amd64/libzip.so
7f0e9af73000-7f0e9af74000 rw-p 0001a000 08:01 24119416                   /home/michael1337/Programs/jdk/jdk1.8.0_121/jre/lib/amd64/libzip.so
7f0e9af74000-7f0e9af7f000 r-xp 00000000 08:01 20845377                   /lib/x86_64-linux-gnu/libnss_files-2.23.so
7f0e9af7f000-7f0e9b17e000 ---p 0000b000 08:01 20845377                   /lib/x86_64-linux-gnu/libnss_files-2.23.so
7f0e9b17e000-7f0e9b17f000 r--p 0000a000 08:01 20845377                   /lib/x86_64-linux-gnu/libnss_files-2.23.so
7f0e9b17f000-7f0e9b180000 rw-p 0000b000 08:01 20845377                   /lib/x86_64-linux-gnu/libnss_files-2.23.so
7f0e9b180000-7f0e9b186000 rw-p 00000000 00:00 0 
7f0e9b186000-7f0e9b191000 r-xp 00000000 08:01 20845381                   /lib/x86_64-linux-gnu/libnss_nis-2.23.so
7f0e9b191000-7f0e9b390000 ---p 0000b000 08:01 20845381                   /lib/x86_64-linux-gnu/libnss_nis-2.23.so
7f0e9b390000-7f0e9b391000 r--p 0000a000 08:01 20845381                   /lib/x86_64-linux-gnu/libnss_nis-2.23.so
7f0e9b391000-7f0e9b392000 rw-p 0000b000 08:01 20845381                   /lib/x86_64-linux-gnu/libnss_nis-2.23.so
7f0e9b392000-7f0e9b3a8000 r-xp 00000000 08:01 20845361                   /lib/x86_64-linux-gnu/libnsl-2.23.so
7f0e9b3a8000-7f0e9b5a7000 ---p 00016000 08:01 20845361                   /lib/x86_64-linux-gnu/libnsl-2.23.so
7f0e9b5a7000-7f0e9b5a8000 r--p 00015000 08:01 20845361                   /lib/x86_64-linux-gnu/libnsl-2.23.so
7f0e9b5a8000-7f0e9b5a9000 rw-p 00016000 08:01 20845361                   /lib/x86_64-linux-gnu/libnsl-2.23.so
7f0e9b5a9000-7f0e9b5ab000 rw-p 00000000 00:00 0 
7f0e9b5ab000-7f0e9b5b3000 r-xp 00000000 08:01 20845372                   /lib/x86_64-linux-gnu/libnss_compat-2.23.so
7f0e9b5b3000-7f0e9b7b2000 ---p 00008000 08:01 20845372                   /lib/x86_64-linux-gnu/libnss_compat-2.23.so
7f0e9b7b2000-7f0e9b7b3000 r--p 00007000 08:01 20845372                   /lib/x86_64-linux-gnu/libnss_compat-2.23.so
7f0e9b7b3000-7f0e9b7b4000 rw-p 00008000 08:01 20845372                   /lib/x86_64-linux-gnu/libnss_compat-2.23.so
7f0e9b7b4000-7f0e9b7be000 r-xp 00000000 08:01 24119454                   /home/michael1337/Programs/jdk/jdk1.8.0_121/jre/lib/amd64/libinstrument.so
7f0e9b7be000-7f0e9b9bd000 ---p 0000a000 08:01 24119454                   /home/michael1337/Programs/jdk/jdk1.8.0_121/jre/lib/amd64/libinstrument.so
7f0e9b9bd000-7f0e9b9be000 rw-p 00009000 08:01 24119454                   /home/michael1337/Programs/jdk/jdk1.8.0_121/jre/lib/amd64/libinstrument.so
7f0e9b9be000-7f0e9b9e9000 r-xp 00000000 08:01 24119443                   /home/michael1337/Programs/jdk/jdk1.8.0_121/jre/lib/amd64/libjava.so
7f0e9b9e9000-7f0e9bbe8000 ---p 0002b000 08:01 24119443                   /home/michael1337/Programs/jdk/jdk1.8.0_121/jre/lib/amd64/libjava.so
7f0e9bbe8000-7f0e9bbea000 rw-p 0002a000 08:01 24119443                   /home/michael1337/Programs/jdk/jdk1.8.0_121/jre/lib/amd64/libjava.so
7f0e9bbea000-7f0e9bbf7000 r-xp 00000000 08:01 24119394                   /home/michael1337/Programs/jdk/jdk1.8.0_121/jre/lib/amd64/libverify.so
7f0e9bbf7000-7f0e9bdf6000 ---p 0000d000 08:01 24119394                   /home/michael1337/Programs/jdk/jdk1.8.0_121/jre/lib/amd64/libverify.so
7f0e9bdf6000-7f0e9bdf8000 rw-p 0000c000 08:01 24119394                   /home/michael1337/Programs/jdk/jdk1.8.0_121/jre/lib/amd64/libverify.so
7f0e9bdf8000-7f0e9bdff000 r-xp 00000000 08:01 20845382                   /lib/x86_64-linux-gnu/librt-2.23.so
7f0e9bdff000-7f0e9bffe000 ---p 00007000 08:01 20845382                   /lib/x86_64-linux-gnu/librt-2.23.so
7f0e9bffe000-7f0e9bfff000 r--p 00006000 08:01 20845382                   /lib/x86_64-linux-gnu/librt-2.23.so
7f0e9bfff000-7f0e9c000000 rw-p 00007000 08:01 20845382                   /lib/x86_64-linux-gnu/librt-2.23.so
7f0e9c000000-7f0e9c769000 rw-p 00000000 00:00 0 
7f0e9c769000-7f0ea0000000 ---p 00000000 00:00 0 
7f0ea0000000-7f0ea0001000 r--s 00022000 08:01 26221554                   /home/michael1337/Documents/Neolithic/game/lib/lwjgl/lwjgl-nuklear-natives-linux.jar
7f0ea0001000-7f0ea0002000 r--s 00039000 08:01 26222669                   /home/michael1337/Documents/Neolithic/game/lib/lwjgl/lwjgl-natives-windows.jar
7f0ea0002000-7f0ea0004000 r--s 00008000 08:01 26222596                   /home/michael1337/Documents/Neolithic/game/lib/lwjgl/lwjgl-natives-macos.jar
7f0ea0004000-7f0ea0005000 r--s 00013000 08:01 26222595                   /home/michael1337/Documents/Neolithic/game/lib/lwjgl/lwjgl-natives-linux.jar
7f0ea0005000-7f0ea0007000 r--s 0000e000 08:01 26221549                   /home/michael1337/Documents/Neolithic/game/lib/lwjgl/lwjgl-nanovg.jar
7f0ea0007000-7f0ea0008000 r--s 00068000 08:01 26221547                   /home/michael1337/Documents/Neolithic/game/lib/lwjgl/lwjgl-nanovg-natives-windows.jar
7f0ea0008000-7f0ea000a000 r--s 00026000 08:01 26221553                   /home/michael1337/Documents/Neolithic/game/lib/lwjgl/lwjgl-nanovg-natives-macos.jar
7f0ea000a000-7f0ea000b000 r--s 00029000 08:01 26221546                   /home/michael1337/Documents/Neolithic/game/lib/lwjgl/lwjgl-nanovg-natives-linux.jar
7f0ea000b000-7f0ea000e000 r--s 00019000 08:01 26221542                   /home/michael1337/Documents/Neolithic/game/lib/lwjgl/lwjgl-glfw.jar
7f0ea000e000-7f0ea000f000 r--s 0003d000 08:01 26221544                   /home/michael1337/Documents/Neolithic/game/lib/lwjgl/lwjgl-glfw-natives-windows.jar
7f0ea000f000-7f0ea0011000 r--s 00022000 08:01 26221539                   /home/michael1337/Documents/Neolithic/game/lib/lwjgl/lwjgl-glfw-natives-linux.jar
7f0ea0011000-7f0ea0024000 r--s 00345000 08:01 24119617                   /home/michael1337/Programs/jdk/jdk1.8.0_121/jre/lib/resources.jar
7f0ea0024000-7f0ea0036000 r--s 000d6000 08:01 24119616                   /home/michael1337/Programs/jdk/jdk1.8.0_121/jre/lib/plugin.jar
7f0ea0036000-7f0ea00ac000 rw-p 00000000 00:00 0 
7f0ea00ac000-7f0ea00ad000 ---p 00000000 00:00 0 
7f0ea00ad000-7f0ea01ad000 rw-p 00000000 00:00 0 
7f0ea01ad000-7f0ea02b5000 r-xp 00000000 08:01 20845355                   /lib/x86_64-linux-gnu/libm-2.23.so
7f0ea02b5000-7f0ea04b4000 ---p 00108000 08:01 20845355                   /lib/x86_64-linux-gnu/libm-2.23.so
7f0ea04b4000-7f0ea04b5000 r--p 00107000 08:01 20845355                   /lib/x86_64-linux-gnu/libm-2.23.so
7f0ea04b5000-7f0ea04b6000 rw-p 00108000 08:01 20845355                   /lib/x86_64-linux-gnu/libm-2.23.so
7f0ea04b6000-7f0ea1184000 r-xp 00000000 08:01 24119447                   /home/michael1337/Programs/jdk/jdk1.8.0_121/jre/lib/amd64/server/libjvm.so
7f0ea1184000-7f0ea1384000 ---p 00cce000 08:01 24119447                   /home/michael1337/Programs/jdk/jdk1.8.0_121/jre/lib/amd64/server/libjvm.so
7f0ea1384000-7f0ea145d000 rw-p 00cce000 08:01 24119447                   /home/michael1337/Programs/jdk/jdk1.8.0_121/jre/lib/amd64/server/libjvm.so
7f0ea145d000-7f0ea14a8000 rw-p 00000000 00:00 0 
7f0ea14a8000-7f0ea1668000 r-xp 00000000 08:01 20845364                   /lib/x86_64-linux-gnu/libc-2.23.so
7f0ea1668000-7f0ea1868000 ---p 001c0000 08:01 20845364                   /lib/x86_64-linux-gnu/libc-2.23.so
7f0ea1868000-7f0ea186c000 r--p 001c0000 08:01 20845364                   /lib/x86_64-linux-gnu/libc-2.23.so
7f0ea186c000-7f0ea186e000 rw-p 001c4000 08:01 20845364                   /lib/x86_64-linux-gnu/libc-2.23.so
7f0ea186e000-7f0ea1872000 rw-p 00000000 00:00 0 
7f0ea1872000-7f0ea1875000 r-xp 00000000 08:01 20845366                   /lib/x86_64-linux-gnu/libdl-2.23.so
7f0ea1875000-7f0ea1a74000 ---p 00003000 08:01 20845366                   /lib/x86_64-linux-gnu/libdl-2.23.so
7f0ea1a74000-7f0ea1a75000 r--p 00002000 08:01 20845366                   /lib/x86_64-linux-gnu/libdl-2.23.so
7f0ea1a75000-7f0ea1a76000 rw-p 00003000 08:01 20845366                   /lib/x86_64-linux-gnu/libdl-2.23.so
7f0ea1a76000-7f0ea1a8b000 r-xp 00000000 08:01 24118528                   /home/michael1337/Programs/jdk/jdk1.8.0_121/lib/amd64/jli/libjli.so
7f0ea1a8b000-7f0ea1c8b000 ---p 00015000 08:01 24118528                   /home/michael1337/Programs/jdk/jdk1.8.0_121/lib/amd64/jli/libjli.so
7f0ea1c8b000-7f0ea1c8c000 rw-p 00015000 08:01 24118528                   /home/michael1337/Programs/jdk/jdk1.8.0_121/lib/amd64/jli/libjli.so
7f0ea1c8c000-7f0ea1ca4000 r-xp 00000000 08:01 20845363                   /lib/x86_64-linux-gnu/libpthread-2.23.so
7f0ea1ca4000-7f0ea1ea3000 ---p 00018000 08:01 20845363                   /lib/x86_64-linux-gnu/libpthread-2.23.so
7f0ea1ea3000-7f0ea1ea4000 r--p 00017000 08:01 20845363                   /lib/x86_64-linux-gnu/libpthread-2.23.so
7f0ea1ea4000-7f0ea1ea5000 rw-p 00018000 08:01 20845363                   /lib/x86_64-linux-gnu/libpthread-2.23.so
7f0ea1ea5000-7f0ea1ea9000 rw-p 00000000 00:00 0 
7f0ea1ea9000-7f0ea1ecf000 r-xp 00000000 08:01 20845362                   /lib/x86_64-linux-gnu/ld-2.23.so
7f0ea1ecf000-7f0ea1ed0000 r--s 0000e000 08:01 26221540                   /home/michael1337/Documents/Neolithic/game/lib/lwjgl/lwjgl-glfw-natives-macos.jar
7f0ea1ed0000-7f0ea1ed4000 r--s 00027000 08:01 26221534                   /home/michael1337/Documents/Neolithic/game/lib/lwjgl/lwjgl-bgfx.jar
7f0ea1ed4000-7f0ea1ed5000 r--s 0009f000 08:01 26221533                   /home/michael1337/Documents/Neolithic/game/lib/lwjgl/lwjgl-bgfx-natives-windows.jar
7f0ea1ed5000-7f0ea1ed6000 r--s 00041000 08:01 26221541                   /home/michael1337/Documents/Neolithic/game/lib/lwjgl/lwjgl-bgfx-natives-macos.jar
7f0ea1ed6000-7f0ea1ed7000 r--s 00051000 08:01 26221532                   /home/michael1337/Documents/Neolithic/game/lib/lwjgl/lwjgl-bgfx-natives-linux.jar
7f0ea1ed7000-7f0ea1edb000 r--s 0002e000 08:01 26221528                   /home/michael1337/Documents/Neolithic/game/lib/lwjgl/lwjgl-assimp.jar
7f0ea1edb000-7f0ea1edc000 r--s 003ca000 08:01 26221526                   /home/michael1337/Documents/Neolithic/game/lib/lwjgl/lwjgl-assimp-natives-windows.jar
7f0ea1edc000-7f0ea1edd000 r--s 00230000 08:01 26221537                   /home/michael1337/Documents/Neolithic/game/lib/lwjgl/lwjgl-assimp-natives-macos.jar
7f0ea1edd000-7f0ea1ede000 r--s 002ed000 08:01 26221523                   /home/michael1337/Documents/Neolithic/game/lib/lwjgl/lwjgl-assimp-natives-linux.jar
7f0ea1ede000-7f0ea1edf000 r--s 00000000 08:01 24119464                   /home/michael1337/Programs/jdk/jdk1.8.0_121/jre/lib/management-agent.jar
7f0ea1edf000-7f0ea1ee3000 r--s 0009a000 08:01 24119337                   /home/michael1337/Programs/jdk/jdk1.8.0_121/jre/lib/jsse.jar
7f0ea1ee3000-7f0ea1ee5000 r--s 00007000 08:01 24119458                   /home/michael1337/Programs/jdk/jdk1.8.0_121/jre/lib/jfxswt.jar
7f0ea1ee5000-7f0ea1eea000 r--s 00084000 08:01 24119492                   /home/michael1337/Programs/jdk/jdk1.8.0_121/jre/lib/jfr.jar
7f0ea1eea000-7f0ea1eed000 r--s 0001a000 08:01 24119647                   /home/michael1337/Programs/jdk/jdk1.8.0_121/jre/lib/jce.jar
7f0ea1eed000-7f0ea1ef7000 r--s 0006c000 08:01 24119500                   /home/michael1337/Programs/jdk/jdk1.8.0_121/jre/lib/javaws.jar
7f0ea1ef7000-7f0ea1f9e000 rw-p 00000000 00:00 0 
7f0ea1f9e000-7f0ea1fa1000 ---p 00000000 00:00 0 
7f0ea1fa1000-7f0ea20a4000 rw-p 00000000 00:00 0 
7f0ea20a4000-7f0ea20bf000 r--s 00209000 08:01 24119501                   /home/michael1337/Programs/jdk/jdk1.8.0_121/jre/lib/deploy.jar
7f0ea20bf000-7f0ea20c4000 r--s 002f9000 08:01 24119338                   /home/michael1337/Programs/jdk/jdk1.8.0_121/jre/lib/charsets.jar
7f0ea20c4000-7f0ea20cc000 rw-s 00000000 08:01 26747613                   /tmp/hsperfdata_michael1337/31854
7f0ea20cc000-7f0ea20cd000 rw-p 00000000 00:00 0 
7f0ea20cd000-7f0ea20ce000 r--p 00000000 00:00 0 
7f0ea20ce000-7f0ea20cf000 r--p 00025000 08:01 20845362                   /lib/x86_64-linux-gnu/ld-2.23.so
7f0ea20cf000-7f0ea20d0000 rw-p 00026000 08:01 20845362                   /lib/x86_64-linux-gnu/ld-2.23.so
7f0ea20d0000-7f0ea20d1000 rw-p 00000000 00:00 0 
7ffc7a4f9000-7ffc7a51c000 rw-p 00000000 00:00 0                          [stack]
7ffc7a5f8000-7ffc7a5fb000 r--p 00000000 00:00 0                          [vvar]
7ffc7a5fb000-7ffc7a5fd000 r-xp 00000000 00:00 0                          [vdso]
ffffffffff600000-ffffffffff601000 r-xp 00000000 00:00 0                  [vsyscall]

VM Arguments:
jvm_args: -javaagent:/home/michael1337/Programs/intellij/idea-IU-181.5281.24/lib/idea_rt.jar=44787:/home/michael1337/Programs/intellij/idea-IU-181.5281.24/bin -Dfile.encoding=UTF-8 
java_command: tests.parser.ParserTest
java_class_path (initial): /home/michael1337/Programs/jdk/jdk1.8.0_121/jre/lib/charsets.jar:/home/michael1337/Programs/jdk/jdk1.8.0_121/jre/lib/deploy.jar:/home/michael1337/Programs/jdk/jdk1.8.0_121/jre/lib/ext/cldrdata.jar:/home/michael1337/Programs/jdk/jdk1.8.0_121/jre/lib/ext/dnsns.jar:/home/michael1337/Programs/jdk/jdk1.8.0_121/jre/lib/ext/jaccess.jar:/home/michael1337/Programs/jdk/jdk1.8.0_121/jre/lib/ext/jfxrt.jar:/home/michael1337/Programs/jdk/jdk1.8.0_121/jre/lib/ext/localedata.jar:/home/michael1337/Programs/jdk/jdk1.8.0_121/jre/lib/ext/nashorn.jar:/home/michael1337/Programs/jdk/jdk1.8.0_121/jre/lib/ext/sunec.jar:/home/michael1337/Programs/jdk/jdk1.8.0_121/jre/lib/ext/sunjce_provider.jar:/home/michael1337/Programs/jdk/jdk1.8.0_121/jre/lib/ext/sunpkcs11.jar:/home/michael1337/Programs/jdk/jdk1.8.0_121/jre/lib/ext/zipfs.jar:/home/michael1337/Programs/jdk/jdk1.8.0_121/jre/lib/javaws.jar:/home/michael1337/Programs/jdk/jdk1.8.0_121/jre/lib/jce.jar:/home/michael1337/Programs/jdk/jdk1.8.0_121/jre/lib/jfr.jar:/home/michael1337/Programs/jdk/jdk1.8.0_121/jre/lib/jfxswt.jar:/home/michael1337/Programs/jdk/jdk1.8.0_121/jre/lib/jsse.jar:/home/michael1337/Programs/jdk/jdk1.8.0_121/jre/lib/management-agent.jar:/home/michael1337/Programs/jdk/jdk1.8.0_121/jre/lib/plugin.jar:/home/michael1337/Programs/jdk/jdk1.8.0_121/jre/lib/resources.jar:/home/michael1337/Programs/jdk/jdk1.8.0_121/jre/lib/rt.jar:/home/michael1337/Documents/Neolithic/game/out/production/game:/home/michael1337/Documents/Neolithic/game/lib/lwjgl/lwjgl-assimp-natives-linux.jar:/home/michael1337/Documents/Neolithic/game/lib/lwjgl/lwjgl-assimp-natives-macos.jar:/home/michael1337/Documents/Neolithic/game/lib/lwjgl/lwjgl-assimp-natives-windows.jar:/home/michael1337/Documents/Neolithic/game/lib/lwjgl/lwjgl-assimp.jar:/home/michael1337/Documents/Neolithic/game/lib/lwjgl/lwjgl-bgfx-natives-linux.jar:/home/michael1337/Documents/Neolithic/game/lib/lwjgl/lwjgl-bgfx-natives-macos.jar:/home/michael1337/Documents/Neolithic/
Launcher Type: SUN_STANDARD

Environment Variables:
JAVA_HOME=/home/michael1337/Programs/jdk/jdk1.8.0_121
PATH=/home/michael1337/Programs/Spin/Spin/Src6.4.8:/home/michael1337/anaconda3/bin:/home/michael1337/bin:/home/michael1337/.local/bin:/usr/local/sbin:/usr/local/bin:/usr/sbin:/usr/bin:/sbin:/bin:/usr/games:/usr/local/games:/snap/bin:/home/michael1337/Programs/jdk/jdk1.8.0_121
USERNAME=michael1337
SHELL=/bin/bash
DISPLAY=:1

Signal Handlers:
SIGSEGV: [libjvm.so+0xac78c0], sa_mask[0]=11111111011111111101111111111110, sa_flags=SA_RESTART|SA_SIGINFO
SIGBUS: [libjvm.so+0xac78c0], sa_mask[0]=11111111011111111101111111111110, sa_flags=SA_RESTART|SA_SIGINFO
SIGFPE: [libjvm.so+0x920ac0], sa_mask[0]=11111111011111111101111111111110, sa_flags=SA_RESTART|SA_SIGINFO
SIGPIPE: [libjvm.so+0x920ac0], sa_mask[0]=11111111011111111101111111111110, sa_flags=SA_RESTART|SA_SIGINFO
SIGXFSZ: [libjvm.so+0x920ac0], sa_mask[0]=11111111011111111101111111111110, sa_flags=SA_RESTART|SA_SIGINFO
SIGILL: [libjvm.so+0x920ac0], sa_mask[0]=11111111011111111101111111111110, sa_flags=SA_RESTART|SA_SIGINFO
SIGUSR1: SIG_DFL, sa_mask[0]=00000000000000000000000000000000, sa_flags=none
SIGUSR2: [libjvm.so+0x922300], sa_mask[0]=00100000000000000000000000000000, sa_flags=SA_RESTART|SA_SIGINFO
SIGHUP: [libjvm.so+0x923700], sa_mask[0]=11111111011111111101111111111110, sa_flags=SA_RESTART|SA_SIGINFO
SIGINT: [libjvm.so+0x923700], sa_mask[0]=11111111011111111101111111111110, sa_flags=SA_RESTART|SA_SIGINFO
SIGTERM: [libjvm.so+0x923700], sa_mask[0]=11111111011111111101111111111110, sa_flags=SA_RESTART|SA_SIGINFO
SIGQUIT: [libjvm.so+0x923700], sa_mask[0]=11111111011111111101111111111110, sa_flags=SA_RESTART|SA_SIGINFO


---------------  S Y S T E M  ---------------

OS:DISTRIB_ID=Ubuntu
DISTRIB_RELEASE=16.04
DISTRIB_CODENAME=xenial
DISTRIB_DESCRIPTION="Ubuntu 16.04.5 LTS"

uname:Linux 4.4.0-133-generic #159-Ubuntu SMP Fri Aug 10 07:31:43 UTC 2018 x86_64
libc:glibc 2.23 NPTL 2.23 
rlimit: STACK 8192k, CORE 0k, NPROC 61756, NOFILE 1048576, AS infinity
load average:1,68 1,31 1,04

/proc/meminfo:
MemTotal:       15852028 kB
MemFree:         3074864 kB
MemAvailable:   10133976 kB
Buffers:          411892 kB
Cached:          6684880 kB
SwapCached:          240 kB
Active:          7824760 kB
Inactive:        3772816 kB
Active(anon):    4507536 kB
Inactive(anon):   640168 kB
Active(file):    3317224 kB
Inactive(file):  3132648 kB
Unevictable:          16 kB
Mlocked:              16 kB
SwapTotal:      16189436 kB
SwapFree:       16164488 kB
Dirty:               832 kB
Writeback:             0 kB
AnonPages:       4500484 kB
Mapped:           903404 kB
Shmem:            646900 kB
Slab:            1013772 kB
SReclaimable:     945692 kB
SUnreclaim:        68080 kB
KernelStack:       15856 kB
PageTables:        63272 kB
NFS_Unstable:          0 kB
Bounce:                0 kB
WritebackTmp:          0 kB
CommitLimit:    24115448 kB
Committed_AS:   20521812 kB
VmallocTotal:   34359738367 kB
VmallocUsed:           0 kB
VmallocChunk:          0 kB
HardwareCorrupted:     0 kB
AnonHugePages:         0 kB
CmaTotal:              0 kB
CmaFree:               0 kB
HugePages_Total:       0
HugePages_Free:        0
HugePages_Rsvd:        0
HugePages_Surp:        0
Hugepagesize:       2048 kB
DirectMap4k:      880324 kB
DirectMap2M:    15310848 kB
DirectMap1G:           0 kB


CPU:total 4 (2 cores per cpu, 2 threads per core) family 6 model 78 stepping 3, cmov, cx8, fxsr, mmx, sse, sse2, sse3, ssse3, sse4.1, sse4.2, popcnt, avx, avx2, aes, clmul, erms, 3dnowpref, lzcnt, ht, tsc, tscinvbit, bmi1, bmi2, adx

/proc/cpuinfo:
processor	: 0
vendor_id	: GenuineIntel
cpu family	: 6
model		: 78
model name	: Intel(R) Core(TM) i7-6500U CPU @ 2.50GHz
stepping	: 3
microcode	: 0xc2
cpu MHz		: 2682.773
cache size	: 4096 KB
physical id	: 0
siblings	: 4
core id		: 0
cpu cores	: 2
apicid		: 0
initial apicid	: 0
fpu		: yes
fpu_exception	: yes
cpuid level	: 22
wp		: yes
flags		: fpu vme de pse tsc msr pae mce cx8 apic sep mtrr pge mca cmov pat pse36 clflush dts acpi mmx fxsr sse sse2 ss ht tm pbe syscall nx pdpe1gb rdtscp lm constant_tsc art arch_perfmon pebs bts rep_good nopl xtopology nonstop_tsc aperfmperf eagerfpu pni pclmulqdq dtes64 monitor ds_cpl vmx est tm2 ssse3 sdbg fma cx16 xtpr pdcm pcid sse4_1 sse4_2 x2apic movbe popcnt tsc_deadline_timer aes xsave avx f16c rdrand lahf_lm abm 3dnowprefetch epb invpcid_single intel_pt ibrs ibpb stibp kaiser tpr_shadow vnmi flexpriority ept vpid fsgsbase tsc_adjust bmi1 avx2 smep bmi2 erms invpcid mpx rdseed adx smap clflushopt xsaveopt xsavec xgetbv1 dtherm ida arat pln pts hwp hwp_notify hwp_act_window hwp_epp
bugs		: cpu_meltdown spectre_v1 spectre_v2 spec_store_bypass l1tf
bogomips	: 5184.48
clflush size	: 64
cache_alignment	: 64
address sizes	: 39 bits physical, 48 bits virtual
power management:

processor	: 1
vendor_id	: GenuineIntel
cpu family	: 6
model		: 78
model name	: Intel(R) Core(TM) i7-6500U CPU @ 2.50GHz
stepping	: 3
microcode	: 0xc2
cpu MHz		: 2691.812
cache size	: 4096 KB
physical id	: 0
siblings	: 4
core id		: 1
cpu cores	: 2
apicid		: 2
initial apicid	: 2
fpu		: yes
fpu_exception	: yes
cpuid level	: 22
wp		: yes
flags		: fpu vme de pse tsc msr pae mce cx8 apic sep mtrr pge mca cmov pat pse36 clflush dts acpi mmx fxsr sse sse2 ss ht tm pbe syscall nx pdpe1gb rdtscp lm constant_tsc art arch_perfmon pebs bts rep_good nopl xtopology nonstop_tsc aperfmperf eagerfpu pni pclmulqdq dtes64 monitor ds_cpl vmx est tm2 ssse3 sdbg fma cx16 xtpr pdcm pcid sse4_1 sse4_2 x2apic movbe popcnt tsc_deadline_timer aes xsave avx f16c rdrand lahf_lm abm 3dnowprefetch epb invpcid_single intel_pt ibrs ibpb stibp kaiser tpr_shadow vnmi flexpriority ept vpid fsgsbase tsc_adjust bmi1 avx2 smep bmi2 erms invpcid mpx rdseed adx smap clflushopt xsaveopt xsavec xgetbv1 dtherm ida arat pln pts hwp hwp_notify hwp_act_window hwp_epp
bugs		: cpu_meltdown spectre_v1 spectre_v2 spec_store_bypass l1tf
bogomips	: 5184.48
clflush size	: 64
cache_alignment	: 64
address sizes	: 39 bits physical, 48 bits virtual
power management:

processor	: 2
vendor_id	: GenuineIntel
cpu family	: 6
model		: 78
model name	: Intel(R) Core(TM) i7-6500U CPU @ 2.50GHz
stepping	: 3
microcode	: 0xc2
cpu MHz		: 2682.570
cache size	: 4096 KB
physical id	: 0
siblings	: 4
core id		: 0
cpu cores	: 2
apicid		: 1
initial apicid	: 1
fpu		: yes
fpu_exception	: yes
cpuid level	: 22
wp		: yes
flags		: fpu vme de pse tsc msr pae mce cx8 apic sep mtrr pge mca cmov pat pse36 clflush dts acpi mmx fxsr sse sse2 ss ht tm pbe syscall nx pdpe1gb rdtscp lm constant_tsc art arch_perfmon pebs bts rep_good nopl xtopology nonstop_tsc aperfmperf eagerfpu pni pclmulqdq dtes64 monitor ds_cpl vmx est tm2 ssse3 sdbg fma cx16 xtpr pdcm pcid sse4_1 sse4_2 x2apic movbe popcnt tsc_deadline_timer aes xsave avx f16c rdrand lahf_lm abm 3dnowprefetch epb invpcid_single intel_pt ibrs ibpb stibp kaiser tpr_shadow vnmi flexpriority ept vpid fsgsbase tsc_adjust bmi1 avx2 smep bmi2 erms invpcid mpx rdseed adx smap clflushopt xsaveopt xsavec xgetbv1 dtherm ida arat pln pts hwp hwp_notify hwp_act_window hwp_epp
bugs		: cpu_meltdown spectre_v1 spectre_v2 spec_store_bypass l1tf
bogomips	: 5184.48
clflush size	: 64
cache_alignment	: 64
address sizes	: 39 bits physical, 48 bits virtual
power management:

processor	: 3
vendor_id	: GenuineIntel
cpu family	: 6
model		: 78
model name	: Intel(R) Core(TM) i7-6500U CPU @ 2.50GHz
stepping	: 3
microcode	: 0xc2
cpu MHz		: 2690.289
cache size	: 4096 KB
physical id	: 0
siblings	: 4
core id		: 1
cpu cores	: 2
apicid		: 3
initial apicid	: 3
fpu		: yes
fpu_exception	: yes
cpuid level	: 22
wp		: yes
flags		: fpu vme de pse tsc msr pae mce cx8 apic sep mtrr pge mca cmov pat pse36 clflush dts acpi mmx fxsr sse sse2 ss ht tm pbe syscall nx pdpe1gb rdtscp lm constant_tsc art arch_perfmon pebs bts rep_good nopl xtopology nonstop_tsc aperfmperf eagerfpu pni pclmulqdq dtes64 monitor ds_cpl vmx est tm2 ssse3 sdbg fma cx16 xtpr pdcm pcid sse4_1 sse4_2 x2apic movbe popcnt tsc_deadline_timer aes xsave avx f16c rdrand lahf_lm abm 3dnowprefetch epb invpcid_single intel_pt ibrs ibpb stibp kaiser tpr_shadow vnmi flexpriority ept vpid fsgsbase tsc_adjust bmi1 avx2 smep bmi2 erms invpcid mpx rdseed adx smap clflushopt xsaveopt xsavec xgetbv1 dtherm ida arat pln pts hwp hwp_notify hwp_act_window hwp_epp
bugs		: cpu_meltdown spectre_v1 spectre_v2 spec_store_bypass l1tf
bogomips	: 5184.48
clflush size	: 64
cache_alignment	: 64
address sizes	: 39 bits physical, 48 bits virtual
power management:



Memory: 4k page, physical 15852028k(3074616k free), swap 16189436k(16164488k free)

vm_info: Java HotSpot(TM) 64-Bit Server VM (25.121-b13) for linux-amd64 JRE (1.8.0_121-b13), built on Dec 12 2016 16:36:53 by "java_re" with gcc 4.3.0 20080428 (Red Hat 4.3.0-8)

time: Tue Sep  4 17:40:47 2018
elapsed time: 0 seconds (0d 0h 0m 0s)

