#
# A fatal error has been detected by the Java Runtime Environment:
#
#  EXCEPTION_ACCESS_VIOLATION (0xc0000005) at pc=0x000000006f4bf9b0, pid=2280, tid=0x00000000000029f0
#
# JRE version: Java(TM) SE Runtime Environment (8.0_121-b13) (build 1.8.0_121-b13)
# Java VM: Java HotSpot(TM) 64-Bit Server VM (25.121-b13 mixed mode windows-amd64 compressed oops)
# Problematic frame:
# C  [nvoglv64.DLL+0xf9f9b0]
#
# Failed to write core dump. Minidumps are not enabled by default on client versions of Windows
#
# If you would like to submit a bug report, please visit:
#   http://bugreport.java.com/bugreport/crash.jsp
# The crash happened outside the Java Virtual Machine in native code.
# See problematic frame for where to report the bug.
#

---------------  T H R E A D  ---------------

Current thread (0x0000000018a57000):  JavaThread "Thread-0" daemon [_thread_in_native, id=10736, stack(0x0000000019220000,0x0000000019320000)]

siginfo: ExceptionCode=0xc0000005, reading address 0x0000000000000000

Registers:
RAX=0x0000000000000030, RBX=0x000000001a477aa8, RCX=0x000000001b92144c, RDX=0xffffffffe46debb4
RSP=0x000000001931ec28, RBP=0x0000000000000001, RSI=0x0000000000000003, RDI=0x000000001b92144c
R8 =0x0000000000000030, R9 =0x0000000000000003, R10=0x0000000000000000, R11=0x000000001b92144c
R12=0x0000000000000000, R13=0x000000006e520000, R14=0x0000000000000000, R15=0x000000001a477828
RIP=0x000000006f4bf9b0, EFLAGS=0x0000000000010283

Top of Stack: (sp=0x000000001931ec28)
0x000000001931ec28:   000000006f023b1a 0000000016e4e2b8
0x000000001931ec38:   000000001931ed80 00000000189969f0
0x000000001931ec48:   000000006eec244b 0000000018a57000
0x000000001931ec58:   0000000000000003 0000000000000000
0x000000001931ec68:   000000000002010b 000000001a477828
0x000000001931ec78:   000000006f024902 000000001a477080
0x000000001931ec88:   0000000000000004 0000000000000000
0x000000001931ec98:   0000000002637e06 0000000018a57000
0x000000001931eca8:   000000001931ed80 0000000016e4e2b0
0x000000001931ecb8:   0000000000000000 000000000262835d
0x000000001931ecc8:   0000000002637f74 0000000016e4e2b8
0x000000001931ecd8:   000000001931ed50 0000000000001248
0x000000001931ece8:   0000000016e4e2b8 0000000000000003
0x000000001931ecf8:   0000000018a57000 000000001931edd0
0x000000001931ed08:   0000000002637ca2 000000001931ed10
0x000000001931ed18:   0000000016e4e2b0 000000001931ed80 

Instructions: (pc=0x000000006f4bf9b0)
0x000000006f4bf990:   29 41 c0 0f 29 49 d0 0f 10 44 0a e0 0f 10 4c 0a
0x000000006f4bf9a0:   f0 75 ad 0f 29 41 e0 49 83 e0 7f 0f 28 c1 eb 0c
0x000000006f4bf9b0:   0f 10 04 0a 48 83 c1 10 49 83 e8 10 4d 8b c8 49
0x000000006f4bf9c0:   c1 e9 04 74 1c 66 66 66 0f 1f 84 00 00 00 00 00 


Register to memory mapping:

RAX=0x0000000000000030 is an unknown value
RBX=0x000000001a477aa8 is an unknown value
RCX=0x000000001b92144c is an unknown value
RDX=0xffffffffe46debb4 is an unknown value
RSP=0x000000001931ec28 is pointing into the stack for thread: 0x0000000018a57000
RBP=0x0000000000000001 is an unknown value
RSI=0x0000000000000003 is an unknown value
RDI=0x000000001b92144c is an unknown value
R8 =0x0000000000000030 is an unknown value
R9 =0x0000000000000003 is an unknown value
R10=0x0000000000000000 is an unknown value
R11=0x000000001b92144c is an unknown value
R12=0x0000000000000000 is an unknown value
R13=0x000000006e520000 is an unknown value
R14=0x0000000000000000 is an unknown value
R15=0x000000001a477828 is an unknown value


Stack: [0x0000000019220000,0x0000000019320000],  sp=0x000000001931ec28,  free space=1019k
Native frames: (J=compiled Java code, j=interpreted, Vv=VM code, C=native code)
C  [nvoglv64.DLL+0xf9f9b0]
C  [nvoglv64.DLL+0xb03b1a]
C  [nvoglv64.DLL+0xb04902]
C  0x0000000002637f74

Java frames: (J=compiled Java code, j=interpreted, Vv=VM code)
j  org.lwjgl.opengl.GL11.glDrawArrays(III)V+0
j  gui.graphics.GraphicsHandler.draw()Z+25
j  threads.DrawThread.run()V+3
v  ~StubRoutines::call_stub

---------------  P R O C E S S  ---------------

Java Threads: ( => current thread )
=>0x0000000018a57000 JavaThread "Thread-0" daemon [_thread_in_native, id=10736, stack(0x0000000019220000,0x0000000019320000)]
  0x0000000018994800 JavaThread "Service Thread" daemon [_thread_blocked, id=580, stack(0x0000000019020000,0x0000000019120000)]
  0x0000000018988800 JavaThread "C1 CompilerThread2" daemon [_thread_blocked, id=11716, stack(0x0000000018f20000,0x0000000019020000)]
  0x000000001891e000 JavaThread "C2 CompilerThread1" daemon [_thread_blocked, id=10820, stack(0x0000000018e20000,0x0000000018f20000)]
  0x000000001891d800 JavaThread "C2 CompilerThread0" daemon [_thread_blocked, id=8944, stack(0x0000000018d20000,0x0000000018e20000)]
  0x0000000018911800 JavaThread "Monitor Ctrl-Break" daemon [_thread_in_native, id=6916, stack(0x0000000018c20000,0x0000000018d20000)]
  0x00000000171de000 JavaThread "Attach Listener" daemon [_thread_blocked, id=1248, stack(0x0000000018720000,0x0000000018820000)]
  0x00000000171dd000 JavaThread "Signal Dispatcher" daemon [_thread_blocked, id=9948, stack(0x0000000018620000,0x0000000018720000)]
  0x0000000002618800 JavaThread "Finalizer" daemon [_thread_blocked, id=5456, stack(0x0000000018430000,0x0000000018530000)]
  0x0000000002613000 JavaThread "Reference Handler" daemon [_thread_blocked, id=7000, stack(0x0000000018330000,0x0000000018430000)]
  0x0000000002523800 JavaThread "main" [_thread_blocked, id=8968, stack(0x0000000002210000,0x0000000002310000)]

Other Threads:
  0x00000000171a7000 VMThread [stack: 0x0000000018230000,0x0000000018330000] [id=5264]
  0x00000000189e5800 WatcherThread [stack: 0x0000000019120000,0x0000000019220000] [id=5912]

VM state:not at safepoint (normal execution)

VM Mutex/Monitor currently owned by a thread: None

Heap:
 PSYoungGen      total 38400K, used 20599K [0x00000000d5900000, 0x00000000d8380000, 0x0000000100000000)
  eden space 33280K, 61% used [0x00000000d5900000,0x00000000d6d1dc30,0x00000000d7980000)
  from space 5120K, 0% used [0x00000000d7e80000,0x00000000d7e80000,0x00000000d8380000)
  to   space 5120K, 0% used [0x00000000d7980000,0x00000000d7980000,0x00000000d7e80000)
 ParOldGen       total 87552K, used 0K [0x0000000080a00000, 0x0000000085f80000, 0x00000000d5900000)
  object space 87552K, 0% used [0x0000000080a00000,0x0000000080a00000,0x0000000085f80000)
 Metaspace       used 9651K, capacity 9955K, committed 10240K, reserved 1058816K
  class space    used 853K, capacity 944K, committed 1024K, reserved 1048576K

Card table byte_map: [0x00000000119e0000,0x0000000011de0000] byte_map_base: 0x00000000115db000

Marking Bits: (ParMarkBitMap*) 0x0000000070f7b6d0
 Begin Bits: [0x0000000012490000, 0x0000000014468000)
 End Bits:   [0x0000000014468000, 0x0000000016440000)

Polling page: 0x0000000000610000

CodeCache: size=245760Kb used=2849Kb max_used=2861Kb free=242910Kb
 bounds [0x0000000002620000, 0x00000000028f0000, 0x0000000011620000]
 total_blobs=1485 nmethods=649 adapters=749
 compilation: enabled

Compilation events (10 events):
Event: 1.645 Thread 0x0000000018988800 nmethod 636 0x00000000028e66d0 code [0x00000000028e68a0, 0x00000000028e6ec8]
Event: 1.645 Thread 0x0000000018988800  638       3       sun.reflect.UnsafeQualifiedLongFieldAccessorImpl::<init> (7 bytes)
Event: 1.645 Thread 0x0000000018988800 nmethod 638 0x00000000028e70d0 code [0x00000000028e7240, 0x00000000028e7448]
Event: 1.645 Thread 0x0000000018988800  639       3       sun.reflect.UnsafeQualifiedFieldAccessorImpl::<init> (11 bytes)
Event: 1.646 Thread 0x0000000018988800 nmethod 639 0x00000000028dd990 code [0x00000000028ddb00, 0x00000000028ddca8]
Event: 1.646 Thread 0x0000000018988800  642       3       org.lwjgl.PointerBuffer::put (20 bytes)
Event: 1.646 Thread 0x0000000018988800 nmethod 642 0x00000000028e7510 code [0x00000000028e76a0, 0x00000000028e7bb8]
Event: 1.647 Thread 0x0000000018988800  648       3       java.util.regex.Pattern::isSupplementary (20 bytes)
Event: 1.647 Thread 0x0000000018988800 nmethod 648 0x00000000028e7e50 code [0x00000000028e7fc0, 0x00000000028e8290]
Event: 1.649 Thread 0x000000001891d800  649       4       java.lang.StringBuilder::append (8 bytes)

GC Heap History (0 events):
No events

Deoptimization events (0 events):
No events

Internal exceptions (10 events):
Event: 0.048 Thread 0x0000000002523800 Exception <a 'java/lang/NoSuchMethodError': Method sun.misc.Unsafe.prefetchRead(Ljava/lang/Object;J)V name or signature does not match> (0x00000000d5907f90) thrown at [C:\re\workspace\8-2-build-windows-amd64-cygwin\jdk8u121\8372\hotspot\src\share\vm\prims
Event: 0.187 Thread 0x0000000018a57000 Exception <a 'java/lang/NoSuchMethodError': java.lang.Object.lambda$static$0(Ljava/lang/String;)Ljava/lang/Boolean;> (0x00000000d5dea840) thrown at [C:\re\workspace\8-2-build-windows-amd64-cygwin\jdk8u121\8372\hotspot\src\share\vm\interpreter\linkResolver
Event: 0.200 Thread 0x0000000018a57000 Exception <a 'java/lang/NoSuchFieldError': method resolution failed> (0x00000000d5e6cc90) thrown at [C:\re\workspace\8-2-build-windows-amd64-cygwin\jdk8u121\8372\hotspot\src\share\vm\prims\methodHandles.cpp, line 1146]
Event: 0.202 Thread 0x0000000018a57000 Exception <a 'java/lang/NoSuchFieldError': method resolution failed> (0x00000000d5e7ab38) thrown at [C:\re\workspace\8-2-build-windows-amd64-cygwin\jdk8u121\8372\hotspot\src\share\vm\prims\methodHandles.cpp, line 1146]
Event: 0.251 Thread 0x0000000018a57000 Exception <a 'java/security/PrivilegedActionException'> (0x00000000d6062840) thrown at [C:\re\workspace\8-2-build-windows-amd64-cygwin\jdk8u121\8372\hotspot\src\share\vm\prims\jvm.cpp, line 1390]
Event: 0.251 Thread 0x0000000018a57000 Exception <a 'java/security/PrivilegedActionException'> (0x00000000d6062a50) thrown at [C:\re\workspace\8-2-build-windows-amd64-cygwin\jdk8u121\8372\hotspot\src\share\vm\prims\jvm.cpp, line 1390]
Event: 0.251 Thread 0x0000000018a57000 Exception <a 'java/security/PrivilegedActionException'> (0x00000000d6066b48) thrown at [C:\re\workspace\8-2-build-windows-amd64-cygwin\jdk8u121\8372\hotspot\src\share\vm\prims\jvm.cpp, line 1390]
Event: 0.251 Thread 0x0000000018a57000 Exception <a 'java/security/PrivilegedActionException'> (0x00000000d6066d58) thrown at [C:\re\workspace\8-2-build-windows-amd64-cygwin\jdk8u121\8372\hotspot\src\share\vm\prims\jvm.cpp, line 1390]
Event: 1.403 Thread 0x0000000018a57000 Exception <a 'sun/nio/fs/WindowsException'> (0x00000000d6301af8) thrown at [C:\re\workspace\8-2-build-windows-amd64-cygwin\jdk8u121\8372\hotspot\src\share\vm\prims\jni.cpp, line 709]
Event: 1.403 Thread 0x0000000018a57000 Exception <a 'sun/nio/fs/WindowsException'> (0x00000000d6303520) thrown at [C:\re\workspace\8-2-build-windows-amd64-cygwin\jdk8u121\8372\hotspot\src\share\vm\prims\jni.cpp, line 709]

Events (10 events):
Event: 1.648 loading class java/util/regex/Pattern$6
Event: 1.648 loading class java/util/regex/Pattern$6 done
Event: 1.648 loading class java/lang/Throwable$WrappedPrintStream
Event: 1.648 loading class java/lang/Throwable$PrintStreamOrWriter
Event: 1.649 loading class java/lang/Throwable$PrintStreamOrWriter done
Event: 1.649 loading class java/lang/Throwable$WrappedPrintStream done
Event: 1.649 loading class java/util/IdentityHashMap
Event: 1.649 loading class java/util/IdentityHashMap done
Event: 1.649 loading class java/util/IdentityHashMap$KeySet
Event: 1.649 loading class java/util/IdentityHashMap$KeySet done


Dynamic libraries:
0x00007ff678fc0000 - 0x00007ff678ff7000 	C:\Program Files\Java\jdk1.8.0_121\bin\java.exe
0x00007ff8e5240000 - 0x00007ff8e541b000 	C:\WINDOWS\SYSTEM32\ntdll.dll
0x00007ff8e4100000 - 0x00007ff8e41ae000 	C:\WINDOWS\System32\KERNEL32.DLL
0x00007ff8e1980000 - 0x00007ff8e1bc9000 	C:\WINDOWS\System32\KERNELBASE.dll
0x00007ff8e50f0000 - 0x00007ff8e5191000 	C:\WINDOWS\System32\ADVAPI32.dll
0x00007ff8e2930000 - 0x00007ff8e29cd000 	C:\WINDOWS\System32\msvcrt.dll
0x00007ff8e5030000 - 0x00007ff8e5089000 	C:\WINDOWS\System32\sechost.dll
0x00007ff8e3fc0000 - 0x00007ff8e40e5000 	C:\WINDOWS\System32\RPCRT4.dll
0x00007ff8e4600000 - 0x00007ff8e474a000 	C:\WINDOWS\System32\USER32.dll
0x00007ff8e2510000 - 0x00007ff8e252e000 	C:\WINDOWS\System32\win32u.dll
0x00007ff8e4750000 - 0x00007ff8e4777000 	C:\WINDOWS\System32\GDI32.dll
0x00007ff8e2320000 - 0x00007ff8e24a7000 	C:\WINDOWS\System32\gdi32full.dll
0x00007ff8e26e0000 - 0x00007ff8e277a000 	C:\WINDOWS\System32\msvcp_win.dll
0x00007ff8e2530000 - 0x00007ff8e2626000 	C:\WINDOWS\System32\ucrtbase.dll
0x00007ff8dbf00000 - 0x00007ff8dc167000 	C:\WINDOWS\WinSxS\amd64_microsoft.windows.common-controls_6595b64144ccf1df_6.0.15063.483_none_26002d27e7c744a2\COMCTL32.dll
0x00007ff8e41b0000 - 0x00007ff8e44a9000 	C:\WINDOWS\System32\combase.dll
0x00007ff8e1910000 - 0x00007ff8e197a000 	C:\WINDOWS\System32\bcryptPrimitives.dll
0x00007ff8e5000000 - 0x00007ff8e502d000 	C:\WINDOWS\System32\IMM32.DLL
0x0000000071000000 - 0x00000000710d2000 	C:\Program Files\Java\jdk1.8.0_121\jre\bin\msvcr100.dll
0x0000000070760000 - 0x0000000070ffb000 	C:\Program Files\Java\jdk1.8.0_121\jre\bin\server\jvm.dll
0x00007ff8e4ff0000 - 0x00007ff8e4ff8000 	C:\WINDOWS\System32\PSAPI.DLL
0x00007ff8d3820000 - 0x00007ff8d3829000 	C:\WINDOWS\SYSTEM32\WSOCK32.dll
0x00007ff8e4e50000 - 0x00007ff8e4ebc000 	C:\WINDOWS\System32\WS2_32.dll
0x00007ff8de160000 - 0x00007ff8de183000 	C:\WINDOWS\SYSTEM32\WINMM.dll
0x00007ff8dfb70000 - 0x00007ff8dfb7a000 	C:\WINDOWS\SYSTEM32\VERSION.dll
0x00007ff8de100000 - 0x00007ff8de12b000 	C:\WINDOWS\SYSTEM32\WINMMBASE.dll
0x00007ff8e1bd0000 - 0x00007ff8e1c19000 	C:\WINDOWS\System32\cfgmgr32.dll
0x0000000071e30000 - 0x0000000071e3f000 	C:\Program Files\Java\jdk1.8.0_121\jre\bin\verify.dll
0x0000000071e00000 - 0x0000000071e29000 	C:\Program Files\Java\jdk1.8.0_121\jre\bin\java.dll
0x0000000071db0000 - 0x0000000071dd3000 	C:\Program Files\Java\jdk1.8.0_121\jre\bin\instrument.dll
0x0000000071d90000 - 0x0000000071da6000 	C:\Program Files\Java\jdk1.8.0_121\jre\bin\zip.dll
0x00007ff8e29d0000 - 0x00007ff8e3e06000 	C:\WINDOWS\System32\SHELL32.dll
0x00007ff8e3e30000 - 0x00007ff8e3eda000 	C:\WINDOWS\System32\shcore.dll
0x00007ff8e1c20000 - 0x00007ff8e2311000 	C:\WINDOWS\System32\windows.storage.dll
0x00007ff8e4780000 - 0x00007ff8e47d1000 	C:\WINDOWS\System32\shlwapi.dll
0x00007ff8e1720000 - 0x00007ff8e1731000 	C:\WINDOWS\System32\kernel.appcore.dll
0x00007ff8e16d0000 - 0x00007ff8e171c000 	C:\WINDOWS\System32\powrprof.dll
0x00007ff8e1690000 - 0x00007ff8e16a5000 	C:\WINDOWS\System32\profapi.dll
0x00007ff8be860000 - 0x00007ff8be87a000 	C:\Program Files\JetBrains\IntelliJ IDEA Community Edition 2017.1.2\bin\breakgen64.dll
0x0000000070740000 - 0x000000007075a000 	C:\Program Files\Java\jdk1.8.0_121\jre\bin\net.dll
0x00007ff8e0c10000 - 0x00007ff8e0c6c000 	C:\WINDOWS\system32\mswsock.dll
0x0000000070720000 - 0x0000000070731000 	C:\Program Files\Java\jdk1.8.0_121\jre\bin\nio.dll
0x00007ff8b8ff0000 - 0x00007ff8b9048000 	C:\Users\Michael\AppData\Local\Temp\lwjglMichael\3.1.3-SNAPSHOT\lwjgl.dll
0x00007ff8bdde0000 - 0x00007ff8bde2d000 	C:\Users\Michael\AppData\Local\Temp\lwjglMichael\3.1.3-SNAPSHOT\glfw.dll
0x00007ff8df850000 - 0x00007ff8df8e5000 	C:\WINDOWS\system32\uxtheme.dll
0x00007ff8bbba0000 - 0x00007ff8bbbe2000 	C:\WINDOWS\SYSTEM32\dinput8.dll
0x00007ff8cfd00000 - 0x00007ff8cfd0e000 	C:\WINDOWS\SYSTEM32\xinput1_4.dll
0x00007ff8df8f0000 - 0x00007ff8df918000 	C:\WINDOWS\SYSTEM32\DEVOBJ.dll
0x00007ff8de050000 - 0x00007ff8de07a000 	C:\WINDOWS\SYSTEM32\dwmapi.dll
0x00007ff8e4c20000 - 0x00007ff8e4d86000 	C:\WINDOWS\System32\MSCTF.dll
0x00007ff8e4d90000 - 0x00007ff8e4e50000 	C:\WINDOWS\System32\OLEAUT32.dll
0x00007ff8dfb60000 - 0x00007ff8dfb6d000 	C:\WINDOWS\SYSTEM32\HID.DLL
0x00007ff8e47e0000 - 0x00007ff8e4c1b000 	C:\WINDOWS\System32\SETUPAPI.DLL
0x00007ff8e24b0000 - 0x00007ff8e2506000 	C:\WINDOWS\System32\WINTRUST.dll
0x00007ff8e16b0000 - 0x00007ff8e16c1000 	C:\WINDOWS\System32\MSASN1.dll
0x00007ff8e1740000 - 0x00007ff8e1909000 	C:\WINDOWS\System32\CRYPT32.dll
0x00007ff8bbbf0000 - 0x00007ff8bbd11000 	C:\WINDOWS\SYSTEM32\opengl32.dll
0x00007ff8bd640000 - 0x00007ff8bd66c000 	C:\WINDOWS\SYSTEM32\GLU32.dll
0x000000006e520000 - 0x000000007071a000 	C:\WINDOWS\SYSTEM32\nvoglv64.DLL
0x00007ff8dde70000 - 0x00007ff8dde83000 	C:\WINDOWS\SYSTEM32\WTSAPI32.dll
0x00007ff8dfed0000 - 0x00007ff8dff01000 	C:\WINDOWS\SYSTEM32\ntmarta.dll
0x00007ff8e1460000 - 0x00007ff8e14b5000 	C:\WINDOWS\SYSTEM32\WINSTA.dll
0x00007ff8dc170000 - 0x00007ff8dc1f2000 	C:\WINDOWS\System32\TextInputFramework.dll
0x00007ff8db700000 - 0x00007ff8db9d2000 	C:\WINDOWS\System32\CoreUIComponents.dll
0x00007ff8df110000 - 0x00007ff8df1f3000 	C:\WINDOWS\System32\CoreMessaging.dll
0x00007ff8ddb50000 - 0x00007ff8ddb65000 	C:\WINDOWS\SYSTEM32\usermgrcli.dll
0x00007ff8dd510000 - 0x00007ff8dd649000 	C:\WINDOWS\SYSTEM32\wintypes.dll
0x00007ff8b8990000 - 0x00007ff8b89ef000 	C:\Users\Michael\AppData\Local\Temp\lwjglMichael\3.1.3-SNAPSHOT\lwjgl_opengl.dll
0x00007ff8e1060000 - 0x00007ff8e1209000 	C:\WINDOWS\SYSTEM32\dbghelp.dll

VM Arguments:
jvm_args: -javaagent:C:\Program Files\JetBrains\IntelliJ IDEA Community Edition 2017.1.2\lib\idea_rt.jar=63358:C:\Program Files\JetBrains\IntelliJ IDEA Community Edition 2017.1.2\bin -Dfile.encoding=UTF-8 
java_command: LWJGLStart
java_class_path (initial): C:\Program Files\Java\jdk1.8.0_121\jre\lib\charsets.jar;C:\Program Files\Java\jdk1.8.0_121\jre\lib\deploy.jar;C:\Program Files\Java\jdk1.8.0_121\jre\lib\ext\access-bridge-64.jar;C:\Program Files\Java\jdk1.8.0_121\jre\lib\ext\cldrdata.jar;C:\Program Files\Java\jdk1.8.0_121\jre\lib\ext\dnsns.jar;C:\Program Files\Java\jdk1.8.0_121\jre\lib\ext\jaccess.jar;C:\Program Files\Java\jdk1.8.0_121\jre\lib\ext\jfxrt.jar;C:\Program Files\Java\jdk1.8.0_121\jre\lib\ext\localedata.jar;C:\Program Files\Java\jdk1.8.0_121\jre\lib\ext\nashorn.jar;C:\Program Files\Java\jdk1.8.0_121\jre\lib\ext\sunec.jar;C:\Program Files\Java\jdk1.8.0_121\jre\lib\ext\sunjce_provider.jar;C:\Program Files\Java\jdk1.8.0_121\jre\lib\ext\sunmscapi.jar;C:\Program Files\Java\jdk1.8.0_121\jre\lib\ext\sunpkcs11.jar;C:\Program Files\Java\jdk1.8.0_121\jre\lib\ext\zipfs.jar;C:\Program Files\Java\jdk1.8.0_121\jre\lib\javaws.jar;C:\Program Files\Java\jdk1.8.0_121\jre\lib\jce.jar;C:\Program Files\Java\jdk1.8.0_121\jre\lib\jfr.jar;C:\Program Files\Java\jdk1.8.0_121\jre\lib\jfxswt.jar;C:\Program Files\Java\jdk1.8.0_121\jre\lib\jsse.jar;C:\Program Files\Java\jdk1.8.0_121\jre\lib\management-agent.jar;C:\Program Files\Java\jdk1.8.0_121\jre\lib\plugin.jar;C:\Program Files\Java\jdk1.8.0_121\jre\lib\resources.jar;C:\Program Files\Java\jdk1.8.0_121\jre\lib\rt.jar;D:\Projects\Neolithic\game\out\production\game;C:\Program Files\JetBrains\IntelliJ IDEA Community Edition 2017.1.2\lib\groovy-all-2.4.6.jar;D:\Projects\Neolithic\game\lwjgl-release-3.1.3-openGl\lwjgl.jar;D:\Projects\Neolithic\game\lwjgl-release-3.1.3-openGl\lwjgl-stb.jar;D:\Projects\Neolithic\game\lwjgl-release-3.1.3-openGl\lwjgl-glfw.jar;D:\Projects\Neolithic\game\lwjgl-release-3.1.3-openGl\lwjgl-openal.jar;D:\Projects\Neolithic\game\lwjgl-release-3.1.3-openGl\lwjgl-opengl.jar;D:\Projects\Neolithic\game\lwjgl-release-3.1.3-openGl\lwjgl-vulkan.jar;D:\Projects\Neolithic\game\lwjgl-release-3.1.3-openGl\lwjgl-javadoc.jar;D:\Projects\Neolithic\g
Launcher Type: SUN_STANDARD

Environment Variables:
PATH=C:\Program Files (x86)\NVIDIA Corporation\PhysX\Common;C:\Program Files (x86)\Java\jdk1.8.0_65\bin;C:\Program Files (x86)\Intel\iCLS Client\;C:\Program Files\Intel\iCLS Client\;C:\ProgramData\Oracle\Java\javapath;C:\WINDOWS\system32;C:\WINDOWS;C:\WINDOWS\System32\Wbem;C:\WINDOWS\System32\WindowsPowerShell\v1.0\;C:\Program Files\Intel\Intel(R) Management Engine Components\DAL;C:\Program Files\Intel\Intel(R) Management Engine Components\IPT;C:\Program Files (x86)\Intel\Intel(R) Management Engine Components\DAL;C:\Program Files (x86)\Intel\Intel(R) Management Engine Components\IPT;C:\Program Files (x86)\Windows Live\Shared;C:\Program Files (x86)\Skype\Phone\;C:\Users\Michael\AppData\Local\Microsoft\WindowsApps;C:\texlive\2017\bin\win32;
USERNAME=Michael
OS=Windows_NT
PROCESSOR_IDENTIFIER=Intel64 Family 6 Model 58 Stepping 9, GenuineIntel



---------------  S Y S T E M  ---------------

OS: Windows 10.0 , 64 bit Build 15063 (10.0.15063.296)

CPU:total 4 (4 cores per cpu, 1 threads per core) family 6 model 58 stepping 9, cmov, cx8, fxsr, mmx, sse, sse2, sse3, ssse3, sse4.1, sse4.2, popcnt, avx, aes, clmul, erms, tsc, tscinvbit, tscinv

Memory: 4k page, physical 8340776k(3364988k free), swap 16729384k(9694128k free)

vm_info: Java HotSpot(TM) 64-Bit Server VM (25.121-b13) for windows-amd64 JRE (1.8.0_121-b13), built on Dec 12 2016 18:21:36 by "java_re" with MS VC++ 10.0 (VS2010)

time: Wed Nov 08 21:42:07 2017
elapsed time: 1 seconds (0d 0h 0m 1s)

