#
# A fatal error has been detected by the Java Runtime Environment:
#
#  SIGSEGV (0xb) at pc=0x00007f7165a2a6ec, pid=14756, tid=0x00007f7188071700
#
# JRE version: Java(TM) SE Runtime Environment (8.0_121-b13) (build 1.8.0_121-b13)
# Java VM: Java HotSpot(TM) 64-Bit Server VM (25.121-b13 mixed mode linux-amd64 compressed oops)
# Problematic frame:
# C  [liblwjgl_opengl.so+0x446ec]  Java_org_lwjgl_opengl_GL30_nglGenVertexArrays__IJ+0xc
#
# Failed to write core dump. Core dumps have been disabled. To enable core dumping, try "ulimit -c unlimited" before starting Java again
#
# If you would like to submit a bug report, please visit:
#   http://bugreport.java.com/bugreport/crash.jsp
# The crash happened outside the Java Virtual Machine in native code.
# See problematic frame for where to report the bug.
#

---------------  T H R E A D  ---------------

Current thread (0x00007f718000e000):  JavaThread "main" [_thread_in_native, id=14757, stack(0x00007f7187f71000,0x00007f7188072000)]

siginfo: si_signo: 11 (SIGSEGV), si_code: 1 (SEGV_MAPERR), si_addr: 0x0000000000000f70

Registers:
RAX=0x0000000000000000, RBX=0x00007f7168787680, RCX=0x00007f71806201dc, RDX=0x0000000000000001
RSP=0x00007f718806e148, RBP=0x00007f718806e1a8, RSI=0x00007f71806201dc, RDI=0x0000000000000001
R8 =0x0000000000000000, R9 =0x0000000000000009, R10=0x00007f7171017a08, R11=0x00007f7186e4cea0
R12=0x0000000000000000, R13=0x00007f7168787680, R14=0x00007f718806e1d8, R15=0x00007f718000e000
RIP=0x00007f7165a2a6ec, EFLAGS=0x0000000000010283, CSGSFS=0x0000000000000033, ERR=0x0000000000000004
  TRAPNO=0x000000000000000e

Top of Stack: (sp=0x00007f718806e148)
0x00007f718806e148:   00007f7171017a34 00007f718806e1a8
0x00007f718806e158:   00007f71710177c7 00007f7171017782
0x00007f718806e168:   00007f718806e168 00007f7168787680
0x00007f718806e178:   00007f718806e1d8 00007f71687902a8
0x00007f718806e188:   0000000000000000 00007f7168787680
0x00007f718806e198:   0000000000000000 00007f718806e1c8
0x00007f718806e1a8:   00007f718806e220 00007f71710082bd
0x00007f718806e1b8:   00000007705ad398 00007f7171011538
0x00007f718806e1c8:   00007f71806201dc 000000077093baa8
0x00007f718806e1d8:   0000000000000001 00007f718806e1e0
0x00007f718806e1e8:   00007f71687877f4 00007f718806e250
0x00007f718806e1f8:   00007f71687902a8 0000000000000000
0x00007f718806e208:   00007f7168787860 00007f718806e1c8
0x00007f718806e218:   00007f718806e258 00007f718806e2a0
0x00007f718806e228:   00007f7171007d00 0000000000000000
0x00007f718806e238:   0000000000000000 000000077093baa8
0x00007f718806e248:   0000000000010000 0000000770862df0
0x00007f718806e258:   00000007705695c8 00007f718806e260
0x00007f718806e268:   00007f716876586a 00007f718806e2d0
0x00007f718806e278:   00007f71687665b0 0000000000000000
0x00007f718806e288:   00007f71687658e8 00007f718806e258
0x00007f718806e298:   00007f718806e2b0 00007f718806e320
0x00007f718806e2a8:   00007f71710082bd 000000077055f5b0
0x00007f718806e2b8:   000000077055f548 000000077055f218
0x00007f718806e2c8:   000000077055f1b0 00000007705695c8
0x00007f718806e2d8:   00000007705695c8 00007f718806e2e0
0x00007f718806e2e8:   00007f71687634f0 00007f718806e3c0
0x00007f718806e2f8:   00007f7168763e48 0000000000000000
0x00007f718806e308:   00007f7168763638 00007f718806e2b0
0x00007f718806e318:   00007f718806e3a0 00007f718806e408
0x00007f718806e328:   00007f7171008040 0000000000000000
0x00007f718806e338:   000000077055f5b0 000000077055f548 

Instructions: (pc=0x00007f7165a2a6ec)
0x00007f7165a2a6cc:   78 1c 00 00 ff e0 66 66 66 66 66 2e 0f 1f 84 00
0x00007f7165a2a6dc:   00 00 00 00 48 8b 07 48 89 ce 89 d7 48 8b 40 18
0x00007f7165a2a6ec:   48 8b 80 70 0f 00 00 ff e0 66 66 2e 0f 1f 84 00
0x00007f7165a2a6fc:   00 00 00 00 48 8b 07 48 89 ce 89 d7 48 8b 40 18 

Register to memory mapping:

RAX=0x0000000000000000 is an unknown value
RBX={method} {0x00007f7168787680} 'nglGenVertexArrays' '(IJ)V' in 'org/lwjgl/opengl/GL30'
RCX=0x00007f71806201dc is an unknown value
RDX=0x0000000000000001 is an unknown value
RSP=0x00007f718806e148 is pointing into the stack for thread: 0x00007f718000e000
RBP=0x00007f718806e1a8 is pointing into the stack for thread: 0x00007f718000e000
RSI=0x00007f71806201dc is an unknown value
RDI=0x0000000000000001 is an unknown value
R8 =0x0000000000000000 is an unknown value
R9 =0x0000000000000009 is an unknown value
R10=0x00007f7171017a08 is at code_begin+808 in an Interpreter codelet
method entry point (kind = native)  [0x00007f71710176e0, 0x00007f7171017fe0]  2304 bytes
R11=0x00007f7186e4cea0: <offset 0x9c3ea0> in /home/michael1337/Programs/jdk/jdk1.8.0_121/jre/lib/amd64/server/libjvm.so at 0x00007f7186489000
R12=0x0000000000000000 is an unknown value
R13={method} {0x00007f7168787680} 'nglGenVertexArrays' '(IJ)V' in 'org/lwjgl/opengl/GL30'
R14=0x00007f718806e1d8 is pointing into the stack for thread: 0x00007f718000e000
R15=0x00007f718000e000 is a thread


Stack: [0x00007f7187f71000,0x00007f7188072000],  sp=0x00007f718806e148,  free space=1012k
Native frames: (J=compiled Java code, j=interpreted, Vv=VM code, C=native code)
C  [liblwjgl_opengl.so+0x446ec]  Java_org_lwjgl_opengl_GL30_nglGenVertexArrays__IJ+0xc
j  org.lwjgl.opengl.GL30.glGenVertexArrays()I+20
j  engine.graphics.objects.models.Mesh.<init>([F[I[F[F)V+58
j  engine.graphics.objects.generators.PlanetGenerator.createTile(Lengine/math/numericalObjects/Vector3;Lengine/math/numericalObjects/Vector3;Lengine/math/numericalObjects/Vector3;D)Lengine/graphics/objects/models/Mesh;+520
j  engine.graphics.objects.generators.PlanetGenerator.createFace(Lengine/math/numericalObjects/Vector3;Lengine/math/numericalObjects/Vector3;Lengine/math/numericalObjects/Vector3;IIIII)Lengine/graphics/objects/planet/FacePart;+388
j  engine.graphics.objects.generators.PlanetGenerator.createFace(Lengine/math/numericalObjects/Vector3;Lengine/math/numericalObjects/Vector3;Lengine/math/numericalObjects/Vector3;IIIII)Lengine/graphics/objects/planet/FacePart;+134
j  engine.graphics.objects.generators.PlanetGenerator.createFace(Lengine/math/numericalObjects/Vector3;Lengine/math/numericalObjects/Vector3;Lengine/math/numericalObjects/Vector3;IIIII)Lengine/graphics/objects/planet/FacePart;+134
j  engine.graphics.objects.generators.PlanetGenerator.createFace(Lengine/math/numericalObjects/Vector3;Lengine/math/numericalObjects/Vector3;Lengine/math/numericalObjects/Vector3;IIIII)Lengine/graphics/objects/planet/FacePart;+134
j  engine.graphics.objects.generators.PlanetGenerator.createTopFace(Lengine/math/numericalObjects/Vector3;Lengine/math/numericalObjects/Vector3;Lengine/math/numericalObjects/Vector3;I)Lengine/graphics/objects/planet/FacePart;+13
j  engine.graphics.objects.generators.PlanetGenerator.createPlanet(Lengine/data/Planet;)[Lengine/graphics/objects/planet/FacePart;+138
j  engine.graphics.objects.planet.PlanetObject.createLODMesh()V+5
j  engine.graphics.objects.planet.PlanetObject.<init>(Lengine/data/Planet;)V+56
j  engine.data.Planet.<init>(I)V+83
j  logic.NeighbourTest.testFaceNeighbours()V+6
v  ~StubRoutines::call_stub
V  [libjvm.so+0x690dd6]  JavaCalls::call_helper(JavaValue*, methodHandle*, JavaCallArguments*, Thread*)+0x1056
V  [libjvm.so+0x99c357]  Reflection::invoke(instanceKlassHandle, methodHandle, Handle, bool, objArrayHandle, BasicType, objArrayHandle, bool, Thread*)+0x5d7
V  [libjvm.so+0x99fa67]  Reflection::invoke_method(oopDesc*, Handle, objArrayHandle, Thread*)+0x147
V  [libjvm.so+0x72447b]  JVM_InvokeMethod+0x26b
j  sun.reflect.NativeMethodAccessorImpl.invoke0(Ljava/lang/reflect/Method;Ljava/lang/Object;[Ljava/lang/Object;)Ljava/lang/Object;+0
j  sun.reflect.NativeMethodAccessorImpl.invoke(Ljava/lang/Object;[Ljava/lang/Object;)Ljava/lang/Object;+100
j  sun.reflect.DelegatingMethodAccessorImpl.invoke(Ljava/lang/Object;[Ljava/lang/Object;)Ljava/lang/Object;+6
j  java.lang.reflect.Method.invoke(Ljava/lang/Object;[Ljava/lang/Object;)Ljava/lang/Object;+56
j  org.junit.platform.commons.util.ReflectionUtils.invokeMethod(Ljava/lang/reflect/Method;Ljava/lang/Object;[Ljava/lang/Object;)Ljava/lang/Object;+41
j  org.junit.jupiter.engine.execution.ExecutableInvoker.invoke(Ljava/lang/reflect/Method;Ljava/lang/Object;Lorg/junit/jupiter/api/extension/ExtensionContext;Lorg/junit/jupiter/engine/extension/ExtensionRegistry;)Ljava/lang/Object;+32
j  org.junit.jupiter.engine.descriptor.TestMethodTestDescriptor.lambda$invokeTestMethod$6(Lorg/junit/jupiter/api/extension/ExtensionContext;Lorg/junit/jupiter/engine/execution/JupiterEngineExecutionContext;)V+24
j  org.junit.jupiter.engine.descriptor.TestMethodTestDescriptor$$Lambda$143.execute()V+12
j  org.junit.jupiter.engine.execution.ThrowableCollector.execute(Lorg/junit/jupiter/api/function/Executable;)V+1
j  org.junit.jupiter.engine.descriptor.TestMethodTestDescriptor.invokeTestMethod(Lorg/junit/jupiter/engine/execution/JupiterEngineExecutionContext;Lorg/junit/platform/engine/support/hierarchical/Node$DynamicTestExecutor;)V+21
j  org.junit.jupiter.engine.descriptor.TestMethodTestDescriptor.execute(Lorg/junit/jupiter/engine/execution/JupiterEngineExecutionContext;Lorg/junit/platform/engine/support/hierarchical/Node$DynamicTestExecutor;)Lorg/junit/jupiter/engine/execution/JupiterEngineExecutionContext;+44
j  org.junit.jupiter.engine.descriptor.TestMethodTestDescriptor.execute(Lorg/junit/platform/engine/support/hierarchical/EngineExecutionContext;Lorg/junit/platform/engine/support/hierarchical/Node$DynamicTestExecutor;)Lorg/junit/platform/engine/support/hierarchical/EngineExecutionContext;+6
j  org.junit.platform.engine.support.hierarchical.HierarchicalTestExecutor.lambda$execute$3(Lorg/junit/platform/engine/support/hierarchical/EngineExecutionContext;Lorg/junit/platform/engine/support/hierarchical/Node;Lorg/junit/platform/engine/support/hierarchical/ExecutionTracker;Lorg/junit/platform/engine/TestDescriptor;)V+29
j  org.junit.platform.engine.support.hierarchical.HierarchicalTestExecutor$$Lambda$105.execute()V+20
j  org.junit.platform.engine.support.hierarchical.SingleTestExecutor.executeSafely(Lorg/junit/platform/engine/support/hierarchical/SingleTestExecutor$Executable;)Lorg/junit/platform/engine/TestExecutionResult;+1
j  org.junit.platform.engine.support.hierarchical.HierarchicalTestExecutor.execute(Lorg/junit/platform/engine/TestDescriptor;Lorg/junit/platform/engine/support/hierarchical/EngineExecutionContext;Lorg/junit/platform/engine/support/hierarchical/ExecutionTracker;)V+126
j  org.junit.platform.engine.support.hierarchical.HierarchicalTestExecutor.lambda$null$2(Lorg/junit/platform/engine/support/hierarchical/EngineExecutionContext;Lorg/junit/platform/engine/support/hierarchical/ExecutionTracker;Lorg/junit/platform/engine/TestDescriptor;)V+4
j  org.junit.platform.engine.support.hierarchical.HierarchicalTestExecutor$$Lambda$108.accept(Ljava/lang/Object;)V+16
j  java.util.stream.ForEachOps$ForEachOp$OfRef.accept(Ljava/lang/Object;)V+5
j  java.util.stream.ReferencePipeline$2$1.accept(Ljava/lang/Object;)V+21
j  java.util.Iterator.forEachRemaining(Ljava/util/function/Consumer;)V+21
j  java.util.Spliterators$IteratorSpliterator.forEachRemaining(Ljava/util/function/Consumer;)V+52
j  java.util.stream.AbstractPipeline.copyInto(Ljava/util/stream/Sink;Ljava/util/Spliterator;)V+32
j  java.util.stream.AbstractPipeline.wrapAndCopyInto(Ljava/util/stream/Sink;Ljava/util/Spliterator;)Ljava/util/stream/Sink;+13
j  java.util.stream.ForEachOps$ForEachOp.evaluateSequential(Ljava/util/stream/PipelineHelper;Ljava/util/Spliterator;)Ljava/lang/Void;+3
j  java.util.stream.ForEachOps$ForEachOp$OfRef.evaluateSequential(Ljava/util/stream/PipelineHelper;Ljava/util/Spliterator;)Ljava/lang/Object;+3
j  java.util.stream.AbstractPipeline.evaluate(Ljava/util/stream/TerminalOp;)Ljava/lang/Object;+88
j  java.util.stream.ReferencePipeline.forEach(Ljava/util/function/Consumer;)V+6
j  org.junit.platform.engine.support.hierarchical.HierarchicalTestExecutor.lambda$execute$3(Lorg/junit/platform/engine/support/hierarchical/EngineExecutionContext;Lorg/junit/platform/engine/support/hierarchical/Node;Lorg/junit/platform/engine/support/hierarchical/ExecutionTracker;Lorg/junit/platform/engine/TestDescriptor;)V+72
j  org.junit.platform.engine.support.hierarchical.HierarchicalTestExecutor$$Lambda$105.execute()V+20
j  org.junit.platform.engine.support.hierarchical.SingleTestExecutor.executeSafely(Lorg/junit/platform/engine/support/hierarchical/SingleTestExecutor$Executable;)Lorg/junit/platform/engine/TestExecutionResult;+1
j  org.junit.platform.engine.support.hierarchical.HierarchicalTestExecutor.execute(Lorg/junit/platform/engine/TestDescriptor;Lorg/junit/platform/engine/support/hierarchical/EngineExecutionContext;Lorg/junit/platform/engine/support/hierarchical/ExecutionTracker;)V+126
j  org.junit.platform.engine.support.hierarchical.HierarchicalTestExecutor.lambda$null$2(Lorg/junit/platform/engine/support/hierarchical/EngineExecutionContext;Lorg/junit/platform/engine/support/hierarchical/ExecutionTracker;Lorg/junit/platform/engine/TestDescriptor;)V+4
j  org.junit.platform.engine.support.hierarchical.HierarchicalTestExecutor$$Lambda$108.accept(Ljava/lang/Object;)V+16
j  java.util.stream.ForEachOps$ForEachOp$OfRef.accept(Ljava/lang/Object;)V+5
j  java.util.stream.ReferencePipeline$2$1.accept(Ljava/lang/Object;)V+21
j  java.util.Iterator.forEachRemaining(Ljava/util/function/Consumer;)V+21
j  java.util.Spliterators$IteratorSpliterator.forEachRemaining(Ljava/util/function/Consumer;)V+52
j  java.util.stream.AbstractPipeline.copyInto(Ljava/util/stream/Sink;Ljava/util/Spliterator;)V+32
j  java.util.stream.AbstractPipeline.wrapAndCopyInto(Ljava/util/stream/Sink;Ljava/util/Spliterator;)Ljava/util/stream/Sink;+13
j  java.util.stream.ForEachOps$ForEachOp.evaluateSequential(Ljava/util/stream/PipelineHelper;Ljava/util/Spliterator;)Ljava/lang/Void;+3
j  java.util.stream.ForEachOps$ForEachOp$OfRef.evaluateSequential(Ljava/util/stream/PipelineHelper;Ljava/util/Spliterator;)Ljava/lang/Object;+3
j  java.util.stream.AbstractPipeline.evaluate(Ljava/util/stream/TerminalOp;)Ljava/lang/Object;+88
j  java.util.stream.ReferencePipeline.forEach(Ljava/util/function/Consumer;)V+6
j  org.junit.platform.engine.support.hierarchical.HierarchicalTestExecutor.lambda$execute$3(Lorg/junit/platform/engine/support/hierarchical/EngineExecutionContext;Lorg/junit/platform/engine/support/hierarchical/Node;Lorg/junit/platform/engine/support/hierarchical/ExecutionTracker;Lorg/junit/platform/engine/TestDescriptor;)V+72
j  org.junit.platform.engine.support.hierarchical.HierarchicalTestExecutor$$Lambda$105.execute()V+20
j  org.junit.platform.engine.support.hierarchical.SingleTestExecutor.executeSafely(Lorg/junit/platform/engine/support/hierarchical/SingleTestExecutor$Executable;)Lorg/junit/platform/engine/TestExecutionResult;+1
j  org.junit.platform.engine.support.hierarchical.HierarchicalTestExecutor.execute(Lorg/junit/platform/engine/TestDescriptor;Lorg/junit/platform/engine/support/hierarchical/EngineExecutionContext;Lorg/junit/platform/engine/support/hierarchical/ExecutionTracker;)V+126
j  org.junit.platform.engine.support.hierarchical.HierarchicalTestExecutor.execute()V+16
j  org.junit.platform.engine.support.hierarchical.HierarchicalTestEngine.execute(Lorg/junit/platform/engine/ExecutionRequest;)V+13
j  org.junit.platform.launcher.core.DefaultLauncher.execute(Lorg/junit/platform/engine/TestEngine;Lorg/junit/platform/engine/ExecutionRequest;)V+2
j  org.junit.platform.launcher.core.DefaultLauncher.execute(Lorg/junit/platform/launcher/core/Root;Lorg/junit/platform/engine/ConfigurationParameters;[Lorg/junit/platform/launcher/TestExecutionListener;)V+101
j  org.junit.platform.launcher.core.DefaultLauncher.execute(Lorg/junit/platform/launcher/LauncherDiscoveryRequest;[Lorg/junit/platform/launcher/TestExecutionListener;)V+36
j  com.intellij.junit5.JUnit5IdeaTestRunner.startRunnerWithArgs([Ljava/lang/String;Ljava/lang/String;IZ)I+240
j  com.intellij.rt.execution.junit.IdeaTestRunner$Repeater.startRunnerWithArgs(Lcom/intellij/rt/execution/junit/IdeaTestRunner;[Ljava/lang/String;Ljava/util/ArrayList;Ljava/lang/String;IZ)I+22
j  com.intellij.rt.execution.junit.JUnitStarter.prepareStreamsAndStart([Ljava/lang/String;Ljava/lang/String;Ljava/util/ArrayList;Ljava/lang/String;)I+116
j  com.intellij.rt.execution.junit.JUnitStarter.main([Ljava/lang/String;)V+116
v  ~StubRoutines::call_stub
V  [libjvm.so+0x690dd6]  JavaCalls::call_helper(JavaValue*, methodHandle*, JavaCallArguments*, Thread*)+0x1056
V  [libjvm.so+0x6d21e2]  jni_invoke_static(JNIEnv_*, JavaValue*, _jobject*, JNICallType, _jmethodID*, JNI_ArgumentPusher*, Thread*)+0x362
V  [libjvm.so+0x6eea4a]  jni_CallStaticVoidMethod+0x17a
C  [libjli.so+0x7bdf]  JavaMain+0x81f
C  [libpthread.so.0+0x76ba]  start_thread+0xca

Java frames: (J=compiled Java code, j=interpreted, Vv=VM code)
j  org.lwjgl.opengl.GL30.nglGenVertexArrays(IJ)V+0
j  org.lwjgl.opengl.GL30.glGenVertexArrays()I+20
j  engine.graphics.objects.models.Mesh.<init>([F[I[F[F)V+58
j  engine.graphics.objects.generators.PlanetGenerator.createTile(Lengine/math/numericalObjects/Vector3;Lengine/math/numericalObjects/Vector3;Lengine/math/numericalObjects/Vector3;D)Lengine/graphics/objects/models/Mesh;+520
j  engine.graphics.objects.generators.PlanetGenerator.createFace(Lengine/math/numericalObjects/Vector3;Lengine/math/numericalObjects/Vector3;Lengine/math/numericalObjects/Vector3;IIIII)Lengine/graphics/objects/planet/FacePart;+388
j  engine.graphics.objects.generators.PlanetGenerator.createFace(Lengine/math/numericalObjects/Vector3;Lengine/math/numericalObjects/Vector3;Lengine/math/numericalObjects/Vector3;IIIII)Lengine/graphics/objects/planet/FacePart;+134
j  engine.graphics.objects.generators.PlanetGenerator.createFace(Lengine/math/numericalObjects/Vector3;Lengine/math/numericalObjects/Vector3;Lengine/math/numericalObjects/Vector3;IIIII)Lengine/graphics/objects/planet/FacePart;+134
j  engine.graphics.objects.generators.PlanetGenerator.createFace(Lengine/math/numericalObjects/Vector3;Lengine/math/numericalObjects/Vector3;Lengine/math/numericalObjects/Vector3;IIIII)Lengine/graphics/objects/planet/FacePart;+134
j  engine.graphics.objects.generators.PlanetGenerator.createTopFace(Lengine/math/numericalObjects/Vector3;Lengine/math/numericalObjects/Vector3;Lengine/math/numericalObjects/Vector3;I)Lengine/graphics/objects/planet/FacePart;+13
j  engine.graphics.objects.generators.PlanetGenerator.createPlanet(Lengine/data/Planet;)[Lengine/graphics/objects/planet/FacePart;+138
j  engine.graphics.objects.planet.PlanetObject.createLODMesh()V+5
j  engine.graphics.objects.planet.PlanetObject.<init>(Lengine/data/Planet;)V+56
j  engine.data.Planet.<init>(I)V+83
j  logic.NeighbourTest.testFaceNeighbours()V+6
v  ~StubRoutines::call_stub
j  sun.reflect.NativeMethodAccessorImpl.invoke0(Ljava/lang/reflect/Method;Ljava/lang/Object;[Ljava/lang/Object;)Ljava/lang/Object;+0
j  sun.reflect.NativeMethodAccessorImpl.invoke(Ljava/lang/Object;[Ljava/lang/Object;)Ljava/lang/Object;+100
j  sun.reflect.DelegatingMethodAccessorImpl.invoke(Ljava/lang/Object;[Ljava/lang/Object;)Ljava/lang/Object;+6
j  java.lang.reflect.Method.invoke(Ljava/lang/Object;[Ljava/lang/Object;)Ljava/lang/Object;+56
j  org.junit.platform.commons.util.ReflectionUtils.invokeMethod(Ljava/lang/reflect/Method;Ljava/lang/Object;[Ljava/lang/Object;)Ljava/lang/Object;+41
j  org.junit.jupiter.engine.execution.ExecutableInvoker.invoke(Ljava/lang/reflect/Method;Ljava/lang/Object;Lorg/junit/jupiter/api/extension/ExtensionContext;Lorg/junit/jupiter/engine/extension/ExtensionRegistry;)Ljava/lang/Object;+32
j  org.junit.jupiter.engine.descriptor.TestMethodTestDescriptor.lambda$invokeTestMethod$6(Lorg/junit/jupiter/api/extension/ExtensionContext;Lorg/junit/jupiter/engine/execution/JupiterEngineExecutionContext;)V+24
j  org.junit.jupiter.engine.descriptor.TestMethodTestDescriptor$$Lambda$143.execute()V+12
j  org.junit.jupiter.engine.execution.ThrowableCollector.execute(Lorg/junit/jupiter/api/function/Executable;)V+1
j  org.junit.jupiter.engine.descriptor.TestMethodTestDescriptor.invokeTestMethod(Lorg/junit/jupiter/engine/execution/JupiterEngineExecutionContext;Lorg/junit/platform/engine/support/hierarchical/Node$DynamicTestExecutor;)V+21
j  org.junit.jupiter.engine.descriptor.TestMethodTestDescriptor.execute(Lorg/junit/jupiter/engine/execution/JupiterEngineExecutionContext;Lorg/junit/platform/engine/support/hierarchical/Node$DynamicTestExecutor;)Lorg/junit/jupiter/engine/execution/JupiterEngineExecutionContext;+44
j  org.junit.jupiter.engine.descriptor.TestMethodTestDescriptor.execute(Lorg/junit/platform/engine/support/hierarchical/EngineExecutionContext;Lorg/junit/platform/engine/support/hierarchical/Node$DynamicTestExecutor;)Lorg/junit/platform/engine/support/hierarchical/EngineExecutionContext;+6
j  org.junit.platform.engine.support.hierarchical.HierarchicalTestExecutor.lambda$execute$3(Lorg/junit/platform/engine/support/hierarchical/EngineExecutionContext;Lorg/junit/platform/engine/support/hierarchical/Node;Lorg/junit/platform/engine/support/hierarchical/ExecutionTracker;Lorg/junit/platform/engine/TestDescriptor;)V+29
j  org.junit.platform.engine.support.hierarchical.HierarchicalTestExecutor$$Lambda$105.execute()V+20
j  org.junit.platform.engine.support.hierarchical.SingleTestExecutor.executeSafely(Lorg/junit/platform/engine/support/hierarchical/SingleTestExecutor$Executable;)Lorg/junit/platform/engine/TestExecutionResult;+1
j  org.junit.platform.engine.support.hierarchical.HierarchicalTestExecutor.execute(Lorg/junit/platform/engine/TestDescriptor;Lorg/junit/platform/engine/support/hierarchical/EngineExecutionContext;Lorg/junit/platform/engine/support/hierarchical/ExecutionTracker;)V+126
j  org.junit.platform.engine.support.hierarchical.HierarchicalTestExecutor.lambda$null$2(Lorg/junit/platform/engine/support/hierarchical/EngineExecutionContext;Lorg/junit/platform/engine/support/hierarchical/ExecutionTracker;Lorg/junit/platform/engine/TestDescriptor;)V+4
j  org.junit.platform.engine.support.hierarchical.HierarchicalTestExecutor$$Lambda$108.accept(Ljava/lang/Object;)V+16
j  java.util.stream.ForEachOps$ForEachOp$OfRef.accept(Ljava/lang/Object;)V+5
j  java.util.stream.ReferencePipeline$2$1.accept(Ljava/lang/Object;)V+21
j  java.util.Iterator.forEachRemaining(Ljava/util/function/Consumer;)V+21
j  java.util.Spliterators$IteratorSpliterator.forEachRemaining(Ljava/util/function/Consumer;)V+52
j  java.util.stream.AbstractPipeline.copyInto(Ljava/util/stream/Sink;Ljava/util/Spliterator;)V+32
j  java.util.stream.AbstractPipeline.wrapAndCopyInto(Ljava/util/stream/Sink;Ljava/util/Spliterator;)Ljava/util/stream/Sink;+13
j  java.util.stream.ForEachOps$ForEachOp.evaluateSequential(Ljava/util/stream/PipelineHelper;Ljava/util/Spliterator;)Ljava/lang/Void;+3
j  java.util.stream.ForEachOps$ForEachOp$OfRef.evaluateSequential(Ljava/util/stream/PipelineHelper;Ljava/util/Spliterator;)Ljava/lang/Object;+3
j  java.util.stream.AbstractPipeline.evaluate(Ljava/util/stream/TerminalOp;)Ljava/lang/Object;+88
j  java.util.stream.ReferencePipeline.forEach(Ljava/util/function/Consumer;)V+6
j  org.junit.platform.engine.support.hierarchical.HierarchicalTestExecutor.lambda$execute$3(Lorg/junit/platform/engine/support/hierarchical/EngineExecutionContext;Lorg/junit/platform/engine/support/hierarchical/Node;Lorg/junit/platform/engine/support/hierarchical/ExecutionTracker;Lorg/junit/platform/engine/TestDescriptor;)V+72
j  org.junit.platform.engine.support.hierarchical.HierarchicalTestExecutor$$Lambda$105.execute()V+20
j  org.junit.platform.engine.support.hierarchical.SingleTestExecutor.executeSafely(Lorg/junit/platform/engine/support/hierarchical/SingleTestExecutor$Executable;)Lorg/junit/platform/engine/TestExecutionResult;+1
j  org.junit.platform.engine.support.hierarchical.HierarchicalTestExecutor.execute(Lorg/junit/platform/engine/TestDescriptor;Lorg/junit/platform/engine/support/hierarchical/EngineExecutionContext;Lorg/junit/platform/engine/support/hierarchical/ExecutionTracker;)V+126
j  org.junit.platform.engine.support.hierarchical.HierarchicalTestExecutor.lambda$null$2(Lorg/junit/platform/engine/support/hierarchical/EngineExecutionContext;Lorg/junit/platform/engine/support/hierarchical/ExecutionTracker;Lorg/junit/platform/engine/TestDescriptor;)V+4
j  org.junit.platform.engine.support.hierarchical.HierarchicalTestExecutor$$Lambda$108.accept(Ljava/lang/Object;)V+16
j  java.util.stream.ForEachOps$ForEachOp$OfRef.accept(Ljava/lang/Object;)V+5
j  java.util.stream.ReferencePipeline$2$1.accept(Ljava/lang/Object;)V+21
j  java.util.Iterator.forEachRemaining(Ljava/util/function/Consumer;)V+21
j  java.util.Spliterators$IteratorSpliterator.forEachRemaining(Ljava/util/function/Consumer;)V+52
j  java.util.stream.AbstractPipeline.copyInto(Ljava/util/stream/Sink;Ljava/util/Spliterator;)V+32
j  java.util.stream.AbstractPipeline.wrapAndCopyInto(Ljava/util/stream/Sink;Ljava/util/Spliterator;)Ljava/util/stream/Sink;+13
j  java.util.stream.ForEachOps$ForEachOp.evaluateSequential(Ljava/util/stream/PipelineHelper;Ljava/util/Spliterator;)Ljava/lang/Void;+3
j  java.util.stream.ForEachOps$ForEachOp$OfRef.evaluateSequential(Ljava/util/stream/PipelineHelper;Ljava/util/Spliterator;)Ljava/lang/Object;+3
j  java.util.stream.AbstractPipeline.evaluate(Ljava/util/stream/TerminalOp;)Ljava/lang/Object;+88
j  java.util.stream.ReferencePipeline.forEach(Ljava/util/function/Consumer;)V+6
j  org.junit.platform.engine.support.hierarchical.HierarchicalTestExecutor.lambda$execute$3(Lorg/junit/platform/engine/support/hierarchical/EngineExecutionContext;Lorg/junit/platform/engine/support/hierarchical/Node;Lorg/junit/platform/engine/support/hierarchical/ExecutionTracker;Lorg/junit/platform/engine/TestDescriptor;)V+72
j  org.junit.platform.engine.support.hierarchical.HierarchicalTestExecutor$$Lambda$105.execute()V+20
j  org.junit.platform.engine.support.hierarchical.SingleTestExecutor.executeSafely(Lorg/junit/platform/engine/support/hierarchical/SingleTestExecutor$Executable;)Lorg/junit/platform/engine/TestExecutionResult;+1
j  org.junit.platform.engine.support.hierarchical.HierarchicalTestExecutor.execute(Lorg/junit/platform/engine/TestDescriptor;Lorg/junit/platform/engine/support/hierarchical/EngineExecutionContext;Lorg/junit/platform/engine/support/hierarchical/ExecutionTracker;)V+126
j  org.junit.platform.engine.support.hierarchical.HierarchicalTestExecutor.execute()V+16
j  org.junit.platform.engine.support.hierarchical.HierarchicalTestEngine.execute(Lorg/junit/platform/engine/ExecutionRequest;)V+13
j  org.junit.platform.launcher.core.DefaultLauncher.execute(Lorg/junit/platform/engine/TestEngine;Lorg/junit/platform/engine/ExecutionRequest;)V+2
j  org.junit.platform.launcher.core.DefaultLauncher.execute(Lorg/junit/platform/launcher/core/Root;Lorg/junit/platform/engine/ConfigurationParameters;[Lorg/junit/platform/launcher/TestExecutionListener;)V+101
j  org.junit.platform.launcher.core.DefaultLauncher.execute(Lorg/junit/platform/launcher/LauncherDiscoveryRequest;[Lorg/junit/platform/launcher/TestExecutionListener;)V+36
j  com.intellij.junit5.JUnit5IdeaTestRunner.startRunnerWithArgs([Ljava/lang/String;Ljava/lang/String;IZ)I+240
j  com.intellij.rt.execution.junit.IdeaTestRunner$Repeater.startRunnerWithArgs(Lcom/intellij/rt/execution/junit/IdeaTestRunner;[Ljava/lang/String;Ljava/util/ArrayList;Ljava/lang/String;IZ)I+22
j  com.intellij.rt.execution.junit.JUnitStarter.prepareStreamsAndStart([Ljava/lang/String;Ljava/lang/String;Ljava/util/ArrayList;Ljava/lang/String;)I+116
j  com.intellij.rt.execution.junit.JUnitStarter.main([Ljava/lang/String;)V+116
v  ~StubRoutines::call_stub

---------------  P R O C E S S  ---------------

Java Threads: ( => current thread )
  0x00007f71801be800 JavaThread "Service Thread" daemon [_thread_blocked, id=14770, stack(0x00007f7166234000,0x00007f7166335000)]
  0x00007f71801bb800 JavaThread "C1 CompilerThread2" daemon [_thread_blocked, id=14769, stack(0x00007f7166335000,0x00007f7166436000)]
  0x00007f71801b9000 JavaThread "C2 CompilerThread1" daemon [_thread_in_native, id=14768, stack(0x00007f7166436000,0x00007f7166537000)]
  0x00007f71801b7800 JavaThread "C2 CompilerThread0" daemon [_thread_in_native, id=14767, stack(0x00007f716674e000,0x00007f716684f000)]
  0x00007f71801b5800 JavaThread "Monitor Ctrl-Break" daemon [_thread_in_native, id=14766, stack(0x00007f716684f000,0x00007f7166950000)]
  0x00007f7180183800 JavaThread "Signal Dispatcher" daemon [_thread_blocked, id=14765, stack(0x00007f7166950000,0x00007f7166a51000)]
  0x00007f718014f800 JavaThread "Finalizer" daemon [_thread_blocked, id=14764, stack(0x00007f7166d2a000,0x00007f7166e2b000)]
  0x00007f718014a800 JavaThread "Reference Handler" daemon [_thread_blocked, id=14763, stack(0x00007f7166e2b000,0x00007f7166f2c000)]
=>0x00007f718000e000 JavaThread "main" [_thread_in_native, id=14757, stack(0x00007f7187f71000,0x00007f7188072000)]

Other Threads:
  0x00007f7180143000 VMThread [stack: 0x00007f7166f2c000,0x00007f716702d000] [id=14762]
  0x00007f71801c3800 WatcherThread [stack: 0x00007f7166133000,0x00007f7166234000] [id=14771]

VM state:not at safepoint (normal execution)

VM Mutex/Monitor currently owned by a thread: None

Heap:
 PSYoungGen      total 72192K, used 21071K [0x000000076f580000, 0x0000000774600000, 0x00000007c0000000)
  eden space 61952K, 34% used [0x000000076f580000,0x0000000770a13f70,0x0000000773200000)
  from space 10240K, 0% used [0x0000000773c00000,0x0000000773c00000,0x0000000774600000)
  to   space 10240K, 0% used [0x0000000773200000,0x0000000773200000,0x0000000773c00000)
 ParOldGen       total 165376K, used 0K [0x00000006ce000000, 0x00000006d8180000, 0x000000076f580000)
  object space 165376K, 0% used [0x00000006ce000000,0x00000006ce000000,0x00000006d8180000)
 Metaspace       used 7768K, capacity 8412K, committed 8704K, reserved 1056768K
  class space    used 978K, capacity 1160K, committed 1280K, reserved 1048576K

Card table byte_map: [0x00007f7184388000,0x00007f7184b19000] byte_map_base: 0x00007f7180d18000

Marking Bits: (ParMarkBitMap*) 0x00007f718744dc80
 Begin Bits: [0x00007f71690f4000, 0x00007f716cd74000)
 End Bits:   [0x00007f716cd74000, 0x00007f71709f4000)

Polling page: 0x00007f71880a0000

CodeCache: size=245760Kb used=2695Kb max_used=2712Kb free=243064Kb
 bounds [0x00007f7171000000, 0x00007f71712b0000, 0x00007f7180000000]
 total_blobs=1046 nmethods=713 adapters=247
 compilation: enabled

Compilation events (10 events):
Event: 0,705 Thread 0x00007f71801bb800  713       3       java.util.jar.JarFile$JarEntryIterator::hasNext (10 bytes)
Event: 0,705 Thread 0x00007f71801bb800 nmethod 713 0x00007f717129e150 code [0x00007f717129e2c0, 0x00007f717129e4e8]
Event: 0,705 Thread 0x00007f71801bb800  714       3       java.util.zip.ZipFile$ZipEntryIterator::hasMoreElements (5 bytes)
Event: 0,705 Thread 0x00007f71801bb800 nmethod 714 0x00007f717129e590 code [0x00007f717129e700, 0x00007f717129e8a8]
Event: 0,712 Thread 0x00007f71801bb800  715       3       java.lang.StringCoding::deref (19 bytes)
Event: 0,712 Thread 0x00007f71801bb800 nmethod 715 0x00007f71712a2cd0 code [0x00007f71712a2e60, 0x00007f71712a3308]
Event: 0,715 Thread 0x00007f71801b7800 nmethod 668 0x00007f71712a3450 code [0x00007f71712a3780, 0x00007f71712a4eb0]
Event: 0,715 Thread 0x00007f71801b7800  709       4       sun.misc.MetaIndex::mayContain (51 bytes)
Event: 0,719 Thread 0x00007f71801bb800  716       3       java.util.zip.ZipEntry::getSize (5 bytes)
Event: 0,720 Thread 0x00007f71801bb800 nmethod 716 0x00007f71712a29d0 code [0x00007f71712a2b20, 0x00007f71712a2c70]

GC Heap History (0 events):
No events

Deoptimization events (1 events):
Event: 0,469 Thread 0x00007f718000e000 Uncommon trap: reason=unstable_if action=reinterpret pc=0x00007f71711c135c method=java.lang.String.replace(CC)Ljava/lang/String; @ 26

Internal exceptions (10 events):
Event: 0,381 Thread 0x00007f718000e000 Exception <a 'java/security/PrivilegedActionException'> (0x000000076fbdbb38) thrown at [/HUDSON3/workspace/8-2-build-linux-amd64/jdk8u121/8372/hotspot/src/share/vm/prims/jvm.cpp, line 1390]
Event: 0,381 Thread 0x00007f718000e000 Exception <a 'java/security/PrivilegedActionException'> (0x000000076fbdbd48) thrown at [/HUDSON3/workspace/8-2-build-linux-amd64/jdk8u121/8372/hotspot/src/share/vm/prims/jvm.cpp, line 1390]
Event: 0,446 Thread 0x00007f718000e000 Exception <a 'java/lang/NoSuchMethodError': java.lang.Object.lambda$or$2(Ljava/util/function/Predicate;Ljava/lang/Object;)Z> (0x000000076ff031b8) thrown at [/HUDSON3/workspace/8-2-build-linux-amd64/jdk8u121/8372/hotspot/src/share/vm/interpreter/linkResolv
Event: 0,479 Thread 0x00007f718000e000 Exception <a 'java/lang/IncompatibleClassChangeError': Found class java.lang.Object, but interface was expected> (0x000000077007e7b8) thrown at [/HUDSON3/workspace/8-2-build-linux-amd64/jdk8u121/8372/hotspot/src/share/vm/interpreter/linkResolver.cpp, line
Event: 0,522 Thread 0x00007f718000e000 Exception <a 'java/lang/IncompatibleClassChangeError': Found class java.lang.Object, but interface was expected> (0x00000007701ff780) thrown at [/HUDSON3/workspace/8-2-build-linux-amd64/jdk8u121/8372/hotspot/src/share/vm/interpreter/linkResolver.cpp, line
Event: 0,523 Thread 0x00007f718000e000 Exception <a 'java/lang/NoSuchMethodError': java.lang.Object.lambda$accept$0(Lorg/junit/platform/engine/TestDescriptor$Visitor;Lorg/junit/platform/engine/TestDescriptor;)V> (0x0000000770205120) thrown at [/HUDSON3/workspace/8-2-build-linux-amd64/jdk8u121/
Event: 0,524 Thread 0x00007f718000e000 Exception <a 'java/lang/NoSuchMethodError': java.lang.Object.containsTests(Lorg/junit/platform/engine/TestDescriptor;)Z> (0x000000077020d4e8) thrown at [/HUDSON3/workspace/8-2-build-linux-amd64/jdk8u121/8372/hotspot/src/share/vm/interpreter/linkResolver.c
Event: 0,583 Thread 0x00007f718000e000 Exception <a 'java/lang/NoSuchMethodError': java.lang.Object.lambda$andThen$1(Ljava/util/function/Function;Ljava/lang/Object;)Ljava/lang/Object;> (0x000000077040e3f0) thrown at [/HUDSON3/workspace/8-2-build-linux-amd64/jdk8u121/8372/hotspot/src/share/vm/i
Event: 0,651 Thread 0x00007f718000e000 Exception <a 'java/lang/NoSuchMethodError': java.lang.Object.lambda$static$0(Ljava/lang/String;)Ljava/lang/Boolean;> (0x0000000770701df0) thrown at [/HUDSON3/workspace/8-2-build-linux-amd64/jdk8u121/8372/hotspot/src/share/vm/interpreter/linkResolver.cpp, 
Event: 0,691 Thread 0x00007f718000e000 Exception <a 'sun/nio/fs/UnixException'> (0x00000007708078a8) thrown at [/HUDSON3/workspace/8-2-build-linux-amd64/jdk8u121/8372/hotspot/src/share/vm/prims/jni.cpp, line 709]

Events (10 events):
Event: 0,717 loading class org/lwjgl/system/jni/JNINativeInterface
Event: 0,717 loading class org/lwjgl/system/jni/JNINativeInterface done
Event: 0,719 loading class org/lwjgl/system/linux/DynamicLinkLoader
Event: 0,719 loading class org/lwjgl/system/linux/DynamicLinkLoader done
Event: 0,721 loading class org/lwjgl/opengl/GL$2
Event: 0,721 loading class org/lwjgl/opengl/GL$2 done
Event: 0,722 loading class org/lwjgl/opengl/GL$SharedLibraryGL
Event: 0,722 loading class org/lwjgl/opengl/GL$SharedLibraryGL done
Event: 0,722 loading class org/lwjgl/system/SharedLibrary$Delegate
Event: 0,722 loading class org/lwjgl/system/SharedLibrary$Delegate done


Dynamic libraries:
00400000-00401000 r-xp 00000000 08:01 24119309                           /home/michael1337/Programs/jdk/jdk1.8.0_121/bin/java
00600000-00601000 rw-p 00000000 08:01 24119309                           /home/michael1337/Programs/jdk/jdk1.8.0_121/bin/java
0179f000-017c0000 rw-p 00000000 00:00 0                                  [heap]
6ce000000-6d8180000 rw-p 00000000 00:00 0 
6d8180000-76f580000 ---p 00000000 00:00 0 
76f580000-774600000 rw-p 00000000 00:00 0 
774600000-7c0000000 ---p 00000000 00:00 0 
7c0000000-7c0140000 rw-p 00000000 00:00 0 
7c0140000-800000000 ---p 00000000 00:00 0 
7f7120000000-7f7120021000 rw-p 00000000 00:00 0 
7f7120021000-7f7124000000 ---p 00000000 00:00 0 
7f7128000000-7f7128405000 rw-p 00000000 00:00 0 
7f7128405000-7f712c000000 ---p 00000000 00:00 0 
7f712c000000-7f712c021000 rw-p 00000000 00:00 0 
7f712c021000-7f7130000000 ---p 00000000 00:00 0 
7f7130000000-7f713026f000 rw-p 00000000 00:00 0 
7f713026f000-7f7134000000 ---p 00000000 00:00 0 
7f7134000000-7f7134278000 rw-p 00000000 00:00 0 
7f7134278000-7f7138000000 ---p 00000000 00:00 0 
7f7138000000-7f7138021000 rw-p 00000000 00:00 0 
7f7138021000-7f713c000000 ---p 00000000 00:00 0 
7f713c000000-7f713c021000 rw-p 00000000 00:00 0 
7f713c021000-7f7140000000 ---p 00000000 00:00 0 
7f7140000000-7f7140021000 rw-p 00000000 00:00 0 
7f7140021000-7f7144000000 ---p 00000000 00:00 0 
7f7144000000-7f7144021000 rw-p 00000000 00:00 0 
7f7144021000-7f7148000000 ---p 00000000 00:00 0 
7f7148000000-7f7148021000 rw-p 00000000 00:00 0 
7f7148021000-7f714c000000 ---p 00000000 00:00 0 
7f714c000000-7f714c021000 rw-p 00000000 00:00 0 
7f714c021000-7f7150000000 ---p 00000000 00:00 0 
7f7150000000-7f7150021000 rw-p 00000000 00:00 0 
7f7150021000-7f7154000000 ---p 00000000 00:00 0 
7f7157dfa000-7f7157dff000 r-xp 00000000 08:01 4464746                    /usr/lib/x86_64-linux-gnu/libXdmcp.so.6.0.0
7f7157dff000-7f7157ffe000 ---p 00005000 08:01 4464746                    /usr/lib/x86_64-linux-gnu/libXdmcp.so.6.0.0
7f7157ffe000-7f7157fff000 r--p 00004000 08:01 4464746                    /usr/lib/x86_64-linux-gnu/libXdmcp.so.6.0.0
7f7157fff000-7f7158000000 rw-p 00005000 08:01 4464746                    /usr/lib/x86_64-linux-gnu/libXdmcp.so.6.0.0
7f7158000000-7f7158021000 rw-p 00000000 00:00 0 
7f7158021000-7f715c000000 ---p 00000000 00:00 0 
7f715c069000-7f715c06b000 r-xp 00000000 08:01 4464735                    /usr/lib/x86_64-linux-gnu/libXau.so.6.0.0
7f715c06b000-7f715c26b000 ---p 00002000 08:01 4464735                    /usr/lib/x86_64-linux-gnu/libXau.so.6.0.0
7f715c26b000-7f715c26c000 r--p 00002000 08:01 4464735                    /usr/lib/x86_64-linux-gnu/libXau.so.6.0.0
7f715c26c000-7f715c26d000 rw-p 00003000 08:01 4464735                    /usr/lib/x86_64-linux-gnu/libXau.so.6.0.0
7f715c26d000-7f715c27d000 r-xp 00000000 08:01 4460530                    /usr/lib/x86_64-linux-gnu/libdrm.so.2.4.0
7f715c27d000-7f715c47d000 ---p 00010000 08:01 4460530                    /usr/lib/x86_64-linux-gnu/libdrm.so.2.4.0
7f715c47d000-7f715c47e000 r--p 00010000 08:01 4460530                    /usr/lib/x86_64-linux-gnu/libdrm.so.2.4.0
7f715c47e000-7f715c47f000 rw-p 00011000 08:01 4460530                    /usr/lib/x86_64-linux-gnu/libdrm.so.2.4.0
7f715c47f000-7f715c484000 r-xp 00000000 08:01 4464784                    /usr/lib/x86_64-linux-gnu/libXxf86vm.so.1.0.0
7f715c484000-7f715c683000 ---p 00005000 08:01 4464784                    /usr/lib/x86_64-linux-gnu/libXxf86vm.so.1.0.0
7f715c683000-7f715c684000 r--p 00004000 08:01 4464784                    /usr/lib/x86_64-linux-gnu/libXxf86vm.so.1.0.0
7f715c684000-7f715c685000 rw-p 00005000 08:01 4464784                    /usr/lib/x86_64-linux-gnu/libXxf86vm.so.1.0.0
7f715c685000-7f715c6a6000 r-xp 00000000 08:01 4466084                    /usr/lib/x86_64-linux-gnu/libxcb.so.1.1.0
7f715c6a6000-7f715c8a5000 ---p 00021000 08:01 4466084                    /usr/lib/x86_64-linux-gnu/libxcb.so.1.1.0
7f715c8a5000-7f715c8a6000 r--p 00020000 08:01 4466084                    /usr/lib/x86_64-linux-gnu/libxcb.so.1.1.0
7f715c8a6000-7f715c8a7000 rw-p 00021000 08:01 4466084                    /usr/lib/x86_64-linux-gnu/libxcb.so.1.1.0
7f715c8a7000-7f715c8ab000 r-xp 00000000 08:01 4466048                    /usr/lib/x86_64-linux-gnu/libxcb-dri2.so.0.0.0
7f715c8ab000-7f715caaa000 ---p 00004000 08:01 4466048                    /usr/lib/x86_64-linux-gnu/libxcb-dri2.so.0.0.0
7f715caaa000-7f715caab000 r--p 00003000 08:01 4466048                    /usr/lib/x86_64-linux-gnu/libxcb-dri2.so.0.0.0
7f715caab000-7f715caac000 rw-p 00004000 08:01 4466048                    /usr/lib/x86_64-linux-gnu/libxcb-dri2.so.0.0.0
7f715caac000-7f715cac3000 r-xp 00000000 08:01 4466052                    /usr/lib/x86_64-linux-gnu/libxcb-glx.so.0.0.0
7f715cac3000-7f715ccc2000 ---p 00017000 08:01 4466052                    /usr/lib/x86_64-linux-gnu/libxcb-glx.so.0.0.0
7f715ccc2000-7f715ccc4000 r--p 00016000 08:01 4466052                    /usr/lib/x86_64-linux-gnu/libxcb-glx.so.0.0.0
7f715ccc4000-7f715ccc5000 rw-p 00018000 08:01 4466052                    /usr/lib/x86_64-linux-gnu/libxcb-glx.so.0.0.0
7f715ccc5000-7f715cdfa000 r-xp 00000000 08:01 4464731                    /usr/lib/x86_64-linux-gnu/libX11.so.6.3.0
7f715cdfa000-7f715cffa000 ---p 00135000 08:01 4464731                    /usr/lib/x86_64-linux-gnu/libX11.so.6.3.0
7f715cffa000-7f715cffb000 r--p 00135000 08:01 4464731                    /usr/lib/x86_64-linux-gnu/libX11.so.6.3.0
7f715cffb000-7f715cfff000 rw-p 00136000 08:01 4464731                    /usr/lib/x86_64-linux-gnu/libX11.so.6.3.0
7f715cfff000-7f7160000000 rw-p 00000000 00:00 0 
7f7160000000-7f7160021000 rw-p 00000000 00:00 0 
7f7160021000-7f7164000000 ---p 00000000 00:00 0 
7f71640a7000-7f71640a8000 r-xp 00000000 08:01 4464729                    /usr/lib/x86_64-linux-gnu/libX11-xcb.so.1.0.0
7f71640a8000-7f71642a7000 ---p 00001000 08:01 4464729                    /usr/lib/x86_64-linux-gnu/libX11-xcb.so.1.0.0
7f71642a7000-7f71642a8000 r--p 00000000 08:01 4464729                    /usr/lib/x86_64-linux-gnu/libX11-xcb.so.1.0.0
7f71642a8000-7f71642a9000 rw-p 00001000 08:01 4464729                    /usr/lib/x86_64-linux-gnu/libX11-xcb.so.1.0.0
7f71642a9000-7f71642ae000 r-xp 00000000 08:01 4464750                    /usr/lib/x86_64-linux-gnu/libXfixes.so.3.1.0
7f71642ae000-7f71644ad000 ---p 00005000 08:01 4464750                    /usr/lib/x86_64-linux-gnu/libXfixes.so.3.1.0
7f71644ad000-7f71644ae000 r--p 00004000 08:01 4464750                    /usr/lib/x86_64-linux-gnu/libXfixes.so.3.1.0
7f71644ae000-7f71644af000 rw-p 00005000 08:01 4464750                    /usr/lib/x86_64-linux-gnu/libXfixes.so.3.1.0
7f71644af000-7f71644b1000 r-xp 00000000 08:01 4464744                    /usr/lib/x86_64-linux-gnu/libXdamage.so.1.1.0
7f71644b1000-7f71646b0000 ---p 00002000 08:01 4464744                    /usr/lib/x86_64-linux-gnu/libXdamage.so.1.1.0
7f71646b0000-7f71646b1000 r--p 00001000 08:01 4464744                    /usr/lib/x86_64-linux-gnu/libXdamage.so.1.1.0
7f71646b1000-7f71646b2000 rw-p 00002000 08:01 4464744                    /usr/lib/x86_64-linux-gnu/libXdamage.so.1.1.0
7f71646b2000-7f71646c3000 r-xp 00000000 08:01 4464748                    /usr/lib/x86_64-linux-gnu/libXext.so.6.4.0
7f71646c3000-7f71648c2000 ---p 00011000 08:01 4464748                    /usr/lib/x86_64-linux-gnu/libXext.so.6.4.0
7f71648c2000-7f71648c3000 r--p 00010000 08:01 4464748                    /usr/lib/x86_64-linux-gnu/libXext.so.6.4.0
7f71648c3000-7f71648c4000 rw-p 00011000 08:01 4464748                    /usr/lib/x86_64-linux-gnu/libXext.so.6.4.0
7f71648c4000-7f71648f0000 r-xp 00000000 08:01 4464119                    /usr/lib/x86_64-linux-gnu/libglapi.so.0.0.0
7f71648f0000-7f7164aef000 ---p 0002c000 08:01 4464119                    /usr/lib/x86_64-linux-gnu/libglapi.so.0.0.0
7f7164aef000-7f7164af3000 r--p 0002b000 08:01 4464119                    /usr/lib/x86_64-linux-gnu/libglapi.so.0.0.0
7f7164af3000-7f7164af4000 rw-p 0002f000 08:01 4464119                    /usr/lib/x86_64-linux-gnu/libglapi.so.0.0.0
7f7164af4000-7f7164af5000 rw-p 00000000 00:00 0 
7f7164af5000-7f7164af6000 r-xp 00000000 08:01 4466096                    /usr/lib/x86_64-linux-gnu/libxshmfence.so.1.0.0
7f7164af6000-7f7164cf6000 ---p 00001000 08:01 4466096                    /usr/lib/x86_64-linux-gnu/libxshmfence.so.1.0.0
7f7164cf6000-7f7164cf7000 r--p 00001000 08:01 4466096                    /usr/lib/x86_64-linux-gnu/libxshmfence.so.1.0.0
7f7164cf7000-7f7164cf8000 rw-p 00002000 08:01 4466096                    /usr/lib/x86_64-linux-gnu/libxshmfence.so.1.0.0
7f7164cf8000-7f7164cfd000 r-xp 00000000 08:01 4466072                    /usr/lib/x86_64-linux-gnu/libxcb-sync.so.1.0.0
7f7164cfd000-7f7164efd000 ---p 00005000 08:01 4466072                    /usr/lib/x86_64-linux-gnu/libxcb-sync.so.1.0.0
7f7164efd000-7f7164efe000 r--p 00005000 08:01 4466072                    /usr/lib/x86_64-linux-gnu/libxcb-sync.so.1.0.0
7f7164efe000-7f7164eff000 rw-p 00006000 08:01 4466072                    /usr/lib/x86_64-linux-gnu/libxcb-sync.so.1.0.0
7f7164eff000-7f7164f01000 r-xp 00000000 08:01 4466060                    /usr/lib/x86_64-linux-gnu/libxcb-present.so.0.0.0
7f7164f01000-7f7165100000 ---p 00002000 08:01 4466060                    /usr/lib/x86_64-linux-gnu/libxcb-present.so.0.0.0
7f7165100000-7f7165101000 r--p 00001000 08:01 4466060                    /usr/lib/x86_64-linux-gnu/libxcb-present.so.0.0.0
7f7165101000-7f7165102000 rw-p 00002000 08:01 4466060                    /usr/lib/x86_64-linux-gnu/libxcb-present.so.0.0.0
7f7165102000-7f7165104000 r-xp 00000000 08:01 4466050                    /usr/lib/x86_64-linux-gnu/libxcb-dri3.so.0.0.0
7f7165104000-7f7165303000 ---p 00002000 08:01 4466050                    /usr/lib/x86_64-linux-gnu/libxcb-dri3.so.0.0.0
7f7165303000-7f7165304000 r--p 00001000 08:01 4466050                    /usr/lib/x86_64-linux-gnu/libxcb-dri3.so.0.0.0
7f7165304000-7f7165305000 rw-p 00002000 08:01 4466050                    /usr/lib/x86_64-linux-gnu/libxcb-dri3.so.0.0.0
7f7165305000-7f716532b000 r-xp 00000000 08:01 20840649                   /lib/x86_64-linux-gnu/libexpat.so.1.6.0
7f716532b000-7f716552b000 ---p 00026000 08:01 20840649                   /lib/x86_64-linux-gnu/libexpat.so.1.6.0
7f716552b000-7f716552d000 r--p 00026000 08:01 20840649                   /lib/x86_64-linux-gnu/libexpat.so.1.6.0
7f716552d000-7f716552e000 rw-p 00028000 08:01 20840649                   /lib/x86_64-linux-gnu/libexpat.so.1.6.0
7f716552e000-7f7165547000 r-xp 00000000 08:01 20844854                   /lib/x86_64-linux-gnu/libz.so.1.2.8
7f7165547000-7f7165746000 ---p 00019000 08:01 20844854                   /lib/x86_64-linux-gnu/libz.so.1.2.8
7f7165746000-7f7165747000 r--p 00018000 08:01 20844854                   /lib/x86_64-linux-gnu/libz.so.1.2.8
7f7165747000-7f7165748000 rw-p 00019000 08:01 20844854                   /lib/x86_64-linux-gnu/libz.so.1.2.8
7f7165748000-7f71657b8000 r-xp 00000000 08:01 4718962                    /usr/lib/x86_64-linux-gnu/mesa/libGL.so.1.2.0
7f71657b8000-7f71659b7000 ---p 00070000 08:01 4718962                    /usr/lib/x86_64-linux-gnu/mesa/libGL.so.1.2.0
7f71659b7000-7f71659ba000 r--p 0006f000 08:01 4718962                    /usr/lib/x86_64-linux-gnu/mesa/libGL.so.1.2.0
7f71659ba000-7f71659bb000 rw-p 00072000 08:01 4718962                    /usr/lib/x86_64-linux-gnu/mesa/libGL.so.1.2.0
7f71659bb000-7f71659bc000 rw-p 00000000 00:00 0 
7f71659e6000-7f7165a51000 r-xp 00000000 08:01 25701753                   /tmp/lwjglmichael1337/3.1.6-build-14/liblwjgl_opengl.so
7f7165a51000-7f7165c50000 ---p 0006b000 08:01 25701753                   /tmp/lwjglmichael1337/3.1.6-build-14/liblwjgl_opengl.so
7f7165c50000-7f7165c51000 r--p 0006a000 08:01 25701753                   /tmp/lwjglmichael1337/3.1.6-build-14/liblwjgl_opengl.so
7f7165c51000-7f7165c52000 rw-p 0006b000 08:01 25701753                   /tmp/lwjglmichael1337/3.1.6-build-14/liblwjgl_opengl.so
7f7165c52000-7f7165ca6000 r-xp 00000000 08:01 25701720                   /tmp/lwjglmichael1337/3.1.6-build-14/liblwjgl.so
7f7165ca6000-7f7165ea6000 ---p 00054000 08:01 25701720                   /tmp/lwjglmichael1337/3.1.6-build-14/liblwjgl.so
7f7165ea6000-7f7165ea7000 r--p 00054000 08:01 25701720                   /tmp/lwjglmichael1337/3.1.6-build-14/liblwjgl.so
7f7165ea7000-7f7165ea8000 rw-p 00055000 08:01 25701720                   /tmp/lwjglmichael1337/3.1.6-build-14/liblwjgl.so
7f7165ea8000-7f7165eb9000 r-xp 00000000 08:01 24119418                   /home/michael1337/Programs/jdk/jdk1.8.0_121/jre/lib/amd64/libnio.so
7f7165eb9000-7f71660b8000 ---p 00011000 08:01 24119418                   /home/michael1337/Programs/jdk/jdk1.8.0_121/jre/lib/amd64/libnio.so
7f71660b8000-7f71660b9000 rw-p 00010000 08:01 24119418                   /home/michael1337/Programs/jdk/jdk1.8.0_121/jre/lib/amd64/libnio.so
7f71660b9000-7f71660cc000 r--s 00345000 08:01 24119617                   /home/michael1337/Programs/jdk/jdk1.8.0_121/jre/lib/resources.jar
7f71660cc000-7f71660d0000 r--s 00031000 08:01 27009233                   /home/michael1337/Documents/Neolithic/game/lib/commons-io-2.6/commons-io-2.6.jar
7f71660d0000-7f71660d7000 r--s 00058000 08:01 27009231                   /home/michael1337/Documents/Neolithic/game/lib/commons-io-2.6/commons-io-2.6-tests.jar
7f71660d7000-7f71660d8000 r--s 00002000 08:01 25701703                   /home/michael1337/Documents/Neolithic/game/lib/PNGDecoder.jar
7f71660d8000-7f71660dd000 r--s 00045000 08:01 26222668                   /home/michael1337/Documents/Neolithic/game/lib/lwjgl/lwjgl.jar
7f71660dd000-7f71660f0000 r--s 0014d000 08:01 26222592                   /home/michael1337/Documents/Neolithic/game/lib/lwjgl/lwjgl-vulkan.jar
7f71660f0000-7f71660f2000 r--s 00018000 08:01 26221583                   /home/michael1337/Documents/Neolithic/game/lib/lwjgl/lwjgl-stb.jar
7f71660f2000-7f71660f3000 r--s 0006f000 08:01 26221581                   /home/michael1337/Documents/Neolithic/game/lib/lwjgl/lwjgl-stb-natives-windows.jar
7f71660f3000-7f71660f4000 r--s 0002a000 08:01 26221580                   /home/michael1337/Documents/Neolithic/game/lib/lwjgl/lwjgl-stb-natives-macos.jar
7f71660f4000-7f71660f5000 r--s 00031000 08:01 26221579                   /home/michael1337/Documents/Neolithic/game/lib/lwjgl/lwjgl-stb-natives-linux.jar
7f71660f5000-7f71660f6000 r--s 00002000 08:01 26221577                   /home/michael1337/Documents/Neolithic/game/lib/lwjgl/lwjgl-par.jar
7f71660f6000-7f71660f7000 r--s 00031000 08:01 26221574                   /home/michael1337/Documents/Neolithic/game/lib/lwjgl/lwjgl-par-natives-windows.jar
7f71660f7000-7f71660f8000 r--s 00004000 08:01 26222670                   /home/michael1337/Documents/Neolithic/game/lib/lwjgl/lwjgl-par-natives-macos.jar
7f71660f8000-7f71660f9000 r--s 00005000 08:01 26221573                   /home/michael1337/Documents/Neolithic/game/lib/lwjgl/lwjgl-par-natives-linux.jar
7f71660f9000-7f7166103000 r--s 000bf000 08:01 26221572                   /home/michael1337/Documents/Neolithic/game/lib/lwjgl/lwjgl-opengl.jar
7f7166103000-7f7166104000 r--s 0002a000 08:01 26221570                   /home/michael1337/Documents/Neolithic/game/lib/lwjgl/lwjgl-opengl-natives-windows.jar
7f7166104000-7f7166105000 r--s 0000b000 08:01 26221569                   /home/michael1337/Documents/Neolithic/game/lib/lwjgl/lwjgl-opengl-natives-macos.jar
7f7166105000-7f7166106000 r--s 00016000 08:01 26221568                   /home/michael1337/Documents/Neolithic/game/lib/lwjgl/lwjgl-opengl-natives-linux.jar
7f7166106000-7f7166109000 r--s 00011000 08:01 26221566                   /home/michael1337/Documents/Neolithic/game/lib/lwjgl/lwjgl-openal.jar
7f7166109000-7f716610a000 r--s 00105000 08:01 26221562                   /home/michael1337/Documents/Neolithic/game/lib/lwjgl/lwjgl-openal-natives-windows.jar
7f716610a000-7f716610b000 r--s 00064000 08:01 26221560                   /home/michael1337/Documents/Neolithic/game/lib/lwjgl/lwjgl-openal-natives-macos.jar
7f716610b000-7f716610c000 r--s 00077000 08:01 26221559                   /home/michael1337/Documents/Neolithic/game/lib/lwjgl/lwjgl-openal-natives-linux.jar
7f716610c000-7f7166111000 r--s 0005f000 08:01 26221557                   /home/michael1337/Documents/Neolithic/game/lib/lwjgl/lwjgl-nuklear.jar
7f7166111000-7f7166112000 r--s 00041000 08:01 26221556                   /home/michael1337/Documents/Neolithic/game/lib/lwjgl/lwjgl-nuklear-natives-windows.jar
7f7166112000-7f7166113000 r--s 0002e000 08:01 26221561                   /home/michael1337/Documents/Neolithic/game/lib/lwjgl/lwjgl-nuklear-natives-macos.jar
7f7166113000-7f7166114000 r--s 00022000 08:01 26221554                   /home/michael1337/Documents/Neolithic/game/lib/lwjgl/lwjgl-nuklear-natives-linux.jar
7f7166114000-7f7166115000 r--s 00039000 08:01 26222669                   /home/michael1337/Documents/Neolithic/game/lib/lwjgl/lwjgl-natives-windows.jar
7f7166115000-7f7166117000 r--s 00008000 08:01 26222596                   /home/michael1337/Documents/Neolithic/game/lib/lwjgl/lwjgl-natives-macos.jar
7f7166117000-7f7166118000 r--s 00013000 08:01 26222595                   /home/michael1337/Documents/Neolithic/game/lib/lwjgl/lwjgl-natives-linux.jar
7f7166118000-7f716611a000 r--s 0000e000 08:01 26221549                   /home/michael1337/Documents/Neolithic/game/lib/lwjgl/lwjgl-nanovg.jar
7f716611a000-7f716611b000 r--s 00068000 08:01 26221547                   /home/michael1337/Documents/Neolithic/game/lib/lwjgl/lwjgl-nanovg-natives-windows.jar
7f716611b000-7f716611d000 r--s 00026000 08:01 26221553                   /home/michael1337/Documents/Neolithic/game/lib/lwjgl/lwjgl-nanovg-natives-macos.jar
7f716611d000-7f716611e000 r--s 00029000 08:01 26221546                   /home/michael1337/Documents/Neolithic/game/lib/lwjgl/lwjgl-nanovg-natives-linux.jar
7f716611e000-7f7166121000 r--s 00019000 08:01 26221542                   /home/michael1337/Documents/Neolithic/game/lib/lwjgl/lwjgl-glfw.jar
7f7166121000-7f7166133000 r--s 000d6000 08:01 24119616                   /home/michael1337/Programs/jdk/jdk1.8.0_121/jre/lib/plugin.jar
7f7166133000-7f7166134000 ---p 00000000 00:00 0 
7f7166134000-7f7166234000 rw-p 00000000 00:00 0 
7f7166234000-7f7166237000 ---p 00000000 00:00 0 
7f7166237000-7f7166335000 rw-p 00000000 00:00 0 
7f7166335000-7f7166338000 ---p 00000000 00:00 0 
7f7166338000-7f7166436000 rw-p 00000000 00:00 0 
7f7166436000-7f7166439000 ---p 00000000 00:00 0 
7f7166439000-7f7166537000 rw-p 00000000 00:00 0 
7f7166537000-7f716654d000 r-xp 00000000 08:01 24119393                   /home/michael1337/Programs/jdk/jdk1.8.0_121/jre/lib/amd64/libnet.so
7f716654d000-7f716674d000 ---p 00016000 08:01 24119393                   /home/michael1337/Programs/jdk/jdk1.8.0_121/jre/lib/amd64/libnet.so
7f716674d000-7f716674e000 rw-p 00016000 08:01 24119393                   /home/michael1337/Programs/jdk/jdk1.8.0_121/jre/lib/amd64/libnet.so
7f716674e000-7f7166751000 ---p 00000000 00:00 0 
7f7166751000-7f716684f000 rw-p 00000000 00:00 0 
7f716684f000-7f7166852000 ---p 00000000 00:00 0 
7f7166852000-7f7166950000 rw-p 00000000 00:00 0 
7f7166950000-7f7166953000 ---p 00000000 00:00 0 
7f7166953000-7f7166a51000 rw-p 00000000 00:00 0 
7f7166a51000-7f7166d2a000 r--p 00000000 08:01 4457405                    /usr/lib/locale/locale-archive
7f7166d2a000-7f7166d2d000 ---p 00000000 00:00 0 
7f7166d2d000-7f7166e2b000 rw-p 00000000 00:00 0 
7f7166e2b000-7f7166e2e000 ---p 00000000 00:00 0 
7f7166e2e000-7f7166f2c000 rw-p 00000000 00:00 0 
7f7166f2c000-7f7166f2d000 ---p 00000000 00:00 0 
7f7166f2d000-7f7167f8b000 rw-p 00000000 00:00 0 
7f7167f8b000-7f7168164000 r--s 03d3e000 08:01 24119385                   /home/michael1337/Programs/jdk/jdk1.8.0_121/jre/lib/rt.jar
7f7168164000-7f71688a4000 rw-p 00000000 00:00 0 
7f71688a4000-7f7168964000 ---p 00000000 00:00 0 
7f7168964000-7f71709f4000 rw-p 00000000 00:00 0 
7f71709f4000-7f71709f5000 ---p 00000000 00:00 0 
7f71709f5000-7f7170b46000 rw-p 00000000 00:00 0 
7f7170b46000-7f7171000000 ---p 00000000 00:00 0 
7f7171000000-7f71712b0000 rwxp 00000000 00:00 0 
7f71712b0000-7f7180000000 ---p 00000000 00:00 0 
7f7180000000-7f71808ca000 rw-p 00000000 00:00 0 
7f71808ca000-7f7184000000 ---p 00000000 00:00 0 
7f7184000000-7f7184001000 r--s 0003d000 08:01 26221544                   /home/michael1337/Documents/Neolithic/game/lib/lwjgl/lwjgl-glfw-natives-windows.jar
7f7184001000-7f7184002000 r--s 0000e000 08:01 26221540                   /home/michael1337/Documents/Neolithic/game/lib/lwjgl/lwjgl-glfw-natives-macos.jar
7f7184002000-7f7184004000 r--s 00022000 08:01 26221539                   /home/michael1337/Documents/Neolithic/game/lib/lwjgl/lwjgl-glfw-natives-linux.jar
7f7184004000-7f7184008000 r--s 00027000 08:01 26221534                   /home/michael1337/Documents/Neolithic/game/lib/lwjgl/lwjgl-bgfx.jar
7f7184008000-7f7184009000 r--s 0009f000 08:01 26221533                   /home/michael1337/Documents/Neolithic/game/lib/lwjgl/lwjgl-bgfx-natives-windows.jar
7f7184009000-7f718400a000 r--s 00041000 08:01 26221541                   /home/michael1337/Documents/Neolithic/game/lib/lwjgl/lwjgl-bgfx-natives-macos.jar
7f718400a000-7f718400b000 r--s 00051000 08:01 26221532                   /home/michael1337/Documents/Neolithic/game/lib/lwjgl/lwjgl-bgfx-natives-linux.jar
7f718400b000-7f718400f000 r--s 0002e000 08:01 26221528                   /home/michael1337/Documents/Neolithic/game/lib/lwjgl/lwjgl-assimp.jar
7f718400f000-7f7184085000 rw-p 00000000 00:00 0 
7f7184085000-7f7184086000 ---p 00000000 00:00 0 
7f7184086000-7f7184186000 rw-p 00000000 00:00 0 
7f7184186000-7f7184187000 ---p 00000000 00:00 0 
7f7184187000-7f7184287000 rw-p 00000000 00:00 0 
7f7184287000-7f7184288000 ---p 00000000 00:00 0 
7f7184288000-7f71843d9000 rw-p 00000000 00:00 0 
7f71843d9000-7f7184892000 ---p 00000000 00:00 0 
7f7184892000-7f71848bb000 rw-p 00000000 00:00 0 
7f71848bb000-7f7184b18000 ---p 00000000 00:00 0 
7f7184b18000-7f7184b24000 rw-p 00000000 00:00 0 
7f7184b24000-7f7184ed9000 ---p 00000000 00:00 0 
7f7184ed9000-7f7184ef3000 r-xp 00000000 08:01 24119416                   /home/michael1337/Programs/jdk/jdk1.8.0_121/jre/lib/amd64/libzip.so
7f7184ef3000-7f71850f3000 ---p 0001a000 08:01 24119416                   /home/michael1337/Programs/jdk/jdk1.8.0_121/jre/lib/amd64/libzip.so
7f71850f3000-7f71850f4000 rw-p 0001a000 08:01 24119416                   /home/michael1337/Programs/jdk/jdk1.8.0_121/jre/lib/amd64/libzip.so
7f71850f4000-7f71850ff000 r-xp 00000000 08:01 20845377                   /lib/x86_64-linux-gnu/libnss_files-2.23.so
7f71850ff000-7f71852fe000 ---p 0000b000 08:01 20845377                   /lib/x86_64-linux-gnu/libnss_files-2.23.so
7f71852fe000-7f71852ff000 r--p 0000a000 08:01 20845377                   /lib/x86_64-linux-gnu/libnss_files-2.23.so
7f71852ff000-7f7185300000 rw-p 0000b000 08:01 20845377                   /lib/x86_64-linux-gnu/libnss_files-2.23.so
7f7185300000-7f7185306000 rw-p 00000000 00:00 0 
7f7185306000-7f7185311000 r-xp 00000000 08:01 20845381                   /lib/x86_64-linux-gnu/libnss_nis-2.23.so
7f7185311000-7f7185510000 ---p 0000b000 08:01 20845381                   /lib/x86_64-linux-gnu/libnss_nis-2.23.so
7f7185510000-7f7185511000 r--p 0000a000 08:01 20845381                   /lib/x86_64-linux-gnu/libnss_nis-2.23.so
7f7185511000-7f7185512000 rw-p 0000b000 08:01 20845381                   /lib/x86_64-linux-gnu/libnss_nis-2.23.so
7f7185512000-7f7185528000 r-xp 00000000 08:01 20845361                   /lib/x86_64-linux-gnu/libnsl-2.23.so
7f7185528000-7f7185727000 ---p 00016000 08:01 20845361                   /lib/x86_64-linux-gnu/libnsl-2.23.so
7f7185727000-7f7185728000 r--p 00015000 08:01 20845361                   /lib/x86_64-linux-gnu/libnsl-2.23.so
7f7185728000-7f7185729000 rw-p 00016000 08:01 20845361                   /lib/x86_64-linux-gnu/libnsl-2.23.so
7f7185729000-7f718572b000 rw-p 00000000 00:00 0 
7f718572b000-7f7185733000 r-xp 00000000 08:01 20845372                   /lib/x86_64-linux-gnu/libnss_compat-2.23.so
7f7185733000-7f7185932000 ---p 00008000 08:01 20845372                   /lib/x86_64-linux-gnu/libnss_compat-2.23.so
7f7185932000-7f7185933000 r--p 00007000 08:01 20845372                   /lib/x86_64-linux-gnu/libnss_compat-2.23.so
7f7185933000-7f7185934000 rw-p 00008000 08:01 20845372                   /lib/x86_64-linux-gnu/libnss_compat-2.23.so
7f7185934000-7f718593e000 r-xp 00000000 08:01 24119454                   /home/michael1337/Programs/jdk/jdk1.8.0_121/jre/lib/amd64/libinstrument.so
7f718593e000-7f7185b3d000 ---p 0000a000 08:01 24119454                   /home/michael1337/Programs/jdk/jdk1.8.0_121/jre/lib/amd64/libinstrument.so
7f7185b3d000-7f7185b3e000 rw-p 00009000 08:01 24119454                   /home/michael1337/Programs/jdk/jdk1.8.0_121/jre/lib/amd64/libinstrument.so
7f7185b3e000-7f7185b69000 r-xp 00000000 08:01 24119443                   /home/michael1337/Programs/jdk/jdk1.8.0_121/jre/lib/amd64/libjava.so
7f7185b69000-7f7185d68000 ---p 0002b000 08:01 24119443                   /home/michael1337/Programs/jdk/jdk1.8.0_121/jre/lib/amd64/libjava.so
7f7185d68000-7f7185d6a000 rw-p 0002a000 08:01 24119443                   /home/michael1337/Programs/jdk/jdk1.8.0_121/jre/lib/amd64/libjava.so
7f7185d6a000-7f7185d77000 r-xp 00000000 08:01 24119394                   /home/michael1337/Programs/jdk/jdk1.8.0_121/jre/lib/amd64/libverify.so
7f7185d77000-7f7185f76000 ---p 0000d000 08:01 24119394                   /home/michael1337/Programs/jdk/jdk1.8.0_121/jre/lib/amd64/libverify.so
7f7185f76000-7f7185f78000 rw-p 0000c000 08:01 24119394                   /home/michael1337/Programs/jdk/jdk1.8.0_121/jre/lib/amd64/libverify.so
7f7185f78000-7f7185f7f000 r-xp 00000000 08:01 20845382                   /lib/x86_64-linux-gnu/librt-2.23.so
7f7185f7f000-7f718617e000 ---p 00007000 08:01 20845382                   /lib/x86_64-linux-gnu/librt-2.23.so
7f718617e000-7f718617f000 r--p 00006000 08:01 20845382                   /lib/x86_64-linux-gnu/librt-2.23.so
7f718617f000-7f7186180000 rw-p 00007000 08:01 20845382                   /lib/x86_64-linux-gnu/librt-2.23.so
7f7186180000-7f7186288000 r-xp 00000000 08:01 20845355                   /lib/x86_64-linux-gnu/libm-2.23.so
7f7186288000-7f7186487000 ---p 00108000 08:01 20845355                   /lib/x86_64-linux-gnu/libm-2.23.so
7f7186487000-7f7186488000 r--p 00107000 08:01 20845355                   /lib/x86_64-linux-gnu/libm-2.23.so
7f7186488000-7f7186489000 rw-p 00108000 08:01 20845355                   /lib/x86_64-linux-gnu/libm-2.23.so
7f7186489000-7f7187157000 r-xp 00000000 08:01 24119447                   /home/michael1337/Programs/jdk/jdk1.8.0_121/jre/lib/amd64/server/libjvm.so
7f7187157000-7f7187357000 ---p 00cce000 08:01 24119447                   /home/michael1337/Programs/jdk/jdk1.8.0_121/jre/lib/amd64/server/libjvm.so
7f7187357000-7f7187430000 rw-p 00cce000 08:01 24119447                   /home/michael1337/Programs/jdk/jdk1.8.0_121/jre/lib/amd64/server/libjvm.so
7f7187430000-7f718747b000 rw-p 00000000 00:00 0 
7f718747b000-7f718763b000 r-xp 00000000 08:01 20845364                   /lib/x86_64-linux-gnu/libc-2.23.so
7f718763b000-7f718783b000 ---p 001c0000 08:01 20845364                   /lib/x86_64-linux-gnu/libc-2.23.so
7f718783b000-7f718783f000 r--p 001c0000 08:01 20845364                   /lib/x86_64-linux-gnu/libc-2.23.so
7f718783f000-7f7187841000 rw-p 001c4000 08:01 20845364                   /lib/x86_64-linux-gnu/libc-2.23.so
7f7187841000-7f7187845000 rw-p 00000000 00:00 0 
7f7187845000-7f7187848000 r-xp 00000000 08:01 20845366                   /lib/x86_64-linux-gnu/libdl-2.23.so
7f7187848000-7f7187a47000 ---p 00003000 08:01 20845366                   /lib/x86_64-linux-gnu/libdl-2.23.so
7f7187a47000-7f7187a48000 r--p 00002000 08:01 20845366                   /lib/x86_64-linux-gnu/libdl-2.23.so
7f7187a48000-7f7187a49000 rw-p 00003000 08:01 20845366                   /lib/x86_64-linux-gnu/libdl-2.23.so
7f7187a49000-7f7187a5e000 r-xp 00000000 08:01 24118528                   /home/michael1337/Programs/jdk/jdk1.8.0_121/lib/amd64/jli/libjli.so
7f7187a5e000-7f7187c5e000 ---p 00015000 08:01 24118528                   /home/michael1337/Programs/jdk/jdk1.8.0_121/lib/amd64/jli/libjli.so
7f7187c5e000-7f7187c5f000 rw-p 00015000 08:01 24118528                   /home/michael1337/Programs/jdk/jdk1.8.0_121/lib/amd64/jli/libjli.so
7f7187c5f000-7f7187c77000 r-xp 00000000 08:01 20845363                   /lib/x86_64-linux-gnu/libpthread-2.23.so
7f7187c77000-7f7187e76000 ---p 00018000 08:01 20845363                   /lib/x86_64-linux-gnu/libpthread-2.23.so
7f7187e76000-7f7187e77000 r--p 00017000 08:01 20845363                   /lib/x86_64-linux-gnu/libpthread-2.23.so
7f7187e77000-7f7187e78000 rw-p 00018000 08:01 20845363                   /lib/x86_64-linux-gnu/libpthread-2.23.so
7f7187e78000-7f7187e7c000 rw-p 00000000 00:00 0 
7f7187e7c000-7f7187ea2000 r-xp 00000000 08:01 20845362                   /lib/x86_64-linux-gnu/ld-2.23.so
7f7187ea2000-7f7187ea3000 r--s 003ca000 08:01 26221526                   /home/michael1337/Documents/Neolithic/game/lib/lwjgl/lwjgl-assimp-natives-windows.jar
7f7187ea3000-7f7187ea4000 r--s 00230000 08:01 26221537                   /home/michael1337/Documents/Neolithic/game/lib/lwjgl/lwjgl-assimp-natives-macos.jar
7f7187ea4000-7f7187ea5000 r--s 002ed000 08:01 26221523                   /home/michael1337/Documents/Neolithic/game/lib/lwjgl/lwjgl-assimp-natives-linux.jar
7f7187ea5000-7f7187ea7000 r--s 0000e000 08:01 26092762                   /home/michael1337/Documents/Neolithic/game/lib/junit-platform-commons-1.0.0.jar
7f7187ea7000-7f7187ea8000 r--s 00001000 08:01 26092761                   /home/michael1337/Documents/Neolithic/game/lib/opentest4j-1.0.0.jar
7f7187ea8000-7f7187ea9000 r--s 00000000 08:01 26092760                   /home/michael1337/Documents/Neolithic/game/lib/apiguardian-api-1.0.0.jar
7f7187ea9000-7f7187eac000 r--s 00010000 08:01 26092759                   /home/michael1337/Documents/Neolithic/game/lib/junit-jupiter-api-5.0.0.jar
7f7187eac000-7f7187ead000 r--s 00000000 08:01 24119464                   /home/michael1337/Programs/jdk/jdk1.8.0_121/jre/lib/management-agent.jar
7f7187ead000-7f7187eaf000 r--s 00007000 08:01 24119458                   /home/michael1337/Programs/jdk/jdk1.8.0_121/jre/lib/jfxswt.jar
7f7187eaf000-7f7187eca000 r--s 00209000 08:01 24119501                   /home/michael1337/Programs/jdk/jdk1.8.0_121/jre/lib/deploy.jar
7f7187eca000-7f7187f71000 rw-p 00000000 00:00 0 
7f7187f71000-7f7187f74000 ---p 00000000 00:00 0 
7f7187f74000-7f7188077000 rw-p 00000000 00:00 0 
7f7188077000-7f7188081000 r--s 0006c000 08:01 24119500                   /home/michael1337/Programs/jdk/jdk1.8.0_121/jre/lib/javaws.jar
7f7188081000-7f7188084000 r--s 00010000 08:01 26877196                   /home/michael1337/.m2/repository/org/junit/jupiter/junit-jupiter-api/5.0.0/junit-jupiter-api-5.0.0.jar
7f7188084000-7f7188087000 r--s 0001a000 08:01 27401819                   /home/michael1337/.m2/repository/org/junit/jupiter/junit-jupiter-engine/5.0.0/junit-jupiter-engine-5.0.0.jar
7f7188087000-7f7188088000 r--s 00001000 08:01 27401792                   /home/michael1337/.m2/repository/org/opentest4j/opentest4j/1.0.0/opentest4j-1.0.0.jar
7f7188088000-7f718808a000 r--s 0000e000 08:01 27401794                   /home/michael1337/.m2/repository/org/junit/platform/junit-platform-commons/1.0.0/junit-platform-commons-1.0.0.jar
7f718808a000-7f718808d000 r--s 00013000 08:01 27401812                   /home/michael1337/.m2/repository/org/junit/platform/junit-platform-engine/1.0.0/junit-platform-engine-1.0.0.jar
7f718808d000-7f718808e000 r--s 00000000 08:01 27401790                   /home/michael1337/.m2/repository/org/apiguardian/apiguardian-api/1.0.0/apiguardian-api-1.0.0.jar
7f718808e000-7f7188090000 r--s 0000c000 08:01 27401810                   /home/michael1337/.m2/repository/org/junit/platform/junit-platform-launcher/1.0.0/junit-platform-launcher-1.0.0.jar
7f7188090000-7f7188092000 r--s 00008000 08:01 27267600                   /home/michael1337/Programs/intellij/idea-IU-181.5281.24/plugins/junit/lib/junit5-rt.jar
7f7188092000-7f7188095000 r--s 0001f000 08:01 27267599                   /home/michael1337/Programs/intellij/idea-IU-181.5281.24/plugins/junit/lib/junit-rt.jar
7f7188095000-7f7188097000 r--s 0001a000 08:01 24788587                   /home/michael1337/Programs/intellij/idea-IU-181.5281.24/lib/idea_rt.jar
7f7188097000-7f718809f000 rw-s 00000000 08:01 25568108                   /tmp/hsperfdata_michael1337/14756
7f718809f000-7f71880a0000 rw-p 00000000 00:00 0 
7f71880a0000-7f71880a1000 r--p 00000000 00:00 0 
7f71880a1000-7f71880a2000 r--p 00025000 08:01 20845362                   /lib/x86_64-linux-gnu/ld-2.23.so
7f71880a2000-7f71880a3000 rw-p 00026000 08:01 20845362                   /lib/x86_64-linux-gnu/ld-2.23.so
7f71880a3000-7f71880a4000 rw-p 00000000 00:00 0 
7fff2ba18000-7fff2ba3b000 rw-p 00000000 00:00 0                          [stack]
7fff2bbc0000-7fff2bbc3000 r--p 00000000 00:00 0                          [vvar]
7fff2bbc3000-7fff2bbc5000 r-xp 00000000 00:00 0                          [vdso]
ffffffffff600000-ffffffffff601000 r-xp 00000000 00:00 0                  [vsyscall]

VM Arguments:
jvm_args: -ea -Didea.test.cyclic.buffer.size=1048576 -javaagent:/home/michael1337/Programs/intellij/idea-IU-181.5281.24/lib/idea_rt.jar=43205:/home/michael1337/Programs/intellij/idea-IU-181.5281.24/bin -Dfile.encoding=UTF-8 
java_command: com.intellij.rt.execution.junit.JUnitStarter -ideVersion5 -junit5 logic.NeighbourTest,testFaceNeighbours
java_class_path (initial): /home/michael1337/Programs/intellij/idea-IU-181.5281.24/lib/idea_rt.jar:/home/michael1337/Programs/intellij/idea-IU-181.5281.24/plugins/junit/lib/junit-rt.jar:/home/michael1337/Programs/intellij/idea-IU-181.5281.24/plugins/junit/lib/junit5-rt.jar:/home/michael1337/.m2/repository/org/junit/platform/junit-platform-launcher/1.0.0/junit-platform-launcher-1.0.0.jar:/home/michael1337/.m2/repository/org/apiguardian/apiguardian-api/1.0.0/apiguardian-api-1.0.0.jar:/home/michael1337/.m2/repository/org/junit/platform/junit-platform-engine/1.0.0/junit-platform-engine-1.0.0.jar:/home/michael1337/.m2/repository/org/junit/platform/junit-platform-commons/1.0.0/junit-platform-commons-1.0.0.jar:/home/michael1337/.m2/repository/org/opentest4j/opentest4j/1.0.0/opentest4j-1.0.0.jar:/home/michael1337/.m2/repository/org/junit/jupiter/junit-jupiter-engine/5.0.0/junit-jupiter-engine-5.0.0.jar:/home/michael1337/.m2/repository/org/junit/jupiter/junit-jupiter-api/5.0.0/junit-jupiter-api-5.0.0.jar:/home/michael1337/Programs/jdk/jdk1.8.0_121/jre/lib/charsets.jar:/home/michael1337/Programs/jdk/jdk1.8.0_121/jre/lib/deploy.jar:/home/michael1337/Programs/jdk/jdk1.8.0_121/jre/lib/ext/cldrdata.jar:/home/michael1337/Programs/jdk/jdk1.8.0_121/jre/lib/ext/dnsns.jar:/home/michael1337/Programs/jdk/jdk1.8.0_121/jre/lib/ext/jaccess.jar:/home/michael1337/Programs/jdk/jdk1.8.0_121/jre/lib/ext/jfxrt.jar:/home/michael1337/Programs/jdk/jdk1.8.0_121/jre/lib/ext/localedata.jar:/home/michael1337/Programs/jdk/jdk1.8.0_121/jre/lib/ext/nashorn.jar:/home/michael1337/Programs/jdk/jdk1.8.0_121/jre/lib/ext/sunec.jar:/home/michael1337/Programs/jdk/jdk1.8.0_121/jre/lib/ext/sunjce_provider.jar:/home/michael1337/Programs/jdk/jdk1.8.0_121/jre/lib/ext/sunpkcs11.jar:/home/michael1337/Programs/jdk/jdk1.8.0_121/jre/lib/ext/zipfs.jar:/home/michael1337/Programs/jdk/jdk1.8.0_121/jre/lib/javaws.jar:/home/michael1337/Programs/jdk/jdk1.8.0_121/jre/lib/jce.jar:/home/michael1337/Programs/jdk/jdk1.8.0_121/jre/li
Launcher Type: SUN_STANDARD

Environment Variables:
JAVA_HOME=/home/michael1337/Programs/jdk/jdk1.8.0_121
PATH=/home/michael1337/Programs/Spin/Spin/Src6.4.8:/home/michael1337/anaconda3/bin:/home/michael1337/bin:/home/michael1337/.local/bin:/usr/local/sbin:/usr/local/bin:/usr/sbin:/usr/bin:/sbin:/bin:/usr/games:/usr/local/games:/snap/bin:/home/michael1337/Programs/jdk/jdk1.8.0_121
USERNAME=michael1337
SHELL=/bin/bash
DISPLAY=:1

Signal Handlers:
SIGSEGV: [libjvm.so+0xac78c0], sa_mask[0]=11111111011111111101111111111110, sa_flags=SA_RESTART|SA_SIGINFO
SIGBUS: [libjvm.so+0xac78c0], sa_mask[0]=11111111011111111101111111111110, sa_flags=SA_RESTART|SA_SIGINFO
SIGFPE: [libjvm.so+0x920ac0], sa_mask[0]=11111111011111111101111111111110, sa_flags=SA_RESTART|SA_SIGINFO
SIGPIPE: [libjvm.so+0x920ac0], sa_mask[0]=11111111011111111101111111111110, sa_flags=SA_RESTART|SA_SIGINFO
SIGXFSZ: [libjvm.so+0x920ac0], sa_mask[0]=11111111011111111101111111111110, sa_flags=SA_RESTART|SA_SIGINFO
SIGILL: [libjvm.so+0x920ac0], sa_mask[0]=11111111011111111101111111111110, sa_flags=SA_RESTART|SA_SIGINFO
SIGUSR1: SIG_DFL, sa_mask[0]=00000000000000000000000000000000, sa_flags=none
SIGUSR2: [libjvm.so+0x922300], sa_mask[0]=00100000000000000000000000000000, sa_flags=SA_RESTART|SA_SIGINFO
SIGHUP: [libjvm.so+0x923700], sa_mask[0]=11111111011111111101111111111110, sa_flags=SA_RESTART|SA_SIGINFO
SIGINT: [libjvm.so+0x923700], sa_mask[0]=11111111011111111101111111111110, sa_flags=SA_RESTART|SA_SIGINFO
SIGTERM: [libjvm.so+0x923700], sa_mask[0]=11111111011111111101111111111110, sa_flags=SA_RESTART|SA_SIGINFO
SIGQUIT: [libjvm.so+0x923700], sa_mask[0]=11111111011111111101111111111110, sa_flags=SA_RESTART|SA_SIGINFO


---------------  S Y S T E M  ---------------

OS:DISTRIB_ID=Ubuntu
DISTRIB_RELEASE=16.04
DISTRIB_CODENAME=xenial
DISTRIB_DESCRIPTION="Ubuntu 16.04.5 LTS"

uname:Linux 4.4.0-130-generic #156-Ubuntu SMP Thu Jun 14 08:53:28 UTC 2018 x86_64
libc:glibc 2.23 NPTL 2.23 
rlimit: STACK 8192k, CORE 0k, NPROC 61761, NOFILE 1048576, AS infinity
load average:1,10 0,78 0,77

/proc/meminfo:
MemTotal:       15852036 kB
MemFree:         1389752 kB
MemAvailable:   10297612 kB
Buffers:          175968 kB
Cached:          8554292 kB
SwapCached:         1504 kB
Active:          7994004 kB
Inactive:        5311060 kB
Active(anon):    3823388 kB
Inactive(anon):  1152816 kB
Active(file):    4170616 kB
Inactive(file):  4158244 kB
Unevictable:          16 kB
Mlocked:              16 kB
SwapTotal:      16189436 kB
SwapFree:       15945172 kB
Dirty:              4156 kB
Writeback:             0 kB
AnonPages:       4573944 kB
Mapped:           465432 kB
Shmem:            401400 kB
Slab:             985020 kB
SReclaimable:     915452 kB
SUnreclaim:        69568 kB
KernelStack:       15104 kB
PageTables:        67576 kB
NFS_Unstable:          0 kB
Bounce:                0 kB
WritebackTmp:          0 kB
CommitLimit:    24115452 kB
Committed_AS:   35693780 kB
VmallocTotal:   34359738367 kB
VmallocUsed:           0 kB
VmallocChunk:          0 kB
HardwareCorrupted:     0 kB
AnonHugePages:         0 kB
CmaTotal:              0 kB
CmaFree:               0 kB
HugePages_Total:       0
HugePages_Free:        0
HugePages_Rsvd:        0
HugePages_Surp:        0
Hugepagesize:       2048 kB
DirectMap4k:      618180 kB
DirectMap2M:    15572992 kB
DirectMap1G:           0 kB


CPU:total 4 (2 cores per cpu, 2 threads per core) family 6 model 78 stepping 3, cmov, cx8, fxsr, mmx, sse, sse2, sse3, ssse3, sse4.1, sse4.2, popcnt, avx, avx2, aes, clmul, erms, 3dnowpref, lzcnt, ht, tsc, tscinvbit, bmi1, bmi2, adx

/proc/cpuinfo:
processor	: 0
vendor_id	: GenuineIntel
cpu family	: 6
model		: 78
model name	: Intel(R) Core(TM) i7-6500U CPU @ 2.50GHz
stepping	: 3
microcode	: 0xc2
cpu MHz		: 2799.976
cache size	: 4096 KB
physical id	: 0
siblings	: 4
core id		: 0
cpu cores	: 2
apicid		: 0
initial apicid	: 0
fpu		: yes
fpu_exception	: yes
cpuid level	: 22
wp		: yes
flags		: fpu vme de pse tsc msr pae mce cx8 apic sep mtrr pge mca cmov pat pse36 clflush dts acpi mmx fxsr sse sse2 ss ht tm pbe syscall nx pdpe1gb rdtscp lm constant_tsc art arch_perfmon pebs bts rep_good nopl xtopology nonstop_tsc aperfmperf eagerfpu pni pclmulqdq dtes64 monitor ds_cpl vmx est tm2 ssse3 sdbg fma cx16 xtpr pdcm pcid sse4_1 sse4_2 x2apic movbe popcnt tsc_deadline_timer aes xsave avx f16c rdrand lahf_lm abm 3dnowprefetch epb invpcid_single intel_pt ibrs ibpb stibp kaiser tpr_shadow vnmi flexpriority ept vpid fsgsbase tsc_adjust bmi1 avx2 smep bmi2 erms invpcid mpx rdseed adx smap clflushopt xsaveopt xsavec xgetbv1 dtherm ida arat pln pts hwp hwp_notify hwp_act_window hwp_epp
bugs		: cpu_meltdown spectre_v1 spectre_v2 spec_store_bypass
bogomips	: 5184.48
clflush size	: 64
cache_alignment	: 64
address sizes	: 39 bits physical, 48 bits virtual
power management:

processor	: 1
vendor_id	: GenuineIntel
cpu family	: 6
model		: 78
model name	: Intel(R) Core(TM) i7-6500U CPU @ 2.50GHz
stepping	: 3
microcode	: 0xc2
cpu MHz		: 2793.882
cache size	: 4096 KB
physical id	: 0
siblings	: 4
core id		: 1
cpu cores	: 2
apicid		: 2
initial apicid	: 2
fpu		: yes
fpu_exception	: yes
cpuid level	: 22
wp		: yes
flags		: fpu vme de pse tsc msr pae mce cx8 apic sep mtrr pge mca cmov pat pse36 clflush dts acpi mmx fxsr sse sse2 ss ht tm pbe syscall nx pdpe1gb rdtscp lm constant_tsc art arch_perfmon pebs bts rep_good nopl xtopology nonstop_tsc aperfmperf eagerfpu pni pclmulqdq dtes64 monitor ds_cpl vmx est tm2 ssse3 sdbg fma cx16 xtpr pdcm pcid sse4_1 sse4_2 x2apic movbe popcnt tsc_deadline_timer aes xsave avx f16c rdrand lahf_lm abm 3dnowprefetch epb invpcid_single intel_pt ibrs ibpb stibp kaiser tpr_shadow vnmi flexpriority ept vpid fsgsbase tsc_adjust bmi1 avx2 smep bmi2 erms invpcid mpx rdseed adx smap clflushopt xsaveopt xsavec xgetbv1 dtherm ida arat pln pts hwp hwp_notify hwp_act_window hwp_epp
bugs		: cpu_meltdown spectre_v1 spectre_v2 spec_store_bypass
bogomips	: 5184.48
clflush size	: 64
cache_alignment	: 64
address sizes	: 39 bits physical, 48 bits virtual
power management:

processor	: 2
vendor_id	: GenuineIntel
cpu family	: 6
model		: 78
model name	: Intel(R) Core(TM) i7-6500U CPU @ 2.50GHz
stepping	: 3
microcode	: 0xc2
cpu MHz		: 2799.976
cache size	: 4096 KB
physical id	: 0
siblings	: 4
core id		: 0
cpu cores	: 2
apicid		: 1
initial apicid	: 1
fpu		: yes
fpu_exception	: yes
cpuid level	: 22
wp		: yes
flags		: fpu vme de pse tsc msr pae mce cx8 apic sep mtrr pge mca cmov pat pse36 clflush dts acpi mmx fxsr sse sse2 ss ht tm pbe syscall nx pdpe1gb rdtscp lm constant_tsc art arch_perfmon pebs bts rep_good nopl xtopology nonstop_tsc aperfmperf eagerfpu pni pclmulqdq dtes64 monitor ds_cpl vmx est tm2 ssse3 sdbg fma cx16 xtpr pdcm pcid sse4_1 sse4_2 x2apic movbe popcnt tsc_deadline_timer aes xsave avx f16c rdrand lahf_lm abm 3dnowprefetch epb invpcid_single intel_pt ibrs ibpb stibp kaiser tpr_shadow vnmi flexpriority ept vpid fsgsbase tsc_adjust bmi1 avx2 smep bmi2 erms invpcid mpx rdseed adx smap clflushopt xsaveopt xsavec xgetbv1 dtherm ida arat pln pts hwp hwp_notify hwp_act_window hwp_epp
bugs		: cpu_meltdown spectre_v1 spectre_v2 spec_store_bypass
bogomips	: 5184.48
clflush size	: 64
cache_alignment	: 64
address sizes	: 39 bits physical, 48 bits virtual
power management:

processor	: 3
vendor_id	: GenuineIntel
cpu family	: 6
model		: 78
model name	: Intel(R) Core(TM) i7-6500U CPU @ 2.50GHz
stepping	: 3
microcode	: 0xc2
cpu MHz		: 2794.187
cache size	: 4096 KB
physical id	: 0
siblings	: 4
core id		: 1
cpu cores	: 2
apicid		: 3
initial apicid	: 3
fpu		: yes
fpu_exception	: yes
cpuid level	: 22
wp		: yes
flags		: fpu vme de pse tsc msr pae mce cx8 apic sep mtrr pge mca cmov pat pse36 clflush dts acpi mmx fxsr sse sse2 ss ht tm pbe syscall nx pdpe1gb rdtscp lm constant_tsc art arch_perfmon pebs bts rep_good nopl xtopology nonstop_tsc aperfmperf eagerfpu pni pclmulqdq dtes64 monitor ds_cpl vmx est tm2 ssse3 sdbg fma cx16 xtpr pdcm pcid sse4_1 sse4_2 x2apic movbe popcnt tsc_deadline_timer aes xsave avx f16c rdrand lahf_lm abm 3dnowprefetch epb invpcid_single intel_pt ibrs ibpb stibp kaiser tpr_shadow vnmi flexpriority ept vpid fsgsbase tsc_adjust bmi1 avx2 smep bmi2 erms invpcid mpx rdseed adx smap clflushopt xsaveopt xsavec xgetbv1 dtherm ida arat pln pts hwp hwp_notify hwp_act_window hwp_epp
bugs		: cpu_meltdown spectre_v1 spectre_v2 spec_store_bypass
bogomips	: 5184.48
clflush size	: 64
cache_alignment	: 64
address sizes	: 39 bits physical, 48 bits virtual
power management:



Memory: 4k page, physical 15852036k(1389752k free), swap 16189436k(15945172k free)

vm_info: Java HotSpot(TM) 64-Bit Server VM (25.121-b13) for linux-amd64 JRE (1.8.0_121-b13), built on Dec 12 2016 16:36:53 by "java_re" with gcc 4.3.0 20080428 (Red Hat 4.3.0-8)

time: Sun Aug  5 16:14:26 2018
elapsed time: 0 seconds (0d 0h 0m 0s)

