#
# A fatal error has been detected by the Java Runtime Environment:
#
#  SIGSEGV (0xb) at pc=0x00007f5b0c9344a9, pid=7619, tid=0x00007f5b4815d700
#
# JRE version: Java(TM) SE Runtime Environment (8.0_121-b13) (build 1.8.0_121-b13)
# Java VM: Java HotSpot(TM) 64-Bit Server VM (25.121-b13 mixed mode linux-amd64 compressed oops)
# Problematic frame:
# C  [liblwjgl_opengl.so+0x494a9]  Java_org_lwjgl_opengl_GL11_glClear+0x9
#
# Failed to write core dump. Core dumps have been disabled. To enable core dumping, try "ulimit -c unlimited" before starting Java again
#
# If you would like to submit a bug report, please visit:
#   http://bugreport.java.com/bugreport/crash.jsp
# The crash happened outside the Java Virtual Machine in native code.
# See problematic frame for where to report the bug.
#

---------------  T H R E A D  ---------------

Current thread (0x00007f5b648cc800):  JavaThread "Thread-0" [_thread_in_native, id=7650, stack(0x00007f5b4805d000,0x00007f5b4815e000)]

siginfo: si_signo: 11 (SIGSEGV), si_code: 1 (SEGV_MAPERR), si_addr: 0x0000000000000370

Registers:
RAX=0x0000000000000000, RBX=0x00007f5b52934200, RCX=0x00007f5b64008c40, RDX=0x0000000000004100
RSP=0x00007f5b4815c6b8, RBP=0x00007f5b4815c710, RSI=0x00007f5b4815c720, RDI=0x0000000000004100
R8 =0x0000000000000000, R9 =0x0000000000000006, R10=0x00007f5b547c5a08, R11=0x00007f5b697aeea0
R12=0x0000000000000000, R13=0x00007f5b529341f8, R14=0x00007f5b4815c730, R15=0x00007f5b648cc800
RIP=0x00007f5b0c9344a9, EFLAGS=0x0000000000010287, CSGSFS=0x0000000000000033, ERR=0x0000000000000004
  TRAPNO=0x000000000000000e

Top of Stack: (sp=0x00007f5b4815c6b8)
0x00007f5b4815c6b8:   00007f5b547c5a34 00007f5b648cc800
0x00007f5b4815c6c8:   00007f5b547c5782 00007f5b4815c6d0
0x00007f5b4815c6d8:   00007f5b529341f8 00007f5b4815c730
0x00007f5b4815c6e8:   00007f5b52960c28 0000000000000000
0x00007f5b4815c6f8:   00007f5b52934200 0000000000000000
0x00007f5b4815c708:   00007f5b4815c730 00007f5b4815c778
0x00007f5b4815c718:   00007f5b547b62bd 00000007700e1ec8
0x00007f5b4815c728:   00007f5b547bf538 0000000000004100
0x00007f5b4815c738:   00007f5b4815c738 00007f5b527c1dfb
0x00007f5b4815c748:   00007f5b4815c788 00007f5b527c2028
0x00007f5b4815c758:   0000000000000000 00007f5b527c1e30
0x00007f5b4815c768:   00007f5b4815c730 00007f5b4815c788
0x00007f5b4815c778:   00007f5b4815c7d0 00007f5b547b5ad5
0x00007f5b4815c788:   000000076f733d78 00007f5b4815c790
0x00007f5b4815c798:   00007f5b52a5f394 00007f5b4815c7e8
0x00007f5b4815c7a8:   00007f5b52a5f460 0000000000000000
0x00007f5b4815c7b8:   00007f5b52a5f3f0 00007f5b4815c788
0x00007f5b4815c7c8:   00007f5b4815c7e8 00007f5b4815c850
0x00007f5b4815c7d8:   00007f5b547ae7a7 0000000000000000
0x00007f5b4815c7e8:   0000000770565e10 00007f5b00001fa0
0x00007f5b4815c7f8:   00007f5b648cc030 00007f5b648cc800
0x00007f5b4815c808:   00007f5b4815c8d0 00007f5b648cc800
0x00007f5b4815c818:   00007f5b4815c890 00007f5b4815c890
0x00007f5b4815c828:   00007f5b4815cb88 00007f5b0000000a
0x00007f5b4815c838:   00007f5b52a5f3f0 00007f5b547c0c80
0x00007f5b4815c848:   00007f5b4815cab8 00007f5b4815c9c0
0x00007f5b4815c858:   00007f5b6947bdd6 00007f5b00000001
0x00007f5b4815c868:   00007f5b648cc800 00007f5b4815cab0
0x00007f5b4815c878:   00007f5b4815cb80 00007f5b547c0c80
0x00007f5b4815c888:   00007f5b0000000a 00007f5b648cc800
0x00007f5b4815c898:   00007f5b643f0450 00007f5b52a5f3f0
0x00007f5b4815c8a8:   0000000770565e10 0000000000000000 

Instructions: (pc=0x00007f5b0c9344a9)
0x00007f5b0c934489:   b0 03 00 00 0f 1f 00 48 8b 07 48 8b 40 18 ff a0
0x00007f5b0c934499:   78 03 00 00 0f 1f 00 48 8b 07 89 d7 48 8b 40 18
0x00007f5b0c9344a9:   48 8b 80 70 03 00 00 ff e0 66 66 66 66 66 2e 0f
0x00007f5b0c9344b9:   1f 84 00 00 00 00 00 48 8b 07 41 89 d1 89 ce 4c 

Register to memory mapping:

RAX=0x0000000000000000 is an unknown value
RBX={method} {0x00007f5b52934200} 'glClear' '(I)V' in 'org/lwjgl/opengl/GL11'
RCX=0x00007f5b64008c40 is an unknown value
RDX=0x0000000000004100 is an unknown value
RSP=0x00007f5b4815c6b8 is pointing into the stack for thread: 0x00007f5b648cc800
RBP=0x00007f5b4815c710 is pointing into the stack for thread: 0x00007f5b648cc800
RSI=0x00007f5b4815c720 is pointing into the stack for thread: 0x00007f5b648cc800
RDI=0x0000000000004100 is an unknown value
R8 =0x0000000000000000 is an unknown value
R9 =0x0000000000000006 is an unknown value
R10=0x00007f5b547c5a08 is at code_begin+808 in an Interpreter codelet
method entry point (kind = native)  [0x00007f5b547c56e0, 0x00007f5b547c5fe0]  2304 bytes
R11=0x00007f5b697aeea0: <offset 0x9c3ea0> in /home/michael1337/Programs/jdk/jdk1.8.0_121/jre/lib/amd64/server/libjvm.so at 0x00007f5b68deb000
R12=0x0000000000000000 is an unknown value
R13=0x00007f5b529341f8 is pointing into metadata
R14=0x00007f5b4815c730 is pointing into the stack for thread: 0x00007f5b648cc800
R15=0x00007f5b648cc800 is a thread


Stack: [0x00007f5b4805d000,0x00007f5b4815e000],  sp=0x00007f5b4815c6b8,  free space=1021k
Native frames: (J=compiled Java code, j=interpreted, Vv=VM code, C=native code)
C  [liblwjgl_opengl.so+0x494a9]  Java_org_lwjgl_opengl_GL11_glClear+0x9
j  gui.graphics.Window3D.draw()Z+3
j  threads.DrawThread.run()V+4
v  ~StubRoutines::call_stub
V  [libjvm.so+0x690dd6]  JavaCalls::call_helper(JavaValue*, methodHandle*, JavaCallArguments*, Thread*)+0x1056
V  [libjvm.so+0x6912e1]  JavaCalls::call_virtual(JavaValue*, KlassHandle, Symbol*, Symbol*, JavaCallArguments*, Thread*)+0x321
V  [libjvm.so+0x691787]  JavaCalls::call_virtual(JavaValue*, Handle, KlassHandle, Symbol*, Symbol*, Thread*)+0x47
V  [libjvm.so+0x72cb00]  thread_entry(JavaThread*, Thread*)+0xa0
V  [libjvm.so+0xa75543]  JavaThread::thread_main_inner()+0x103
V  [libjvm.so+0xa7568c]  JavaThread::run()+0x11c
V  [libjvm.so+0x926268]  java_start(Thread*)+0x108
C  [libpthread.so.0+0x76ba]  start_thread+0xca

Java frames: (J=compiled Java code, j=interpreted, Vv=VM code)
j  org.lwjgl.opengl.GL11.glClear(I)V+0
j  gui.graphics.Window3D.draw()Z+3
j  threads.DrawThread.run()V+4
v  ~StubRoutines::call_stub

---------------  P R O C E S S  ---------------

Java Threads: ( => current thread )
  0x00007f5b6400c800 JavaThread "DestroyJavaVM" [_thread_blocked, id=7620, stack(0x00007f5b6a8d9000,0x00007f5b6a9da000)]
=>0x00007f5b648cc800 JavaThread "Thread-0" [_thread_in_native, id=7650, stack(0x00007f5b4805d000,0x00007f5b4815e000)]
  0x00007f5b642c8000 JavaThread "Service Thread" daemon [_thread_blocked, id=7647, stack(0x00007f5b5009d000,0x00007f5b5019e000)]
  0x00007f5b642bd000 JavaThread "C1 CompilerThread2" daemon [_thread_blocked, id=7646, stack(0x00007f5b5019e000,0x00007f5b5029f000)]
  0x00007f5b642b1800 JavaThread "C2 CompilerThread1" daemon [_thread_blocked, id=7645, stack(0x00007f5b5029f000,0x00007f5b503a0000)]
  0x00007f5b642af800 JavaThread "C2 CompilerThread0" daemon [_thread_blocked, id=7644, stack(0x00007f5b508b8000,0x00007f5b509b9000)]
  0x00007f5b642a4800 JavaThread "Monitor Ctrl-Break" daemon [_thread_in_native, id=7643, stack(0x00007f5b509b9000,0x00007f5b50aba000)]
  0x00007f5b64182800 JavaThread "Signal Dispatcher" daemon [_thread_blocked, id=7636, stack(0x00007f5b50baa000,0x00007f5b50cab000)]
  0x00007f5b6414e000 JavaThread "Finalizer" daemon [_thread_blocked, id=7633, stack(0x00007f5b50f84000,0x00007f5b51085000)]
  0x00007f5b64149800 JavaThread "Reference Handler" daemon [_thread_blocked, id=7631, stack(0x00007f5b51085000,0x00007f5b51186000)]

Other Threads:
  0x00007f5b64142000 VMThread [stack: 0x00007f5b51186000,0x00007f5b51287000] [id=7630]
  0x00007f5b642cd000 WatcherThread [stack: 0x00007f5b4beff000,0x00007f5b4c000000] [id=7648]

VM state:not at safepoint (normal execution)

VM Mutex/Monitor currently owned by a thread: None

Heap:
 PSYoungGen      total 72192K, used 19848K [0x000000076f580000, 0x0000000774600000, 0x00000007c0000000)
  eden space 61952K, 32% used [0x000000076f580000,0x00000007708e2398,0x0000000773200000)
  from space 10240K, 0% used [0x0000000773c00000,0x0000000773c00000,0x0000000774600000)
  to   space 10240K, 0% used [0x0000000773200000,0x0000000773200000,0x0000000773c00000)
 ParOldGen       total 165376K, used 0K [0x00000006ce000000, 0x00000006d8180000, 0x000000076f580000)
  object space 165376K, 0% used [0x00000006ce000000,0x00000006ce000000,0x00000006d8180000)
 Metaspace       used 7647K, capacity 7815K, committed 8064K, reserved 1056768K
  class space    used 729K, capacity 812K, committed 896K, reserved 1048576K

Card table byte_map: [0x00007f5b53c5d000,0x00007f5b543ee000] byte_map_base: 0x00007f5b505ed000

Marking Bits: (ParMarkBitMap*) 0x00007f5b69dafc80
 Begin Bits: [0x00007f5b34700000, 0x00007f5b38380000)
 End Bits:   [0x00007f5b38380000, 0x00007f5b3c000000)

Polling page: 0x00007f5b6aa00000

CodeCache: size=245760Kb used=2583Kb max_used=2583Kb free=243176Kb
 bounds [0x00007f5b547ae000, 0x00007f5b54a3e000, 0x00007f5b637ae000]
 total_blobs=1352 nmethods=583 adapters=683
 compilation: enabled

Compilation events (10 events):
Event: 0,651 Thread 0x00007f5b642bd000  568       3       sun.reflect.UnsafeFieldAccessorFactory::newFieldAccessor (676 bytes)
Event: 0,653 Thread 0x00007f5b642af800  583       4       java.lang.reflect.Modifier::isStatic (13 bytes)
Event: 0,654 Thread 0x00007f5b642bd000 nmethod 568 0x00007f5b54a2a1d0 code [0x00007f5b54a2a7c0, 0x00007f5b54a2d4b8]
Event: 0,654 Thread 0x00007f5b642bd000  569       3       sun.reflect.UnsafeFieldAccessorImpl::<init> (56 bytes)
Event: 0,654 Thread 0x00007f5b642bd000 nmethod 569 0x00007f5b54a2ecd0 code [0x00007f5b54a2ee80, 0x00007f5b54a2f5b8]
Event: 0,654 Thread 0x00007f5b642bd000  570       3       sun.reflect.FieldAccessorImpl::<init> (5 bytes)
Event: 0,654 Thread 0x00007f5b642bd000 nmethod 570 0x00007f5b54a2f790 code [0x00007f5b54a2f900, 0x00007f5b54a2fb10]
Event: 0,654 Thread 0x00007f5b642bd000  573       3       java.lang.reflect.Field::getLong (51 bytes)
Event: 0,655 Thread 0x00007f5b642bd000 nmethod 573 0x00007f5b54a2fc10 code [0x00007f5b54a2fde0, 0x00007f5b54a30428]
Event: 0,655 Thread 0x00007f5b642bd000  580       3       org.lwjgl.system.MemoryUtil::memPutAddress (11 bytes)

GC Heap History (0 events):
No events

Deoptimization events (1 events):
Event: 0,654 Thread 0x00007f5b6400c800 Uncommon trap: reason=unstable_if action=reinterpret pc=0x00007f5b54948edc method=java.lang.String.replace(CC)Ljava/lang/String; @ 26

Internal exceptions (10 events):
Event: 0,028 Thread 0x00007f5b6400c800 Exception <a 'java/lang/NoSuchMethodError': Method sun.misc.Unsafe.defineClass(Ljava/lang/String;[BII)Ljava/lang/Class; name or signature does not match> (0x000000076f587ca8) thrown at [/HUDSON3/workspace/8-2-build-linux-amd64/jdk8u121/8372/hotspot/src/sh
Event: 0,028 Thread 0x00007f5b6400c800 Exception <a 'java/lang/NoSuchMethodError': Method sun.misc.Unsafe.prefetchRead(Ljava/lang/Object;J)V name or signature does not match> (0x000000076f587f90) thrown at [/HUDSON3/workspace/8-2-build-linux-amd64/jdk8u121/8372/hotspot/src/share/vm/prims/jni.c
Event: 0,162 Thread 0x00007f5b6400c800 Exception <a 'java/lang/NoSuchMethodError': java.lang.Object.lambda$static$0(Ljava/lang/String;)Ljava/lang/Boolean;> (0x000000076faa6860) thrown at [/HUDSON3/workspace/8-2-build-linux-amd64/jdk8u121/8372/hotspot/src/share/vm/interpreter/linkResolver.cpp, 
Event: 0,179 Thread 0x00007f5b6400c800 Exception <a 'java/lang/NoSuchFieldError': method resolution failed> (0x000000076fb28cf0) thrown at [/HUDSON3/workspace/8-2-build-linux-amd64/jdk8u121/8372/hotspot/src/share/vm/prims/methodHandles.cpp, line 1146]
Event: 0,180 Thread 0x00007f5b6400c800 Exception <a 'java/lang/NoSuchFieldError': method resolution failed> (0x000000076fb36b68) thrown at [/HUDSON3/workspace/8-2-build-linux-amd64/jdk8u121/8372/hotspot/src/share/vm/prims/methodHandles.cpp, line 1146]
Event: 0,247 Thread 0x00007f5b6400c800 Exception <a 'java/security/PrivilegedActionException'> (0x000000076fd27370) thrown at [/HUDSON3/workspace/8-2-build-linux-amd64/jdk8u121/8372/hotspot/src/share/vm/prims/jvm.cpp, line 1390]
Event: 0,247 Thread 0x00007f5b6400c800 Exception <a 'java/security/PrivilegedActionException'> (0x000000076fd27580) thrown at [/HUDSON3/workspace/8-2-build-linux-amd64/jdk8u121/8372/hotspot/src/share/vm/prims/jvm.cpp, line 1390]
Event: 0,247 Thread 0x00007f5b6400c800 Exception <a 'java/security/PrivilegedActionException'> (0x000000076fd2a268) thrown at [/HUDSON3/workspace/8-2-build-linux-amd64/jdk8u121/8372/hotspot/src/share/vm/prims/jvm.cpp, line 1390]
Event: 0,247 Thread 0x00007f5b6400c800 Exception <a 'java/security/PrivilegedActionException'> (0x000000076fd2a478) thrown at [/HUDSON3/workspace/8-2-build-linux-amd64/jdk8u121/8372/hotspot/src/share/vm/prims/jvm.cpp, line 1390]
Event: 0,404 Thread 0x00007f5b6400c800 Exception <a 'sun/nio/fs/UnixException'> (0x000000076ff72bf8) thrown at [/HUDSON3/workspace/8-2-build-linux-amd64/jdk8u121/8372/hotspot/src/share/vm/prims/jni.cpp, line 709]

Events (10 events):
Event: 0,648 loading class sun/reflect/UnsafeQualifiedFieldAccessorImpl done
Event: 0,648 loading class sun/reflect/UnsafeQualifiedLongFieldAccessorImpl done
Event: 0,654 loading class threads/DrawThread
Event: 0,654 loading class threads/DrawThread done
Event: 0,654 Thread 0x00007f5b6400c800 Uncommon trap: trap_request=0xffffff65 fr.pc=0x00007f5b54948edc
Event: 0,654 Thread 0x00007f5b6400c800 DEOPT PACKING pc=0x00007f5b54948edc sp=0x00007f5b6a9d6930
Event: 0,654 Thread 0x00007f5b6400c800 DEOPT UNPACKING pc=0x00007f5b547b3229 sp=0x00007f5b6a9d68d8 mode 2
Event: 0,655 Thread 0x00007f5b648cc800 Thread added: 0x00007f5b648cc800
Event: 0,655 Thread 0x00007f5b6400c800 Thread exited: 0x00007f5b6400c800
Event: 0,655 Thread 0x00007f5b6400c800 Thread added: 0x00007f5b6400c800


Dynamic libraries:
00400000-00401000 r-xp 00000000 08:01 24119309                           /home/michael1337/Programs/jdk/jdk1.8.0_121/bin/java
00600000-00601000 rw-p 00000000 08:01 24119309                           /home/michael1337/Programs/jdk/jdk1.8.0_121/bin/java
01341000-01362000 rw-p 00000000 00:00 0                                  [heap]
6ce000000-6d8180000 rw-p 00000000 00:00 0 
6d8180000-76f580000 ---p 00000000 00:00 0 
76f580000-774600000 rw-p 00000000 00:00 0 
774600000-7c0000000 ---p 00000000 00:00 0 
7c0000000-7c00e0000 rw-p 00000000 00:00 0 
7c00e0000-800000000 ---p 00000000 00:00 0 
7f5b04000000-7f5b0429a000 rw-p 00000000 00:00 0 
7f5b0429a000-7f5b08000000 ---p 00000000 00:00 0 
7f5b08000000-7f5b08021000 rw-p 00000000 00:00 0 
7f5b08021000-7f5b0c000000 ---p 00000000 00:00 0 
7f5b0c8eb000-7f5b0c956000 r-xp 00000000 08:01 24395426                   /tmp/lwjglmichael1337/3.1.3-SNAPSHOT/liblwjgl_opengl.so
7f5b0c956000-7f5b0cb55000 ---p 0006b000 08:01 24395426                   /tmp/lwjglmichael1337/3.1.3-SNAPSHOT/liblwjgl_opengl.so
7f5b0cb55000-7f5b0cb56000 r--p 0006a000 08:01 24395426                   /tmp/lwjglmichael1337/3.1.3-SNAPSHOT/liblwjgl_opengl.so
7f5b0cb56000-7f5b0cb57000 rw-p 0006b000 08:01 24395426                   /tmp/lwjglmichael1337/3.1.3-SNAPSHOT/liblwjgl_opengl.so
7f5b0cb57000-7f5b0de24000 rw-p 00000000 00:00 0 
7f5b0de24000-7f5b0de5b000 r-xp 00000000 08:01 4465941                    /usr/lib/x86_64-linux-gnu/libtxc_dxtn_s2tc.so.0.0.0
7f5b0de5b000-7f5b0e05a000 ---p 00037000 08:01 4465941                    /usr/lib/x86_64-linux-gnu/libtxc_dxtn_s2tc.so.0.0.0
7f5b0e05a000-7f5b0e05b000 r--p 00036000 08:01 4465941                    /usr/lib/x86_64-linux-gnu/libtxc_dxtn_s2tc.so.0.0.0
7f5b0e05b000-7f5b0e05c000 rw-p 00037000 08:01 4465941                    /usr/lib/x86_64-linux-gnu/libtxc_dxtn_s2tc.so.0.0.0
7f5b0e05c000-7f5b0e075000 r-xp 00000000 08:01 20845086                   /lib/x86_64-linux-gnu/libz.so.1.2.8
7f5b0e075000-7f5b0e274000 ---p 00019000 08:01 20845086                   /lib/x86_64-linux-gnu/libz.so.1.2.8
7f5b0e274000-7f5b0e275000 r--p 00018000 08:01 20845086                   /lib/x86_64-linux-gnu/libz.so.1.2.8
7f5b0e275000-7f5b0e276000 rw-p 00019000 08:01 20845086                   /lib/x86_64-linux-gnu/libz.so.1.2.8
7f5b0e276000-7f5b0e27e000 r-xp 00000000 08:01 4465692                    /usr/lib/x86_64-linux-gnu/libpciaccess.so.0.11.1
7f5b0e27e000-7f5b0e47e000 ---p 00008000 08:01 4465692                    /usr/lib/x86_64-linux-gnu/libpciaccess.so.0.11.1
7f5b0e47e000-7f5b0e47f000 r--p 00008000 08:01 4465692                    /usr/lib/x86_64-linux-gnu/libpciaccess.so.0.11.1
7f5b0e47f000-7f5b0e480000 rw-p 00009000 08:01 4465692                    /usr/lib/x86_64-linux-gnu/libpciaccess.so.0.11.1
7f5b0e480000-7f5b0e492000 r-xp 00000000 08:01 20844941                   /lib/x86_64-linux-gnu/libgpg-error.so.0.17.0
7f5b0e492000-7f5b0e692000 ---p 00012000 08:01 20844941                   /lib/x86_64-linux-gnu/libgpg-error.so.0.17.0
7f5b0e692000-7f5b0e693000 r--p 00012000 08:01 20844941                   /lib/x86_64-linux-gnu/libgpg-error.so.0.17.0
7f5b0e693000-7f5b0e694000 rw-p 00013000 08:01 20844941                   /lib/x86_64-linux-gnu/libgpg-error.so.0.17.0
7f5b0e694000-7f5b0e6aa000 r-xp 00000000 08:01 20844935                   /lib/x86_64-linux-gnu/libgcc_s.so.1
7f5b0e6aa000-7f5b0e8a9000 ---p 00016000 08:01 20844935                   /lib/x86_64-linux-gnu/libgcc_s.so.1
7f5b0e8a9000-7f5b0e8aa000 rw-p 00015000 08:01 20844935                   /lib/x86_64-linux-gnu/libgcc_s.so.1
7f5b0e8aa000-7f5b0ea1c000 r-xp 00000000 08:01 4456659                    /usr/lib/x86_64-linux-gnu/libstdc++.so.6.0.21
7f5b0ea1c000-7f5b0ec1c000 ---p 00172000 08:01 4456659                    /usr/lib/x86_64-linux-gnu/libstdc++.so.6.0.21
7f5b0ec1c000-7f5b0ec26000 r--p 00172000 08:01 4456659                    /usr/lib/x86_64-linux-gnu/libstdc++.so.6.0.21
7f5b0ec26000-7f5b0ec28000 rw-p 0017c000 08:01 4456659                    /usr/lib/x86_64-linux-gnu/libstdc++.so.6.0.21
7f5b0ec28000-7f5b0ec2c000 rw-p 00000000 00:00 0 
7f5b0ec2c000-7f5b0ec37000 r-xp 00000000 08:01 4460741                    /usr/lib/x86_64-linux-gnu/libdrm_radeon.so.1.0.1
7f5b0ec37000-7f5b0ee36000 ---p 0000b000 08:01 4460741                    /usr/lib/x86_64-linux-gnu/libdrm_radeon.so.1.0.1
7f5b0ee36000-7f5b0ee37000 r--p 0000a000 08:01 4460741                    /usr/lib/x86_64-linux-gnu/libdrm_radeon.so.1.0.1
7f5b0ee37000-7f5b0ee38000 rw-p 0000b000 08:01 4460741                    /usr/lib/x86_64-linux-gnu/libdrm_radeon.so.1.0.1
7f5b0ee38000-7f5b0ee3f000 r-xp 00000000 08:01 4460738                    /usr/lib/x86_64-linux-gnu/libdrm_nouveau.so.2.0.0
7f5b0ee3f000-7f5b0f03e000 ---p 00007000 08:01 4460738                    /usr/lib/x86_64-linux-gnu/libdrm_nouveau.so.2.0.0
7f5b0f03e000-7f5b0f03f000 r--p 00006000 08:01 4460738                    /usr/lib/x86_64-linux-gnu/libdrm_nouveau.so.2.0.0
7f5b0f03f000-7f5b0f040000 rw-p 00007000 08:01 4460738                    /usr/lib/x86_64-linux-gnu/libdrm_nouveau.so.2.0.0
7f5b0f040000-7f5b0f060000 r-xp 00000000 08:01 4460736                    /usr/lib/x86_64-linux-gnu/libdrm_intel.so.1.0.0
7f5b0f060000-7f5b0f25f000 ---p 00020000 08:01 4460736                    /usr/lib/x86_64-linux-gnu/libdrm_intel.so.1.0.0
7f5b0f25f000-7f5b0f260000 r--p 0001f000 08:01 4460736                    /usr/lib/x86_64-linux-gnu/libdrm_intel.so.1.0.0
7f5b0f260000-7f5b0f261000 rw-p 00020000 08:01 4460736                    /usr/lib/x86_64-linux-gnu/libdrm_intel.so.1.0.0
7f5b0f261000-7f5b0f339000 r-xp 00000000 08:01 20840539                   /lib/x86_64-linux-gnu/libgcrypt.so.20.0.5
7f5b0f339000-7f5b0f538000 ---p 000d8000 08:01 20840539                   /lib/x86_64-linux-gnu/libgcrypt.so.20.0.5
7f5b0f538000-7f5b0f539000 r--p 000d7000 08:01 20840539                   /lib/x86_64-linux-gnu/libgcrypt.so.20.0.5
7f5b0f539000-7f5b0f541000 rw-p 000d8000 08:01 20840539                   /lib/x86_64-linux-gnu/libgcrypt.so.20.0.5
7f5b0f541000-7f5b0f542000 rw-p 00000000 00:00 0 
7f5b0f542000-7f5b0fba2000 r-xp 00000000 08:01 4720017                    /usr/lib/x86_64-linux-gnu/dri/i965_dri.so
7f5b0fba2000-7f5b0fda2000 ---p 00660000 08:01 4720017                    /usr/lib/x86_64-linux-gnu/dri/i965_dri.so
7f5b0fda2000-7f5b0fde1000 r--p 00660000 08:01 4720017                    /usr/lib/x86_64-linux-gnu/dri/i965_dri.so
7f5b0fde1000-7f5b0fde9000 rw-p 0069f000 08:01 4720017                    /usr/lib/x86_64-linux-gnu/dri/i965_dri.so
7f5b0fde9000-7f5b0fdf1000 rw-p 00000000 00:00 0 
7f5b0fdf1000-7f5b0fdff000 r-xp 00000000 08:01 4460731                    /usr/lib/x86_64-linux-gnu/libdrm.so.2.4.0
7f5b0fdff000-7f5b0fffe000 ---p 0000e000 08:01 4460731                    /usr/lib/x86_64-linux-gnu/libdrm.so.2.4.0
7f5b0fffe000-7f5b0ffff000 r--p 0000d000 08:01 4460731                    /usr/lib/x86_64-linux-gnu/libdrm.so.2.4.0
7f5b0ffff000-7f5b10000000 rw-p 0000e000 08:01 4460731                    /usr/lib/x86_64-linux-gnu/libdrm.so.2.4.0
7f5b10000000-7f5b10221000 rw-p 00000000 00:00 0 
7f5b10221000-7f5b14000000 ---p 00000000 00:00 0 
7f5b14000000-7f5b14021000 rw-p 00000000 00:00 0 
7f5b14021000-7f5b18000000 ---p 00000000 00:00 0 
7f5b18000000-7f5b18152000 rw-p 00000000 00:00 0 
7f5b18152000-7f5b1c000000 ---p 00000000 00:00 0 
7f5b1c000000-7f5b1c122000 rw-p 00000000 00:00 0 
7f5b1c122000-7f5b20000000 ---p 00000000 00:00 0 
7f5b20000000-7f5b20021000 rw-p 00000000 00:00 0 
7f5b20021000-7f5b24000000 ---p 00000000 00:00 0 
7f5b24000000-7f5b24021000 rw-p 00000000 00:00 0 
7f5b24021000-7f5b28000000 ---p 00000000 00:00 0 
7f5b28000000-7f5b28021000 rw-p 00000000 00:00 0 
7f5b28021000-7f5b2c000000 ---p 00000000 00:00 0 
7f5b2c000000-7f5b2c021000 rw-p 00000000 00:00 0 
7f5b2c021000-7f5b30000000 ---p 00000000 00:00 0 
7f5b30000000-7f5b30021000 rw-p 00000000 00:00 0 
7f5b30021000-7f5b34000000 ---p 00000000 00:00 0 
7f5b340df000-7f5b340e3000 r-xp 00000000 08:01 4466048                    /usr/lib/x86_64-linux-gnu/libxcb-dri2.so.0.0.0
7f5b340e3000-7f5b342e2000 ---p 00004000 08:01 4466048                    /usr/lib/x86_64-linux-gnu/libxcb-dri2.so.0.0.0
7f5b342e2000-7f5b342e3000 r--p 00003000 08:01 4466048                    /usr/lib/x86_64-linux-gnu/libxcb-dri2.so.0.0.0
7f5b342e3000-7f5b342e4000 rw-p 00004000 08:01 4466048                    /usr/lib/x86_64-linux-gnu/libxcb-dri2.so.0.0.0
7f5b342e4000-7f5b342fb000 r-xp 00000000 08:01 4466052                    /usr/lib/x86_64-linux-gnu/libxcb-glx.so.0.0.0
7f5b342fb000-7f5b344fa000 ---p 00017000 08:01 4466052                    /usr/lib/x86_64-linux-gnu/libxcb-glx.so.0.0.0
7f5b344fa000-7f5b344fc000 r--p 00016000 08:01 4466052                    /usr/lib/x86_64-linux-gnu/libxcb-glx.so.0.0.0
7f5b344fc000-7f5b344fd000 rw-p 00018000 08:01 4466052                    /usr/lib/x86_64-linux-gnu/libxcb-glx.so.0.0.0
7f5b344fd000-7f5b344ff000 r-xp 00000000 08:01 4464744                    /usr/lib/x86_64-linux-gnu/libXdamage.so.1.1.0
7f5b344ff000-7f5b346fe000 ---p 00002000 08:01 4464744                    /usr/lib/x86_64-linux-gnu/libXdamage.so.1.1.0
7f5b346fe000-7f5b346ff000 r--p 00001000 08:01 4464744                    /usr/lib/x86_64-linux-gnu/libXdamage.so.1.1.0
7f5b346ff000-7f5b34700000 rw-p 00002000 08:01 4464744                    /usr/lib/x86_64-linux-gnu/libXdamage.so.1.1.0
7f5b34700000-7f5b3c000000 rw-p 00000000 00:00 0 
7f5b3c000000-7f5b3c021000 rw-p 00000000 00:00 0 
7f5b3c021000-7f5b40000000 ---p 00000000 00:00 0 
7f5b40000000-7f5b40021000 rw-p 00000000 00:00 0 
7f5b40021000-7f5b44000000 ---p 00000000 00:00 0 
7f5b44000000-7f5b44021000 rw-p 00000000 00:00 0 
7f5b44021000-7f5b48000000 ---p 00000000 00:00 0 
7f5b4805d000-7f5b48060000 ---p 00000000 00:00 0 
7f5b48060000-7f5b4815e000 rw-p 00000000 00:00 0 
7f5b4815e000-7f5b48187000 r-xp 00000000 08:01 4465189                    /usr/lib/x86_64-linux-gnu/libglapi.so.0.0.0
7f5b48187000-7f5b48387000 ---p 00029000 08:01 4465189                    /usr/lib/x86_64-linux-gnu/libglapi.so.0.0.0
7f5b48387000-7f5b4838b000 r--p 00029000 08:01 4465189                    /usr/lib/x86_64-linux-gnu/libglapi.so.0.0.0
7f5b4838b000-7f5b4838c000 rw-p 0002d000 08:01 4465189                    /usr/lib/x86_64-linux-gnu/libglapi.so.0.0.0
7f5b4838c000-7f5b4838d000 rw-p 00000000 00:00 0 
7f5b4838d000-7f5b4838e000 r-xp 00000000 08:01 4466096                    /usr/lib/x86_64-linux-gnu/libxshmfence.so.1.0.0
7f5b4838e000-7f5b4858e000 ---p 00001000 08:01 4466096                    /usr/lib/x86_64-linux-gnu/libxshmfence.so.1.0.0
7f5b4858e000-7f5b4858f000 r--p 00001000 08:01 4466096                    /usr/lib/x86_64-linux-gnu/libxshmfence.so.1.0.0
7f5b4858f000-7f5b48590000 rw-p 00002000 08:01 4466096                    /usr/lib/x86_64-linux-gnu/libxshmfence.so.1.0.0
7f5b48590000-7f5b48595000 r-xp 00000000 08:01 4466072                    /usr/lib/x86_64-linux-gnu/libxcb-sync.so.1.0.0
7f5b48595000-7f5b48795000 ---p 00005000 08:01 4466072                    /usr/lib/x86_64-linux-gnu/libxcb-sync.so.1.0.0
7f5b48795000-7f5b48796000 r--p 00005000 08:01 4466072                    /usr/lib/x86_64-linux-gnu/libxcb-sync.so.1.0.0
7f5b48796000-7f5b48797000 rw-p 00006000 08:01 4466072                    /usr/lib/x86_64-linux-gnu/libxcb-sync.so.1.0.0
7f5b48797000-7f5b48799000 r-xp 00000000 08:01 4466060                    /usr/lib/x86_64-linux-gnu/libxcb-present.so.0.0.0
7f5b48799000-7f5b48998000 ---p 00002000 08:01 4466060                    /usr/lib/x86_64-linux-gnu/libxcb-present.so.0.0.0
7f5b48998000-7f5b48999000 r--p 00001000 08:01 4466060                    /usr/lib/x86_64-linux-gnu/libxcb-present.so.0.0.0
7f5b48999000-7f5b4899a000 rw-p 00002000 08:01 4466060                    /usr/lib/x86_64-linux-gnu/libxcb-present.so.0.0.0
7f5b4899a000-7f5b4899c000 r-xp 00000000 08:01 4466050                    /usr/lib/x86_64-linux-gnu/libxcb-dri3.so.0.0.0
7f5b4899c000-7f5b48b9b000 ---p 00002000 08:01 4466050                    /usr/lib/x86_64-linux-gnu/libxcb-dri3.so.0.0.0
7f5b48b9b000-7f5b48b9c000 r--p 00001000 08:01 4466050                    /usr/lib/x86_64-linux-gnu/libxcb-dri3.so.0.0.0
7f5b48b9c000-7f5b48b9d000 rw-p 00002000 08:01 4466050                    /usr/lib/x86_64-linux-gnu/libxcb-dri3.so.0.0.0
7f5b48b9d000-7f5b48bc3000 r-xp 00000000 08:01 20840649                   /lib/x86_64-linux-gnu/libexpat.so.1.6.0
7f5b48bc3000-7f5b48dc3000 ---p 00026000 08:01 20840649                   /lib/x86_64-linux-gnu/libexpat.so.1.6.0
7f5b48dc3000-7f5b48dc5000 r--p 00026000 08:01 20840649                   /lib/x86_64-linux-gnu/libexpat.so.1.6.0
7f5b48dc5000-7f5b48dc6000 rw-p 00028000 08:01 20840649                   /lib/x86_64-linux-gnu/libexpat.so.1.6.0
7f5b48dc6000-7f5b48e36000 r-xp 00000000 08:01 4721893                    /usr/lib/x86_64-linux-gnu/mesa/libGL.so.1.2.0
7f5b48e36000-7f5b49035000 ---p 00070000 08:01 4721893                    /usr/lib/x86_64-linux-gnu/mesa/libGL.so.1.2.0
7f5b49035000-7f5b49038000 r--p 0006f000 08:01 4721893                    /usr/lib/x86_64-linux-gnu/mesa/libGL.so.1.2.0
7f5b49038000-7f5b49039000 rw-p 00072000 08:01 4721893                    /usr/lib/x86_64-linux-gnu/mesa/libGL.so.1.2.0
7f5b49039000-7f5b4903a000 rw-p 00000000 00:00 0 
7f5b4903a000-7f5b4903b000 r-xp 00000000 08:01 4464729                    /usr/lib/x86_64-linux-gnu/libX11-xcb.so.1.0.0
7f5b4903b000-7f5b4923a000 ---p 00001000 08:01 4464729                    /usr/lib/x86_64-linux-gnu/libX11-xcb.so.1.0.0
7f5b4923a000-7f5b4923b000 r--p 00000000 08:01 4464729                    /usr/lib/x86_64-linux-gnu/libX11-xcb.so.1.0.0
7f5b4923b000-7f5b4923c000 rw-p 00001000 08:01 4464729                    /usr/lib/x86_64-linux-gnu/libX11-xcb.so.1.0.0
7f5b4923c000-7f5b4923e000 r-xp 00000000 08:01 4464758                    /usr/lib/x86_64-linux-gnu/libXinerama.so.1.0.0
7f5b4923e000-7f5b4943d000 ---p 00002000 08:01 4464758                    /usr/lib/x86_64-linux-gnu/libXinerama.so.1.0.0
7f5b4943d000-7f5b4943e000 r--p 00001000 08:01 4464758                    /usr/lib/x86_64-linux-gnu/libXinerama.so.1.0.0
7f5b4943e000-7f5b4943f000 rw-p 00002000 08:01 4464758                    /usr/lib/x86_64-linux-gnu/libXinerama.so.1.0.0
7f5b4943f000-7f5b49444000 r-xp 00000000 08:01 4464750                    /usr/lib/x86_64-linux-gnu/libXfixes.so.3.1.0
7f5b49444000-7f5b49643000 ---p 00005000 08:01 4464750                    /usr/lib/x86_64-linux-gnu/libXfixes.so.3.1.0
7f5b49643000-7f5b49644000 r--p 00004000 08:01 4464750                    /usr/lib/x86_64-linux-gnu/libXfixes.so.3.1.0
7f5b49644000-7f5b49645000 rw-p 00005000 08:01 4464750                    /usr/lib/x86_64-linux-gnu/libXfixes.so.3.1.0
7f5b49645000-7f5b4964e000 r-xp 00000000 08:01 4464742                    /usr/lib/x86_64-linux-gnu/libXcursor.so.1.0.2
7f5b4964e000-7f5b4984d000 ---p 00009000 08:01 4464742                    /usr/lib/x86_64-linux-gnu/libXcursor.so.1.0.2
7f5b4984d000-7f5b4984e000 r--p 00008000 08:01 4464742                    /usr/lib/x86_64-linux-gnu/libXcursor.so.1.0.2
7f5b4984e000-7f5b4984f000 rw-p 00009000 08:01 4464742                    /usr/lib/x86_64-linux-gnu/libXcursor.so.1.0.2
7f5b4984f000-7f5b49858000 r-xp 00000000 08:01 4464768                    /usr/lib/x86_64-linux-gnu/libXrender.so.1.3.0
7f5b49858000-7f5b49a57000 ---p 00009000 08:01 4464768                    /usr/lib/x86_64-linux-gnu/libXrender.so.1.3.0
7f5b49a57000-7f5b49a58000 r--p 00008000 08:01 4464768                    /usr/lib/x86_64-linux-gnu/libXrender.so.1.3.0
7f5b49a58000-7f5b49a59000 rw-p 00009000 08:01 4464768                    /usr/lib/x86_64-linux-gnu/libXrender.so.1.3.0
7f5b49a59000-7f5b49a63000 r-xp 00000000 08:01 4464766                    /usr/lib/x86_64-linux-gnu/libXrandr.so.2.2.0
7f5b49a63000-7f5b49c62000 ---p 0000a000 08:01 4464766                    /usr/lib/x86_64-linux-gnu/libXrandr.so.2.2.0
7f5b49c62000-7f5b49c63000 r--p 00009000 08:01 4464766                    /usr/lib/x86_64-linux-gnu/libXrandr.so.2.2.0
7f5b49c63000-7f5b49c64000 rw-p 0000a000 08:01 4464766                    /usr/lib/x86_64-linux-gnu/libXrandr.so.2.2.0
7f5b49c64000-7f5b49c73000 r-xp 00000000 08:01 4464756                    /usr/lib/x86_64-linux-gnu/libXi.so.6.1.0
7f5b49c73000-7f5b49e72000 ---p 0000f000 08:01 4464756                    /usr/lib/x86_64-linux-gnu/libXi.so.6.1.0
7f5b49e72000-7f5b49e73000 r--p 0000e000 08:01 4464756                    /usr/lib/x86_64-linux-gnu/libXi.so.6.1.0
7f5b49e73000-7f5b49e74000 rw-p 0000f000 08:01 4464756                    /usr/lib/x86_64-linux-gnu/libXi.so.6.1.0
7f5b49e74000-7f5b49e85000 r-xp 00000000 08:01 4464748                    /usr/lib/x86_64-linux-gnu/libXext.so.6.4.0
7f5b49e85000-7f5b4a084000 ---p 00011000 08:01 4464748                    /usr/lib/x86_64-linux-gnu/libXext.so.6.4.0
7f5b4a084000-7f5b4a085000 r--p 00010000 08:01 4464748                    /usr/lib/x86_64-linux-gnu/libXext.so.6.4.0
7f5b4a085000-7f5b4a086000 rw-p 00011000 08:01 4464748                    /usr/lib/x86_64-linux-gnu/libXext.so.6.4.0
7f5b4a086000-7f5b4a08b000 r-xp 00000000 08:01 4464784                    /usr/lib/x86_64-linux-gnu/libXxf86vm.so.1.0.0
7f5b4a08b000-7f5b4a28a000 ---p 00005000 08:01 4464784                    /usr/lib/x86_64-linux-gnu/libXxf86vm.so.1.0.0
7f5b4a28a000-7f5b4a28b000 r--p 00004000 08:01 4464784                    /usr/lib/x86_64-linux-gnu/libXxf86vm.so.1.0.0
7f5b4a28b000-7f5b4a28c000 rw-p 00005000 08:01 4464784                    /usr/lib/x86_64-linux-gnu/libXxf86vm.so.1.0.0
7f5b4a28c000-7f5b4a291000 r-xp 00000000 08:01 4464746                    /usr/lib/x86_64-linux-gnu/libXdmcp.so.6.0.0
7f5b4a291000-7f5b4a490000 ---p 00005000 08:01 4464746                    /usr/lib/x86_64-linux-gnu/libXdmcp.so.6.0.0
7f5b4a490000-7f5b4a491000 r--p 00004000 08:01 4464746                    /usr/lib/x86_64-linux-gnu/libXdmcp.so.6.0.0
7f5b4a491000-7f5b4a492000 rw-p 00005000 08:01 4464746                    /usr/lib/x86_64-linux-gnu/libXdmcp.so.6.0.0
7f5b4a492000-7f5b4a494000 r-xp 00000000 08:01 4464735                    /usr/lib/x86_64-linux-gnu/libXau.so.6.0.0
7f5b4a494000-7f5b4a694000 ---p 00002000 08:01 4464735                    /usr/lib/x86_64-linux-gnu/libXau.so.6.0.0
7f5b4a694000-7f5b4a695000 r--p 00002000 08:01 4464735                    /usr/lib/x86_64-linux-gnu/libXau.so.6.0.0
7f5b4a695000-7f5b4a696000 rw-p 00003000 08:01 4464735                    /usr/lib/x86_64-linux-gnu/libXau.so.6.0.0
7f5b4a696000-7f5b4a6b7000 r-xp 00000000 08:01 4466084                    /usr/lib/x86_64-linux-gnu/libxcb.so.1.1.0
7f5b4a6b7000-7f5b4a8b6000 ---p 00021000 08:01 4466084                    /usr/lib/x86_64-linux-gnu/libxcb.so.1.1.0
7f5b4a8b6000-7f5b4a8b7000 r--p 00020000 08:01 4466084                    /usr/lib/x86_64-linux-gnu/libxcb.so.1.1.0
7f5b4a8b7000-7f5b4a8b8000 rw-p 00021000 08:01 4466084                    /usr/lib/x86_64-linux-gnu/libxcb.so.1.1.0
7f5b4a8b8000-7f5b4a9ed000 r-xp 00000000 08:01 4464731                    /usr/lib/x86_64-linux-gnu/libX11.so.6.3.0
7f5b4a9ed000-7f5b4abed000 ---p 00135000 08:01 4464731                    /usr/lib/x86_64-linux-gnu/libX11.so.6.3.0
7f5b4abed000-7f5b4abee000 r--p 00135000 08:01 4464731                    /usr/lib/x86_64-linux-gnu/libX11.so.6.3.0
7f5b4abee000-7f5b4abf2000 rw-p 00136000 08:01 4464731                    /usr/lib/x86_64-linux-gnu/libX11.so.6.3.0
7f5b4abf2000-7f5b4ac20000 r-xp 00000000 08:01 24395425                   /tmp/lwjglmichael1337/3.1.3-SNAPSHOT/libglfw.so
7f5b4ac20000-7f5b4ae20000 ---p 0002e000 08:01 24395425                   /tmp/lwjglmichael1337/3.1.3-SNAPSHOT/libglfw.so
7f5b4ae20000-7f5b4ae21000 r--p 0002e000 08:01 24395425                   /tmp/lwjglmichael1337/3.1.3-SNAPSHOT/libglfw.so
7f5b4ae21000-7f5b4ae22000 rw-p 0002f000 08:01 24395425                   /tmp/lwjglmichael1337/3.1.3-SNAPSHOT/libglfw.so
7f5b4ae22000-7f5b4ae43000 rw-p 00000000 00:00 0 
7f5b4ae43000-7f5b4b643000 rw-p 00000000 00:00 0 
7f5b4b643000-7f5b4b687000 r-xp 00000000 08:01 24395424                   /tmp/lwjglmichael1337/3.1.3-SNAPSHOT/libjemalloc.so
7f5b4b687000-7f5b4b887000 ---p 00044000 08:01 24395424                   /tmp/lwjglmichael1337/3.1.3-SNAPSHOT/libjemalloc.so
7f5b4b887000-7f5b4b88c000 r--p 00044000 08:01 24395424                   /tmp/lwjglmichael1337/3.1.3-SNAPSHOT/libjemalloc.so
7f5b4b88c000-7f5b4b88d000 rw-p 00049000 08:01 24395424                   /tmp/lwjglmichael1337/3.1.3-SNAPSHOT/libjemalloc.so
7f5b4b88d000-7f5b4ba9c000 rw-p 00000000 00:00 0 
7f5b4ba9c000-7f5b4baed000 r-xp 00000000 08:01 24395423                   /tmp/lwjglmichael1337/3.1.3-SNAPSHOT/liblwjgl.so
7f5b4baed000-7f5b4bcec000 ---p 00051000 08:01 24395423                   /tmp/lwjglmichael1337/3.1.3-SNAPSHOT/liblwjgl.so
7f5b4bcec000-7f5b4bced000 r--p 00050000 08:01 24395423                   /tmp/lwjglmichael1337/3.1.3-SNAPSHOT/liblwjgl.so
7f5b4bced000-7f5b4bcee000 rw-p 00051000 08:01 24395423                   /tmp/lwjglmichael1337/3.1.3-SNAPSHOT/liblwjgl.so
7f5b4bcee000-7f5b4bcff000 r-xp 00000000 08:01 24119418                   /home/michael1337/Programs/jdk/jdk1.8.0_121/jre/lib/amd64/libnio.so
7f5b4bcff000-7f5b4befe000 ---p 00011000 08:01 24119418                   /home/michael1337/Programs/jdk/jdk1.8.0_121/jre/lib/amd64/libnio.so
7f5b4befe000-7f5b4beff000 rw-p 00010000 08:01 24119418                   /home/michael1337/Programs/jdk/jdk1.8.0_121/jre/lib/amd64/libnio.so
7f5b4beff000-7f5b4bf00000 ---p 00000000 00:00 0 
7f5b4bf00000-7f5b4c000000 rw-p 00000000 00:00 0 
7f5b4c000000-7f5b4c021000 rw-p 00000000 00:00 0 
7f5b4c021000-7f5b50000000 ---p 00000000 00:00 0 
7f5b50052000-7f5b50070000 r-xp 00000000 08:01 20840462                   /lib/x86_64-linux-gnu/libudev.so.1.6.4
7f5b50070000-7f5b50071000 r--p 0001d000 08:01 20840462                   /lib/x86_64-linux-gnu/libudev.so.1.6.4
7f5b50071000-7f5b50072000 rw-p 0001e000 08:01 20840462                   /lib/x86_64-linux-gnu/libudev.so.1.6.4
7f5b50082000-7f5b50083000 rwxp 00000000 00:00 0 
7f5b50083000-7f5b50084000 r-xp 00000000 00:00 0 
7f5b50084000-7f5b5008c000 rw-s 00000000 00:05 272988                     /drm mm object (deleted)
7f5b5008c000-7f5b5008d000 rw-s 10fabb000 00:06 356                       /dev/dri/card0
7f5b5008d000-7f5b50095000 rw-s 00000000 00:05 272978                     /drm mm object (deleted)
7f5b50095000-7f5b5009c000 r--s 00000000 08:01 4730312                    /usr/lib/x86_64-linux-gnu/gconv/gconv-modules.cache
7f5b5009c000-7f5b5009d000 r-xp 00000000 00:00 0 
7f5b5009d000-7f5b500a0000 ---p 00000000 00:00 0 
7f5b500a0000-7f5b5019e000 rw-p 00000000 00:00 0 
7f5b5019e000-7f5b501a1000 ---p 00000000 00:00 0 
7f5b501a1000-7f5b5029f000 rw-p 00000000 00:00 0 
7f5b5029f000-7f5b502a2000 ---p 00000000 00:00 0 
7f5b502a2000-7f5b506a1000 rw-p 00000000 00:00 0 
7f5b506a1000-7f5b506b7000 r-xp 00000000 08:01 24119393                   /home/michael1337/Programs/jdk/jdk1.8.0_121/jre/lib/amd64/libnet.so
7f5b506b7000-7f5b508b7000 ---p 00016000 08:01 24119393                   /home/michael1337/Programs/jdk/jdk1.8.0_121/jre/lib/amd64/libnet.so
7f5b508b7000-7f5b508b8000 rw-p 00016000 08:01 24119393                   /home/michael1337/Programs/jdk/jdk1.8.0_121/jre/lib/amd64/libnet.so
7f5b508b8000-7f5b508bb000 ---p 00000000 00:00 0 
7f5b508bb000-7f5b509b9000 rw-p 00000000 00:00 0 
7f5b509b9000-7f5b509bc000 ---p 00000000 00:00 0 
7f5b509bc000-7f5b50aba000 rw-p 00000000 00:00 0 
7f5b50aba000-7f5b50abd000 r--s 00019000 08:01 24250996                   /home/michael1337/Programs/intellij/idea-IU-171.3780.107/lib/idea_rt.jar
7f5b50abd000-7f5b50abe000 r--s 0001f000 08:01 23211538                   /home/michael1337/Documents/Neolithic/game/lwjgl-release-3.1.3-openGl/lwjgl-jemalloc-natives-linux.jar
7f5b50abe000-7f5b50abf000 r--s 00016000 08:01 23211549                   /home/michael1337/Documents/Neolithic/game/lwjgl-release-3.1.3-openGl/lwjgl-opengl-natives-linux.jar
7f5b50abf000-7f5b50ac0000 r--s 00077000 08:01 23211537                   /home/michael1337/Documents/Neolithic/game/lwjgl-release-3.1.3-openGl/lwjgl-openal-natives-linux.jar
7f5b50ac0000-7f5b50ac1000 r--s 00011000 08:01 23211534                   /home/michael1337/Documents/Neolithic/game/lwjgl-release-3.1.3-openGl/lwjgl-glfw-natives-linux.jar
7f5b50ac1000-7f5b50ac2000 r--s 00030000 08:01 23211550                   /home/michael1337/Documents/Neolithic/game/lwjgl-release-3.1.3-openGl/lwjgl-stb-natives-linux.jar
7f5b50ac2000-7f5b50ac4000 r--s 00006000 08:01 23211511                   /home/michael1337/Documents/Neolithic/game/lwjgl-release-3.1.3-openGl/lwjgl-jemalloc-sources.jar
7f5b50ac4000-7f5b50ac7000 r--s 0006d000 08:01 23211510                   /home/michael1337/Documents/Neolithic/game/lwjgl-release-3.1.3-openGl/lwjgl-jemalloc-javadoc.jar
7f5b50ac7000-7f5b50ad1000 r--s 0013e000 08:01 23211540                   /home/michael1337/Documents/Neolithic/game/lwjgl-release-3.1.3-openGl/lwjgl-vulkan-sources.jar
7f5b50ad1000-7f5b50ae3000 r--s 00410000 08:01 23211543                   /home/michael1337/Documents/Neolithic/game/lwjgl-release-3.1.3-openGl/lwjgl-vulkan-javadoc.jar
7f5b50ae3000-7f5b50aed000 r--s 000f9000 08:01 23211533                   /home/michael1337/Documents/Neolithic/game/lwjgl-release-3.1.3-openGl/lwjgl-opengl-sources.jar
7f5b50aed000-7f5b50af8000 r--s 002c3000 08:01 23211530                   /home/michael1337/Documents/Neolithic/game/lwjgl-release-3.1.3-openGl/lwjgl-opengl-javadoc.jar
7f5b50af8000-7f5b50afa000 r--s 00011000 08:01 23211524                   /home/michael1337/Documents/Neolithic/game/lwjgl-release-3.1.3-openGl/lwjgl-openal-sources.jar
7f5b50afa000-7f5b50afd000 r--s 0008e000 08:01 23211522                   /home/michael1337/Documents/Neolithic/game/lwjgl-release-3.1.3-openGl/lwjgl-openal-javadoc.jar
7f5b50afd000-7f5b50afe000 r--s 00012000 08:01 23211551                   /home/michael1337/Documents/Neolithic/game/lwjgl-release-3.1.3-openGl/lwjgl-natives-linux.jar
7f5b50afe000-7f5b50b00000 r--s 00014000 08:01 23210983                   /home/michael1337/Documents/Neolithic/game/lwjgl-release-3.1.3-openGl/lwjgl-glfw-sources.jar
7f5b50b00000-7f5b50b03000 r--s 0009b000 08:01 23210995                   /home/michael1337/Documents/Neolithic/game/lwjgl-release-3.1.3-openGl/lwjgl-glfw-javadoc.jar
7f5b50b03000-7f5b50b05000 r--s 00014000 08:01 23211544                   /home/michael1337/Documents/Neolithic/game/lwjgl-release-3.1.3-openGl/lwjgl-stb-sources.jar
7f5b50b05000-7f5b50b08000 r--s 00094000 08:01 23211535                   /home/michael1337/Documents/Neolithic/game/lwjgl-release-3.1.3-openGl/lwjgl-stb-javadoc.jar
7f5b50b08000-7f5b50b0b000 r--s 00036000 08:01 23211547                   /home/michael1337/Documents/Neolithic/game/lwjgl-release-3.1.3-openGl/lwjgl-sources.jar
7f5b50b0b000-7f5b50b1d000 r--s 00139000 08:01 23211541                   /home/michael1337/Documents/Neolithic/game/lwjgl-release-3.1.3-openGl/lwjgl-vulkan.jar
7f5b50b1d000-7f5b50b27000 r--s 000be000 08:01 23211531                   /home/michael1337/Documents/Neolithic/game/lwjgl-release-3.1.3-openGl/lwjgl-opengl.jar
7f5b50b27000-7f5b50b97000 r--s 00643000 08:01 24250986                   /home/michael1337/Programs/intellij/idea-IU-171.3780.107/lib/groovy-all-2.4.6.jar
7f5b50b97000-7f5b50baa000 r--s 00345000 08:01 24119617                   /home/michael1337/Programs/jdk/jdk1.8.0_121/jre/lib/resources.jar
7f5b50baa000-7f5b50bad000 ---p 00000000 00:00 0 
7f5b50bad000-7f5b50cab000 rw-p 00000000 00:00 0 
7f5b50cab000-7f5b50f84000 r--p 00000000 08:01 4460227                    /usr/lib/locale/locale-archive
7f5b50f84000-7f5b50f87000 ---p 00000000 00:00 0 
7f5b50f87000-7f5b51085000 rw-p 00000000 00:00 0 
7f5b51085000-7f5b51088000 ---p 00000000 00:00 0 
7f5b51088000-7f5b51186000 rw-p 00000000 00:00 0 
7f5b51186000-7f5b51187000 ---p 00000000 00:00 0 
7f5b51187000-7f5b521e5000 rw-p 00000000 00:00 0 
7f5b521e5000-7f5b523be000 r--s 03d3e000 08:01 24119385                   /home/michael1337/Programs/jdk/jdk1.8.0_121/jre/lib/rt.jar
7f5b523be000-7f5b52abe000 rw-p 00000000 00:00 0 
7f5b52abe000-7f5b52bbe000 ---p 00000000 00:00 0 
7f5b52bbe000-7f5b5334e000 rw-p 00000000 00:00 0 
7f5b5334e000-7f5b5334f000 ---p 00000000 00:00 0 
7f5b5334f000-7f5b5344f000 rw-p 00000000 00:00 0 
7f5b5344f000-7f5b53450000 ---p 00000000 00:00 0 
7f5b53450000-7f5b53550000 rw-p 00000000 00:00 0 
7f5b53550000-7f5b53551000 ---p 00000000 00:00 0 
7f5b53551000-7f5b53651000 rw-p 00000000 00:00 0 
7f5b53651000-7f5b53652000 ---p 00000000 00:00 0 
7f5b53652000-7f5b537a3000 rw-p 00000000 00:00 0 
7f5b537a3000-7f5b53c5d000 ---p 00000000 00:00 0 
7f5b53c5d000-7f5b53cae000 rw-p 00000000 00:00 0 
7f5b53cae000-7f5b54167000 ---p 00000000 00:00 0 
7f5b54167000-7f5b54190000 rw-p 00000000 00:00 0 
7f5b54190000-7f5b543ed000 ---p 00000000 00:00 0 
7f5b543ed000-7f5b543f9000 rw-p 00000000 00:00 0 
7f5b543f9000-7f5b547ae000 ---p 00000000 00:00 0 
7f5b547ae000-7f5b54a3e000 rwxp 00000000 00:00 0 
7f5b54a3e000-7f5b637ae000 ---p 00000000 00:00 0 
7f5b637ae000-7f5b637c8000 r-xp 00000000 08:01 24119416                   /home/michael1337/Programs/jdk/jdk1.8.0_121/jre/lib/amd64/libzip.so
7f5b637c8000-7f5b639c8000 ---p 0001a000 08:01 24119416                   /home/michael1337/Programs/jdk/jdk1.8.0_121/jre/lib/amd64/libzip.so
7f5b639c8000-7f5b639c9000 rw-p 0001a000 08:01 24119416                   /home/michael1337/Programs/jdk/jdk1.8.0_121/jre/lib/amd64/libzip.so
7f5b639c9000-7f5b639d4000 r-xp 00000000 08:01 20840618                   /lib/x86_64-linux-gnu/libnss_files-2.23.so
7f5b639d4000-7f5b63bd3000 ---p 0000b000 08:01 20840618                   /lib/x86_64-linux-gnu/libnss_files-2.23.so
7f5b63bd3000-7f5b63bd4000 r--p 0000a000 08:01 20840618                   /lib/x86_64-linux-gnu/libnss_files-2.23.so
7f5b63bd4000-7f5b63bd5000 rw-p 0000b000 08:01 20840618                   /lib/x86_64-linux-gnu/libnss_files-2.23.so
7f5b63bd5000-7f5b63bdb000 rw-p 00000000 00:00 0 
7f5b63bdb000-7f5b63be6000 r-xp 00000000 08:01 20840621                   /lib/x86_64-linux-gnu/libnss_nis-2.23.so
7f5b63be6000-7f5b63de5000 ---p 0000b000 08:01 20840621                   /lib/x86_64-linux-gnu/libnss_nis-2.23.so
7f5b63de5000-7f5b63de6000 r--p 0000a000 08:01 20840621                   /lib/x86_64-linux-gnu/libnss_nis-2.23.so
7f5b63de6000-7f5b63de7000 rw-p 0000b000 08:01 20840621                   /lib/x86_64-linux-gnu/libnss_nis-2.23.so
7f5b63de7000-7f5b63dfd000 r-xp 00000000 08:01 20840531                   /lib/x86_64-linux-gnu/libnsl-2.23.so
7f5b63dfd000-7f5b63ffc000 ---p 00016000 08:01 20840531                   /lib/x86_64-linux-gnu/libnsl-2.23.so
7f5b63ffc000-7f5b63ffd000 r--p 00015000 08:01 20840531                   /lib/x86_64-linux-gnu/libnsl-2.23.so
7f5b63ffd000-7f5b63ffe000 rw-p 00016000 08:01 20840531                   /lib/x86_64-linux-gnu/libnsl-2.23.so
7f5b63ffe000-7f5b64000000 rw-p 00000000 00:00 0 
7f5b64000000-7f5b648d3000 rw-p 00000000 00:00 0 
7f5b648d3000-7f5b68000000 ---p 00000000 00:00 0 
7f5b68000000-7f5b68005000 r--s 00110000 08:01 23211546                   /home/michael1337/Documents/Neolithic/game/lwjgl-release-3.1.3-openGl/lwjgl-javadoc.jar
7f5b68005000-7f5b68017000 r--s 000d6000 08:01 24119616                   /home/michael1337/Programs/jdk/jdk1.8.0_121/jre/lib/plugin.jar
7f5b68017000-7f5b6808d000 rw-p 00000000 00:00 0 
7f5b6808d000-7f5b68095000 r-xp 00000000 08:01 20840627                   /lib/x86_64-linux-gnu/libnss_compat-2.23.so
7f5b68095000-7f5b68294000 ---p 00008000 08:01 20840627                   /lib/x86_64-linux-gnu/libnss_compat-2.23.so
7f5b68294000-7f5b68295000 r--p 00007000 08:01 20840627                   /lib/x86_64-linux-gnu/libnss_compat-2.23.so
7f5b68295000-7f5b68296000 rw-p 00008000 08:01 20840627                   /lib/x86_64-linux-gnu/libnss_compat-2.23.so
7f5b68296000-7f5b682a0000 r-xp 00000000 08:01 24119454                   /home/michael1337/Programs/jdk/jdk1.8.0_121/jre/lib/amd64/libinstrument.so
7f5b682a0000-7f5b6849f000 ---p 0000a000 08:01 24119454                   /home/michael1337/Programs/jdk/jdk1.8.0_121/jre/lib/amd64/libinstrument.so
7f5b6849f000-7f5b684a0000 rw-p 00009000 08:01 24119454                   /home/michael1337/Programs/jdk/jdk1.8.0_121/jre/lib/amd64/libinstrument.so
7f5b684a0000-7f5b684cb000 r-xp 00000000 08:01 24119443                   /home/michael1337/Programs/jdk/jdk1.8.0_121/jre/lib/amd64/libjava.so
7f5b684cb000-7f5b686ca000 ---p 0002b000 08:01 24119443                   /home/michael1337/Programs/jdk/jdk1.8.0_121/jre/lib/amd64/libjava.so
7f5b686ca000-7f5b686cc000 rw-p 0002a000 08:01 24119443                   /home/michael1337/Programs/jdk/jdk1.8.0_121/jre/lib/amd64/libjava.so
7f5b686cc000-7f5b686d9000 r-xp 00000000 08:01 24119394                   /home/michael1337/Programs/jdk/jdk1.8.0_121/jre/lib/amd64/libverify.so
7f5b686d9000-7f5b688d8000 ---p 0000d000 08:01 24119394                   /home/michael1337/Programs/jdk/jdk1.8.0_121/jre/lib/amd64/libverify.so
7f5b688d8000-7f5b688da000 rw-p 0000c000 08:01 24119394                   /home/michael1337/Programs/jdk/jdk1.8.0_121/jre/lib/amd64/libverify.so
7f5b688da000-7f5b688e1000 r-xp 00000000 08:01 20840623                   /lib/x86_64-linux-gnu/librt-2.23.so
7f5b688e1000-7f5b68ae0000 ---p 00007000 08:01 20840623                   /lib/x86_64-linux-gnu/librt-2.23.so
7f5b68ae0000-7f5b68ae1000 r--p 00006000 08:01 20840623                   /lib/x86_64-linux-gnu/librt-2.23.so
7f5b68ae1000-7f5b68ae2000 rw-p 00007000 08:01 20840623                   /lib/x86_64-linux-gnu/librt-2.23.so
7f5b68ae2000-7f5b68bea000 r-xp 00000000 08:01 20840632                   /lib/x86_64-linux-gnu/libm-2.23.so
7f5b68bea000-7f5b68de9000 ---p 00108000 08:01 20840632                   /lib/x86_64-linux-gnu/libm-2.23.so
7f5b68de9000-7f5b68dea000 r--p 00107000 08:01 20840632                   /lib/x86_64-linux-gnu/libm-2.23.so
7f5b68dea000-7f5b68deb000 rw-p 00108000 08:01 20840632                   /lib/x86_64-linux-gnu/libm-2.23.so
7f5b68deb000-7f5b69ab9000 r-xp 00000000 08:01 24119447                   /home/michael1337/Programs/jdk/jdk1.8.0_121/jre/lib/amd64/server/libjvm.so
7f5b69ab9000-7f5b69cb9000 ---p 00cce000 08:01 24119447                   /home/michael1337/Programs/jdk/jdk1.8.0_121/jre/lib/amd64/server/libjvm.so
7f5b69cb9000-7f5b69d92000 rw-p 00cce000 08:01 24119447                   /home/michael1337/Programs/jdk/jdk1.8.0_121/jre/lib/amd64/server/libjvm.so
7f5b69d92000-7f5b69ddd000 rw-p 00000000 00:00 0 
7f5b69ddd000-7f5b69f9d000 r-xp 00000000 08:01 20840637                   /lib/x86_64-linux-gnu/libc-2.23.so
7f5b69f9d000-7f5b6a19d000 ---p 001c0000 08:01 20840637                   /lib/x86_64-linux-gnu/libc-2.23.so
7f5b6a19d000-7f5b6a1a1000 r--p 001c0000 08:01 20840637                   /lib/x86_64-linux-gnu/libc-2.23.so
7f5b6a1a1000-7f5b6a1a3000 rw-p 001c4000 08:01 20840637                   /lib/x86_64-linux-gnu/libc-2.23.so
7f5b6a1a3000-7f5b6a1a7000 rw-p 00000000 00:00 0 
7f5b6a1a7000-7f5b6a1aa000 r-xp 00000000 08:01 20840626                   /lib/x86_64-linux-gnu/libdl-2.23.so
7f5b6a1aa000-7f5b6a3a9000 ---p 00003000 08:01 20840626                   /lib/x86_64-linux-gnu/libdl-2.23.so
7f5b6a3a9000-7f5b6a3aa000 r--p 00002000 08:01 20840626                   /lib/x86_64-linux-gnu/libdl-2.23.so
7f5b6a3aa000-7f5b6a3ab000 rw-p 00003000 08:01 20840626                   /lib/x86_64-linux-gnu/libdl-2.23.so
7f5b6a3ab000-7f5b6a3c0000 r-xp 00000000 08:01 24118528                   /home/michael1337/Programs/jdk/jdk1.8.0_121/lib/amd64/jli/libjli.so
7f5b6a3c0000-7f5b6a5c0000 ---p 00015000 08:01 24118528                   /home/michael1337/Programs/jdk/jdk1.8.0_121/lib/amd64/jli/libjli.so
7f5b6a5c0000-7f5b6a5c1000 rw-p 00015000 08:01 24118528                   /home/michael1337/Programs/jdk/jdk1.8.0_121/lib/amd64/jli/libjli.so
7f5b6a5c1000-7f5b6a5d9000 r-xp 00000000 08:01 20840620                   /lib/x86_64-linux-gnu/libpthread-2.23.so
7f5b6a5d9000-7f5b6a7d8000 ---p 00018000 08:01 20840620                   /lib/x86_64-linux-gnu/libpthread-2.23.so
7f5b6a7d8000-7f5b6a7d9000 r--p 00017000 08:01 20840620                   /lib/x86_64-linux-gnu/libpthread-2.23.so
7f5b6a7d9000-7f5b6a7da000 rw-p 00018000 08:01 20840620                   /lib/x86_64-linux-gnu/libpthread-2.23.so
7f5b6a7da000-7f5b6a7de000 rw-p 00000000 00:00 0 
7f5b6a7de000-7f5b6a804000 r-xp 00000000 08:01 20840547                   /lib/x86_64-linux-gnu/ld-2.23.so
7f5b6a804000-7f5b6a806000 r--s 00008000 08:01 23211520                   /home/michael1337/Documents/Neolithic/game/lwjgl-release-3.1.3-openGl/lwjgl-jemalloc.jar
7f5b6a806000-7f5b6a808000 r--s 00011000 08:01 23211523                   /home/michael1337/Documents/Neolithic/game/lwjgl-release-3.1.3-openGl/lwjgl-openal.jar
7f5b6a808000-7f5b6a80c000 r--s 00017000 08:01 23211509                   /home/michael1337/Documents/Neolithic/game/lwjgl-release-3.1.3-openGl/lwjgl-glfw.jar
7f5b6a80c000-7f5b6a80e000 r--s 00015000 08:01 23211542                   /home/michael1337/Documents/Neolithic/game/lwjgl-release-3.1.3-openGl/lwjgl-stb.jar
7f5b6a80e000-7f5b6a812000 r--s 00042000 08:01 23211548                   /home/michael1337/Documents/Neolithic/game/lwjgl-release-3.1.3-openGl/lwjgl.jar
7f5b6a812000-7f5b6a813000 r--s 00000000 08:01 24119464                   /home/michael1337/Programs/jdk/jdk1.8.0_121/jre/lib/management-agent.jar
7f5b6a813000-7f5b6a817000 r--s 0009a000 08:01 24119337                   /home/michael1337/Programs/jdk/jdk1.8.0_121/jre/lib/jsse.jar
7f5b6a817000-7f5b6a832000 r--s 00209000 08:01 24119501                   /home/michael1337/Programs/jdk/jdk1.8.0_121/jre/lib/deploy.jar
7f5b6a832000-7f5b6a8d9000 rw-p 00000000 00:00 0 
7f5b6a8d9000-7f5b6a8dc000 ---p 00000000 00:00 0 
7f5b6a8dc000-7f5b6a9de000 rw-p 00000000 00:00 0 
7f5b6a9de000-7f5b6a9e0000 r--s 00007000 08:01 24119458                   /home/michael1337/Programs/jdk/jdk1.8.0_121/jre/lib/jfxswt.jar
7f5b6a9e0000-7f5b6a9e5000 r--s 00084000 08:01 24119492                   /home/michael1337/Programs/jdk/jdk1.8.0_121/jre/lib/jfr.jar
7f5b6a9e5000-7f5b6a9e8000 r--s 0001a000 08:01 24119647                   /home/michael1337/Programs/jdk/jdk1.8.0_121/jre/lib/jce.jar
7f5b6a9e8000-7f5b6a9f2000 r--s 0006c000 08:01 24119500                   /home/michael1337/Programs/jdk/jdk1.8.0_121/jre/lib/javaws.jar
7f5b6a9f2000-7f5b6a9f7000 r--s 002f9000 08:01 24119338                   /home/michael1337/Programs/jdk/jdk1.8.0_121/jre/lib/charsets.jar
7f5b6a9f7000-7f5b6a9ff000 rw-s 00000000 08:01 24395419                   /tmp/hsperfdata_michael1337/7619
7f5b6a9ff000-7f5b6aa00000 rw-p 00000000 00:00 0 
7f5b6aa00000-7f5b6aa01000 r--p 00000000 00:00 0 
7f5b6aa01000-7f5b6aa03000 rw-p 00000000 00:00 0 
7f5b6aa03000-7f5b6aa04000 r--p 00025000 08:01 20840547                   /lib/x86_64-linux-gnu/ld-2.23.so
7f5b6aa04000-7f5b6aa05000 rw-p 00026000 08:01 20840547                   /lib/x86_64-linux-gnu/ld-2.23.so
7f5b6aa05000-7f5b6aa06000 rw-p 00000000 00:00 0 
7fff29763000-7fff29785000 rw-p 00000000 00:00 0                          [stack]
7fff29792000-7fff29794000 r--p 00000000 00:00 0                          [vvar]
7fff29794000-7fff29796000 r-xp 00000000 00:00 0                          [vdso]
ffffffffff600000-ffffffffff601000 r-xp 00000000 00:00 0                  [vsyscall]

VM Arguments:
jvm_args: -javaagent:/home/michael1337/Programs/intellij/idea-IU-171.3780.107/lib/idea_rt.jar=38374:/home/michael1337/Programs/intellij/idea-IU-171.3780.107/bin -Dfile.encoding=UTF-8 
java_command: LWJGLStart
java_class_path (initial): /home/michael1337/Programs/jdk/jdk1.8.0_121/jre/lib/charsets.jar:/home/michael1337/Programs/jdk/jdk1.8.0_121/jre/lib/deploy.jar:/home/michael1337/Programs/jdk/jdk1.8.0_121/jre/lib/ext/cldrdata.jar:/home/michael1337/Programs/jdk/jdk1.8.0_121/jre/lib/ext/dnsns.jar:/home/michael1337/Programs/jdk/jdk1.8.0_121/jre/lib/ext/jaccess.jar:/home/michael1337/Programs/jdk/jdk1.8.0_121/jre/lib/ext/jfxrt.jar:/home/michael1337/Programs/jdk/jdk1.8.0_121/jre/lib/ext/localedata.jar:/home/michael1337/Programs/jdk/jdk1.8.0_121/jre/lib/ext/nashorn.jar:/home/michael1337/Programs/jdk/jdk1.8.0_121/jre/lib/ext/sunec.jar:/home/michael1337/Programs/jdk/jdk1.8.0_121/jre/lib/ext/sunjce_provider.jar:/home/michael1337/Programs/jdk/jdk1.8.0_121/jre/lib/ext/sunpkcs11.jar:/home/michael1337/Programs/jdk/jdk1.8.0_121/jre/lib/ext/zipfs.jar:/home/michael1337/Programs/jdk/jdk1.8.0_121/jre/lib/javaws.jar:/home/michael1337/Programs/jdk/jdk1.8.0_121/jre/lib/jce.jar:/home/michael1337/Programs/jdk/jdk1.8.0_121/jre/lib/jfr.jar:/home/michael1337/Programs/jdk/jdk1.8.0_121/jre/lib/jfxswt.jar:/home/michael1337/Programs/jdk/jdk1.8.0_121/jre/lib/jsse.jar:/home/michael1337/Programs/jdk/jdk1.8.0_121/jre/lib/management-agent.jar:/home/michael1337/Programs/jdk/jdk1.8.0_121/jre/lib/plugin.jar:/home/michael1337/Programs/jdk/jdk1.8.0_121/jre/lib/resources.jar:/home/michael1337/Programs/jdk/jdk1.8.0_121/jre/lib/rt.jar:/home/michael1337/Documents/Neolithic/game/out/production/game:/home/michael1337/Programs/intellij/idea-IU-171.3780.107/lib/groovy-all-2.4.6.jar:/home/michael1337/Documents/Neolithic/game/lwjgl-release-3.1.3-openGl/lwjgl.jar:/home/michael1337/Documents/Neolithic/game/lwjgl-release-3.1.3-openGl/lwjgl-stb.jar:/home/michael1337/Documents/Neolithic/game/lwjgl-release-3.1.3-openGl/lwjgl-glfw.jar:/home/michael1337/Documents/Neolithic/game/lwjgl-release-3.1.3-openGl/lwjgl-openal.jar:/home/michael1337/Documents/Neolithic/game/lwjgl-release-3.1.3-openGl/lwjgl-opengl.jar:/home/michael1337/Doc
Launcher Type: SUN_STANDARD

Environment Variables:
JAVA_HOME=/home/michael1337/Programs/jdk/jdk1.8.0_121
PATH=/home/michael1337/anaconda3/bin:/home/michael1337/bin:/home/michael1337/.local/bin:/usr/local/sbin:/usr/local/bin:/usr/sbin:/usr/bin:/sbin:/bin:/usr/games:/usr/local/games:/snap/bin:/home/michael1337/Programs/jdk/jdk1.8.0_121
USERNAME=michael1337
LD_LIBRARY_PATH=/home/michael1337/Programs/intellij/idea-IU-171.3780.107/bin:
SHELL=/bin/bash
DISPLAY=:1

Signal Handlers:
SIGSEGV: [libjvm.so+0xac78c0], sa_mask[0]=11111111011111111101111111111110, sa_flags=SA_RESTART|SA_SIGINFO
SIGBUS: [libjvm.so+0xac78c0], sa_mask[0]=11111111011111111101111111111110, sa_flags=SA_RESTART|SA_SIGINFO
SIGFPE: [libjvm.so+0x920ac0], sa_mask[0]=11111111011111111101111111111110, sa_flags=SA_RESTART|SA_SIGINFO
SIGPIPE: [libjvm.so+0x920ac0], sa_mask[0]=11111111011111111101111111111110, sa_flags=SA_RESTART|SA_SIGINFO
SIGXFSZ: [libjvm.so+0x920ac0], sa_mask[0]=11111111011111111101111111111110, sa_flags=SA_RESTART|SA_SIGINFO
SIGILL: [libjvm.so+0x920ac0], sa_mask[0]=11111111011111111101111111111110, sa_flags=SA_RESTART|SA_SIGINFO
SIGUSR1: SIG_DFL, sa_mask[0]=00000000000000000000000000000000, sa_flags=none
SIGUSR2: [libjvm.so+0x922300], sa_mask[0]=00100000000000000000000000000000, sa_flags=SA_RESTART|SA_SIGINFO
SIGHUP: [libjvm.so+0x923700], sa_mask[0]=11111111011111111101111111111110, sa_flags=SA_RESTART|SA_SIGINFO
SIGINT: [libjvm.so+0x923700], sa_mask[0]=11111111011111111101111111111110, sa_flags=SA_RESTART|SA_SIGINFO
SIGTERM: [libjvm.so+0x923700], sa_mask[0]=11111111011111111101111111111110, sa_flags=SA_RESTART|SA_SIGINFO
SIGQUIT: [libjvm.so+0x923700], sa_mask[0]=11111111011111111101111111111110, sa_flags=SA_RESTART|SA_SIGINFO


---------------  S Y S T E M  ---------------

OS:DISTRIB_ID=Ubuntu
DISTRIB_RELEASE=16.04
DISTRIB_CODENAME=xenial
DISTRIB_DESCRIPTION="Ubuntu 16.04.1 LTS"

uname:Linux 4.4.0-98-generic #121-Ubuntu SMP Tue Oct 10 14:24:03 UTC 2017 x86_64
libc:glibc 2.23 NPTL 2.23 
rlimit: STACK 8192k, CORE 0k, NPROC 61768, NOFILE 65536, AS infinity
load average:0,44 0,48 0,35

/proc/meminfo:
MemTotal:       15852136 kB
MemFree:         9755560 kB
MemAvailable:   11551180 kB
Buffers:          130604 kB
Cached:          2267008 kB
SwapCached:            0 kB
Active:          4579216 kB
Inactive:        1238680 kB
Active(anon):    3424980 kB
Inactive(anon):   407020 kB
Active(file):    1154236 kB
Inactive(file):   831660 kB
Unevictable:          32 kB
Mlocked:              32 kB
SwapTotal:      16189436 kB
SwapFree:       16189436 kB
Dirty:             23416 kB
Writeback:             0 kB
AnonPages:       3420664 kB
Mapped:           498760 kB
Shmem:            411720 kB
Slab:             161428 kB
SReclaimable:     123412 kB
SUnreclaim:        38016 kB
KernelStack:       10160 kB
PageTables:        41020 kB
NFS_Unstable:          0 kB
Bounce:                0 kB
WritebackTmp:          0 kB
CommitLimit:    24115504 kB
Committed_AS:    8203848 kB
VmallocTotal:   34359738367 kB
VmallocUsed:           0 kB
VmallocChunk:          0 kB
HardwareCorrupted:     0 kB
AnonHugePages:   1955840 kB
CmaTotal:              0 kB
CmaFree:               0 kB
HugePages_Total:       0
HugePages_Free:        0
HugePages_Rsvd:        0
HugePages_Surp:        0
Hugepagesize:       2048 kB
DirectMap4k:      126660 kB
DirectMap2M:     4530176 kB
DirectMap1G:    11534336 kB


CPU:total 4 (2 cores per cpu, 2 threads per core) family 6 model 78 stepping 3, cmov, cx8, fxsr, mmx, sse, sse2, sse3, ssse3, sse4.1, sse4.2, popcnt, avx, avx2, aes, clmul, erms, 3dnowpref, lzcnt, ht, tsc, tscinvbit, bmi1, bmi2, adx

/proc/cpuinfo:
processor	: 0
vendor_id	: GenuineIntel
cpu family	: 6
model		: 78
model name	: Intel(R) Core(TM) i7-6500U CPU @ 2.50GHz
stepping	: 3
microcode	: 0x9e
cpu MHz		: 2807.390
cache size	: 4096 KB
physical id	: 0
siblings	: 4
core id		: 0
cpu cores	: 2
apicid		: 0
initial apicid	: 0
fpu		: yes
fpu_exception	: yes
cpuid level	: 22
wp		: yes
flags		: fpu vme de pse tsc msr pae mce cx8 apic sep mtrr pge mca cmov pat pse36 clflush dts acpi mmx fxsr sse sse2 ss ht tm pbe syscall nx pdpe1gb rdtscp lm constant_tsc art arch_perfmon pebs bts rep_good nopl xtopology nonstop_tsc aperfmperf eagerfpu pni pclmulqdq dtes64 monitor ds_cpl vmx est tm2 ssse3 sdbg fma cx16 xtpr pdcm pcid sse4_1 sse4_2 x2apic movbe popcnt tsc_deadline_timer aes xsave avx f16c rdrand lahf_lm abm 3dnowprefetch epb intel_pt tpr_shadow vnmi flexpriority ept vpid fsgsbase tsc_adjust bmi1 avx2 smep bmi2 erms invpcid mpx rdseed adx smap clflushopt xsaveopt xsavec xgetbv1 dtherm ida arat pln pts hwp hwp_notify hwp_act_window hwp_epp
bugs		:
bogomips	: 5184.47
clflush size	: 64
cache_alignment	: 64
address sizes	: 39 bits physical, 48 bits virtual
power management:

processor	: 1
vendor_id	: GenuineIntel
cpu family	: 6
model		: 78
model name	: Intel(R) Core(TM) i7-6500U CPU @ 2.50GHz
stepping	: 3
microcode	: 0x9e
cpu MHz		: 2808.101
cache size	: 4096 KB
physical id	: 0
siblings	: 4
core id		: 1
cpu cores	: 2
apicid		: 2
initial apicid	: 2
fpu		: yes
fpu_exception	: yes
cpuid level	: 22
wp		: yes
flags		: fpu vme de pse tsc msr pae mce cx8 apic sep mtrr pge mca cmov pat pse36 clflush dts acpi mmx fxsr sse sse2 ss ht tm pbe syscall nx pdpe1gb rdtscp lm constant_tsc art arch_perfmon pebs bts rep_good nopl xtopology nonstop_tsc aperfmperf eagerfpu pni pclmulqdq dtes64 monitor ds_cpl vmx est tm2 ssse3 sdbg fma cx16 xtpr pdcm pcid sse4_1 sse4_2 x2apic movbe popcnt tsc_deadline_timer aes xsave avx f16c rdrand lahf_lm abm 3dnowprefetch epb intel_pt tpr_shadow vnmi flexpriority ept vpid fsgsbase tsc_adjust bmi1 avx2 smep bmi2 erms invpcid mpx rdseed adx smap clflushopt xsaveopt xsavec xgetbv1 dtherm ida arat pln pts hwp hwp_notify hwp_act_window hwp_epp
bugs		:
bogomips	: 5184.47
clflush size	: 64
cache_alignment	: 64
address sizes	: 39 bits physical, 48 bits virtual
power management:

processor	: 2
vendor_id	: GenuineIntel
cpu family	: 6
model		: 78
model name	: Intel(R) Core(TM) i7-6500U CPU @ 2.50GHz
stepping	: 3
microcode	: 0x9e
cpu MHz		: 2809.726
cache size	: 4096 KB
physical id	: 0
siblings	: 4
core id		: 0
cpu cores	: 2
apicid		: 1
initial apicid	: 1
fpu		: yes
fpu_exception	: yes
cpuid level	: 22
wp		: yes
flags		: fpu vme de pse tsc msr pae mce cx8 apic sep mtrr pge mca cmov pat pse36 clflush dts acpi mmx fxsr sse sse2 ss ht tm pbe syscall nx pdpe1gb rdtscp lm constant_tsc art arch_perfmon pebs bts rep_good nopl xtopology nonstop_tsc aperfmperf eagerfpu pni pclmulqdq dtes64 monitor ds_cpl vmx est tm2 ssse3 sdbg fma cx16 xtpr pdcm pcid sse4_1 sse4_2 x2apic movbe popcnt tsc_deadline_timer aes xsave avx f16c rdrand lahf_lm abm 3dnowprefetch epb intel_pt tpr_shadow vnmi flexpriority ept vpid fsgsbase tsc_adjust bmi1 avx2 smep bmi2 erms invpcid mpx rdseed adx smap clflushopt xsaveopt xsavec xgetbv1 dtherm ida arat pln pts hwp hwp_notify hwp_act_window hwp_epp
bugs		:
bogomips	: 5184.47
clflush size	: 64
cache_alignment	: 64
address sizes	: 39 bits physical, 48 bits virtual
power management:

processor	: 3
vendor_id	: GenuineIntel
cpu family	: 6
model		: 78
model name	: Intel(R) Core(TM) i7-6500U CPU @ 2.50GHz
stepping	: 3
microcode	: 0x9e
cpu MHz		: 2803.125
cache size	: 4096 KB
physical id	: 0
siblings	: 4
core id		: 1
cpu cores	: 2
apicid		: 3
initial apicid	: 3
fpu		: yes
fpu_exception	: yes
cpuid level	: 22
wp		: yes
flags		: fpu vme de pse tsc msr pae mce cx8 apic sep mtrr pge mca cmov pat pse36 clflush dts acpi mmx fxsr sse sse2 ss ht tm pbe syscall nx pdpe1gb rdtscp lm constant_tsc art arch_perfmon pebs bts rep_good nopl xtopology nonstop_tsc aperfmperf eagerfpu pni pclmulqdq dtes64 monitor ds_cpl vmx est tm2 ssse3 sdbg fma cx16 xtpr pdcm pcid sse4_1 sse4_2 x2apic movbe popcnt tsc_deadline_timer aes xsave avx f16c rdrand lahf_lm abm 3dnowprefetch epb intel_pt tpr_shadow vnmi flexpriority ept vpid fsgsbase tsc_adjust bmi1 avx2 smep bmi2 erms invpcid mpx rdseed adx smap clflushopt xsaveopt xsavec xgetbv1 dtherm ida arat pln pts hwp hwp_notify hwp_act_window hwp_epp
bugs		:
bogomips	: 5184.47
clflush size	: 64
cache_alignment	: 64
address sizes	: 39 bits physical, 48 bits virtual
power management:



Memory: 4k page, physical 15852136k(9755560k free), swap 16189436k(16189436k free)

vm_info: Java HotSpot(TM) 64-Bit Server VM (25.121-b13) for linux-amd64 JRE (1.8.0_121-b13), built on Dec 12 2016 16:36:53 by "java_re" with gcc 4.3.0 20080428 (Red Hat 4.3.0-8)

time: Tue Nov  7 11:47:00 2017
elapsed time: 0 seconds (0d 0h 0m 0s)

