#
# A fatal error has been detected by the Java Runtime Environment:
#
#  SIGSEGV (0xb) at pc=0x00007f97e3b826ec, pid=32229, tid=0x00007f9809b42700
#
# JRE version: Java(TM) SE Runtime Environment (8.0_121-b13) (build 1.8.0_121-b13)
# Java VM: Java HotSpot(TM) 64-Bit Server VM (25.121-b13 mixed mode linux-amd64 compressed oops)
# Problematic frame:
# C  [liblwjgl_opengl.so+0x446ec]  Java_org_lwjgl_opengl_GL30_nglGenVertexArrays__IJ+0xc
#
# Failed to write core dump. Core dumps have been disabled. To enable core dumping, try "ulimit -c unlimited" before starting Java again
#
# If you would like to submit a bug report, please visit:
#   http://bugreport.java.com/bugreport/crash.jsp
# The crash happened outside the Java Virtual Machine in native code.
# See problematic frame for where to report the bug.
#

---------------  T H R E A D  ---------------

Current thread (0x00007f980000d000):  JavaThread "main" [_thread_in_native, id=32230, stack(0x00007f9809a42000,0x00007f9809b43000)]

siginfo: si_signo: 11 (SIGSEGV), si_code: 1 (SEGV_MAPERR), si_addr: 0x0000000000000f70

Registers:
RAX=0x0000000000000000, RBX=0x00007f98049fab58, RCX=0x00007f98004cd0fc, RDX=0x0000000000000001
RSP=0x00007f9809b415b8, RBP=0x00007f9809b41618, RSI=0x00007f98004cd0fc, RDI=0x0000000000000001
R8 =0x0000000000000000, R9 =0x0000000000000004, R10=0x00007f97f1017a08, R11=0x00007f980891dea0
R12=0x0000000000000000, R13=0x00007f98049fab58, R14=0x00007f9809b41648, R15=0x00007f980000d000
RIP=0x00007f97e3b826ec, EFLAGS=0x0000000000010283, CSGSFS=0x0000000000000033, ERR=0x0000000000000004
  TRAPNO=0x000000000000000e

Top of Stack: (sp=0x00007f9809b415b8)
0x00007f9809b415b8:   00007f97f1017a34 00007f9809b41618
0x00007f9809b415c8:   00007f97f10177c7 00007f97f1017782
0x00007f9809b415d8:   00007f9809b415d8 00007f98049fab58
0x00007f9809b415e8:   00007f9809b41648 00007f9804a037c0
0x00007f9809b415f8:   0000000000000000 00007f98049fab58
0x00007f9809b41608:   0000000000000000 00007f9809b41638
0x00007f9809b41618:   00007f9809b41690 00007f97f10082bd
0x00007f9809b41628:   0000000770177368 00007f97f1011538
0x00007f9809b41638:   00007f98004cd0fc 00000007706d34f8
0x00007f9809b41648:   0000000000000001 00007f9809b41650
0x00007f9809b41658:   00007f98049faccc 00007f9809b416c0
0x00007f9809b41668:   00007f9804a037c0 0000000000000000
0x00007f9809b41678:   00007f98049fad38 00007f9809b41638
0x00007f9809b41688:   00007f9809b416c8 00007f9809b41710
0x00007f9809b41698:   00007f97f1007d00 0000000000000000
0x00007f9809b416a8:   0000000000000000 00000007706d34f8
0x00007f9809b416b8:   0000000000010000 000000077060b238
0x00007f9809b416c8:   0000000770123160 00007f9809b416d0
0x00007f9809b416d8:   00007f98049ea9f2 00007f9809b41740
0x00007f9809b416e8:   00007f98049eba38 0000000000000000
0x00007f9809b416f8:   00007f98049eaa70 00007f9809b416c8
0x00007f9809b41708:   00007f9809b41720 00007f9809b41790
0x00007f9809b41718:   00007f97f10082bd 0000000770138678
0x00007f9809b41728:   0000000770132a28 000000077012fcb8
0x00007f9809b41738:   0000000770126ea0 0000000770123160
0x00007f9809b41748:   0000000770123160 00007f9809b41750
0x00007f9809b41758:   00007f98049e5419 00007f9809b41810
0x00007f9809b41768:   00007f98049e5660 0000000000000000
0x00007f9809b41778:   00007f98049e5558 00007f9809b41720
0x00007f9809b41788:   00007f9809b41810 00007f9809b41860
0x00007f9809b41798:   00007f97f1008040 00000007700fa018
0x00007f9809b417a8:   0000000700000003 00000007700f9d48 

Instructions: (pc=0x00007f97e3b826ec)
0x00007f97e3b826cc:   78 1c 00 00 ff e0 66 66 66 66 66 2e 0f 1f 84 00
0x00007f97e3b826dc:   00 00 00 00 48 8b 07 48 89 ce 89 d7 48 8b 40 18
0x00007f97e3b826ec:   48 8b 80 70 0f 00 00 ff e0 66 66 2e 0f 1f 84 00
0x00007f97e3b826fc:   00 00 00 00 48 8b 07 48 89 ce 89 d7 48 8b 40 18 

Register to memory mapping:

RAX=0x0000000000000000 is an unknown value
RBX={method} {0x00007f98049fab58} 'nglGenVertexArrays' '(IJ)V' in 'org/lwjgl/opengl/GL30'
RCX=0x00007f98004cd0fc is an unknown value
RDX=0x0000000000000001 is an unknown value
RSP=0x00007f9809b415b8 is pointing into the stack for thread: 0x00007f980000d000
RBP=0x00007f9809b41618 is pointing into the stack for thread: 0x00007f980000d000
RSI=0x00007f98004cd0fc is an unknown value
RDI=0x0000000000000001 is an unknown value
R8 =0x0000000000000000 is an unknown value
R9 =0x0000000000000004 is an unknown value
R10=0x00007f97f1017a08 is at code_begin+808 in an Interpreter codelet
method entry point (kind = native)  [0x00007f97f10176e0, 0x00007f97f1017fe0]  2304 bytes
R11=0x00007f980891dea0: <offset 0x9c3ea0> in /home/michael1337/Programs/jdk/jdk1.8.0_121/jre/lib/amd64/server/libjvm.so at 0x00007f9807f5a000
R12=0x0000000000000000 is an unknown value
R13={method} {0x00007f98049fab58} 'nglGenVertexArrays' '(IJ)V' in 'org/lwjgl/opengl/GL30'
R14=0x00007f9809b41648 is pointing into the stack for thread: 0x00007f980000d000
R15=0x00007f980000d000 is a thread


Stack: [0x00007f9809a42000,0x00007f9809b43000],  sp=0x00007f9809b415b8,  free space=1021k
Native frames: (J=compiled Java code, j=interpreted, Vv=VM code, C=native code)
C  [liblwjgl_opengl.so+0x446ec]  Java_org_lwjgl_opengl_GL30_nglGenVertexArrays__IJ+0xc
j  org.lwjgl.opengl.GL30.glGenVertexArrays()I+20
j  engine.graphics.objects.models.Mesh.<init>([F[I[F[F)V+58
j  load.OBJLoader.loadMesh(Ljava/lang/String;)Lengine/graphics/objects/models/Mesh;+625
j  engine.graphics.objects.MeshHub.loadMesh()V+5
j  engine.data.proto.Data.load()V+32
j  engine.Engine.loadData()V+15
j  tests.parser.ParserTest.main([Ljava/lang/String;)V+0
v  ~StubRoutines::call_stub
V  [libjvm.so+0x690dd6]  JavaCalls::call_helper(JavaValue*, methodHandle*, JavaCallArguments*, Thread*)+0x1056
V  [libjvm.so+0x6d21e2]  jni_invoke_static(JNIEnv_*, JavaValue*, _jobject*, JNICallType, _jmethodID*, JNI_ArgumentPusher*, Thread*)+0x362
V  [libjvm.so+0x6eea4a]  jni_CallStaticVoidMethod+0x17a
C  [libjli.so+0x7bdf]  JavaMain+0x81f
C  [libpthread.so.0+0x76ba]  start_thread+0xca

Java frames: (J=compiled Java code, j=interpreted, Vv=VM code)
j  org.lwjgl.opengl.GL30.nglGenVertexArrays(IJ)V+0
j  org.lwjgl.opengl.GL30.glGenVertexArrays()I+20
j  engine.graphics.objects.models.Mesh.<init>([F[I[F[F)V+58
j  load.OBJLoader.loadMesh(Ljava/lang/String;)Lengine/graphics/objects/models/Mesh;+625
j  engine.graphics.objects.MeshHub.loadMesh()V+5
j  engine.data.proto.Data.load()V+32
j  engine.Engine.loadData()V+15
j  tests.parser.ParserTest.main([Ljava/lang/String;)V+0
v  ~StubRoutines::call_stub

---------------  P R O C E S S  ---------------

Java Threads: ( => current thread )
  0x00007f98003c5000 JavaThread "Service Thread" daemon [_thread_blocked, id=32252, stack(0x00007f97e8509000,0x00007f97e860a000)]
  0x00007f98003c2000 JavaThread "C1 CompilerThread2" daemon [_thread_blocked, id=32251, stack(0x00007f97e860a000,0x00007f97e870b000)]
  0x00007f98003c0000 JavaThread "C2 CompilerThread1" daemon [_thread_blocked, id=32250, stack(0x00007f97eb923000,0x00007f97eba24000)]
  0x00007f98003be000 JavaThread "C2 CompilerThread0" daemon [_thread_blocked, id=32249, stack(0x00007f97eba24000,0x00007f97ebb25000)]
  0x00007f98003bc800 JavaThread "Monitor Ctrl-Break" daemon [_thread_in_native, id=32248, stack(0x00007f97ebb25000,0x00007f97ebc26000)]
  0x00007f9800180000 JavaThread "Signal Dispatcher" daemon [_thread_blocked, id=32247, stack(0x00007f97ebc26000,0x00007f97ebd27000)]
  0x00007f980014e800 JavaThread "Finalizer" daemon [_thread_blocked, id=32240, stack(0x00007f97f00f1000,0x00007f97f01f2000)]
  0x00007f980014a000 JavaThread "Reference Handler" daemon [_thread_blocked, id=32239, stack(0x00007f97f01f2000,0x00007f97f02f3000)]
=>0x00007f980000d000 JavaThread "main" [_thread_in_native, id=32230, stack(0x00007f9809a42000,0x00007f9809b43000)]

Other Threads:
  0x00007f9800142800 VMThread [stack: 0x00007f97f02f3000,0x00007f97f03f4000] [id=32238]
  0x00007f98003ca000 WatcherThread [stack: 0x00007f97e8408000,0x00007f97e8509000] [id=32253]

VM state:not at safepoint (normal execution)

VM Mutex/Monitor currently owned by a thread: None

Heap:
 PSYoungGen      total 72192K, used 18624K [0x000000076f580000, 0x0000000774600000, 0x00000007c0000000)
  eden space 61952K, 30% used [0x000000076f580000,0x00000007707b0230,0x0000000773200000)
  from space 10240K, 0% used [0x0000000773c00000,0x0000000773c00000,0x0000000774600000)
  to   space 10240K, 0% used [0x0000000773200000,0x0000000773200000,0x0000000773c00000)
 ParOldGen       total 165376K, used 0K [0x00000006ce000000, 0x00000006d8180000, 0x000000076f580000)
  object space 165376K, 0% used [0x00000006ce000000,0x00000006ce000000,0x00000006d8180000)
 Metaspace       used 5880K, capacity 6082K, committed 6144K, reserved 1056768K
  class space    used 661K, capacity 735K, committed 768K, reserved 1048576K

Card table byte_map: [0x00007f9805e59000,0x00007f98065ea000] byte_map_base: 0x00007f98027e9000

Marking Bits: (ParMarkBitMap*) 0x00007f9808f1ec80
 Begin Bits: [0x00007f97cc700000, 0x00007f97d0380000)
 End Bits:   [0x00007f97d0380000, 0x00007f97d4000000)

Polling page: 0x00007f9809b71000

CodeCache: size=245760Kb used=2316Kb max_used=2328Kb free=243443Kb
 bounds [0x00007f97f1000000, 0x00007f97f1270000, 0x00007f9800000000]
 total_blobs=862 nmethods=536 adapters=240
 compilation: enabled

Compilation events (10 events):
Event: 0,787 Thread 0x00007f98003c2000  528       3       java.util.jar.JarFile$JarFileEntry::<init> (11 bytes)
Event: 0,787 Thread 0x00007f98003c2000 nmethod 528 0x00007f97f123f690 code [0x00007f97f123f800, 0x00007f97f123fa08]
Event: 0,787 Thread 0x00007f98003c2000  534   !   3       java.lang.StringCoding$StringEncoder::encode (179 bytes)
Event: 0,789 Thread 0x00007f98003c2000 nmethod 534 0x00007f97f123fad0 code [0x00007f97f123fe40, 0x00007f97f1241af8]
Event: 0,790 Thread 0x00007f98003c2000  530       1       sun.misc.URLClassPath$JarLoader::access$700 (5 bytes)
Event: 0,790 Thread 0x00007f98003c2000 nmethod 530 0x00007f97f1242cd0 code [0x00007f97f1242e20, 0x00007f97f1242f10]
Event: 0,790 Thread 0x00007f98003be000  536       4       java.util.concurrent.ConcurrentHashMap::tabAt (21 bytes)
Event: 0,790 Thread 0x00007f98003be000 nmethod 536 0x00007f97f1245bd0 code [0x00007f97f1245d00, 0x00007f97f1245d58]
Event: 0,792 Thread 0x00007f98003c0000  537       4       java.util.HashMap::getNode (148 bytes)
Event: 0,794 Thread 0x00007f98003c2000  538  s    1       java.util.Vector::size (5 bytes)

GC Heap History (0 events):
No events

Deoptimization events (3 events):
Event: 0,456 Thread 0x00007f980000d000 Uncommon trap: reason=predicate action=maybe_recompile pc=0x00007f97f1173178 method=java.util.AbstractCollection.toArray([Ljava/lang/Object;)[Ljava/lang/Object; @ 49
Event: 0,652 Thread 0x00007f980000d000 Uncommon trap: reason=class_check action=maybe_recompile pc=0x00007f97f11986f0 method=java.util.AbstractCollection.toArray([Ljava/lang/Object;)[Ljava/lang/Object; @ 1
Event: 0,694 Thread 0x00007f980000d000 Uncommon trap: reason=unstable_if action=reinterpret pc=0x00007f97f1173ae8 method=java.lang.CharacterDataLatin1.digit(II)I @ 31

Internal exceptions (10 events):
Event: 0,065 Thread 0x00007f980000d000 Exception <a 'java/lang/NoSuchMethodError': Method sun.misc.Unsafe.defineClass(Ljava/lang/String;[BII)Ljava/lang/Class; name or signature does not match> (0x000000076f587ca8) thrown at [/HUDSON3/workspace/8-2-build-linux-amd64/jdk8u121/8372/hotspot/src/sh
Event: 0,065 Thread 0x00007f980000d000 Exception <a 'java/lang/NoSuchMethodError': Method sun.misc.Unsafe.prefetchRead(Ljava/lang/Object;J)V name or signature does not match> (0x000000076f587f90) thrown at [/HUDSON3/workspace/8-2-build-linux-amd64/jdk8u121/8372/hotspot/src/share/vm/prims/jni.c
Event: 0,641 Thread 0x00007f980000d000 Exception <a 'java/lang/NoSuchFieldError': method resolution failed> (0x0000000770335978) thrown at [/HUDSON3/workspace/8-2-build-linux-amd64/jdk8u121/8372/hotspot/src/share/vm/prims/methodHandles.cpp, line 1146]
Event: 0,646 Thread 0x00007f980000d000 Exception <a 'java/lang/NoSuchFieldError': method resolution failed> (0x0000000770343790) thrown at [/HUDSON3/workspace/8-2-build-linux-amd64/jdk8u121/8372/hotspot/src/share/vm/prims/methodHandles.cpp, line 1146]
Event: 0,708 Thread 0x00007f980000d000 Exception <a 'java/lang/NoSuchMethodError': java.lang.Object.lambda$static$0(Ljava/lang/String;)Ljava/lang/Boolean;> (0x00000007704acb80) thrown at [/HUDSON3/workspace/8-2-build-linux-amd64/jdk8u121/8372/hotspot/src/share/vm/interpreter/linkResolver.cpp, 
Event: 0,719 Thread 0x00007f980000d000 Exception <a 'java/security/PrivilegedActionException'> (0x0000000770500170) thrown at [/HUDSON3/workspace/8-2-build-linux-amd64/jdk8u121/8372/hotspot/src/share/vm/prims/jvm.cpp, line 1390]
Event: 0,719 Thread 0x00007f980000d000 Exception <a 'java/security/PrivilegedActionException'> (0x0000000770500380) thrown at [/HUDSON3/workspace/8-2-build-linux-amd64/jdk8u121/8372/hotspot/src/share/vm/prims/jvm.cpp, line 1390]
Event: 0,720 Thread 0x00007f980000d000 Exception <a 'java/security/PrivilegedActionException'> (0x0000000770502e80) thrown at [/HUDSON3/workspace/8-2-build-linux-amd64/jdk8u121/8372/hotspot/src/share/vm/prims/jvm.cpp, line 1390]
Event: 0,720 Thread 0x00007f980000d000 Exception <a 'java/security/PrivilegedActionException'> (0x0000000770503090) thrown at [/HUDSON3/workspace/8-2-build-linux-amd64/jdk8u121/8372/hotspot/src/share/vm/prims/jvm.cpp, line 1390]
Event: 0,766 Thread 0x00007f980000d000 Exception <a 'sun/nio/fs/UnixException'> (0x00000007705b9a08) thrown at [/HUDSON3/workspace/8-2-build-linux-amd64/jdk8u121/8372/hotspot/src/share/vm/prims/jni.cpp, line 709]

Events (10 events):
Event: 0,785 loading class org/lwjgl/system/jni/JNINativeInterface
Event: 0,785 loading class org/lwjgl/system/jni/JNINativeInterface done
Event: 0,787 loading class org/lwjgl/system/linux/DynamicLinkLoader
Event: 0,787 loading class org/lwjgl/system/linux/DynamicLinkLoader done
Event: 0,790 loading class org/lwjgl/opengl/GL$2
Event: 0,790 loading class org/lwjgl/opengl/GL$2 done
Event: 0,791 loading class org/lwjgl/opengl/GL$SharedLibraryGL
Event: 0,791 loading class org/lwjgl/opengl/GL$SharedLibraryGL done
Event: 0,792 loading class org/lwjgl/system/SharedLibrary$Delegate
Event: 0,792 loading class org/lwjgl/system/SharedLibrary$Delegate done


Dynamic libraries:
00400000-00401000 r-xp 00000000 08:01 24119309                           /home/michael1337/Programs/jdk/jdk1.8.0_121/bin/java
00600000-00601000 rw-p 00000000 08:01 24119309                           /home/michael1337/Programs/jdk/jdk1.8.0_121/bin/java
00e67000-00e88000 rw-p 00000000 00:00 0                                  [heap]
6ce000000-6d8180000 rw-p 00000000 00:00 0 
6d8180000-76f580000 ---p 00000000 00:00 0 
76f580000-774600000 rw-p 00000000 00:00 0 
774600000-7c0000000 ---p 00000000 00:00 0 
7c0000000-7c00c0000 rw-p 00000000 00:00 0 
7c00c0000-800000000 ---p 00000000 00:00 0 
7f97a8000000-7f97a8021000 rw-p 00000000 00:00 0 
7f97a8021000-7f97ac000000 ---p 00000000 00:00 0 
7f97ac000000-7f97ac021000 rw-p 00000000 00:00 0 
7f97ac021000-7f97b0000000 ---p 00000000 00:00 0 
7f97b0000000-7f97b02e0000 rw-p 00000000 00:00 0 
7f97b02e0000-7f97b4000000 ---p 00000000 00:00 0 
7f97b4000000-7f97b4241000 rw-p 00000000 00:00 0 
7f97b4241000-7f97b8000000 ---p 00000000 00:00 0 
7f97b8000000-7f97b8021000 rw-p 00000000 00:00 0 
7f97b8021000-7f97bc000000 ---p 00000000 00:00 0 
7f97bc000000-7f97bc1d6000 rw-p 00000000 00:00 0 
7f97bc1d6000-7f97c0000000 ---p 00000000 00:00 0 
7f97c0000000-7f97c0021000 rw-p 00000000 00:00 0 
7f97c0021000-7f97c4000000 ---p 00000000 00:00 0 
7f97c4000000-7f97c4021000 rw-p 00000000 00:00 0 
7f97c4021000-7f97c8000000 ---p 00000000 00:00 0 
7f97c8000000-7f97c8021000 rw-p 00000000 00:00 0 
7f97c8021000-7f97cc000000 ---p 00000000 00:00 0 
7f97cc700000-7f97d4000000 rw-p 00000000 00:00 0 
7f97d4000000-7f97d4021000 rw-p 00000000 00:00 0 
7f97d4021000-7f97d8000000 ---p 00000000 00:00 0 
7f97d8000000-7f97d8021000 rw-p 00000000 00:00 0 
7f97d8021000-7f97dc000000 ---p 00000000 00:00 0 
7f97dc000000-7f97dc021000 rw-p 00000000 00:00 0 
7f97dc021000-7f97e0000000 ---p 00000000 00:00 0 
7f97e108d000-7f97e1092000 r-xp 00000000 08:01 4464746                    /usr/lib/x86_64-linux-gnu/libXdmcp.so.6.0.0
7f97e1092000-7f97e1291000 ---p 00005000 08:01 4464746                    /usr/lib/x86_64-linux-gnu/libXdmcp.so.6.0.0
7f97e1291000-7f97e1292000 r--p 00004000 08:01 4464746                    /usr/lib/x86_64-linux-gnu/libXdmcp.so.6.0.0
7f97e1292000-7f97e1293000 rw-p 00005000 08:01 4464746                    /usr/lib/x86_64-linux-gnu/libXdmcp.so.6.0.0
7f97e1293000-7f97e1295000 r-xp 00000000 08:01 4464735                    /usr/lib/x86_64-linux-gnu/libXau.so.6.0.0
7f97e1295000-7f97e1495000 ---p 00002000 08:01 4464735                    /usr/lib/x86_64-linux-gnu/libXau.so.6.0.0
7f97e1495000-7f97e1496000 r--p 00002000 08:01 4464735                    /usr/lib/x86_64-linux-gnu/libXau.so.6.0.0
7f97e1496000-7f97e1497000 rw-p 00003000 08:01 4464735                    /usr/lib/x86_64-linux-gnu/libXau.so.6.0.0
7f97e1497000-7f97e14a7000 r-xp 00000000 08:01 4460530                    /usr/lib/x86_64-linux-gnu/libdrm.so.2.4.0
7f97e14a7000-7f97e16a7000 ---p 00010000 08:01 4460530                    /usr/lib/x86_64-linux-gnu/libdrm.so.2.4.0
7f97e16a7000-7f97e16a8000 r--p 00010000 08:01 4460530                    /usr/lib/x86_64-linux-gnu/libdrm.so.2.4.0
7f97e16a8000-7f97e16a9000 rw-p 00011000 08:01 4460530                    /usr/lib/x86_64-linux-gnu/libdrm.so.2.4.0
7f97e16a9000-7f97e16ae000 r-xp 00000000 08:01 4464784                    /usr/lib/x86_64-linux-gnu/libXxf86vm.so.1.0.0
7f97e16ae000-7f97e18ad000 ---p 00005000 08:01 4464784                    /usr/lib/x86_64-linux-gnu/libXxf86vm.so.1.0.0
7f97e18ad000-7f97e18ae000 r--p 00004000 08:01 4464784                    /usr/lib/x86_64-linux-gnu/libXxf86vm.so.1.0.0
7f97e18ae000-7f97e18af000 rw-p 00005000 08:01 4464784                    /usr/lib/x86_64-linux-gnu/libXxf86vm.so.1.0.0
7f97e18af000-7f97e18d0000 r-xp 00000000 08:01 4466084                    /usr/lib/x86_64-linux-gnu/libxcb.so.1.1.0
7f97e18d0000-7f97e1acf000 ---p 00021000 08:01 4466084                    /usr/lib/x86_64-linux-gnu/libxcb.so.1.1.0
7f97e1acf000-7f97e1ad0000 r--p 00020000 08:01 4466084                    /usr/lib/x86_64-linux-gnu/libxcb.so.1.1.0
7f97e1ad0000-7f97e1ad1000 rw-p 00021000 08:01 4466084                    /usr/lib/x86_64-linux-gnu/libxcb.so.1.1.0
7f97e1ad1000-7f97e1ad5000 r-xp 00000000 08:01 4466048                    /usr/lib/x86_64-linux-gnu/libxcb-dri2.so.0.0.0
7f97e1ad5000-7f97e1cd4000 ---p 00004000 08:01 4466048                    /usr/lib/x86_64-linux-gnu/libxcb-dri2.so.0.0.0
7f97e1cd4000-7f97e1cd5000 r--p 00003000 08:01 4466048                    /usr/lib/x86_64-linux-gnu/libxcb-dri2.so.0.0.0
7f97e1cd5000-7f97e1cd6000 rw-p 00004000 08:01 4466048                    /usr/lib/x86_64-linux-gnu/libxcb-dri2.so.0.0.0
7f97e1cd6000-7f97e1ced000 r-xp 00000000 08:01 4466052                    /usr/lib/x86_64-linux-gnu/libxcb-glx.so.0.0.0
7f97e1ced000-7f97e1eec000 ---p 00017000 08:01 4466052                    /usr/lib/x86_64-linux-gnu/libxcb-glx.so.0.0.0
7f97e1eec000-7f97e1eee000 r--p 00016000 08:01 4466052                    /usr/lib/x86_64-linux-gnu/libxcb-glx.so.0.0.0
7f97e1eee000-7f97e1eef000 rw-p 00018000 08:01 4466052                    /usr/lib/x86_64-linux-gnu/libxcb-glx.so.0.0.0
7f97e1eef000-7f97e2024000 r-xp 00000000 08:01 4461455                    /usr/lib/x86_64-linux-gnu/libX11.so.6.3.0
7f97e2024000-7f97e2224000 ---p 00135000 08:01 4461455                    /usr/lib/x86_64-linux-gnu/libX11.so.6.3.0
7f97e2224000-7f97e2225000 r--p 00135000 08:01 4461455                    /usr/lib/x86_64-linux-gnu/libX11.so.6.3.0
7f97e2225000-7f97e2229000 rw-p 00136000 08:01 4461455                    /usr/lib/x86_64-linux-gnu/libX11.so.6.3.0
7f97e2229000-7f97e222a000 r-xp 00000000 08:01 4464295                    /usr/lib/x86_64-linux-gnu/libX11-xcb.so.1.0.0
7f97e222a000-7f97e2429000 ---p 00001000 08:01 4464295                    /usr/lib/x86_64-linux-gnu/libX11-xcb.so.1.0.0
7f97e2429000-7f97e242a000 r--p 00000000 08:01 4464295                    /usr/lib/x86_64-linux-gnu/libX11-xcb.so.1.0.0
7f97e242a000-7f97e242b000 rw-p 00001000 08:01 4464295                    /usr/lib/x86_64-linux-gnu/libX11-xcb.so.1.0.0
7f97e242b000-7f97e2430000 r-xp 00000000 08:01 4464750                    /usr/lib/x86_64-linux-gnu/libXfixes.so.3.1.0
7f97e2430000-7f97e262f000 ---p 00005000 08:01 4464750                    /usr/lib/x86_64-linux-gnu/libXfixes.so.3.1.0
7f97e262f000-7f97e2630000 r--p 00004000 08:01 4464750                    /usr/lib/x86_64-linux-gnu/libXfixes.so.3.1.0
7f97e2630000-7f97e2631000 rw-p 00005000 08:01 4464750                    /usr/lib/x86_64-linux-gnu/libXfixes.so.3.1.0
7f97e2631000-7f97e2633000 r-xp 00000000 08:01 4464744                    /usr/lib/x86_64-linux-gnu/libXdamage.so.1.1.0
7f97e2633000-7f97e2832000 ---p 00002000 08:01 4464744                    /usr/lib/x86_64-linux-gnu/libXdamage.so.1.1.0
7f97e2832000-7f97e2833000 r--p 00001000 08:01 4464744                    /usr/lib/x86_64-linux-gnu/libXdamage.so.1.1.0
7f97e2833000-7f97e2834000 rw-p 00002000 08:01 4464744                    /usr/lib/x86_64-linux-gnu/libXdamage.so.1.1.0
7f97e2834000-7f97e2845000 r-xp 00000000 08:01 4464748                    /usr/lib/x86_64-linux-gnu/libXext.so.6.4.0
7f97e2845000-7f97e2a44000 ---p 00011000 08:01 4464748                    /usr/lib/x86_64-linux-gnu/libXext.so.6.4.0
7f97e2a44000-7f97e2a45000 r--p 00010000 08:01 4464748                    /usr/lib/x86_64-linux-gnu/libXext.so.6.4.0
7f97e2a45000-7f97e2a46000 rw-p 00011000 08:01 4464748                    /usr/lib/x86_64-linux-gnu/libXext.so.6.4.0
7f97e2a46000-7f97e2a72000 r-xp 00000000 08:01 4464119                    /usr/lib/x86_64-linux-gnu/libglapi.so.0.0.0
7f97e2a72000-7f97e2c71000 ---p 0002c000 08:01 4464119                    /usr/lib/x86_64-linux-gnu/libglapi.so.0.0.0
7f97e2c71000-7f97e2c75000 r--p 0002b000 08:01 4464119                    /usr/lib/x86_64-linux-gnu/libglapi.so.0.0.0
7f97e2c75000-7f97e2c76000 rw-p 0002f000 08:01 4464119                    /usr/lib/x86_64-linux-gnu/libglapi.so.0.0.0
7f97e2c76000-7f97e2c77000 rw-p 00000000 00:00 0 
7f97e2c77000-7f97e2c78000 r-xp 00000000 08:01 4466096                    /usr/lib/x86_64-linux-gnu/libxshmfence.so.1.0.0
7f97e2c78000-7f97e2e78000 ---p 00001000 08:01 4466096                    /usr/lib/x86_64-linux-gnu/libxshmfence.so.1.0.0
7f97e2e78000-7f97e2e79000 r--p 00001000 08:01 4466096                    /usr/lib/x86_64-linux-gnu/libxshmfence.so.1.0.0
7f97e2e79000-7f97e2e7a000 rw-p 00002000 08:01 4466096                    /usr/lib/x86_64-linux-gnu/libxshmfence.so.1.0.0
7f97e2e7a000-7f97e2e7f000 r-xp 00000000 08:01 4466072                    /usr/lib/x86_64-linux-gnu/libxcb-sync.so.1.0.0
7f97e2e7f000-7f97e307f000 ---p 00005000 08:01 4466072                    /usr/lib/x86_64-linux-gnu/libxcb-sync.so.1.0.0
7f97e307f000-7f97e3080000 r--p 00005000 08:01 4466072                    /usr/lib/x86_64-linux-gnu/libxcb-sync.so.1.0.0
7f97e3080000-7f97e3081000 rw-p 00006000 08:01 4466072                    /usr/lib/x86_64-linux-gnu/libxcb-sync.so.1.0.0
7f97e3081000-7f97e3083000 r-xp 00000000 08:01 4466060                    /usr/lib/x86_64-linux-gnu/libxcb-present.so.0.0.0
7f97e3083000-7f97e3282000 ---p 00002000 08:01 4466060                    /usr/lib/x86_64-linux-gnu/libxcb-present.so.0.0.0
7f97e3282000-7f97e3283000 r--p 00001000 08:01 4466060                    /usr/lib/x86_64-linux-gnu/libxcb-present.so.0.0.0
7f97e3283000-7f97e3284000 rw-p 00002000 08:01 4466060                    /usr/lib/x86_64-linux-gnu/libxcb-present.so.0.0.0
7f97e3284000-7f97e3286000 r-xp 00000000 08:01 4466050                    /usr/lib/x86_64-linux-gnu/libxcb-dri3.so.0.0.0
7f97e3286000-7f97e3485000 ---p 00002000 08:01 4466050                    /usr/lib/x86_64-linux-gnu/libxcb-dri3.so.0.0.0
7f97e3485000-7f97e3486000 r--p 00001000 08:01 4466050                    /usr/lib/x86_64-linux-gnu/libxcb-dri3.so.0.0.0
7f97e3486000-7f97e3487000 rw-p 00002000 08:01 4466050                    /usr/lib/x86_64-linux-gnu/libxcb-dri3.so.0.0.0
7f97e3487000-7f97e34ad000 r-xp 00000000 08:01 20840649                   /lib/x86_64-linux-gnu/libexpat.so.1.6.0
7f97e34ad000-7f97e36ad000 ---p 00026000 08:01 20840649                   /lib/x86_64-linux-gnu/libexpat.so.1.6.0
7f97e36ad000-7f97e36af000 r--p 00026000 08:01 20840649                   /lib/x86_64-linux-gnu/libexpat.so.1.6.0
7f97e36af000-7f97e36b0000 rw-p 00028000 08:01 20840649                   /lib/x86_64-linux-gnu/libexpat.so.1.6.0
7f97e36b0000-7f97e36c9000 r-xp 00000000 08:01 20844854                   /lib/x86_64-linux-gnu/libz.so.1.2.8
7f97e36c9000-7f97e38c8000 ---p 00019000 08:01 20844854                   /lib/x86_64-linux-gnu/libz.so.1.2.8
7f97e38c8000-7f97e38c9000 r--p 00018000 08:01 20844854                   /lib/x86_64-linux-gnu/libz.so.1.2.8
7f97e38c9000-7f97e38ca000 rw-p 00019000 08:01 20844854                   /lib/x86_64-linux-gnu/libz.so.1.2.8
7f97e38ca000-7f97e393a000 r-xp 00000000 08:01 4718962                    /usr/lib/x86_64-linux-gnu/mesa/libGL.so.1.2.0
7f97e393a000-7f97e3b39000 ---p 00070000 08:01 4718962                    /usr/lib/x86_64-linux-gnu/mesa/libGL.so.1.2.0
7f97e3b39000-7f97e3b3c000 r--p 0006f000 08:01 4718962                    /usr/lib/x86_64-linux-gnu/mesa/libGL.so.1.2.0
7f97e3b3c000-7f97e3b3d000 rw-p 00072000 08:01 4718962                    /usr/lib/x86_64-linux-gnu/mesa/libGL.so.1.2.0
7f97e3b3d000-7f97e3b3e000 rw-p 00000000 00:00 0 
7f97e3b3e000-7f97e3ba9000 r-xp 00000000 08:01 26747600                   /tmp/lwjglmichael1337/3.1.6-build-14/liblwjgl_opengl.so
7f97e3ba9000-7f97e3da8000 ---p 0006b000 08:01 26747600                   /tmp/lwjglmichael1337/3.1.6-build-14/liblwjgl_opengl.so
7f97e3da8000-7f97e3da9000 r--p 0006a000 08:01 26747600                   /tmp/lwjglmichael1337/3.1.6-build-14/liblwjgl_opengl.so
7f97e3da9000-7f97e3daa000 rw-p 0006b000 08:01 26747600                   /tmp/lwjglmichael1337/3.1.6-build-14/liblwjgl_opengl.so
7f97e3daa000-7f97e3dfe000 r-xp 00000000 08:01 26747598                   /tmp/lwjglmichael1337/3.1.6-build-14/liblwjgl.so
7f97e3dfe000-7f97e3ffe000 ---p 00054000 08:01 26747598                   /tmp/lwjglmichael1337/3.1.6-build-14/liblwjgl.so
7f97e3ffe000-7f97e3fff000 r--p 00054000 08:01 26747598                   /tmp/lwjglmichael1337/3.1.6-build-14/liblwjgl.so
7f97e3fff000-7f97e4000000 rw-p 00055000 08:01 26747598                   /tmp/lwjglmichael1337/3.1.6-build-14/liblwjgl.so
7f97e4000000-7f97e4021000 rw-p 00000000 00:00 0 
7f97e4021000-7f97e8000000 ---p 00000000 00:00 0 
7f97e81f7000-7f97e8208000 r-xp 00000000 08:01 24119418                   /home/michael1337/Programs/jdk/jdk1.8.0_121/jre/lib/amd64/libnio.so
7f97e8208000-7f97e8407000 ---p 00011000 08:01 24119418                   /home/michael1337/Programs/jdk/jdk1.8.0_121/jre/lib/amd64/libnio.so
7f97e8407000-7f97e8408000 rw-p 00010000 08:01 24119418                   /home/michael1337/Programs/jdk/jdk1.8.0_121/jre/lib/amd64/libnio.so
7f97e8408000-7f97e8409000 ---p 00000000 00:00 0 
7f97e8409000-7f97e8509000 rw-p 00000000 00:00 0 
7f97e8509000-7f97e850c000 ---p 00000000 00:00 0 
7f97e850c000-7f97e860a000 rw-p 00000000 00:00 0 
7f97e860a000-7f97e860d000 ---p 00000000 00:00 0 
7f97e860d000-7f97eb70c000 rw-p 00000000 00:00 0 
7f97eb70c000-7f97eb722000 r-xp 00000000 08:01 24119393                   /home/michael1337/Programs/jdk/jdk1.8.0_121/jre/lib/amd64/libnet.so
7f97eb722000-7f97eb922000 ---p 00016000 08:01 24119393                   /home/michael1337/Programs/jdk/jdk1.8.0_121/jre/lib/amd64/libnet.so
7f97eb922000-7f97eb923000 rw-p 00016000 08:01 24119393                   /home/michael1337/Programs/jdk/jdk1.8.0_121/jre/lib/amd64/libnet.so
7f97eb923000-7f97eb926000 ---p 00000000 00:00 0 
7f97eb926000-7f97eba24000 rw-p 00000000 00:00 0 
7f97eba24000-7f97eba27000 ---p 00000000 00:00 0 
7f97eba27000-7f97ebb25000 rw-p 00000000 00:00 0 
7f97ebb25000-7f97ebb28000 ---p 00000000 00:00 0 
7f97ebb28000-7f97ebc26000 rw-p 00000000 00:00 0 
7f97ebc26000-7f97ebc29000 ---p 00000000 00:00 0 
7f97ebc29000-7f97ebd27000 rw-p 00000000 00:00 0 
7f97ebd27000-7f97ec000000 r--p 00000000 08:01 4457405                    /usr/lib/locale/locale-archive
7f97ec000000-7f97ec021000 rw-p 00000000 00:00 0 
7f97ec021000-7f97f0000000 ---p 00000000 00:00 0 
7f97f008b000-7f97f008d000 r--s 0001a000 08:01 24788587                   /home/michael1337/Programs/intellij/idea-IU-181.5281.24/lib/idea_rt.jar
7f97f008d000-7f97f0091000 r--s 00031000 08:01 27009233                   /home/michael1337/Documents/Neolithic/game/lib/commons-io-2.6/commons-io-2.6.jar
7f97f0091000-7f97f0098000 r--s 00058000 08:01 27009231                   /home/michael1337/Documents/Neolithic/game/lib/commons-io-2.6/commons-io-2.6-tests.jar
7f97f0098000-7f97f0099000 r--s 00002000 08:01 25701703                   /home/michael1337/Documents/Neolithic/game/lib/PNGDecoder.jar
7f97f0099000-7f97f009e000 r--s 00045000 08:01 26222668                   /home/michael1337/Documents/Neolithic/game/lib/lwjgl/lwjgl.jar
7f97f009e000-7f97f00b1000 r--s 0014d000 08:01 26222592                   /home/michael1337/Documents/Neolithic/game/lib/lwjgl/lwjgl-vulkan.jar
7f97f00b1000-7f97f00b3000 r--s 00018000 08:01 26221583                   /home/michael1337/Documents/Neolithic/game/lib/lwjgl/lwjgl-stb.jar
7f97f00b3000-7f97f00b4000 r--s 0006f000 08:01 26221581                   /home/michael1337/Documents/Neolithic/game/lib/lwjgl/lwjgl-stb-natives-windows.jar
7f97f00b4000-7f97f00b5000 r--s 0002a000 08:01 26221580                   /home/michael1337/Documents/Neolithic/game/lib/lwjgl/lwjgl-stb-natives-macos.jar
7f97f00b5000-7f97f00b6000 r--s 00031000 08:01 26221579                   /home/michael1337/Documents/Neolithic/game/lib/lwjgl/lwjgl-stb-natives-linux.jar
7f97f00b6000-7f97f00b7000 r--s 00002000 08:01 26221577                   /home/michael1337/Documents/Neolithic/game/lib/lwjgl/lwjgl-par.jar
7f97f00b7000-7f97f00b8000 r--s 00031000 08:01 26221574                   /home/michael1337/Documents/Neolithic/game/lib/lwjgl/lwjgl-par-natives-windows.jar
7f97f00b8000-7f97f00b9000 r--s 00004000 08:01 26222670                   /home/michael1337/Documents/Neolithic/game/lib/lwjgl/lwjgl-par-natives-macos.jar
7f97f00b9000-7f97f00ba000 r--s 00005000 08:01 26221573                   /home/michael1337/Documents/Neolithic/game/lib/lwjgl/lwjgl-par-natives-linux.jar
7f97f00ba000-7f97f00c4000 r--s 000bf000 08:01 26221572                   /home/michael1337/Documents/Neolithic/game/lib/lwjgl/lwjgl-opengl.jar
7f97f00c4000-7f97f00c5000 r--s 0002a000 08:01 26221570                   /home/michael1337/Documents/Neolithic/game/lib/lwjgl/lwjgl-opengl-natives-windows.jar
7f97f00c5000-7f97f00c6000 r--s 0000b000 08:01 26221569                   /home/michael1337/Documents/Neolithic/game/lib/lwjgl/lwjgl-opengl-natives-macos.jar
7f97f00c6000-7f97f00c7000 r--s 00016000 08:01 26221568                   /home/michael1337/Documents/Neolithic/game/lib/lwjgl/lwjgl-opengl-natives-linux.jar
7f97f00c7000-7f97f00ca000 r--s 00011000 08:01 26221566                   /home/michael1337/Documents/Neolithic/game/lib/lwjgl/lwjgl-openal.jar
7f97f00ca000-7f97f00cb000 r--s 00105000 08:01 26221562                   /home/michael1337/Documents/Neolithic/game/lib/lwjgl/lwjgl-openal-natives-windows.jar
7f97f00cb000-7f97f00cc000 r--s 00064000 08:01 26221560                   /home/michael1337/Documents/Neolithic/game/lib/lwjgl/lwjgl-openal-natives-macos.jar
7f97f00cc000-7f97f00cd000 r--s 00077000 08:01 26221559                   /home/michael1337/Documents/Neolithic/game/lib/lwjgl/lwjgl-openal-natives-linux.jar
7f97f00cd000-7f97f00d2000 r--s 0005f000 08:01 26221557                   /home/michael1337/Documents/Neolithic/game/lib/lwjgl/lwjgl-nuklear.jar
7f97f00d2000-7f97f00d3000 r--s 00041000 08:01 26221556                   /home/michael1337/Documents/Neolithic/game/lib/lwjgl/lwjgl-nuklear-natives-windows.jar
7f97f00d3000-7f97f00d4000 r--s 0002e000 08:01 26221561                   /home/michael1337/Documents/Neolithic/game/lib/lwjgl/lwjgl-nuklear-natives-macos.jar
7f97f00d4000-7f97f00d5000 r--s 00022000 08:01 26221554                   /home/michael1337/Documents/Neolithic/game/lib/lwjgl/lwjgl-nuklear-natives-linux.jar
7f97f00d5000-7f97f00d6000 r--s 00039000 08:01 26222669                   /home/michael1337/Documents/Neolithic/game/lib/lwjgl/lwjgl-natives-windows.jar
7f97f00d6000-7f97f00d8000 r--s 00008000 08:01 26222596                   /home/michael1337/Documents/Neolithic/game/lib/lwjgl/lwjgl-natives-macos.jar
7f97f00d8000-7f97f00d9000 r--s 00013000 08:01 26222595                   /home/michael1337/Documents/Neolithic/game/lib/lwjgl/lwjgl-natives-linux.jar
7f97f00d9000-7f97f00db000 r--s 0000e000 08:01 26221549                   /home/michael1337/Documents/Neolithic/game/lib/lwjgl/lwjgl-nanovg.jar
7f97f00db000-7f97f00dc000 r--s 00068000 08:01 26221547                   /home/michael1337/Documents/Neolithic/game/lib/lwjgl/lwjgl-nanovg-natives-windows.jar
7f97f00dc000-7f97f00de000 r--s 00026000 08:01 26221553                   /home/michael1337/Documents/Neolithic/game/lib/lwjgl/lwjgl-nanovg-natives-macos.jar
7f97f00de000-7f97f00f1000 r--s 00345000 08:01 24119617                   /home/michael1337/Programs/jdk/jdk1.8.0_121/jre/lib/resources.jar
7f97f00f1000-7f97f00f4000 ---p 00000000 00:00 0 
7f97f00f4000-7f97f01f2000 rw-p 00000000 00:00 0 
7f97f01f2000-7f97f01f5000 ---p 00000000 00:00 0 
7f97f01f5000-7f97f02f3000 rw-p 00000000 00:00 0 
7f97f02f3000-7f97f02f4000 ---p 00000000 00:00 0 
7f97f02f4000-7f97f1000000 rw-p 00000000 00:00 0 
7f97f1000000-7f97f1270000 rwxp 00000000 00:00 0 
7f97f1270000-7f9800000000 ---p 00000000 00:00 0 
7f9800000000-7f9800778000 rw-p 00000000 00:00 0 
7f9800778000-7f9804000000 ---p 00000000 00:00 0 
7f9804000000-7f9804001000 r--s 00029000 08:01 26221546                   /home/michael1337/Documents/Neolithic/game/lib/lwjgl/lwjgl-nanovg-natives-linux.jar
7f9804001000-7f9804004000 r--s 00019000 08:01 26221542                   /home/michael1337/Documents/Neolithic/game/lib/lwjgl/lwjgl-glfw.jar
7f9804004000-7f9804005000 r--s 0003d000 08:01 26221544                   /home/michael1337/Documents/Neolithic/game/lib/lwjgl/lwjgl-glfw-natives-windows.jar
7f9804005000-7f9804007000 r--s 00022000 08:01 26221539                   /home/michael1337/Documents/Neolithic/game/lib/lwjgl/lwjgl-glfw-natives-linux.jar
7f9804007000-7f9804019000 r--s 000d6000 08:01 24119616                   /home/michael1337/Programs/jdk/jdk1.8.0_121/jre/lib/plugin.jar
7f9804019000-7f980436b000 rw-p 00000000 00:00 0 
7f980436b000-7f9804544000 r--s 03d3e000 08:01 24119385                   /home/michael1337/Programs/jdk/jdk1.8.0_121/jre/lib/rt.jar
7f9804544000-7f9804afa000 rw-p 00000000 00:00 0 
7f9804afa000-7f9804dba000 ---p 00000000 00:00 0 
7f9804dba000-7f980554a000 rw-p 00000000 00:00 0 
7f980554a000-7f980554b000 ---p 00000000 00:00 0 
7f980554b000-7f980564b000 rw-p 00000000 00:00 0 
7f980564b000-7f980564c000 ---p 00000000 00:00 0 
7f980564c000-7f980574c000 rw-p 00000000 00:00 0 
7f980574c000-7f980574d000 ---p 00000000 00:00 0 
7f980574d000-7f980584d000 rw-p 00000000 00:00 0 
7f980584d000-7f980584e000 ---p 00000000 00:00 0 
7f980584e000-7f980599f000 rw-p 00000000 00:00 0 
7f980599f000-7f9805e59000 ---p 00000000 00:00 0 
7f9805e59000-7f9805eaa000 rw-p 00000000 00:00 0 
7f9805eaa000-7f9806363000 ---p 00000000 00:00 0 
7f9806363000-7f980638c000 rw-p 00000000 00:00 0 
7f980638c000-7f98065e9000 ---p 00000000 00:00 0 
7f98065e9000-7f98065f4000 rw-p 00000000 00:00 0 
7f98065f4000-7f98069aa000 ---p 00000000 00:00 0 
7f98069aa000-7f98069c4000 r-xp 00000000 08:01 24119416                   /home/michael1337/Programs/jdk/jdk1.8.0_121/jre/lib/amd64/libzip.so
7f98069c4000-7f9806bc4000 ---p 0001a000 08:01 24119416                   /home/michael1337/Programs/jdk/jdk1.8.0_121/jre/lib/amd64/libzip.so
7f9806bc4000-7f9806bc5000 rw-p 0001a000 08:01 24119416                   /home/michael1337/Programs/jdk/jdk1.8.0_121/jre/lib/amd64/libzip.so
7f9806bc5000-7f9806bd0000 r-xp 00000000 08:01 20845377                   /lib/x86_64-linux-gnu/libnss_files-2.23.so
7f9806bd0000-7f9806dcf000 ---p 0000b000 08:01 20845377                   /lib/x86_64-linux-gnu/libnss_files-2.23.so
7f9806dcf000-7f9806dd0000 r--p 0000a000 08:01 20845377                   /lib/x86_64-linux-gnu/libnss_files-2.23.so
7f9806dd0000-7f9806dd1000 rw-p 0000b000 08:01 20845377                   /lib/x86_64-linux-gnu/libnss_files-2.23.so
7f9806dd1000-7f9806dd7000 rw-p 00000000 00:00 0 
7f9806dd7000-7f9806de2000 r-xp 00000000 08:01 20845381                   /lib/x86_64-linux-gnu/libnss_nis-2.23.so
7f9806de2000-7f9806fe1000 ---p 0000b000 08:01 20845381                   /lib/x86_64-linux-gnu/libnss_nis-2.23.so
7f9806fe1000-7f9806fe2000 r--p 0000a000 08:01 20845381                   /lib/x86_64-linux-gnu/libnss_nis-2.23.so
7f9806fe2000-7f9806fe3000 rw-p 0000b000 08:01 20845381                   /lib/x86_64-linux-gnu/libnss_nis-2.23.so
7f9806fe3000-7f9806ff9000 r-xp 00000000 08:01 20845361                   /lib/x86_64-linux-gnu/libnsl-2.23.so
7f9806ff9000-7f98071f8000 ---p 00016000 08:01 20845361                   /lib/x86_64-linux-gnu/libnsl-2.23.so
7f98071f8000-7f98071f9000 r--p 00015000 08:01 20845361                   /lib/x86_64-linux-gnu/libnsl-2.23.so
7f98071f9000-7f98071fa000 rw-p 00016000 08:01 20845361                   /lib/x86_64-linux-gnu/libnsl-2.23.so
7f98071fa000-7f98071fc000 rw-p 00000000 00:00 0 
7f98071fc000-7f9807204000 r-xp 00000000 08:01 20845372                   /lib/x86_64-linux-gnu/libnss_compat-2.23.so
7f9807204000-7f9807403000 ---p 00008000 08:01 20845372                   /lib/x86_64-linux-gnu/libnss_compat-2.23.so
7f9807403000-7f9807404000 r--p 00007000 08:01 20845372                   /lib/x86_64-linux-gnu/libnss_compat-2.23.so
7f9807404000-7f9807405000 rw-p 00008000 08:01 20845372                   /lib/x86_64-linux-gnu/libnss_compat-2.23.so
7f9807405000-7f980740f000 r-xp 00000000 08:01 24119454                   /home/michael1337/Programs/jdk/jdk1.8.0_121/jre/lib/amd64/libinstrument.so
7f980740f000-7f980760e000 ---p 0000a000 08:01 24119454                   /home/michael1337/Programs/jdk/jdk1.8.0_121/jre/lib/amd64/libinstrument.so
7f980760e000-7f980760f000 rw-p 00009000 08:01 24119454                   /home/michael1337/Programs/jdk/jdk1.8.0_121/jre/lib/amd64/libinstrument.so
7f980760f000-7f980763a000 r-xp 00000000 08:01 24119443                   /home/michael1337/Programs/jdk/jdk1.8.0_121/jre/lib/amd64/libjava.so
7f980763a000-7f9807839000 ---p 0002b000 08:01 24119443                   /home/michael1337/Programs/jdk/jdk1.8.0_121/jre/lib/amd64/libjava.so
7f9807839000-7f980783b000 rw-p 0002a000 08:01 24119443                   /home/michael1337/Programs/jdk/jdk1.8.0_121/jre/lib/amd64/libjava.so
7f980783b000-7f9807848000 r-xp 00000000 08:01 24119394                   /home/michael1337/Programs/jdk/jdk1.8.0_121/jre/lib/amd64/libverify.so
7f9807848000-7f9807a47000 ---p 0000d000 08:01 24119394                   /home/michael1337/Programs/jdk/jdk1.8.0_121/jre/lib/amd64/libverify.so
7f9807a47000-7f9807a49000 rw-p 0000c000 08:01 24119394                   /home/michael1337/Programs/jdk/jdk1.8.0_121/jre/lib/amd64/libverify.so
7f9807a49000-7f9807a50000 r-xp 00000000 08:01 20845382                   /lib/x86_64-linux-gnu/librt-2.23.so
7f9807a50000-7f9807c4f000 ---p 00007000 08:01 20845382                   /lib/x86_64-linux-gnu/librt-2.23.so
7f9807c4f000-7f9807c50000 r--p 00006000 08:01 20845382                   /lib/x86_64-linux-gnu/librt-2.23.so
7f9807c50000-7f9807c51000 rw-p 00007000 08:01 20845382                   /lib/x86_64-linux-gnu/librt-2.23.so
7f9807c51000-7f9807d59000 r-xp 00000000 08:01 20845355                   /lib/x86_64-linux-gnu/libm-2.23.so
7f9807d59000-7f9807f58000 ---p 00108000 08:01 20845355                   /lib/x86_64-linux-gnu/libm-2.23.so
7f9807f58000-7f9807f59000 r--p 00107000 08:01 20845355                   /lib/x86_64-linux-gnu/libm-2.23.so
7f9807f59000-7f9807f5a000 rw-p 00108000 08:01 20845355                   /lib/x86_64-linux-gnu/libm-2.23.so
7f9807f5a000-7f9808c28000 r-xp 00000000 08:01 24119447                   /home/michael1337/Programs/jdk/jdk1.8.0_121/jre/lib/amd64/server/libjvm.so
7f9808c28000-7f9808e28000 ---p 00cce000 08:01 24119447                   /home/michael1337/Programs/jdk/jdk1.8.0_121/jre/lib/amd64/server/libjvm.so
7f9808e28000-7f9808f01000 rw-p 00cce000 08:01 24119447                   /home/michael1337/Programs/jdk/jdk1.8.0_121/jre/lib/amd64/server/libjvm.so
7f9808f01000-7f9808f4c000 rw-p 00000000 00:00 0 
7f9808f4c000-7f980910c000 r-xp 00000000 08:01 20845364                   /lib/x86_64-linux-gnu/libc-2.23.so
7f980910c000-7f980930c000 ---p 001c0000 08:01 20845364                   /lib/x86_64-linux-gnu/libc-2.23.so
7f980930c000-7f9809310000 r--p 001c0000 08:01 20845364                   /lib/x86_64-linux-gnu/libc-2.23.so
7f9809310000-7f9809312000 rw-p 001c4000 08:01 20845364                   /lib/x86_64-linux-gnu/libc-2.23.so
7f9809312000-7f9809316000 rw-p 00000000 00:00 0 
7f9809316000-7f9809319000 r-xp 00000000 08:01 20845366                   /lib/x86_64-linux-gnu/libdl-2.23.so
7f9809319000-7f9809518000 ---p 00003000 08:01 20845366                   /lib/x86_64-linux-gnu/libdl-2.23.so
7f9809518000-7f9809519000 r--p 00002000 08:01 20845366                   /lib/x86_64-linux-gnu/libdl-2.23.so
7f9809519000-7f980951a000 rw-p 00003000 08:01 20845366                   /lib/x86_64-linux-gnu/libdl-2.23.so
7f980951a000-7f980952f000 r-xp 00000000 08:01 24118528                   /home/michael1337/Programs/jdk/jdk1.8.0_121/lib/amd64/jli/libjli.so
7f980952f000-7f980972f000 ---p 00015000 08:01 24118528                   /home/michael1337/Programs/jdk/jdk1.8.0_121/lib/amd64/jli/libjli.so
7f980972f000-7f9809730000 rw-p 00015000 08:01 24118528                   /home/michael1337/Programs/jdk/jdk1.8.0_121/lib/amd64/jli/libjli.so
7f9809730000-7f9809748000 r-xp 00000000 08:01 20845363                   /lib/x86_64-linux-gnu/libpthread-2.23.so
7f9809748000-7f9809947000 ---p 00018000 08:01 20845363                   /lib/x86_64-linux-gnu/libpthread-2.23.so
7f9809947000-7f9809948000 r--p 00017000 08:01 20845363                   /lib/x86_64-linux-gnu/libpthread-2.23.so
7f9809948000-7f9809949000 rw-p 00018000 08:01 20845363                   /lib/x86_64-linux-gnu/libpthread-2.23.so
7f9809949000-7f980994d000 rw-p 00000000 00:00 0 
7f980994d000-7f9809973000 r-xp 00000000 08:01 20845362                   /lib/x86_64-linux-gnu/ld-2.23.so
7f9809973000-7f9809974000 r--s 0000e000 08:01 26221540                   /home/michael1337/Documents/Neolithic/game/lib/lwjgl/lwjgl-glfw-natives-macos.jar
7f9809974000-7f9809978000 r--s 00027000 08:01 26221534                   /home/michael1337/Documents/Neolithic/game/lib/lwjgl/lwjgl-bgfx.jar
7f9809978000-7f9809979000 r--s 0009f000 08:01 26221533                   /home/michael1337/Documents/Neolithic/game/lib/lwjgl/lwjgl-bgfx-natives-windows.jar
7f9809979000-7f980997a000 r--s 00041000 08:01 26221541                   /home/michael1337/Documents/Neolithic/game/lib/lwjgl/lwjgl-bgfx-natives-macos.jar
7f980997a000-7f980997b000 r--s 00051000 08:01 26221532                   /home/michael1337/Documents/Neolithic/game/lib/lwjgl/lwjgl-bgfx-natives-linux.jar
7f980997b000-7f980997f000 r--s 0002e000 08:01 26221528                   /home/michael1337/Documents/Neolithic/game/lib/lwjgl/lwjgl-assimp.jar
7f980997f000-7f9809980000 r--s 003ca000 08:01 26221526                   /home/michael1337/Documents/Neolithic/game/lib/lwjgl/lwjgl-assimp-natives-windows.jar
7f9809980000-7f9809981000 r--s 00230000 08:01 26221537                   /home/michael1337/Documents/Neolithic/game/lib/lwjgl/lwjgl-assimp-natives-macos.jar
7f9809981000-7f9809982000 r--s 002ed000 08:01 26221523                   /home/michael1337/Documents/Neolithic/game/lib/lwjgl/lwjgl-assimp-natives-linux.jar
7f9809982000-7f9809983000 r--s 00000000 08:01 24119464                   /home/michael1337/Programs/jdk/jdk1.8.0_121/jre/lib/management-agent.jar
7f9809983000-7f9809987000 r--s 0009a000 08:01 24119337                   /home/michael1337/Programs/jdk/jdk1.8.0_121/jre/lib/jsse.jar
7f9809987000-7f9809989000 r--s 00007000 08:01 24119458                   /home/michael1337/Programs/jdk/jdk1.8.0_121/jre/lib/jfxswt.jar
7f9809989000-7f980998e000 r--s 00084000 08:01 24119492                   /home/michael1337/Programs/jdk/jdk1.8.0_121/jre/lib/jfr.jar
7f980998e000-7f9809991000 r--s 0001a000 08:01 24119647                   /home/michael1337/Programs/jdk/jdk1.8.0_121/jre/lib/jce.jar
7f9809991000-7f980999b000 r--s 0006c000 08:01 24119500                   /home/michael1337/Programs/jdk/jdk1.8.0_121/jre/lib/javaws.jar
7f980999b000-7f9809a42000 rw-p 00000000 00:00 0 
7f9809a42000-7f9809a45000 ---p 00000000 00:00 0 
7f9809a45000-7f9809b48000 rw-p 00000000 00:00 0 
7f9809b48000-7f9809b63000 r--s 00209000 08:01 24119501                   /home/michael1337/Programs/jdk/jdk1.8.0_121/jre/lib/deploy.jar
7f9809b63000-7f9809b68000 r--s 002f9000 08:01 24119338                   /home/michael1337/Programs/jdk/jdk1.8.0_121/jre/lib/charsets.jar
7f9809b68000-7f9809b70000 rw-s 00000000 08:01 26747621                   /tmp/hsperfdata_michael1337/32229
7f9809b70000-7f9809b71000 rw-p 00000000 00:00 0 
7f9809b71000-7f9809b72000 r--p 00000000 00:00 0 
7f9809b72000-7f9809b73000 r--p 00025000 08:01 20845362                   /lib/x86_64-linux-gnu/ld-2.23.so
7f9809b73000-7f9809b74000 rw-p 00026000 08:01 20845362                   /lib/x86_64-linux-gnu/ld-2.23.so
7f9809b74000-7f9809b75000 rw-p 00000000 00:00 0 
7ffcc8398000-7ffcc83bb000 rw-p 00000000 00:00 0                          [stack]
7ffcc83db000-7ffcc83de000 r--p 00000000 00:00 0                          [vvar]
7ffcc83de000-7ffcc83e0000 r-xp 00000000 00:00 0                          [vdso]
ffffffffff600000-ffffffffff601000 r-xp 00000000 00:00 0                  [vsyscall]

VM Arguments:
jvm_args: -javaagent:/home/michael1337/Programs/intellij/idea-IU-181.5281.24/lib/idea_rt.jar=36240:/home/michael1337/Programs/intellij/idea-IU-181.5281.24/bin -Dfile.encoding=UTF-8 
java_command: tests.parser.ParserTest
java_class_path (initial): /home/michael1337/Programs/jdk/jdk1.8.0_121/jre/lib/charsets.jar:/home/michael1337/Programs/jdk/jdk1.8.0_121/jre/lib/deploy.jar:/home/michael1337/Programs/jdk/jdk1.8.0_121/jre/lib/ext/cldrdata.jar:/home/michael1337/Programs/jdk/jdk1.8.0_121/jre/lib/ext/dnsns.jar:/home/michael1337/Programs/jdk/jdk1.8.0_121/jre/lib/ext/jaccess.jar:/home/michael1337/Programs/jdk/jdk1.8.0_121/jre/lib/ext/jfxrt.jar:/home/michael1337/Programs/jdk/jdk1.8.0_121/jre/lib/ext/localedata.jar:/home/michael1337/Programs/jdk/jdk1.8.0_121/jre/lib/ext/nashorn.jar:/home/michael1337/Programs/jdk/jdk1.8.0_121/jre/lib/ext/sunec.jar:/home/michael1337/Programs/jdk/jdk1.8.0_121/jre/lib/ext/sunjce_provider.jar:/home/michael1337/Programs/jdk/jdk1.8.0_121/jre/lib/ext/sunpkcs11.jar:/home/michael1337/Programs/jdk/jdk1.8.0_121/jre/lib/ext/zipfs.jar:/home/michael1337/Programs/jdk/jdk1.8.0_121/jre/lib/javaws.jar:/home/michael1337/Programs/jdk/jdk1.8.0_121/jre/lib/jce.jar:/home/michael1337/Programs/jdk/jdk1.8.0_121/jre/lib/jfr.jar:/home/michael1337/Programs/jdk/jdk1.8.0_121/jre/lib/jfxswt.jar:/home/michael1337/Programs/jdk/jdk1.8.0_121/jre/lib/jsse.jar:/home/michael1337/Programs/jdk/jdk1.8.0_121/jre/lib/management-agent.jar:/home/michael1337/Programs/jdk/jdk1.8.0_121/jre/lib/plugin.jar:/home/michael1337/Programs/jdk/jdk1.8.0_121/jre/lib/resources.jar:/home/michael1337/Programs/jdk/jdk1.8.0_121/jre/lib/rt.jar:/home/michael1337/Documents/Neolithic/game/out/production/game:/home/michael1337/Documents/Neolithic/game/lib/lwjgl/lwjgl-assimp-natives-linux.jar:/home/michael1337/Documents/Neolithic/game/lib/lwjgl/lwjgl-assimp-natives-macos.jar:/home/michael1337/Documents/Neolithic/game/lib/lwjgl/lwjgl-assimp-natives-windows.jar:/home/michael1337/Documents/Neolithic/game/lib/lwjgl/lwjgl-assimp.jar:/home/michael1337/Documents/Neolithic/game/lib/lwjgl/lwjgl-bgfx-natives-linux.jar:/home/michael1337/Documents/Neolithic/game/lib/lwjgl/lwjgl-bgfx-natives-macos.jar:/home/michael1337/Documents/Neolithic/
Launcher Type: SUN_STANDARD

Environment Variables:
JAVA_HOME=/home/michael1337/Programs/jdk/jdk1.8.0_121
PATH=/home/michael1337/Programs/Spin/Spin/Src6.4.8:/home/michael1337/anaconda3/bin:/home/michael1337/bin:/home/michael1337/.local/bin:/usr/local/sbin:/usr/local/bin:/usr/sbin:/usr/bin:/sbin:/bin:/usr/games:/usr/local/games:/snap/bin:/home/michael1337/Programs/jdk/jdk1.8.0_121
USERNAME=michael1337
SHELL=/bin/bash
DISPLAY=:1

Signal Handlers:
SIGSEGV: [libjvm.so+0xac78c0], sa_mask[0]=11111111011111111101111111111110, sa_flags=SA_RESTART|SA_SIGINFO
SIGBUS: [libjvm.so+0xac78c0], sa_mask[0]=11111111011111111101111111111110, sa_flags=SA_RESTART|SA_SIGINFO
SIGFPE: [libjvm.so+0x920ac0], sa_mask[0]=11111111011111111101111111111110, sa_flags=SA_RESTART|SA_SIGINFO
SIGPIPE: [libjvm.so+0x920ac0], sa_mask[0]=11111111011111111101111111111110, sa_flags=SA_RESTART|SA_SIGINFO
SIGXFSZ: [libjvm.so+0x920ac0], sa_mask[0]=11111111011111111101111111111110, sa_flags=SA_RESTART|SA_SIGINFO
SIGILL: [libjvm.so+0x920ac0], sa_mask[0]=11111111011111111101111111111110, sa_flags=SA_RESTART|SA_SIGINFO
SIGUSR1: SIG_DFL, sa_mask[0]=00000000000000000000000000000000, sa_flags=none
SIGUSR2: [libjvm.so+0x922300], sa_mask[0]=00100000000000000000000000000000, sa_flags=SA_RESTART|SA_SIGINFO
SIGHUP: [libjvm.so+0x923700], sa_mask[0]=11111111011111111101111111111110, sa_flags=SA_RESTART|SA_SIGINFO
SIGINT: [libjvm.so+0x923700], sa_mask[0]=11111111011111111101111111111110, sa_flags=SA_RESTART|SA_SIGINFO
SIGTERM: [libjvm.so+0x923700], sa_mask[0]=11111111011111111101111111111110, sa_flags=SA_RESTART|SA_SIGINFO
SIGQUIT: [libjvm.so+0x923700], sa_mask[0]=11111111011111111101111111111110, sa_flags=SA_RESTART|SA_SIGINFO


---------------  S Y S T E M  ---------------

OS:DISTRIB_ID=Ubuntu
DISTRIB_RELEASE=16.04
DISTRIB_CODENAME=xenial
DISTRIB_DESCRIPTION="Ubuntu 16.04.5 LTS"

uname:Linux 4.4.0-133-generic #159-Ubuntu SMP Fri Aug 10 07:31:43 UTC 2018 x86_64
libc:glibc 2.23 NPTL 2.23 
rlimit: STACK 8192k, CORE 0k, NPROC 61756, NOFILE 1048576, AS infinity
load average:1,24 1,09 1,03

/proc/meminfo:
MemTotal:       15852028 kB
MemFree:         3324388 kB
MemAvailable:   10384084 kB
Buffers:          412048 kB
Cached:          6685616 kB
SwapCached:          240 kB
Active:          7576628 kB
Inactive:        3771492 kB
Active(anon):    4257376 kB
Inactive(anon):   640292 kB
Active(file):    3319252 kB
Inactive(file):  3131200 kB
Unevictable:          16 kB
Mlocked:              16 kB
SwapTotal:      16189436 kB
SwapFree:       16164488 kB
Dirty:              2196 kB
Writeback:             0 kB
AnonPages:       4250320 kB
Mapped:           903048 kB
Shmem:            647212 kB
Slab:            1013724 kB
SReclaimable:     945696 kB
SUnreclaim:        68028 kB
KernelStack:       15568 kB
PageTables:        62684 kB
NFS_Unstable:          0 kB
Bounce:                0 kB
WritebackTmp:          0 kB
CommitLimit:    24115448 kB
Committed_AS:   20558960 kB
VmallocTotal:   34359738367 kB
VmallocUsed:           0 kB
VmallocChunk:          0 kB
HardwareCorrupted:     0 kB
AnonHugePages:         0 kB
CmaTotal:              0 kB
CmaFree:               0 kB
HugePages_Total:       0
HugePages_Free:        0
HugePages_Rsvd:        0
HugePages_Surp:        0
Hugepagesize:       2048 kB
DirectMap4k:      880324 kB
DirectMap2M:    15310848 kB
DirectMap1G:           0 kB


CPU:total 4 (2 cores per cpu, 2 threads per core) family 6 model 78 stepping 3, cmov, cx8, fxsr, mmx, sse, sse2, sse3, ssse3, sse4.1, sse4.2, popcnt, avx, avx2, aes, clmul, erms, 3dnowpref, lzcnt, ht, tsc, tscinvbit, bmi1, bmi2, adx

/proc/cpuinfo:
processor	: 0
vendor_id	: GenuineIntel
cpu family	: 6
model		: 78
model name	: Intel(R) Core(TM) i7-6500U CPU @ 2.50GHz
stepping	: 3
microcode	: 0xc2
cpu MHz		: 2635.242
cache size	: 4096 KB
physical id	: 0
siblings	: 4
core id		: 0
cpu cores	: 2
apicid		: 0
initial apicid	: 0
fpu		: yes
fpu_exception	: yes
cpuid level	: 22
wp		: yes
flags		: fpu vme de pse tsc msr pae mce cx8 apic sep mtrr pge mca cmov pat pse36 clflush dts acpi mmx fxsr sse sse2 ss ht tm pbe syscall nx pdpe1gb rdtscp lm constant_tsc art arch_perfmon pebs bts rep_good nopl xtopology nonstop_tsc aperfmperf eagerfpu pni pclmulqdq dtes64 monitor ds_cpl vmx est tm2 ssse3 sdbg fma cx16 xtpr pdcm pcid sse4_1 sse4_2 x2apic movbe popcnt tsc_deadline_timer aes xsave avx f16c rdrand lahf_lm abm 3dnowprefetch epb invpcid_single intel_pt ibrs ibpb stibp kaiser tpr_shadow vnmi flexpriority ept vpid fsgsbase tsc_adjust bmi1 avx2 smep bmi2 erms invpcid mpx rdseed adx smap clflushopt xsaveopt xsavec xgetbv1 dtherm ida arat pln pts hwp hwp_notify hwp_act_window hwp_epp
bugs		: cpu_meltdown spectre_v1 spectre_v2 spec_store_bypass l1tf
bogomips	: 5184.48
clflush size	: 64
cache_alignment	: 64
address sizes	: 39 bits physical, 48 bits virtual
power management:

processor	: 1
vendor_id	: GenuineIntel
cpu family	: 6
model		: 78
model name	: Intel(R) Core(TM) i7-6500U CPU @ 2.50GHz
stepping	: 3
microcode	: 0xc2
cpu MHz		: 2650.070
cache size	: 4096 KB
physical id	: 0
siblings	: 4
core id		: 1
cpu cores	: 2
apicid		: 2
initial apicid	: 2
fpu		: yes
fpu_exception	: yes
cpuid level	: 22
wp		: yes
flags		: fpu vme de pse tsc msr pae mce cx8 apic sep mtrr pge mca cmov pat pse36 clflush dts acpi mmx fxsr sse sse2 ss ht tm pbe syscall nx pdpe1gb rdtscp lm constant_tsc art arch_perfmon pebs bts rep_good nopl xtopology nonstop_tsc aperfmperf eagerfpu pni pclmulqdq dtes64 monitor ds_cpl vmx est tm2 ssse3 sdbg fma cx16 xtpr pdcm pcid sse4_1 sse4_2 x2apic movbe popcnt tsc_deadline_timer aes xsave avx f16c rdrand lahf_lm abm 3dnowprefetch epb invpcid_single intel_pt ibrs ibpb stibp kaiser tpr_shadow vnmi flexpriority ept vpid fsgsbase tsc_adjust bmi1 avx2 smep bmi2 erms invpcid mpx rdseed adx smap clflushopt xsaveopt xsavec xgetbv1 dtherm ida arat pln pts hwp hwp_notify hwp_act_window hwp_epp
bugs		: cpu_meltdown spectre_v1 spectre_v2 spec_store_bypass l1tf
bogomips	: 5184.48
clflush size	: 64
cache_alignment	: 64
address sizes	: 39 bits physical, 48 bits virtual
power management:

processor	: 2
vendor_id	: GenuineIntel
cpu family	: 6
model		: 78
model name	: Intel(R) Core(TM) i7-6500U CPU @ 2.50GHz
stepping	: 3
microcode	: 0xc2
cpu MHz		: 2626.101
cache size	: 4096 KB
physical id	: 0
siblings	: 4
core id		: 0
cpu cores	: 2
apicid		: 1
initial apicid	: 1
fpu		: yes
fpu_exception	: yes
cpuid level	: 22
wp		: yes
flags		: fpu vme de pse tsc msr pae mce cx8 apic sep mtrr pge mca cmov pat pse36 clflush dts acpi mmx fxsr sse sse2 ss ht tm pbe syscall nx pdpe1gb rdtscp lm constant_tsc art arch_perfmon pebs bts rep_good nopl xtopology nonstop_tsc aperfmperf eagerfpu pni pclmulqdq dtes64 monitor ds_cpl vmx est tm2 ssse3 sdbg fma cx16 xtpr pdcm pcid sse4_1 sse4_2 x2apic movbe popcnt tsc_deadline_timer aes xsave avx f16c rdrand lahf_lm abm 3dnowprefetch epb invpcid_single intel_pt ibrs ibpb stibp kaiser tpr_shadow vnmi flexpriority ept vpid fsgsbase tsc_adjust bmi1 avx2 smep bmi2 erms invpcid mpx rdseed adx smap clflushopt xsaveopt xsavec xgetbv1 dtherm ida arat pln pts hwp hwp_notify hwp_act_window hwp_epp
bugs		: cpu_meltdown spectre_v1 spectre_v2 spec_store_bypass l1tf
bogomips	: 5184.48
clflush size	: 64
cache_alignment	: 64
address sizes	: 39 bits physical, 48 bits virtual
power management:

processor	: 3
vendor_id	: GenuineIntel
cpu family	: 6
model		: 78
model name	: Intel(R) Core(TM) i7-6500U CPU @ 2.50GHz
stepping	: 3
microcode	: 0xc2
cpu MHz		: 2608.734
cache size	: 4096 KB
physical id	: 0
siblings	: 4
core id		: 1
cpu cores	: 2
apicid		: 3
initial apicid	: 3
fpu		: yes
fpu_exception	: yes
cpuid level	: 22
wp		: yes
flags		: fpu vme de pse tsc msr pae mce cx8 apic sep mtrr pge mca cmov pat pse36 clflush dts acpi mmx fxsr sse sse2 ss ht tm pbe syscall nx pdpe1gb rdtscp lm constant_tsc art arch_perfmon pebs bts rep_good nopl xtopology nonstop_tsc aperfmperf eagerfpu pni pclmulqdq dtes64 monitor ds_cpl vmx est tm2 ssse3 sdbg fma cx16 xtpr pdcm pcid sse4_1 sse4_2 x2apic movbe popcnt tsc_deadline_timer aes xsave avx f16c rdrand lahf_lm abm 3dnowprefetch epb invpcid_single intel_pt ibrs ibpb stibp kaiser tpr_shadow vnmi flexpriority ept vpid fsgsbase tsc_adjust bmi1 avx2 smep bmi2 erms invpcid mpx rdseed adx smap clflushopt xsaveopt xsavec xgetbv1 dtherm ida arat pln pts hwp hwp_notify hwp_act_window hwp_epp
bugs		: cpu_meltdown spectre_v1 spectre_v2 spec_store_bypass l1tf
bogomips	: 5184.48
clflush size	: 64
cache_alignment	: 64
address sizes	: 39 bits physical, 48 bits virtual
power management:



Memory: 4k page, physical 15852028k(3324388k free), swap 16189436k(16164488k free)

vm_info: Java HotSpot(TM) 64-Bit Server VM (25.121-b13) for linux-amd64 JRE (1.8.0_121-b13), built on Dec 12 2016 16:36:53 by "java_re" with gcc 4.3.0 20080428 (Red Hat 4.3.0-8)

time: Tue Sep  4 17:48:18 2018
elapsed time: 0 seconds (0d 0h 0m 0s)

