#
# A fatal error has been detected by the Java Runtime Environment:
#
#  SIGSEGV (0xb) at pc=0x00007ff9b23706ec, pid=17339, tid=0x00007ff9e0a7c700
#
# JRE version: Java(TM) SE Runtime Environment (8.0_121-b13) (build 1.8.0_121-b13)
# Java VM: Java HotSpot(TM) 64-Bit Server VM (25.121-b13 mixed mode linux-amd64 compressed oops)
# Problematic frame:
# C  [liblwjgl_opengl.so+0x446ec]  Java_org_lwjgl_opengl_GL30_nglGenVertexArrays__IJ+0xc
#
# Failed to write core dump. Core dumps have been disabled. To enable core dumping, try "ulimit -c unlimited" before starting Java again
#
# If you would like to submit a bug report, please visit:
#   http://bugreport.java.com/bugreport/crash.jsp
# The crash happened outside the Java Virtual Machine in native code.
# See problematic frame for where to report the bug.
#

---------------  T H R E A D  ---------------

Current thread (0x00007ff9d800d000):  JavaThread "main" [_thread_in_native, id=17342, stack(0x00007ff9e097c000,0x00007ff9e0a7d000)]

siginfo: si_signo: 11 (SIGSEGV), si_code: 1 (SEGV_MAPERR), si_addr: 0x0000000000000f70

Registers:
RAX=0x0000000000000000, RBX=0x00007ff9c0b941a0, RCX=0x00007ff9d8515f5c, RDX=0x0000000000000001
RSP=0x00007ff9e0a7b3e8, RBP=0x00007ff9e0a7b450, RSI=0x00007ff9d8515f5c, RDI=0x0000000000000001
R8 =0x0000000000000000, R9 =0x0000000000000004, R10=0x00007ff9c9017a08, R11=0x00007ff9df857ea0
R12=0x0000000000000000, R13=0x00007ff9c0b941a0, R14=0x00007ff9e0a7b480, R15=0x00007ff9d800d000
RIP=0x00007ff9b23706ec, EFLAGS=0x0000000000010283, CSGSFS=0x0000000000000033, ERR=0x0000000000000004
  TRAPNO=0x000000000000000e

Top of Stack: (sp=0x00007ff9e0a7b3e8)
0x00007ff9e0a7b3e8:   00007ff9c9017a34 00007ff9e0a7b450
0x00007ff9e0a7b3f8:   00007ff9c90177b9 00007ff9d800d000
0x00007ff9e0a7b408:   00007ff9c9017782 00007ff9e0a7b410
0x00007ff9e0a7b418:   00007ff9c0b941a0 00007ff9e0a7b480
0x00007ff9e0a7b428:   00007ff9c0b9c9e8 0000000000000000
0x00007ff9e0a7b438:   00007ff9c0b941a0 0000000000000000
0x00007ff9e0a7b448:   00007ff9e0a7b470 00007ff9e0a7b4c8
0x00007ff9e0a7b458:   00007ff9c90082bd 000000076f8fc428
0x00007ff9e0a7b468:   00007ff9c9011538 00007ff9d8515f5c
0x00007ff9e0a7b478:   00000007700bc398 0000000000000001
0x00007ff9e0a7b488:   00007ff9e0a7b488 00007ff9c0b94314
0x00007ff9e0a7b498:   00007ff9e0a7b4f8 00007ff9c0b9c9e8
0x00007ff9e0a7b4a8:   0000000000000000 00007ff9c0b94380
0x00007ff9e0a7b4b8:   00007ff9e0a7b470 00007ff9e0a7b500
0x00007ff9e0a7b4c8:   00007ff9e0a7b548 00007ff9c9007d00
0x00007ff9e0a7b4d8:   0000000000000000 0000000000000000
0x00007ff9e0a7b4e8:   00000007700bc398 0000000000010000
0x00007ff9e0a7b4f8:   000000076fff5c90 000000076f8bc3f0
0x00007ff9e0a7b508:   00007ff9e0a7b508 00007ff9c0b8346a
0x00007ff9e0a7b518:   00007ff9e0a7b578 00007ff9c0b846f8
0x00007ff9e0a7b528:   0000000000000000 00007ff9c0b834f0
0x00007ff9e0a7b538:   00007ff9e0a7b500 00007ff9e0a7b558
0x00007ff9e0a7b548:   00007ff9e0a7b5c8 00007ff9c90082bd
0x00007ff9e0a7b558:   000000076f8b2ce0 000000076f8b2c78
0x00007ff9e0a7b568:   000000076f8b2bc0 000000076f8b2b58
0x00007ff9e0a7b578:   000000076f8bc3f0 000000076f8bc3f0
0x00007ff9e0a7b588:   00007ff9e0a7b588 00007ff9c0b812d5
0x00007ff9e0a7b598:   00007ff9e0a7b630 00007ff9c0b81cd0
0x00007ff9e0a7b5a8:   0000000000000000 00007ff9c0b81390
0x00007ff9e0a7b5b8:   00007ff9e0a7b558 00007ff9e0a7b620
0x00007ff9e0a7b5c8:   00007ff9e0a7b690 00007ff9c9008040
0x00007ff9e0a7b5d8:   000000076f8b2ce0 000000076f8b2c78 

Instructions: (pc=0x00007ff9b23706ec)
0x00007ff9b23706cc:   78 1c 00 00 ff e0 66 66 66 66 66 2e 0f 1f 84 00
0x00007ff9b23706dc:   00 00 00 00 48 8b 07 48 89 ce 89 d7 48 8b 40 18
0x00007ff9b23706ec:   48 8b 80 70 0f 00 00 ff e0 66 66 2e 0f 1f 84 00
0x00007ff9b23706fc:   00 00 00 00 48 8b 07 48 89 ce 89 d7 48 8b 40 18 

Register to memory mapping:

RAX=0x0000000000000000 is an unknown value
RBX={method} {0x00007ff9c0b941a0} 'nglGenVertexArrays' '(IJ)V' in 'org/lwjgl/opengl/GL30'
RCX=0x00007ff9d8515f5c is an unknown value
RDX=0x0000000000000001 is an unknown value
RSP=0x00007ff9e0a7b3e8 is pointing into the stack for thread: 0x00007ff9d800d000
RBP=0x00007ff9e0a7b450 is pointing into the stack for thread: 0x00007ff9d800d000
RSI=0x00007ff9d8515f5c is an unknown value
RDI=0x0000000000000001 is an unknown value
R8 =0x0000000000000000 is an unknown value
R9 =0x0000000000000004 is an unknown value
R10=0x00007ff9c9017a08 is at code_begin+808 in an Interpreter codelet
method entry point (kind = native)  [0x00007ff9c90176e0, 0x00007ff9c9017fe0]  2304 bytes
R11=0x00007ff9df857ea0: <offset 0x9c3ea0> in /home/michael1337/Programs/jdk/jdk1.8.0_121/jre/lib/amd64/server/libjvm.so at 0x00007ff9dee94000
R12=0x0000000000000000 is an unknown value
R13={method} {0x00007ff9c0b941a0} 'nglGenVertexArrays' '(IJ)V' in 'org/lwjgl/opengl/GL30'
R14=0x00007ff9e0a7b480 is pointing into the stack for thread: 0x00007ff9d800d000
R15=0x00007ff9d800d000 is a thread


Stack: [0x00007ff9e097c000,0x00007ff9e0a7d000],  sp=0x00007ff9e0a7b3e8,  free space=1020k
Native frames: (J=compiled Java code, j=interpreted, Vv=VM code, C=native code)
C  [liblwjgl_opengl.so+0x446ec]  Java_org_lwjgl_opengl_GL30_nglGenVertexArrays__IJ+0xc
j  org.lwjgl.opengl.GL30.glGenVertexArrays()I+20
j  engine.graphics.objects.models.Mesh.<init>([F[I[F[F)V+58
j  engine.graphics.objects.generators.PlanetGenerator.createTile(Lengine/math/numericalObjects/Vector3;Lengine/math/numericalObjects/Vector3;Lengine/math/numericalObjects/Vector3;)Lengine/graphics/objects/models/Mesh;+317
j  engine.graphics.objects.generators.PlanetGenerator.createFace(ILengine/math/numericalObjects/Vector3;Lengine/math/numericalObjects/Vector3;Lengine/math/numericalObjects/Vector3;)Lengine/graphics/objects/CompositeMesh;+141
j  engine.graphics.objects.generators.PlanetGenerator.createPlanet(I)Lengine/graphics/objects/CompositeMesh;+112
j  engine.graphics.objects.PlanetObject.createLODMesh()V+46
j  engine.graphics.objects.PlanetObject.<init>(Lengine/data/Planet;)V+29
j  engine.graphics.renderer.Renderer.<init>(Lengine/graphics/window/Window;)V+27
j  engine.Engine.initialize()V+25
j  Start.main([Ljava/lang/String;)V+0
v  ~StubRoutines::call_stub
V  [libjvm.so+0x690dd6]  JavaCalls::call_helper(JavaValue*, methodHandle*, JavaCallArguments*, Thread*)+0x1056
V  [libjvm.so+0x6d21e2]  jni_invoke_static(JNIEnv_*, JavaValue*, _jobject*, JNICallType, _jmethodID*, JNI_ArgumentPusher*, Thread*)+0x362
V  [libjvm.so+0x6eea4a]  jni_CallStaticVoidMethod+0x17a
C  [libjli.so+0x7bdf]  JavaMain+0x81f
C  [libpthread.so.0+0x76ba]  start_thread+0xca

Java frames: (J=compiled Java code, j=interpreted, Vv=VM code)
j  org.lwjgl.opengl.GL30.nglGenVertexArrays(IJ)V+0
j  org.lwjgl.opengl.GL30.glGenVertexArrays()I+20
j  engine.graphics.objects.models.Mesh.<init>([F[I[F[F)V+58
j  engine.graphics.objects.generators.PlanetGenerator.createTile(Lengine/math/numericalObjects/Vector3;Lengine/math/numericalObjects/Vector3;Lengine/math/numericalObjects/Vector3;)Lengine/graphics/objects/models/Mesh;+317
j  engine.graphics.objects.generators.PlanetGenerator.createFace(ILengine/math/numericalObjects/Vector3;Lengine/math/numericalObjects/Vector3;Lengine/math/numericalObjects/Vector3;)Lengine/graphics/objects/CompositeMesh;+141
j  engine.graphics.objects.generators.PlanetGenerator.createPlanet(I)Lengine/graphics/objects/CompositeMesh;+112
j  engine.graphics.objects.PlanetObject.createLODMesh()V+46
j  engine.graphics.objects.PlanetObject.<init>(Lengine/data/Planet;)V+29
j  engine.graphics.renderer.Renderer.<init>(Lengine/graphics/window/Window;)V+27
j  engine.Engine.initialize()V+25
j  Start.main([Ljava/lang/String;)V+0
v  ~StubRoutines::call_stub

---------------  P R O C E S S  ---------------

Java Threads: ( => current thread )
  0x00007ff9d83c5000 JavaThread "Service Thread" daemon [_thread_blocked, id=17366, stack(0x00007ff9b2b00000,0x00007ff9b2c01000)]
  0x00007ff9d83c2000 JavaThread "C1 CompilerThread2" daemon [_thread_in_native, id=17365, stack(0x00007ff9b2c01000,0x00007ff9b2d02000)]
  0x00007ff9d83c0000 JavaThread "C2 CompilerThread1" daemon [_thread_blocked, id=17364, stack(0x00007ff9b2d02000,0x00007ff9b2e03000)]
  0x00007ff9d83be000 JavaThread "C2 CompilerThread0" daemon [_thread_blocked, id=17363, stack(0x00007ff9b301a000,0x00007ff9b311b000)]
  0x00007ff9d83bc800 JavaThread "Monitor Ctrl-Break" daemon [_thread_in_native, id=17362, stack(0x00007ff9b311b000,0x00007ff9b321c000)]
  0x00007ff9d8180800 JavaThread "Signal Dispatcher" daemon [_thread_blocked, id=17361, stack(0x00007ff9b321c000,0x00007ff9b331d000)]
  0x00007ff9d814e800 JavaThread "Finalizer" daemon [_thread_blocked, id=17354, stack(0x00007ff9b35f6000,0x00007ff9b36f7000)]
  0x00007ff9d814a000 JavaThread "Reference Handler" daemon [_thread_blocked, id=17353, stack(0x00007ff9b36f7000,0x00007ff9b37f8000)]
=>0x00007ff9d800d000 JavaThread "main" [_thread_in_native, id=17342, stack(0x00007ff9e097c000,0x00007ff9e0a7d000)]

Other Threads:
  0x00007ff9d8142800 VMThread [stack: 0x00007ff9b37f8000,0x00007ff9b38f9000] [id=17352]
  0x00007ff9d83ca000 WatcherThread [stack: 0x00007ff9b29ff000,0x00007ff9b2b00000] [id=17367]

VM state:not at safepoint (normal execution)

VM Mutex/Monitor currently owned by a thread: None

Heap:
 PSYoungGen      total 72192K, used 12419K [0x000000076f580000, 0x0000000774600000, 0x00000007c0000000)
  eden space 61952K, 20% used [0x000000076f580000,0x00000007701a0dd0,0x0000000773200000)
  from space 10240K, 0% used [0x0000000773c00000,0x0000000773c00000,0x0000000774600000)
  to   space 10240K, 0% used [0x0000000773200000,0x0000000773200000,0x0000000773c00000)
 ParOldGen       total 165376K, used 0K [0x00000006ce000000, 0x00000006d8180000, 0x000000076f580000)
  object space 165376K, 0% used [0x00000006ce000000,0x00000006ce000000,0x00000006d8180000)
 Metaspace       used 5633K, capacity 5826K, committed 5888K, reserved 1056768K
  class space    used 634K, capacity 735K, committed 768K, reserved 1048576K

Card table byte_map: [0x00007ff9dcd93000,0x00007ff9dd524000] byte_map_base: 0x00007ff9d9723000

Marking Bits: (ParMarkBitMap*) 0x00007ff9dfe58c80
 Begin Bits: [0x00007ff9c1700000, 0x00007ff9c5380000)
 End Bits:   [0x00007ff9c5380000, 0x00007ff9c9000000)

Polling page: 0x00007ff9e0aab000

CodeCache: size=245760Kb used=1974Kb max_used=1974Kb free=243785Kb
 bounds [0x00007ff9c9000000, 0x00007ff9c9270000, 0x00007ff9d8000000]
 total_blobs=745 nmethods=421 adapters=238
 compilation: enabled

Compilation events (10 events):
Event: 0,457 Thread 0x00007ff9d83c2000 nmethod 415 0x00007ff9c91e91d0 code [0x00007ff9c91e9360, 0x00007ff9c91e9828]
Event: 0,457 Thread 0x00007ff9d83c2000  416  s    1       java.util.Vector::size (5 bytes)
Event: 0,457 Thread 0x00007ff9d83c2000 nmethod 416 0x00007ff9c91e99d0 code [0x00007ff9c91e9b20, 0x00007ff9c91e9d90]
Event: 0,458 Thread 0x00007ff9d83c2000  417       3       sun.misc.URLClassPath::getResource (83 bytes)
Event: 0,459 Thread 0x00007ff9d83c2000 nmethod 417 0x00007ff9c91e9e10 code [0x00007ff9c91e9fc0, 0x00007ff9c91ea388]
Event: 0,459 Thread 0x00007ff9d83c2000  418       3       java.lang.String::getBytes (27 bytes)
Event: 0,459 Thread 0x00007ff9d83c2000 nmethod 418 0x00007ff9c91ea510 code [0x00007ff9c91ea6a0, 0x00007ff9c91ea938]
Event: 0,459 Thread 0x00007ff9d83c2000  419   !   3       java.lang.StringCoding::encode (120 bytes)
Event: 0,459 Thread 0x00007ff9d83c0000  423       4       java.util.HashMap::getNode (148 bytes)
Event: 0,462 Thread 0x00007ff9d83c0000 nmethod 423 0x00007ff9c91ed8d0 code [0x00007ff9c91eda40, 0x00007ff9c91edcb8]

GC Heap History (0 events):
No events

Deoptimization events (0 events):
No events

Internal exceptions (10 events):
Event: 0,038 Thread 0x00007ff9d800d000 Exception <a 'java/lang/NoSuchMethodError': Method sun.misc.Unsafe.defineClass(Ljava/lang/String;[BII)Ljava/lang/Class; name or signature does not match> (0x000000076f587ca8) thrown at [/HUDSON3/workspace/8-2-build-linux-amd64/jdk8u121/8372/hotspot/src/sh
Event: 0,038 Thread 0x00007ff9d800d000 Exception <a 'java/lang/NoSuchMethodError': Method sun.misc.Unsafe.prefetchRead(Ljava/lang/Object;J)V name or signature does not match> (0x000000076f587f90) thrown at [/HUDSON3/workspace/8-2-build-linux-amd64/jdk8u121/8372/hotspot/src/share/vm/prims/jni.c
Event: 0,301 Thread 0x00007ff9d800d000 Exception <a 'java/lang/NoSuchFieldError': method resolution failed> (0x000000076fd1d9b0) thrown at [/HUDSON3/workspace/8-2-build-linux-amd64/jdk8u121/8372/hotspot/src/share/vm/prims/methodHandles.cpp, line 1146]
Event: 0,310 Thread 0x00007ff9d800d000 Exception <a 'java/lang/NoSuchFieldError': method resolution failed> (0x000000076fd2bc28) thrown at [/HUDSON3/workspace/8-2-build-linux-amd64/jdk8u121/8372/hotspot/src/share/vm/prims/methodHandles.cpp, line 1146]
Event: 0,382 Thread 0x00007ff9d800d000 Exception <a 'java/lang/NoSuchMethodError': java.lang.Object.lambda$static$0(Ljava/lang/String;)Ljava/lang/Boolean;> (0x000000076fe955e8) thrown at [/HUDSON3/workspace/8-2-build-linux-amd64/jdk8u121/8372/hotspot/src/share/vm/interpreter/linkResolver.cpp, 
Event: 0,405 Thread 0x00007ff9d800d000 Exception <a 'java/security/PrivilegedActionException'> (0x000000076feea660) thrown at [/HUDSON3/workspace/8-2-build-linux-amd64/jdk8u121/8372/hotspot/src/share/vm/prims/jvm.cpp, line 1390]
Event: 0,405 Thread 0x00007ff9d800d000 Exception <a 'java/security/PrivilegedActionException'> (0x000000076feea870) thrown at [/HUDSON3/workspace/8-2-build-linux-amd64/jdk8u121/8372/hotspot/src/share/vm/prims/jvm.cpp, line 1390]
Event: 0,406 Thread 0x00007ff9d800d000 Exception <a 'java/security/PrivilegedActionException'> (0x000000076feed558) thrown at [/HUDSON3/workspace/8-2-build-linux-amd64/jdk8u121/8372/hotspot/src/share/vm/prims/jvm.cpp, line 1390]
Event: 0,406 Thread 0x00007ff9d800d000 Exception <a 'java/security/PrivilegedActionException'> (0x000000076feed768) thrown at [/HUDSON3/workspace/8-2-build-linux-amd64/jdk8u121/8372/hotspot/src/share/vm/prims/jvm.cpp, line 1390]
Event: 0,434 Thread 0x00007ff9d800d000 Exception <a 'sun/nio/fs/UnixException'> (0x000000076ffa4278) thrown at [/HUDSON3/workspace/8-2-build-linux-amd64/jdk8u121/8372/hotspot/src/share/vm/prims/jni.cpp, line 709]

Events (10 events):
Event: 0,454 loading class org/lwjgl/system/jni/JNINativeInterface
Event: 0,454 loading class org/lwjgl/system/jni/JNINativeInterface done
Event: 0,456 loading class org/lwjgl/system/linux/DynamicLinkLoader
Event: 0,456 loading class org/lwjgl/system/linux/DynamicLinkLoader done
Event: 0,458 loading class org/lwjgl/opengl/GL$2
Event: 0,458 loading class org/lwjgl/opengl/GL$2 done
Event: 0,459 loading class org/lwjgl/opengl/GL$SharedLibraryGL
Event: 0,459 loading class org/lwjgl/opengl/GL$SharedLibraryGL done
Event: 0,459 loading class org/lwjgl/system/SharedLibrary$Delegate
Event: 0,459 loading class org/lwjgl/system/SharedLibrary$Delegate done


Dynamic libraries:
00400000-00401000 r-xp 00000000 08:01 24119309                           /home/michael1337/Programs/jdk/jdk1.8.0_121/bin/java
00600000-00601000 rw-p 00000000 08:01 24119309                           /home/michael1337/Programs/jdk/jdk1.8.0_121/bin/java
00ab3000-00ad4000 rw-p 00000000 00:00 0                                  [heap]
6ce000000-6d8180000 rw-p 00000000 00:00 0 
6d8180000-76f580000 ---p 00000000 00:00 0 
76f580000-774600000 rw-p 00000000 00:00 0 
774600000-7c0000000 ---p 00000000 00:00 0 
7c0000000-7c00c0000 rw-p 00000000 00:00 0 
7c00c0000-800000000 ---p 00000000 00:00 0 
7ff980000000-7ff980021000 rw-p 00000000 00:00 0 
7ff980021000-7ff984000000 ---p 00000000 00:00 0 
7ff984000000-7ff984021000 rw-p 00000000 00:00 0 
7ff984021000-7ff988000000 ---p 00000000 00:00 0 
7ff988000000-7ff9880d6000 rw-p 00000000 00:00 0 
7ff9880d6000-7ff98c000000 ---p 00000000 00:00 0 
7ff98c000000-7ff98c0d7000 rw-p 00000000 00:00 0 
7ff98c0d7000-7ff990000000 ---p 00000000 00:00 0 
7ff990000000-7ff990109000 rw-p 00000000 00:00 0 
7ff990109000-7ff994000000 ---p 00000000 00:00 0 
7ff9949e4000-7ff9949e9000 r-xp 00000000 08:01 4464746                    /usr/lib/x86_64-linux-gnu/libXdmcp.so.6.0.0
7ff9949e9000-7ff994be8000 ---p 00005000 08:01 4464746                    /usr/lib/x86_64-linux-gnu/libXdmcp.so.6.0.0
7ff994be8000-7ff994be9000 r--p 00004000 08:01 4464746                    /usr/lib/x86_64-linux-gnu/libXdmcp.so.6.0.0
7ff994be9000-7ff994bea000 rw-p 00005000 08:01 4464746                    /usr/lib/x86_64-linux-gnu/libXdmcp.so.6.0.0
7ff994bea000-7ff994bec000 r-xp 00000000 08:01 4464735                    /usr/lib/x86_64-linux-gnu/libXau.so.6.0.0
7ff994bec000-7ff994dec000 ---p 00002000 08:01 4464735                    /usr/lib/x86_64-linux-gnu/libXau.so.6.0.0
7ff994dec000-7ff994ded000 r--p 00002000 08:01 4464735                    /usr/lib/x86_64-linux-gnu/libXau.so.6.0.0
7ff994ded000-7ff994dee000 rw-p 00003000 08:01 4464735                    /usr/lib/x86_64-linux-gnu/libXau.so.6.0.0
7ff994dee000-7ff994dfe000 r-xp 00000000 08:01 4464026                    /usr/lib/x86_64-linux-gnu/libdrm.so.2.4.0
7ff994dfe000-7ff994ffd000 ---p 00010000 08:01 4464026                    /usr/lib/x86_64-linux-gnu/libdrm.so.2.4.0
7ff994ffd000-7ff994ffe000 r--p 0000f000 08:01 4464026                    /usr/lib/x86_64-linux-gnu/libdrm.so.2.4.0
7ff994ffe000-7ff994fff000 rw-p 00010000 08:01 4464026                    /usr/lib/x86_64-linux-gnu/libdrm.so.2.4.0
7ff994fff000-7ff998000000 rw-p 00000000 00:00 0 
7ff998000000-7ff998021000 rw-p 00000000 00:00 0 
7ff998021000-7ff99c000000 ---p 00000000 00:00 0 
7ff99c000000-7ff99c021000 rw-p 00000000 00:00 0 
7ff99c021000-7ff9a0000000 ---p 00000000 00:00 0 
7ff9a0000000-7ff9a0021000 rw-p 00000000 00:00 0 
7ff9a0021000-7ff9a4000000 ---p 00000000 00:00 0 
7ff9a4000000-7ff9a4021000 rw-p 00000000 00:00 0 
7ff9a4021000-7ff9a8000000 ---p 00000000 00:00 0 
7ff9a8000000-7ff9a8021000 rw-p 00000000 00:00 0 
7ff9a8021000-7ff9ac000000 ---p 00000000 00:00 0 
7ff9ac000000-7ff9ac021000 rw-p 00000000 00:00 0 
7ff9ac021000-7ff9b0000000 ---p 00000000 00:00 0 
7ff9b00b3000-7ff9b00b8000 r-xp 00000000 08:01 4464784                    /usr/lib/x86_64-linux-gnu/libXxf86vm.so.1.0.0
7ff9b00b8000-7ff9b02b7000 ---p 00005000 08:01 4464784                    /usr/lib/x86_64-linux-gnu/libXxf86vm.so.1.0.0
7ff9b02b7000-7ff9b02b8000 r--p 00004000 08:01 4464784                    /usr/lib/x86_64-linux-gnu/libXxf86vm.so.1.0.0
7ff9b02b8000-7ff9b02b9000 rw-p 00005000 08:01 4464784                    /usr/lib/x86_64-linux-gnu/libXxf86vm.so.1.0.0
7ff9b02b9000-7ff9b02da000 r-xp 00000000 08:01 4466084                    /usr/lib/x86_64-linux-gnu/libxcb.so.1.1.0
7ff9b02da000-7ff9b04d9000 ---p 00021000 08:01 4466084                    /usr/lib/x86_64-linux-gnu/libxcb.so.1.1.0
7ff9b04d9000-7ff9b04da000 r--p 00020000 08:01 4466084                    /usr/lib/x86_64-linux-gnu/libxcb.so.1.1.0
7ff9b04da000-7ff9b04db000 rw-p 00021000 08:01 4466084                    /usr/lib/x86_64-linux-gnu/libxcb.so.1.1.0
7ff9b04db000-7ff9b04df000 r-xp 00000000 08:01 4466048                    /usr/lib/x86_64-linux-gnu/libxcb-dri2.so.0.0.0
7ff9b04df000-7ff9b06de000 ---p 00004000 08:01 4466048                    /usr/lib/x86_64-linux-gnu/libxcb-dri2.so.0.0.0
7ff9b06de000-7ff9b06df000 r--p 00003000 08:01 4466048                    /usr/lib/x86_64-linux-gnu/libxcb-dri2.so.0.0.0
7ff9b06df000-7ff9b06e0000 rw-p 00004000 08:01 4466048                    /usr/lib/x86_64-linux-gnu/libxcb-dri2.so.0.0.0
7ff9b06e0000-7ff9b06f7000 r-xp 00000000 08:01 4466052                    /usr/lib/x86_64-linux-gnu/libxcb-glx.so.0.0.0
7ff9b06f7000-7ff9b08f6000 ---p 00017000 08:01 4466052                    /usr/lib/x86_64-linux-gnu/libxcb-glx.so.0.0.0
7ff9b08f6000-7ff9b08f8000 r--p 00016000 08:01 4466052                    /usr/lib/x86_64-linux-gnu/libxcb-glx.so.0.0.0
7ff9b08f8000-7ff9b08f9000 rw-p 00018000 08:01 4466052                    /usr/lib/x86_64-linux-gnu/libxcb-glx.so.0.0.0
7ff9b08f9000-7ff9b0a2e000 r-xp 00000000 08:01 4464731                    /usr/lib/x86_64-linux-gnu/libX11.so.6.3.0
7ff9b0a2e000-7ff9b0c2e000 ---p 00135000 08:01 4464731                    /usr/lib/x86_64-linux-gnu/libX11.so.6.3.0
7ff9b0c2e000-7ff9b0c2f000 r--p 00135000 08:01 4464731                    /usr/lib/x86_64-linux-gnu/libX11.so.6.3.0
7ff9b0c2f000-7ff9b0c33000 rw-p 00136000 08:01 4464731                    /usr/lib/x86_64-linux-gnu/libX11.so.6.3.0
7ff9b0c33000-7ff9b0c34000 r-xp 00000000 08:01 4464729                    /usr/lib/x86_64-linux-gnu/libX11-xcb.so.1.0.0
7ff9b0c34000-7ff9b0e33000 ---p 00001000 08:01 4464729                    /usr/lib/x86_64-linux-gnu/libX11-xcb.so.1.0.0
7ff9b0e33000-7ff9b0e34000 r--p 00000000 08:01 4464729                    /usr/lib/x86_64-linux-gnu/libX11-xcb.so.1.0.0
7ff9b0e34000-7ff9b0e35000 rw-p 00001000 08:01 4464729                    /usr/lib/x86_64-linux-gnu/libX11-xcb.so.1.0.0
7ff9b0e35000-7ff9b0e3a000 r-xp 00000000 08:01 4464750                    /usr/lib/x86_64-linux-gnu/libXfixes.so.3.1.0
7ff9b0e3a000-7ff9b1039000 ---p 00005000 08:01 4464750                    /usr/lib/x86_64-linux-gnu/libXfixes.so.3.1.0
7ff9b1039000-7ff9b103a000 r--p 00004000 08:01 4464750                    /usr/lib/x86_64-linux-gnu/libXfixes.so.3.1.0
7ff9b103a000-7ff9b103b000 rw-p 00005000 08:01 4464750                    /usr/lib/x86_64-linux-gnu/libXfixes.so.3.1.0
7ff9b103b000-7ff9b103d000 r-xp 00000000 08:01 4464744                    /usr/lib/x86_64-linux-gnu/libXdamage.so.1.1.0
7ff9b103d000-7ff9b123c000 ---p 00002000 08:01 4464744                    /usr/lib/x86_64-linux-gnu/libXdamage.so.1.1.0
7ff9b123c000-7ff9b123d000 r--p 00001000 08:01 4464744                    /usr/lib/x86_64-linux-gnu/libXdamage.so.1.1.0
7ff9b123d000-7ff9b123e000 rw-p 00002000 08:01 4464744                    /usr/lib/x86_64-linux-gnu/libXdamage.so.1.1.0
7ff9b123e000-7ff9b124f000 r-xp 00000000 08:01 4464748                    /usr/lib/x86_64-linux-gnu/libXext.so.6.4.0
7ff9b124f000-7ff9b144e000 ---p 00011000 08:01 4464748                    /usr/lib/x86_64-linux-gnu/libXext.so.6.4.0
7ff9b144e000-7ff9b144f000 r--p 00010000 08:01 4464748                    /usr/lib/x86_64-linux-gnu/libXext.so.6.4.0
7ff9b144f000-7ff9b1450000 rw-p 00011000 08:01 4464748                    /usr/lib/x86_64-linux-gnu/libXext.so.6.4.0
7ff9b1450000-7ff9b147b000 r-xp 00000000 08:01 4464237                    /usr/lib/x86_64-linux-gnu/libglapi.so.0.0.0
7ff9b147b000-7ff9b167a000 ---p 0002b000 08:01 4464237                    /usr/lib/x86_64-linux-gnu/libglapi.so.0.0.0
7ff9b167a000-7ff9b167e000 r--p 0002a000 08:01 4464237                    /usr/lib/x86_64-linux-gnu/libglapi.so.0.0.0
7ff9b167e000-7ff9b167f000 rw-p 0002e000 08:01 4464237                    /usr/lib/x86_64-linux-gnu/libglapi.so.0.0.0
7ff9b167f000-7ff9b1680000 rw-p 00000000 00:00 0 
7ff9b1680000-7ff9b1681000 r-xp 00000000 08:01 4466096                    /usr/lib/x86_64-linux-gnu/libxshmfence.so.1.0.0
7ff9b1681000-7ff9b1881000 ---p 00001000 08:01 4466096                    /usr/lib/x86_64-linux-gnu/libxshmfence.so.1.0.0
7ff9b1881000-7ff9b1882000 r--p 00001000 08:01 4466096                    /usr/lib/x86_64-linux-gnu/libxshmfence.so.1.0.0
7ff9b1882000-7ff9b1883000 rw-p 00002000 08:01 4466096                    /usr/lib/x86_64-linux-gnu/libxshmfence.so.1.0.0
7ff9b1883000-7ff9b1888000 r-xp 00000000 08:01 4466072                    /usr/lib/x86_64-linux-gnu/libxcb-sync.so.1.0.0
7ff9b1888000-7ff9b1a88000 ---p 00005000 08:01 4466072                    /usr/lib/x86_64-linux-gnu/libxcb-sync.so.1.0.0
7ff9b1a88000-7ff9b1a89000 r--p 00005000 08:01 4466072                    /usr/lib/x86_64-linux-gnu/libxcb-sync.so.1.0.0
7ff9b1a89000-7ff9b1a8a000 rw-p 00006000 08:01 4466072                    /usr/lib/x86_64-linux-gnu/libxcb-sync.so.1.0.0
7ff9b1a8a000-7ff9b1a8c000 r-xp 00000000 08:01 4466060                    /usr/lib/x86_64-linux-gnu/libxcb-present.so.0.0.0
7ff9b1a8c000-7ff9b1c8b000 ---p 00002000 08:01 4466060                    /usr/lib/x86_64-linux-gnu/libxcb-present.so.0.0.0
7ff9b1c8b000-7ff9b1c8c000 r--p 00001000 08:01 4466060                    /usr/lib/x86_64-linux-gnu/libxcb-present.so.0.0.0
7ff9b1c8c000-7ff9b1c8d000 rw-p 00002000 08:01 4466060                    /usr/lib/x86_64-linux-gnu/libxcb-present.so.0.0.0
7ff9b1c8d000-7ff9b1c8f000 r-xp 00000000 08:01 4466050                    /usr/lib/x86_64-linux-gnu/libxcb-dri3.so.0.0.0
7ff9b1c8f000-7ff9b1e8e000 ---p 00002000 08:01 4466050                    /usr/lib/x86_64-linux-gnu/libxcb-dri3.so.0.0.0
7ff9b1e8e000-7ff9b1e8f000 r--p 00001000 08:01 4466050                    /usr/lib/x86_64-linux-gnu/libxcb-dri3.so.0.0.0
7ff9b1e8f000-7ff9b1e90000 rw-p 00002000 08:01 4466050                    /usr/lib/x86_64-linux-gnu/libxcb-dri3.so.0.0.0
7ff9b1e90000-7ff9b1eb6000 r-xp 00000000 08:01 20840649                   /lib/x86_64-linux-gnu/libexpat.so.1.6.0
7ff9b1eb6000-7ff9b20b6000 ---p 00026000 08:01 20840649                   /lib/x86_64-linux-gnu/libexpat.so.1.6.0
7ff9b20b6000-7ff9b20b8000 r--p 00026000 08:01 20840649                   /lib/x86_64-linux-gnu/libexpat.so.1.6.0
7ff9b20b8000-7ff9b20b9000 rw-p 00028000 08:01 20840649                   /lib/x86_64-linux-gnu/libexpat.so.1.6.0
7ff9b20b9000-7ff9b2127000 r-xp 00000000 08:01 4719004                    /usr/lib/x86_64-linux-gnu/mesa/libGL.so.1.2.0
7ff9b2127000-7ff9b2327000 ---p 0006e000 08:01 4719004                    /usr/lib/x86_64-linux-gnu/mesa/libGL.so.1.2.0
7ff9b2327000-7ff9b232a000 r--p 0006e000 08:01 4719004                    /usr/lib/x86_64-linux-gnu/mesa/libGL.so.1.2.0
7ff9b232a000-7ff9b232b000 rw-p 00071000 08:01 4719004                    /usr/lib/x86_64-linux-gnu/mesa/libGL.so.1.2.0
7ff9b232b000-7ff9b232c000 rw-p 00000000 00:00 0 
7ff9b232c000-7ff9b2397000 r-xp 00000000 08:01 25568106                   /tmp/lwjglmichael1337/3.1.6-build-14/liblwjgl_opengl.so
7ff9b2397000-7ff9b2596000 ---p 0006b000 08:01 25568106                   /tmp/lwjglmichael1337/3.1.6-build-14/liblwjgl_opengl.so
7ff9b2596000-7ff9b2597000 r--p 0006a000 08:01 25568106                   /tmp/lwjglmichael1337/3.1.6-build-14/liblwjgl_opengl.so
7ff9b2597000-7ff9b2598000 rw-p 0006b000 08:01 25568106                   /tmp/lwjglmichael1337/3.1.6-build-14/liblwjgl_opengl.so
7ff9b2598000-7ff9b25ec000 r-xp 00000000 08:01 25568104                   /tmp/lwjglmichael1337/3.1.6-build-14/liblwjgl.so
7ff9b25ec000-7ff9b27ec000 ---p 00054000 08:01 25568104                   /tmp/lwjglmichael1337/3.1.6-build-14/liblwjgl.so
7ff9b27ec000-7ff9b27ed000 r--p 00054000 08:01 25568104                   /tmp/lwjglmichael1337/3.1.6-build-14/liblwjgl.so
7ff9b27ed000-7ff9b27ee000 rw-p 00055000 08:01 25568104                   /tmp/lwjglmichael1337/3.1.6-build-14/liblwjgl.so
7ff9b27ee000-7ff9b27ff000 r-xp 00000000 08:01 24119418                   /home/michael1337/Programs/jdk/jdk1.8.0_121/jre/lib/amd64/libnio.so
7ff9b27ff000-7ff9b29fe000 ---p 00011000 08:01 24119418                   /home/michael1337/Programs/jdk/jdk1.8.0_121/jre/lib/amd64/libnio.so
7ff9b29fe000-7ff9b29ff000 rw-p 00010000 08:01 24119418                   /home/michael1337/Programs/jdk/jdk1.8.0_121/jre/lib/amd64/libnio.so
7ff9b29ff000-7ff9b2a00000 ---p 00000000 00:00 0 
7ff9b2a00000-7ff9b2b00000 rw-p 00000000 00:00 0 
7ff9b2b00000-7ff9b2b03000 ---p 00000000 00:00 0 
7ff9b2b03000-7ff9b2c01000 rw-p 00000000 00:00 0 
7ff9b2c01000-7ff9b2c04000 ---p 00000000 00:00 0 
7ff9b2c04000-7ff9b2d02000 rw-p 00000000 00:00 0 
7ff9b2d02000-7ff9b2d05000 ---p 00000000 00:00 0 
7ff9b2d05000-7ff9b2e03000 rw-p 00000000 00:00 0 
7ff9b2e03000-7ff9b2e19000 r-xp 00000000 08:01 24119393                   /home/michael1337/Programs/jdk/jdk1.8.0_121/jre/lib/amd64/libnet.so
7ff9b2e19000-7ff9b3019000 ---p 00016000 08:01 24119393                   /home/michael1337/Programs/jdk/jdk1.8.0_121/jre/lib/amd64/libnet.so
7ff9b3019000-7ff9b301a000 rw-p 00016000 08:01 24119393                   /home/michael1337/Programs/jdk/jdk1.8.0_121/jre/lib/amd64/libnet.so
7ff9b301a000-7ff9b301d000 ---p 00000000 00:00 0 
7ff9b301d000-7ff9b311b000 rw-p 00000000 00:00 0 
7ff9b311b000-7ff9b311e000 ---p 00000000 00:00 0 
7ff9b311e000-7ff9b321c000 rw-p 00000000 00:00 0 
7ff9b321c000-7ff9b321f000 ---p 00000000 00:00 0 
7ff9b321f000-7ff9b331d000 rw-p 00000000 00:00 0 
7ff9b331d000-7ff9b35f6000 r--p 00000000 08:01 4457405                    /usr/lib/locale/locale-archive
7ff9b35f6000-7ff9b35f9000 ---p 00000000 00:00 0 
7ff9b35f9000-7ff9b36f7000 rw-p 00000000 00:00 0 
7ff9b36f7000-7ff9b36fa000 ---p 00000000 00:00 0 
7ff9b36fa000-7ff9b37f8000 rw-p 00000000 00:00 0 
7ff9b37f8000-7ff9b37f9000 ---p 00000000 00:00 0 
7ff9b37f9000-7ff9b4000000 rw-p 00000000 00:00 0 
7ff9b4000000-7ff9b4021000 rw-p 00000000 00:00 0 
7ff9b4021000-7ff9b8000000 ---p 00000000 00:00 0 
7ff9b8000000-7ff9b8021000 rw-p 00000000 00:00 0 
7ff9b8021000-7ff9bc000000 ---p 00000000 00:00 0 
7ff9bc000000-7ff9bc021000 rw-p 00000000 00:00 0 
7ff9bc021000-7ff9c0000000 ---p 00000000 00:00 0 
7ff9c0069000-7ff9c0c70000 rw-p 00000000 00:00 0 
7ff9c0c70000-7ff9c0f70000 ---p 00000000 00:00 0 
7ff9c0f70000-7ff9c9000000 rw-p 00000000 00:00 0 
7ff9c9000000-7ff9c9270000 rwxp 00000000 00:00 0 
7ff9c9270000-7ff9d8000000 ---p 00000000 00:00 0 
7ff9d8000000-7ff9d87c2000 rw-p 00000000 00:00 0 
7ff9d87c2000-7ff9dc000000 ---p 00000000 00:00 0 
7ff9dc066000-7ff9dc068000 r--s 0001a000 08:01 24788587                   /home/michael1337/Programs/intellij/idea-IU-181.5281.24/lib/idea_rt.jar
7ff9dc068000-7ff9dc06c000 r--s 00031000 08:01 27009233                   /home/michael1337/Documents/Neolithic/game/lib/commons-io-2.6/commons-io-2.6.jar
7ff9dc06c000-7ff9dc073000 r--s 00058000 08:01 27009231                   /home/michael1337/Documents/Neolithic/game/lib/commons-io-2.6/commons-io-2.6-tests.jar
7ff9dc073000-7ff9dc074000 r--s 00002000 08:01 25701703                   /home/michael1337/Documents/Neolithic/game/lib/PNGDecoder.jar
7ff9dc074000-7ff9dc079000 r--s 00045000 08:01 26222668                   /home/michael1337/Documents/Neolithic/game/lib/lwjgl/lwjgl.jar
7ff9dc079000-7ff9dc08c000 r--s 0014d000 08:01 26222592                   /home/michael1337/Documents/Neolithic/game/lib/lwjgl/lwjgl-vulkan.jar
7ff9dc08c000-7ff9dc08e000 r--s 00018000 08:01 26221583                   /home/michael1337/Documents/Neolithic/game/lib/lwjgl/lwjgl-stb.jar
7ff9dc08e000-7ff9dc08f000 r--s 0006f000 08:01 26221581                   /home/michael1337/Documents/Neolithic/game/lib/lwjgl/lwjgl-stb-natives-windows.jar
7ff9dc08f000-7ff9dc090000 r--s 0002a000 08:01 26221580                   /home/michael1337/Documents/Neolithic/game/lib/lwjgl/lwjgl-stb-natives-macos.jar
7ff9dc090000-7ff9dc091000 r--s 00031000 08:01 26221579                   /home/michael1337/Documents/Neolithic/game/lib/lwjgl/lwjgl-stb-natives-linux.jar
7ff9dc091000-7ff9dc092000 r--s 00002000 08:01 26221577                   /home/michael1337/Documents/Neolithic/game/lib/lwjgl/lwjgl-par.jar
7ff9dc092000-7ff9dc093000 r--s 00031000 08:01 26221574                   /home/michael1337/Documents/Neolithic/game/lib/lwjgl/lwjgl-par-natives-windows.jar
7ff9dc093000-7ff9dc094000 r--s 00004000 08:01 26222670                   /home/michael1337/Documents/Neolithic/game/lib/lwjgl/lwjgl-par-natives-macos.jar
7ff9dc094000-7ff9dc095000 r--s 00005000 08:01 26221573                   /home/michael1337/Documents/Neolithic/game/lib/lwjgl/lwjgl-par-natives-linux.jar
7ff9dc095000-7ff9dc09f000 r--s 000bf000 08:01 26221572                   /home/michael1337/Documents/Neolithic/game/lib/lwjgl/lwjgl-opengl.jar
7ff9dc09f000-7ff9dc0a0000 r--s 0002a000 08:01 26221570                   /home/michael1337/Documents/Neolithic/game/lib/lwjgl/lwjgl-opengl-natives-windows.jar
7ff9dc0a0000-7ff9dc0a1000 r--s 0000b000 08:01 26221569                   /home/michael1337/Documents/Neolithic/game/lib/lwjgl/lwjgl-opengl-natives-macos.jar
7ff9dc0a1000-7ff9dc0a2000 r--s 00016000 08:01 26221568                   /home/michael1337/Documents/Neolithic/game/lib/lwjgl/lwjgl-opengl-natives-linux.jar
7ff9dc0a2000-7ff9dc0a5000 r--s 00011000 08:01 26221566                   /home/michael1337/Documents/Neolithic/game/lib/lwjgl/lwjgl-openal.jar
7ff9dc0a5000-7ff9dc0a6000 r--s 00105000 08:01 26221562                   /home/michael1337/Documents/Neolithic/game/lib/lwjgl/lwjgl-openal-natives-windows.jar
7ff9dc0a6000-7ff9dc0a7000 r--s 00064000 08:01 26221560                   /home/michael1337/Documents/Neolithic/game/lib/lwjgl/lwjgl-openal-natives-macos.jar
7ff9dc0a7000-7ff9dc0a8000 r--s 00077000 08:01 26221559                   /home/michael1337/Documents/Neolithic/game/lib/lwjgl/lwjgl-openal-natives-linux.jar
7ff9dc0a8000-7ff9dc0ad000 r--s 0005f000 08:01 26221557                   /home/michael1337/Documents/Neolithic/game/lib/lwjgl/lwjgl-nuklear.jar
7ff9dc0ad000-7ff9dc0ae000 r--s 00041000 08:01 26221556                   /home/michael1337/Documents/Neolithic/game/lib/lwjgl/lwjgl-nuklear-natives-windows.jar
7ff9dc0ae000-7ff9dc0af000 r--s 0002e000 08:01 26221561                   /home/michael1337/Documents/Neolithic/game/lib/lwjgl/lwjgl-nuklear-natives-macos.jar
7ff9dc0af000-7ff9dc0b0000 r--s 00022000 08:01 26221554                   /home/michael1337/Documents/Neolithic/game/lib/lwjgl/lwjgl-nuklear-natives-linux.jar
7ff9dc0b0000-7ff9dc0b1000 r--s 00039000 08:01 26222669                   /home/michael1337/Documents/Neolithic/game/lib/lwjgl/lwjgl-natives-windows.jar
7ff9dc0b1000-7ff9dc0b3000 r--s 00008000 08:01 26222596                   /home/michael1337/Documents/Neolithic/game/lib/lwjgl/lwjgl-natives-macos.jar
7ff9dc0b3000-7ff9dc0b4000 r--s 00013000 08:01 26222595                   /home/michael1337/Documents/Neolithic/game/lib/lwjgl/lwjgl-natives-linux.jar
7ff9dc0b4000-7ff9dc0b6000 r--s 0000e000 08:01 26221549                   /home/michael1337/Documents/Neolithic/game/lib/lwjgl/lwjgl-nanovg.jar
7ff9dc0b6000-7ff9dc0b7000 r--s 00068000 08:01 26221547                   /home/michael1337/Documents/Neolithic/game/lib/lwjgl/lwjgl-nanovg-natives-windows.jar
7ff9dc0b7000-7ff9dc0b9000 r--s 00026000 08:01 26221553                   /home/michael1337/Documents/Neolithic/game/lib/lwjgl/lwjgl-nanovg-natives-macos.jar
7ff9dc0b9000-7ff9dc0ba000 r--s 00029000 08:01 26221546                   /home/michael1337/Documents/Neolithic/game/lib/lwjgl/lwjgl-nanovg-natives-linux.jar
7ff9dc0ba000-7ff9dc0bd000 r--s 00019000 08:01 26221542                   /home/michael1337/Documents/Neolithic/game/lib/lwjgl/lwjgl-glfw.jar
7ff9dc0bd000-7ff9dc0be000 r--s 0003d000 08:01 26221544                   /home/michael1337/Documents/Neolithic/game/lib/lwjgl/lwjgl-glfw-natives-windows.jar
7ff9dc0be000-7ff9dc0c0000 r--s 00022000 08:01 26221539                   /home/michael1337/Documents/Neolithic/game/lib/lwjgl/lwjgl-glfw-natives-linux.jar
7ff9dc0c0000-7ff9dc0d3000 r--s 00345000 08:01 24119617                   /home/michael1337/Programs/jdk/jdk1.8.0_121/jre/lib/resources.jar
7ff9dc0d3000-7ff9dc0e5000 r--s 000d6000 08:01 24119616                   /home/michael1337/Programs/jdk/jdk1.8.0_121/jre/lib/plugin.jar
7ff9dc0e5000-7ff9dc235000 rw-p 00000000 00:00 0 
7ff9dc235000-7ff9dc40e000 r--s 03d3e000 08:01 24119385                   /home/michael1337/Programs/jdk/jdk1.8.0_121/jre/lib/rt.jar
7ff9dc40e000-7ff9dc484000 rw-p 00000000 00:00 0 
7ff9dc484000-7ff9dc485000 ---p 00000000 00:00 0 
7ff9dc485000-7ff9dc585000 rw-p 00000000 00:00 0 
7ff9dc585000-7ff9dc586000 ---p 00000000 00:00 0 
7ff9dc586000-7ff9dc686000 rw-p 00000000 00:00 0 
7ff9dc686000-7ff9dc687000 ---p 00000000 00:00 0 
7ff9dc687000-7ff9dc787000 rw-p 00000000 00:00 0 
7ff9dc787000-7ff9dc788000 ---p 00000000 00:00 0 
7ff9dc788000-7ff9dc8d9000 rw-p 00000000 00:00 0 
7ff9dc8d9000-7ff9dcd93000 ---p 00000000 00:00 0 
7ff9dcd93000-7ff9dcde4000 rw-p 00000000 00:00 0 
7ff9dcde4000-7ff9dd29d000 ---p 00000000 00:00 0 
7ff9dd29d000-7ff9dd2c6000 rw-p 00000000 00:00 0 
7ff9dd2c6000-7ff9dd523000 ---p 00000000 00:00 0 
7ff9dd523000-7ff9dd52e000 rw-p 00000000 00:00 0 
7ff9dd52e000-7ff9dd8e4000 ---p 00000000 00:00 0 
7ff9dd8e4000-7ff9dd8fe000 r-xp 00000000 08:01 24119416                   /home/michael1337/Programs/jdk/jdk1.8.0_121/jre/lib/amd64/libzip.so
7ff9dd8fe000-7ff9ddafe000 ---p 0001a000 08:01 24119416                   /home/michael1337/Programs/jdk/jdk1.8.0_121/jre/lib/amd64/libzip.so
7ff9ddafe000-7ff9ddaff000 rw-p 0001a000 08:01 24119416                   /home/michael1337/Programs/jdk/jdk1.8.0_121/jre/lib/amd64/libzip.so
7ff9ddaff000-7ff9ddb0a000 r-xp 00000000 08:01 20845377                   /lib/x86_64-linux-gnu/libnss_files-2.23.so
7ff9ddb0a000-7ff9ddd09000 ---p 0000b000 08:01 20845377                   /lib/x86_64-linux-gnu/libnss_files-2.23.so
7ff9ddd09000-7ff9ddd0a000 r--p 0000a000 08:01 20845377                   /lib/x86_64-linux-gnu/libnss_files-2.23.so
7ff9ddd0a000-7ff9ddd0b000 rw-p 0000b000 08:01 20845377                   /lib/x86_64-linux-gnu/libnss_files-2.23.so
7ff9ddd0b000-7ff9ddd11000 rw-p 00000000 00:00 0 
7ff9ddd11000-7ff9ddd1c000 r-xp 00000000 08:01 20845381                   /lib/x86_64-linux-gnu/libnss_nis-2.23.so
7ff9ddd1c000-7ff9ddf1b000 ---p 0000b000 08:01 20845381                   /lib/x86_64-linux-gnu/libnss_nis-2.23.so
7ff9ddf1b000-7ff9ddf1c000 r--p 0000a000 08:01 20845381                   /lib/x86_64-linux-gnu/libnss_nis-2.23.so
7ff9ddf1c000-7ff9ddf1d000 rw-p 0000b000 08:01 20845381                   /lib/x86_64-linux-gnu/libnss_nis-2.23.so
7ff9ddf1d000-7ff9ddf33000 r-xp 00000000 08:01 20845361                   /lib/x86_64-linux-gnu/libnsl-2.23.so
7ff9ddf33000-7ff9de132000 ---p 00016000 08:01 20845361                   /lib/x86_64-linux-gnu/libnsl-2.23.so
7ff9de132000-7ff9de133000 r--p 00015000 08:01 20845361                   /lib/x86_64-linux-gnu/libnsl-2.23.so
7ff9de133000-7ff9de134000 rw-p 00016000 08:01 20845361                   /lib/x86_64-linux-gnu/libnsl-2.23.so
7ff9de134000-7ff9de136000 rw-p 00000000 00:00 0 
7ff9de136000-7ff9de13e000 r-xp 00000000 08:01 20845372                   /lib/x86_64-linux-gnu/libnss_compat-2.23.so
7ff9de13e000-7ff9de33d000 ---p 00008000 08:01 20845372                   /lib/x86_64-linux-gnu/libnss_compat-2.23.so
7ff9de33d000-7ff9de33e000 r--p 00007000 08:01 20845372                   /lib/x86_64-linux-gnu/libnss_compat-2.23.so
7ff9de33e000-7ff9de33f000 rw-p 00008000 08:01 20845372                   /lib/x86_64-linux-gnu/libnss_compat-2.23.so
7ff9de33f000-7ff9de349000 r-xp 00000000 08:01 24119454                   /home/michael1337/Programs/jdk/jdk1.8.0_121/jre/lib/amd64/libinstrument.so
7ff9de349000-7ff9de548000 ---p 0000a000 08:01 24119454                   /home/michael1337/Programs/jdk/jdk1.8.0_121/jre/lib/amd64/libinstrument.so
7ff9de548000-7ff9de549000 rw-p 00009000 08:01 24119454                   /home/michael1337/Programs/jdk/jdk1.8.0_121/jre/lib/amd64/libinstrument.so
7ff9de549000-7ff9de574000 r-xp 00000000 08:01 24119443                   /home/michael1337/Programs/jdk/jdk1.8.0_121/jre/lib/amd64/libjava.so
7ff9de574000-7ff9de773000 ---p 0002b000 08:01 24119443                   /home/michael1337/Programs/jdk/jdk1.8.0_121/jre/lib/amd64/libjava.so
7ff9de773000-7ff9de775000 rw-p 0002a000 08:01 24119443                   /home/michael1337/Programs/jdk/jdk1.8.0_121/jre/lib/amd64/libjava.so
7ff9de775000-7ff9de782000 r-xp 00000000 08:01 24119394                   /home/michael1337/Programs/jdk/jdk1.8.0_121/jre/lib/amd64/libverify.so
7ff9de782000-7ff9de981000 ---p 0000d000 08:01 24119394                   /home/michael1337/Programs/jdk/jdk1.8.0_121/jre/lib/amd64/libverify.so
7ff9de981000-7ff9de983000 rw-p 0000c000 08:01 24119394                   /home/michael1337/Programs/jdk/jdk1.8.0_121/jre/lib/amd64/libverify.so
7ff9de983000-7ff9de98a000 r-xp 00000000 08:01 20845382                   /lib/x86_64-linux-gnu/librt-2.23.so
7ff9de98a000-7ff9deb89000 ---p 00007000 08:01 20845382                   /lib/x86_64-linux-gnu/librt-2.23.so
7ff9deb89000-7ff9deb8a000 r--p 00006000 08:01 20845382                   /lib/x86_64-linux-gnu/librt-2.23.so
7ff9deb8a000-7ff9deb8b000 rw-p 00007000 08:01 20845382                   /lib/x86_64-linux-gnu/librt-2.23.so
7ff9deb8b000-7ff9dec93000 r-xp 00000000 08:01 20845355                   /lib/x86_64-linux-gnu/libm-2.23.so
7ff9dec93000-7ff9dee92000 ---p 00108000 08:01 20845355                   /lib/x86_64-linux-gnu/libm-2.23.so
7ff9dee92000-7ff9dee93000 r--p 00107000 08:01 20845355                   /lib/x86_64-linux-gnu/libm-2.23.so
7ff9dee93000-7ff9dee94000 rw-p 00108000 08:01 20845355                   /lib/x86_64-linux-gnu/libm-2.23.so
7ff9dee94000-7ff9dfb62000 r-xp 00000000 08:01 24119447                   /home/michael1337/Programs/jdk/jdk1.8.0_121/jre/lib/amd64/server/libjvm.so
7ff9dfb62000-7ff9dfd62000 ---p 00cce000 08:01 24119447                   /home/michael1337/Programs/jdk/jdk1.8.0_121/jre/lib/amd64/server/libjvm.so
7ff9dfd62000-7ff9dfe3b000 rw-p 00cce000 08:01 24119447                   /home/michael1337/Programs/jdk/jdk1.8.0_121/jre/lib/amd64/server/libjvm.so
7ff9dfe3b000-7ff9dfe86000 rw-p 00000000 00:00 0 
7ff9dfe86000-7ff9e0046000 r-xp 00000000 08:01 20845364                   /lib/x86_64-linux-gnu/libc-2.23.so
7ff9e0046000-7ff9e0246000 ---p 001c0000 08:01 20845364                   /lib/x86_64-linux-gnu/libc-2.23.so
7ff9e0246000-7ff9e024a000 r--p 001c0000 08:01 20845364                   /lib/x86_64-linux-gnu/libc-2.23.so
7ff9e024a000-7ff9e024c000 rw-p 001c4000 08:01 20845364                   /lib/x86_64-linux-gnu/libc-2.23.so
7ff9e024c000-7ff9e0250000 rw-p 00000000 00:00 0 
7ff9e0250000-7ff9e0253000 r-xp 00000000 08:01 20845366                   /lib/x86_64-linux-gnu/libdl-2.23.so
7ff9e0253000-7ff9e0452000 ---p 00003000 08:01 20845366                   /lib/x86_64-linux-gnu/libdl-2.23.so
7ff9e0452000-7ff9e0453000 r--p 00002000 08:01 20845366                   /lib/x86_64-linux-gnu/libdl-2.23.so
7ff9e0453000-7ff9e0454000 rw-p 00003000 08:01 20845366                   /lib/x86_64-linux-gnu/libdl-2.23.so
7ff9e0454000-7ff9e0469000 r-xp 00000000 08:01 24118528                   /home/michael1337/Programs/jdk/jdk1.8.0_121/lib/amd64/jli/libjli.so
7ff9e0469000-7ff9e0669000 ---p 00015000 08:01 24118528                   /home/michael1337/Programs/jdk/jdk1.8.0_121/lib/amd64/jli/libjli.so
7ff9e0669000-7ff9e066a000 rw-p 00015000 08:01 24118528                   /home/michael1337/Programs/jdk/jdk1.8.0_121/lib/amd64/jli/libjli.so
7ff9e066a000-7ff9e0682000 r-xp 00000000 08:01 20845363                   /lib/x86_64-linux-gnu/libpthread-2.23.so
7ff9e0682000-7ff9e0881000 ---p 00018000 08:01 20845363                   /lib/x86_64-linux-gnu/libpthread-2.23.so
7ff9e0881000-7ff9e0882000 r--p 00017000 08:01 20845363                   /lib/x86_64-linux-gnu/libpthread-2.23.so
7ff9e0882000-7ff9e0883000 rw-p 00018000 08:01 20845363                   /lib/x86_64-linux-gnu/libpthread-2.23.so
7ff9e0883000-7ff9e0887000 rw-p 00000000 00:00 0 
7ff9e0887000-7ff9e08ad000 r-xp 00000000 08:01 20845362                   /lib/x86_64-linux-gnu/ld-2.23.so
7ff9e08ad000-7ff9e08ae000 r--s 0000e000 08:01 26221540                   /home/michael1337/Documents/Neolithic/game/lib/lwjgl/lwjgl-glfw-natives-macos.jar
7ff9e08ae000-7ff9e08b2000 r--s 00027000 08:01 26221534                   /home/michael1337/Documents/Neolithic/game/lib/lwjgl/lwjgl-bgfx.jar
7ff9e08b2000-7ff9e08b3000 r--s 0009f000 08:01 26221533                   /home/michael1337/Documents/Neolithic/game/lib/lwjgl/lwjgl-bgfx-natives-windows.jar
7ff9e08b3000-7ff9e08b4000 r--s 00041000 08:01 26221541                   /home/michael1337/Documents/Neolithic/game/lib/lwjgl/lwjgl-bgfx-natives-macos.jar
7ff9e08b4000-7ff9e08b5000 r--s 00051000 08:01 26221532                   /home/michael1337/Documents/Neolithic/game/lib/lwjgl/lwjgl-bgfx-natives-linux.jar
7ff9e08b5000-7ff9e08b9000 r--s 0002e000 08:01 26221528                   /home/michael1337/Documents/Neolithic/game/lib/lwjgl/lwjgl-assimp.jar
7ff9e08b9000-7ff9e08ba000 r--s 003ca000 08:01 26221526                   /home/michael1337/Documents/Neolithic/game/lib/lwjgl/lwjgl-assimp-natives-windows.jar
7ff9e08ba000-7ff9e08bb000 r--s 00230000 08:01 26221537                   /home/michael1337/Documents/Neolithic/game/lib/lwjgl/lwjgl-assimp-natives-macos.jar
7ff9e08bb000-7ff9e08bc000 r--s 002ed000 08:01 26221523                   /home/michael1337/Documents/Neolithic/game/lib/lwjgl/lwjgl-assimp-natives-linux.jar
7ff9e08bc000-7ff9e08bd000 r--s 00000000 08:01 24119464                   /home/michael1337/Programs/jdk/jdk1.8.0_121/jre/lib/management-agent.jar
7ff9e08bd000-7ff9e08c1000 r--s 0009a000 08:01 24119337                   /home/michael1337/Programs/jdk/jdk1.8.0_121/jre/lib/jsse.jar
7ff9e08c1000-7ff9e08c3000 r--s 00007000 08:01 24119458                   /home/michael1337/Programs/jdk/jdk1.8.0_121/jre/lib/jfxswt.jar
7ff9e08c3000-7ff9e08c8000 r--s 00084000 08:01 24119492                   /home/michael1337/Programs/jdk/jdk1.8.0_121/jre/lib/jfr.jar
7ff9e08c8000-7ff9e08cb000 r--s 0001a000 08:01 24119647                   /home/michael1337/Programs/jdk/jdk1.8.0_121/jre/lib/jce.jar
7ff9e08cb000-7ff9e08d5000 r--s 0006c000 08:01 24119500                   /home/michael1337/Programs/jdk/jdk1.8.0_121/jre/lib/javaws.jar
7ff9e08d5000-7ff9e097c000 rw-p 00000000 00:00 0 
7ff9e097c000-7ff9e097f000 ---p 00000000 00:00 0 
7ff9e097f000-7ff9e0a82000 rw-p 00000000 00:00 0 
7ff9e0a82000-7ff9e0a9d000 r--s 00209000 08:01 24119501                   /home/michael1337/Programs/jdk/jdk1.8.0_121/jre/lib/deploy.jar
7ff9e0a9d000-7ff9e0aa2000 r--s 002f9000 08:01 24119338                   /home/michael1337/Programs/jdk/jdk1.8.0_121/jre/lib/charsets.jar
7ff9e0aa2000-7ff9e0aaa000 rw-s 00000000 08:01 25568111                   /tmp/hsperfdata_michael1337/17339
7ff9e0aaa000-7ff9e0aab000 rw-p 00000000 00:00 0 
7ff9e0aab000-7ff9e0aac000 r--p 00000000 00:00 0 
7ff9e0aac000-7ff9e0aad000 r--p 00025000 08:01 20845362                   /lib/x86_64-linux-gnu/ld-2.23.so
7ff9e0aad000-7ff9e0aae000 rw-p 00026000 08:01 20845362                   /lib/x86_64-linux-gnu/ld-2.23.so
7ff9e0aae000-7ff9e0aaf000 rw-p 00000000 00:00 0 
7ffcd0ac8000-7ffcd0aeb000 rw-p 00000000 00:00 0                          [stack]
7ffcd0bda000-7ffcd0bdd000 r--p 00000000 00:00 0                          [vvar]
7ffcd0bdd000-7ffcd0bdf000 r-xp 00000000 00:00 0                          [vdso]
ffffffffff600000-ffffffffff601000 r-xp 00000000 00:00 0                  [vsyscall]

VM Arguments:
jvm_args: -Dsun.java2d.opengl=true -javaagent:/home/michael1337/Programs/intellij/idea-IU-181.5281.24/lib/idea_rt.jar=38071:/home/michael1337/Programs/intellij/idea-IU-181.5281.24/bin -Dfile.encoding=UTF-8 
java_command: Start
java_class_path (initial): /home/michael1337/Programs/jdk/jdk1.8.0_121/jre/lib/charsets.jar:/home/michael1337/Programs/jdk/jdk1.8.0_121/jre/lib/deploy.jar:/home/michael1337/Programs/jdk/jdk1.8.0_121/jre/lib/ext/cldrdata.jar:/home/michael1337/Programs/jdk/jdk1.8.0_121/jre/lib/ext/dnsns.jar:/home/michael1337/Programs/jdk/jdk1.8.0_121/jre/lib/ext/jaccess.jar:/home/michael1337/Programs/jdk/jdk1.8.0_121/jre/lib/ext/jfxrt.jar:/home/michael1337/Programs/jdk/jdk1.8.0_121/jre/lib/ext/localedata.jar:/home/michael1337/Programs/jdk/jdk1.8.0_121/jre/lib/ext/nashorn.jar:/home/michael1337/Programs/jdk/jdk1.8.0_121/jre/lib/ext/sunec.jar:/home/michael1337/Programs/jdk/jdk1.8.0_121/jre/lib/ext/sunjce_provider.jar:/home/michael1337/Programs/jdk/jdk1.8.0_121/jre/lib/ext/sunpkcs11.jar:/home/michael1337/Programs/jdk/jdk1.8.0_121/jre/lib/ext/zipfs.jar:/home/michael1337/Programs/jdk/jdk1.8.0_121/jre/lib/javaws.jar:/home/michael1337/Programs/jdk/jdk1.8.0_121/jre/lib/jce.jar:/home/michael1337/Programs/jdk/jdk1.8.0_121/jre/lib/jfr.jar:/home/michael1337/Programs/jdk/jdk1.8.0_121/jre/lib/jfxswt.jar:/home/michael1337/Programs/jdk/jdk1.8.0_121/jre/lib/jsse.jar:/home/michael1337/Programs/jdk/jdk1.8.0_121/jre/lib/management-agent.jar:/home/michael1337/Programs/jdk/jdk1.8.0_121/jre/lib/plugin.jar:/home/michael1337/Programs/jdk/jdk1.8.0_121/jre/lib/resources.jar:/home/michael1337/Programs/jdk/jdk1.8.0_121/jre/lib/rt.jar:/home/michael1337/Documents/Neolithic/game/out/production/game:/home/michael1337/Documents/Neolithic/game/lib/lwjgl/lwjgl-assimp-natives-linux.jar:/home/michael1337/Documents/Neolithic/game/lib/lwjgl/lwjgl-assimp-natives-macos.jar:/home/michael1337/Documents/Neolithic/game/lib/lwjgl/lwjgl-assimp-natives-windows.jar:/home/michael1337/Documents/Neolithic/game/lib/lwjgl/lwjgl-assimp.jar:/home/michael1337/Documents/Neolithic/game/lib/lwjgl/lwjgl-bgfx-natives-linux.jar:/home/michael1337/Documents/Neolithic/game/lib/lwjgl/lwjgl-bgfx-natives-macos.jar:/home/michael1337/Documents/Neolithic/
Launcher Type: SUN_STANDARD

Environment Variables:
JAVA_HOME=/home/michael1337/Programs/jdk/jdk1.8.0_121
PATH=/home/michael1337/Programs/Spin/Spin/Src6.4.8:/home/michael1337/anaconda3/bin:/home/michael1337/bin:/home/michael1337/.local/bin:/usr/local/sbin:/usr/local/bin:/usr/sbin:/usr/bin:/sbin:/bin:/usr/games:/usr/local/games:/snap/bin:/home/michael1337/Programs/jdk/jdk1.8.0_121
USERNAME=michael1337
SHELL=/bin/bash
DISPLAY=:1

Signal Handlers:
SIGSEGV: [libjvm.so+0xac78c0], sa_mask[0]=11111111011111111101111111111110, sa_flags=SA_RESTART|SA_SIGINFO
SIGBUS: [libjvm.so+0xac78c0], sa_mask[0]=11111111011111111101111111111110, sa_flags=SA_RESTART|SA_SIGINFO
SIGFPE: [libjvm.so+0x920ac0], sa_mask[0]=11111111011111111101111111111110, sa_flags=SA_RESTART|SA_SIGINFO
SIGPIPE: [libjvm.so+0x920ac0], sa_mask[0]=11111111011111111101111111111110, sa_flags=SA_RESTART|SA_SIGINFO
SIGXFSZ: [libjvm.so+0x920ac0], sa_mask[0]=11111111011111111101111111111110, sa_flags=SA_RESTART|SA_SIGINFO
SIGILL: [libjvm.so+0x920ac0], sa_mask[0]=11111111011111111101111111111110, sa_flags=SA_RESTART|SA_SIGINFO
SIGUSR1: SIG_DFL, sa_mask[0]=00000000000000000000000000000000, sa_flags=none
SIGUSR2: [libjvm.so+0x922300], sa_mask[0]=00100000000000000000000000000000, sa_flags=SA_RESTART|SA_SIGINFO
SIGHUP: [libjvm.so+0x923700], sa_mask[0]=11111111011111111101111111111110, sa_flags=SA_RESTART|SA_SIGINFO
SIGINT: [libjvm.so+0x923700], sa_mask[0]=11111111011111111101111111111110, sa_flags=SA_RESTART|SA_SIGINFO
SIGTERM: [libjvm.so+0x923700], sa_mask[0]=11111111011111111101111111111110, sa_flags=SA_RESTART|SA_SIGINFO
SIGQUIT: [libjvm.so+0x923700], sa_mask[0]=11111111011111111101111111111110, sa_flags=SA_RESTART|SA_SIGINFO


---------------  S Y S T E M  ---------------

OS:DISTRIB_ID=Ubuntu
DISTRIB_RELEASE=16.04
DISTRIB_CODENAME=xenial
DISTRIB_DESCRIPTION="Ubuntu 16.04.4 LTS"

uname:Linux 4.4.0-130-generic #156-Ubuntu SMP Thu Jun 14 08:53:28 UTC 2018 x86_64
libc:glibc 2.23 NPTL 2.23 
rlimit: STACK 8192k, CORE 0k, NPROC 61761, NOFILE 1048576, AS infinity
load average:1,61 1,70 1,77

/proc/meminfo:
MemTotal:       15852036 kB
MemFree:         2603440 kB
MemAvailable:    8952584 kB
Buffers:         1070352 kB
Cached:          5388788 kB
SwapCached:            0 kB
Active:          9540792 kB
Inactive:        2614220 kB
Active(anon):    5726740 kB
Inactive(anon):   596532 kB
Active(file):    3814052 kB
Inactive(file):  2017688 kB
Unevictable:          16 kB
Mlocked:              16 kB
SwapTotal:      16189436 kB
SwapFree:       16189436 kB
Dirty:             24844 kB
Writeback:             0 kB
AnonPages:       5696044 kB
Mapped:           755804 kB
Shmem:            627404 kB
Slab:             915164 kB
SReclaimable:     853856 kB
SUnreclaim:        61308 kB
KernelStack:       14416 kB
PageTables:        90580 kB
NFS_Unstable:          0 kB
Bounce:                0 kB
WritebackTmp:          0 kB
CommitLimit:    24115452 kB
Committed_AS:   77876092 kB
VmallocTotal:   34359738367 kB
VmallocUsed:           0 kB
VmallocChunk:          0 kB
HardwareCorrupted:     0 kB
AnonHugePages:         0 kB
CmaTotal:              0 kB
CmaFree:               0 kB
HugePages_Total:       0
HugePages_Free:        0
HugePages_Rsvd:        0
HugePages_Surp:        0
Hugepagesize:       2048 kB
DirectMap4k:      267972 kB
DirectMap2M:    13826048 kB
DirectMap1G:     2097152 kB


CPU:total 4 (2 cores per cpu, 2 threads per core) family 6 model 78 stepping 3, cmov, cx8, fxsr, mmx, sse, sse2, sse3, ssse3, sse4.1, sse4.2, popcnt, avx, avx2, aes, clmul, erms, 3dnowpref, lzcnt, ht, tsc, tscinvbit, bmi1, bmi2, adx

/proc/cpuinfo:
processor	: 0
vendor_id	: GenuineIntel
cpu family	: 6
model		: 78
model name	: Intel(R) Core(TM) i7-6500U CPU @ 2.50GHz
stepping	: 3
microcode	: 0xc2
cpu MHz		: 2699.937
cache size	: 4096 KB
physical id	: 0
siblings	: 4
core id		: 0
cpu cores	: 2
apicid		: 0
initial apicid	: 0
fpu		: yes
fpu_exception	: yes
cpuid level	: 22
wp		: yes
flags		: fpu vme de pse tsc msr pae mce cx8 apic sep mtrr pge mca cmov pat pse36 clflush dts acpi mmx fxsr sse sse2 ss ht tm pbe syscall nx pdpe1gb rdtscp lm constant_tsc art arch_perfmon pebs bts rep_good nopl xtopology nonstop_tsc aperfmperf eagerfpu pni pclmulqdq dtes64 monitor ds_cpl vmx est tm2 ssse3 sdbg fma cx16 xtpr pdcm pcid sse4_1 sse4_2 x2apic movbe popcnt tsc_deadline_timer aes xsave avx f16c rdrand lahf_lm abm 3dnowprefetch epb invpcid_single intel_pt ibrs ibpb stibp kaiser tpr_shadow vnmi flexpriority ept vpid fsgsbase tsc_adjust bmi1 avx2 smep bmi2 erms invpcid mpx rdseed adx smap clflushopt xsaveopt xsavec xgetbv1 dtherm ida arat pln pts hwp hwp_notify hwp_act_window hwp_epp
bugs		: cpu_meltdown spectre_v1 spectre_v2 spec_store_bypass
bogomips	: 5184.48
clflush size	: 64
cache_alignment	: 64
address sizes	: 39 bits physical, 48 bits virtual
power management:

processor	: 1
vendor_id	: GenuineIntel
cpu family	: 6
model		: 78
model name	: Intel(R) Core(TM) i7-6500U CPU @ 2.50GHz
stepping	: 3
microcode	: 0xc2
cpu MHz		: 2699.937
cache size	: 4096 KB
physical id	: 0
siblings	: 4
core id		: 1
cpu cores	: 2
apicid		: 2
initial apicid	: 2
fpu		: yes
fpu_exception	: yes
cpuid level	: 22
wp		: yes
flags		: fpu vme de pse tsc msr pae mce cx8 apic sep mtrr pge mca cmov pat pse36 clflush dts acpi mmx fxsr sse sse2 ss ht tm pbe syscall nx pdpe1gb rdtscp lm constant_tsc art arch_perfmon pebs bts rep_good nopl xtopology nonstop_tsc aperfmperf eagerfpu pni pclmulqdq dtes64 monitor ds_cpl vmx est tm2 ssse3 sdbg fma cx16 xtpr pdcm pcid sse4_1 sse4_2 x2apic movbe popcnt tsc_deadline_timer aes xsave avx f16c rdrand lahf_lm abm 3dnowprefetch epb invpcid_single intel_pt ibrs ibpb stibp kaiser tpr_shadow vnmi flexpriority ept vpid fsgsbase tsc_adjust bmi1 avx2 smep bmi2 erms invpcid mpx rdseed adx smap clflushopt xsaveopt xsavec xgetbv1 dtherm ida arat pln pts hwp hwp_notify hwp_act_window hwp_epp
bugs		: cpu_meltdown spectre_v1 spectre_v2 spec_store_bypass
bogomips	: 5184.48
clflush size	: 64
cache_alignment	: 64
address sizes	: 39 bits physical, 48 bits virtual
power management:

processor	: 2
vendor_id	: GenuineIntel
cpu family	: 6
model		: 78
model name	: Intel(R) Core(TM) i7-6500U CPU @ 2.50GHz
stepping	: 3
microcode	: 0xc2
cpu MHz		: 2699.937
cache size	: 4096 KB
physical id	: 0
siblings	: 4
core id		: 0
cpu cores	: 2
apicid		: 1
initial apicid	: 1
fpu		: yes
fpu_exception	: yes
cpuid level	: 22
wp		: yes
flags		: fpu vme de pse tsc msr pae mce cx8 apic sep mtrr pge mca cmov pat pse36 clflush dts acpi mmx fxsr sse sse2 ss ht tm pbe syscall nx pdpe1gb rdtscp lm constant_tsc art arch_perfmon pebs bts rep_good nopl xtopology nonstop_tsc aperfmperf eagerfpu pni pclmulqdq dtes64 monitor ds_cpl vmx est tm2 ssse3 sdbg fma cx16 xtpr pdcm pcid sse4_1 sse4_2 x2apic movbe popcnt tsc_deadline_timer aes xsave avx f16c rdrand lahf_lm abm 3dnowprefetch epb invpcid_single intel_pt ibrs ibpb stibp kaiser tpr_shadow vnmi flexpriority ept vpid fsgsbase tsc_adjust bmi1 avx2 smep bmi2 erms invpcid mpx rdseed adx smap clflushopt xsaveopt xsavec xgetbv1 dtherm ida arat pln pts hwp hwp_notify hwp_act_window hwp_epp
bugs		: cpu_meltdown spectre_v1 spectre_v2 spec_store_bypass
bogomips	: 5184.48
clflush size	: 64
cache_alignment	: 64
address sizes	: 39 bits physical, 48 bits virtual
power management:

processor	: 3
vendor_id	: GenuineIntel
cpu family	: 6
model		: 78
model name	: Intel(R) Core(TM) i7-6500U CPU @ 2.50GHz
stepping	: 3
microcode	: 0xc2
cpu MHz		: 2699.937
cache size	: 4096 KB
physical id	: 0
siblings	: 4
core id		: 1
cpu cores	: 2
apicid		: 3
initial apicid	: 3
fpu		: yes
fpu_exception	: yes
cpuid level	: 22
wp		: yes
flags		: fpu vme de pse tsc msr pae mce cx8 apic sep mtrr pge mca cmov pat pse36 clflush dts acpi mmx fxsr sse sse2 ss ht tm pbe syscall nx pdpe1gb rdtscp lm constant_tsc art arch_perfmon pebs bts rep_good nopl xtopology nonstop_tsc aperfmperf eagerfpu pni pclmulqdq dtes64 monitor ds_cpl vmx est tm2 ssse3 sdbg fma cx16 xtpr pdcm pcid sse4_1 sse4_2 x2apic movbe popcnt tsc_deadline_timer aes xsave avx f16c rdrand lahf_lm abm 3dnowprefetch epb invpcid_single intel_pt ibrs ibpb stibp kaiser tpr_shadow vnmi flexpriority ept vpid fsgsbase tsc_adjust bmi1 avx2 smep bmi2 erms invpcid mpx rdseed adx smap clflushopt xsaveopt xsavec xgetbv1 dtherm ida arat pln pts hwp hwp_notify hwp_act_window hwp_epp
bugs		: cpu_meltdown spectre_v1 spectre_v2 spec_store_bypass
bogomips	: 5184.48
clflush size	: 64
cache_alignment	: 64
address sizes	: 39 bits physical, 48 bits virtual
power management:



Memory: 4k page, physical 15852036k(2602740k free), swap 16189436k(16189436k free)

vm_info: Java HotSpot(TM) 64-Bit Server VM (25.121-b13) for linux-amd64 JRE (1.8.0_121-b13), built on Dec 12 2016 16:36:53 by "java_re" with gcc 4.3.0 20080428 (Red Hat 4.3.0-8)

time: Mon Jul 30 15:36:36 2018
elapsed time: 0 seconds (0d 0h 0m 0s)

