#
# A fatal error has been detected by the Java Runtime Environment:
#
#  SIGSEGV (0xb) at pc=0x00007f4a709f56ec, pid=30785, tid=0x00007f4a93032700
#
# JRE version: Java(TM) SE Runtime Environment (8.0_121-b13) (build 1.8.0_121-b13)
# Java VM: Java HotSpot(TM) 64-Bit Server VM (25.121-b13 mixed mode linux-amd64 compressed oops)
# Problematic frame:
# C  [liblwjgl_opengl.so+0x446ec]  Java_org_lwjgl_opengl_GL30_nglGenVertexArrays__IJ+0xc
#
# Failed to write core dump. Core dumps have been disabled. To enable core dumping, try "ulimit -c unlimited" before starting Java again
#
# If you would like to submit a bug report, please visit:
#   http://bugreport.java.com/bugreport/crash.jsp
# The crash happened outside the Java Virtual Machine in native code.
# See problematic frame for where to report the bug.
#

---------------  T H R E A D  ---------------

Current thread (0x00007f4a8c00d000):  JavaThread "main" [_thread_in_native, id=30791, stack(0x00007f4a92f32000,0x00007f4a93033000)]

siginfo: si_signo: 11 (SIGSEGV), si_code: 1 (SEGV_MAPERR), si_addr: 0x0000000000000f70

Registers:
RAX=0x0000000000000000, RBX=0x00007f4a73535680, RCX=0x00007f4a8c4bfd0c, RDX=0x0000000000000001
RSP=0x00007f4a93031588, RBP=0x00007f4a930315e8, RSI=0x00007f4a8c4bfd0c, RDI=0x0000000000000001
R8 =0x0000000000000000, R9 =0x0000000000000004, R10=0x00007f4a7cdfca08, R11=0x00007f4a91e0dea0
R12=0x0000000000000000, R13=0x00007f4a73535680, R14=0x00007f4a93031618, R15=0x00007f4a8c00d000
RIP=0x00007f4a709f56ec, EFLAGS=0x0000000000010283, CSGSFS=0x0000000000000033, ERR=0x0000000000000004
  TRAPNO=0x000000000000000e

Top of Stack: (sp=0x00007f4a93031588)
0x00007f4a93031588:   00007f4a7cdfca34 00007f4a930315e8
0x00007f4a93031598:   00007f4a7cdfc7c7 00007f4a7cdfc782
0x00007f4a930315a8:   00007f4a930315a8 00007f4a73535680
0x00007f4a930315b8:   00007f4a93031618 00007f4a7353e2a8
0x00007f4a930315c8:   0000000000000000 00007f4a73535680
0x00007f4a930315d8:   0000000000000000 00007f4a93031608
0x00007f4a930315e8:   00007f4a93031660 00007f4a7cded2bd
0x00007f4a930315f8:   0000000770151318 00007f4a7cdf6538
0x00007f4a93031608:   00007f4a8c4bfd0c 00000007706b4c68
0x00007f4a93031618:   0000000000000001 00007f4a93031620
0x00007f4a93031628:   00007f4a735357f4 00007f4a93031690
0x00007f4a93031638:   00007f4a7353e2a8 0000000000000000
0x00007f4a93031648:   00007f4a73535860 00007f4a93031608
0x00007f4a93031658:   00007f4a93031698 00007f4a930316e0
0x00007f4a93031668:   00007f4a7cdecd00 0000000000000000
0x00007f4a93031678:   0000000000000000 00000007706b4c68
0x00007f4a93031688:   0000000000010000 00000007705ed898
0x00007f4a93031698:   00000007700fd110 00007f4a930316a0
0x00007f4a930316a8:   00007f4a73523cf2 00007f4a93031710
0x00007f4a930316b8:   00007f4a73524d38 0000000000000000
0x00007f4a930316c8:   00007f4a73523d70 00007f4a93031698
0x00007f4a930316d8:   00007f4a930316f0 00007f4a93031760
0x00007f4a930316e8:   00007f4a7cded2bd 0000000770112628
0x00007f4a930316f8:   000000077010c9d8 0000000770109c68
0x00007f4a93031708:   0000000770100e50 00000007700fd110
0x00007f4a93031718:   00000007700fd110 00007f4a93031720
0x00007f4a93031728:   00007f4a7351e719 00007f4a930317e0
0x00007f4a93031738:   00007f4a7351e960 0000000000000000
0x00007f4a93031748:   00007f4a7351e858 00007f4a930316f0
0x00007f4a93031758:   00007f4a930317e0 00007f4a93031830
0x00007f4a93031768:   00007f4a7cded040 00000007700d3fc8
0x00007f4a93031778:   0000000700000003 00000007700d3cf8 

Instructions: (pc=0x00007f4a709f56ec)
0x00007f4a709f56cc:   78 1c 00 00 ff e0 66 66 66 66 66 2e 0f 1f 84 00
0x00007f4a709f56dc:   00 00 00 00 48 8b 07 48 89 ce 89 d7 48 8b 40 18
0x00007f4a709f56ec:   48 8b 80 70 0f 00 00 ff e0 66 66 2e 0f 1f 84 00
0x00007f4a709f56fc:   00 00 00 00 48 8b 07 48 89 ce 89 d7 48 8b 40 18 

Register to memory mapping:

RAX=0x0000000000000000 is an unknown value
RBX={method} {0x00007f4a73535680} 'nglGenVertexArrays' '(IJ)V' in 'org/lwjgl/opengl/GL30'
RCX=0x00007f4a8c4bfd0c is an unknown value
RDX=0x0000000000000001 is an unknown value
RSP=0x00007f4a93031588 is pointing into the stack for thread: 0x00007f4a8c00d000
RBP=0x00007f4a930315e8 is pointing into the stack for thread: 0x00007f4a8c00d000
RSI=0x00007f4a8c4bfd0c is an unknown value
RDI=0x0000000000000001 is an unknown value
R8 =0x0000000000000000 is an unknown value
R9 =0x0000000000000004 is an unknown value
R10=0x00007f4a7cdfca08 is at code_begin+808 in an Interpreter codelet
method entry point (kind = native)  [0x00007f4a7cdfc6e0, 0x00007f4a7cdfcfe0]  2304 bytes
R11=0x00007f4a91e0dea0: <offset 0x9c3ea0> in /home/michael1337/Programs/jdk/jdk1.8.0_121/jre/lib/amd64/server/libjvm.so at 0x00007f4a9144a000
R12=0x0000000000000000 is an unknown value
R13={method} {0x00007f4a73535680} 'nglGenVertexArrays' '(IJ)V' in 'org/lwjgl/opengl/GL30'
R14=0x00007f4a93031618 is pointing into the stack for thread: 0x00007f4a8c00d000
R15=0x00007f4a8c00d000 is a thread


Stack: [0x00007f4a92f32000,0x00007f4a93033000],  sp=0x00007f4a93031588,  free space=1021k
Native frames: (J=compiled Java code, j=interpreted, Vv=VM code, C=native code)
C  [liblwjgl_opengl.so+0x446ec]  Java_org_lwjgl_opengl_GL30_nglGenVertexArrays__IJ+0xc
j  org.lwjgl.opengl.GL30.glGenVertexArrays()I+20
j  engine.graphics.objects.models.Mesh.<init>([F[I[F[F)V+58
j  load.OBJLoader.loadMesh(Ljava/lang/String;)Lengine/graphics/objects/models/Mesh;+625
j  engine.graphics.objects.MeshHub.loadMesh()V+5
j  engine.data.proto.Data.load()V+32
j  engine.Engine.loadData()V+15
j  tests.parser.ParserTest.main([Ljava/lang/String;)V+3
v  ~StubRoutines::call_stub
V  [libjvm.so+0x690dd6]  JavaCalls::call_helper(JavaValue*, methodHandle*, JavaCallArguments*, Thread*)+0x1056
V  [libjvm.so+0x6d21e2]  jni_invoke_static(JNIEnv_*, JavaValue*, _jobject*, JNICallType, _jmethodID*, JNI_ArgumentPusher*, Thread*)+0x362
V  [libjvm.so+0x6eea4a]  jni_CallStaticVoidMethod+0x17a
C  [libjli.so+0x7bdf]  JavaMain+0x81f
C  [libpthread.so.0+0x76ba]  start_thread+0xca

Java frames: (J=compiled Java code, j=interpreted, Vv=VM code)
j  org.lwjgl.opengl.GL30.nglGenVertexArrays(IJ)V+0
j  org.lwjgl.opengl.GL30.glGenVertexArrays()I+20
j  engine.graphics.objects.models.Mesh.<init>([F[I[F[F)V+58
j  load.OBJLoader.loadMesh(Ljava/lang/String;)Lengine/graphics/objects/models/Mesh;+625
j  engine.graphics.objects.MeshHub.loadMesh()V+5
j  engine.data.proto.Data.load()V+32
j  engine.Engine.loadData()V+15
j  tests.parser.ParserTest.main([Ljava/lang/String;)V+3
v  ~StubRoutines::call_stub

---------------  P R O C E S S  ---------------

Java Threads: ( => current thread )
  0x00007f4a8c3c7000 JavaThread "Service Thread" daemon [_thread_blocked, id=30813, stack(0x00007f4a71185000,0x00007f4a71286000)]
  0x00007f4a8c3c2000 JavaThread "C1 CompilerThread2" daemon [_thread_blocked, id=30812, stack(0x00007f4a71286000,0x00007f4a71387000)]
  0x00007f4a8c3c0000 JavaThread "C2 CompilerThread1" daemon [_thread_blocked, id=30811, stack(0x00007f4a7159e000,0x00007f4a7169f000)]
  0x00007f4a8c3be000 JavaThread "C2 CompilerThread0" daemon [_thread_blocked, id=30810, stack(0x00007f4a7169f000,0x00007f4a717a0000)]
  0x00007f4a8c3bc800 JavaThread "Monitor Ctrl-Break" daemon [_thread_in_native, id=30809, stack(0x00007f4a717a0000,0x00007f4a718a1000)]
  0x00007f4a8c180000 JavaThread "Signal Dispatcher" daemon [_thread_blocked, id=30808, stack(0x00007f4a718e1000,0x00007f4a719e2000)]
  0x00007f4a8c14e800 JavaThread "Finalizer" daemon [_thread_blocked, id=30801, stack(0x00007f4a71cbb000,0x00007f4a71dbc000)]
  0x00007f4a8c14a000 JavaThread "Reference Handler" daemon [_thread_blocked, id=30800, stack(0x00007f4a71dbc000,0x00007f4a71ebd000)]
=>0x00007f4a8c00d000 JavaThread "main" [_thread_in_native, id=30791, stack(0x00007f4a92f32000,0x00007f4a93033000)]

Other Threads:
  0x00007f4a8c142800 VMThread [stack: 0x00007f4a71ebd000,0x00007f4a71fbe000] [id=30799]
  0x00007f4a8c3ca800 WatcherThread [stack: 0x00007f4a71084000,0x00007f4a71185000] [id=30814]

VM state:not at safepoint (normal execution)

VM Mutex/Monitor currently owned by a thread: None

Heap:
 PSYoungGen      total 72192K, used 18630K [0x000000076f580000, 0x0000000774600000, 0x00000007c0000000)
  eden space 61952K, 30% used [0x000000076f580000,0x00000007707b19e8,0x0000000773200000)
  from space 10240K, 0% used [0x0000000773c00000,0x0000000773c00000,0x0000000774600000)
  to   space 10240K, 0% used [0x0000000773200000,0x0000000773200000,0x0000000773c00000)
 ParOldGen       total 165376K, used 0K [0x00000006ce000000, 0x00000006d8180000, 0x000000076f580000)
  object space 165376K, 0% used [0x00000006ce000000,0x00000006ce000000,0x00000006d8180000)
 Metaspace       used 5899K, capacity 6082K, committed 6144K, reserved 1056768K
  class space    used 661K, capacity 735K, committed 768K, reserved 1048576K

Card table byte_map: [0x00007f4a7c294000,0x00007f4a7ca25000] byte_map_base: 0x00007f4a78c24000

Marking Bits: (ParMarkBitMap*) 0x00007f4a9240ec80
 Begin Bits: [0x00007f4a74085000, 0x00007f4a77d05000)
 End Bits:   [0x00007f4a77d05000, 0x00007f4a7b985000)

Polling page: 0x00007f4a93061000

CodeCache: size=245760Kb used=2355Kb max_used=2367Kb free=243404Kb
 bounds [0x00007f4a7cde5000, 0x00007f4a7d055000, 0x00007f4a8bde5000]
 total_blobs=891 nmethods=565 adapters=240
 compilation: enabled

Compilation events (10 events):
Event: 0,773 Thread 0x00007f4a8c3c2000 nmethod 560 0x00007f4a7d030e10 code [0x00007f4a7d030f80, 0x00007f4a7d031208]
Event: 0,773 Thread 0x00007f4a8c3c2000  561       3       java.util.jar.JarFile$JarEntryIterator::hasNext (10 bytes)
Event: 0,773 Thread 0x00007f4a8c3c2000 nmethod 561 0x00007f4a7d031310 code [0x00007f4a7d031480, 0x00007f4a7d0316a8]
Event: 0,773 Thread 0x00007f4a8c3c2000  563       3       java.lang.ref.Finalizer::register (10 bytes)
Event: 0,773 Thread 0x00007f4a8c3c2000 nmethod 563 0x00007f4a7d031750 code [0x00007f4a7d0318e0, 0x00007f4a7d031d08]
Event: 0,773 Thread 0x00007f4a8c3c2000  562       1       sun.misc.URLClassPath$JarLoader::access$700 (5 bytes)
Event: 0,773 Thread 0x00007f4a8c3c2000 nmethod 562 0x00007f4a7d031ed0 code [0x00007f4a7d032020, 0x00007f4a7d032110]
Event: 0,782 Thread 0x00007f4a8c3be000  564       4       java.util.concurrent.ConcurrentHashMap::tabAt (21 bytes)
Event: 0,783 Thread 0x00007f4a8c3be000 nmethod 564 0x00007f4a7d034dd0 code [0x00007f4a7d034f00, 0x00007f4a7d034f58]
Event: 0,784 Thread 0x00007f4a8c3c0000  565       4       java.util.HashMap::getNode (148 bytes)

GC Heap History (0 events):
No events

Deoptimization events (2 events):
Event: 0,633 Thread 0x00007f4a8c00d000 Uncommon trap: reason=class_check action=maybe_recompile pc=0x00007f4a7cf7a514 method=java.util.AbstractCollection.toArray([Ljava/lang/Object;)[Ljava/lang/Object; @ 1
Event: 0,695 Thread 0x00007f4a8c00d000 Uncommon trap: reason=unstable_if action=reinterpret pc=0x00007f4a7cf7dde8 method=java.lang.CharacterDataLatin1.digit(II)I @ 31

Internal exceptions (10 events):
Event: 0,042 Thread 0x00007f4a8c00d000 Exception <a 'java/lang/NoSuchMethodError': Method sun.misc.Unsafe.defineClass(Ljava/lang/String;[BII)Ljava/lang/Class; name or signature does not match> (0x000000076f587ca8) thrown at [/HUDSON3/workspace/8-2-build-linux-amd64/jdk8u121/8372/hotspot/src/sh
Event: 0,042 Thread 0x00007f4a8c00d000 Exception <a 'java/lang/NoSuchMethodError': Method sun.misc.Unsafe.prefetchRead(Ljava/lang/Object;J)V name or signature does not match> (0x000000076f587f90) thrown at [/HUDSON3/workspace/8-2-build-linux-amd64/jdk8u121/8372/hotspot/src/share/vm/prims/jni.c
Event: 0,611 Thread 0x00007f4a8c00d000 Exception <a 'java/lang/NoSuchFieldError': method resolution failed> (0x0000000770313780) thrown at [/HUDSON3/workspace/8-2-build-linux-amd64/jdk8u121/8372/hotspot/src/share/vm/prims/methodHandles.cpp, line 1146]
Event: 0,630 Thread 0x00007f4a8c00d000 Exception <a 'java/lang/NoSuchFieldError': method resolution failed> (0x0000000770321598) thrown at [/HUDSON3/workspace/8-2-build-linux-amd64/jdk8u121/8372/hotspot/src/share/vm/prims/methodHandles.cpp, line 1146]
Event: 0,709 Thread 0x00007f4a8c00d000 Exception <a 'java/lang/NoSuchMethodError': java.lang.Object.lambda$static$0(Ljava/lang/String;)Ljava/lang/Boolean;> (0x000000077048a9a8) thrown at [/HUDSON3/workspace/8-2-build-linux-amd64/jdk8u121/8372/hotspot/src/share/vm/interpreter/linkResolver.cpp, 
Event: 0,721 Thread 0x00007f4a8c00d000 Exception <a 'java/security/PrivilegedActionException'> (0x00000007704ddf98) thrown at [/HUDSON3/workspace/8-2-build-linux-amd64/jdk8u121/8372/hotspot/src/share/vm/prims/jvm.cpp, line 1390]
Event: 0,721 Thread 0x00007f4a8c00d000 Exception <a 'java/security/PrivilegedActionException'> (0x00000007704de1a8) thrown at [/HUDSON3/workspace/8-2-build-linux-amd64/jdk8u121/8372/hotspot/src/share/vm/prims/jvm.cpp, line 1390]
Event: 0,722 Thread 0x00007f4a8c00d000 Exception <a 'java/security/PrivilegedActionException'> (0x00000007704e0ca8) thrown at [/HUDSON3/workspace/8-2-build-linux-amd64/jdk8u121/8372/hotspot/src/share/vm/prims/jvm.cpp, line 1390]
Event: 0,722 Thread 0x00007f4a8c00d000 Exception <a 'java/security/PrivilegedActionException'> (0x00000007704e0eb8) thrown at [/HUDSON3/workspace/8-2-build-linux-amd64/jdk8u121/8372/hotspot/src/share/vm/prims/jvm.cpp, line 1390]
Event: 0,758 Thread 0x00007f4a8c00d000 Exception <a 'sun/nio/fs/UnixException'> (0x000000077059c068) thrown at [/HUDSON3/workspace/8-2-build-linux-amd64/jdk8u121/8372/hotspot/src/share/vm/prims/jni.cpp, line 709]

Events (10 events):
Event: 0,777 loading class org/lwjgl/system/jni/JNINativeInterface
Event: 0,777 loading class org/lwjgl/system/jni/JNINativeInterface done
Event: 0,779 loading class org/lwjgl/system/linux/DynamicLinkLoader
Event: 0,779 loading class org/lwjgl/system/linux/DynamicLinkLoader done
Event: 0,782 loading class org/lwjgl/opengl/GL$2
Event: 0,782 loading class org/lwjgl/opengl/GL$2 done
Event: 0,783 loading class org/lwjgl/opengl/GL$SharedLibraryGL
Event: 0,783 loading class org/lwjgl/opengl/GL$SharedLibraryGL done
Event: 0,784 loading class org/lwjgl/system/SharedLibrary$Delegate
Event: 0,784 loading class org/lwjgl/system/SharedLibrary$Delegate done


Dynamic libraries:
00400000-00401000 r-xp 00000000 08:01 24119309                           /home/michael1337/Programs/jdk/jdk1.8.0_121/bin/java
00600000-00601000 rw-p 00000000 08:01 24119309                           /home/michael1337/Programs/jdk/jdk1.8.0_121/bin/java
00b26000-00b47000 rw-p 00000000 00:00 0                                  [heap]
6ce000000-6d8180000 rw-p 00000000 00:00 0 
6d8180000-76f580000 ---p 00000000 00:00 0 
76f580000-774600000 rw-p 00000000 00:00 0 
774600000-7c0000000 ---p 00000000 00:00 0 
7c0000000-7c00c0000 rw-p 00000000 00:00 0 
7c00c0000-800000000 ---p 00000000 00:00 0 
7f4a30000000-7f4a30021000 rw-p 00000000 00:00 0 
7f4a30021000-7f4a34000000 ---p 00000000 00:00 0 
7f4a36c62000-7f4a36c67000 r-xp 00000000 08:01 4464746                    /usr/lib/x86_64-linux-gnu/libXdmcp.so.6.0.0
7f4a36c67000-7f4a36e66000 ---p 00005000 08:01 4464746                    /usr/lib/x86_64-linux-gnu/libXdmcp.so.6.0.0
7f4a36e66000-7f4a36e67000 r--p 00004000 08:01 4464746                    /usr/lib/x86_64-linux-gnu/libXdmcp.so.6.0.0
7f4a36e67000-7f4a36e68000 rw-p 00005000 08:01 4464746                    /usr/lib/x86_64-linux-gnu/libXdmcp.so.6.0.0
7f4a36e68000-7f4a36e6a000 r-xp 00000000 08:01 4464735                    /usr/lib/x86_64-linux-gnu/libXau.so.6.0.0
7f4a36e6a000-7f4a3706a000 ---p 00002000 08:01 4464735                    /usr/lib/x86_64-linux-gnu/libXau.so.6.0.0
7f4a3706a000-7f4a3706b000 r--p 00002000 08:01 4464735                    /usr/lib/x86_64-linux-gnu/libXau.so.6.0.0
7f4a3706b000-7f4a3706c000 rw-p 00003000 08:01 4464735                    /usr/lib/x86_64-linux-gnu/libXau.so.6.0.0
7f4a3706c000-7f4a3707c000 r-xp 00000000 08:01 4460530                    /usr/lib/x86_64-linux-gnu/libdrm.so.2.4.0
7f4a3707c000-7f4a3727c000 ---p 00010000 08:01 4460530                    /usr/lib/x86_64-linux-gnu/libdrm.so.2.4.0
7f4a3727c000-7f4a3727d000 r--p 00010000 08:01 4460530                    /usr/lib/x86_64-linux-gnu/libdrm.so.2.4.0
7f4a3727d000-7f4a3727e000 rw-p 00011000 08:01 4460530                    /usr/lib/x86_64-linux-gnu/libdrm.so.2.4.0
7f4a3727e000-7f4a37283000 r-xp 00000000 08:01 4464784                    /usr/lib/x86_64-linux-gnu/libXxf86vm.so.1.0.0
7f4a37283000-7f4a37482000 ---p 00005000 08:01 4464784                    /usr/lib/x86_64-linux-gnu/libXxf86vm.so.1.0.0
7f4a37482000-7f4a37483000 r--p 00004000 08:01 4464784                    /usr/lib/x86_64-linux-gnu/libXxf86vm.so.1.0.0
7f4a37483000-7f4a37484000 rw-p 00005000 08:01 4464784                    /usr/lib/x86_64-linux-gnu/libXxf86vm.so.1.0.0
7f4a37484000-7f4a374a5000 r-xp 00000000 08:01 4466084                    /usr/lib/x86_64-linux-gnu/libxcb.so.1.1.0
7f4a374a5000-7f4a376a4000 ---p 00021000 08:01 4466084                    /usr/lib/x86_64-linux-gnu/libxcb.so.1.1.0
7f4a376a4000-7f4a376a5000 r--p 00020000 08:01 4466084                    /usr/lib/x86_64-linux-gnu/libxcb.so.1.1.0
7f4a376a5000-7f4a376a6000 rw-p 00021000 08:01 4466084                    /usr/lib/x86_64-linux-gnu/libxcb.so.1.1.0
7f4a376a6000-7f4a376aa000 r-xp 00000000 08:01 4466048                    /usr/lib/x86_64-linux-gnu/libxcb-dri2.so.0.0.0
7f4a376aa000-7f4a378a9000 ---p 00004000 08:01 4466048                    /usr/lib/x86_64-linux-gnu/libxcb-dri2.so.0.0.0
7f4a378a9000-7f4a378aa000 r--p 00003000 08:01 4466048                    /usr/lib/x86_64-linux-gnu/libxcb-dri2.so.0.0.0
7f4a378aa000-7f4a378ab000 rw-p 00004000 08:01 4466048                    /usr/lib/x86_64-linux-gnu/libxcb-dri2.so.0.0.0
7f4a378ab000-7f4a378c2000 r-xp 00000000 08:01 4466052                    /usr/lib/x86_64-linux-gnu/libxcb-glx.so.0.0.0
7f4a378c2000-7f4a37ac1000 ---p 00017000 08:01 4466052                    /usr/lib/x86_64-linux-gnu/libxcb-glx.so.0.0.0
7f4a37ac1000-7f4a37ac3000 r--p 00016000 08:01 4466052                    /usr/lib/x86_64-linux-gnu/libxcb-glx.so.0.0.0
7f4a37ac3000-7f4a37ac4000 rw-p 00018000 08:01 4466052                    /usr/lib/x86_64-linux-gnu/libxcb-glx.so.0.0.0
7f4a37ac4000-7f4a37bf9000 r-xp 00000000 08:01 4461455                    /usr/lib/x86_64-linux-gnu/libX11.so.6.3.0
7f4a37bf9000-7f4a37df9000 ---p 00135000 08:01 4461455                    /usr/lib/x86_64-linux-gnu/libX11.so.6.3.0
7f4a37df9000-7f4a37dfa000 r--p 00135000 08:01 4461455                    /usr/lib/x86_64-linux-gnu/libX11.so.6.3.0
7f4a37dfa000-7f4a37dfe000 rw-p 00136000 08:01 4461455                    /usr/lib/x86_64-linux-gnu/libX11.so.6.3.0
7f4a37dfe000-7f4a37dff000 r-xp 00000000 08:01 4464295                    /usr/lib/x86_64-linux-gnu/libX11-xcb.so.1.0.0
7f4a37dff000-7f4a37ffe000 ---p 00001000 08:01 4464295                    /usr/lib/x86_64-linux-gnu/libX11-xcb.so.1.0.0
7f4a37ffe000-7f4a37fff000 r--p 00000000 08:01 4464295                    /usr/lib/x86_64-linux-gnu/libX11-xcb.so.1.0.0
7f4a37fff000-7f4a38000000 rw-p 00001000 08:01 4464295                    /usr/lib/x86_64-linux-gnu/libX11-xcb.so.1.0.0
7f4a38000000-7f4a3813a000 rw-p 00000000 00:00 0 
7f4a3813a000-7f4a3c000000 ---p 00000000 00:00 0 
7f4a3c000000-7f4a3c021000 rw-p 00000000 00:00 0 
7f4a3c021000-7f4a40000000 ---p 00000000 00:00 0 
7f4a40000000-7f4a4017b000 rw-p 00000000 00:00 0 
7f4a4017b000-7f4a44000000 ---p 00000000 00:00 0 
7f4a44000000-7f4a44274000 rw-p 00000000 00:00 0 
7f4a44274000-7f4a48000000 ---p 00000000 00:00 0 
7f4a481a6000-7f4a481ab000 r-xp 00000000 08:01 4464750                    /usr/lib/x86_64-linux-gnu/libXfixes.so.3.1.0
7f4a481ab000-7f4a483aa000 ---p 00005000 08:01 4464750                    /usr/lib/x86_64-linux-gnu/libXfixes.so.3.1.0
7f4a483aa000-7f4a483ab000 r--p 00004000 08:01 4464750                    /usr/lib/x86_64-linux-gnu/libXfixes.so.3.1.0
7f4a483ab000-7f4a483ac000 rw-p 00005000 08:01 4464750                    /usr/lib/x86_64-linux-gnu/libXfixes.so.3.1.0
7f4a483ac000-7f4a483ae000 r-xp 00000000 08:01 4464744                    /usr/lib/x86_64-linux-gnu/libXdamage.so.1.1.0
7f4a483ae000-7f4a485ad000 ---p 00002000 08:01 4464744                    /usr/lib/x86_64-linux-gnu/libXdamage.so.1.1.0
7f4a485ad000-7f4a485ae000 r--p 00001000 08:01 4464744                    /usr/lib/x86_64-linux-gnu/libXdamage.so.1.1.0
7f4a485ae000-7f4a485af000 rw-p 00002000 08:01 4464744                    /usr/lib/x86_64-linux-gnu/libXdamage.so.1.1.0
7f4a485af000-7f4a485c0000 r-xp 00000000 08:01 4464748                    /usr/lib/x86_64-linux-gnu/libXext.so.6.4.0
7f4a485c0000-7f4a487bf000 ---p 00011000 08:01 4464748                    /usr/lib/x86_64-linux-gnu/libXext.so.6.4.0
7f4a487bf000-7f4a487c0000 r--p 00010000 08:01 4464748                    /usr/lib/x86_64-linux-gnu/libXext.so.6.4.0
7f4a487c0000-7f4a487c1000 rw-p 00011000 08:01 4464748                    /usr/lib/x86_64-linux-gnu/libXext.so.6.4.0
7f4a487c1000-7f4a487ed000 r-xp 00000000 08:01 4464119                    /usr/lib/x86_64-linux-gnu/libglapi.so.0.0.0
7f4a487ed000-7f4a489ec000 ---p 0002c000 08:01 4464119                    /usr/lib/x86_64-linux-gnu/libglapi.so.0.0.0
7f4a489ec000-7f4a489f0000 r--p 0002b000 08:01 4464119                    /usr/lib/x86_64-linux-gnu/libglapi.so.0.0.0
7f4a489f0000-7f4a489f1000 rw-p 0002f000 08:01 4464119                    /usr/lib/x86_64-linux-gnu/libglapi.so.0.0.0
7f4a489f1000-7f4a489f2000 rw-p 00000000 00:00 0 
7f4a489f2000-7f4a489f3000 r-xp 00000000 08:01 4466096                    /usr/lib/x86_64-linux-gnu/libxshmfence.so.1.0.0
7f4a489f3000-7f4a48bf3000 ---p 00001000 08:01 4466096                    /usr/lib/x86_64-linux-gnu/libxshmfence.so.1.0.0
7f4a48bf3000-7f4a48bf4000 r--p 00001000 08:01 4466096                    /usr/lib/x86_64-linux-gnu/libxshmfence.so.1.0.0
7f4a48bf4000-7f4a48bf5000 rw-p 00002000 08:01 4466096                    /usr/lib/x86_64-linux-gnu/libxshmfence.so.1.0.0
7f4a48bf5000-7f4a48bfa000 r-xp 00000000 08:01 4466072                    /usr/lib/x86_64-linux-gnu/libxcb-sync.so.1.0.0
7f4a48bfa000-7f4a48dfa000 ---p 00005000 08:01 4466072                    /usr/lib/x86_64-linux-gnu/libxcb-sync.so.1.0.0
7f4a48dfa000-7f4a48dfb000 r--p 00005000 08:01 4466072                    /usr/lib/x86_64-linux-gnu/libxcb-sync.so.1.0.0
7f4a48dfb000-7f4a48dfc000 rw-p 00006000 08:01 4466072                    /usr/lib/x86_64-linux-gnu/libxcb-sync.so.1.0.0
7f4a48dfc000-7f4a48dfe000 r-xp 00000000 08:01 4466060                    /usr/lib/x86_64-linux-gnu/libxcb-present.so.0.0.0
7f4a48dfe000-7f4a48ffd000 ---p 00002000 08:01 4466060                    /usr/lib/x86_64-linux-gnu/libxcb-present.so.0.0.0
7f4a48ffd000-7f4a48ffe000 r--p 00001000 08:01 4466060                    /usr/lib/x86_64-linux-gnu/libxcb-present.so.0.0.0
7f4a48ffe000-7f4a48fff000 rw-p 00002000 08:01 4466060                    /usr/lib/x86_64-linux-gnu/libxcb-present.so.0.0.0
7f4a48fff000-7f4a4c000000 rw-p 00000000 00:00 0 
7f4a4c000000-7f4a4c021000 rw-p 00000000 00:00 0 
7f4a4c021000-7f4a50000000 ---p 00000000 00:00 0 
7f4a50000000-7f4a50023000 rw-p 00000000 00:00 0 
7f4a50023000-7f4a54000000 ---p 00000000 00:00 0 
7f4a54000000-7f4a54021000 rw-p 00000000 00:00 0 
7f4a54021000-7f4a58000000 ---p 00000000 00:00 0 
7f4a58000000-7f4a58021000 rw-p 00000000 00:00 0 
7f4a58021000-7f4a5c000000 ---p 00000000 00:00 0 
7f4a5c000000-7f4a5c021000 rw-p 00000000 00:00 0 
7f4a5c021000-7f4a60000000 ---p 00000000 00:00 0 
7f4a60000000-7f4a60021000 rw-p 00000000 00:00 0 
7f4a60021000-7f4a64000000 ---p 00000000 00:00 0 
7f4a64000000-7f4a64021000 rw-p 00000000 00:00 0 
7f4a64021000-7f4a68000000 ---p 00000000 00:00 0 
7f4a68000000-7f4a68021000 rw-p 00000000 00:00 0 
7f4a68021000-7f4a6c000000 ---p 00000000 00:00 0 
7f4a6c000000-7f4a6c021000 rw-p 00000000 00:00 0 
7f4a6c021000-7f4a70000000 ---p 00000000 00:00 0 
7f4a700cd000-7f4a700cf000 r-xp 00000000 08:01 4466050                    /usr/lib/x86_64-linux-gnu/libxcb-dri3.so.0.0.0
7f4a700cf000-7f4a702ce000 ---p 00002000 08:01 4466050                    /usr/lib/x86_64-linux-gnu/libxcb-dri3.so.0.0.0
7f4a702ce000-7f4a702cf000 r--p 00001000 08:01 4466050                    /usr/lib/x86_64-linux-gnu/libxcb-dri3.so.0.0.0
7f4a702cf000-7f4a702d0000 rw-p 00002000 08:01 4466050                    /usr/lib/x86_64-linux-gnu/libxcb-dri3.so.0.0.0
7f4a702d0000-7f4a702f6000 r-xp 00000000 08:01 20840649                   /lib/x86_64-linux-gnu/libexpat.so.1.6.0
7f4a702f6000-7f4a704f6000 ---p 00026000 08:01 20840649                   /lib/x86_64-linux-gnu/libexpat.so.1.6.0
7f4a704f6000-7f4a704f8000 r--p 00026000 08:01 20840649                   /lib/x86_64-linux-gnu/libexpat.so.1.6.0
7f4a704f8000-7f4a704f9000 rw-p 00028000 08:01 20840649                   /lib/x86_64-linux-gnu/libexpat.so.1.6.0
7f4a704f9000-7f4a70512000 r-xp 00000000 08:01 20844854                   /lib/x86_64-linux-gnu/libz.so.1.2.8
7f4a70512000-7f4a70711000 ---p 00019000 08:01 20844854                   /lib/x86_64-linux-gnu/libz.so.1.2.8
7f4a70711000-7f4a70712000 r--p 00018000 08:01 20844854                   /lib/x86_64-linux-gnu/libz.so.1.2.8
7f4a70712000-7f4a70713000 rw-p 00019000 08:01 20844854                   /lib/x86_64-linux-gnu/libz.so.1.2.8
7f4a70713000-7f4a70783000 r-xp 00000000 08:01 4718962                    /usr/lib/x86_64-linux-gnu/mesa/libGL.so.1.2.0
7f4a70783000-7f4a70982000 ---p 00070000 08:01 4718962                    /usr/lib/x86_64-linux-gnu/mesa/libGL.so.1.2.0
7f4a70982000-7f4a70985000 r--p 0006f000 08:01 4718962                    /usr/lib/x86_64-linux-gnu/mesa/libGL.so.1.2.0
7f4a70985000-7f4a70986000 rw-p 00072000 08:01 4718962                    /usr/lib/x86_64-linux-gnu/mesa/libGL.so.1.2.0
7f4a70986000-7f4a70987000 rw-p 00000000 00:00 0 
7f4a709b1000-7f4a70a1c000 r-xp 00000000 08:01 26747600                   /tmp/lwjglmichael1337/3.1.6-build-14/liblwjgl_opengl.so
7f4a70a1c000-7f4a70c1b000 ---p 0006b000 08:01 26747600                   /tmp/lwjglmichael1337/3.1.6-build-14/liblwjgl_opengl.so
7f4a70c1b000-7f4a70c1c000 r--p 0006a000 08:01 26747600                   /tmp/lwjglmichael1337/3.1.6-build-14/liblwjgl_opengl.so
7f4a70c1c000-7f4a70c1d000 rw-p 0006b000 08:01 26747600                   /tmp/lwjglmichael1337/3.1.6-build-14/liblwjgl_opengl.so
7f4a70c1d000-7f4a70c71000 r-xp 00000000 08:01 26747598                   /tmp/lwjglmichael1337/3.1.6-build-14/liblwjgl.so
7f4a70c71000-7f4a70e71000 ---p 00054000 08:01 26747598                   /tmp/lwjglmichael1337/3.1.6-build-14/liblwjgl.so
7f4a70e71000-7f4a70e72000 r--p 00054000 08:01 26747598                   /tmp/lwjglmichael1337/3.1.6-build-14/liblwjgl.so
7f4a70e72000-7f4a70e73000 rw-p 00055000 08:01 26747598                   /tmp/lwjglmichael1337/3.1.6-build-14/liblwjgl.so
7f4a70e73000-7f4a70e84000 r-xp 00000000 08:01 24119418                   /home/michael1337/Programs/jdk/jdk1.8.0_121/jre/lib/amd64/libnio.so
7f4a70e84000-7f4a71083000 ---p 00011000 08:01 24119418                   /home/michael1337/Programs/jdk/jdk1.8.0_121/jre/lib/amd64/libnio.so
7f4a71083000-7f4a71084000 rw-p 00010000 08:01 24119418                   /home/michael1337/Programs/jdk/jdk1.8.0_121/jre/lib/amd64/libnio.so
7f4a71084000-7f4a71085000 ---p 00000000 00:00 0 
7f4a71085000-7f4a71185000 rw-p 00000000 00:00 0 
7f4a71185000-7f4a71188000 ---p 00000000 00:00 0 
7f4a71188000-7f4a71286000 rw-p 00000000 00:00 0 
7f4a71286000-7f4a71289000 ---p 00000000 00:00 0 
7f4a71289000-7f4a71387000 rw-p 00000000 00:00 0 
7f4a71387000-7f4a7139d000 r-xp 00000000 08:01 24119393                   /home/michael1337/Programs/jdk/jdk1.8.0_121/jre/lib/amd64/libnet.so
7f4a7139d000-7f4a7159d000 ---p 00016000 08:01 24119393                   /home/michael1337/Programs/jdk/jdk1.8.0_121/jre/lib/amd64/libnet.so
7f4a7159d000-7f4a7159e000 rw-p 00016000 08:01 24119393                   /home/michael1337/Programs/jdk/jdk1.8.0_121/jre/lib/amd64/libnet.so
7f4a7159e000-7f4a715a1000 ---p 00000000 00:00 0 
7f4a715a1000-7f4a7169f000 rw-p 00000000 00:00 0 
7f4a7169f000-7f4a716a2000 ---p 00000000 00:00 0 
7f4a716a2000-7f4a717a0000 rw-p 00000000 00:00 0 
7f4a717a0000-7f4a717a3000 ---p 00000000 00:00 0 
7f4a717a3000-7f4a718a1000 rw-p 00000000 00:00 0 
7f4a718a1000-7f4a718a3000 r--s 0001a000 08:01 24788587                   /home/michael1337/Programs/intellij/idea-IU-181.5281.24/lib/idea_rt.jar
7f4a718a3000-7f4a718a7000 r--s 00031000 08:01 27009233                   /home/michael1337/Documents/Neolithic/game/lib/commons-io-2.6/commons-io-2.6.jar
7f4a718a7000-7f4a718ae000 r--s 00058000 08:01 27009231                   /home/michael1337/Documents/Neolithic/game/lib/commons-io-2.6/commons-io-2.6-tests.jar
7f4a718ae000-7f4a718af000 r--s 00002000 08:01 25701703                   /home/michael1337/Documents/Neolithic/game/lib/PNGDecoder.jar
7f4a718af000-7f4a718b4000 r--s 00045000 08:01 26222668                   /home/michael1337/Documents/Neolithic/game/lib/lwjgl/lwjgl.jar
7f4a718b4000-7f4a718c7000 r--s 0014d000 08:01 26222592                   /home/michael1337/Documents/Neolithic/game/lib/lwjgl/lwjgl-vulkan.jar
7f4a718c7000-7f4a718c9000 r--s 00018000 08:01 26221583                   /home/michael1337/Documents/Neolithic/game/lib/lwjgl/lwjgl-stb.jar
7f4a718c9000-7f4a718ca000 r--s 0006f000 08:01 26221581                   /home/michael1337/Documents/Neolithic/game/lib/lwjgl/lwjgl-stb-natives-windows.jar
7f4a718ca000-7f4a718cb000 r--s 0002a000 08:01 26221580                   /home/michael1337/Documents/Neolithic/game/lib/lwjgl/lwjgl-stb-natives-macos.jar
7f4a718cb000-7f4a718cc000 r--s 00031000 08:01 26221579                   /home/michael1337/Documents/Neolithic/game/lib/lwjgl/lwjgl-stb-natives-linux.jar
7f4a718cc000-7f4a718cd000 r--s 00002000 08:01 26221577                   /home/michael1337/Documents/Neolithic/game/lib/lwjgl/lwjgl-par.jar
7f4a718cd000-7f4a718ce000 r--s 00031000 08:01 26221574                   /home/michael1337/Documents/Neolithic/game/lib/lwjgl/lwjgl-par-natives-windows.jar
7f4a718ce000-7f4a718cf000 r--s 00004000 08:01 26222670                   /home/michael1337/Documents/Neolithic/game/lib/lwjgl/lwjgl-par-natives-macos.jar
7f4a718cf000-7f4a718d0000 r--s 00005000 08:01 26221573                   /home/michael1337/Documents/Neolithic/game/lib/lwjgl/lwjgl-par-natives-linux.jar
7f4a718d0000-7f4a718da000 r--s 000bf000 08:01 26221572                   /home/michael1337/Documents/Neolithic/game/lib/lwjgl/lwjgl-opengl.jar
7f4a718da000-7f4a718db000 r--s 0002a000 08:01 26221570                   /home/michael1337/Documents/Neolithic/game/lib/lwjgl/lwjgl-opengl-natives-windows.jar
7f4a718db000-7f4a718dc000 r--s 0000b000 08:01 26221569                   /home/michael1337/Documents/Neolithic/game/lib/lwjgl/lwjgl-opengl-natives-macos.jar
7f4a718dc000-7f4a718dd000 r--s 00016000 08:01 26221568                   /home/michael1337/Documents/Neolithic/game/lib/lwjgl/lwjgl-opengl-natives-linux.jar
7f4a718dd000-7f4a718e0000 r--s 00011000 08:01 26221566                   /home/michael1337/Documents/Neolithic/game/lib/lwjgl/lwjgl-openal.jar
7f4a718e0000-7f4a718e1000 r--s 00105000 08:01 26221562                   /home/michael1337/Documents/Neolithic/game/lib/lwjgl/lwjgl-openal-natives-windows.jar
7f4a718e1000-7f4a718e4000 ---p 00000000 00:00 0 
7f4a718e4000-7f4a719e2000 rw-p 00000000 00:00 0 
7f4a719e2000-7f4a71cbb000 r--p 00000000 08:01 4457405                    /usr/lib/locale/locale-archive
7f4a71cbb000-7f4a71cbe000 ---p 00000000 00:00 0 
7f4a71cbe000-7f4a71dbc000 rw-p 00000000 00:00 0 
7f4a71dbc000-7f4a71dbf000 ---p 00000000 00:00 0 
7f4a71dbf000-7f4a71ebd000 rw-p 00000000 00:00 0 
7f4a71ebd000-7f4a71ebe000 ---p 00000000 00:00 0 
7f4a71ebe000-7f4a72f1c000 rw-p 00000000 00:00 0 
7f4a72f1c000-7f4a730f5000 r--s 03d3e000 08:01 24119385                   /home/michael1337/Programs/jdk/jdk1.8.0_121/jre/lib/rt.jar
7f4a730f5000-7f4a73635000 rw-p 00000000 00:00 0 
7f4a73635000-7f4a738f5000 ---p 00000000 00:00 0 
7f4a738f5000-7f4a7b985000 rw-p 00000000 00:00 0 
7f4a7b985000-7f4a7b986000 ---p 00000000 00:00 0 
7f4a7b986000-7f4a7ba86000 rw-p 00000000 00:00 0 
7f4a7ba86000-7f4a7ba87000 ---p 00000000 00:00 0 
7f4a7ba87000-7f4a7bb87000 rw-p 00000000 00:00 0 
7f4a7bb87000-7f4a7bb88000 ---p 00000000 00:00 0 
7f4a7bb88000-7f4a7bc88000 rw-p 00000000 00:00 0 
7f4a7bc88000-7f4a7bc89000 ---p 00000000 00:00 0 
7f4a7bc89000-7f4a7bdda000 rw-p 00000000 00:00 0 
7f4a7bdda000-7f4a7c294000 ---p 00000000 00:00 0 
7f4a7c294000-7f4a7c2e5000 rw-p 00000000 00:00 0 
7f4a7c2e5000-7f4a7c79e000 ---p 00000000 00:00 0 
7f4a7c79e000-7f4a7c7c7000 rw-p 00000000 00:00 0 
7f4a7c7c7000-7f4a7ca24000 ---p 00000000 00:00 0 
7f4a7ca24000-7f4a7ca2f000 rw-p 00000000 00:00 0 
7f4a7ca2f000-7f4a7cde5000 ---p 00000000 00:00 0 
7f4a7cde5000-7f4a7d055000 rwxp 00000000 00:00 0 
7f4a7d055000-7f4a8bde5000 ---p 00000000 00:00 0 
7f4a8bde5000-7f4a8bdff000 r-xp 00000000 08:01 24119416                   /home/michael1337/Programs/jdk/jdk1.8.0_121/jre/lib/amd64/libzip.so
7f4a8bdff000-7f4a8bfff000 ---p 0001a000 08:01 24119416                   /home/michael1337/Programs/jdk/jdk1.8.0_121/jre/lib/amd64/libzip.so
7f4a8bfff000-7f4a8c000000 rw-p 0001a000 08:01 24119416                   /home/michael1337/Programs/jdk/jdk1.8.0_121/jre/lib/amd64/libzip.so
7f4a8c000000-7f4a8c76a000 rw-p 00000000 00:00 0 
7f4a8c76a000-7f4a90000000 ---p 00000000 00:00 0 
7f4a90000000-7f4a90001000 r--s 00064000 08:01 26221560                   /home/michael1337/Documents/Neolithic/game/lib/lwjgl/lwjgl-openal-natives-macos.jar
7f4a90001000-7f4a90002000 r--s 00077000 08:01 26221559                   /home/michael1337/Documents/Neolithic/game/lib/lwjgl/lwjgl-openal-natives-linux.jar
7f4a90002000-7f4a90007000 r--s 0005f000 08:01 26221557                   /home/michael1337/Documents/Neolithic/game/lib/lwjgl/lwjgl-nuklear.jar
7f4a90007000-7f4a90008000 r--s 00041000 08:01 26221556                   /home/michael1337/Documents/Neolithic/game/lib/lwjgl/lwjgl-nuklear-natives-windows.jar
7f4a90008000-7f4a90009000 r--s 0002e000 08:01 26221561                   /home/michael1337/Documents/Neolithic/game/lib/lwjgl/lwjgl-nuklear-natives-macos.jar
7f4a90009000-7f4a9000a000 r--s 00022000 08:01 26221554                   /home/michael1337/Documents/Neolithic/game/lib/lwjgl/lwjgl-nuklear-natives-linux.jar
7f4a9000a000-7f4a9000b000 r--s 00039000 08:01 26222669                   /home/michael1337/Documents/Neolithic/game/lib/lwjgl/lwjgl-natives-windows.jar
7f4a9000b000-7f4a9000d000 r--s 00008000 08:01 26222596                   /home/michael1337/Documents/Neolithic/game/lib/lwjgl/lwjgl-natives-macos.jar
7f4a9000d000-7f4a9000e000 r--s 00013000 08:01 26222595                   /home/michael1337/Documents/Neolithic/game/lib/lwjgl/lwjgl-natives-linux.jar
7f4a9000e000-7f4a90010000 r--s 0000e000 08:01 26221549                   /home/michael1337/Documents/Neolithic/game/lib/lwjgl/lwjgl-nanovg.jar
7f4a90010000-7f4a90011000 r--s 00068000 08:01 26221547                   /home/michael1337/Documents/Neolithic/game/lib/lwjgl/lwjgl-nanovg-natives-windows.jar
7f4a90011000-7f4a90013000 r--s 00026000 08:01 26221553                   /home/michael1337/Documents/Neolithic/game/lib/lwjgl/lwjgl-nanovg-natives-macos.jar
7f4a90013000-7f4a90014000 r--s 00029000 08:01 26221546                   /home/michael1337/Documents/Neolithic/game/lib/lwjgl/lwjgl-nanovg-natives-linux.jar
7f4a90014000-7f4a90017000 r--s 00019000 08:01 26221542                   /home/michael1337/Documents/Neolithic/game/lib/lwjgl/lwjgl-glfw.jar
7f4a90017000-7f4a90018000 r--s 0003d000 08:01 26221544                   /home/michael1337/Documents/Neolithic/game/lib/lwjgl/lwjgl-glfw-natives-windows.jar
7f4a90018000-7f4a9001a000 r--s 00022000 08:01 26221539                   /home/michael1337/Documents/Neolithic/game/lib/lwjgl/lwjgl-glfw-natives-linux.jar
7f4a9001a000-7f4a9002d000 r--s 00345000 08:01 24119617                   /home/michael1337/Programs/jdk/jdk1.8.0_121/jre/lib/resources.jar
7f4a9002d000-7f4a9003f000 r--s 000d6000 08:01 24119616                   /home/michael1337/Programs/jdk/jdk1.8.0_121/jre/lib/plugin.jar
7f4a9003f000-7f4a900b5000 rw-p 00000000 00:00 0 
7f4a900b5000-7f4a900c0000 r-xp 00000000 08:01 20845377                   /lib/x86_64-linux-gnu/libnss_files-2.23.so
7f4a900c0000-7f4a902bf000 ---p 0000b000 08:01 20845377                   /lib/x86_64-linux-gnu/libnss_files-2.23.so
7f4a902bf000-7f4a902c0000 r--p 0000a000 08:01 20845377                   /lib/x86_64-linux-gnu/libnss_files-2.23.so
7f4a902c0000-7f4a902c1000 rw-p 0000b000 08:01 20845377                   /lib/x86_64-linux-gnu/libnss_files-2.23.so
7f4a902c1000-7f4a902c7000 rw-p 00000000 00:00 0 
7f4a902c7000-7f4a902d2000 r-xp 00000000 08:01 20845381                   /lib/x86_64-linux-gnu/libnss_nis-2.23.so
7f4a902d2000-7f4a904d1000 ---p 0000b000 08:01 20845381                   /lib/x86_64-linux-gnu/libnss_nis-2.23.so
7f4a904d1000-7f4a904d2000 r--p 0000a000 08:01 20845381                   /lib/x86_64-linux-gnu/libnss_nis-2.23.so
7f4a904d2000-7f4a904d3000 rw-p 0000b000 08:01 20845381                   /lib/x86_64-linux-gnu/libnss_nis-2.23.so
7f4a904d3000-7f4a904e9000 r-xp 00000000 08:01 20845361                   /lib/x86_64-linux-gnu/libnsl-2.23.so
7f4a904e9000-7f4a906e8000 ---p 00016000 08:01 20845361                   /lib/x86_64-linux-gnu/libnsl-2.23.so
7f4a906e8000-7f4a906e9000 r--p 00015000 08:01 20845361                   /lib/x86_64-linux-gnu/libnsl-2.23.so
7f4a906e9000-7f4a906ea000 rw-p 00016000 08:01 20845361                   /lib/x86_64-linux-gnu/libnsl-2.23.so
7f4a906ea000-7f4a906ec000 rw-p 00000000 00:00 0 
7f4a906ec000-7f4a906f4000 r-xp 00000000 08:01 20845372                   /lib/x86_64-linux-gnu/libnss_compat-2.23.so
7f4a906f4000-7f4a908f3000 ---p 00008000 08:01 20845372                   /lib/x86_64-linux-gnu/libnss_compat-2.23.so
7f4a908f3000-7f4a908f4000 r--p 00007000 08:01 20845372                   /lib/x86_64-linux-gnu/libnss_compat-2.23.so
7f4a908f4000-7f4a908f5000 rw-p 00008000 08:01 20845372                   /lib/x86_64-linux-gnu/libnss_compat-2.23.so
7f4a908f5000-7f4a908ff000 r-xp 00000000 08:01 24119454                   /home/michael1337/Programs/jdk/jdk1.8.0_121/jre/lib/amd64/libinstrument.so
7f4a908ff000-7f4a90afe000 ---p 0000a000 08:01 24119454                   /home/michael1337/Programs/jdk/jdk1.8.0_121/jre/lib/amd64/libinstrument.so
7f4a90afe000-7f4a90aff000 rw-p 00009000 08:01 24119454                   /home/michael1337/Programs/jdk/jdk1.8.0_121/jre/lib/amd64/libinstrument.so
7f4a90aff000-7f4a90b2a000 r-xp 00000000 08:01 24119443                   /home/michael1337/Programs/jdk/jdk1.8.0_121/jre/lib/amd64/libjava.so
7f4a90b2a000-7f4a90d29000 ---p 0002b000 08:01 24119443                   /home/michael1337/Programs/jdk/jdk1.8.0_121/jre/lib/amd64/libjava.so
7f4a90d29000-7f4a90d2b000 rw-p 0002a000 08:01 24119443                   /home/michael1337/Programs/jdk/jdk1.8.0_121/jre/lib/amd64/libjava.so
7f4a90d2b000-7f4a90d38000 r-xp 00000000 08:01 24119394                   /home/michael1337/Programs/jdk/jdk1.8.0_121/jre/lib/amd64/libverify.so
7f4a90d38000-7f4a90f37000 ---p 0000d000 08:01 24119394                   /home/michael1337/Programs/jdk/jdk1.8.0_121/jre/lib/amd64/libverify.so
7f4a90f37000-7f4a90f39000 rw-p 0000c000 08:01 24119394                   /home/michael1337/Programs/jdk/jdk1.8.0_121/jre/lib/amd64/libverify.so
7f4a90f39000-7f4a90f40000 r-xp 00000000 08:01 20845382                   /lib/x86_64-linux-gnu/librt-2.23.so
7f4a90f40000-7f4a9113f000 ---p 00007000 08:01 20845382                   /lib/x86_64-linux-gnu/librt-2.23.so
7f4a9113f000-7f4a91140000 r--p 00006000 08:01 20845382                   /lib/x86_64-linux-gnu/librt-2.23.so
7f4a91140000-7f4a91141000 rw-p 00007000 08:01 20845382                   /lib/x86_64-linux-gnu/librt-2.23.so
7f4a91141000-7f4a91249000 r-xp 00000000 08:01 20845355                   /lib/x86_64-linux-gnu/libm-2.23.so
7f4a91249000-7f4a91448000 ---p 00108000 08:01 20845355                   /lib/x86_64-linux-gnu/libm-2.23.so
7f4a91448000-7f4a91449000 r--p 00107000 08:01 20845355                   /lib/x86_64-linux-gnu/libm-2.23.so
7f4a91449000-7f4a9144a000 rw-p 00108000 08:01 20845355                   /lib/x86_64-linux-gnu/libm-2.23.so
7f4a9144a000-7f4a92118000 r-xp 00000000 08:01 24119447                   /home/michael1337/Programs/jdk/jdk1.8.0_121/jre/lib/amd64/server/libjvm.so
7f4a92118000-7f4a92318000 ---p 00cce000 08:01 24119447                   /home/michael1337/Programs/jdk/jdk1.8.0_121/jre/lib/amd64/server/libjvm.so
7f4a92318000-7f4a923f1000 rw-p 00cce000 08:01 24119447                   /home/michael1337/Programs/jdk/jdk1.8.0_121/jre/lib/amd64/server/libjvm.so
7f4a923f1000-7f4a9243c000 rw-p 00000000 00:00 0 
7f4a9243c000-7f4a925fc000 r-xp 00000000 08:01 20845364                   /lib/x86_64-linux-gnu/libc-2.23.so
7f4a925fc000-7f4a927fc000 ---p 001c0000 08:01 20845364                   /lib/x86_64-linux-gnu/libc-2.23.so
7f4a927fc000-7f4a92800000 r--p 001c0000 08:01 20845364                   /lib/x86_64-linux-gnu/libc-2.23.so
7f4a92800000-7f4a92802000 rw-p 001c4000 08:01 20845364                   /lib/x86_64-linux-gnu/libc-2.23.so
7f4a92802000-7f4a92806000 rw-p 00000000 00:00 0 
7f4a92806000-7f4a92809000 r-xp 00000000 08:01 20845366                   /lib/x86_64-linux-gnu/libdl-2.23.so
7f4a92809000-7f4a92a08000 ---p 00003000 08:01 20845366                   /lib/x86_64-linux-gnu/libdl-2.23.so
7f4a92a08000-7f4a92a09000 r--p 00002000 08:01 20845366                   /lib/x86_64-linux-gnu/libdl-2.23.so
7f4a92a09000-7f4a92a0a000 rw-p 00003000 08:01 20845366                   /lib/x86_64-linux-gnu/libdl-2.23.so
7f4a92a0a000-7f4a92a1f000 r-xp 00000000 08:01 24118528                   /home/michael1337/Programs/jdk/jdk1.8.0_121/lib/amd64/jli/libjli.so
7f4a92a1f000-7f4a92c1f000 ---p 00015000 08:01 24118528                   /home/michael1337/Programs/jdk/jdk1.8.0_121/lib/amd64/jli/libjli.so
7f4a92c1f000-7f4a92c20000 rw-p 00015000 08:01 24118528                   /home/michael1337/Programs/jdk/jdk1.8.0_121/lib/amd64/jli/libjli.so
7f4a92c20000-7f4a92c38000 r-xp 00000000 08:01 20845363                   /lib/x86_64-linux-gnu/libpthread-2.23.so
7f4a92c38000-7f4a92e37000 ---p 00018000 08:01 20845363                   /lib/x86_64-linux-gnu/libpthread-2.23.so
7f4a92e37000-7f4a92e38000 r--p 00017000 08:01 20845363                   /lib/x86_64-linux-gnu/libpthread-2.23.so
7f4a92e38000-7f4a92e39000 rw-p 00018000 08:01 20845363                   /lib/x86_64-linux-gnu/libpthread-2.23.so
7f4a92e39000-7f4a92e3d000 rw-p 00000000 00:00 0 
7f4a92e3d000-7f4a92e63000 r-xp 00000000 08:01 20845362                   /lib/x86_64-linux-gnu/ld-2.23.so
7f4a92e63000-7f4a92e64000 r--s 0000e000 08:01 26221540                   /home/michael1337/Documents/Neolithic/game/lib/lwjgl/lwjgl-glfw-natives-macos.jar
7f4a92e64000-7f4a92e68000 r--s 00027000 08:01 26221534                   /home/michael1337/Documents/Neolithic/game/lib/lwjgl/lwjgl-bgfx.jar
7f4a92e68000-7f4a92e69000 r--s 0009f000 08:01 26221533                   /home/michael1337/Documents/Neolithic/game/lib/lwjgl/lwjgl-bgfx-natives-windows.jar
7f4a92e69000-7f4a92e6a000 r--s 00041000 08:01 26221541                   /home/michael1337/Documents/Neolithic/game/lib/lwjgl/lwjgl-bgfx-natives-macos.jar
7f4a92e6a000-7f4a92e6b000 r--s 00051000 08:01 26221532                   /home/michael1337/Documents/Neolithic/game/lib/lwjgl/lwjgl-bgfx-natives-linux.jar
7f4a92e6b000-7f4a92e6f000 r--s 0002e000 08:01 26221528                   /home/michael1337/Documents/Neolithic/game/lib/lwjgl/lwjgl-assimp.jar
7f4a92e6f000-7f4a92e70000 r--s 003ca000 08:01 26221526                   /home/michael1337/Documents/Neolithic/game/lib/lwjgl/lwjgl-assimp-natives-windows.jar
7f4a92e70000-7f4a92e71000 r--s 00230000 08:01 26221537                   /home/michael1337/Documents/Neolithic/game/lib/lwjgl/lwjgl-assimp-natives-macos.jar
7f4a92e71000-7f4a92e72000 r--s 002ed000 08:01 26221523                   /home/michael1337/Documents/Neolithic/game/lib/lwjgl/lwjgl-assimp-natives-linux.jar
7f4a92e72000-7f4a92e73000 r--s 00000000 08:01 24119464                   /home/michael1337/Programs/jdk/jdk1.8.0_121/jre/lib/management-agent.jar
7f4a92e73000-7f4a92e77000 r--s 0009a000 08:01 24119337                   /home/michael1337/Programs/jdk/jdk1.8.0_121/jre/lib/jsse.jar
7f4a92e77000-7f4a92e79000 r--s 00007000 08:01 24119458                   /home/michael1337/Programs/jdk/jdk1.8.0_121/jre/lib/jfxswt.jar
7f4a92e79000-7f4a92e7e000 r--s 00084000 08:01 24119492                   /home/michael1337/Programs/jdk/jdk1.8.0_121/jre/lib/jfr.jar
7f4a92e7e000-7f4a92e81000 r--s 0001a000 08:01 24119647                   /home/michael1337/Programs/jdk/jdk1.8.0_121/jre/lib/jce.jar
7f4a92e81000-7f4a92e8b000 r--s 0006c000 08:01 24119500                   /home/michael1337/Programs/jdk/jdk1.8.0_121/jre/lib/javaws.jar
7f4a92e8b000-7f4a92f32000 rw-p 00000000 00:00 0 
7f4a92f32000-7f4a92f35000 ---p 00000000 00:00 0 
7f4a92f35000-7f4a93038000 rw-p 00000000 00:00 0 
7f4a93038000-7f4a93053000 r--s 00209000 08:01 24119501                   /home/michael1337/Programs/jdk/jdk1.8.0_121/jre/lib/deploy.jar
7f4a93053000-7f4a93058000 r--s 002f9000 08:01 24119338                   /home/michael1337/Programs/jdk/jdk1.8.0_121/jre/lib/charsets.jar
7f4a93058000-7f4a93060000 rw-s 00000000 08:01 26747621                   /tmp/hsperfdata_michael1337/30785
7f4a93060000-7f4a93061000 rw-p 00000000 00:00 0 
7f4a93061000-7f4a93062000 r--p 00000000 00:00 0 
7f4a93062000-7f4a93063000 r--p 00025000 08:01 20845362                   /lib/x86_64-linux-gnu/ld-2.23.so
7f4a93063000-7f4a93064000 rw-p 00026000 08:01 20845362                   /lib/x86_64-linux-gnu/ld-2.23.so
7f4a93064000-7f4a93065000 rw-p 00000000 00:00 0 
7fff41b62000-7fff41b85000 rw-p 00000000 00:00 0                          [stack]
7fff41bfb000-7fff41bfe000 r--p 00000000 00:00 0                          [vvar]
7fff41bfe000-7fff41c00000 r-xp 00000000 00:00 0                          [vdso]
ffffffffff600000-ffffffffff601000 r-xp 00000000 00:00 0                  [vsyscall]

VM Arguments:
jvm_args: -javaagent:/home/michael1337/Programs/intellij/idea-IU-181.5281.24/lib/idea_rt.jar=45541:/home/michael1337/Programs/intellij/idea-IU-181.5281.24/bin -Dfile.encoding=UTF-8 
java_command: tests.parser.ParserTest
java_class_path (initial): /home/michael1337/Programs/jdk/jdk1.8.0_121/jre/lib/charsets.jar:/home/michael1337/Programs/jdk/jdk1.8.0_121/jre/lib/deploy.jar:/home/michael1337/Programs/jdk/jdk1.8.0_121/jre/lib/ext/cldrdata.jar:/home/michael1337/Programs/jdk/jdk1.8.0_121/jre/lib/ext/dnsns.jar:/home/michael1337/Programs/jdk/jdk1.8.0_121/jre/lib/ext/jaccess.jar:/home/michael1337/Programs/jdk/jdk1.8.0_121/jre/lib/ext/jfxrt.jar:/home/michael1337/Programs/jdk/jdk1.8.0_121/jre/lib/ext/localedata.jar:/home/michael1337/Programs/jdk/jdk1.8.0_121/jre/lib/ext/nashorn.jar:/home/michael1337/Programs/jdk/jdk1.8.0_121/jre/lib/ext/sunec.jar:/home/michael1337/Programs/jdk/jdk1.8.0_121/jre/lib/ext/sunjce_provider.jar:/home/michael1337/Programs/jdk/jdk1.8.0_121/jre/lib/ext/sunpkcs11.jar:/home/michael1337/Programs/jdk/jdk1.8.0_121/jre/lib/ext/zipfs.jar:/home/michael1337/Programs/jdk/jdk1.8.0_121/jre/lib/javaws.jar:/home/michael1337/Programs/jdk/jdk1.8.0_121/jre/lib/jce.jar:/home/michael1337/Programs/jdk/jdk1.8.0_121/jre/lib/jfr.jar:/home/michael1337/Programs/jdk/jdk1.8.0_121/jre/lib/jfxswt.jar:/home/michael1337/Programs/jdk/jdk1.8.0_121/jre/lib/jsse.jar:/home/michael1337/Programs/jdk/jdk1.8.0_121/jre/lib/management-agent.jar:/home/michael1337/Programs/jdk/jdk1.8.0_121/jre/lib/plugin.jar:/home/michael1337/Programs/jdk/jdk1.8.0_121/jre/lib/resources.jar:/home/michael1337/Programs/jdk/jdk1.8.0_121/jre/lib/rt.jar:/home/michael1337/Documents/Neolithic/game/out/production/game:/home/michael1337/Documents/Neolithic/game/lib/lwjgl/lwjgl-assimp-natives-linux.jar:/home/michael1337/Documents/Neolithic/game/lib/lwjgl/lwjgl-assimp-natives-macos.jar:/home/michael1337/Documents/Neolithic/game/lib/lwjgl/lwjgl-assimp-natives-windows.jar:/home/michael1337/Documents/Neolithic/game/lib/lwjgl/lwjgl-assimp.jar:/home/michael1337/Documents/Neolithic/game/lib/lwjgl/lwjgl-bgfx-natives-linux.jar:/home/michael1337/Documents/Neolithic/game/lib/lwjgl/lwjgl-bgfx-natives-macos.jar:/home/michael1337/Documents/Neolithic/
Launcher Type: SUN_STANDARD

Environment Variables:
JAVA_HOME=/home/michael1337/Programs/jdk/jdk1.8.0_121
PATH=/home/michael1337/Programs/Spin/Spin/Src6.4.8:/home/michael1337/anaconda3/bin:/home/michael1337/bin:/home/michael1337/.local/bin:/usr/local/sbin:/usr/local/bin:/usr/sbin:/usr/bin:/sbin:/bin:/usr/games:/usr/local/games:/snap/bin:/home/michael1337/Programs/jdk/jdk1.8.0_121
USERNAME=michael1337
SHELL=/bin/bash
DISPLAY=:1

Signal Handlers:
SIGSEGV: [libjvm.so+0xac78c0], sa_mask[0]=11111111011111111101111111111110, sa_flags=SA_RESTART|SA_SIGINFO
SIGBUS: [libjvm.so+0xac78c0], sa_mask[0]=11111111011111111101111111111110, sa_flags=SA_RESTART|SA_SIGINFO
SIGFPE: [libjvm.so+0x920ac0], sa_mask[0]=11111111011111111101111111111110, sa_flags=SA_RESTART|SA_SIGINFO
SIGPIPE: [libjvm.so+0x920ac0], sa_mask[0]=11111111011111111101111111111110, sa_flags=SA_RESTART|SA_SIGINFO
SIGXFSZ: [libjvm.so+0x920ac0], sa_mask[0]=11111111011111111101111111111110, sa_flags=SA_RESTART|SA_SIGINFO
SIGILL: [libjvm.so+0x920ac0], sa_mask[0]=11111111011111111101111111111110, sa_flags=SA_RESTART|SA_SIGINFO
SIGUSR1: SIG_DFL, sa_mask[0]=00000000000000000000000000000000, sa_flags=none
SIGUSR2: [libjvm.so+0x922300], sa_mask[0]=00100000000000000000000000000000, sa_flags=SA_RESTART|SA_SIGINFO
SIGHUP: [libjvm.so+0x923700], sa_mask[0]=11111111011111111101111111111110, sa_flags=SA_RESTART|SA_SIGINFO
SIGINT: [libjvm.so+0x923700], sa_mask[0]=11111111011111111101111111111110, sa_flags=SA_RESTART|SA_SIGINFO
SIGTERM: [libjvm.so+0x923700], sa_mask[0]=11111111011111111101111111111110, sa_flags=SA_RESTART|SA_SIGINFO
SIGQUIT: [libjvm.so+0x923700], sa_mask[0]=11111111011111111101111111111110, sa_flags=SA_RESTART|SA_SIGINFO


---------------  S Y S T E M  ---------------

OS:DISTRIB_ID=Ubuntu
DISTRIB_RELEASE=16.04
DISTRIB_CODENAME=xenial
DISTRIB_DESCRIPTION="Ubuntu 16.04.5 LTS"

uname:Linux 4.4.0-133-generic #159-Ubuntu SMP Fri Aug 10 07:31:43 UTC 2018 x86_64
libc:glibc 2.23 NPTL 2.23 
rlimit: STACK 8192k, CORE 0k, NPROC 61756, NOFILE 1048576, AS infinity
load average:1,24 1,11 1,17

/proc/meminfo:
MemTotal:       15852028 kB
MemFree:         2692284 kB
MemAvailable:    9750104 kB
Buffers:          411220 kB
Cached:          6677084 kB
SwapCached:          240 kB
Active:          8207060 kB
Inactive:        3772316 kB
Active(anon):    4897992 kB
Inactive(anon):   632820 kB
Active(file):    3309068 kB
Inactive(file):  3139496 kB
Unevictable:          16 kB
Mlocked:              16 kB
SwapTotal:      16189436 kB
SwapFree:       16164488 kB
Dirty:             15072 kB
Writeback:             0 kB
AnonPages:       4890768 kB
Mapped:           904048 kB
Shmem:            639740 kB
Slab:            1014332 kB
SReclaimable:     945708 kB
SUnreclaim:        68624 kB
KernelStack:       15984 kB
PageTables:        63088 kB
NFS_Unstable:          0 kB
Bounce:                0 kB
WritebackTmp:          0 kB
CommitLimit:    24115448 kB
Committed_AS:   19994448 kB
VmallocTotal:   34359738367 kB
VmallocUsed:           0 kB
VmallocChunk:          0 kB
HardwareCorrupted:     0 kB
AnonHugePages:         0 kB
CmaTotal:              0 kB
CmaFree:               0 kB
HugePages_Total:       0
HugePages_Free:        0
HugePages_Rsvd:        0
HugePages_Surp:        0
Hugepagesize:       2048 kB
DirectMap4k:      876228 kB
DirectMap2M:    15314944 kB
DirectMap1G:           0 kB


CPU:total 4 (2 cores per cpu, 2 threads per core) family 6 model 78 stepping 3, cmov, cx8, fxsr, mmx, sse, sse2, sse3, ssse3, sse4.1, sse4.2, popcnt, avx, avx2, aes, clmul, erms, 3dnowpref, lzcnt, ht, tsc, tscinvbit, bmi1, bmi2, adx

/proc/cpuinfo:
processor	: 0
vendor_id	: GenuineIntel
cpu family	: 6
model		: 78
model name	: Intel(R) Core(TM) i7-6500U CPU @ 2.50GHz
stepping	: 3
microcode	: 0xc2
cpu MHz		: 2699.937
cache size	: 4096 KB
physical id	: 0
siblings	: 4
core id		: 0
cpu cores	: 2
apicid		: 0
initial apicid	: 0
fpu		: yes
fpu_exception	: yes
cpuid level	: 22
wp		: yes
flags		: fpu vme de pse tsc msr pae mce cx8 apic sep mtrr pge mca cmov pat pse36 clflush dts acpi mmx fxsr sse sse2 ss ht tm pbe syscall nx pdpe1gb rdtscp lm constant_tsc art arch_perfmon pebs bts rep_good nopl xtopology nonstop_tsc aperfmperf eagerfpu pni pclmulqdq dtes64 monitor ds_cpl vmx est tm2 ssse3 sdbg fma cx16 xtpr pdcm pcid sse4_1 sse4_2 x2apic movbe popcnt tsc_deadline_timer aes xsave avx f16c rdrand lahf_lm abm 3dnowprefetch epb invpcid_single intel_pt ibrs ibpb stibp kaiser tpr_shadow vnmi flexpriority ept vpid fsgsbase tsc_adjust bmi1 avx2 smep bmi2 erms invpcid mpx rdseed adx smap clflushopt xsaveopt xsavec xgetbv1 dtherm ida arat pln pts hwp hwp_notify hwp_act_window hwp_epp
bugs		: cpu_meltdown spectre_v1 spectre_v2 spec_store_bypass l1tf
bogomips	: 5184.48
clflush size	: 64
cache_alignment	: 64
address sizes	: 39 bits physical, 48 bits virtual
power management:

processor	: 1
vendor_id	: GenuineIntel
cpu family	: 6
model		: 78
model name	: Intel(R) Core(TM) i7-6500U CPU @ 2.50GHz
stepping	: 3
microcode	: 0xc2
cpu MHz		: 2699.937
cache size	: 4096 KB
physical id	: 0
siblings	: 4
core id		: 1
cpu cores	: 2
apicid		: 2
initial apicid	: 2
fpu		: yes
fpu_exception	: yes
cpuid level	: 22
wp		: yes
flags		: fpu vme de pse tsc msr pae mce cx8 apic sep mtrr pge mca cmov pat pse36 clflush dts acpi mmx fxsr sse sse2 ss ht tm pbe syscall nx pdpe1gb rdtscp lm constant_tsc art arch_perfmon pebs bts rep_good nopl xtopology nonstop_tsc aperfmperf eagerfpu pni pclmulqdq dtes64 monitor ds_cpl vmx est tm2 ssse3 sdbg fma cx16 xtpr pdcm pcid sse4_1 sse4_2 x2apic movbe popcnt tsc_deadline_timer aes xsave avx f16c rdrand lahf_lm abm 3dnowprefetch epb invpcid_single intel_pt ibrs ibpb stibp kaiser tpr_shadow vnmi flexpriority ept vpid fsgsbase tsc_adjust bmi1 avx2 smep bmi2 erms invpcid mpx rdseed adx smap clflushopt xsaveopt xsavec xgetbv1 dtherm ida arat pln pts hwp hwp_notify hwp_act_window hwp_epp
bugs		: cpu_meltdown spectre_v1 spectre_v2 spec_store_bypass l1tf
bogomips	: 5184.48
clflush size	: 64
cache_alignment	: 64
address sizes	: 39 bits physical, 48 bits virtual
power management:

processor	: 2
vendor_id	: GenuineIntel
cpu family	: 6
model		: 78
model name	: Intel(R) Core(TM) i7-6500U CPU @ 2.50GHz
stepping	: 3
microcode	: 0xc2
cpu MHz		: 2699.937
cache size	: 4096 KB
physical id	: 0
siblings	: 4
core id		: 0
cpu cores	: 2
apicid		: 1
initial apicid	: 1
fpu		: yes
fpu_exception	: yes
cpuid level	: 22
wp		: yes
flags		: fpu vme de pse tsc msr pae mce cx8 apic sep mtrr pge mca cmov pat pse36 clflush dts acpi mmx fxsr sse sse2 ss ht tm pbe syscall nx pdpe1gb rdtscp lm constant_tsc art arch_perfmon pebs bts rep_good nopl xtopology nonstop_tsc aperfmperf eagerfpu pni pclmulqdq dtes64 monitor ds_cpl vmx est tm2 ssse3 sdbg fma cx16 xtpr pdcm pcid sse4_1 sse4_2 x2apic movbe popcnt tsc_deadline_timer aes xsave avx f16c rdrand lahf_lm abm 3dnowprefetch epb invpcid_single intel_pt ibrs ibpb stibp kaiser tpr_shadow vnmi flexpriority ept vpid fsgsbase tsc_adjust bmi1 avx2 smep bmi2 erms invpcid mpx rdseed adx smap clflushopt xsaveopt xsavec xgetbv1 dtherm ida arat pln pts hwp hwp_notify hwp_act_window hwp_epp
bugs		: cpu_meltdown spectre_v1 spectre_v2 spec_store_bypass l1tf
bogomips	: 5184.48
clflush size	: 64
cache_alignment	: 64
address sizes	: 39 bits physical, 48 bits virtual
power management:

processor	: 3
vendor_id	: GenuineIntel
cpu family	: 6
model		: 78
model name	: Intel(R) Core(TM) i7-6500U CPU @ 2.50GHz
stepping	: 3
microcode	: 0xc2
cpu MHz		: 2699.937
cache size	: 4096 KB
physical id	: 0
siblings	: 4
core id		: 1
cpu cores	: 2
apicid		: 3
initial apicid	: 3
fpu		: yes
fpu_exception	: yes
cpuid level	: 22
wp		: yes
flags		: fpu vme de pse tsc msr pae mce cx8 apic sep mtrr pge mca cmov pat pse36 clflush dts acpi mmx fxsr sse sse2 ss ht tm pbe syscall nx pdpe1gb rdtscp lm constant_tsc art arch_perfmon pebs bts rep_good nopl xtopology nonstop_tsc aperfmperf eagerfpu pni pclmulqdq dtes64 monitor ds_cpl vmx est tm2 ssse3 sdbg fma cx16 xtpr pdcm pcid sse4_1 sse4_2 x2apic movbe popcnt tsc_deadline_timer aes xsave avx f16c rdrand lahf_lm abm 3dnowprefetch epb invpcid_single intel_pt ibrs ibpb stibp kaiser tpr_shadow vnmi flexpriority ept vpid fsgsbase tsc_adjust bmi1 avx2 smep bmi2 erms invpcid mpx rdseed adx smap clflushopt xsaveopt xsavec xgetbv1 dtherm ida arat pln pts hwp hwp_notify hwp_act_window hwp_epp
bugs		: cpu_meltdown spectre_v1 spectre_v2 spec_store_bypass l1tf
bogomips	: 5184.48
clflush size	: 64
cache_alignment	: 64
address sizes	: 39 bits physical, 48 bits virtual
power management:



Memory: 4k page, physical 15852028k(2692284k free), swap 16189436k(16164488k free)

vm_info: Java HotSpot(TM) 64-Bit Server VM (25.121-b13) for linux-amd64 JRE (1.8.0_121-b13), built on Dec 12 2016 16:36:53 by "java_re" with gcc 4.3.0 20080428 (Red Hat 4.3.0-8)

time: Tue Sep  4 17:06:50 2018
elapsed time: 0 seconds (0d 0h 0m 0s)

