#
# A fatal error has been detected by the Java Runtime Environment:
#
#  SIGSEGV (0xb) at pc=0x00007fec0d1306ec, pid=17289, tid=0x00007fec2f76d700
#
# JRE version: Java(TM) SE Runtime Environment (8.0_121-b13) (build 1.8.0_121-b13)
# Java VM: Java HotSpot(TM) 64-Bit Server VM (25.121-b13 mixed mode linux-amd64 compressed oops)
# Problematic frame:
# C  [liblwjgl_opengl.so+0x446ec]  Java_org_lwjgl_opengl_GL30_nglGenVertexArrays__IJ+0xc
#
# Failed to write core dump. Core dumps have been disabled. To enable core dumping, try "ulimit -c unlimited" before starting Java again
#
# If you would like to submit a bug report, please visit:
#   http://bugreport.java.com/bugreport/crash.jsp
# The crash happened outside the Java Virtual Machine in native code.
# See problematic frame for where to report the bug.
#

---------------  T H R E A D  ---------------

Current thread (0x00007fec2800d000):  JavaThread "main" [_thread_in_native, id=17292, stack(0x00007fec2f66d000,0x00007fec2f76e000)]

siginfo: si_signo: 11 (SIGSEGV), si_code: 1 (SEGV_MAPERR), si_addr: 0x0000000000000f70

Registers:
RAX=0x0000000000000000, RBX=0x00007fec0fcf61a0, RCX=0x00007fec28504efc, RDX=0x0000000000000001
RSP=0x00007fec2f76c3e8, RBP=0x00007fec2f76c450, RSI=0x00007fec28504efc, RDI=0x0000000000000001
R8 =0x0000000000000000, R9 =0x0000000000000004, R10=0x00007fec19017a08, R11=0x00007fec2e548ea0
R12=0x0000000000000000, R13=0x00007fec0fcf61a0, R14=0x00007fec2f76c480, R15=0x00007fec2800d000
RIP=0x00007fec0d1306ec, EFLAGS=0x0000000000010283, CSGSFS=0x0000000000000033, ERR=0x0000000000000004
  TRAPNO=0x000000000000000e

Top of Stack: (sp=0x00007fec2f76c3e8)
0x00007fec2f76c3e8:   00007fec19017a34 00007fec2f76c450
0x00007fec2f76c3f8:   00007fec190177b9 00007fec2800d000
0x00007fec2f76c408:   00007fec19017782 00007fec2f76c410
0x00007fec2f76c418:   00007fec0fcf61a0 00007fec2f76c480
0x00007fec2f76c428:   00007fec0fcfe9e8 0000000000000000
0x00007fec2f76c438:   00007fec0fcf61a0 0000000000000000
0x00007fec2f76c448:   00007fec2f76c470 00007fec2f76c4c8
0x00007fec2f76c458:   00007fec190082bd 000000076f8fc398
0x00007fec2f76c468:   00007fec19011538 00007fec28504efc
0x00007fec2f76c478:   00000007700bc398 0000000000000001
0x00007fec2f76c488:   00007fec2f76c488 00007fec0fcf6314
0x00007fec2f76c498:   00007fec2f76c4f8 00007fec0fcfe9e8
0x00007fec2f76c4a8:   0000000000000000 00007fec0fcf6380
0x00007fec2f76c4b8:   00007fec2f76c470 00007fec2f76c500
0x00007fec2f76c4c8:   00007fec2f76c548 00007fec19007d00
0x00007fec2f76c4d8:   0000000000000000 0000000000000000
0x00007fec2f76c4e8:   00000007700bc398 0000000000010000
0x00007fec2f76c4f8:   000000076fff5c90 000000076f8bc360
0x00007fec2f76c508:   00007fec2f76c508 00007fec0fce546a
0x00007fec2f76c518:   00007fec2f76c578 00007fec0fce66f8
0x00007fec2f76c528:   0000000000000000 00007fec0fce54f0
0x00007fec2f76c538:   00007fec2f76c500 00007fec2f76c558
0x00007fec2f76c548:   00007fec2f76c5c8 00007fec190082bd
0x00007fec2f76c558:   000000076f8b2c50 000000076f8b2be8
0x00007fec2f76c568:   000000076f8b2b30 000000076f8b2ac8
0x00007fec2f76c578:   000000076f8bc360 000000076f8bc360
0x00007fec2f76c588:   00007fec2f76c588 00007fec0fce32d5
0x00007fec2f76c598:   00007fec2f76c630 00007fec0fce3cd0
0x00007fec2f76c5a8:   0000000000000000 00007fec0fce3390
0x00007fec2f76c5b8:   00007fec2f76c558 00007fec2f76c620
0x00007fec2f76c5c8:   00007fec2f76c690 00007fec19008040
0x00007fec2f76c5d8:   000000076f8b2c50 000000076f8b2be8 

Instructions: (pc=0x00007fec0d1306ec)
0x00007fec0d1306cc:   78 1c 00 00 ff e0 66 66 66 66 66 2e 0f 1f 84 00
0x00007fec0d1306dc:   00 00 00 00 48 8b 07 48 89 ce 89 d7 48 8b 40 18
0x00007fec0d1306ec:   48 8b 80 70 0f 00 00 ff e0 66 66 2e 0f 1f 84 00
0x00007fec0d1306fc:   00 00 00 00 48 8b 07 48 89 ce 89 d7 48 8b 40 18 

Register to memory mapping:

RAX=0x0000000000000000 is an unknown value
RBX={method} {0x00007fec0fcf61a0} 'nglGenVertexArrays' '(IJ)V' in 'org/lwjgl/opengl/GL30'
RCX=0x00007fec28504efc is an unknown value
RDX=0x0000000000000001 is an unknown value
RSP=0x00007fec2f76c3e8 is pointing into the stack for thread: 0x00007fec2800d000
RBP=0x00007fec2f76c450 is pointing into the stack for thread: 0x00007fec2800d000
RSI=0x00007fec28504efc is an unknown value
RDI=0x0000000000000001 is an unknown value
R8 =0x0000000000000000 is an unknown value
R9 =0x0000000000000004 is an unknown value
R10=0x00007fec19017a08 is at code_begin+808 in an Interpreter codelet
method entry point (kind = native)  [0x00007fec190176e0, 0x00007fec19017fe0]  2304 bytes
R11=0x00007fec2e548ea0: <offset 0x9c3ea0> in /home/michael1337/Programs/jdk/jdk1.8.0_121/jre/lib/amd64/server/libjvm.so at 0x00007fec2db85000
R12=0x0000000000000000 is an unknown value
R13={method} {0x00007fec0fcf61a0} 'nglGenVertexArrays' '(IJ)V' in 'org/lwjgl/opengl/GL30'
R14=0x00007fec2f76c480 is pointing into the stack for thread: 0x00007fec2800d000
R15=0x00007fec2800d000 is a thread


Stack: [0x00007fec2f66d000,0x00007fec2f76e000],  sp=0x00007fec2f76c3e8,  free space=1020k
Native frames: (J=compiled Java code, j=interpreted, Vv=VM code, C=native code)
C  [liblwjgl_opengl.so+0x446ec]  Java_org_lwjgl_opengl_GL30_nglGenVertexArrays__IJ+0xc
j  org.lwjgl.opengl.GL30.glGenVertexArrays()I+20
j  engine.graphics.objects.models.Mesh.<init>([F[I[F[F)V+58
j  engine.graphics.objects.generators.PlanetGenerator.createTile(Lengine/math/numericalObjects/Vector3;Lengine/math/numericalObjects/Vector3;Lengine/math/numericalObjects/Vector3;)Lengine/graphics/objects/models/Mesh;+317
j  engine.graphics.objects.generators.PlanetGenerator.createFace(ILengine/math/numericalObjects/Vector3;Lengine/math/numericalObjects/Vector3;Lengine/math/numericalObjects/Vector3;)Lengine/graphics/objects/CompositeMesh;+141
j  engine.graphics.objects.generators.PlanetGenerator.createPlanet(I)Lengine/graphics/objects/CompositeMesh;+112
j  engine.graphics.objects.PlanetObject.createLODMesh()V+46
j  engine.graphics.objects.PlanetObject.<init>(Lengine/data/Planet;)V+29
j  engine.graphics.renderer.Renderer.<init>(Lengine/graphics/window/Window;)V+27
j  engine.Engine.initialize()V+25
j  Start.main([Ljava/lang/String;)V+0
v  ~StubRoutines::call_stub
V  [libjvm.so+0x690dd6]  JavaCalls::call_helper(JavaValue*, methodHandle*, JavaCallArguments*, Thread*)+0x1056
V  [libjvm.so+0x6d21e2]  jni_invoke_static(JNIEnv_*, JavaValue*, _jobject*, JNICallType, _jmethodID*, JNI_ArgumentPusher*, Thread*)+0x362
V  [libjvm.so+0x6eea4a]  jni_CallStaticVoidMethod+0x17a
C  [libjli.so+0x7bdf]  JavaMain+0x81f
C  [libpthread.so.0+0x76ba]  start_thread+0xca

Java frames: (J=compiled Java code, j=interpreted, Vv=VM code)
j  org.lwjgl.opengl.GL30.nglGenVertexArrays(IJ)V+0
j  org.lwjgl.opengl.GL30.glGenVertexArrays()I+20
j  engine.graphics.objects.models.Mesh.<init>([F[I[F[F)V+58
j  engine.graphics.objects.generators.PlanetGenerator.createTile(Lengine/math/numericalObjects/Vector3;Lengine/math/numericalObjects/Vector3;Lengine/math/numericalObjects/Vector3;)Lengine/graphics/objects/models/Mesh;+317
j  engine.graphics.objects.generators.PlanetGenerator.createFace(ILengine/math/numericalObjects/Vector3;Lengine/math/numericalObjects/Vector3;Lengine/math/numericalObjects/Vector3;)Lengine/graphics/objects/CompositeMesh;+141
j  engine.graphics.objects.generators.PlanetGenerator.createPlanet(I)Lengine/graphics/objects/CompositeMesh;+112
j  engine.graphics.objects.PlanetObject.createLODMesh()V+46
j  engine.graphics.objects.PlanetObject.<init>(Lengine/data/Planet;)V+29
j  engine.graphics.renderer.Renderer.<init>(Lengine/graphics/window/Window;)V+27
j  engine.Engine.initialize()V+25
j  Start.main([Ljava/lang/String;)V+0
v  ~StubRoutines::call_stub

---------------  P R O C E S S  ---------------

Java Threads: ( => current thread )
  0x00007fec283c4800 JavaThread "Service Thread" daemon [_thread_blocked, id=17320, stack(0x00007fec0d8c0000,0x00007fec0d9c1000)]
  0x00007fec283c2000 JavaThread "C1 CompilerThread2" daemon [_thread_blocked, id=17319, stack(0x00007fec0d9c1000,0x00007fec0dac2000)]
  0x00007fec283c0000 JavaThread "C2 CompilerThread1" daemon [_thread_blocked, id=17318, stack(0x00007fec0dac2000,0x00007fec0dbc3000)]
  0x00007fec283be000 JavaThread "C2 CompilerThread0" daemon [_thread_blocked, id=17317, stack(0x00007fec0ddda000,0x00007fec0dedb000)]
  0x00007fec283bc800 JavaThread "Monitor Ctrl-Break" daemon [_thread_in_native, id=17316, stack(0x00007fec0dedb000,0x00007fec0dfdc000)]
  0x00007fec28180800 JavaThread "Signal Dispatcher" daemon [_thread_blocked, id=17315, stack(0x00007fec0e048000,0x00007fec0e149000)]
  0x00007fec2814e800 JavaThread "Finalizer" daemon [_thread_blocked, id=17308, stack(0x00007fec0e422000,0x00007fec0e523000)]
  0x00007fec2814a000 JavaThread "Reference Handler" daemon [_thread_blocked, id=17307, stack(0x00007fec0e523000,0x00007fec0e624000)]
=>0x00007fec2800d000 JavaThread "main" [_thread_in_native, id=17292, stack(0x00007fec2f66d000,0x00007fec2f76e000)]

Other Threads:
  0x00007fec28142800 VMThread [stack: 0x00007fec0e624000,0x00007fec0e725000] [id=17304]
  0x00007fec283c9800 WatcherThread [stack: 0x00007fec0d7bf000,0x00007fec0d8c0000] [id=17321]

VM state:not at safepoint (normal execution)

VM Mutex/Monitor currently owned by a thread: None

Heap:
 PSYoungGen      total 72192K, used 12419K [0x000000076f580000, 0x0000000774600000, 0x00000007c0000000)
  eden space 61952K, 20% used [0x000000076f580000,0x00000007701a0dd0,0x0000000773200000)
  from space 10240K, 0% used [0x0000000773c00000,0x0000000773c00000,0x0000000774600000)
  to   space 10240K, 0% used [0x0000000773200000,0x0000000773200000,0x0000000773c00000)
 ParOldGen       total 165376K, used 0K [0x00000006ce000000, 0x00000006d8180000, 0x000000076f580000)
  object space 165376K, 0% used [0x00000006ce000000,0x00000006ce000000,0x00000006d8180000)
 Metaspace       used 5651K, capacity 5890K, committed 6144K, reserved 1056768K
  class space    used 634K, capacity 735K, committed 768K, reserved 1048576K

Card table byte_map: [0x00007fec1886f000,0x00007fec19000000] byte_map_base: 0x00007fec151ff000

Marking Bits: (ParMarkBitMap*) 0x00007fec2eb49c80
 Begin Bits: [0x00007fec10862000, 0x00007fec144e2000)
 End Bits:   [0x00007fec144e2000, 0x00007fec18162000)

Polling page: 0x00007fec2f79c000

CodeCache: size=245760Kb used=2077Kb max_used=2088Kb free=243682Kb
 bounds [0x00007fec19000000, 0x00007fec19270000, 0x00007fec28000000]
 total_blobs=768 nmethods=444 adapters=238
 compilation: enabled

Compilation events (10 events):
Event: 0,438 Thread 0x00007fec283c2000 nmethod 438 0x00007fec19203290 code [0x00007fec192033e0, 0x00007fec192034d0]
Event: 0,442 Thread 0x00007fec283c2000  439       3       sun.misc.URLClassPath::getResource (83 bytes)
Event: 0,442 Thread 0x00007fec283c2000 nmethod 439 0x00007fec19203550 code [0x00007fec19203700, 0x00007fec19203ac8]
Event: 0,442 Thread 0x00007fec283c2000  440       1       java.security.CodeSource::getLocation (5 bytes)
Event: 0,442 Thread 0x00007fec283c2000 nmethod 440 0x00007fec19203c50 code [0x00007fec19203da0, 0x00007fec19203eb0]
Event: 0,443 Thread 0x00007fec283c2000  441       3       java.io.InputStream::<init> (5 bytes)
Event: 0,443 Thread 0x00007fec283be000  443       4       java.util.HashMap::getNode (148 bytes)
Event: 0,443 Thread 0x00007fec283c2000 nmethod 441 0x00007fec19203f10 code [0x00007fec19204080, 0x00007fec19204230]
Event: 0,443 Thread 0x00007fec283c2000  442   !   3       java.lang.StringCoding::encode (120 bytes)
Event: 0,448 Thread 0x00007fec283c2000 nmethod 442 0x00007fec19204310 code [0x00007fec19204660, 0x00007fec19206098]

GC Heap History (0 events):
No events

Deoptimization events (0 events):
No events

Internal exceptions (10 events):
Event: 0,030 Thread 0x00007fec2800d000 Exception <a 'java/lang/NoSuchMethodError': Method sun.misc.Unsafe.defineClass(Ljava/lang/String;[BII)Ljava/lang/Class; name or signature does not match> (0x000000076f587ca8) thrown at [/HUDSON3/workspace/8-2-build-linux-amd64/jdk8u121/8372/hotspot/src/sh
Event: 0,030 Thread 0x00007fec2800d000 Exception <a 'java/lang/NoSuchMethodError': Method sun.misc.Unsafe.prefetchRead(Ljava/lang/Object;J)V name or signature does not match> (0x000000076f587f90) thrown at [/HUDSON3/workspace/8-2-build-linux-amd64/jdk8u121/8372/hotspot/src/share/vm/prims/jni.c
Event: 0,312 Thread 0x00007fec2800d000 Exception <a 'java/lang/NoSuchFieldError': method resolution failed> (0x000000076fd1d9b0) thrown at [/HUDSON3/workspace/8-2-build-linux-amd64/jdk8u121/8372/hotspot/src/share/vm/prims/methodHandles.cpp, line 1146]
Event: 0,315 Thread 0x00007fec2800d000 Exception <a 'java/lang/NoSuchFieldError': method resolution failed> (0x000000076fd2bc28) thrown at [/HUDSON3/workspace/8-2-build-linux-amd64/jdk8u121/8372/hotspot/src/share/vm/prims/methodHandles.cpp, line 1146]
Event: 0,386 Thread 0x00007fec2800d000 Exception <a 'java/lang/NoSuchMethodError': java.lang.Object.lambda$static$0(Ljava/lang/String;)Ljava/lang/Boolean;> (0x000000076fe955e8) thrown at [/HUDSON3/workspace/8-2-build-linux-amd64/jdk8u121/8372/hotspot/src/share/vm/interpreter/linkResolver.cpp, 
Event: 0,397 Thread 0x00007fec2800d000 Exception <a 'java/security/PrivilegedActionException'> (0x000000076feea660) thrown at [/HUDSON3/workspace/8-2-build-linux-amd64/jdk8u121/8372/hotspot/src/share/vm/prims/jvm.cpp, line 1390]
Event: 0,397 Thread 0x00007fec2800d000 Exception <a 'java/security/PrivilegedActionException'> (0x000000076feea870) thrown at [/HUDSON3/workspace/8-2-build-linux-amd64/jdk8u121/8372/hotspot/src/share/vm/prims/jvm.cpp, line 1390]
Event: 0,397 Thread 0x00007fec2800d000 Exception <a 'java/security/PrivilegedActionException'> (0x000000076feed558) thrown at [/HUDSON3/workspace/8-2-build-linux-amd64/jdk8u121/8372/hotspot/src/share/vm/prims/jvm.cpp, line 1390]
Event: 0,397 Thread 0x00007fec2800d000 Exception <a 'java/security/PrivilegedActionException'> (0x000000076feed768) thrown at [/HUDSON3/workspace/8-2-build-linux-amd64/jdk8u121/8372/hotspot/src/share/vm/prims/jvm.cpp, line 1390]
Event: 0,424 Thread 0x00007fec2800d000 Exception <a 'sun/nio/fs/UnixException'> (0x000000076ffa4278) thrown at [/HUDSON3/workspace/8-2-build-linux-amd64/jdk8u121/8372/hotspot/src/share/vm/prims/jni.cpp, line 709]

Events (10 events):
Event: 0,439 loading class org/lwjgl/system/jni/JNINativeInterface
Event: 0,439 loading class org/lwjgl/system/jni/JNINativeInterface done
Event: 0,440 loading class org/lwjgl/system/linux/DynamicLinkLoader
Event: 0,440 loading class org/lwjgl/system/linux/DynamicLinkLoader done
Event: 0,442 loading class org/lwjgl/opengl/GL$2
Event: 0,442 loading class org/lwjgl/opengl/GL$2 done
Event: 0,442 loading class org/lwjgl/opengl/GL$SharedLibraryGL
Event: 0,442 loading class org/lwjgl/opengl/GL$SharedLibraryGL done
Event: 0,443 loading class org/lwjgl/system/SharedLibrary$Delegate
Event: 0,443 loading class org/lwjgl/system/SharedLibrary$Delegate done


Dynamic libraries:
00400000-00401000 r-xp 00000000 08:01 24119309                           /home/michael1337/Programs/jdk/jdk1.8.0_121/bin/java
00600000-00601000 rw-p 00000000 08:01 24119309                           /home/michael1337/Programs/jdk/jdk1.8.0_121/bin/java
01711000-01732000 rw-p 00000000 00:00 0                                  [heap]
6ce000000-6d8180000 rw-p 00000000 00:00 0 
6d8180000-76f580000 ---p 00000000 00:00 0 
76f580000-774600000 rw-p 00000000 00:00 0 
774600000-7c0000000 ---p 00000000 00:00 0 
7c0000000-7c00c0000 rw-p 00000000 00:00 0 
7c00c0000-800000000 ---p 00000000 00:00 0 
7febcf5bd000-7febcf5c2000 r-xp 00000000 08:01 4464746                    /usr/lib/x86_64-linux-gnu/libXdmcp.so.6.0.0
7febcf5c2000-7febcf7c1000 ---p 00005000 08:01 4464746                    /usr/lib/x86_64-linux-gnu/libXdmcp.so.6.0.0
7febcf7c1000-7febcf7c2000 r--p 00004000 08:01 4464746                    /usr/lib/x86_64-linux-gnu/libXdmcp.so.6.0.0
7febcf7c2000-7febcf7c3000 rw-p 00005000 08:01 4464746                    /usr/lib/x86_64-linux-gnu/libXdmcp.so.6.0.0
7febcf7c3000-7febcf7c5000 r-xp 00000000 08:01 4464735                    /usr/lib/x86_64-linux-gnu/libXau.so.6.0.0
7febcf7c5000-7febcf9c5000 ---p 00002000 08:01 4464735                    /usr/lib/x86_64-linux-gnu/libXau.so.6.0.0
7febcf9c5000-7febcf9c6000 r--p 00002000 08:01 4464735                    /usr/lib/x86_64-linux-gnu/libXau.so.6.0.0
7febcf9c6000-7febcf9c7000 rw-p 00003000 08:01 4464735                    /usr/lib/x86_64-linux-gnu/libXau.so.6.0.0
7febcf9c7000-7febcf9d7000 r-xp 00000000 08:01 4464026                    /usr/lib/x86_64-linux-gnu/libdrm.so.2.4.0
7febcf9d7000-7febcfbd6000 ---p 00010000 08:01 4464026                    /usr/lib/x86_64-linux-gnu/libdrm.so.2.4.0
7febcfbd6000-7febcfbd7000 r--p 0000f000 08:01 4464026                    /usr/lib/x86_64-linux-gnu/libdrm.so.2.4.0
7febcfbd7000-7febcfbd8000 rw-p 00010000 08:01 4464026                    /usr/lib/x86_64-linux-gnu/libdrm.so.2.4.0
7febcfbd8000-7febcfbdd000 r-xp 00000000 08:01 4464784                    /usr/lib/x86_64-linux-gnu/libXxf86vm.so.1.0.0
7febcfbdd000-7febcfddc000 ---p 00005000 08:01 4464784                    /usr/lib/x86_64-linux-gnu/libXxf86vm.so.1.0.0
7febcfddc000-7febcfddd000 r--p 00004000 08:01 4464784                    /usr/lib/x86_64-linux-gnu/libXxf86vm.so.1.0.0
7febcfddd000-7febcfdde000 rw-p 00005000 08:01 4464784                    /usr/lib/x86_64-linux-gnu/libXxf86vm.so.1.0.0
7febcfdde000-7febcfdff000 r-xp 00000000 08:01 4466084                    /usr/lib/x86_64-linux-gnu/libxcb.so.1.1.0
7febcfdff000-7febcfffe000 ---p 00021000 08:01 4466084                    /usr/lib/x86_64-linux-gnu/libxcb.so.1.1.0
7febcfffe000-7febcffff000 r--p 00020000 08:01 4466084                    /usr/lib/x86_64-linux-gnu/libxcb.so.1.1.0
7febcffff000-7febd0000000 rw-p 00021000 08:01 4466084                    /usr/lib/x86_64-linux-gnu/libxcb.so.1.1.0
7febd0000000-7febd0021000 rw-p 00000000 00:00 0 
7febd0021000-7febd4000000 ---p 00000000 00:00 0 
7febd4000000-7febd4021000 rw-p 00000000 00:00 0 
7febd4021000-7febd8000000 ---p 00000000 00:00 0 
7febd8000000-7febd8067000 rw-p 00000000 00:00 0 
7febd8067000-7febdc000000 ---p 00000000 00:00 0 
7febdc000000-7febdc15d000 rw-p 00000000 00:00 0 
7febdc15d000-7febe0000000 ---p 00000000 00:00 0 
7febe0000000-7febe00bf000 rw-p 00000000 00:00 0 
7febe00bf000-7febe4000000 ---p 00000000 00:00 0 
7febe408a000-7febe408e000 r-xp 00000000 08:01 4466048                    /usr/lib/x86_64-linux-gnu/libxcb-dri2.so.0.0.0
7febe408e000-7febe428d000 ---p 00004000 08:01 4466048                    /usr/lib/x86_64-linux-gnu/libxcb-dri2.so.0.0.0
7febe428d000-7febe428e000 r--p 00003000 08:01 4466048                    /usr/lib/x86_64-linux-gnu/libxcb-dri2.so.0.0.0
7febe428e000-7febe428f000 rw-p 00004000 08:01 4466048                    /usr/lib/x86_64-linux-gnu/libxcb-dri2.so.0.0.0
7febe428f000-7febe42a6000 r-xp 00000000 08:01 4466052                    /usr/lib/x86_64-linux-gnu/libxcb-glx.so.0.0.0
7febe42a6000-7febe44a5000 ---p 00017000 08:01 4466052                    /usr/lib/x86_64-linux-gnu/libxcb-glx.so.0.0.0
7febe44a5000-7febe44a7000 r--p 00016000 08:01 4466052                    /usr/lib/x86_64-linux-gnu/libxcb-glx.so.0.0.0
7febe44a7000-7febe44a8000 rw-p 00018000 08:01 4466052                    /usr/lib/x86_64-linux-gnu/libxcb-glx.so.0.0.0
7febe44a8000-7febe45dd000 r-xp 00000000 08:01 4464731                    /usr/lib/x86_64-linux-gnu/libX11.so.6.3.0
7febe45dd000-7febe47dd000 ---p 00135000 08:01 4464731                    /usr/lib/x86_64-linux-gnu/libX11.so.6.3.0
7febe47dd000-7febe47de000 r--p 00135000 08:01 4464731                    /usr/lib/x86_64-linux-gnu/libX11.so.6.3.0
7febe47de000-7febe47e2000 rw-p 00136000 08:01 4464731                    /usr/lib/x86_64-linux-gnu/libX11.so.6.3.0
7febe47e2000-7febe47e3000 r-xp 00000000 08:01 4464729                    /usr/lib/x86_64-linux-gnu/libX11-xcb.so.1.0.0
7febe47e3000-7febe49e2000 ---p 00001000 08:01 4464729                    /usr/lib/x86_64-linux-gnu/libX11-xcb.so.1.0.0
7febe49e2000-7febe49e3000 r--p 00000000 08:01 4464729                    /usr/lib/x86_64-linux-gnu/libX11-xcb.so.1.0.0
7febe49e3000-7febe49e4000 rw-p 00001000 08:01 4464729                    /usr/lib/x86_64-linux-gnu/libX11-xcb.so.1.0.0
7febe49e4000-7febe49e9000 r-xp 00000000 08:01 4464750                    /usr/lib/x86_64-linux-gnu/libXfixes.so.3.1.0
7febe49e9000-7febe4be8000 ---p 00005000 08:01 4464750                    /usr/lib/x86_64-linux-gnu/libXfixes.so.3.1.0
7febe4be8000-7febe4be9000 r--p 00004000 08:01 4464750                    /usr/lib/x86_64-linux-gnu/libXfixes.so.3.1.0
7febe4be9000-7febe4bea000 rw-p 00005000 08:01 4464750                    /usr/lib/x86_64-linux-gnu/libXfixes.so.3.1.0
7febe4bea000-7febe4bec000 r-xp 00000000 08:01 4464744                    /usr/lib/x86_64-linux-gnu/libXdamage.so.1.1.0
7febe4bec000-7febe4deb000 ---p 00002000 08:01 4464744                    /usr/lib/x86_64-linux-gnu/libXdamage.so.1.1.0
7febe4deb000-7febe4dec000 r--p 00001000 08:01 4464744                    /usr/lib/x86_64-linux-gnu/libXdamage.so.1.1.0
7febe4dec000-7febe4ded000 rw-p 00002000 08:01 4464744                    /usr/lib/x86_64-linux-gnu/libXdamage.so.1.1.0
7febe4ded000-7febe4dfe000 r-xp 00000000 08:01 4464748                    /usr/lib/x86_64-linux-gnu/libXext.so.6.4.0
7febe4dfe000-7febe4ffd000 ---p 00011000 08:01 4464748                    /usr/lib/x86_64-linux-gnu/libXext.so.6.4.0
7febe4ffd000-7febe4ffe000 r--p 00010000 08:01 4464748                    /usr/lib/x86_64-linux-gnu/libXext.so.6.4.0
7febe4ffe000-7febe4fff000 rw-p 00011000 08:01 4464748                    /usr/lib/x86_64-linux-gnu/libXext.so.6.4.0
7febe4fff000-7febe8000000 rw-p 00000000 00:00 0 
7febe8000000-7febe8021000 rw-p 00000000 00:00 0 
7febe8021000-7febec000000 ---p 00000000 00:00 0 
7febec000000-7febec02b000 rw-p 00000000 00:00 0 
7febec02b000-7febf0000000 ---p 00000000 00:00 0 
7febf0000000-7febf0021000 rw-p 00000000 00:00 0 
7febf0021000-7febf4000000 ---p 00000000 00:00 0 
7febf4000000-7febf4021000 rw-p 00000000 00:00 0 
7febf4021000-7febf8000000 ---p 00000000 00:00 0 
7febf8000000-7febf8021000 rw-p 00000000 00:00 0 
7febf8021000-7febfc000000 ---p 00000000 00:00 0 
7febfc000000-7febfc021000 rw-p 00000000 00:00 0 
7febfc021000-7fec00000000 ---p 00000000 00:00 0 
7fec00000000-7fec00021000 rw-p 00000000 00:00 0 
7fec00021000-7fec04000000 ---p 00000000 00:00 0 
7fec04000000-7fec04021000 rw-p 00000000 00:00 0 
7fec04021000-7fec08000000 ---p 00000000 00:00 0 
7fec08000000-7fec08021000 rw-p 00000000 00:00 0 
7fec08021000-7fec0c000000 ---p 00000000 00:00 0 
7fec0c1e6000-7fec0c211000 r-xp 00000000 08:01 4464237                    /usr/lib/x86_64-linux-gnu/libglapi.so.0.0.0
7fec0c211000-7fec0c410000 ---p 0002b000 08:01 4464237                    /usr/lib/x86_64-linux-gnu/libglapi.so.0.0.0
7fec0c410000-7fec0c414000 r--p 0002a000 08:01 4464237                    /usr/lib/x86_64-linux-gnu/libglapi.so.0.0.0
7fec0c414000-7fec0c415000 rw-p 0002e000 08:01 4464237                    /usr/lib/x86_64-linux-gnu/libglapi.so.0.0.0
7fec0c415000-7fec0c416000 rw-p 00000000 00:00 0 
7fec0c416000-7fec0c417000 r-xp 00000000 08:01 4466096                    /usr/lib/x86_64-linux-gnu/libxshmfence.so.1.0.0
7fec0c417000-7fec0c617000 ---p 00001000 08:01 4466096                    /usr/lib/x86_64-linux-gnu/libxshmfence.so.1.0.0
7fec0c617000-7fec0c618000 r--p 00001000 08:01 4466096                    /usr/lib/x86_64-linux-gnu/libxshmfence.so.1.0.0
7fec0c618000-7fec0c619000 rw-p 00002000 08:01 4466096                    /usr/lib/x86_64-linux-gnu/libxshmfence.so.1.0.0
7fec0c619000-7fec0c61e000 r-xp 00000000 08:01 4466072                    /usr/lib/x86_64-linux-gnu/libxcb-sync.so.1.0.0
7fec0c61e000-7fec0c81e000 ---p 00005000 08:01 4466072                    /usr/lib/x86_64-linux-gnu/libxcb-sync.so.1.0.0
7fec0c81e000-7fec0c81f000 r--p 00005000 08:01 4466072                    /usr/lib/x86_64-linux-gnu/libxcb-sync.so.1.0.0
7fec0c81f000-7fec0c820000 rw-p 00006000 08:01 4466072                    /usr/lib/x86_64-linux-gnu/libxcb-sync.so.1.0.0
7fec0c820000-7fec0c822000 r-xp 00000000 08:01 4466060                    /usr/lib/x86_64-linux-gnu/libxcb-present.so.0.0.0
7fec0c822000-7fec0ca21000 ---p 00002000 08:01 4466060                    /usr/lib/x86_64-linux-gnu/libxcb-present.so.0.0.0
7fec0ca21000-7fec0ca22000 r--p 00001000 08:01 4466060                    /usr/lib/x86_64-linux-gnu/libxcb-present.so.0.0.0
7fec0ca22000-7fec0ca23000 rw-p 00002000 08:01 4466060                    /usr/lib/x86_64-linux-gnu/libxcb-present.so.0.0.0
7fec0ca23000-7fec0ca25000 r-xp 00000000 08:01 4466050                    /usr/lib/x86_64-linux-gnu/libxcb-dri3.so.0.0.0
7fec0ca25000-7fec0cc24000 ---p 00002000 08:01 4466050                    /usr/lib/x86_64-linux-gnu/libxcb-dri3.so.0.0.0
7fec0cc24000-7fec0cc25000 r--p 00001000 08:01 4466050                    /usr/lib/x86_64-linux-gnu/libxcb-dri3.so.0.0.0
7fec0cc25000-7fec0cc26000 rw-p 00002000 08:01 4466050                    /usr/lib/x86_64-linux-gnu/libxcb-dri3.so.0.0.0
7fec0cc26000-7fec0cc4c000 r-xp 00000000 08:01 20840649                   /lib/x86_64-linux-gnu/libexpat.so.1.6.0
7fec0cc4c000-7fec0ce4c000 ---p 00026000 08:01 20840649                   /lib/x86_64-linux-gnu/libexpat.so.1.6.0
7fec0ce4c000-7fec0ce4e000 r--p 00026000 08:01 20840649                   /lib/x86_64-linux-gnu/libexpat.so.1.6.0
7fec0ce4e000-7fec0ce4f000 rw-p 00028000 08:01 20840649                   /lib/x86_64-linux-gnu/libexpat.so.1.6.0
7fec0ce4f000-7fec0cebd000 r-xp 00000000 08:01 4719004                    /usr/lib/x86_64-linux-gnu/mesa/libGL.so.1.2.0
7fec0cebd000-7fec0d0bd000 ---p 0006e000 08:01 4719004                    /usr/lib/x86_64-linux-gnu/mesa/libGL.so.1.2.0
7fec0d0bd000-7fec0d0c0000 r--p 0006e000 08:01 4719004                    /usr/lib/x86_64-linux-gnu/mesa/libGL.so.1.2.0
7fec0d0c0000-7fec0d0c1000 rw-p 00071000 08:01 4719004                    /usr/lib/x86_64-linux-gnu/mesa/libGL.so.1.2.0
7fec0d0c1000-7fec0d0c2000 rw-p 00000000 00:00 0 
7fec0d0ec000-7fec0d157000 r-xp 00000000 08:01 25568106                   /tmp/lwjglmichael1337/3.1.6-build-14/liblwjgl_opengl.so
7fec0d157000-7fec0d356000 ---p 0006b000 08:01 25568106                   /tmp/lwjglmichael1337/3.1.6-build-14/liblwjgl_opengl.so
7fec0d356000-7fec0d357000 r--p 0006a000 08:01 25568106                   /tmp/lwjglmichael1337/3.1.6-build-14/liblwjgl_opengl.so
7fec0d357000-7fec0d358000 rw-p 0006b000 08:01 25568106                   /tmp/lwjglmichael1337/3.1.6-build-14/liblwjgl_opengl.so
7fec0d358000-7fec0d3ac000 r-xp 00000000 08:01 25568104                   /tmp/lwjglmichael1337/3.1.6-build-14/liblwjgl.so
7fec0d3ac000-7fec0d5ac000 ---p 00054000 08:01 25568104                   /tmp/lwjglmichael1337/3.1.6-build-14/liblwjgl.so
7fec0d5ac000-7fec0d5ad000 r--p 00054000 08:01 25568104                   /tmp/lwjglmichael1337/3.1.6-build-14/liblwjgl.so
7fec0d5ad000-7fec0d5ae000 rw-p 00055000 08:01 25568104                   /tmp/lwjglmichael1337/3.1.6-build-14/liblwjgl.so
7fec0d5ae000-7fec0d5bf000 r-xp 00000000 08:01 24119418                   /home/michael1337/Programs/jdk/jdk1.8.0_121/jre/lib/amd64/libnio.so
7fec0d5bf000-7fec0d7be000 ---p 00011000 08:01 24119418                   /home/michael1337/Programs/jdk/jdk1.8.0_121/jre/lib/amd64/libnio.so
7fec0d7be000-7fec0d7bf000 rw-p 00010000 08:01 24119418                   /home/michael1337/Programs/jdk/jdk1.8.0_121/jre/lib/amd64/libnio.so
7fec0d7bf000-7fec0d7c0000 ---p 00000000 00:00 0 
7fec0d7c0000-7fec0d8c0000 rw-p 00000000 00:00 0 
7fec0d8c0000-7fec0d8c3000 ---p 00000000 00:00 0 
7fec0d8c3000-7fec0d9c1000 rw-p 00000000 00:00 0 
7fec0d9c1000-7fec0d9c4000 ---p 00000000 00:00 0 
7fec0d9c4000-7fec0dac2000 rw-p 00000000 00:00 0 
7fec0dac2000-7fec0dac5000 ---p 00000000 00:00 0 
7fec0dac5000-7fec0dbc3000 rw-p 00000000 00:00 0 
7fec0dbc3000-7fec0dbd9000 r-xp 00000000 08:01 24119393                   /home/michael1337/Programs/jdk/jdk1.8.0_121/jre/lib/amd64/libnet.so
7fec0dbd9000-7fec0ddd9000 ---p 00016000 08:01 24119393                   /home/michael1337/Programs/jdk/jdk1.8.0_121/jre/lib/amd64/libnet.so
7fec0ddd9000-7fec0ddda000 rw-p 00016000 08:01 24119393                   /home/michael1337/Programs/jdk/jdk1.8.0_121/jre/lib/amd64/libnet.so
7fec0ddda000-7fec0dddd000 ---p 00000000 00:00 0 
7fec0dddd000-7fec0dedb000 rw-p 00000000 00:00 0 
7fec0dedb000-7fec0dede000 ---p 00000000 00:00 0 
7fec0dede000-7fec0dfdc000 rw-p 00000000 00:00 0 
7fec0dfdc000-7fec0dfde000 r--s 0001a000 08:01 24788587                   /home/michael1337/Programs/intellij/idea-IU-181.5281.24/lib/idea_rt.jar
7fec0dfde000-7fec0dfe2000 r--s 00031000 08:01 27009233                   /home/michael1337/Documents/Neolithic/game/lib/commons-io-2.6/commons-io-2.6.jar
7fec0dfe2000-7fec0dfe9000 r--s 00058000 08:01 27009231                   /home/michael1337/Documents/Neolithic/game/lib/commons-io-2.6/commons-io-2.6-tests.jar
7fec0dfe9000-7fec0dfea000 r--s 00002000 08:01 25701703                   /home/michael1337/Documents/Neolithic/game/lib/PNGDecoder.jar
7fec0dfea000-7fec0dfef000 r--s 00045000 08:01 26222668                   /home/michael1337/Documents/Neolithic/game/lib/lwjgl/lwjgl.jar
7fec0dfef000-7fec0e002000 r--s 0014d000 08:01 26222592                   /home/michael1337/Documents/Neolithic/game/lib/lwjgl/lwjgl-vulkan.jar
7fec0e002000-7fec0e004000 r--s 00018000 08:01 26221583                   /home/michael1337/Documents/Neolithic/game/lib/lwjgl/lwjgl-stb.jar
7fec0e004000-7fec0e005000 r--s 0006f000 08:01 26221581                   /home/michael1337/Documents/Neolithic/game/lib/lwjgl/lwjgl-stb-natives-windows.jar
7fec0e005000-7fec0e006000 r--s 0002a000 08:01 26221580                   /home/michael1337/Documents/Neolithic/game/lib/lwjgl/lwjgl-stb-natives-macos.jar
7fec0e006000-7fec0e007000 r--s 00031000 08:01 26221579                   /home/michael1337/Documents/Neolithic/game/lib/lwjgl/lwjgl-stb-natives-linux.jar
7fec0e007000-7fec0e008000 r--s 00002000 08:01 26221577                   /home/michael1337/Documents/Neolithic/game/lib/lwjgl/lwjgl-par.jar
7fec0e008000-7fec0e009000 r--s 00031000 08:01 26221574                   /home/michael1337/Documents/Neolithic/game/lib/lwjgl/lwjgl-par-natives-windows.jar
7fec0e009000-7fec0e00a000 r--s 00004000 08:01 26222670                   /home/michael1337/Documents/Neolithic/game/lib/lwjgl/lwjgl-par-natives-macos.jar
7fec0e00a000-7fec0e00b000 r--s 00005000 08:01 26221573                   /home/michael1337/Documents/Neolithic/game/lib/lwjgl/lwjgl-par-natives-linux.jar
7fec0e00b000-7fec0e015000 r--s 000bf000 08:01 26221572                   /home/michael1337/Documents/Neolithic/game/lib/lwjgl/lwjgl-opengl.jar
7fec0e015000-7fec0e016000 r--s 0002a000 08:01 26221570                   /home/michael1337/Documents/Neolithic/game/lib/lwjgl/lwjgl-opengl-natives-windows.jar
7fec0e016000-7fec0e017000 r--s 0000b000 08:01 26221569                   /home/michael1337/Documents/Neolithic/game/lib/lwjgl/lwjgl-opengl-natives-macos.jar
7fec0e017000-7fec0e018000 r--s 00016000 08:01 26221568                   /home/michael1337/Documents/Neolithic/game/lib/lwjgl/lwjgl-opengl-natives-linux.jar
7fec0e018000-7fec0e01b000 r--s 00011000 08:01 26221566                   /home/michael1337/Documents/Neolithic/game/lib/lwjgl/lwjgl-openal.jar
7fec0e01b000-7fec0e01c000 r--s 00105000 08:01 26221562                   /home/michael1337/Documents/Neolithic/game/lib/lwjgl/lwjgl-openal-natives-windows.jar
7fec0e01c000-7fec0e01d000 r--s 00064000 08:01 26221560                   /home/michael1337/Documents/Neolithic/game/lib/lwjgl/lwjgl-openal-natives-macos.jar
7fec0e01d000-7fec0e01e000 r--s 00077000 08:01 26221559                   /home/michael1337/Documents/Neolithic/game/lib/lwjgl/lwjgl-openal-natives-linux.jar
7fec0e01e000-7fec0e023000 r--s 0005f000 08:01 26221557                   /home/michael1337/Documents/Neolithic/game/lib/lwjgl/lwjgl-nuklear.jar
7fec0e023000-7fec0e024000 r--s 00041000 08:01 26221556                   /home/michael1337/Documents/Neolithic/game/lib/lwjgl/lwjgl-nuklear-natives-windows.jar
7fec0e024000-7fec0e025000 r--s 0002e000 08:01 26221561                   /home/michael1337/Documents/Neolithic/game/lib/lwjgl/lwjgl-nuklear-natives-macos.jar
7fec0e025000-7fec0e026000 r--s 00022000 08:01 26221554                   /home/michael1337/Documents/Neolithic/game/lib/lwjgl/lwjgl-nuklear-natives-linux.jar
7fec0e026000-7fec0e027000 r--s 00039000 08:01 26222669                   /home/michael1337/Documents/Neolithic/game/lib/lwjgl/lwjgl-natives-windows.jar
7fec0e027000-7fec0e029000 r--s 00008000 08:01 26222596                   /home/michael1337/Documents/Neolithic/game/lib/lwjgl/lwjgl-natives-macos.jar
7fec0e029000-7fec0e02a000 r--s 00013000 08:01 26222595                   /home/michael1337/Documents/Neolithic/game/lib/lwjgl/lwjgl-natives-linux.jar
7fec0e02a000-7fec0e02c000 r--s 0000e000 08:01 26221549                   /home/michael1337/Documents/Neolithic/game/lib/lwjgl/lwjgl-nanovg.jar
7fec0e02c000-7fec0e02d000 r--s 00068000 08:01 26221547                   /home/michael1337/Documents/Neolithic/game/lib/lwjgl/lwjgl-nanovg-natives-windows.jar
7fec0e02d000-7fec0e02f000 r--s 00026000 08:01 26221553                   /home/michael1337/Documents/Neolithic/game/lib/lwjgl/lwjgl-nanovg-natives-macos.jar
7fec0e02f000-7fec0e030000 r--s 00029000 08:01 26221546                   /home/michael1337/Documents/Neolithic/game/lib/lwjgl/lwjgl-nanovg-natives-linux.jar
7fec0e030000-7fec0e033000 r--s 00019000 08:01 26221542                   /home/michael1337/Documents/Neolithic/game/lib/lwjgl/lwjgl-glfw.jar
7fec0e033000-7fec0e035000 r--s 00022000 08:01 26221539                   /home/michael1337/Documents/Neolithic/game/lib/lwjgl/lwjgl-glfw-natives-linux.jar
7fec0e035000-7fec0e048000 r--s 00345000 08:01 24119617                   /home/michael1337/Programs/jdk/jdk1.8.0_121/jre/lib/resources.jar
7fec0e048000-7fec0e04b000 ---p 00000000 00:00 0 
7fec0e04b000-7fec0e149000 rw-p 00000000 00:00 0 
7fec0e149000-7fec0e422000 r--p 00000000 08:01 4457405                    /usr/lib/locale/locale-archive
7fec0e422000-7fec0e425000 ---p 00000000 00:00 0 
7fec0e425000-7fec0e523000 rw-p 00000000 00:00 0 
7fec0e523000-7fec0e526000 ---p 00000000 00:00 0 
7fec0e526000-7fec0e624000 rw-p 00000000 00:00 0 
7fec0e624000-7fec0e625000 ---p 00000000 00:00 0 
7fec0e625000-7fec0f683000 rw-p 00000000 00:00 0 
7fec0f683000-7fec0f85c000 r--s 03d3e000 08:01 24119385                   /home/michael1337/Programs/jdk/jdk1.8.0_121/jre/lib/rt.jar
7fec0f85c000-7fec0fe12000 rw-p 00000000 00:00 0 
7fec0fe12000-7fec100d2000 ---p 00000000 00:00 0 
7fec100d2000-7fec18162000 rw-p 00000000 00:00 0 
7fec18162000-7fec18163000 ---p 00000000 00:00 0 
7fec18163000-7fec18263000 rw-p 00000000 00:00 0 
7fec18263000-7fec18264000 ---p 00000000 00:00 0 
7fec18264000-7fec183b5000 rw-p 00000000 00:00 0 
7fec183b5000-7fec1886f000 ---p 00000000 00:00 0 
7fec1886f000-7fec188c0000 rw-p 00000000 00:00 0 
7fec188c0000-7fec18d79000 ---p 00000000 00:00 0 
7fec18d79000-7fec18da2000 rw-p 00000000 00:00 0 
7fec18da2000-7fec18fff000 ---p 00000000 00:00 0 
7fec18fff000-7fec19000000 rw-p 00000000 00:00 0 
7fec19000000-7fec19270000 rwxp 00000000 00:00 0 
7fec19270000-7fec28000000 ---p 00000000 00:00 0 
7fec28000000-7fec287b1000 rw-p 00000000 00:00 0 
7fec287b1000-7fec2c000000 ---p 00000000 00:00 0 
7fec2c000000-7fec2c001000 r--s 0003d000 08:01 26221544                   /home/michael1337/Documents/Neolithic/game/lib/lwjgl/lwjgl-glfw-natives-windows.jar
7fec2c001000-7fec2c013000 r--s 000d6000 08:01 24119616                   /home/michael1337/Programs/jdk/jdk1.8.0_121/jre/lib/plugin.jar
7fec2c013000-7fec2c014000 ---p 00000000 00:00 0 
7fec2c014000-7fec2c114000 rw-p 00000000 00:00 0 
7fec2c114000-7fec2c115000 ---p 00000000 00:00 0 
7fec2c115000-7fec2c21f000 rw-p 00000000 00:00 0 
7fec2c21f000-7fec2c5d5000 ---p 00000000 00:00 0 
7fec2c5d5000-7fec2c5ef000 r-xp 00000000 08:01 24119416                   /home/michael1337/Programs/jdk/jdk1.8.0_121/jre/lib/amd64/libzip.so
7fec2c5ef000-7fec2c7ef000 ---p 0001a000 08:01 24119416                   /home/michael1337/Programs/jdk/jdk1.8.0_121/jre/lib/amd64/libzip.so
7fec2c7ef000-7fec2c7f0000 rw-p 0001a000 08:01 24119416                   /home/michael1337/Programs/jdk/jdk1.8.0_121/jre/lib/amd64/libzip.so
7fec2c7f0000-7fec2c7fb000 r-xp 00000000 08:01 20845377                   /lib/x86_64-linux-gnu/libnss_files-2.23.so
7fec2c7fb000-7fec2c9fa000 ---p 0000b000 08:01 20845377                   /lib/x86_64-linux-gnu/libnss_files-2.23.so
7fec2c9fa000-7fec2c9fb000 r--p 0000a000 08:01 20845377                   /lib/x86_64-linux-gnu/libnss_files-2.23.so
7fec2c9fb000-7fec2c9fc000 rw-p 0000b000 08:01 20845377                   /lib/x86_64-linux-gnu/libnss_files-2.23.so
7fec2c9fc000-7fec2ca02000 rw-p 00000000 00:00 0 
7fec2ca02000-7fec2ca0d000 r-xp 00000000 08:01 20845381                   /lib/x86_64-linux-gnu/libnss_nis-2.23.so
7fec2ca0d000-7fec2cc0c000 ---p 0000b000 08:01 20845381                   /lib/x86_64-linux-gnu/libnss_nis-2.23.so
7fec2cc0c000-7fec2cc0d000 r--p 0000a000 08:01 20845381                   /lib/x86_64-linux-gnu/libnss_nis-2.23.so
7fec2cc0d000-7fec2cc0e000 rw-p 0000b000 08:01 20845381                   /lib/x86_64-linux-gnu/libnss_nis-2.23.so
7fec2cc0e000-7fec2cc24000 r-xp 00000000 08:01 20845361                   /lib/x86_64-linux-gnu/libnsl-2.23.so
7fec2cc24000-7fec2ce23000 ---p 00016000 08:01 20845361                   /lib/x86_64-linux-gnu/libnsl-2.23.so
7fec2ce23000-7fec2ce24000 r--p 00015000 08:01 20845361                   /lib/x86_64-linux-gnu/libnsl-2.23.so
7fec2ce24000-7fec2ce25000 rw-p 00016000 08:01 20845361                   /lib/x86_64-linux-gnu/libnsl-2.23.so
7fec2ce25000-7fec2ce27000 rw-p 00000000 00:00 0 
7fec2ce27000-7fec2ce2f000 r-xp 00000000 08:01 20845372                   /lib/x86_64-linux-gnu/libnss_compat-2.23.so
7fec2ce2f000-7fec2d02e000 ---p 00008000 08:01 20845372                   /lib/x86_64-linux-gnu/libnss_compat-2.23.so
7fec2d02e000-7fec2d02f000 r--p 00007000 08:01 20845372                   /lib/x86_64-linux-gnu/libnss_compat-2.23.so
7fec2d02f000-7fec2d030000 rw-p 00008000 08:01 20845372                   /lib/x86_64-linux-gnu/libnss_compat-2.23.so
7fec2d030000-7fec2d03a000 r-xp 00000000 08:01 24119454                   /home/michael1337/Programs/jdk/jdk1.8.0_121/jre/lib/amd64/libinstrument.so
7fec2d03a000-7fec2d239000 ---p 0000a000 08:01 24119454                   /home/michael1337/Programs/jdk/jdk1.8.0_121/jre/lib/amd64/libinstrument.so
7fec2d239000-7fec2d23a000 rw-p 00009000 08:01 24119454                   /home/michael1337/Programs/jdk/jdk1.8.0_121/jre/lib/amd64/libinstrument.so
7fec2d23a000-7fec2d265000 r-xp 00000000 08:01 24119443                   /home/michael1337/Programs/jdk/jdk1.8.0_121/jre/lib/amd64/libjava.so
7fec2d265000-7fec2d464000 ---p 0002b000 08:01 24119443                   /home/michael1337/Programs/jdk/jdk1.8.0_121/jre/lib/amd64/libjava.so
7fec2d464000-7fec2d466000 rw-p 0002a000 08:01 24119443                   /home/michael1337/Programs/jdk/jdk1.8.0_121/jre/lib/amd64/libjava.so
7fec2d466000-7fec2d473000 r-xp 00000000 08:01 24119394                   /home/michael1337/Programs/jdk/jdk1.8.0_121/jre/lib/amd64/libverify.so
7fec2d473000-7fec2d672000 ---p 0000d000 08:01 24119394                   /home/michael1337/Programs/jdk/jdk1.8.0_121/jre/lib/amd64/libverify.so
7fec2d672000-7fec2d674000 rw-p 0000c000 08:01 24119394                   /home/michael1337/Programs/jdk/jdk1.8.0_121/jre/lib/amd64/libverify.so
7fec2d674000-7fec2d67b000 r-xp 00000000 08:01 20845382                   /lib/x86_64-linux-gnu/librt-2.23.so
7fec2d67b000-7fec2d87a000 ---p 00007000 08:01 20845382                   /lib/x86_64-linux-gnu/librt-2.23.so
7fec2d87a000-7fec2d87b000 r--p 00006000 08:01 20845382                   /lib/x86_64-linux-gnu/librt-2.23.so
7fec2d87b000-7fec2d87c000 rw-p 00007000 08:01 20845382                   /lib/x86_64-linux-gnu/librt-2.23.so
7fec2d87c000-7fec2d984000 r-xp 00000000 08:01 20845355                   /lib/x86_64-linux-gnu/libm-2.23.so
7fec2d984000-7fec2db83000 ---p 00108000 08:01 20845355                   /lib/x86_64-linux-gnu/libm-2.23.so
7fec2db83000-7fec2db84000 r--p 00107000 08:01 20845355                   /lib/x86_64-linux-gnu/libm-2.23.so
7fec2db84000-7fec2db85000 rw-p 00108000 08:01 20845355                   /lib/x86_64-linux-gnu/libm-2.23.so
7fec2db85000-7fec2e853000 r-xp 00000000 08:01 24119447                   /home/michael1337/Programs/jdk/jdk1.8.0_121/jre/lib/amd64/server/libjvm.so
7fec2e853000-7fec2ea53000 ---p 00cce000 08:01 24119447                   /home/michael1337/Programs/jdk/jdk1.8.0_121/jre/lib/amd64/server/libjvm.so
7fec2ea53000-7fec2eb2c000 rw-p 00cce000 08:01 24119447                   /home/michael1337/Programs/jdk/jdk1.8.0_121/jre/lib/amd64/server/libjvm.so
7fec2eb2c000-7fec2eb77000 rw-p 00000000 00:00 0 
7fec2eb77000-7fec2ed37000 r-xp 00000000 08:01 20845364                   /lib/x86_64-linux-gnu/libc-2.23.so
7fec2ed37000-7fec2ef37000 ---p 001c0000 08:01 20845364                   /lib/x86_64-linux-gnu/libc-2.23.so
7fec2ef37000-7fec2ef3b000 r--p 001c0000 08:01 20845364                   /lib/x86_64-linux-gnu/libc-2.23.so
7fec2ef3b000-7fec2ef3d000 rw-p 001c4000 08:01 20845364                   /lib/x86_64-linux-gnu/libc-2.23.so
7fec2ef3d000-7fec2ef41000 rw-p 00000000 00:00 0 
7fec2ef41000-7fec2ef44000 r-xp 00000000 08:01 20845366                   /lib/x86_64-linux-gnu/libdl-2.23.so
7fec2ef44000-7fec2f143000 ---p 00003000 08:01 20845366                   /lib/x86_64-linux-gnu/libdl-2.23.so
7fec2f143000-7fec2f144000 r--p 00002000 08:01 20845366                   /lib/x86_64-linux-gnu/libdl-2.23.so
7fec2f144000-7fec2f145000 rw-p 00003000 08:01 20845366                   /lib/x86_64-linux-gnu/libdl-2.23.so
7fec2f145000-7fec2f15a000 r-xp 00000000 08:01 24118528                   /home/michael1337/Programs/jdk/jdk1.8.0_121/lib/amd64/jli/libjli.so
7fec2f15a000-7fec2f35a000 ---p 00015000 08:01 24118528                   /home/michael1337/Programs/jdk/jdk1.8.0_121/lib/amd64/jli/libjli.so
7fec2f35a000-7fec2f35b000 rw-p 00015000 08:01 24118528                   /home/michael1337/Programs/jdk/jdk1.8.0_121/lib/amd64/jli/libjli.so
7fec2f35b000-7fec2f373000 r-xp 00000000 08:01 20845363                   /lib/x86_64-linux-gnu/libpthread-2.23.so
7fec2f373000-7fec2f572000 ---p 00018000 08:01 20845363                   /lib/x86_64-linux-gnu/libpthread-2.23.so
7fec2f572000-7fec2f573000 r--p 00017000 08:01 20845363                   /lib/x86_64-linux-gnu/libpthread-2.23.so
7fec2f573000-7fec2f574000 rw-p 00018000 08:01 20845363                   /lib/x86_64-linux-gnu/libpthread-2.23.so
7fec2f574000-7fec2f578000 rw-p 00000000 00:00 0 
7fec2f578000-7fec2f59e000 r-xp 00000000 08:01 20845362                   /lib/x86_64-linux-gnu/ld-2.23.so
7fec2f59e000-7fec2f59f000 r--s 0000e000 08:01 26221540                   /home/michael1337/Documents/Neolithic/game/lib/lwjgl/lwjgl-glfw-natives-macos.jar
7fec2f59f000-7fec2f5a3000 r--s 00027000 08:01 26221534                   /home/michael1337/Documents/Neolithic/game/lib/lwjgl/lwjgl-bgfx.jar
7fec2f5a3000-7fec2f5a4000 r--s 0009f000 08:01 26221533                   /home/michael1337/Documents/Neolithic/game/lib/lwjgl/lwjgl-bgfx-natives-windows.jar
7fec2f5a4000-7fec2f5a5000 r--s 00041000 08:01 26221541                   /home/michael1337/Documents/Neolithic/game/lib/lwjgl/lwjgl-bgfx-natives-macos.jar
7fec2f5a5000-7fec2f5a6000 r--s 00051000 08:01 26221532                   /home/michael1337/Documents/Neolithic/game/lib/lwjgl/lwjgl-bgfx-natives-linux.jar
7fec2f5a6000-7fec2f5aa000 r--s 0002e000 08:01 26221528                   /home/michael1337/Documents/Neolithic/game/lib/lwjgl/lwjgl-assimp.jar
7fec2f5aa000-7fec2f5ab000 r--s 003ca000 08:01 26221526                   /home/michael1337/Documents/Neolithic/game/lib/lwjgl/lwjgl-assimp-natives-windows.jar
7fec2f5ab000-7fec2f5ac000 r--s 00230000 08:01 26221537                   /home/michael1337/Documents/Neolithic/game/lib/lwjgl/lwjgl-assimp-natives-macos.jar
7fec2f5ac000-7fec2f5ad000 r--s 002ed000 08:01 26221523                   /home/michael1337/Documents/Neolithic/game/lib/lwjgl/lwjgl-assimp-natives-linux.jar
7fec2f5ad000-7fec2f5ae000 r--s 00000000 08:01 24119464                   /home/michael1337/Programs/jdk/jdk1.8.0_121/jre/lib/management-agent.jar
7fec2f5ae000-7fec2f5b2000 r--s 0009a000 08:01 24119337                   /home/michael1337/Programs/jdk/jdk1.8.0_121/jre/lib/jsse.jar
7fec2f5b2000-7fec2f5b4000 r--s 00007000 08:01 24119458                   /home/michael1337/Programs/jdk/jdk1.8.0_121/jre/lib/jfxswt.jar
7fec2f5b4000-7fec2f5b9000 r--s 00084000 08:01 24119492                   /home/michael1337/Programs/jdk/jdk1.8.0_121/jre/lib/jfr.jar
7fec2f5b9000-7fec2f5bc000 r--s 0001a000 08:01 24119647                   /home/michael1337/Programs/jdk/jdk1.8.0_121/jre/lib/jce.jar
7fec2f5bc000-7fec2f5c6000 r--s 0006c000 08:01 24119500                   /home/michael1337/Programs/jdk/jdk1.8.0_121/jre/lib/javaws.jar
7fec2f5c6000-7fec2f66d000 rw-p 00000000 00:00 0 
7fec2f66d000-7fec2f670000 ---p 00000000 00:00 0 
7fec2f670000-7fec2f773000 rw-p 00000000 00:00 0 
7fec2f773000-7fec2f78e000 r--s 00209000 08:01 24119501                   /home/michael1337/Programs/jdk/jdk1.8.0_121/jre/lib/deploy.jar
7fec2f78e000-7fec2f793000 r--s 002f9000 08:01 24119338                   /home/michael1337/Programs/jdk/jdk1.8.0_121/jre/lib/charsets.jar
7fec2f793000-7fec2f79b000 rw-s 00000000 08:01 25568111                   /tmp/hsperfdata_michael1337/17289
7fec2f79b000-7fec2f79c000 rw-p 00000000 00:00 0 
7fec2f79c000-7fec2f79d000 r--p 00000000 00:00 0 
7fec2f79d000-7fec2f79e000 r--p 00025000 08:01 20845362                   /lib/x86_64-linux-gnu/ld-2.23.so
7fec2f79e000-7fec2f79f000 rw-p 00026000 08:01 20845362                   /lib/x86_64-linux-gnu/ld-2.23.so
7fec2f79f000-7fec2f7a0000 rw-p 00000000 00:00 0 
7ffd600c6000-7ffd600e9000 rw-p 00000000 00:00 0                          [stack]
7ffd60124000-7ffd60127000 r--p 00000000 00:00 0                          [vvar]
7ffd60127000-7ffd60129000 r-xp 00000000 00:00 0                          [vdso]
ffffffffff600000-ffffffffff601000 r-xp 00000000 00:00 0                  [vsyscall]

VM Arguments:
jvm_args: -Dsun.java2d.opengl=true -javaagent:/home/michael1337/Programs/intellij/idea-IU-181.5281.24/lib/idea_rt.jar=33542:/home/michael1337/Programs/intellij/idea-IU-181.5281.24/bin -Dfile.encoding=UTF-8 
java_command: Start
java_class_path (initial): /home/michael1337/Programs/jdk/jdk1.8.0_121/jre/lib/charsets.jar:/home/michael1337/Programs/jdk/jdk1.8.0_121/jre/lib/deploy.jar:/home/michael1337/Programs/jdk/jdk1.8.0_121/jre/lib/ext/cldrdata.jar:/home/michael1337/Programs/jdk/jdk1.8.0_121/jre/lib/ext/dnsns.jar:/home/michael1337/Programs/jdk/jdk1.8.0_121/jre/lib/ext/jaccess.jar:/home/michael1337/Programs/jdk/jdk1.8.0_121/jre/lib/ext/jfxrt.jar:/home/michael1337/Programs/jdk/jdk1.8.0_121/jre/lib/ext/localedata.jar:/home/michael1337/Programs/jdk/jdk1.8.0_121/jre/lib/ext/nashorn.jar:/home/michael1337/Programs/jdk/jdk1.8.0_121/jre/lib/ext/sunec.jar:/home/michael1337/Programs/jdk/jdk1.8.0_121/jre/lib/ext/sunjce_provider.jar:/home/michael1337/Programs/jdk/jdk1.8.0_121/jre/lib/ext/sunpkcs11.jar:/home/michael1337/Programs/jdk/jdk1.8.0_121/jre/lib/ext/zipfs.jar:/home/michael1337/Programs/jdk/jdk1.8.0_121/jre/lib/javaws.jar:/home/michael1337/Programs/jdk/jdk1.8.0_121/jre/lib/jce.jar:/home/michael1337/Programs/jdk/jdk1.8.0_121/jre/lib/jfr.jar:/home/michael1337/Programs/jdk/jdk1.8.0_121/jre/lib/jfxswt.jar:/home/michael1337/Programs/jdk/jdk1.8.0_121/jre/lib/jsse.jar:/home/michael1337/Programs/jdk/jdk1.8.0_121/jre/lib/management-agent.jar:/home/michael1337/Programs/jdk/jdk1.8.0_121/jre/lib/plugin.jar:/home/michael1337/Programs/jdk/jdk1.8.0_121/jre/lib/resources.jar:/home/michael1337/Programs/jdk/jdk1.8.0_121/jre/lib/rt.jar:/home/michael1337/Documents/Neolithic/game/out/production/game:/home/michael1337/Documents/Neolithic/game/lib/lwjgl/lwjgl-assimp-natives-linux.jar:/home/michael1337/Documents/Neolithic/game/lib/lwjgl/lwjgl-assimp-natives-macos.jar:/home/michael1337/Documents/Neolithic/game/lib/lwjgl/lwjgl-assimp-natives-windows.jar:/home/michael1337/Documents/Neolithic/game/lib/lwjgl/lwjgl-assimp.jar:/home/michael1337/Documents/Neolithic/game/lib/lwjgl/lwjgl-bgfx-natives-linux.jar:/home/michael1337/Documents/Neolithic/game/lib/lwjgl/lwjgl-bgfx-natives-macos.jar:/home/michael1337/Documents/Neolithic/
Launcher Type: SUN_STANDARD

Environment Variables:
JAVA_HOME=/home/michael1337/Programs/jdk/jdk1.8.0_121
PATH=/home/michael1337/Programs/Spin/Spin/Src6.4.8:/home/michael1337/anaconda3/bin:/home/michael1337/bin:/home/michael1337/.local/bin:/usr/local/sbin:/usr/local/bin:/usr/sbin:/usr/bin:/sbin:/bin:/usr/games:/usr/local/games:/snap/bin:/home/michael1337/Programs/jdk/jdk1.8.0_121
USERNAME=michael1337
SHELL=/bin/bash
DISPLAY=:1

Signal Handlers:
SIGSEGV: [libjvm.so+0xac78c0], sa_mask[0]=11111111011111111101111111111110, sa_flags=SA_RESTART|SA_SIGINFO
SIGBUS: [libjvm.so+0xac78c0], sa_mask[0]=11111111011111111101111111111110, sa_flags=SA_RESTART|SA_SIGINFO
SIGFPE: [libjvm.so+0x920ac0], sa_mask[0]=11111111011111111101111111111110, sa_flags=SA_RESTART|SA_SIGINFO
SIGPIPE: [libjvm.so+0x920ac0], sa_mask[0]=11111111011111111101111111111110, sa_flags=SA_RESTART|SA_SIGINFO
SIGXFSZ: [libjvm.so+0x920ac0], sa_mask[0]=11111111011111111101111111111110, sa_flags=SA_RESTART|SA_SIGINFO
SIGILL: [libjvm.so+0x920ac0], sa_mask[0]=11111111011111111101111111111110, sa_flags=SA_RESTART|SA_SIGINFO
SIGUSR1: SIG_DFL, sa_mask[0]=00000000000000000000000000000000, sa_flags=none
SIGUSR2: [libjvm.so+0x922300], sa_mask[0]=00100000000000000000000000000000, sa_flags=SA_RESTART|SA_SIGINFO
SIGHUP: [libjvm.so+0x923700], sa_mask[0]=11111111011111111101111111111110, sa_flags=SA_RESTART|SA_SIGINFO
SIGINT: [libjvm.so+0x923700], sa_mask[0]=11111111011111111101111111111110, sa_flags=SA_RESTART|SA_SIGINFO
SIGTERM: [libjvm.so+0x923700], sa_mask[0]=11111111011111111101111111111110, sa_flags=SA_RESTART|SA_SIGINFO
SIGQUIT: [libjvm.so+0x923700], sa_mask[0]=11111111011111111101111111111110, sa_flags=SA_RESTART|SA_SIGINFO


---------------  S Y S T E M  ---------------

OS:DISTRIB_ID=Ubuntu
DISTRIB_RELEASE=16.04
DISTRIB_CODENAME=xenial
DISTRIB_DESCRIPTION="Ubuntu 16.04.4 LTS"

uname:Linux 4.4.0-130-generic #156-Ubuntu SMP Thu Jun 14 08:53:28 UTC 2018 x86_64
libc:glibc 2.23 NPTL 2.23 
rlimit: STACK 8192k, CORE 0k, NPROC 61761, NOFILE 1048576, AS infinity
load average:1,58 1,71 1,78

/proc/meminfo:
MemTotal:       15852036 kB
MemFree:         2602324 kB
MemAvailable:    8951420 kB
Buffers:         1070352 kB
Cached:          5389124 kB
SwapCached:            0 kB
Active:          9540756 kB
Inactive:        2614684 kB
Active(anon):    5726812 kB
Inactive(anon):   596972 kB
Active(file):    3813944 kB
Inactive(file):  2017712 kB
Unevictable:          16 kB
Mlocked:              16 kB
SwapTotal:      16189436 kB
SwapFree:       16189436 kB
Dirty:              1220 kB
Writeback:             0 kB
AnonPages:       5696236 kB
Mapped:           755896 kB
Shmem:            627844 kB
Slab:             915224 kB
SReclaimable:     853892 kB
SUnreclaim:        61332 kB
KernelStack:       14224 kB
PageTables:        90420 kB
NFS_Unstable:          0 kB
Bounce:                0 kB
WritebackTmp:          0 kB
CommitLimit:    24115452 kB
Committed_AS:   77869356 kB
VmallocTotal:   34359738367 kB
VmallocUsed:           0 kB
VmallocChunk:          0 kB
HardwareCorrupted:     0 kB
AnonHugePages:         0 kB
CmaTotal:              0 kB
CmaFree:               0 kB
HugePages_Total:       0
HugePages_Free:        0
HugePages_Rsvd:        0
HugePages_Surp:        0
Hugepagesize:       2048 kB
DirectMap4k:      267972 kB
DirectMap2M:    13826048 kB
DirectMap1G:     2097152 kB


CPU:total 4 (2 cores per cpu, 2 threads per core) family 6 model 78 stepping 3, cmov, cx8, fxsr, mmx, sse, sse2, sse3, ssse3, sse4.1, sse4.2, popcnt, avx, avx2, aes, clmul, erms, 3dnowpref, lzcnt, ht, tsc, tscinvbit, bmi1, bmi2, adx

/proc/cpuinfo:
processor	: 0
vendor_id	: GenuineIntel
cpu family	: 6
model		: 78
model name	: Intel(R) Core(TM) i7-6500U CPU @ 2.50GHz
stepping	: 3
microcode	: 0xc2
cpu MHz		: 2765.242
cache size	: 4096 KB
physical id	: 0
siblings	: 4
core id		: 0
cpu cores	: 2
apicid		: 0
initial apicid	: 0
fpu		: yes
fpu_exception	: yes
cpuid level	: 22
wp		: yes
flags		: fpu vme de pse tsc msr pae mce cx8 apic sep mtrr pge mca cmov pat pse36 clflush dts acpi mmx fxsr sse sse2 ss ht tm pbe syscall nx pdpe1gb rdtscp lm constant_tsc art arch_perfmon pebs bts rep_good nopl xtopology nonstop_tsc aperfmperf eagerfpu pni pclmulqdq dtes64 monitor ds_cpl vmx est tm2 ssse3 sdbg fma cx16 xtpr pdcm pcid sse4_1 sse4_2 x2apic movbe popcnt tsc_deadline_timer aes xsave avx f16c rdrand lahf_lm abm 3dnowprefetch epb invpcid_single intel_pt ibrs ibpb stibp kaiser tpr_shadow vnmi flexpriority ept vpid fsgsbase tsc_adjust bmi1 avx2 smep bmi2 erms invpcid mpx rdseed adx smap clflushopt xsaveopt xsavec xgetbv1 dtherm ida arat pln pts hwp hwp_notify hwp_act_window hwp_epp
bugs		: cpu_meltdown spectre_v1 spectre_v2 spec_store_bypass
bogomips	: 5184.48
clflush size	: 64
cache_alignment	: 64
address sizes	: 39 bits physical, 48 bits virtual
power management:

processor	: 1
vendor_id	: GenuineIntel
cpu family	: 6
model		: 78
model name	: Intel(R) Core(TM) i7-6500U CPU @ 2.50GHz
stepping	: 3
microcode	: 0xc2
cpu MHz		: 2769.101
cache size	: 4096 KB
physical id	: 0
siblings	: 4
core id		: 1
cpu cores	: 2
apicid		: 2
initial apicid	: 2
fpu		: yes
fpu_exception	: yes
cpuid level	: 22
wp		: yes
flags		: fpu vme de pse tsc msr pae mce cx8 apic sep mtrr pge mca cmov pat pse36 clflush dts acpi mmx fxsr sse sse2 ss ht tm pbe syscall nx pdpe1gb rdtscp lm constant_tsc art arch_perfmon pebs bts rep_good nopl xtopology nonstop_tsc aperfmperf eagerfpu pni pclmulqdq dtes64 monitor ds_cpl vmx est tm2 ssse3 sdbg fma cx16 xtpr pdcm pcid sse4_1 sse4_2 x2apic movbe popcnt tsc_deadline_timer aes xsave avx f16c rdrand lahf_lm abm 3dnowprefetch epb invpcid_single intel_pt ibrs ibpb stibp kaiser tpr_shadow vnmi flexpriority ept vpid fsgsbase tsc_adjust bmi1 avx2 smep bmi2 erms invpcid mpx rdseed adx smap clflushopt xsaveopt xsavec xgetbv1 dtherm ida arat pln pts hwp hwp_notify hwp_act_window hwp_epp
bugs		: cpu_meltdown spectre_v1 spectre_v2 spec_store_bypass
bogomips	: 5184.48
clflush size	: 64
cache_alignment	: 64
address sizes	: 39 bits physical, 48 bits virtual
power management:

processor	: 2
vendor_id	: GenuineIntel
cpu family	: 6
model		: 78
model name	: Intel(R) Core(TM) i7-6500U CPU @ 2.50GHz
stepping	: 3
microcode	: 0xc2
cpu MHz		: 2719.640
cache size	: 4096 KB
physical id	: 0
siblings	: 4
core id		: 0
cpu cores	: 2
apicid		: 1
initial apicid	: 1
fpu		: yes
fpu_exception	: yes
cpuid level	: 22
wp		: yes
flags		: fpu vme de pse tsc msr pae mce cx8 apic sep mtrr pge mca cmov pat pse36 clflush dts acpi mmx fxsr sse sse2 ss ht tm pbe syscall nx pdpe1gb rdtscp lm constant_tsc art arch_perfmon pebs bts rep_good nopl xtopology nonstop_tsc aperfmperf eagerfpu pni pclmulqdq dtes64 monitor ds_cpl vmx est tm2 ssse3 sdbg fma cx16 xtpr pdcm pcid sse4_1 sse4_2 x2apic movbe popcnt tsc_deadline_timer aes xsave avx f16c rdrand lahf_lm abm 3dnowprefetch epb invpcid_single intel_pt ibrs ibpb stibp kaiser tpr_shadow vnmi flexpriority ept vpid fsgsbase tsc_adjust bmi1 avx2 smep bmi2 erms invpcid mpx rdseed adx smap clflushopt xsaveopt xsavec xgetbv1 dtherm ida arat pln pts hwp hwp_notify hwp_act_window hwp_epp
bugs		: cpu_meltdown spectre_v1 spectre_v2 spec_store_bypass
bogomips	: 5184.48
clflush size	: 64
cache_alignment	: 64
address sizes	: 39 bits physical, 48 bits virtual
power management:

processor	: 3
vendor_id	: GenuineIntel
cpu family	: 6
model		: 78
model name	: Intel(R) Core(TM) i7-6500U CPU @ 2.50GHz
stepping	: 3
microcode	: 0xc2
cpu MHz		: 2727.359
cache size	: 4096 KB
physical id	: 0
siblings	: 4
core id		: 1
cpu cores	: 2
apicid		: 3
initial apicid	: 3
fpu		: yes
fpu_exception	: yes
cpuid level	: 22
wp		: yes
flags		: fpu vme de pse tsc msr pae mce cx8 apic sep mtrr pge mca cmov pat pse36 clflush dts acpi mmx fxsr sse sse2 ss ht tm pbe syscall nx pdpe1gb rdtscp lm constant_tsc art arch_perfmon pebs bts rep_good nopl xtopology nonstop_tsc aperfmperf eagerfpu pni pclmulqdq dtes64 monitor ds_cpl vmx est tm2 ssse3 sdbg fma cx16 xtpr pdcm pcid sse4_1 sse4_2 x2apic movbe popcnt tsc_deadline_timer aes xsave avx f16c rdrand lahf_lm abm 3dnowprefetch epb invpcid_single intel_pt ibrs ibpb stibp kaiser tpr_shadow vnmi flexpriority ept vpid fsgsbase tsc_adjust bmi1 avx2 smep bmi2 erms invpcid mpx rdseed adx smap clflushopt xsaveopt xsavec xgetbv1 dtherm ida arat pln pts hwp hwp_notify hwp_act_window hwp_epp
bugs		: cpu_meltdown spectre_v1 spectre_v2 spec_store_bypass
bogomips	: 5184.48
clflush size	: 64
cache_alignment	: 64
address sizes	: 39 bits physical, 48 bits virtual
power management:



Memory: 4k page, physical 15852036k(2602324k free), swap 16189436k(16189436k free)

vm_info: Java HotSpot(TM) 64-Bit Server VM (25.121-b13) for linux-amd64 JRE (1.8.0_121-b13), built on Dec 12 2016 16:36:53 by "java_re" with gcc 4.3.0 20080428 (Red Hat 4.3.0-8)

time: Mon Jul 30 15:36:13 2018
elapsed time: 0 seconds (0d 0h 0m 0s)

