#
# A fatal error has been detected by the Java Runtime Environment:
#
#  SIGSEGV (0xb) at pc=0x00007f330886f6ec, pid=32291, tid=0x00007f332a67b700
#
# JRE version: Java(TM) SE Runtime Environment (8.0_121-b13) (build 1.8.0_121-b13)
# Java VM: Java HotSpot(TM) 64-Bit Server VM (25.121-b13 mixed mode linux-amd64 compressed oops)
# Problematic frame:
# C  [liblwjgl_opengl.so+0x446ec]  Java_org_lwjgl_opengl_GL30_nglGenVertexArrays__IJ+0xc
#
# Failed to write core dump. Core dumps have been disabled. To enable core dumping, try "ulimit -c unlimited" before starting Java again
#
# If you would like to submit a bug report, please visit:
#   http://bugreport.java.com/bugreport/crash.jsp
# The crash happened outside the Java Virtual Machine in native code.
# See problematic frame for where to report the bug.
#

---------------  T H R E A D  ---------------

Current thread (0x00007f332400d000):  JavaThread "main" [_thread_in_native, id=32292, stack(0x00007f332a57b000,0x00007f332a67c000)]

siginfo: si_signo: 11 (SIGSEGV), si_code: 1 (SEGV_MAPERR), si_addr: 0x0000000000000f70

Registers:
RAX=0x0000000000000000, RBX=0x00007f33124ecb58, RCX=0x00007f33244c7a0c, RDX=0x0000000000000001
RSP=0x00007f332a67a5b8, RBP=0x00007f332a67a618, RSI=0x00007f33244c7a0c, RDI=0x0000000000000001
R8 =0x0000000000000000, R9 =0x0000000000000004, R10=0x00007f33143b2a08, R11=0x00007f3329456ea0
R12=0x0000000000000000, R13=0x00007f33124ecb58, R14=0x00007f332a67a648, R15=0x00007f332400d000
RIP=0x00007f330886f6ec, EFLAGS=0x0000000000010283, CSGSFS=0x0000000000000033, ERR=0x0000000000000004
  TRAPNO=0x000000000000000e

Top of Stack: (sp=0x00007f332a67a5b8)
0x00007f332a67a5b8:   00007f33143b2a34 00007f332a67a618
0x00007f332a67a5c8:   00007f33143b27c7 00007f33143b2782
0x00007f332a67a5d8:   00007f332a67a5d8 00007f33124ecb58
0x00007f332a67a5e8:   00007f332a67a648 00007f33124f57c0
0x00007f332a67a5f8:   0000000000000000 00007f33124ecb58
0x00007f332a67a608:   0000000000000000 00007f332a67a638
0x00007f332a67a618:   00007f332a67a690 00007f33143a32bd
0x00007f332a67a628:   0000000770177328 00007f33143ac538
0x00007f332a67a638:   00007f33244c7a0c 00000007706d34b8
0x00007f332a67a648:   0000000000000001 00007f332a67a650
0x00007f332a67a658:   00007f33124ecccc 00007f332a67a6c0
0x00007f332a67a668:   00007f33124f57c0 0000000000000000
0x00007f332a67a678:   00007f33124ecd38 00007f332a67a638
0x00007f332a67a688:   00007f332a67a6c8 00007f332a67a710
0x00007f332a67a698:   00007f33143a2d00 0000000000000000
0x00007f332a67a6a8:   0000000000000000 00000007706d34b8
0x00007f332a67a6b8:   0000000000010000 000000077060b1f8
0x00007f332a67a6c8:   0000000770123120 00007f332a67a6d0
0x00007f332a67a6d8:   00007f33124dcb6a 00007f332a67a740
0x00007f332a67a6e8:   00007f33124ddbb0 0000000000000000
0x00007f332a67a6f8:   00007f33124dcbe8 00007f332a67a6c8
0x00007f332a67a708:   00007f332a67a720 00007f332a67a790
0x00007f332a67a718:   00007f33143a32bd 0000000770138638
0x00007f332a67a728:   00000007701329e8 000000077012fc78
0x00007f332a67a738:   0000000770126e60 0000000770123120
0x00007f332a67a748:   0000000770123120 00007f332a67a750
0x00007f332a67a758:   00007f33124d7591 00007f332a67a810
0x00007f332a67a768:   00007f33124d77d8 0000000000000000
0x00007f332a67a778:   00007f33124d76d0 00007f332a67a720
0x00007f332a67a788:   00007f332a67a810 00007f332a67a860
0x00007f332a67a798:   00007f33143a3040 00000007700f9fd8
0x00007f332a67a7a8:   0000000700000003 00000007700f9d08 

Instructions: (pc=0x00007f330886f6ec)
0x00007f330886f6cc:   78 1c 00 00 ff e0 66 66 66 66 66 2e 0f 1f 84 00
0x00007f330886f6dc:   00 00 00 00 48 8b 07 48 89 ce 89 d7 48 8b 40 18
0x00007f330886f6ec:   48 8b 80 70 0f 00 00 ff e0 66 66 2e 0f 1f 84 00
0x00007f330886f6fc:   00 00 00 00 48 8b 07 48 89 ce 89 d7 48 8b 40 18 

Register to memory mapping:

RAX=0x0000000000000000 is an unknown value
RBX={method} {0x00007f33124ecb58} 'nglGenVertexArrays' '(IJ)V' in 'org/lwjgl/opengl/GL30'
RCX=0x00007f33244c7a0c is an unknown value
RDX=0x0000000000000001 is an unknown value
RSP=0x00007f332a67a5b8 is pointing into the stack for thread: 0x00007f332400d000
RBP=0x00007f332a67a618 is pointing into the stack for thread: 0x00007f332400d000
RSI=0x00007f33244c7a0c is an unknown value
RDI=0x0000000000000001 is an unknown value
R8 =0x0000000000000000 is an unknown value
R9 =0x0000000000000004 is an unknown value
R10=0x00007f33143b2a08 is at code_begin+808 in an Interpreter codelet
method entry point (kind = native)  [0x00007f33143b26e0, 0x00007f33143b2fe0]  2304 bytes
R11=0x00007f3329456ea0: <offset 0x9c3ea0> in /home/michael1337/Programs/jdk/jdk1.8.0_121/jre/lib/amd64/server/libjvm.so at 0x00007f3328a93000
R12=0x0000000000000000 is an unknown value
R13={method} {0x00007f33124ecb58} 'nglGenVertexArrays' '(IJ)V' in 'org/lwjgl/opengl/GL30'
R14=0x00007f332a67a648 is pointing into the stack for thread: 0x00007f332400d000
R15=0x00007f332400d000 is a thread


Stack: [0x00007f332a57b000,0x00007f332a67c000],  sp=0x00007f332a67a5b8,  free space=1021k
Native frames: (J=compiled Java code, j=interpreted, Vv=VM code, C=native code)
C  [liblwjgl_opengl.so+0x446ec]  Java_org_lwjgl_opengl_GL30_nglGenVertexArrays__IJ+0xc
j  org.lwjgl.opengl.GL30.glGenVertexArrays()I+20
j  engine.graphics.objects.models.Mesh.<init>([F[I[F[F)V+58
j  load.OBJLoader.loadMesh(Ljava/lang/String;)Lengine/graphics/objects/models/Mesh;+625
j  engine.graphics.objects.MeshHub.loadMesh()V+5
j  engine.data.proto.Data.load()V+32
j  engine.Engine.loadData()V+15
j  tests.parser.ParserTest.main([Ljava/lang/String;)V+0
v  ~StubRoutines::call_stub
V  [libjvm.so+0x690dd6]  JavaCalls::call_helper(JavaValue*, methodHandle*, JavaCallArguments*, Thread*)+0x1056
V  [libjvm.so+0x6d21e2]  jni_invoke_static(JNIEnv_*, JavaValue*, _jobject*, JNICallType, _jmethodID*, JNI_ArgumentPusher*, Thread*)+0x362
V  [libjvm.so+0x6eea4a]  jni_CallStaticVoidMethod+0x17a
C  [libjli.so+0x7bdf]  JavaMain+0x81f
C  [libpthread.so.0+0x76ba]  start_thread+0xca

Java frames: (J=compiled Java code, j=interpreted, Vv=VM code)
j  org.lwjgl.opengl.GL30.nglGenVertexArrays(IJ)V+0
j  org.lwjgl.opengl.GL30.glGenVertexArrays()I+20
j  engine.graphics.objects.models.Mesh.<init>([F[I[F[F)V+58
j  load.OBJLoader.loadMesh(Ljava/lang/String;)Lengine/graphics/objects/models/Mesh;+625
j  engine.graphics.objects.MeshHub.loadMesh()V+5
j  engine.data.proto.Data.load()V+32
j  engine.Engine.loadData()V+15
j  tests.parser.ParserTest.main([Ljava/lang/String;)V+0
v  ~StubRoutines::call_stub

---------------  P R O C E S S  ---------------

Java Threads: ( => current thread )
  0x00007f33243c5000 JavaThread "Service Thread" daemon [_thread_blocked, id=32319, stack(0x00007f33100ce000,0x00007f33101cf000)]
  0x00007f33243c2000 JavaThread "C1 CompilerThread2" daemon [_thread_blocked, id=32318, stack(0x00007f33101cf000,0x00007f33102d0000)]
  0x00007f33243c0000 JavaThread "C2 CompilerThread1" daemon [_thread_blocked, id=32317, stack(0x00007f33102d0000,0x00007f33103d1000)]
  0x00007f33243be000 JavaThread "C2 CompilerThread0" daemon [_thread_blocked, id=32316, stack(0x00007f33105e8000,0x00007f33106e9000)]
  0x00007f33243bc800 JavaThread "Monitor Ctrl-Break" daemon [_thread_in_native, id=32315, stack(0x00007f33106e9000,0x00007f33107ea000)]
  0x00007f3324180000 JavaThread "Signal Dispatcher" daemon [_thread_blocked, id=32313, stack(0x00007f3310822000,0x00007f3310923000)]
  0x00007f332414e800 JavaThread "Finalizer" daemon [_thread_blocked, id=32306, stack(0x00007f3310bfc000,0x00007f3310cfd000)]
  0x00007f332414a000 JavaThread "Reference Handler" daemon [_thread_blocked, id=32305, stack(0x00007f3310cfd000,0x00007f3310dfe000)]
=>0x00007f332400d000 JavaThread "main" [_thread_in_native, id=32292, stack(0x00007f332a57b000,0x00007f332a67c000)]

Other Threads:
  0x00007f3324142800 VMThread [stack: 0x00007f3310dfe000,0x00007f3310eff000] [id=32303]
  0x00007f33243ca000 WatcherThread [stack: 0x00007f3308efe000,0x00007f3308fff000] [id=32320]

VM state:not at safepoint (normal execution)

VM Mutex/Monitor currently owned by a thread: None

Heap:
 PSYoungGen      total 72192K, used 18624K [0x000000076f580000, 0x0000000774600000, 0x00000007c0000000)
  eden space 61952K, 30% used [0x000000076f580000,0x00000007707b01f0,0x0000000773200000)
  from space 10240K, 0% used [0x0000000773c00000,0x0000000773c00000,0x0000000774600000)
  to   space 10240K, 0% used [0x0000000773200000,0x0000000773200000,0x0000000773c00000)
 ParOldGen       total 165376K, used 0K [0x00000006ce000000, 0x00000006d8180000, 0x000000076f580000)
  object space 165376K, 0% used [0x00000006ce000000,0x00000006ce000000,0x00000006d8180000)
 Metaspace       used 5882K, capacity 6082K, committed 6144K, reserved 1056768K
  class space    used 661K, capacity 735K, committed 768K, reserved 1048576K

Card table byte_map: [0x00007f331384a000,0x00007f3313fdb000] byte_map_base: 0x00007f33101da000

Marking Bits: (ParMarkBitMap*) 0x00007f3329a57c80
 Begin Bits: [0x00007f32ec700000, 0x00007f32f0380000)
 End Bits:   [0x00007f32f0380000, 0x00007f32f4000000)

Polling page: 0x00007f332a6aa000

CodeCache: size=245760Kb used=2349Kb max_used=2361Kb free=243410Kb
 bounds [0x00007f331439b000, 0x00007f331460b000, 0x00007f332339b000]
 total_blobs=887 nmethods=561 adapters=240
 compilation: enabled

Compilation events (10 events):
Event: 0,878 Thread 0x00007f33243c2000  578   !   3       java.lang.ref.Finalizer::add (41 bytes)
Event: 0,878 Thread 0x00007f33243c2000 nmethod 578 0x00007f33145dea90 code [0x00007f33145dec00, 0x00007f33145defb0]
Event: 0,878 Thread 0x00007f33243c2000  580       3       java.lang.String::getBytes (27 bytes)
Event: 0,879 Thread 0x00007f33243c2000 nmethod 580 0x00007f33145df0d0 code [0x00007f33145df260, 0x00007f33145df4f8]
Event: 0,879 Thread 0x00007f33243c2000  581   !   3       java.lang.StringCoding::encode (120 bytes)
Event: 0,881 Thread 0x00007f33243c2000 nmethod 581 0x00007f33145df610 code [0x00007f33145df960, 0x00007f33145e1398]
Event: 0,881 Thread 0x00007f33243c2000  582   !   3       java.lang.StringCoding$StringEncoder::encode (179 bytes)
Event: 0,886 Thread 0x00007f33243be000  586       4       java.util.concurrent.ConcurrentHashMap::tabAt (21 bytes)
Event: 0,887 Thread 0x00007f33243be000 nmethod 586 0x00007f33145e4e90 code [0x00007f33145e4fc0, 0x00007f33145e5018]
Event: 0,889 Thread 0x00007f33243c0000  587       4       java.util.HashMap::getNode (148 bytes)

GC Heap History (0 events):
No events

Deoptimization events (2 events):
Event: 0,755 Thread 0x00007f332400d000 Uncommon trap: reason=class_check action=maybe_recompile pc=0x00007f3314528054 method=java.util.AbstractCollection.toArray([Ljava/lang/Object;)[Ljava/lang/Object; @ 1
Event: 0,796 Thread 0x00007f332400d000 Uncommon trap: reason=unstable_if action=reinterpret pc=0x00007f331452a768 method=java.lang.CharacterDataLatin1.digit(II)I @ 31

Internal exceptions (10 events):
Event: 0,050 Thread 0x00007f332400d000 Exception <a 'java/lang/NoSuchMethodError': Method sun.misc.Unsafe.defineClass(Ljava/lang/String;[BII)Ljava/lang/Class; name or signature does not match> (0x000000076f587ca8) thrown at [/HUDSON3/workspace/8-2-build-linux-amd64/jdk8u121/8372/hotspot/src/sh
Event: 0,050 Thread 0x00007f332400d000 Exception <a 'java/lang/NoSuchMethodError': Method sun.misc.Unsafe.prefetchRead(Ljava/lang/Object;J)V name or signature does not match> (0x000000076f587f90) thrown at [/HUDSON3/workspace/8-2-build-linux-amd64/jdk8u121/8372/hotspot/src/share/vm/prims/jni.c
Event: 0,751 Thread 0x00007f332400d000 Exception <a 'java/lang/NoSuchFieldError': method resolution failed> (0x0000000770335938) thrown at [/HUDSON3/workspace/8-2-build-linux-amd64/jdk8u121/8372/hotspot/src/share/vm/prims/methodHandles.cpp, line 1146]
Event: 0,753 Thread 0x00007f332400d000 Exception <a 'java/lang/NoSuchFieldError': method resolution failed> (0x0000000770343750) thrown at [/HUDSON3/workspace/8-2-build-linux-amd64/jdk8u121/8372/hotspot/src/share/vm/prims/methodHandles.cpp, line 1146]
Event: 0,812 Thread 0x00007f332400d000 Exception <a 'java/lang/NoSuchMethodError': java.lang.Object.lambda$static$0(Ljava/lang/String;)Ljava/lang/Boolean;> (0x00000007704acb40) thrown at [/HUDSON3/workspace/8-2-build-linux-amd64/jdk8u121/8372/hotspot/src/share/vm/interpreter/linkResolver.cpp, 
Event: 0,827 Thread 0x00007f332400d000 Exception <a 'java/security/PrivilegedActionException'> (0x0000000770500130) thrown at [/HUDSON3/workspace/8-2-build-linux-amd64/jdk8u121/8372/hotspot/src/share/vm/prims/jvm.cpp, line 1390]
Event: 0,827 Thread 0x00007f332400d000 Exception <a 'java/security/PrivilegedActionException'> (0x0000000770500340) thrown at [/HUDSON3/workspace/8-2-build-linux-amd64/jdk8u121/8372/hotspot/src/share/vm/prims/jvm.cpp, line 1390]
Event: 0,827 Thread 0x00007f332400d000 Exception <a 'java/security/PrivilegedActionException'> (0x0000000770502e40) thrown at [/HUDSON3/workspace/8-2-build-linux-amd64/jdk8u121/8372/hotspot/src/share/vm/prims/jvm.cpp, line 1390]
Event: 0,827 Thread 0x00007f332400d000 Exception <a 'java/security/PrivilegedActionException'> (0x0000000770503050) thrown at [/HUDSON3/workspace/8-2-build-linux-amd64/jdk8u121/8372/hotspot/src/share/vm/prims/jvm.cpp, line 1390]
Event: 0,857 Thread 0x00007f332400d000 Exception <a 'sun/nio/fs/UnixException'> (0x00000007705b99c8) thrown at [/HUDSON3/workspace/8-2-build-linux-amd64/jdk8u121/8372/hotspot/src/share/vm/prims/jni.cpp, line 709]

Events (10 events):
Event: 0,879 loading class org/lwjgl/system/jni/JNINativeInterface
Event: 0,879 loading class org/lwjgl/system/jni/JNINativeInterface done
Event: 0,882 loading class org/lwjgl/system/linux/DynamicLinkLoader
Event: 0,882 loading class org/lwjgl/system/linux/DynamicLinkLoader done
Event: 0,887 loading class org/lwjgl/opengl/GL$2
Event: 0,887 loading class org/lwjgl/opengl/GL$2 done
Event: 0,888 loading class org/lwjgl/opengl/GL$SharedLibraryGL
Event: 0,888 loading class org/lwjgl/opengl/GL$SharedLibraryGL done
Event: 0,889 loading class org/lwjgl/system/SharedLibrary$Delegate
Event: 0,889 loading class org/lwjgl/system/SharedLibrary$Delegate done


Dynamic libraries:
00400000-00401000 r-xp 00000000 08:01 24119309                           /home/michael1337/Programs/jdk/jdk1.8.0_121/bin/java
00600000-00601000 rw-p 00000000 08:01 24119309                           /home/michael1337/Programs/jdk/jdk1.8.0_121/bin/java
00dbe000-00ddf000 rw-p 00000000 00:00 0                                  [heap]
6ce000000-6d8180000 rw-p 00000000 00:00 0 
6d8180000-76f580000 ---p 00000000 00:00 0 
76f580000-774600000 rw-p 00000000 00:00 0 
774600000-7c0000000 ---p 00000000 00:00 0 
7c0000000-7c00c0000 rw-p 00000000 00:00 0 
7c00c0000-800000000 ---p 00000000 00:00 0 
7f32c8000000-7f32c8021000 rw-p 00000000 00:00 0 
7f32c8021000-7f32cc000000 ---p 00000000 00:00 0 
7f32cc000000-7f32cc021000 rw-p 00000000 00:00 0 
7f32cc021000-7f32d0000000 ---p 00000000 00:00 0 
7f32d0000000-7f32d0130000 rw-p 00000000 00:00 0 
7f32d0130000-7f32d4000000 ---p 00000000 00:00 0 
7f32d4000000-7f32d43a2000 rw-p 00000000 00:00 0 
7f32d43a2000-7f32d8000000 ---p 00000000 00:00 0 
7f32d8000000-7f32d8021000 rw-p 00000000 00:00 0 
7f32d8021000-7f32dc000000 ---p 00000000 00:00 0 
7f32dc000000-7f32dc241000 rw-p 00000000 00:00 0 
7f32dc241000-7f32e0000000 ---p 00000000 00:00 0 
7f32e0000000-7f32e0021000 rw-p 00000000 00:00 0 
7f32e0021000-7f32e4000000 ---p 00000000 00:00 0 
7f32e4000000-7f32e4021000 rw-p 00000000 00:00 0 
7f32e4021000-7f32e8000000 ---p 00000000 00:00 0 
7f32e8000000-7f32e8021000 rw-p 00000000 00:00 0 
7f32e8021000-7f32ec000000 ---p 00000000 00:00 0 
7f32ec700000-7f32f4000000 rw-p 00000000 00:00 0 
7f32f4000000-7f32f4021000 rw-p 00000000 00:00 0 
7f32f4021000-7f32f8000000 ---p 00000000 00:00 0 
7f32f8000000-7f32f8021000 rw-p 00000000 00:00 0 
7f32f8021000-7f32fc000000 ---p 00000000 00:00 0 
7f32fc000000-7f32fc021000 rw-p 00000000 00:00 0 
7f32fc021000-7f3300000000 ---p 00000000 00:00 0 
7f3301c06000-7f3301c0b000 r-xp 00000000 08:01 4464746                    /usr/lib/x86_64-linux-gnu/libXdmcp.so.6.0.0
7f3301c0b000-7f3301e0a000 ---p 00005000 08:01 4464746                    /usr/lib/x86_64-linux-gnu/libXdmcp.so.6.0.0
7f3301e0a000-7f3301e0b000 r--p 00004000 08:01 4464746                    /usr/lib/x86_64-linux-gnu/libXdmcp.so.6.0.0
7f3301e0b000-7f3301e0c000 rw-p 00005000 08:01 4464746                    /usr/lib/x86_64-linux-gnu/libXdmcp.so.6.0.0
7f3301e0c000-7f3301e0e000 r-xp 00000000 08:01 4464735                    /usr/lib/x86_64-linux-gnu/libXau.so.6.0.0
7f3301e0e000-7f330200e000 ---p 00002000 08:01 4464735                    /usr/lib/x86_64-linux-gnu/libXau.so.6.0.0
7f330200e000-7f330200f000 r--p 00002000 08:01 4464735                    /usr/lib/x86_64-linux-gnu/libXau.so.6.0.0
7f330200f000-7f3302010000 rw-p 00003000 08:01 4464735                    /usr/lib/x86_64-linux-gnu/libXau.so.6.0.0
7f3302010000-7f3302020000 r-xp 00000000 08:01 4460530                    /usr/lib/x86_64-linux-gnu/libdrm.so.2.4.0
7f3302020000-7f3302220000 ---p 00010000 08:01 4460530                    /usr/lib/x86_64-linux-gnu/libdrm.so.2.4.0
7f3302220000-7f3302221000 r--p 00010000 08:01 4460530                    /usr/lib/x86_64-linux-gnu/libdrm.so.2.4.0
7f3302221000-7f3302222000 rw-p 00011000 08:01 4460530                    /usr/lib/x86_64-linux-gnu/libdrm.so.2.4.0
7f3302222000-7f3302227000 r-xp 00000000 08:01 4464784                    /usr/lib/x86_64-linux-gnu/libXxf86vm.so.1.0.0
7f3302227000-7f3302426000 ---p 00005000 08:01 4464784                    /usr/lib/x86_64-linux-gnu/libXxf86vm.so.1.0.0
7f3302426000-7f3302427000 r--p 00004000 08:01 4464784                    /usr/lib/x86_64-linux-gnu/libXxf86vm.so.1.0.0
7f3302427000-7f3302428000 rw-p 00005000 08:01 4464784                    /usr/lib/x86_64-linux-gnu/libXxf86vm.so.1.0.0
7f3302428000-7f3302449000 r-xp 00000000 08:01 4466084                    /usr/lib/x86_64-linux-gnu/libxcb.so.1.1.0
7f3302449000-7f3302648000 ---p 00021000 08:01 4466084                    /usr/lib/x86_64-linux-gnu/libxcb.so.1.1.0
7f3302648000-7f3302649000 r--p 00020000 08:01 4466084                    /usr/lib/x86_64-linux-gnu/libxcb.so.1.1.0
7f3302649000-7f330264a000 rw-p 00021000 08:01 4466084                    /usr/lib/x86_64-linux-gnu/libxcb.so.1.1.0
7f330264a000-7f330264e000 r-xp 00000000 08:01 4466048                    /usr/lib/x86_64-linux-gnu/libxcb-dri2.so.0.0.0
7f330264e000-7f330284d000 ---p 00004000 08:01 4466048                    /usr/lib/x86_64-linux-gnu/libxcb-dri2.so.0.0.0
7f330284d000-7f330284e000 r--p 00003000 08:01 4466048                    /usr/lib/x86_64-linux-gnu/libxcb-dri2.so.0.0.0
7f330284e000-7f330284f000 rw-p 00004000 08:01 4466048                    /usr/lib/x86_64-linux-gnu/libxcb-dri2.so.0.0.0
7f330284f000-7f3302866000 r-xp 00000000 08:01 4466052                    /usr/lib/x86_64-linux-gnu/libxcb-glx.so.0.0.0
7f3302866000-7f3302a65000 ---p 00017000 08:01 4466052                    /usr/lib/x86_64-linux-gnu/libxcb-glx.so.0.0.0
7f3302a65000-7f3302a67000 r--p 00016000 08:01 4466052                    /usr/lib/x86_64-linux-gnu/libxcb-glx.so.0.0.0
7f3302a67000-7f3302a68000 rw-p 00018000 08:01 4466052                    /usr/lib/x86_64-linux-gnu/libxcb-glx.so.0.0.0
7f3302a68000-7f3302b9d000 r-xp 00000000 08:01 4461455                    /usr/lib/x86_64-linux-gnu/libX11.so.6.3.0
7f3302b9d000-7f3302d9d000 ---p 00135000 08:01 4461455                    /usr/lib/x86_64-linux-gnu/libX11.so.6.3.0
7f3302d9d000-7f3302d9e000 r--p 00135000 08:01 4461455                    /usr/lib/x86_64-linux-gnu/libX11.so.6.3.0
7f3302d9e000-7f3302da2000 rw-p 00136000 08:01 4461455                    /usr/lib/x86_64-linux-gnu/libX11.so.6.3.0
7f3302da2000-7f3302da3000 r-xp 00000000 08:01 4464295                    /usr/lib/x86_64-linux-gnu/libX11-xcb.so.1.0.0
7f3302da3000-7f3302fa2000 ---p 00001000 08:01 4464295                    /usr/lib/x86_64-linux-gnu/libX11-xcb.so.1.0.0
7f3302fa2000-7f3302fa3000 r--p 00000000 08:01 4464295                    /usr/lib/x86_64-linux-gnu/libX11-xcb.so.1.0.0
7f3302fa3000-7f3302fa4000 rw-p 00001000 08:01 4464295                    /usr/lib/x86_64-linux-gnu/libX11-xcb.so.1.0.0
7f3302fa4000-7f3302fa9000 r-xp 00000000 08:01 4464750                    /usr/lib/x86_64-linux-gnu/libXfixes.so.3.1.0
7f3302fa9000-7f33031a8000 ---p 00005000 08:01 4464750                    /usr/lib/x86_64-linux-gnu/libXfixes.so.3.1.0
7f33031a8000-7f33031a9000 r--p 00004000 08:01 4464750                    /usr/lib/x86_64-linux-gnu/libXfixes.so.3.1.0
7f33031a9000-7f33031aa000 rw-p 00005000 08:01 4464750                    /usr/lib/x86_64-linux-gnu/libXfixes.so.3.1.0
7f33031aa000-7f33031ac000 r-xp 00000000 08:01 4464744                    /usr/lib/x86_64-linux-gnu/libXdamage.so.1.1.0
7f33031ac000-7f33033ab000 ---p 00002000 08:01 4464744                    /usr/lib/x86_64-linux-gnu/libXdamage.so.1.1.0
7f33033ab000-7f33033ac000 r--p 00001000 08:01 4464744                    /usr/lib/x86_64-linux-gnu/libXdamage.so.1.1.0
7f33033ac000-7f33033ad000 rw-p 00002000 08:01 4464744                    /usr/lib/x86_64-linux-gnu/libXdamage.so.1.1.0
7f33033ad000-7f33033be000 r-xp 00000000 08:01 4464748                    /usr/lib/x86_64-linux-gnu/libXext.so.6.4.0
7f33033be000-7f33035bd000 ---p 00011000 08:01 4464748                    /usr/lib/x86_64-linux-gnu/libXext.so.6.4.0
7f33035bd000-7f33035be000 r--p 00010000 08:01 4464748                    /usr/lib/x86_64-linux-gnu/libXext.so.6.4.0
7f33035be000-7f33035bf000 rw-p 00011000 08:01 4464748                    /usr/lib/x86_64-linux-gnu/libXext.so.6.4.0
7f33035bf000-7f33035eb000 r-xp 00000000 08:01 4464119                    /usr/lib/x86_64-linux-gnu/libglapi.so.0.0.0
7f33035eb000-7f33037ea000 ---p 0002c000 08:01 4464119                    /usr/lib/x86_64-linux-gnu/libglapi.so.0.0.0
7f33037ea000-7f33037ee000 r--p 0002b000 08:01 4464119                    /usr/lib/x86_64-linux-gnu/libglapi.so.0.0.0
7f33037ee000-7f33037ef000 rw-p 0002f000 08:01 4464119                    /usr/lib/x86_64-linux-gnu/libglapi.so.0.0.0
7f33037ef000-7f33037f0000 rw-p 00000000 00:00 0 
7f33037f0000-7f33037f1000 r-xp 00000000 08:01 4466096                    /usr/lib/x86_64-linux-gnu/libxshmfence.so.1.0.0
7f33037f1000-7f33039f1000 ---p 00001000 08:01 4466096                    /usr/lib/x86_64-linux-gnu/libxshmfence.so.1.0.0
7f33039f1000-7f33039f2000 r--p 00001000 08:01 4466096                    /usr/lib/x86_64-linux-gnu/libxshmfence.so.1.0.0
7f33039f2000-7f33039f3000 rw-p 00002000 08:01 4466096                    /usr/lib/x86_64-linux-gnu/libxshmfence.so.1.0.0
7f33039f3000-7f33039f8000 r-xp 00000000 08:01 4466072                    /usr/lib/x86_64-linux-gnu/libxcb-sync.so.1.0.0
7f33039f8000-7f3303bf8000 ---p 00005000 08:01 4466072                    /usr/lib/x86_64-linux-gnu/libxcb-sync.so.1.0.0
7f3303bf8000-7f3303bf9000 r--p 00005000 08:01 4466072                    /usr/lib/x86_64-linux-gnu/libxcb-sync.so.1.0.0
7f3303bf9000-7f3303bfa000 rw-p 00006000 08:01 4466072                    /usr/lib/x86_64-linux-gnu/libxcb-sync.so.1.0.0
7f3303bfa000-7f3303bfc000 r-xp 00000000 08:01 4466060                    /usr/lib/x86_64-linux-gnu/libxcb-present.so.0.0.0
7f3303bfc000-7f3303dfb000 ---p 00002000 08:01 4466060                    /usr/lib/x86_64-linux-gnu/libxcb-present.so.0.0.0
7f3303dfb000-7f3303dfc000 r--p 00001000 08:01 4466060                    /usr/lib/x86_64-linux-gnu/libxcb-present.so.0.0.0
7f3303dfc000-7f3303dfd000 rw-p 00002000 08:01 4466060                    /usr/lib/x86_64-linux-gnu/libxcb-present.so.0.0.0
7f3303dfd000-7f3303dff000 r-xp 00000000 08:01 4466050                    /usr/lib/x86_64-linux-gnu/libxcb-dri3.so.0.0.0
7f3303dff000-7f3303ffe000 ---p 00002000 08:01 4466050                    /usr/lib/x86_64-linux-gnu/libxcb-dri3.so.0.0.0
7f3303ffe000-7f3303fff000 r--p 00001000 08:01 4466050                    /usr/lib/x86_64-linux-gnu/libxcb-dri3.so.0.0.0
7f3303fff000-7f3304000000 rw-p 00002000 08:01 4466050                    /usr/lib/x86_64-linux-gnu/libxcb-dri3.so.0.0.0
7f3304000000-7f3304021000 rw-p 00000000 00:00 0 
7f3304021000-7f3308000000 ---p 00000000 00:00 0 
7f3308174000-7f330819a000 r-xp 00000000 08:01 20840649                   /lib/x86_64-linux-gnu/libexpat.so.1.6.0
7f330819a000-7f330839a000 ---p 00026000 08:01 20840649                   /lib/x86_64-linux-gnu/libexpat.so.1.6.0
7f330839a000-7f330839c000 r--p 00026000 08:01 20840649                   /lib/x86_64-linux-gnu/libexpat.so.1.6.0
7f330839c000-7f330839d000 rw-p 00028000 08:01 20840649                   /lib/x86_64-linux-gnu/libexpat.so.1.6.0
7f330839d000-7f33083b6000 r-xp 00000000 08:01 20844854                   /lib/x86_64-linux-gnu/libz.so.1.2.8
7f33083b6000-7f33085b5000 ---p 00019000 08:01 20844854                   /lib/x86_64-linux-gnu/libz.so.1.2.8
7f33085b5000-7f33085b6000 r--p 00018000 08:01 20844854                   /lib/x86_64-linux-gnu/libz.so.1.2.8
7f33085b6000-7f33085b7000 rw-p 00019000 08:01 20844854                   /lib/x86_64-linux-gnu/libz.so.1.2.8
7f33085b7000-7f3308627000 r-xp 00000000 08:01 4718962                    /usr/lib/x86_64-linux-gnu/mesa/libGL.so.1.2.0
7f3308627000-7f3308826000 ---p 00070000 08:01 4718962                    /usr/lib/x86_64-linux-gnu/mesa/libGL.so.1.2.0
7f3308826000-7f3308829000 r--p 0006f000 08:01 4718962                    /usr/lib/x86_64-linux-gnu/mesa/libGL.so.1.2.0
7f3308829000-7f330882a000 rw-p 00072000 08:01 4718962                    /usr/lib/x86_64-linux-gnu/mesa/libGL.so.1.2.0
7f330882a000-7f330882b000 rw-p 00000000 00:00 0 
7f330882b000-7f3308896000 r-xp 00000000 08:01 26747600                   /tmp/lwjglmichael1337/3.1.6-build-14/liblwjgl_opengl.so
7f3308896000-7f3308a95000 ---p 0006b000 08:01 26747600                   /tmp/lwjglmichael1337/3.1.6-build-14/liblwjgl_opengl.so
7f3308a95000-7f3308a96000 r--p 0006a000 08:01 26747600                   /tmp/lwjglmichael1337/3.1.6-build-14/liblwjgl_opengl.so
7f3308a96000-7f3308a97000 rw-p 0006b000 08:01 26747600                   /tmp/lwjglmichael1337/3.1.6-build-14/liblwjgl_opengl.so
7f3308a97000-7f3308aeb000 r-xp 00000000 08:01 26747598                   /tmp/lwjglmichael1337/3.1.6-build-14/liblwjgl.so
7f3308aeb000-7f3308ceb000 ---p 00054000 08:01 26747598                   /tmp/lwjglmichael1337/3.1.6-build-14/liblwjgl.so
7f3308ceb000-7f3308cec000 r--p 00054000 08:01 26747598                   /tmp/lwjglmichael1337/3.1.6-build-14/liblwjgl.so
7f3308cec000-7f3308ced000 rw-p 00055000 08:01 26747598                   /tmp/lwjglmichael1337/3.1.6-build-14/liblwjgl.so
7f3308ced000-7f3308cfe000 r-xp 00000000 08:01 24119418                   /home/michael1337/Programs/jdk/jdk1.8.0_121/jre/lib/amd64/libnio.so
7f3308cfe000-7f3308efd000 ---p 00011000 08:01 24119418                   /home/michael1337/Programs/jdk/jdk1.8.0_121/jre/lib/amd64/libnio.so
7f3308efd000-7f3308efe000 rw-p 00010000 08:01 24119418                   /home/michael1337/Programs/jdk/jdk1.8.0_121/jre/lib/amd64/libnio.so
7f3308efe000-7f3308eff000 ---p 00000000 00:00 0 
7f3308eff000-7f330c000000 rw-p 00000000 00:00 0 
7f330c000000-7f330c021000 rw-p 00000000 00:00 0 
7f330c021000-7f3310000000 ---p 00000000 00:00 0 
7f33100ce000-7f33100d1000 ---p 00000000 00:00 0 
7f33100d1000-7f33101cf000 rw-p 00000000 00:00 0 
7f33101cf000-7f33101d2000 ---p 00000000 00:00 0 
7f33101d2000-7f33102d0000 rw-p 00000000 00:00 0 
7f33102d0000-7f33102d3000 ---p 00000000 00:00 0 
7f33102d3000-7f33103d1000 rw-p 00000000 00:00 0 
7f33103d1000-7f33103e7000 r-xp 00000000 08:01 24119393                   /home/michael1337/Programs/jdk/jdk1.8.0_121/jre/lib/amd64/libnet.so
7f33103e7000-7f33105e7000 ---p 00016000 08:01 24119393                   /home/michael1337/Programs/jdk/jdk1.8.0_121/jre/lib/amd64/libnet.so
7f33105e7000-7f33105e8000 rw-p 00016000 08:01 24119393                   /home/michael1337/Programs/jdk/jdk1.8.0_121/jre/lib/amd64/libnet.so
7f33105e8000-7f33105eb000 ---p 00000000 00:00 0 
7f33105eb000-7f33106e9000 rw-p 00000000 00:00 0 
7f33106e9000-7f33106ec000 ---p 00000000 00:00 0 
7f33106ec000-7f33107ea000 rw-p 00000000 00:00 0 
7f33107ea000-7f33107ec000 r--s 0001a000 08:01 24788587                   /home/michael1337/Programs/intellij/idea-IU-181.5281.24/lib/idea_rt.jar
7f33107ec000-7f33107f0000 r--s 00031000 08:01 27009233                   /home/michael1337/Documents/Neolithic/game/lib/commons-io-2.6/commons-io-2.6.jar
7f33107f0000-7f33107f7000 r--s 00058000 08:01 27009231                   /home/michael1337/Documents/Neolithic/game/lib/commons-io-2.6/commons-io-2.6-tests.jar
7f33107f7000-7f33107f8000 r--s 00002000 08:01 25701703                   /home/michael1337/Documents/Neolithic/game/lib/PNGDecoder.jar
7f33107f8000-7f33107fd000 r--s 00045000 08:01 26222668                   /home/michael1337/Documents/Neolithic/game/lib/lwjgl/lwjgl.jar
7f33107fd000-7f3310810000 r--s 0014d000 08:01 26222592                   /home/michael1337/Documents/Neolithic/game/lib/lwjgl/lwjgl-vulkan.jar
7f3310810000-7f3310812000 r--s 00018000 08:01 26221583                   /home/michael1337/Documents/Neolithic/game/lib/lwjgl/lwjgl-stb.jar
7f3310812000-7f3310813000 r--s 0006f000 08:01 26221581                   /home/michael1337/Documents/Neolithic/game/lib/lwjgl/lwjgl-stb-natives-windows.jar
7f3310813000-7f3310814000 r--s 0002a000 08:01 26221580                   /home/michael1337/Documents/Neolithic/game/lib/lwjgl/lwjgl-stb-natives-macos.jar
7f3310814000-7f3310815000 r--s 00031000 08:01 26221579                   /home/michael1337/Documents/Neolithic/game/lib/lwjgl/lwjgl-stb-natives-linux.jar
7f3310815000-7f3310816000 r--s 00002000 08:01 26221577                   /home/michael1337/Documents/Neolithic/game/lib/lwjgl/lwjgl-par.jar
7f3310816000-7f3310817000 r--s 00031000 08:01 26221574                   /home/michael1337/Documents/Neolithic/game/lib/lwjgl/lwjgl-par-natives-windows.jar
7f3310817000-7f3310818000 r--s 00004000 08:01 26222670                   /home/michael1337/Documents/Neolithic/game/lib/lwjgl/lwjgl-par-natives-macos.jar
7f3310818000-7f3310822000 r--s 000bf000 08:01 26221572                   /home/michael1337/Documents/Neolithic/game/lib/lwjgl/lwjgl-opengl.jar
7f3310822000-7f3310825000 ---p 00000000 00:00 0 
7f3310825000-7f3310923000 rw-p 00000000 00:00 0 
7f3310923000-7f3310bfc000 r--p 00000000 08:01 4457405                    /usr/lib/locale/locale-archive
7f3310bfc000-7f3310bff000 ---p 00000000 00:00 0 
7f3310bff000-7f3310cfd000 rw-p 00000000 00:00 0 
7f3310cfd000-7f3310d00000 ---p 00000000 00:00 0 
7f3310d00000-7f3310dfe000 rw-p 00000000 00:00 0 
7f3310dfe000-7f3310dff000 ---p 00000000 00:00 0 
7f3310dff000-7f3311e5d000 rw-p 00000000 00:00 0 
7f3311e5d000-7f3312036000 r--s 03d3e000 08:01 24119385                   /home/michael1337/Programs/jdk/jdk1.8.0_121/jre/lib/rt.jar
7f3312036000-7f33125ec000 rw-p 00000000 00:00 0 
7f33125ec000-7f33128ac000 ---p 00000000 00:00 0 
7f33128ac000-7f331303c000 rw-p 00000000 00:00 0 
7f331303c000-7f331303d000 ---p 00000000 00:00 0 
7f331303d000-7f331313d000 rw-p 00000000 00:00 0 
7f331313d000-7f331313e000 ---p 00000000 00:00 0 
7f331313e000-7f331323e000 rw-p 00000000 00:00 0 
7f331323e000-7f331323f000 ---p 00000000 00:00 0 
7f331323f000-7f3313390000 rw-p 00000000 00:00 0 
7f3313390000-7f331384a000 ---p 00000000 00:00 0 
7f331384a000-7f331389b000 rw-p 00000000 00:00 0 
7f331389b000-7f3313d54000 ---p 00000000 00:00 0 
7f3313d54000-7f3313d7d000 rw-p 00000000 00:00 0 
7f3313d7d000-7f3313fda000 ---p 00000000 00:00 0 
7f3313fda000-7f3313fe5000 rw-p 00000000 00:00 0 
7f3313fe5000-7f331439b000 ---p 00000000 00:00 0 
7f331439b000-7f331460b000 rwxp 00000000 00:00 0 
7f331460b000-7f332339b000 ---p 00000000 00:00 0 
7f332339b000-7f33233b5000 r-xp 00000000 08:01 24119416                   /home/michael1337/Programs/jdk/jdk1.8.0_121/jre/lib/amd64/libzip.so
7f33233b5000-7f33235b5000 ---p 0001a000 08:01 24119416                   /home/michael1337/Programs/jdk/jdk1.8.0_121/jre/lib/amd64/libzip.so
7f33235b5000-7f33235b6000 rw-p 0001a000 08:01 24119416                   /home/michael1337/Programs/jdk/jdk1.8.0_121/jre/lib/amd64/libzip.so
7f33235b6000-7f33235c1000 r-xp 00000000 08:01 20845377                   /lib/x86_64-linux-gnu/libnss_files-2.23.so
7f33235c1000-7f33237c0000 ---p 0000b000 08:01 20845377                   /lib/x86_64-linux-gnu/libnss_files-2.23.so
7f33237c0000-7f33237c1000 r--p 0000a000 08:01 20845377                   /lib/x86_64-linux-gnu/libnss_files-2.23.so
7f33237c1000-7f33237c2000 rw-p 0000b000 08:01 20845377                   /lib/x86_64-linux-gnu/libnss_files-2.23.so
7f33237c2000-7f33237c8000 rw-p 00000000 00:00 0 
7f33237c8000-7f33237d3000 r-xp 00000000 08:01 20845381                   /lib/x86_64-linux-gnu/libnss_nis-2.23.so
7f33237d3000-7f33239d2000 ---p 0000b000 08:01 20845381                   /lib/x86_64-linux-gnu/libnss_nis-2.23.so
7f33239d2000-7f33239d3000 r--p 0000a000 08:01 20845381                   /lib/x86_64-linux-gnu/libnss_nis-2.23.so
7f33239d3000-7f33239d4000 rw-p 0000b000 08:01 20845381                   /lib/x86_64-linux-gnu/libnss_nis-2.23.so
7f33239d4000-7f33239ea000 r-xp 00000000 08:01 20845361                   /lib/x86_64-linux-gnu/libnsl-2.23.so
7f33239ea000-7f3323be9000 ---p 00016000 08:01 20845361                   /lib/x86_64-linux-gnu/libnsl-2.23.so
7f3323be9000-7f3323bea000 r--p 00015000 08:01 20845361                   /lib/x86_64-linux-gnu/libnsl-2.23.so
7f3323bea000-7f3323beb000 rw-p 00016000 08:01 20845361                   /lib/x86_64-linux-gnu/libnsl-2.23.so
7f3323beb000-7f3323bed000 rw-p 00000000 00:00 0 
7f3323bed000-7f3323bf5000 r-xp 00000000 08:01 20845372                   /lib/x86_64-linux-gnu/libnss_compat-2.23.so
7f3323bf5000-7f3323df4000 ---p 00008000 08:01 20845372                   /lib/x86_64-linux-gnu/libnss_compat-2.23.so
7f3323df4000-7f3323df5000 r--p 00007000 08:01 20845372                   /lib/x86_64-linux-gnu/libnss_compat-2.23.so
7f3323df5000-7f3323df6000 rw-p 00008000 08:01 20845372                   /lib/x86_64-linux-gnu/libnss_compat-2.23.so
7f3323df6000-7f3323e00000 r-xp 00000000 08:01 24119454                   /home/michael1337/Programs/jdk/jdk1.8.0_121/jre/lib/amd64/libinstrument.so
7f3323e00000-7f3323fff000 ---p 0000a000 08:01 24119454                   /home/michael1337/Programs/jdk/jdk1.8.0_121/jre/lib/amd64/libinstrument.so
7f3323fff000-7f3324000000 rw-p 00009000 08:01 24119454                   /home/michael1337/Programs/jdk/jdk1.8.0_121/jre/lib/amd64/libinstrument.so
7f3324000000-7f3324772000 rw-p 00000000 00:00 0 
7f3324772000-7f3328000000 ---p 00000000 00:00 0 
7f3328000000-7f3328001000 r--s 00005000 08:01 26221573                   /home/michael1337/Documents/Neolithic/game/lib/lwjgl/lwjgl-par-natives-linux.jar
7f3328001000-7f3328002000 r--s 0002a000 08:01 26221570                   /home/michael1337/Documents/Neolithic/game/lib/lwjgl/lwjgl-opengl-natives-windows.jar
7f3328002000-7f3328003000 r--s 0000b000 08:01 26221569                   /home/michael1337/Documents/Neolithic/game/lib/lwjgl/lwjgl-opengl-natives-macos.jar
7f3328003000-7f3328004000 r--s 00016000 08:01 26221568                   /home/michael1337/Documents/Neolithic/game/lib/lwjgl/lwjgl-opengl-natives-linux.jar
7f3328004000-7f3328007000 r--s 00011000 08:01 26221566                   /home/michael1337/Documents/Neolithic/game/lib/lwjgl/lwjgl-openal.jar
7f3328007000-7f3328008000 r--s 00105000 08:01 26221562                   /home/michael1337/Documents/Neolithic/game/lib/lwjgl/lwjgl-openal-natives-windows.jar
7f3328008000-7f3328009000 r--s 00064000 08:01 26221560                   /home/michael1337/Documents/Neolithic/game/lib/lwjgl/lwjgl-openal-natives-macos.jar
7f3328009000-7f332800a000 r--s 00077000 08:01 26221559                   /home/michael1337/Documents/Neolithic/game/lib/lwjgl/lwjgl-openal-natives-linux.jar
7f332800a000-7f332800f000 r--s 0005f000 08:01 26221557                   /home/michael1337/Documents/Neolithic/game/lib/lwjgl/lwjgl-nuklear.jar
7f332800f000-7f3328010000 r--s 00041000 08:01 26221556                   /home/michael1337/Documents/Neolithic/game/lib/lwjgl/lwjgl-nuklear-natives-windows.jar
7f3328010000-7f3328011000 r--s 0002e000 08:01 26221561                   /home/michael1337/Documents/Neolithic/game/lib/lwjgl/lwjgl-nuklear-natives-macos.jar
7f3328011000-7f3328012000 r--s 00022000 08:01 26221554                   /home/michael1337/Documents/Neolithic/game/lib/lwjgl/lwjgl-nuklear-natives-linux.jar
7f3328012000-7f3328013000 r--s 00039000 08:01 26222669                   /home/michael1337/Documents/Neolithic/game/lib/lwjgl/lwjgl-natives-windows.jar
7f3328013000-7f3328015000 r--s 00008000 08:01 26222596                   /home/michael1337/Documents/Neolithic/game/lib/lwjgl/lwjgl-natives-macos.jar
7f3328015000-7f3328016000 r--s 00013000 08:01 26222595                   /home/michael1337/Documents/Neolithic/game/lib/lwjgl/lwjgl-natives-linux.jar
7f3328016000-7f3328018000 r--s 0000e000 08:01 26221549                   /home/michael1337/Documents/Neolithic/game/lib/lwjgl/lwjgl-nanovg.jar
7f3328018000-7f3328019000 r--s 00068000 08:01 26221547                   /home/michael1337/Documents/Neolithic/game/lib/lwjgl/lwjgl-nanovg-natives-windows.jar
7f3328019000-7f332801b000 r--s 00026000 08:01 26221553                   /home/michael1337/Documents/Neolithic/game/lib/lwjgl/lwjgl-nanovg-natives-macos.jar
7f332801b000-7f332801c000 r--s 00029000 08:01 26221546                   /home/michael1337/Documents/Neolithic/game/lib/lwjgl/lwjgl-nanovg-natives-linux.jar
7f332801c000-7f332801f000 r--s 00019000 08:01 26221542                   /home/michael1337/Documents/Neolithic/game/lib/lwjgl/lwjgl-glfw.jar
7f332801f000-7f3328020000 r--s 0003d000 08:01 26221544                   /home/michael1337/Documents/Neolithic/game/lib/lwjgl/lwjgl-glfw-natives-windows.jar
7f3328020000-7f3328022000 r--s 00022000 08:01 26221539                   /home/michael1337/Documents/Neolithic/game/lib/lwjgl/lwjgl-glfw-natives-linux.jar
7f3328022000-7f3328035000 r--s 00345000 08:01 24119617                   /home/michael1337/Programs/jdk/jdk1.8.0_121/jre/lib/resources.jar
7f3328035000-7f3328047000 r--s 000d6000 08:01 24119616                   /home/michael1337/Programs/jdk/jdk1.8.0_121/jre/lib/plugin.jar
7f3328047000-7f3328048000 ---p 00000000 00:00 0 
7f3328048000-7f3328148000 rw-p 00000000 00:00 0 
7f3328148000-7f3328173000 r-xp 00000000 08:01 24119443                   /home/michael1337/Programs/jdk/jdk1.8.0_121/jre/lib/amd64/libjava.so
7f3328173000-7f3328372000 ---p 0002b000 08:01 24119443                   /home/michael1337/Programs/jdk/jdk1.8.0_121/jre/lib/amd64/libjava.so
7f3328372000-7f3328374000 rw-p 0002a000 08:01 24119443                   /home/michael1337/Programs/jdk/jdk1.8.0_121/jre/lib/amd64/libjava.so
7f3328374000-7f3328381000 r-xp 00000000 08:01 24119394                   /home/michael1337/Programs/jdk/jdk1.8.0_121/jre/lib/amd64/libverify.so
7f3328381000-7f3328580000 ---p 0000d000 08:01 24119394                   /home/michael1337/Programs/jdk/jdk1.8.0_121/jre/lib/amd64/libverify.so
7f3328580000-7f3328582000 rw-p 0000c000 08:01 24119394                   /home/michael1337/Programs/jdk/jdk1.8.0_121/jre/lib/amd64/libverify.so
7f3328582000-7f3328589000 r-xp 00000000 08:01 20845382                   /lib/x86_64-linux-gnu/librt-2.23.so
7f3328589000-7f3328788000 ---p 00007000 08:01 20845382                   /lib/x86_64-linux-gnu/librt-2.23.so
7f3328788000-7f3328789000 r--p 00006000 08:01 20845382                   /lib/x86_64-linux-gnu/librt-2.23.so
7f3328789000-7f332878a000 rw-p 00007000 08:01 20845382                   /lib/x86_64-linux-gnu/librt-2.23.so
7f332878a000-7f3328892000 r-xp 00000000 08:01 20845355                   /lib/x86_64-linux-gnu/libm-2.23.so
7f3328892000-7f3328a91000 ---p 00108000 08:01 20845355                   /lib/x86_64-linux-gnu/libm-2.23.so
7f3328a91000-7f3328a92000 r--p 00107000 08:01 20845355                   /lib/x86_64-linux-gnu/libm-2.23.so
7f3328a92000-7f3328a93000 rw-p 00108000 08:01 20845355                   /lib/x86_64-linux-gnu/libm-2.23.so
7f3328a93000-7f3329761000 r-xp 00000000 08:01 24119447                   /home/michael1337/Programs/jdk/jdk1.8.0_121/jre/lib/amd64/server/libjvm.so
7f3329761000-7f3329961000 ---p 00cce000 08:01 24119447                   /home/michael1337/Programs/jdk/jdk1.8.0_121/jre/lib/amd64/server/libjvm.so
7f3329961000-7f3329a3a000 rw-p 00cce000 08:01 24119447                   /home/michael1337/Programs/jdk/jdk1.8.0_121/jre/lib/amd64/server/libjvm.so
7f3329a3a000-7f3329a85000 rw-p 00000000 00:00 0 
7f3329a85000-7f3329c45000 r-xp 00000000 08:01 20845364                   /lib/x86_64-linux-gnu/libc-2.23.so
7f3329c45000-7f3329e45000 ---p 001c0000 08:01 20845364                   /lib/x86_64-linux-gnu/libc-2.23.so
7f3329e45000-7f3329e49000 r--p 001c0000 08:01 20845364                   /lib/x86_64-linux-gnu/libc-2.23.so
7f3329e49000-7f3329e4b000 rw-p 001c4000 08:01 20845364                   /lib/x86_64-linux-gnu/libc-2.23.so
7f3329e4b000-7f3329e4f000 rw-p 00000000 00:00 0 
7f3329e4f000-7f3329e52000 r-xp 00000000 08:01 20845366                   /lib/x86_64-linux-gnu/libdl-2.23.so
7f3329e52000-7f332a051000 ---p 00003000 08:01 20845366                   /lib/x86_64-linux-gnu/libdl-2.23.so
7f332a051000-7f332a052000 r--p 00002000 08:01 20845366                   /lib/x86_64-linux-gnu/libdl-2.23.so
7f332a052000-7f332a053000 rw-p 00003000 08:01 20845366                   /lib/x86_64-linux-gnu/libdl-2.23.so
7f332a053000-7f332a068000 r-xp 00000000 08:01 24118528                   /home/michael1337/Programs/jdk/jdk1.8.0_121/lib/amd64/jli/libjli.so
7f332a068000-7f332a268000 ---p 00015000 08:01 24118528                   /home/michael1337/Programs/jdk/jdk1.8.0_121/lib/amd64/jli/libjli.so
7f332a268000-7f332a269000 rw-p 00015000 08:01 24118528                   /home/michael1337/Programs/jdk/jdk1.8.0_121/lib/amd64/jli/libjli.so
7f332a269000-7f332a281000 r-xp 00000000 08:01 20845363                   /lib/x86_64-linux-gnu/libpthread-2.23.so
7f332a281000-7f332a480000 ---p 00018000 08:01 20845363                   /lib/x86_64-linux-gnu/libpthread-2.23.so
7f332a480000-7f332a481000 r--p 00017000 08:01 20845363                   /lib/x86_64-linux-gnu/libpthread-2.23.so
7f332a481000-7f332a482000 rw-p 00018000 08:01 20845363                   /lib/x86_64-linux-gnu/libpthread-2.23.so
7f332a482000-7f332a486000 rw-p 00000000 00:00 0 
7f332a486000-7f332a4ac000 r-xp 00000000 08:01 20845362                   /lib/x86_64-linux-gnu/ld-2.23.so
7f332a4ac000-7f332a4ad000 r--s 0000e000 08:01 26221540                   /home/michael1337/Documents/Neolithic/game/lib/lwjgl/lwjgl-glfw-natives-macos.jar
7f332a4ad000-7f332a4b1000 r--s 00027000 08:01 26221534                   /home/michael1337/Documents/Neolithic/game/lib/lwjgl/lwjgl-bgfx.jar
7f332a4b1000-7f332a4b2000 r--s 0009f000 08:01 26221533                   /home/michael1337/Documents/Neolithic/game/lib/lwjgl/lwjgl-bgfx-natives-windows.jar
7f332a4b2000-7f332a4b3000 r--s 00041000 08:01 26221541                   /home/michael1337/Documents/Neolithic/game/lib/lwjgl/lwjgl-bgfx-natives-macos.jar
7f332a4b3000-7f332a4b4000 r--s 00051000 08:01 26221532                   /home/michael1337/Documents/Neolithic/game/lib/lwjgl/lwjgl-bgfx-natives-linux.jar
7f332a4b4000-7f332a4b8000 r--s 0002e000 08:01 26221528                   /home/michael1337/Documents/Neolithic/game/lib/lwjgl/lwjgl-assimp.jar
7f332a4b8000-7f332a4b9000 r--s 003ca000 08:01 26221526                   /home/michael1337/Documents/Neolithic/game/lib/lwjgl/lwjgl-assimp-natives-windows.jar
7f332a4b9000-7f332a4ba000 r--s 00230000 08:01 26221537                   /home/michael1337/Documents/Neolithic/game/lib/lwjgl/lwjgl-assimp-natives-macos.jar
7f332a4ba000-7f332a4bb000 r--s 002ed000 08:01 26221523                   /home/michael1337/Documents/Neolithic/game/lib/lwjgl/lwjgl-assimp-natives-linux.jar
7f332a4bb000-7f332a4bc000 r--s 00000000 08:01 24119464                   /home/michael1337/Programs/jdk/jdk1.8.0_121/jre/lib/management-agent.jar
7f332a4bc000-7f332a4c0000 r--s 0009a000 08:01 24119337                   /home/michael1337/Programs/jdk/jdk1.8.0_121/jre/lib/jsse.jar
7f332a4c0000-7f332a4c2000 r--s 00007000 08:01 24119458                   /home/michael1337/Programs/jdk/jdk1.8.0_121/jre/lib/jfxswt.jar
7f332a4c2000-7f332a4c7000 r--s 00084000 08:01 24119492                   /home/michael1337/Programs/jdk/jdk1.8.0_121/jre/lib/jfr.jar
7f332a4c7000-7f332a4ca000 r--s 0001a000 08:01 24119647                   /home/michael1337/Programs/jdk/jdk1.8.0_121/jre/lib/jce.jar
7f332a4ca000-7f332a4d4000 r--s 0006c000 08:01 24119500                   /home/michael1337/Programs/jdk/jdk1.8.0_121/jre/lib/javaws.jar
7f332a4d4000-7f332a57b000 rw-p 00000000 00:00 0 
7f332a57b000-7f332a57e000 ---p 00000000 00:00 0 
7f332a57e000-7f332a681000 rw-p 00000000 00:00 0 
7f332a681000-7f332a69c000 r--s 00209000 08:01 24119501                   /home/michael1337/Programs/jdk/jdk1.8.0_121/jre/lib/deploy.jar
7f332a69c000-7f332a6a1000 r--s 002f9000 08:01 24119338                   /home/michael1337/Programs/jdk/jdk1.8.0_121/jre/lib/charsets.jar
7f332a6a1000-7f332a6a9000 rw-s 00000000 08:01 26747621                   /tmp/hsperfdata_michael1337/32291
7f332a6a9000-7f332a6aa000 rw-p 00000000 00:00 0 
7f332a6aa000-7f332a6ab000 r--p 00000000 00:00 0 
7f332a6ab000-7f332a6ac000 r--p 00025000 08:01 20845362                   /lib/x86_64-linux-gnu/ld-2.23.so
7f332a6ac000-7f332a6ad000 rw-p 00026000 08:01 20845362                   /lib/x86_64-linux-gnu/ld-2.23.so
7f332a6ad000-7f332a6ae000 rw-p 00000000 00:00 0 
7ffc702b7000-7ffc702da000 rw-p 00000000 00:00 0                          [stack]
7ffc70375000-7ffc70378000 r--p 00000000 00:00 0                          [vvar]
7ffc70378000-7ffc7037a000 r-xp 00000000 00:00 0                          [vdso]
ffffffffff600000-ffffffffff601000 r-xp 00000000 00:00 0                  [vsyscall]

VM Arguments:
jvm_args: -javaagent:/home/michael1337/Programs/intellij/idea-IU-181.5281.24/lib/idea_rt.jar=44429:/home/michael1337/Programs/intellij/idea-IU-181.5281.24/bin -Dfile.encoding=UTF-8 
java_command: tests.parser.ParserTest
java_class_path (initial): /home/michael1337/Programs/jdk/jdk1.8.0_121/jre/lib/charsets.jar:/home/michael1337/Programs/jdk/jdk1.8.0_121/jre/lib/deploy.jar:/home/michael1337/Programs/jdk/jdk1.8.0_121/jre/lib/ext/cldrdata.jar:/home/michael1337/Programs/jdk/jdk1.8.0_121/jre/lib/ext/dnsns.jar:/home/michael1337/Programs/jdk/jdk1.8.0_121/jre/lib/ext/jaccess.jar:/home/michael1337/Programs/jdk/jdk1.8.0_121/jre/lib/ext/jfxrt.jar:/home/michael1337/Programs/jdk/jdk1.8.0_121/jre/lib/ext/localedata.jar:/home/michael1337/Programs/jdk/jdk1.8.0_121/jre/lib/ext/nashorn.jar:/home/michael1337/Programs/jdk/jdk1.8.0_121/jre/lib/ext/sunec.jar:/home/michael1337/Programs/jdk/jdk1.8.0_121/jre/lib/ext/sunjce_provider.jar:/home/michael1337/Programs/jdk/jdk1.8.0_121/jre/lib/ext/sunpkcs11.jar:/home/michael1337/Programs/jdk/jdk1.8.0_121/jre/lib/ext/zipfs.jar:/home/michael1337/Programs/jdk/jdk1.8.0_121/jre/lib/javaws.jar:/home/michael1337/Programs/jdk/jdk1.8.0_121/jre/lib/jce.jar:/home/michael1337/Programs/jdk/jdk1.8.0_121/jre/lib/jfr.jar:/home/michael1337/Programs/jdk/jdk1.8.0_121/jre/lib/jfxswt.jar:/home/michael1337/Programs/jdk/jdk1.8.0_121/jre/lib/jsse.jar:/home/michael1337/Programs/jdk/jdk1.8.0_121/jre/lib/management-agent.jar:/home/michael1337/Programs/jdk/jdk1.8.0_121/jre/lib/plugin.jar:/home/michael1337/Programs/jdk/jdk1.8.0_121/jre/lib/resources.jar:/home/michael1337/Programs/jdk/jdk1.8.0_121/jre/lib/rt.jar:/home/michael1337/Documents/Neolithic/game/out/production/game:/home/michael1337/Documents/Neolithic/game/lib/lwjgl/lwjgl-assimp-natives-linux.jar:/home/michael1337/Documents/Neolithic/game/lib/lwjgl/lwjgl-assimp-natives-macos.jar:/home/michael1337/Documents/Neolithic/game/lib/lwjgl/lwjgl-assimp-natives-windows.jar:/home/michael1337/Documents/Neolithic/game/lib/lwjgl/lwjgl-assimp.jar:/home/michael1337/Documents/Neolithic/game/lib/lwjgl/lwjgl-bgfx-natives-linux.jar:/home/michael1337/Documents/Neolithic/game/lib/lwjgl/lwjgl-bgfx-natives-macos.jar:/home/michael1337/Documents/Neolithic/
Launcher Type: SUN_STANDARD

Environment Variables:
JAVA_HOME=/home/michael1337/Programs/jdk/jdk1.8.0_121
PATH=/home/michael1337/Programs/Spin/Spin/Src6.4.8:/home/michael1337/anaconda3/bin:/home/michael1337/bin:/home/michael1337/.local/bin:/usr/local/sbin:/usr/local/bin:/usr/sbin:/usr/bin:/sbin:/bin:/usr/games:/usr/local/games:/snap/bin:/home/michael1337/Programs/jdk/jdk1.8.0_121
USERNAME=michael1337
SHELL=/bin/bash
DISPLAY=:1

Signal Handlers:
SIGSEGV: [libjvm.so+0xac78c0], sa_mask[0]=11111111011111111101111111111110, sa_flags=SA_RESTART|SA_SIGINFO
SIGBUS: [libjvm.so+0xac78c0], sa_mask[0]=11111111011111111101111111111110, sa_flags=SA_RESTART|SA_SIGINFO
SIGFPE: [libjvm.so+0x920ac0], sa_mask[0]=11111111011111111101111111111110, sa_flags=SA_RESTART|SA_SIGINFO
SIGPIPE: [libjvm.so+0x920ac0], sa_mask[0]=11111111011111111101111111111110, sa_flags=SA_RESTART|SA_SIGINFO
SIGXFSZ: [libjvm.so+0x920ac0], sa_mask[0]=11111111011111111101111111111110, sa_flags=SA_RESTART|SA_SIGINFO
SIGILL: [libjvm.so+0x920ac0], sa_mask[0]=11111111011111111101111111111110, sa_flags=SA_RESTART|SA_SIGINFO
SIGUSR1: SIG_DFL, sa_mask[0]=00000000000000000000000000000000, sa_flags=none
SIGUSR2: [libjvm.so+0x922300], sa_mask[0]=00100000000000000000000000000000, sa_flags=SA_RESTART|SA_SIGINFO
SIGHUP: [libjvm.so+0x923700], sa_mask[0]=11111111011111111101111111111110, sa_flags=SA_RESTART|SA_SIGINFO
SIGINT: [libjvm.so+0x923700], sa_mask[0]=11111111011111111101111111111110, sa_flags=SA_RESTART|SA_SIGINFO
SIGTERM: [libjvm.so+0x923700], sa_mask[0]=11111111011111111101111111111110, sa_flags=SA_RESTART|SA_SIGINFO
SIGQUIT: [libjvm.so+0x923700], sa_mask[0]=11111111011111111101111111111110, sa_flags=SA_RESTART|SA_SIGINFO


---------------  S Y S T E M  ---------------

OS:DISTRIB_ID=Ubuntu
DISTRIB_RELEASE=16.04
DISTRIB_CODENAME=xenial
DISTRIB_DESCRIPTION="Ubuntu 16.04.5 LTS"

uname:Linux 4.4.0-133-generic #159-Ubuntu SMP Fri Aug 10 07:31:43 UTC 2018 x86_64
libc:glibc 2.23 NPTL 2.23 
rlimit: STACK 8192k, CORE 0k, NPROC 61756, NOFILE 1048576, AS infinity
load average:1,65 1,20 1,07

/proc/meminfo:
MemTotal:       15852028 kB
MemFree:         3308624 kB
MemAvailable:   10368652 kB
Buffers:          412076 kB
Cached:          6686332 kB
SwapCached:          240 kB
Active:          7592304 kB
Inactive:        3771568 kB
Active(anon):    4272384 kB
Inactive(anon):   640704 kB
Active(file):    3319920 kB
Inactive(file):  3130864 kB
Unevictable:          16 kB
Mlocked:              16 kB
SwapTotal:      16189436 kB
SwapFree:       16164488 kB
Dirty:             16088 kB
Writeback:             0 kB
AnonPages:       4265336 kB
Mapped:           903412 kB
Shmem:            647624 kB
Slab:            1013716 kB
SReclaimable:     945696 kB
SUnreclaim:        68020 kB
KernelStack:       15744 kB
PageTables:        63020 kB
NFS_Unstable:          0 kB
Bounce:                0 kB
WritebackTmp:          0 kB
CommitLimit:    24115448 kB
Committed_AS:   20581384 kB
VmallocTotal:   34359738367 kB
VmallocUsed:           0 kB
VmallocChunk:          0 kB
HardwareCorrupted:     0 kB
AnonHugePages:         0 kB
CmaTotal:              0 kB
CmaFree:               0 kB
HugePages_Total:       0
HugePages_Free:        0
HugePages_Rsvd:        0
HugePages_Surp:        0
Hugepagesize:       2048 kB
DirectMap4k:      880324 kB
DirectMap2M:    15310848 kB
DirectMap1G:           0 kB


CPU:total 4 (2 cores per cpu, 2 threads per core) family 6 model 78 stepping 3, cmov, cx8, fxsr, mmx, sse, sse2, sse3, ssse3, sse4.1, sse4.2, popcnt, avx, avx2, aes, clmul, erms, 3dnowpref, lzcnt, ht, tsc, tscinvbit, bmi1, bmi2, adx

/proc/cpuinfo:
processor	: 0
vendor_id	: GenuineIntel
cpu family	: 6
model		: 78
model name	: Intel(R) Core(TM) i7-6500U CPU @ 2.50GHz
stepping	: 3
microcode	: 0xc2
cpu MHz		: 2696.179
cache size	: 4096 KB
physical id	: 0
siblings	: 4
core id		: 0
cpu cores	: 2
apicid		: 0
initial apicid	: 0
fpu		: yes
fpu_exception	: yes
cpuid level	: 22
wp		: yes
flags		: fpu vme de pse tsc msr pae mce cx8 apic sep mtrr pge mca cmov pat pse36 clflush dts acpi mmx fxsr sse sse2 ss ht tm pbe syscall nx pdpe1gb rdtscp lm constant_tsc art arch_perfmon pebs bts rep_good nopl xtopology nonstop_tsc aperfmperf eagerfpu pni pclmulqdq dtes64 monitor ds_cpl vmx est tm2 ssse3 sdbg fma cx16 xtpr pdcm pcid sse4_1 sse4_2 x2apic movbe popcnt tsc_deadline_timer aes xsave avx f16c rdrand lahf_lm abm 3dnowprefetch epb invpcid_single intel_pt ibrs ibpb stibp kaiser tpr_shadow vnmi flexpriority ept vpid fsgsbase tsc_adjust bmi1 avx2 smep bmi2 erms invpcid mpx rdseed adx smap clflushopt xsaveopt xsavec xgetbv1 dtherm ida arat pln pts hwp hwp_notify hwp_act_window hwp_epp
bugs		: cpu_meltdown spectre_v1 spectre_v2 spec_store_bypass l1tf
bogomips	: 5184.48
clflush size	: 64
cache_alignment	: 64
address sizes	: 39 bits physical, 48 bits virtual
power management:

processor	: 1
vendor_id	: GenuineIntel
cpu family	: 6
model		: 78
model name	: Intel(R) Core(TM) i7-6500U CPU @ 2.50GHz
stepping	: 3
microcode	: 0xc2
cpu MHz		: 2686.734
cache size	: 4096 KB
physical id	: 0
siblings	: 4
core id		: 1
cpu cores	: 2
apicid		: 2
initial apicid	: 2
fpu		: yes
fpu_exception	: yes
cpuid level	: 22
wp		: yes
flags		: fpu vme de pse tsc msr pae mce cx8 apic sep mtrr pge mca cmov pat pse36 clflush dts acpi mmx fxsr sse sse2 ss ht tm pbe syscall nx pdpe1gb rdtscp lm constant_tsc art arch_perfmon pebs bts rep_good nopl xtopology nonstop_tsc aperfmperf eagerfpu pni pclmulqdq dtes64 monitor ds_cpl vmx est tm2 ssse3 sdbg fma cx16 xtpr pdcm pcid sse4_1 sse4_2 x2apic movbe popcnt tsc_deadline_timer aes xsave avx f16c rdrand lahf_lm abm 3dnowprefetch epb invpcid_single intel_pt ibrs ibpb stibp kaiser tpr_shadow vnmi flexpriority ept vpid fsgsbase tsc_adjust bmi1 avx2 smep bmi2 erms invpcid mpx rdseed adx smap clflushopt xsaveopt xsavec xgetbv1 dtherm ida arat pln pts hwp hwp_notify hwp_act_window hwp_epp
bugs		: cpu_meltdown spectre_v1 spectre_v2 spec_store_bypass l1tf
bogomips	: 5184.48
clflush size	: 64
cache_alignment	: 64
address sizes	: 39 bits physical, 48 bits virtual
power management:

processor	: 2
vendor_id	: GenuineIntel
cpu family	: 6
model		: 78
model name	: Intel(R) Core(TM) i7-6500U CPU @ 2.50GHz
stepping	: 3
microcode	: 0xc2
cpu MHz		: 2696.484
cache size	: 4096 KB
physical id	: 0
siblings	: 4
core id		: 0
cpu cores	: 2
apicid		: 1
initial apicid	: 1
fpu		: yes
fpu_exception	: yes
cpuid level	: 22
wp		: yes
flags		: fpu vme de pse tsc msr pae mce cx8 apic sep mtrr pge mca cmov pat pse36 clflush dts acpi mmx fxsr sse sse2 ss ht tm pbe syscall nx pdpe1gb rdtscp lm constant_tsc art arch_perfmon pebs bts rep_good nopl xtopology nonstop_tsc aperfmperf eagerfpu pni pclmulqdq dtes64 monitor ds_cpl vmx est tm2 ssse3 sdbg fma cx16 xtpr pdcm pcid sse4_1 sse4_2 x2apic movbe popcnt tsc_deadline_timer aes xsave avx f16c rdrand lahf_lm abm 3dnowprefetch epb invpcid_single intel_pt ibrs ibpb stibp kaiser tpr_shadow vnmi flexpriority ept vpid fsgsbase tsc_adjust bmi1 avx2 smep bmi2 erms invpcid mpx rdseed adx smap clflushopt xsaveopt xsavec xgetbv1 dtherm ida arat pln pts hwp hwp_notify hwp_act_window hwp_epp
bugs		: cpu_meltdown spectre_v1 spectre_v2 spec_store_bypass l1tf
bogomips	: 5184.48
clflush size	: 64
cache_alignment	: 64
address sizes	: 39 bits physical, 48 bits virtual
power management:

processor	: 3
vendor_id	: GenuineIntel
cpu family	: 6
model		: 78
model name	: Intel(R) Core(TM) i7-6500U CPU @ 2.50GHz
stepping	: 3
microcode	: 0xc2
cpu MHz		: 2699.226
cache size	: 4096 KB
physical id	: 0
siblings	: 4
core id		: 1
cpu cores	: 2
apicid		: 3
initial apicid	: 3
fpu		: yes
fpu_exception	: yes
cpuid level	: 22
wp		: yes
flags		: fpu vme de pse tsc msr pae mce cx8 apic sep mtrr pge mca cmov pat pse36 clflush dts acpi mmx fxsr sse sse2 ss ht tm pbe syscall nx pdpe1gb rdtscp lm constant_tsc art arch_perfmon pebs bts rep_good nopl xtopology nonstop_tsc aperfmperf eagerfpu pni pclmulqdq dtes64 monitor ds_cpl vmx est tm2 ssse3 sdbg fma cx16 xtpr pdcm pcid sse4_1 sse4_2 x2apic movbe popcnt tsc_deadline_timer aes xsave avx f16c rdrand lahf_lm abm 3dnowprefetch epb invpcid_single intel_pt ibrs ibpb stibp kaiser tpr_shadow vnmi flexpriority ept vpid fsgsbase tsc_adjust bmi1 avx2 smep bmi2 erms invpcid mpx rdseed adx smap clflushopt xsaveopt xsavec xgetbv1 dtherm ida arat pln pts hwp hwp_notify hwp_act_window hwp_epp
bugs		: cpu_meltdown spectre_v1 spectre_v2 spec_store_bypass l1tf
bogomips	: 5184.48
clflush size	: 64
cache_alignment	: 64
address sizes	: 39 bits physical, 48 bits virtual
power management:



Memory: 4k page, physical 15852028k(3308624k free), swap 16189436k(16164488k free)

vm_info: Java HotSpot(TM) 64-Bit Server VM (25.121-b13) for linux-amd64 JRE (1.8.0_121-b13), built on Dec 12 2016 16:36:53 by "java_re" with gcc 4.3.0 20080428 (Red Hat 4.3.0-8)

time: Tue Sep  4 17:48:34 2018
elapsed time: 0 seconds (0d 0h 0m 0s)

