#
# A fatal error has been detected by the Java Runtime Environment:
#
#  SIGSEGV (0xb) at pc=0x00007fea70dd76ec, pid=14603, tid=0x00007feaba481700
#
# JRE version: Java(TM) SE Runtime Environment (8.0_121-b13) (build 1.8.0_121-b13)
# Java VM: Java HotSpot(TM) 64-Bit Server VM (25.121-b13 mixed mode linux-amd64 compressed oops)
# Problematic frame:
# C  [liblwjgl_opengl.so+0x446ec]  Java_org_lwjgl_opengl_GL30_nglGenVertexArrays__IJ+0xc
#
# Failed to write core dump. Core dumps have been disabled. To enable core dumping, try "ulimit -c unlimited" before starting Java again
#
# If you would like to submit a bug report, please visit:
#   http://bugreport.java.com/bugreport/crash.jsp
# The crash happened outside the Java Virtual Machine in native code.
# See problematic frame for where to report the bug.
#

---------------  T H R E A D  ---------------

Current thread (0x00007feab400e000):  JavaThread "main" [_thread_in_native, id=14604, stack(0x00007feaba381000,0x00007feaba482000)]

siginfo: si_signo: 11 (SIGSEGV), si_code: 1 (SEGV_MAPERR), si_addr: 0x0000000000000f70

Registers:
RAX=0x0000000000000000, RBX=0x00007feaa24b8680, RCX=0x00007feab4605e5c, RDX=0x0000000000000001
RSP=0x00007feaba47e148, RBP=0x00007feaba47e1a8, RSI=0x00007feab4605e5c, RDI=0x0000000000000001
R8 =0x0000000000000000, R9 =0x0000000000000009, R10=0x00007feaa4186a08, R11=0x00007feab925cea0
R12=0x0000000000000000, R13=0x00007feaa24b8680, R14=0x00007feaba47e1d8, R15=0x00007feab400e000
RIP=0x00007fea70dd76ec, EFLAGS=0x0000000000010283, CSGSFS=0x0000000000000033, ERR=0x0000000000000004
  TRAPNO=0x000000000000000e

Top of Stack: (sp=0x00007feaba47e148)
0x00007feaba47e148:   00007feaa4186a34 00007feaba47e1a8
0x00007feaba47e158:   00007feaa41867c7 00007feaa4186782
0x00007feaba47e168:   00007feaba47e168 00007feaa24b8680
0x00007feaba47e178:   00007feaba47e1d8 00007feaa24c12a8
0x00007feaba47e188:   0000000000000000 00007feaa24b8680
0x00007feaba47e198:   0000000000000000 00007feaba47e1c8
0x00007feaba47e1a8:   00007feaba47e220 00007feaa41772bd
0x00007feaba47e1b8:   00000007705ad9c8 00007feaa4180538
0x00007feaba47e1c8:   00007feab4605e5c 000000077093bc18
0x00007feaba47e1d8:   0000000000000001 00007feaba47e1e0
0x00007feaba47e1e8:   00007feaa24b87f4 00007feaba47e250
0x00007feaba47e1f8:   00007feaa24c12a8 0000000000000000
0x00007feaba47e208:   00007feaa24b8860 00007feaba47e1c8
0x00007feaba47e218:   00007feaba47e258 00007feaba47e2a0
0x00007feaba47e228:   00007feaa4176d00 0000000000000000
0x00007feaba47e238:   0000000000000000 000000077093bc18
0x00007feaba47e248:   0000000000010000 0000000770862fc0
0x00007feaba47e258:   0000000770569bf8 00007feaba47e260
0x00007feaba47e268:   00007feaa2496a42 00007feaba47e2d0
0x00007feaba47e278:   00007feaa2497788 0000000000000000
0x00007feaba47e288:   00007feaa2496ac0 00007feaba47e258
0x00007feaba47e298:   00007feaba47e2b0 00007feaba47e320
0x00007feaba47e2a8:   00007feaa41772bd 000000077055fbe0
0x00007feaba47e2b8:   000000077055fb78 000000077055f848
0x00007feaba47e2c8:   000000077055f7e0 0000000770569bf8
0x00007feaba47e2d8:   0000000770569bf8 00007feaba47e2e0
0x00007feaba47e2e8:   00007feaa24946c8 00007feaba47e3c0
0x00007feaba47e2f8:   00007feaa2495020 0000000000000000
0x00007feaba47e308:   00007feaa2494810 00007feaba47e2b0
0x00007feaba47e318:   00007feaba47e3a0 00007feaba47e408
0x00007feaba47e328:   00007feaa4177040 0000000000000000
0x00007feaba47e338:   000000077055fbe0 000000077055fb78 

Instructions: (pc=0x00007fea70dd76ec)
0x00007fea70dd76cc:   78 1c 00 00 ff e0 66 66 66 66 66 2e 0f 1f 84 00
0x00007fea70dd76dc:   00 00 00 00 48 8b 07 48 89 ce 89 d7 48 8b 40 18
0x00007fea70dd76ec:   48 8b 80 70 0f 00 00 ff e0 66 66 2e 0f 1f 84 00
0x00007fea70dd76fc:   00 00 00 00 48 8b 07 48 89 ce 89 d7 48 8b 40 18 

Register to memory mapping:

RAX=0x0000000000000000 is an unknown value
RBX={method} {0x00007feaa24b8680} 'nglGenVertexArrays' '(IJ)V' in 'org/lwjgl/opengl/GL30'
RCX=0x00007feab4605e5c is an unknown value
RDX=0x0000000000000001 is an unknown value
RSP=0x00007feaba47e148 is pointing into the stack for thread: 0x00007feab400e000
RBP=0x00007feaba47e1a8 is pointing into the stack for thread: 0x00007feab400e000
RSI=0x00007feab4605e5c is an unknown value
RDI=0x0000000000000001 is an unknown value
R8 =0x0000000000000000 is an unknown value
R9 =0x0000000000000009 is an unknown value
R10=0x00007feaa4186a08 is at code_begin+808 in an Interpreter codelet
method entry point (kind = native)  [0x00007feaa41866e0, 0x00007feaa4186fe0]  2304 bytes
R11=0x00007feab925cea0: <offset 0x9c3ea0> in /home/michael1337/Programs/jdk/jdk1.8.0_121/jre/lib/amd64/server/libjvm.so at 0x00007feab8899000
R12=0x0000000000000000 is an unknown value
R13={method} {0x00007feaa24b8680} 'nglGenVertexArrays' '(IJ)V' in 'org/lwjgl/opengl/GL30'
R14=0x00007feaba47e1d8 is pointing into the stack for thread: 0x00007feab400e000
R15=0x00007feab400e000 is a thread


Stack: [0x00007feaba381000,0x00007feaba482000],  sp=0x00007feaba47e148,  free space=1012k
Native frames: (J=compiled Java code, j=interpreted, Vv=VM code, C=native code)
C  [liblwjgl_opengl.so+0x446ec]  Java_org_lwjgl_opengl_GL30_nglGenVertexArrays__IJ+0xc
j  org.lwjgl.opengl.GL30.glGenVertexArrays()I+20
j  engine.graphics.objects.models.Mesh.<init>([F[I[F[F)V+58
j  engine.graphics.objects.generators.PlanetGenerator.createTile(Lengine/math/numericalObjects/Vector3;Lengine/math/numericalObjects/Vector3;Lengine/math/numericalObjects/Vector3;D)Lengine/graphics/objects/models/Mesh;+520
j  engine.graphics.objects.generators.PlanetGenerator.createFace(Lengine/math/numericalObjects/Vector3;Lengine/math/numericalObjects/Vector3;Lengine/math/numericalObjects/Vector3;IIIII)Lengine/graphics/objects/planet/FacePart;+388
j  engine.graphics.objects.generators.PlanetGenerator.createFace(Lengine/math/numericalObjects/Vector3;Lengine/math/numericalObjects/Vector3;Lengine/math/numericalObjects/Vector3;IIIII)Lengine/graphics/objects/planet/FacePart;+134
j  engine.graphics.objects.generators.PlanetGenerator.createFace(Lengine/math/numericalObjects/Vector3;Lengine/math/numericalObjects/Vector3;Lengine/math/numericalObjects/Vector3;IIIII)Lengine/graphics/objects/planet/FacePart;+134
j  engine.graphics.objects.generators.PlanetGenerator.createFace(Lengine/math/numericalObjects/Vector3;Lengine/math/numericalObjects/Vector3;Lengine/math/numericalObjects/Vector3;IIIII)Lengine/graphics/objects/planet/FacePart;+134
j  engine.graphics.objects.generators.PlanetGenerator.createTopFace(Lengine/math/numericalObjects/Vector3;Lengine/math/numericalObjects/Vector3;Lengine/math/numericalObjects/Vector3;I)Lengine/graphics/objects/planet/FacePart;+13
j  engine.graphics.objects.generators.PlanetGenerator.createPlanet(Lengine/data/Planet;)[Lengine/graphics/objects/planet/FacePart;+138
j  engine.graphics.objects.planet.PlanetObject.createLODMesh()V+5
j  engine.graphics.objects.planet.PlanetObject.<init>(Lengine/data/Planet;)V+56
j  engine.data.Planet.<init>(I)V+83
j  logic.NeighbourTest.testFaceNeighbours()V+6
v  ~StubRoutines::call_stub
V  [libjvm.so+0x690dd6]  JavaCalls::call_helper(JavaValue*, methodHandle*, JavaCallArguments*, Thread*)+0x1056
V  [libjvm.so+0x99c357]  Reflection::invoke(instanceKlassHandle, methodHandle, Handle, bool, objArrayHandle, BasicType, objArrayHandle, bool, Thread*)+0x5d7
V  [libjvm.so+0x99fa67]  Reflection::invoke_method(oopDesc*, Handle, objArrayHandle, Thread*)+0x147
V  [libjvm.so+0x72447b]  JVM_InvokeMethod+0x26b
j  sun.reflect.NativeMethodAccessorImpl.invoke0(Ljava/lang/reflect/Method;Ljava/lang/Object;[Ljava/lang/Object;)Ljava/lang/Object;+0
j  sun.reflect.NativeMethodAccessorImpl.invoke(Ljava/lang/Object;[Ljava/lang/Object;)Ljava/lang/Object;+100
j  sun.reflect.DelegatingMethodAccessorImpl.invoke(Ljava/lang/Object;[Ljava/lang/Object;)Ljava/lang/Object;+6
j  java.lang.reflect.Method.invoke(Ljava/lang/Object;[Ljava/lang/Object;)Ljava/lang/Object;+56
j  org.junit.platform.commons.util.ReflectionUtils.invokeMethod(Ljava/lang/reflect/Method;Ljava/lang/Object;[Ljava/lang/Object;)Ljava/lang/Object;+41
j  org.junit.jupiter.engine.execution.ExecutableInvoker.invoke(Ljava/lang/reflect/Method;Ljava/lang/Object;Lorg/junit/jupiter/api/extension/ExtensionContext;Lorg/junit/jupiter/engine/extension/ExtensionRegistry;)Ljava/lang/Object;+32
j  org.junit.jupiter.engine.descriptor.TestMethodTestDescriptor.lambda$invokeTestMethod$6(Lorg/junit/jupiter/api/extension/ExtensionContext;Lorg/junit/jupiter/engine/execution/JupiterEngineExecutionContext;)V+24
j  org.junit.jupiter.engine.descriptor.TestMethodTestDescriptor$$Lambda$143.execute()V+12
j  org.junit.jupiter.engine.execution.ThrowableCollector.execute(Lorg/junit/jupiter/api/function/Executable;)V+1
j  org.junit.jupiter.engine.descriptor.TestMethodTestDescriptor.invokeTestMethod(Lorg/junit/jupiter/engine/execution/JupiterEngineExecutionContext;Lorg/junit/platform/engine/support/hierarchical/Node$DynamicTestExecutor;)V+21
j  org.junit.jupiter.engine.descriptor.TestMethodTestDescriptor.execute(Lorg/junit/jupiter/engine/execution/JupiterEngineExecutionContext;Lorg/junit/platform/engine/support/hierarchical/Node$DynamicTestExecutor;)Lorg/junit/jupiter/engine/execution/JupiterEngineExecutionContext;+44
j  org.junit.jupiter.engine.descriptor.TestMethodTestDescriptor.execute(Lorg/junit/platform/engine/support/hierarchical/EngineExecutionContext;Lorg/junit/platform/engine/support/hierarchical/Node$DynamicTestExecutor;)Lorg/junit/platform/engine/support/hierarchical/EngineExecutionContext;+6
j  org.junit.platform.engine.support.hierarchical.HierarchicalTestExecutor.lambda$execute$3(Lorg/junit/platform/engine/support/hierarchical/EngineExecutionContext;Lorg/junit/platform/engine/support/hierarchical/Node;Lorg/junit/platform/engine/support/hierarchical/ExecutionTracker;Lorg/junit/platform/engine/TestDescriptor;)V+29
j  org.junit.platform.engine.support.hierarchical.HierarchicalTestExecutor$$Lambda$105.execute()V+20
j  org.junit.platform.engine.support.hierarchical.SingleTestExecutor.executeSafely(Lorg/junit/platform/engine/support/hierarchical/SingleTestExecutor$Executable;)Lorg/junit/platform/engine/TestExecutionResult;+1
j  org.junit.platform.engine.support.hierarchical.HierarchicalTestExecutor.execute(Lorg/junit/platform/engine/TestDescriptor;Lorg/junit/platform/engine/support/hierarchical/EngineExecutionContext;Lorg/junit/platform/engine/support/hierarchical/ExecutionTracker;)V+126
j  org.junit.platform.engine.support.hierarchical.HierarchicalTestExecutor.lambda$null$2(Lorg/junit/platform/engine/support/hierarchical/EngineExecutionContext;Lorg/junit/platform/engine/support/hierarchical/ExecutionTracker;Lorg/junit/platform/engine/TestDescriptor;)V+4
j  org.junit.platform.engine.support.hierarchical.HierarchicalTestExecutor$$Lambda$108.accept(Ljava/lang/Object;)V+16
j  java.util.stream.ForEachOps$ForEachOp$OfRef.accept(Ljava/lang/Object;)V+5
j  java.util.stream.ReferencePipeline$2$1.accept(Ljava/lang/Object;)V+21
j  java.util.Iterator.forEachRemaining(Ljava/util/function/Consumer;)V+21
j  java.util.Spliterators$IteratorSpliterator.forEachRemaining(Ljava/util/function/Consumer;)V+52
j  java.util.stream.AbstractPipeline.copyInto(Ljava/util/stream/Sink;Ljava/util/Spliterator;)V+32
j  java.util.stream.AbstractPipeline.wrapAndCopyInto(Ljava/util/stream/Sink;Ljava/util/Spliterator;)Ljava/util/stream/Sink;+13
j  java.util.stream.ForEachOps$ForEachOp.evaluateSequential(Ljava/util/stream/PipelineHelper;Ljava/util/Spliterator;)Ljava/lang/Void;+3
j  java.util.stream.ForEachOps$ForEachOp$OfRef.evaluateSequential(Ljava/util/stream/PipelineHelper;Ljava/util/Spliterator;)Ljava/lang/Object;+3
j  java.util.stream.AbstractPipeline.evaluate(Ljava/util/stream/TerminalOp;)Ljava/lang/Object;+88
j  java.util.stream.ReferencePipeline.forEach(Ljava/util/function/Consumer;)V+6
j  org.junit.platform.engine.support.hierarchical.HierarchicalTestExecutor.lambda$execute$3(Lorg/junit/platform/engine/support/hierarchical/EngineExecutionContext;Lorg/junit/platform/engine/support/hierarchical/Node;Lorg/junit/platform/engine/support/hierarchical/ExecutionTracker;Lorg/junit/platform/engine/TestDescriptor;)V+72
j  org.junit.platform.engine.support.hierarchical.HierarchicalTestExecutor$$Lambda$105.execute()V+20
j  org.junit.platform.engine.support.hierarchical.SingleTestExecutor.executeSafely(Lorg/junit/platform/engine/support/hierarchical/SingleTestExecutor$Executable;)Lorg/junit/platform/engine/TestExecutionResult;+1
j  org.junit.platform.engine.support.hierarchical.HierarchicalTestExecutor.execute(Lorg/junit/platform/engine/TestDescriptor;Lorg/junit/platform/engine/support/hierarchical/EngineExecutionContext;Lorg/junit/platform/engine/support/hierarchical/ExecutionTracker;)V+126
j  org.junit.platform.engine.support.hierarchical.HierarchicalTestExecutor.lambda$null$2(Lorg/junit/platform/engine/support/hierarchical/EngineExecutionContext;Lorg/junit/platform/engine/support/hierarchical/ExecutionTracker;Lorg/junit/platform/engine/TestDescriptor;)V+4
j  org.junit.platform.engine.support.hierarchical.HierarchicalTestExecutor$$Lambda$108.accept(Ljava/lang/Object;)V+16
j  java.util.stream.ForEachOps$ForEachOp$OfRef.accept(Ljava/lang/Object;)V+5
j  java.util.stream.ReferencePipeline$2$1.accept(Ljava/lang/Object;)V+21
j  java.util.Iterator.forEachRemaining(Ljava/util/function/Consumer;)V+21
j  java.util.Spliterators$IteratorSpliterator.forEachRemaining(Ljava/util/function/Consumer;)V+52
j  java.util.stream.AbstractPipeline.copyInto(Ljava/util/stream/Sink;Ljava/util/Spliterator;)V+32
j  java.util.stream.AbstractPipeline.wrapAndCopyInto(Ljava/util/stream/Sink;Ljava/util/Spliterator;)Ljava/util/stream/Sink;+13
j  java.util.stream.ForEachOps$ForEachOp.evaluateSequential(Ljava/util/stream/PipelineHelper;Ljava/util/Spliterator;)Ljava/lang/Void;+3
j  java.util.stream.ForEachOps$ForEachOp$OfRef.evaluateSequential(Ljava/util/stream/PipelineHelper;Ljava/util/Spliterator;)Ljava/lang/Object;+3
j  java.util.stream.AbstractPipeline.evaluate(Ljava/util/stream/TerminalOp;)Ljava/lang/Object;+88
j  java.util.stream.ReferencePipeline.forEach(Ljava/util/function/Consumer;)V+6
j  org.junit.platform.engine.support.hierarchical.HierarchicalTestExecutor.lambda$execute$3(Lorg/junit/platform/engine/support/hierarchical/EngineExecutionContext;Lorg/junit/platform/engine/support/hierarchical/Node;Lorg/junit/platform/engine/support/hierarchical/ExecutionTracker;Lorg/junit/platform/engine/TestDescriptor;)V+72
j  org.junit.platform.engine.support.hierarchical.HierarchicalTestExecutor$$Lambda$105.execute()V+20
j  org.junit.platform.engine.support.hierarchical.SingleTestExecutor.executeSafely(Lorg/junit/platform/engine/support/hierarchical/SingleTestExecutor$Executable;)Lorg/junit/platform/engine/TestExecutionResult;+1
j  org.junit.platform.engine.support.hierarchical.HierarchicalTestExecutor.execute(Lorg/junit/platform/engine/TestDescriptor;Lorg/junit/platform/engine/support/hierarchical/EngineExecutionContext;Lorg/junit/platform/engine/support/hierarchical/ExecutionTracker;)V+126
j  org.junit.platform.engine.support.hierarchical.HierarchicalTestExecutor.execute()V+16
j  org.junit.platform.engine.support.hierarchical.HierarchicalTestEngine.execute(Lorg/junit/platform/engine/ExecutionRequest;)V+13
j  org.junit.platform.launcher.core.DefaultLauncher.execute(Lorg/junit/platform/engine/TestEngine;Lorg/junit/platform/engine/ExecutionRequest;)V+2
j  org.junit.platform.launcher.core.DefaultLauncher.execute(Lorg/junit/platform/launcher/core/Root;Lorg/junit/platform/engine/ConfigurationParameters;[Lorg/junit/platform/launcher/TestExecutionListener;)V+101
j  org.junit.platform.launcher.core.DefaultLauncher.execute(Lorg/junit/platform/launcher/LauncherDiscoveryRequest;[Lorg/junit/platform/launcher/TestExecutionListener;)V+36
j  com.intellij.junit5.JUnit5IdeaTestRunner.startRunnerWithArgs([Ljava/lang/String;Ljava/lang/String;IZ)I+240
j  com.intellij.rt.execution.junit.IdeaTestRunner$Repeater.startRunnerWithArgs(Lcom/intellij/rt/execution/junit/IdeaTestRunner;[Ljava/lang/String;Ljava/util/ArrayList;Ljava/lang/String;IZ)I+22
j  com.intellij.rt.execution.junit.JUnitStarter.prepareStreamsAndStart([Ljava/lang/String;Ljava/lang/String;Ljava/util/ArrayList;Ljava/lang/String;)I+116
j  com.intellij.rt.execution.junit.JUnitStarter.main([Ljava/lang/String;)V+116
v  ~StubRoutines::call_stub
V  [libjvm.so+0x690dd6]  JavaCalls::call_helper(JavaValue*, methodHandle*, JavaCallArguments*, Thread*)+0x1056
V  [libjvm.so+0x6d21e2]  jni_invoke_static(JNIEnv_*, JavaValue*, _jobject*, JNICallType, _jmethodID*, JNI_ArgumentPusher*, Thread*)+0x362
V  [libjvm.so+0x6eea4a]  jni_CallStaticVoidMethod+0x17a
C  [libjli.so+0x7bdf]  JavaMain+0x81f
C  [libpthread.so.0+0x76ba]  start_thread+0xca

Java frames: (J=compiled Java code, j=interpreted, Vv=VM code)
j  org.lwjgl.opengl.GL30.nglGenVertexArrays(IJ)V+0
j  org.lwjgl.opengl.GL30.glGenVertexArrays()I+20
j  engine.graphics.objects.models.Mesh.<init>([F[I[F[F)V+58
j  engine.graphics.objects.generators.PlanetGenerator.createTile(Lengine/math/numericalObjects/Vector3;Lengine/math/numericalObjects/Vector3;Lengine/math/numericalObjects/Vector3;D)Lengine/graphics/objects/models/Mesh;+520
j  engine.graphics.objects.generators.PlanetGenerator.createFace(Lengine/math/numericalObjects/Vector3;Lengine/math/numericalObjects/Vector3;Lengine/math/numericalObjects/Vector3;IIIII)Lengine/graphics/objects/planet/FacePart;+388
j  engine.graphics.objects.generators.PlanetGenerator.createFace(Lengine/math/numericalObjects/Vector3;Lengine/math/numericalObjects/Vector3;Lengine/math/numericalObjects/Vector3;IIIII)Lengine/graphics/objects/planet/FacePart;+134
j  engine.graphics.objects.generators.PlanetGenerator.createFace(Lengine/math/numericalObjects/Vector3;Lengine/math/numericalObjects/Vector3;Lengine/math/numericalObjects/Vector3;IIIII)Lengine/graphics/objects/planet/FacePart;+134
j  engine.graphics.objects.generators.PlanetGenerator.createFace(Lengine/math/numericalObjects/Vector3;Lengine/math/numericalObjects/Vector3;Lengine/math/numericalObjects/Vector3;IIIII)Lengine/graphics/objects/planet/FacePart;+134
j  engine.graphics.objects.generators.PlanetGenerator.createTopFace(Lengine/math/numericalObjects/Vector3;Lengine/math/numericalObjects/Vector3;Lengine/math/numericalObjects/Vector3;I)Lengine/graphics/objects/planet/FacePart;+13
j  engine.graphics.objects.generators.PlanetGenerator.createPlanet(Lengine/data/Planet;)[Lengine/graphics/objects/planet/FacePart;+138
j  engine.graphics.objects.planet.PlanetObject.createLODMesh()V+5
j  engine.graphics.objects.planet.PlanetObject.<init>(Lengine/data/Planet;)V+56
j  engine.data.Planet.<init>(I)V+83
j  logic.NeighbourTest.testFaceNeighbours()V+6
v  ~StubRoutines::call_stub
j  sun.reflect.NativeMethodAccessorImpl.invoke0(Ljava/lang/reflect/Method;Ljava/lang/Object;[Ljava/lang/Object;)Ljava/lang/Object;+0
j  sun.reflect.NativeMethodAccessorImpl.invoke(Ljava/lang/Object;[Ljava/lang/Object;)Ljava/lang/Object;+100
j  sun.reflect.DelegatingMethodAccessorImpl.invoke(Ljava/lang/Object;[Ljava/lang/Object;)Ljava/lang/Object;+6
j  java.lang.reflect.Method.invoke(Ljava/lang/Object;[Ljava/lang/Object;)Ljava/lang/Object;+56
j  org.junit.platform.commons.util.ReflectionUtils.invokeMethod(Ljava/lang/reflect/Method;Ljava/lang/Object;[Ljava/lang/Object;)Ljava/lang/Object;+41
j  org.junit.jupiter.engine.execution.ExecutableInvoker.invoke(Ljava/lang/reflect/Method;Ljava/lang/Object;Lorg/junit/jupiter/api/extension/ExtensionContext;Lorg/junit/jupiter/engine/extension/ExtensionRegistry;)Ljava/lang/Object;+32
j  org.junit.jupiter.engine.descriptor.TestMethodTestDescriptor.lambda$invokeTestMethod$6(Lorg/junit/jupiter/api/extension/ExtensionContext;Lorg/junit/jupiter/engine/execution/JupiterEngineExecutionContext;)V+24
j  org.junit.jupiter.engine.descriptor.TestMethodTestDescriptor$$Lambda$143.execute()V+12
j  org.junit.jupiter.engine.execution.ThrowableCollector.execute(Lorg/junit/jupiter/api/function/Executable;)V+1
j  org.junit.jupiter.engine.descriptor.TestMethodTestDescriptor.invokeTestMethod(Lorg/junit/jupiter/engine/execution/JupiterEngineExecutionContext;Lorg/junit/platform/engine/support/hierarchical/Node$DynamicTestExecutor;)V+21
j  org.junit.jupiter.engine.descriptor.TestMethodTestDescriptor.execute(Lorg/junit/jupiter/engine/execution/JupiterEngineExecutionContext;Lorg/junit/platform/engine/support/hierarchical/Node$DynamicTestExecutor;)Lorg/junit/jupiter/engine/execution/JupiterEngineExecutionContext;+44
j  org.junit.jupiter.engine.descriptor.TestMethodTestDescriptor.execute(Lorg/junit/platform/engine/support/hierarchical/EngineExecutionContext;Lorg/junit/platform/engine/support/hierarchical/Node$DynamicTestExecutor;)Lorg/junit/platform/engine/support/hierarchical/EngineExecutionContext;+6
j  org.junit.platform.engine.support.hierarchical.HierarchicalTestExecutor.lambda$execute$3(Lorg/junit/platform/engine/support/hierarchical/EngineExecutionContext;Lorg/junit/platform/engine/support/hierarchical/Node;Lorg/junit/platform/engine/support/hierarchical/ExecutionTracker;Lorg/junit/platform/engine/TestDescriptor;)V+29
j  org.junit.platform.engine.support.hierarchical.HierarchicalTestExecutor$$Lambda$105.execute()V+20
j  org.junit.platform.engine.support.hierarchical.SingleTestExecutor.executeSafely(Lorg/junit/platform/engine/support/hierarchical/SingleTestExecutor$Executable;)Lorg/junit/platform/engine/TestExecutionResult;+1
j  org.junit.platform.engine.support.hierarchical.HierarchicalTestExecutor.execute(Lorg/junit/platform/engine/TestDescriptor;Lorg/junit/platform/engine/support/hierarchical/EngineExecutionContext;Lorg/junit/platform/engine/support/hierarchical/ExecutionTracker;)V+126
j  org.junit.platform.engine.support.hierarchical.HierarchicalTestExecutor.lambda$null$2(Lorg/junit/platform/engine/support/hierarchical/EngineExecutionContext;Lorg/junit/platform/engine/support/hierarchical/ExecutionTracker;Lorg/junit/platform/engine/TestDescriptor;)V+4
j  org.junit.platform.engine.support.hierarchical.HierarchicalTestExecutor$$Lambda$108.accept(Ljava/lang/Object;)V+16
j  java.util.stream.ForEachOps$ForEachOp$OfRef.accept(Ljava/lang/Object;)V+5
j  java.util.stream.ReferencePipeline$2$1.accept(Ljava/lang/Object;)V+21
j  java.util.Iterator.forEachRemaining(Ljava/util/function/Consumer;)V+21
j  java.util.Spliterators$IteratorSpliterator.forEachRemaining(Ljava/util/function/Consumer;)V+52
j  java.util.stream.AbstractPipeline.copyInto(Ljava/util/stream/Sink;Ljava/util/Spliterator;)V+32
j  java.util.stream.AbstractPipeline.wrapAndCopyInto(Ljava/util/stream/Sink;Ljava/util/Spliterator;)Ljava/util/stream/Sink;+13
j  java.util.stream.ForEachOps$ForEachOp.evaluateSequential(Ljava/util/stream/PipelineHelper;Ljava/util/Spliterator;)Ljava/lang/Void;+3
j  java.util.stream.ForEachOps$ForEachOp$OfRef.evaluateSequential(Ljava/util/stream/PipelineHelper;Ljava/util/Spliterator;)Ljava/lang/Object;+3
j  java.util.stream.AbstractPipeline.evaluate(Ljava/util/stream/TerminalOp;)Ljava/lang/Object;+88
j  java.util.stream.ReferencePipeline.forEach(Ljava/util/function/Consumer;)V+6
j  org.junit.platform.engine.support.hierarchical.HierarchicalTestExecutor.lambda$execute$3(Lorg/junit/platform/engine/support/hierarchical/EngineExecutionContext;Lorg/junit/platform/engine/support/hierarchical/Node;Lorg/junit/platform/engine/support/hierarchical/ExecutionTracker;Lorg/junit/platform/engine/TestDescriptor;)V+72
j  org.junit.platform.engine.support.hierarchical.HierarchicalTestExecutor$$Lambda$105.execute()V+20
j  org.junit.platform.engine.support.hierarchical.SingleTestExecutor.executeSafely(Lorg/junit/platform/engine/support/hierarchical/SingleTestExecutor$Executable;)Lorg/junit/platform/engine/TestExecutionResult;+1
j  org.junit.platform.engine.support.hierarchical.HierarchicalTestExecutor.execute(Lorg/junit/platform/engine/TestDescriptor;Lorg/junit/platform/engine/support/hierarchical/EngineExecutionContext;Lorg/junit/platform/engine/support/hierarchical/ExecutionTracker;)V+126
j  org.junit.platform.engine.support.hierarchical.HierarchicalTestExecutor.lambda$null$2(Lorg/junit/platform/engine/support/hierarchical/EngineExecutionContext;Lorg/junit/platform/engine/support/hierarchical/ExecutionTracker;Lorg/junit/platform/engine/TestDescriptor;)V+4
j  org.junit.platform.engine.support.hierarchical.HierarchicalTestExecutor$$Lambda$108.accept(Ljava/lang/Object;)V+16
j  java.util.stream.ForEachOps$ForEachOp$OfRef.accept(Ljava/lang/Object;)V+5
j  java.util.stream.ReferencePipeline$2$1.accept(Ljava/lang/Object;)V+21
j  java.util.Iterator.forEachRemaining(Ljava/util/function/Consumer;)V+21
j  java.util.Spliterators$IteratorSpliterator.forEachRemaining(Ljava/util/function/Consumer;)V+52
j  java.util.stream.AbstractPipeline.copyInto(Ljava/util/stream/Sink;Ljava/util/Spliterator;)V+32
j  java.util.stream.AbstractPipeline.wrapAndCopyInto(Ljava/util/stream/Sink;Ljava/util/Spliterator;)Ljava/util/stream/Sink;+13
j  java.util.stream.ForEachOps$ForEachOp.evaluateSequential(Ljava/util/stream/PipelineHelper;Ljava/util/Spliterator;)Ljava/lang/Void;+3
j  java.util.stream.ForEachOps$ForEachOp$OfRef.evaluateSequential(Ljava/util/stream/PipelineHelper;Ljava/util/Spliterator;)Ljava/lang/Object;+3
j  java.util.stream.AbstractPipeline.evaluate(Ljava/util/stream/TerminalOp;)Ljava/lang/Object;+88
j  java.util.stream.ReferencePipeline.forEach(Ljava/util/function/Consumer;)V+6
j  org.junit.platform.engine.support.hierarchical.HierarchicalTestExecutor.lambda$execute$3(Lorg/junit/platform/engine/support/hierarchical/EngineExecutionContext;Lorg/junit/platform/engine/support/hierarchical/Node;Lorg/junit/platform/engine/support/hierarchical/ExecutionTracker;Lorg/junit/platform/engine/TestDescriptor;)V+72
j  org.junit.platform.engine.support.hierarchical.HierarchicalTestExecutor$$Lambda$105.execute()V+20
j  org.junit.platform.engine.support.hierarchical.SingleTestExecutor.executeSafely(Lorg/junit/platform/engine/support/hierarchical/SingleTestExecutor$Executable;)Lorg/junit/platform/engine/TestExecutionResult;+1
j  org.junit.platform.engine.support.hierarchical.HierarchicalTestExecutor.execute(Lorg/junit/platform/engine/TestDescriptor;Lorg/junit/platform/engine/support/hierarchical/EngineExecutionContext;Lorg/junit/platform/engine/support/hierarchical/ExecutionTracker;)V+126
j  org.junit.platform.engine.support.hierarchical.HierarchicalTestExecutor.execute()V+16
j  org.junit.platform.engine.support.hierarchical.HierarchicalTestEngine.execute(Lorg/junit/platform/engine/ExecutionRequest;)V+13
j  org.junit.platform.launcher.core.DefaultLauncher.execute(Lorg/junit/platform/engine/TestEngine;Lorg/junit/platform/engine/ExecutionRequest;)V+2
j  org.junit.platform.launcher.core.DefaultLauncher.execute(Lorg/junit/platform/launcher/core/Root;Lorg/junit/platform/engine/ConfigurationParameters;[Lorg/junit/platform/launcher/TestExecutionListener;)V+101
j  org.junit.platform.launcher.core.DefaultLauncher.execute(Lorg/junit/platform/launcher/LauncherDiscoveryRequest;[Lorg/junit/platform/launcher/TestExecutionListener;)V+36
j  com.intellij.junit5.JUnit5IdeaTestRunner.startRunnerWithArgs([Ljava/lang/String;Ljava/lang/String;IZ)I+240
j  com.intellij.rt.execution.junit.IdeaTestRunner$Repeater.startRunnerWithArgs(Lcom/intellij/rt/execution/junit/IdeaTestRunner;[Ljava/lang/String;Ljava/util/ArrayList;Ljava/lang/String;IZ)I+22
j  com.intellij.rt.execution.junit.JUnitStarter.prepareStreamsAndStart([Ljava/lang/String;Ljava/lang/String;Ljava/util/ArrayList;Ljava/lang/String;)I+116
j  com.intellij.rt.execution.junit.JUnitStarter.main([Ljava/lang/String;)V+116
v  ~StubRoutines::call_stub

---------------  P R O C E S S  ---------------

Java Threads: ( => current thread )
  0x00007feab41be800 JavaThread "Service Thread" daemon [_thread_blocked, id=14617, stack(0x00007fea885ff000,0x00007fea88700000)]
  0x00007feab41bb800 JavaThread "C1 CompilerThread2" daemon [_thread_blocked, id=14616, stack(0x00007feaa0051000,0x00007feaa0152000)]
  0x00007feab41b9000 JavaThread "C2 CompilerThread1" daemon [_thread_blocked, id=14615, stack(0x00007feaa0152000,0x00007feaa0253000)]
  0x00007feab41b7800 JavaThread "C2 CompilerThread0" daemon [_thread_blocked, id=14614, stack(0x00007feaa046a000,0x00007feaa056b000)]
  0x00007feab41b5800 JavaThread "Monitor Ctrl-Break" daemon [_thread_in_native, id=14613, stack(0x00007feaa056b000,0x00007feaa066c000)]
  0x00007feab4183800 JavaThread "Signal Dispatcher" daemon [_thread_blocked, id=14612, stack(0x00007feaa066c000,0x00007feaa076d000)]
  0x00007feab414f800 JavaThread "Finalizer" daemon [_thread_blocked, id=14611, stack(0x00007feaa0a46000,0x00007feaa0b47000)]
  0x00007feab414a800 JavaThread "Reference Handler" daemon [_thread_blocked, id=14610, stack(0x00007feaa0b47000,0x00007feaa0c48000)]
=>0x00007feab400e000 JavaThread "main" [_thread_in_native, id=14604, stack(0x00007feaba381000,0x00007feaba482000)]

Other Threads:
  0x00007feab4143000 VMThread [stack: 0x00007feaa0c48000,0x00007feaa0d49000] [id=14609]
  0x00007feab41c3800 WatcherThread [stack: 0x00007fea884fe000,0x00007fea885ff000] [id=14618]

VM state:not at safepoint (normal execution)

VM Mutex/Monitor currently owned by a thread: None

Heap:
 PSYoungGen      total 72192K, used 21071K [0x000000076f580000, 0x0000000774600000, 0x00000007c0000000)
  eden space 61952K, 34% used [0x000000076f580000,0x0000000770a13ff0,0x0000000773200000)
  from space 10240K, 0% used [0x0000000773c00000,0x0000000773c00000,0x0000000774600000)
  to   space 10240K, 0% used [0x0000000773200000,0x0000000773200000,0x0000000773c00000)
 ParOldGen       total 165376K, used 0K [0x00000006ce000000, 0x00000006d8180000, 0x000000076f580000)
  object space 165376K, 0% used [0x00000006ce000000,0x00000006ce000000,0x00000006d8180000)
 Metaspace       used 7809K, capacity 8432K, committed 8704K, reserved 1056768K
  class space    used 978K, capacity 1160K, committed 1280K, reserved 1048576K

Card table byte_map: [0x00007feaa361e000,0x00007feaa3daf000] byte_map_base: 0x00007fea9ffae000

Marking Bits: (ParMarkBitMap*) 0x00007feab985dc80
 Begin Bits: [0x00007fea88700000, 0x00007fea8c380000)
 End Bits:   [0x00007fea8c380000, 0x00007fea90000000)

Polling page: 0x00007feaba4b0000

CodeCache: size=245760Kb used=2821Kb max_used=2835Kb free=242938Kb
 bounds [0x00007feaa416f000, 0x00007feaa443f000, 0x00007feab316f000]
 total_blobs=1104 nmethods=771 adapters=247
 compilation: enabled

Compilation events (10 events):
Event: 0,879 Thread 0x00007feab41b7800 nmethod 766 0x00007feaa4420c50 code [0x00007feaa4420dc0, 0x00007feaa4421038]
Event: 0,879 Thread 0x00007feab41b7800  763  s    4       sun.misc.URLClassPath::getNextLoader (88 bytes)
Event: 0,881 Thread 0x00007feab41b7800 nmethod 763 0x00007feaa44206d0 code [0x00007feaa4420820, 0x00007feaa4420b48]
Event: 0,881 Thread 0x00007feab41b7800  769       4       java.util.zip.ZipFile::ensureOpen (37 bytes)
Event: 0,882 Thread 0x00007feab41b7800 nmethod 769 0x00007feaa442d4d0 code [0x00007feaa442d620, 0x00007feaa442d6d8]
Event: 0,882 Thread 0x00007feab41b9000 nmethod 732 0x00007feaa4434a50 code [0x00007feaa4434d80, 0x00007feaa44364b0]
Event: 0,884 Thread 0x00007feab41bb800  770       3       java.util.zip.ZipEntry::getSize (5 bytes)
Event: 0,884 Thread 0x00007feab41bb800 nmethod 770 0x00007feaa44203d0 code [0x00007feaa4420520, 0x00007feaa4420670]
Event: 0,886 Thread 0x00007feab41bb800  771       3       java.lang.StringCoding::safeTrim (24 bytes)
Event: 0,886 Thread 0x00007feab41bb800 nmethod 771 0x00007feaa4434250 code [0x00007feaa44343e0, 0x00007feaa44348a8]

GC Heap History (0 events):
No events

Deoptimization events (1 events):
Event: 0,472 Thread 0x00007feab400e000 Uncommon trap: reason=unstable_if action=reinterpret pc=0x00007feaa43268dc method=java.lang.String.replace(CC)Ljava/lang/String; @ 26

Internal exceptions (10 events):
Event: 0,315 Thread 0x00007feab400e000 Exception <a 'java/security/PrivilegedActionException'> (0x000000076fbdbb38) thrown at [/HUDSON3/workspace/8-2-build-linux-amd64/jdk8u121/8372/hotspot/src/share/vm/prims/jvm.cpp, line 1390]
Event: 0,315 Thread 0x00007feab400e000 Exception <a 'java/security/PrivilegedActionException'> (0x000000076fbdbd48) thrown at [/HUDSON3/workspace/8-2-build-linux-amd64/jdk8u121/8372/hotspot/src/share/vm/prims/jvm.cpp, line 1390]
Event: 0,393 Thread 0x00007feab400e000 Exception <a 'java/lang/NoSuchMethodError': java.lang.Object.lambda$or$2(Ljava/util/function/Predicate;Ljava/lang/Object;)Z> (0x000000076ff031b8) thrown at [/HUDSON3/workspace/8-2-build-linux-amd64/jdk8u121/8372/hotspot/src/share/vm/interpreter/linkResolv
Event: 0,497 Thread 0x00007feab400e000 Exception <a 'java/lang/IncompatibleClassChangeError': Found class java.lang.Object, but interface was expected> (0x000000077007e7b8) thrown at [/HUDSON3/workspace/8-2-build-linux-amd64/jdk8u121/8372/hotspot/src/share/vm/interpreter/linkResolver.cpp, line
Event: 0,557 Thread 0x00007feab400e000 Exception <a 'java/lang/IncompatibleClassChangeError': Found class java.lang.Object, but interface was expected> (0x00000007701ff780) thrown at [/HUDSON3/workspace/8-2-build-linux-amd64/jdk8u121/8372/hotspot/src/share/vm/interpreter/linkResolver.cpp, line
Event: 0,558 Thread 0x00007feab400e000 Exception <a 'java/lang/NoSuchMethodError': java.lang.Object.lambda$accept$0(Lorg/junit/platform/engine/TestDescriptor$Visitor;Lorg/junit/platform/engine/TestDescriptor;)V> (0x0000000770205120) thrown at [/HUDSON3/workspace/8-2-build-linux-amd64/jdk8u121/
Event: 0,559 Thread 0x00007feab400e000 Exception <a 'java/lang/NoSuchMethodError': java.lang.Object.containsTests(Lorg/junit/platform/engine/TestDescriptor;)Z> (0x000000077020d4e8) thrown at [/HUDSON3/workspace/8-2-build-linux-amd64/jdk8u121/8372/hotspot/src/share/vm/interpreter/linkResolver.c
Event: 0,673 Thread 0x00007feab400e000 Exception <a 'java/lang/NoSuchMethodError': java.lang.Object.lambda$andThen$1(Ljava/util/function/Function;Ljava/lang/Object;)Ljava/lang/Object;> (0x000000077040e358) thrown at [/HUDSON3/workspace/8-2-build-linux-amd64/jdk8u121/8372/hotspot/src/share/vm/i
Event: 0,780 Thread 0x00007feab400e000 Exception <a 'java/lang/NoSuchMethodError': java.lang.Object.lambda$static$0(Ljava/lang/String;)Ljava/lang/Boolean;> (0x00000007707023b0) thrown at [/HUDSON3/workspace/8-2-build-linux-amd64/jdk8u121/8372/hotspot/src/share/vm/interpreter/linkResolver.cpp, 
Event: 0,855 Thread 0x00007feab400e000 Exception <a 'sun/nio/fs/UnixException'> (0x0000000770807a78) thrown at [/HUDSON3/workspace/8-2-build-linux-amd64/jdk8u121/8372/hotspot/src/share/vm/prims/jni.cpp, line 709]

Events (10 events):
Event: 0,881 loading class org/lwjgl/system/jni/JNINativeInterface
Event: 0,881 loading class org/lwjgl/system/jni/JNINativeInterface done
Event: 0,884 loading class org/lwjgl/system/linux/DynamicLinkLoader
Event: 0,884 loading class org/lwjgl/system/linux/DynamicLinkLoader done
Event: 0,885 loading class org/lwjgl/opengl/GL$2
Event: 0,885 loading class org/lwjgl/opengl/GL$2 done
Event: 0,885 loading class org/lwjgl/opengl/GL$SharedLibraryGL
Event: 0,885 loading class org/lwjgl/opengl/GL$SharedLibraryGL done
Event: 0,886 loading class org/lwjgl/system/SharedLibrary$Delegate
Event: 0,886 loading class org/lwjgl/system/SharedLibrary$Delegate done


Dynamic libraries:
00400000-00401000 r-xp 00000000 08:01 24119309                           /home/michael1337/Programs/jdk/jdk1.8.0_121/bin/java
00600000-00601000 rw-p 00000000 08:01 24119309                           /home/michael1337/Programs/jdk/jdk1.8.0_121/bin/java
010e3000-01104000 rw-p 00000000 00:00 0                                  [heap]
6ce000000-6d8180000 rw-p 00000000 00:00 0 
6d8180000-76f580000 ---p 00000000 00:00 0 
76f580000-774600000 rw-p 00000000 00:00 0 
774600000-7c0000000 ---p 00000000 00:00 0 
7c0000000-7c0140000 rw-p 00000000 00:00 0 
7c0140000-800000000 ---p 00000000 00:00 0 
7fea5a213000-7fea5a218000 r-xp 00000000 08:01 4464746                    /usr/lib/x86_64-linux-gnu/libXdmcp.so.6.0.0
7fea5a218000-7fea5a417000 ---p 00005000 08:01 4464746                    /usr/lib/x86_64-linux-gnu/libXdmcp.so.6.0.0
7fea5a417000-7fea5a418000 r--p 00004000 08:01 4464746                    /usr/lib/x86_64-linux-gnu/libXdmcp.so.6.0.0
7fea5a418000-7fea5a419000 rw-p 00005000 08:01 4464746                    /usr/lib/x86_64-linux-gnu/libXdmcp.so.6.0.0
7fea5a419000-7fea5a41b000 r-xp 00000000 08:01 4464735                    /usr/lib/x86_64-linux-gnu/libXau.so.6.0.0
7fea5a41b000-7fea5a61b000 ---p 00002000 08:01 4464735                    /usr/lib/x86_64-linux-gnu/libXau.so.6.0.0
7fea5a61b000-7fea5a61c000 r--p 00002000 08:01 4464735                    /usr/lib/x86_64-linux-gnu/libXau.so.6.0.0
7fea5a61c000-7fea5a61d000 rw-p 00003000 08:01 4464735                    /usr/lib/x86_64-linux-gnu/libXau.so.6.0.0
7fea5a61d000-7fea5a62d000 r-xp 00000000 08:01 4460530                    /usr/lib/x86_64-linux-gnu/libdrm.so.2.4.0
7fea5a62d000-7fea5a82d000 ---p 00010000 08:01 4460530                    /usr/lib/x86_64-linux-gnu/libdrm.so.2.4.0
7fea5a82d000-7fea5a82e000 r--p 00010000 08:01 4460530                    /usr/lib/x86_64-linux-gnu/libdrm.so.2.4.0
7fea5a82e000-7fea5a82f000 rw-p 00011000 08:01 4460530                    /usr/lib/x86_64-linux-gnu/libdrm.so.2.4.0
7fea5a82f000-7fea5a834000 r-xp 00000000 08:01 4464784                    /usr/lib/x86_64-linux-gnu/libXxf86vm.so.1.0.0
7fea5a834000-7fea5aa33000 ---p 00005000 08:01 4464784                    /usr/lib/x86_64-linux-gnu/libXxf86vm.so.1.0.0
7fea5aa33000-7fea5aa34000 r--p 00004000 08:01 4464784                    /usr/lib/x86_64-linux-gnu/libXxf86vm.so.1.0.0
7fea5aa34000-7fea5aa35000 rw-p 00005000 08:01 4464784                    /usr/lib/x86_64-linux-gnu/libXxf86vm.so.1.0.0
7fea5aa35000-7fea5aa56000 r-xp 00000000 08:01 4466084                    /usr/lib/x86_64-linux-gnu/libxcb.so.1.1.0
7fea5aa56000-7fea5ac55000 ---p 00021000 08:01 4466084                    /usr/lib/x86_64-linux-gnu/libxcb.so.1.1.0
7fea5ac55000-7fea5ac56000 r--p 00020000 08:01 4466084                    /usr/lib/x86_64-linux-gnu/libxcb.so.1.1.0
7fea5ac56000-7fea5ac57000 rw-p 00021000 08:01 4466084                    /usr/lib/x86_64-linux-gnu/libxcb.so.1.1.0
7fea5ac57000-7fea5ac5b000 r-xp 00000000 08:01 4466048                    /usr/lib/x86_64-linux-gnu/libxcb-dri2.so.0.0.0
7fea5ac5b000-7fea5ae5a000 ---p 00004000 08:01 4466048                    /usr/lib/x86_64-linux-gnu/libxcb-dri2.so.0.0.0
7fea5ae5a000-7fea5ae5b000 r--p 00003000 08:01 4466048                    /usr/lib/x86_64-linux-gnu/libxcb-dri2.so.0.0.0
7fea5ae5b000-7fea5ae5c000 rw-p 00004000 08:01 4466048                    /usr/lib/x86_64-linux-gnu/libxcb-dri2.so.0.0.0
7fea5ae5c000-7fea5ae73000 r-xp 00000000 08:01 4466052                    /usr/lib/x86_64-linux-gnu/libxcb-glx.so.0.0.0
7fea5ae73000-7fea5b072000 ---p 00017000 08:01 4466052                    /usr/lib/x86_64-linux-gnu/libxcb-glx.so.0.0.0
7fea5b072000-7fea5b074000 r--p 00016000 08:01 4466052                    /usr/lib/x86_64-linux-gnu/libxcb-glx.so.0.0.0
7fea5b074000-7fea5b075000 rw-p 00018000 08:01 4466052                    /usr/lib/x86_64-linux-gnu/libxcb-glx.so.0.0.0
7fea5b075000-7fea5b1aa000 r-xp 00000000 08:01 4464731                    /usr/lib/x86_64-linux-gnu/libX11.so.6.3.0
7fea5b1aa000-7fea5b3aa000 ---p 00135000 08:01 4464731                    /usr/lib/x86_64-linux-gnu/libX11.so.6.3.0
7fea5b3aa000-7fea5b3ab000 r--p 00135000 08:01 4464731                    /usr/lib/x86_64-linux-gnu/libX11.so.6.3.0
7fea5b3ab000-7fea5b3af000 rw-p 00136000 08:01 4464731                    /usr/lib/x86_64-linux-gnu/libX11.so.6.3.0
7fea5b3af000-7fea5b3b0000 r-xp 00000000 08:01 4464729                    /usr/lib/x86_64-linux-gnu/libX11-xcb.so.1.0.0
7fea5b3b0000-7fea5b5af000 ---p 00001000 08:01 4464729                    /usr/lib/x86_64-linux-gnu/libX11-xcb.so.1.0.0
7fea5b5af000-7fea5b5b0000 r--p 00000000 08:01 4464729                    /usr/lib/x86_64-linux-gnu/libX11-xcb.so.1.0.0
7fea5b5b0000-7fea5b5b1000 rw-p 00001000 08:01 4464729                    /usr/lib/x86_64-linux-gnu/libX11-xcb.so.1.0.0
7fea5b5b1000-7fea5b5b6000 r-xp 00000000 08:01 4464750                    /usr/lib/x86_64-linux-gnu/libXfixes.so.3.1.0
7fea5b5b6000-7fea5b7b5000 ---p 00005000 08:01 4464750                    /usr/lib/x86_64-linux-gnu/libXfixes.so.3.1.0
7fea5b7b5000-7fea5b7b6000 r--p 00004000 08:01 4464750                    /usr/lib/x86_64-linux-gnu/libXfixes.so.3.1.0
7fea5b7b6000-7fea5b7b7000 rw-p 00005000 08:01 4464750                    /usr/lib/x86_64-linux-gnu/libXfixes.so.3.1.0
7fea5b7b7000-7fea5b7b9000 r-xp 00000000 08:01 4464744                    /usr/lib/x86_64-linux-gnu/libXdamage.so.1.1.0
7fea5b7b9000-7fea5b9b8000 ---p 00002000 08:01 4464744                    /usr/lib/x86_64-linux-gnu/libXdamage.so.1.1.0
7fea5b9b8000-7fea5b9b9000 r--p 00001000 08:01 4464744                    /usr/lib/x86_64-linux-gnu/libXdamage.so.1.1.0
7fea5b9b9000-7fea5b9ba000 rw-p 00002000 08:01 4464744                    /usr/lib/x86_64-linux-gnu/libXdamage.so.1.1.0
7fea5b9ba000-7fea5b9cb000 r-xp 00000000 08:01 4464748                    /usr/lib/x86_64-linux-gnu/libXext.so.6.4.0
7fea5b9cb000-7fea5bbca000 ---p 00011000 08:01 4464748                    /usr/lib/x86_64-linux-gnu/libXext.so.6.4.0
7fea5bbca000-7fea5bbcb000 r--p 00010000 08:01 4464748                    /usr/lib/x86_64-linux-gnu/libXext.so.6.4.0
7fea5bbcb000-7fea5bbcc000 rw-p 00011000 08:01 4464748                    /usr/lib/x86_64-linux-gnu/libXext.so.6.4.0
7fea5bbcc000-7fea5bbf8000 r-xp 00000000 08:01 4464119                    /usr/lib/x86_64-linux-gnu/libglapi.so.0.0.0
7fea5bbf8000-7fea5bdf7000 ---p 0002c000 08:01 4464119                    /usr/lib/x86_64-linux-gnu/libglapi.so.0.0.0
7fea5bdf7000-7fea5bdfb000 r--p 0002b000 08:01 4464119                    /usr/lib/x86_64-linux-gnu/libglapi.so.0.0.0
7fea5bdfb000-7fea5bdfc000 rw-p 0002f000 08:01 4464119                    /usr/lib/x86_64-linux-gnu/libglapi.so.0.0.0
7fea5bdfc000-7fea5bdfd000 rw-p 00000000 00:00 0 
7fea5bdfd000-7fea5bdfe000 r-xp 00000000 08:01 4466096                    /usr/lib/x86_64-linux-gnu/libxshmfence.so.1.0.0
7fea5bdfe000-7fea5bffe000 ---p 00001000 08:01 4466096                    /usr/lib/x86_64-linux-gnu/libxshmfence.so.1.0.0
7fea5bffe000-7fea5bfff000 r--p 00001000 08:01 4466096                    /usr/lib/x86_64-linux-gnu/libxshmfence.so.1.0.0
7fea5bfff000-7fea5c000000 rw-p 00002000 08:01 4466096                    /usr/lib/x86_64-linux-gnu/libxshmfence.so.1.0.0
7fea5c000000-7fea5c021000 rw-p 00000000 00:00 0 
7fea5c021000-7fea60000000 ---p 00000000 00:00 0 
7fea60000000-7fea60021000 rw-p 00000000 00:00 0 
7fea60021000-7fea64000000 ---p 00000000 00:00 0 
7fea64000000-7fea64205000 rw-p 00000000 00:00 0 
7fea64205000-7fea68000000 ---p 00000000 00:00 0 
7fea68000000-7fea6821d000 rw-p 00000000 00:00 0 
7fea6821d000-7fea6c000000 ---p 00000000 00:00 0 
7fea6c000000-7fea6c2dd000 rw-p 00000000 00:00 0 
7fea6c2dd000-7fea70000000 ---p 00000000 00:00 0 
7fea700cf000-7fea700d4000 r-xp 00000000 08:01 4466072                    /usr/lib/x86_64-linux-gnu/libxcb-sync.so.1.0.0
7fea700d4000-7fea702d4000 ---p 00005000 08:01 4466072                    /usr/lib/x86_64-linux-gnu/libxcb-sync.so.1.0.0
7fea702d4000-7fea702d5000 r--p 00005000 08:01 4466072                    /usr/lib/x86_64-linux-gnu/libxcb-sync.so.1.0.0
7fea702d5000-7fea702d6000 rw-p 00006000 08:01 4466072                    /usr/lib/x86_64-linux-gnu/libxcb-sync.so.1.0.0
7fea702d6000-7fea702d8000 r-xp 00000000 08:01 4466060                    /usr/lib/x86_64-linux-gnu/libxcb-present.so.0.0.0
7fea702d8000-7fea704d7000 ---p 00002000 08:01 4466060                    /usr/lib/x86_64-linux-gnu/libxcb-present.so.0.0.0
7fea704d7000-7fea704d8000 r--p 00001000 08:01 4466060                    /usr/lib/x86_64-linux-gnu/libxcb-present.so.0.0.0
7fea704d8000-7fea704d9000 rw-p 00002000 08:01 4466060                    /usr/lib/x86_64-linux-gnu/libxcb-present.so.0.0.0
7fea704d9000-7fea704db000 r-xp 00000000 08:01 4466050                    /usr/lib/x86_64-linux-gnu/libxcb-dri3.so.0.0.0
7fea704db000-7fea706da000 ---p 00002000 08:01 4466050                    /usr/lib/x86_64-linux-gnu/libxcb-dri3.so.0.0.0
7fea706da000-7fea706db000 r--p 00001000 08:01 4466050                    /usr/lib/x86_64-linux-gnu/libxcb-dri3.so.0.0.0
7fea706db000-7fea706dc000 rw-p 00002000 08:01 4466050                    /usr/lib/x86_64-linux-gnu/libxcb-dri3.so.0.0.0
7fea706dc000-7fea70702000 r-xp 00000000 08:01 20840649                   /lib/x86_64-linux-gnu/libexpat.so.1.6.0
7fea70702000-7fea70902000 ---p 00026000 08:01 20840649                   /lib/x86_64-linux-gnu/libexpat.so.1.6.0
7fea70902000-7fea70904000 r--p 00026000 08:01 20840649                   /lib/x86_64-linux-gnu/libexpat.so.1.6.0
7fea70904000-7fea70905000 rw-p 00028000 08:01 20840649                   /lib/x86_64-linux-gnu/libexpat.so.1.6.0
7fea70905000-7fea7091e000 r-xp 00000000 08:01 20844854                   /lib/x86_64-linux-gnu/libz.so.1.2.8
7fea7091e000-7fea70b1d000 ---p 00019000 08:01 20844854                   /lib/x86_64-linux-gnu/libz.so.1.2.8
7fea70b1d000-7fea70b1e000 r--p 00018000 08:01 20844854                   /lib/x86_64-linux-gnu/libz.so.1.2.8
7fea70b1e000-7fea70b1f000 rw-p 00019000 08:01 20844854                   /lib/x86_64-linux-gnu/libz.so.1.2.8
7fea70b1f000-7fea70b8f000 r-xp 00000000 08:01 4718962                    /usr/lib/x86_64-linux-gnu/mesa/libGL.so.1.2.0
7fea70b8f000-7fea70d8e000 ---p 00070000 08:01 4718962                    /usr/lib/x86_64-linux-gnu/mesa/libGL.so.1.2.0
7fea70d8e000-7fea70d91000 r--p 0006f000 08:01 4718962                    /usr/lib/x86_64-linux-gnu/mesa/libGL.so.1.2.0
7fea70d91000-7fea70d92000 rw-p 00072000 08:01 4718962                    /usr/lib/x86_64-linux-gnu/mesa/libGL.so.1.2.0
7fea70d92000-7fea70d93000 rw-p 00000000 00:00 0 
7fea70d93000-7fea70dfe000 r-xp 00000000 08:01 25701753                   /tmp/lwjglmichael1337/3.1.6-build-14/liblwjgl_opengl.so
7fea70dfe000-7fea70ffd000 ---p 0006b000 08:01 25701753                   /tmp/lwjglmichael1337/3.1.6-build-14/liblwjgl_opengl.so
7fea70ffd000-7fea70ffe000 r--p 0006a000 08:01 25701753                   /tmp/lwjglmichael1337/3.1.6-build-14/liblwjgl_opengl.so
7fea70ffe000-7fea70fff000 rw-p 0006b000 08:01 25701753                   /tmp/lwjglmichael1337/3.1.6-build-14/liblwjgl_opengl.so
7fea70fff000-7fea74000000 rw-p 00000000 00:00 0 
7fea74000000-7fea74021000 rw-p 00000000 00:00 0 
7fea74021000-7fea78000000 ---p 00000000 00:00 0 
7fea78000000-7fea78021000 rw-p 00000000 00:00 0 
7fea78021000-7fea7c000000 ---p 00000000 00:00 0 
7fea7c000000-7fea7c021000 rw-p 00000000 00:00 0 
7fea7c021000-7fea80000000 ---p 00000000 00:00 0 
7fea80000000-7fea80021000 rw-p 00000000 00:00 0 
7fea80021000-7fea84000000 ---p 00000000 00:00 0 
7fea84000000-7fea84021000 rw-p 00000000 00:00 0 
7fea84021000-7fea88000000 ---p 00000000 00:00 0 
7fea88061000-7fea880b5000 r-xp 00000000 08:01 25701720                   /tmp/lwjglmichael1337/3.1.6-build-14/liblwjgl.so
7fea880b5000-7fea882b5000 ---p 00054000 08:01 25701720                   /tmp/lwjglmichael1337/3.1.6-build-14/liblwjgl.so
7fea882b5000-7fea882b6000 r--p 00054000 08:01 25701720                   /tmp/lwjglmichael1337/3.1.6-build-14/liblwjgl.so
7fea882b6000-7fea882b7000 rw-p 00055000 08:01 25701720                   /tmp/lwjglmichael1337/3.1.6-build-14/liblwjgl.so
7fea882b7000-7fea882c8000 r-xp 00000000 08:01 24119418                   /home/michael1337/Programs/jdk/jdk1.8.0_121/jre/lib/amd64/libnio.so
7fea882c8000-7fea884c7000 ---p 00011000 08:01 24119418                   /home/michael1337/Programs/jdk/jdk1.8.0_121/jre/lib/amd64/libnio.so
7fea884c7000-7fea884c8000 rw-p 00010000 08:01 24119418                   /home/michael1337/Programs/jdk/jdk1.8.0_121/jre/lib/amd64/libnio.so
7fea884c8000-7fea884db000 r--s 00345000 08:01 24119617                   /home/michael1337/Programs/jdk/jdk1.8.0_121/jre/lib/resources.jar
7fea884db000-7fea884df000 r--s 00031000 08:01 27009233                   /home/michael1337/Documents/Neolithic/game/lib/commons-io-2.6/commons-io-2.6.jar
7fea884df000-7fea884e6000 r--s 00058000 08:01 27009231                   /home/michael1337/Documents/Neolithic/game/lib/commons-io-2.6/commons-io-2.6-tests.jar
7fea884e6000-7fea884eb000 r--s 00045000 08:01 26222668                   /home/michael1337/Documents/Neolithic/game/lib/lwjgl/lwjgl.jar
7fea884eb000-7fea884fe000 r--s 0014d000 08:01 26222592                   /home/michael1337/Documents/Neolithic/game/lib/lwjgl/lwjgl-vulkan.jar
7fea884fe000-7fea884ff000 ---p 00000000 00:00 0 
7fea884ff000-7fea885ff000 rw-p 00000000 00:00 0 
7fea885ff000-7fea88602000 ---p 00000000 00:00 0 
7fea88602000-7fea90000000 rw-p 00000000 00:00 0 
7fea90000000-7fea90021000 rw-p 00000000 00:00 0 
7fea90021000-7fea94000000 ---p 00000000 00:00 0 
7fea94000000-7fea94021000 rw-p 00000000 00:00 0 
7fea94021000-7fea98000000 ---p 00000000 00:00 0 
7fea98000000-7fea98021000 rw-p 00000000 00:00 0 
7fea98021000-7fea9c000000 ---p 00000000 00:00 0 
7fea9c000000-7fea9c021000 rw-p 00000000 00:00 0 
7fea9c021000-7feaa0000000 ---p 00000000 00:00 0 
7feaa0001000-7feaa0002000 r--s 00002000 08:01 25701703                   /home/michael1337/Documents/Neolithic/game/lib/PNGDecoder.jar
7feaa0002000-7feaa0004000 r--s 00018000 08:01 26221583                   /home/michael1337/Documents/Neolithic/game/lib/lwjgl/lwjgl-stb.jar
7feaa0004000-7feaa0005000 r--s 0006f000 08:01 26221581                   /home/michael1337/Documents/Neolithic/game/lib/lwjgl/lwjgl-stb-natives-windows.jar
7feaa0005000-7feaa0006000 r--s 0002a000 08:01 26221580                   /home/michael1337/Documents/Neolithic/game/lib/lwjgl/lwjgl-stb-natives-macos.jar
7feaa0006000-7feaa0007000 r--s 00031000 08:01 26221579                   /home/michael1337/Documents/Neolithic/game/lib/lwjgl/lwjgl-stb-natives-linux.jar
7feaa0007000-7feaa0008000 r--s 00002000 08:01 26221577                   /home/michael1337/Documents/Neolithic/game/lib/lwjgl/lwjgl-par.jar
7feaa0008000-7feaa0009000 r--s 00031000 08:01 26221574                   /home/michael1337/Documents/Neolithic/game/lib/lwjgl/lwjgl-par-natives-windows.jar
7feaa0009000-7feaa000a000 r--s 00004000 08:01 26222670                   /home/michael1337/Documents/Neolithic/game/lib/lwjgl/lwjgl-par-natives-macos.jar
7feaa000a000-7feaa000b000 r--s 00005000 08:01 26221573                   /home/michael1337/Documents/Neolithic/game/lib/lwjgl/lwjgl-par-natives-linux.jar
7feaa000b000-7feaa0015000 r--s 000bf000 08:01 26221572                   /home/michael1337/Documents/Neolithic/game/lib/lwjgl/lwjgl-opengl.jar
7feaa0015000-7feaa0016000 r--s 0002a000 08:01 26221570                   /home/michael1337/Documents/Neolithic/game/lib/lwjgl/lwjgl-opengl-natives-windows.jar
7feaa0016000-7feaa0017000 r--s 0000b000 08:01 26221569                   /home/michael1337/Documents/Neolithic/game/lib/lwjgl/lwjgl-opengl-natives-macos.jar
7feaa0017000-7feaa0018000 r--s 00016000 08:01 26221568                   /home/michael1337/Documents/Neolithic/game/lib/lwjgl/lwjgl-opengl-natives-linux.jar
7feaa0018000-7feaa001b000 r--s 00011000 08:01 26221566                   /home/michael1337/Documents/Neolithic/game/lib/lwjgl/lwjgl-openal.jar
7feaa001b000-7feaa001c000 r--s 00105000 08:01 26221562                   /home/michael1337/Documents/Neolithic/game/lib/lwjgl/lwjgl-openal-natives-windows.jar
7feaa001c000-7feaa001d000 r--s 00064000 08:01 26221560                   /home/michael1337/Documents/Neolithic/game/lib/lwjgl/lwjgl-openal-natives-macos.jar
7feaa001d000-7feaa001e000 r--s 00077000 08:01 26221559                   /home/michael1337/Documents/Neolithic/game/lib/lwjgl/lwjgl-openal-natives-linux.jar
7feaa001e000-7feaa0023000 r--s 0005f000 08:01 26221557                   /home/michael1337/Documents/Neolithic/game/lib/lwjgl/lwjgl-nuklear.jar
7feaa0023000-7feaa0024000 r--s 00041000 08:01 26221556                   /home/michael1337/Documents/Neolithic/game/lib/lwjgl/lwjgl-nuklear-natives-windows.jar
7feaa0024000-7feaa0025000 r--s 0002e000 08:01 26221561                   /home/michael1337/Documents/Neolithic/game/lib/lwjgl/lwjgl-nuklear-natives-macos.jar
7feaa0025000-7feaa0026000 r--s 00022000 08:01 26221554                   /home/michael1337/Documents/Neolithic/game/lib/lwjgl/lwjgl-nuklear-natives-linux.jar
7feaa0026000-7feaa0027000 r--s 00039000 08:01 26222669                   /home/michael1337/Documents/Neolithic/game/lib/lwjgl/lwjgl-natives-windows.jar
7feaa0027000-7feaa0029000 r--s 00008000 08:01 26222596                   /home/michael1337/Documents/Neolithic/game/lib/lwjgl/lwjgl-natives-macos.jar
7feaa0029000-7feaa002a000 r--s 00013000 08:01 26222595                   /home/michael1337/Documents/Neolithic/game/lib/lwjgl/lwjgl-natives-linux.jar
7feaa002a000-7feaa002c000 r--s 0000e000 08:01 26221549                   /home/michael1337/Documents/Neolithic/game/lib/lwjgl/lwjgl-nanovg.jar
7feaa002c000-7feaa002d000 r--s 00068000 08:01 26221547                   /home/michael1337/Documents/Neolithic/game/lib/lwjgl/lwjgl-nanovg-natives-windows.jar
7feaa002d000-7feaa002f000 r--s 00026000 08:01 26221553                   /home/michael1337/Documents/Neolithic/game/lib/lwjgl/lwjgl-nanovg-natives-macos.jar
7feaa002f000-7feaa0030000 r--s 00029000 08:01 26221546                   /home/michael1337/Documents/Neolithic/game/lib/lwjgl/lwjgl-nanovg-natives-linux.jar
7feaa0030000-7feaa0033000 r--s 00019000 08:01 26221542                   /home/michael1337/Documents/Neolithic/game/lib/lwjgl/lwjgl-glfw.jar
7feaa0033000-7feaa0034000 r--s 0003d000 08:01 26221544                   /home/michael1337/Documents/Neolithic/game/lib/lwjgl/lwjgl-glfw-natives-windows.jar
7feaa0034000-7feaa0035000 r--s 0000e000 08:01 26221540                   /home/michael1337/Documents/Neolithic/game/lib/lwjgl/lwjgl-glfw-natives-macos.jar
7feaa0035000-7feaa0037000 r--s 00022000 08:01 26221539                   /home/michael1337/Documents/Neolithic/game/lib/lwjgl/lwjgl-glfw-natives-linux.jar
7feaa0037000-7feaa003b000 r--s 00027000 08:01 26221534                   /home/michael1337/Documents/Neolithic/game/lib/lwjgl/lwjgl-bgfx.jar
7feaa003b000-7feaa003f000 r--s 0002e000 08:01 26221528                   /home/michael1337/Documents/Neolithic/game/lib/lwjgl/lwjgl-assimp.jar
7feaa003f000-7feaa0051000 r--s 000d6000 08:01 24119616                   /home/michael1337/Programs/jdk/jdk1.8.0_121/jre/lib/plugin.jar
7feaa0051000-7feaa0054000 ---p 00000000 00:00 0 
7feaa0054000-7feaa0152000 rw-p 00000000 00:00 0 
7feaa0152000-7feaa0155000 ---p 00000000 00:00 0 
7feaa0155000-7feaa0253000 rw-p 00000000 00:00 0 
7feaa0253000-7feaa0269000 r-xp 00000000 08:01 24119393                   /home/michael1337/Programs/jdk/jdk1.8.0_121/jre/lib/amd64/libnet.so
7feaa0269000-7feaa0469000 ---p 00016000 08:01 24119393                   /home/michael1337/Programs/jdk/jdk1.8.0_121/jre/lib/amd64/libnet.so
7feaa0469000-7feaa046a000 rw-p 00016000 08:01 24119393                   /home/michael1337/Programs/jdk/jdk1.8.0_121/jre/lib/amd64/libnet.so
7feaa046a000-7feaa046d000 ---p 00000000 00:00 0 
7feaa046d000-7feaa056b000 rw-p 00000000 00:00 0 
7feaa056b000-7feaa056e000 ---p 00000000 00:00 0 
7feaa056e000-7feaa066c000 rw-p 00000000 00:00 0 
7feaa066c000-7feaa066f000 ---p 00000000 00:00 0 
7feaa066f000-7feaa076d000 rw-p 00000000 00:00 0 
7feaa076d000-7feaa0a46000 r--p 00000000 08:01 4457405                    /usr/lib/locale/locale-archive
7feaa0a46000-7feaa0a49000 ---p 00000000 00:00 0 
7feaa0a49000-7feaa0b47000 rw-p 00000000 00:00 0 
7feaa0b47000-7feaa0b4a000 ---p 00000000 00:00 0 
7feaa0b4a000-7feaa0c48000 rw-p 00000000 00:00 0 
7feaa0c48000-7feaa0c49000 ---p 00000000 00:00 0 
7feaa0c49000-7feaa1ca7000 rw-p 00000000 00:00 0 
7feaa1ca7000-7feaa1e80000 r--s 03d3e000 08:01 24119385                   /home/michael1337/Programs/jdk/jdk1.8.0_121/jre/lib/rt.jar
7feaa1e80000-7feaa25c0000 rw-p 00000000 00:00 0 
7feaa25c0000-7feaa2680000 ---p 00000000 00:00 0 
7feaa2680000-7feaa2e10000 rw-p 00000000 00:00 0 
7feaa2e10000-7feaa2e11000 ---p 00000000 00:00 0 
7feaa2e11000-7feaa2f11000 rw-p 00000000 00:00 0 
7feaa2f11000-7feaa2f12000 ---p 00000000 00:00 0 
7feaa2f12000-7feaa3012000 rw-p 00000000 00:00 0 
7feaa3012000-7feaa3013000 ---p 00000000 00:00 0 
7feaa3013000-7feaa3164000 rw-p 00000000 00:00 0 
7feaa3164000-7feaa361e000 ---p 00000000 00:00 0 
7feaa361e000-7feaa366f000 rw-p 00000000 00:00 0 
7feaa366f000-7feaa3b28000 ---p 00000000 00:00 0 
7feaa3b28000-7feaa3b51000 rw-p 00000000 00:00 0 
7feaa3b51000-7feaa3dae000 ---p 00000000 00:00 0 
7feaa3dae000-7feaa3dbb000 rw-p 00000000 00:00 0 
7feaa3dbb000-7feaa416f000 ---p 00000000 00:00 0 
7feaa416f000-7feaa443f000 rwxp 00000000 00:00 0 
7feaa443f000-7feab316f000 ---p 00000000 00:00 0 
7feab316f000-7feab3189000 r-xp 00000000 08:01 24119416                   /home/michael1337/Programs/jdk/jdk1.8.0_121/jre/lib/amd64/libzip.so
7feab3189000-7feab3389000 ---p 0001a000 08:01 24119416                   /home/michael1337/Programs/jdk/jdk1.8.0_121/jre/lib/amd64/libzip.so
7feab3389000-7feab338a000 rw-p 0001a000 08:01 24119416                   /home/michael1337/Programs/jdk/jdk1.8.0_121/jre/lib/amd64/libzip.so
7feab338a000-7feab3395000 r-xp 00000000 08:01 20845377                   /lib/x86_64-linux-gnu/libnss_files-2.23.so
7feab3395000-7feab3594000 ---p 0000b000 08:01 20845377                   /lib/x86_64-linux-gnu/libnss_files-2.23.so
7feab3594000-7feab3595000 r--p 0000a000 08:01 20845377                   /lib/x86_64-linux-gnu/libnss_files-2.23.so
7feab3595000-7feab3596000 rw-p 0000b000 08:01 20845377                   /lib/x86_64-linux-gnu/libnss_files-2.23.so
7feab3596000-7feab359c000 rw-p 00000000 00:00 0 
7feab359c000-7feab35a7000 r-xp 00000000 08:01 20845381                   /lib/x86_64-linux-gnu/libnss_nis-2.23.so
7feab35a7000-7feab37a6000 ---p 0000b000 08:01 20845381                   /lib/x86_64-linux-gnu/libnss_nis-2.23.so
7feab37a6000-7feab37a7000 r--p 0000a000 08:01 20845381                   /lib/x86_64-linux-gnu/libnss_nis-2.23.so
7feab37a7000-7feab37a8000 rw-p 0000b000 08:01 20845381                   /lib/x86_64-linux-gnu/libnss_nis-2.23.so
7feab37a8000-7feab37be000 r-xp 00000000 08:01 20845361                   /lib/x86_64-linux-gnu/libnsl-2.23.so
7feab37be000-7feab39bd000 ---p 00016000 08:01 20845361                   /lib/x86_64-linux-gnu/libnsl-2.23.so
7feab39bd000-7feab39be000 r--p 00015000 08:01 20845361                   /lib/x86_64-linux-gnu/libnsl-2.23.so
7feab39be000-7feab39bf000 rw-p 00016000 08:01 20845361                   /lib/x86_64-linux-gnu/libnsl-2.23.so
7feab39bf000-7feab39c1000 rw-p 00000000 00:00 0 
7feab39c1000-7feab39c9000 r-xp 00000000 08:01 20845372                   /lib/x86_64-linux-gnu/libnss_compat-2.23.so
7feab39c9000-7feab3bc8000 ---p 00008000 08:01 20845372                   /lib/x86_64-linux-gnu/libnss_compat-2.23.so
7feab3bc8000-7feab3bc9000 r--p 00007000 08:01 20845372                   /lib/x86_64-linux-gnu/libnss_compat-2.23.so
7feab3bc9000-7feab3bca000 rw-p 00008000 08:01 20845372                   /lib/x86_64-linux-gnu/libnss_compat-2.23.so
7feab3bca000-7feab3bd4000 r-xp 00000000 08:01 24119454                   /home/michael1337/Programs/jdk/jdk1.8.0_121/jre/lib/amd64/libinstrument.so
7feab3bd4000-7feab3dd3000 ---p 0000a000 08:01 24119454                   /home/michael1337/Programs/jdk/jdk1.8.0_121/jre/lib/amd64/libinstrument.so
7feab3dd3000-7feab3dd4000 rw-p 00009000 08:01 24119454                   /home/michael1337/Programs/jdk/jdk1.8.0_121/jre/lib/amd64/libinstrument.so
7feab3dd4000-7feab3dff000 r-xp 00000000 08:01 24119443                   /home/michael1337/Programs/jdk/jdk1.8.0_121/jre/lib/amd64/libjava.so
7feab3dff000-7feab3ffe000 ---p 0002b000 08:01 24119443                   /home/michael1337/Programs/jdk/jdk1.8.0_121/jre/lib/amd64/libjava.so
7feab3ffe000-7feab4000000 rw-p 0002a000 08:01 24119443                   /home/michael1337/Programs/jdk/jdk1.8.0_121/jre/lib/amd64/libjava.so
7feab4000000-7feab48b0000 rw-p 00000000 00:00 0 
7feab48b0000-7feab8000000 ---p 00000000 00:00 0 
7feab8000000-7feab8001000 r--s 0009f000 08:01 26221533                   /home/michael1337/Documents/Neolithic/game/lib/lwjgl/lwjgl-bgfx-natives-windows.jar
7feab8001000-7feab8002000 r--s 00041000 08:01 26221541                   /home/michael1337/Documents/Neolithic/game/lib/lwjgl/lwjgl-bgfx-natives-macos.jar
7feab8002000-7feab8003000 r--s 00051000 08:01 26221532                   /home/michael1337/Documents/Neolithic/game/lib/lwjgl/lwjgl-bgfx-natives-linux.jar
7feab8003000-7feab8079000 rw-p 00000000 00:00 0 
7feab8079000-7feab807a000 ---p 00000000 00:00 0 
7feab807a000-7feab817a000 rw-p 00000000 00:00 0 
7feab817a000-7feab8187000 r-xp 00000000 08:01 24119394                   /home/michael1337/Programs/jdk/jdk1.8.0_121/jre/lib/amd64/libverify.so
7feab8187000-7feab8386000 ---p 0000d000 08:01 24119394                   /home/michael1337/Programs/jdk/jdk1.8.0_121/jre/lib/amd64/libverify.so
7feab8386000-7feab8388000 rw-p 0000c000 08:01 24119394                   /home/michael1337/Programs/jdk/jdk1.8.0_121/jre/lib/amd64/libverify.so
7feab8388000-7feab838f000 r-xp 00000000 08:01 20845382                   /lib/x86_64-linux-gnu/librt-2.23.so
7feab838f000-7feab858e000 ---p 00007000 08:01 20845382                   /lib/x86_64-linux-gnu/librt-2.23.so
7feab858e000-7feab858f000 r--p 00006000 08:01 20845382                   /lib/x86_64-linux-gnu/librt-2.23.so
7feab858f000-7feab8590000 rw-p 00007000 08:01 20845382                   /lib/x86_64-linux-gnu/librt-2.23.so
7feab8590000-7feab8698000 r-xp 00000000 08:01 20845355                   /lib/x86_64-linux-gnu/libm-2.23.so
7feab8698000-7feab8897000 ---p 00108000 08:01 20845355                   /lib/x86_64-linux-gnu/libm-2.23.so
7feab8897000-7feab8898000 r--p 00107000 08:01 20845355                   /lib/x86_64-linux-gnu/libm-2.23.so
7feab8898000-7feab8899000 rw-p 00108000 08:01 20845355                   /lib/x86_64-linux-gnu/libm-2.23.so
7feab8899000-7feab9567000 r-xp 00000000 08:01 24119447                   /home/michael1337/Programs/jdk/jdk1.8.0_121/jre/lib/amd64/server/libjvm.so
7feab9567000-7feab9767000 ---p 00cce000 08:01 24119447                   /home/michael1337/Programs/jdk/jdk1.8.0_121/jre/lib/amd64/server/libjvm.so
7feab9767000-7feab9840000 rw-p 00cce000 08:01 24119447                   /home/michael1337/Programs/jdk/jdk1.8.0_121/jre/lib/amd64/server/libjvm.so
7feab9840000-7feab988b000 rw-p 00000000 00:00 0 
7feab988b000-7feab9a4b000 r-xp 00000000 08:01 20845364                   /lib/x86_64-linux-gnu/libc-2.23.so
7feab9a4b000-7feab9c4b000 ---p 001c0000 08:01 20845364                   /lib/x86_64-linux-gnu/libc-2.23.so
7feab9c4b000-7feab9c4f000 r--p 001c0000 08:01 20845364                   /lib/x86_64-linux-gnu/libc-2.23.so
7feab9c4f000-7feab9c51000 rw-p 001c4000 08:01 20845364                   /lib/x86_64-linux-gnu/libc-2.23.so
7feab9c51000-7feab9c55000 rw-p 00000000 00:00 0 
7feab9c55000-7feab9c58000 r-xp 00000000 08:01 20845366                   /lib/x86_64-linux-gnu/libdl-2.23.so
7feab9c58000-7feab9e57000 ---p 00003000 08:01 20845366                   /lib/x86_64-linux-gnu/libdl-2.23.so
7feab9e57000-7feab9e58000 r--p 00002000 08:01 20845366                   /lib/x86_64-linux-gnu/libdl-2.23.so
7feab9e58000-7feab9e59000 rw-p 00003000 08:01 20845366                   /lib/x86_64-linux-gnu/libdl-2.23.so
7feab9e59000-7feab9e6e000 r-xp 00000000 08:01 24118528                   /home/michael1337/Programs/jdk/jdk1.8.0_121/lib/amd64/jli/libjli.so
7feab9e6e000-7feaba06e000 ---p 00015000 08:01 24118528                   /home/michael1337/Programs/jdk/jdk1.8.0_121/lib/amd64/jli/libjli.so
7feaba06e000-7feaba06f000 rw-p 00015000 08:01 24118528                   /home/michael1337/Programs/jdk/jdk1.8.0_121/lib/amd64/jli/libjli.so
7feaba06f000-7feaba087000 r-xp 00000000 08:01 20845363                   /lib/x86_64-linux-gnu/libpthread-2.23.so
7feaba087000-7feaba286000 ---p 00018000 08:01 20845363                   /lib/x86_64-linux-gnu/libpthread-2.23.so
7feaba286000-7feaba287000 r--p 00017000 08:01 20845363                   /lib/x86_64-linux-gnu/libpthread-2.23.so
7feaba287000-7feaba288000 rw-p 00018000 08:01 20845363                   /lib/x86_64-linux-gnu/libpthread-2.23.so
7feaba288000-7feaba28c000 rw-p 00000000 00:00 0 
7feaba28c000-7feaba2b2000 r-xp 00000000 08:01 20845362                   /lib/x86_64-linux-gnu/ld-2.23.so
7feaba2b2000-7feaba2b3000 r--s 003ca000 08:01 26221526                   /home/michael1337/Documents/Neolithic/game/lib/lwjgl/lwjgl-assimp-natives-windows.jar
7feaba2b3000-7feaba2b4000 r--s 00230000 08:01 26221537                   /home/michael1337/Documents/Neolithic/game/lib/lwjgl/lwjgl-assimp-natives-macos.jar
7feaba2b4000-7feaba2b5000 r--s 002ed000 08:01 26221523                   /home/michael1337/Documents/Neolithic/game/lib/lwjgl/lwjgl-assimp-natives-linux.jar
7feaba2b5000-7feaba2b7000 r--s 0000e000 08:01 26092762                   /home/michael1337/Documents/Neolithic/game/lib/junit-platform-commons-1.0.0.jar
7feaba2b7000-7feaba2b8000 r--s 00001000 08:01 26092761                   /home/michael1337/Documents/Neolithic/game/lib/opentest4j-1.0.0.jar
7feaba2b8000-7feaba2b9000 r--s 00000000 08:01 26092760                   /home/michael1337/Documents/Neolithic/game/lib/apiguardian-api-1.0.0.jar
7feaba2b9000-7feaba2bc000 r--s 00010000 08:01 26092759                   /home/michael1337/Documents/Neolithic/game/lib/junit-jupiter-api-5.0.0.jar
7feaba2bc000-7feaba2bd000 r--s 00000000 08:01 24119464                   /home/michael1337/Programs/jdk/jdk1.8.0_121/jre/lib/management-agent.jar
7feaba2bd000-7feaba2bf000 r--s 00007000 08:01 24119458                   /home/michael1337/Programs/jdk/jdk1.8.0_121/jre/lib/jfxswt.jar
7feaba2bf000-7feaba2da000 r--s 00209000 08:01 24119501                   /home/michael1337/Programs/jdk/jdk1.8.0_121/jre/lib/deploy.jar
7feaba2da000-7feaba381000 rw-p 00000000 00:00 0 
7feaba381000-7feaba384000 ---p 00000000 00:00 0 
7feaba384000-7feaba487000 rw-p 00000000 00:00 0 
7feaba487000-7feaba491000 r--s 0006c000 08:01 24119500                   /home/michael1337/Programs/jdk/jdk1.8.0_121/jre/lib/javaws.jar
7feaba491000-7feaba494000 r--s 00010000 08:01 26877196                   /home/michael1337/.m2/repository/org/junit/jupiter/junit-jupiter-api/5.0.0/junit-jupiter-api-5.0.0.jar
7feaba494000-7feaba497000 r--s 0001a000 08:01 27401819                   /home/michael1337/.m2/repository/org/junit/jupiter/junit-jupiter-engine/5.0.0/junit-jupiter-engine-5.0.0.jar
7feaba497000-7feaba498000 r--s 00001000 08:01 27401792                   /home/michael1337/.m2/repository/org/opentest4j/opentest4j/1.0.0/opentest4j-1.0.0.jar
7feaba498000-7feaba49a000 r--s 0000e000 08:01 27401794                   /home/michael1337/.m2/repository/org/junit/platform/junit-platform-commons/1.0.0/junit-platform-commons-1.0.0.jar
7feaba49a000-7feaba49d000 r--s 00013000 08:01 27401812                   /home/michael1337/.m2/repository/org/junit/platform/junit-platform-engine/1.0.0/junit-platform-engine-1.0.0.jar
7feaba49d000-7feaba49e000 r--s 00000000 08:01 27401790                   /home/michael1337/.m2/repository/org/apiguardian/apiguardian-api/1.0.0/apiguardian-api-1.0.0.jar
7feaba49e000-7feaba4a0000 r--s 0000c000 08:01 27401810                   /home/michael1337/.m2/repository/org/junit/platform/junit-platform-launcher/1.0.0/junit-platform-launcher-1.0.0.jar
7feaba4a0000-7feaba4a2000 r--s 00008000 08:01 27267600                   /home/michael1337/Programs/intellij/idea-IU-181.5281.24/plugins/junit/lib/junit5-rt.jar
7feaba4a2000-7feaba4a5000 r--s 0001f000 08:01 27267599                   /home/michael1337/Programs/intellij/idea-IU-181.5281.24/plugins/junit/lib/junit-rt.jar
7feaba4a5000-7feaba4a7000 r--s 0001a000 08:01 24788587                   /home/michael1337/Programs/intellij/idea-IU-181.5281.24/lib/idea_rt.jar
7feaba4a7000-7feaba4af000 rw-s 00000000 08:01 25568108                   /tmp/hsperfdata_michael1337/14603
7feaba4af000-7feaba4b0000 rw-p 00000000 00:00 0 
7feaba4b0000-7feaba4b1000 r--p 00000000 00:00 0 
7feaba4b1000-7feaba4b2000 r--p 00025000 08:01 20845362                   /lib/x86_64-linux-gnu/ld-2.23.so
7feaba4b2000-7feaba4b3000 rw-p 00026000 08:01 20845362                   /lib/x86_64-linux-gnu/ld-2.23.so
7feaba4b3000-7feaba4b4000 rw-p 00000000 00:00 0 
7fff43c04000-7fff43c27000 rw-p 00000000 00:00 0                          [stack]
7fff43c79000-7fff43c7c000 r--p 00000000 00:00 0                          [vvar]
7fff43c7c000-7fff43c7e000 r-xp 00000000 00:00 0                          [vdso]
ffffffffff600000-ffffffffff601000 r-xp 00000000 00:00 0                  [vsyscall]

VM Arguments:
jvm_args: -ea -Didea.test.cyclic.buffer.size=1048576 -javaagent:/home/michael1337/Programs/intellij/idea-IU-181.5281.24/lib/idea_rt.jar=40922:/home/michael1337/Programs/intellij/idea-IU-181.5281.24/bin -Dfile.encoding=UTF-8 
java_command: com.intellij.rt.execution.junit.JUnitStarter -ideVersion5 -junit5 logic.NeighbourTest,testFaceNeighbours
java_class_path (initial): /home/michael1337/Programs/intellij/idea-IU-181.5281.24/lib/idea_rt.jar:/home/michael1337/Programs/intellij/idea-IU-181.5281.24/plugins/junit/lib/junit-rt.jar:/home/michael1337/Programs/intellij/idea-IU-181.5281.24/plugins/junit/lib/junit5-rt.jar:/home/michael1337/.m2/repository/org/junit/platform/junit-platform-launcher/1.0.0/junit-platform-launcher-1.0.0.jar:/home/michael1337/.m2/repository/org/apiguardian/apiguardian-api/1.0.0/apiguardian-api-1.0.0.jar:/home/michael1337/.m2/repository/org/junit/platform/junit-platform-engine/1.0.0/junit-platform-engine-1.0.0.jar:/home/michael1337/.m2/repository/org/junit/platform/junit-platform-commons/1.0.0/junit-platform-commons-1.0.0.jar:/home/michael1337/.m2/repository/org/opentest4j/opentest4j/1.0.0/opentest4j-1.0.0.jar:/home/michael1337/.m2/repository/org/junit/jupiter/junit-jupiter-engine/5.0.0/junit-jupiter-engine-5.0.0.jar:/home/michael1337/.m2/repository/org/junit/jupiter/junit-jupiter-api/5.0.0/junit-jupiter-api-5.0.0.jar:/home/michael1337/Programs/jdk/jdk1.8.0_121/jre/lib/charsets.jar:/home/michael1337/Programs/jdk/jdk1.8.0_121/jre/lib/deploy.jar:/home/michael1337/Programs/jdk/jdk1.8.0_121/jre/lib/ext/cldrdata.jar:/home/michael1337/Programs/jdk/jdk1.8.0_121/jre/lib/ext/dnsns.jar:/home/michael1337/Programs/jdk/jdk1.8.0_121/jre/lib/ext/jaccess.jar:/home/michael1337/Programs/jdk/jdk1.8.0_121/jre/lib/ext/jfxrt.jar:/home/michael1337/Programs/jdk/jdk1.8.0_121/jre/lib/ext/localedata.jar:/home/michael1337/Programs/jdk/jdk1.8.0_121/jre/lib/ext/nashorn.jar:/home/michael1337/Programs/jdk/jdk1.8.0_121/jre/lib/ext/sunec.jar:/home/michael1337/Programs/jdk/jdk1.8.0_121/jre/lib/ext/sunjce_provider.jar:/home/michael1337/Programs/jdk/jdk1.8.0_121/jre/lib/ext/sunpkcs11.jar:/home/michael1337/Programs/jdk/jdk1.8.0_121/jre/lib/ext/zipfs.jar:/home/michael1337/Programs/jdk/jdk1.8.0_121/jre/lib/javaws.jar:/home/michael1337/Programs/jdk/jdk1.8.0_121/jre/lib/jce.jar:/home/michael1337/Programs/jdk/jdk1.8.0_121/jre/li
Launcher Type: SUN_STANDARD

Environment Variables:
JAVA_HOME=/home/michael1337/Programs/jdk/jdk1.8.0_121
PATH=/home/michael1337/Programs/Spin/Spin/Src6.4.8:/home/michael1337/anaconda3/bin:/home/michael1337/bin:/home/michael1337/.local/bin:/usr/local/sbin:/usr/local/bin:/usr/sbin:/usr/bin:/sbin:/bin:/usr/games:/usr/local/games:/snap/bin:/home/michael1337/Programs/jdk/jdk1.8.0_121
USERNAME=michael1337
SHELL=/bin/bash
DISPLAY=:1

Signal Handlers:
SIGSEGV: [libjvm.so+0xac78c0], sa_mask[0]=11111111011111111101111111111110, sa_flags=SA_RESTART|SA_SIGINFO
SIGBUS: [libjvm.so+0xac78c0], sa_mask[0]=11111111011111111101111111111110, sa_flags=SA_RESTART|SA_SIGINFO
SIGFPE: [libjvm.so+0x920ac0], sa_mask[0]=11111111011111111101111111111110, sa_flags=SA_RESTART|SA_SIGINFO
SIGPIPE: [libjvm.so+0x920ac0], sa_mask[0]=11111111011111111101111111111110, sa_flags=SA_RESTART|SA_SIGINFO
SIGXFSZ: [libjvm.so+0x920ac0], sa_mask[0]=11111111011111111101111111111110, sa_flags=SA_RESTART|SA_SIGINFO
SIGILL: [libjvm.so+0x920ac0], sa_mask[0]=11111111011111111101111111111110, sa_flags=SA_RESTART|SA_SIGINFO
SIGUSR1: SIG_DFL, sa_mask[0]=00000000000000000000000000000000, sa_flags=none
SIGUSR2: [libjvm.so+0x922300], sa_mask[0]=00100000000000000000000000000000, sa_flags=SA_RESTART|SA_SIGINFO
SIGHUP: [libjvm.so+0x923700], sa_mask[0]=11111111011111111101111111111110, sa_flags=SA_RESTART|SA_SIGINFO
SIGINT: [libjvm.so+0x923700], sa_mask[0]=11111111011111111101111111111110, sa_flags=SA_RESTART|SA_SIGINFO
SIGTERM: [libjvm.so+0x923700], sa_mask[0]=11111111011111111101111111111110, sa_flags=SA_RESTART|SA_SIGINFO
SIGQUIT: [libjvm.so+0x923700], sa_mask[0]=11111111011111111101111111111110, sa_flags=SA_RESTART|SA_SIGINFO


---------------  S Y S T E M  ---------------

OS:DISTRIB_ID=Ubuntu
DISTRIB_RELEASE=16.04
DISTRIB_CODENAME=xenial
DISTRIB_DESCRIPTION="Ubuntu 16.04.5 LTS"

uname:Linux 4.4.0-130-generic #156-Ubuntu SMP Thu Jun 14 08:53:28 UTC 2018 x86_64
libc:glibc 2.23 NPTL 2.23 
rlimit: STACK 8192k, CORE 0k, NPROC 61761, NOFILE 1048576, AS infinity
load average:1,42 0,76 0,76

/proc/meminfo:
MemTotal:       15852036 kB
MemFree:         1327036 kB
MemAvailable:   10231620 kB
Buffers:          175396 kB
Cached:          8552192 kB
SwapCached:         1500 kB
Active:          8055036 kB
Inactive:        5311072 kB
Active(anon):    3887424 kB
Inactive(anon):  1153104 kB
Active(file):    4167612 kB
Inactive(file):  4157968 kB
Unevictable:          16 kB
Mlocked:              16 kB
SwapTotal:      16189436 kB
SwapFree:       15945164 kB
Dirty:             18164 kB
Writeback:             0 kB
AnonPages:       4637592 kB
Mapped:           465752 kB
Shmem:            401700 kB
Slab:             985204 kB
SReclaimable:     915456 kB
SUnreclaim:        69748 kB
KernelStack:       14928 kB
PageTables:        67592 kB
NFS_Unstable:          0 kB
Bounce:                0 kB
WritebackTmp:          0 kB
CommitLimit:    24115452 kB
Committed_AS:   35718140 kB
VmallocTotal:   34359738367 kB
VmallocUsed:           0 kB
VmallocChunk:          0 kB
HardwareCorrupted:     0 kB
AnonHugePages:         0 kB
CmaTotal:              0 kB
CmaFree:               0 kB
HugePages_Total:       0
HugePages_Free:        0
HugePages_Rsvd:        0
HugePages_Surp:        0
Hugepagesize:       2048 kB
DirectMap4k:      618180 kB
DirectMap2M:    15572992 kB
DirectMap1G:           0 kB


CPU:total 4 (2 cores per cpu, 2 threads per core) family 6 model 78 stepping 3, cmov, cx8, fxsr, mmx, sse, sse2, sse3, ssse3, sse4.1, sse4.2, popcnt, avx, avx2, aes, clmul, erms, 3dnowpref, lzcnt, ht, tsc, tscinvbit, bmi1, bmi2, adx

/proc/cpuinfo:
processor	: 0
vendor_id	: GenuineIntel
cpu family	: 6
model		: 78
model name	: Intel(R) Core(TM) i7-6500U CPU @ 2.50GHz
stepping	: 3
microcode	: 0xc2
cpu MHz		: 2742.085
cache size	: 4096 KB
physical id	: 0
siblings	: 4
core id		: 0
cpu cores	: 2
apicid		: 0
initial apicid	: 0
fpu		: yes
fpu_exception	: yes
cpuid level	: 22
wp		: yes
flags		: fpu vme de pse tsc msr pae mce cx8 apic sep mtrr pge mca cmov pat pse36 clflush dts acpi mmx fxsr sse sse2 ss ht tm pbe syscall nx pdpe1gb rdtscp lm constant_tsc art arch_perfmon pebs bts rep_good nopl xtopology nonstop_tsc aperfmperf eagerfpu pni pclmulqdq dtes64 monitor ds_cpl vmx est tm2 ssse3 sdbg fma cx16 xtpr pdcm pcid sse4_1 sse4_2 x2apic movbe popcnt tsc_deadline_timer aes xsave avx f16c rdrand lahf_lm abm 3dnowprefetch epb invpcid_single intel_pt ibrs ibpb stibp kaiser tpr_shadow vnmi flexpriority ept vpid fsgsbase tsc_adjust bmi1 avx2 smep bmi2 erms invpcid mpx rdseed adx smap clflushopt xsaveopt xsavec xgetbv1 dtherm ida arat pln pts hwp hwp_notify hwp_act_window hwp_epp
bugs		: cpu_meltdown spectre_v1 spectre_v2 spec_store_bypass
bogomips	: 5184.48
clflush size	: 64
cache_alignment	: 64
address sizes	: 39 bits physical, 48 bits virtual
power management:

processor	: 1
vendor_id	: GenuineIntel
cpu family	: 6
model		: 78
model name	: Intel(R) Core(TM) i7-6500U CPU @ 2.50GHz
stepping	: 3
microcode	: 0xc2
cpu MHz		: 2738.023
cache size	: 4096 KB
physical id	: 0
siblings	: 4
core id		: 1
cpu cores	: 2
apicid		: 2
initial apicid	: 2
fpu		: yes
fpu_exception	: yes
cpuid level	: 22
wp		: yes
flags		: fpu vme de pse tsc msr pae mce cx8 apic sep mtrr pge mca cmov pat pse36 clflush dts acpi mmx fxsr sse sse2 ss ht tm pbe syscall nx pdpe1gb rdtscp lm constant_tsc art arch_perfmon pebs bts rep_good nopl xtopology nonstop_tsc aperfmperf eagerfpu pni pclmulqdq dtes64 monitor ds_cpl vmx est tm2 ssse3 sdbg fma cx16 xtpr pdcm pcid sse4_1 sse4_2 x2apic movbe popcnt tsc_deadline_timer aes xsave avx f16c rdrand lahf_lm abm 3dnowprefetch epb invpcid_single intel_pt ibrs ibpb stibp kaiser tpr_shadow vnmi flexpriority ept vpid fsgsbase tsc_adjust bmi1 avx2 smep bmi2 erms invpcid mpx rdseed adx smap clflushopt xsaveopt xsavec xgetbv1 dtherm ida arat pln pts hwp hwp_notify hwp_act_window hwp_epp
bugs		: cpu_meltdown spectre_v1 spectre_v2 spec_store_bypass
bogomips	: 5184.48
clflush size	: 64
cache_alignment	: 64
address sizes	: 39 bits physical, 48 bits virtual
power management:

processor	: 2
vendor_id	: GenuineIntel
cpu family	: 6
model		: 78
model name	: Intel(R) Core(TM) i7-6500U CPU @ 2.50GHz
stepping	: 3
microcode	: 0xc2
cpu MHz		: 2777.125
cache size	: 4096 KB
physical id	: 0
siblings	: 4
core id		: 0
cpu cores	: 2
apicid		: 1
initial apicid	: 1
fpu		: yes
fpu_exception	: yes
cpuid level	: 22
wp		: yes
flags		: fpu vme de pse tsc msr pae mce cx8 apic sep mtrr pge mca cmov pat pse36 clflush dts acpi mmx fxsr sse sse2 ss ht tm pbe syscall nx pdpe1gb rdtscp lm constant_tsc art arch_perfmon pebs bts rep_good nopl xtopology nonstop_tsc aperfmperf eagerfpu pni pclmulqdq dtes64 monitor ds_cpl vmx est tm2 ssse3 sdbg fma cx16 xtpr pdcm pcid sse4_1 sse4_2 x2apic movbe popcnt tsc_deadline_timer aes xsave avx f16c rdrand lahf_lm abm 3dnowprefetch epb invpcid_single intel_pt ibrs ibpb stibp kaiser tpr_shadow vnmi flexpriority ept vpid fsgsbase tsc_adjust bmi1 avx2 smep bmi2 erms invpcid mpx rdseed adx smap clflushopt xsaveopt xsavec xgetbv1 dtherm ida arat pln pts hwp hwp_notify hwp_act_window hwp_epp
bugs		: cpu_meltdown spectre_v1 spectre_v2 spec_store_bypass
bogomips	: 5184.48
clflush size	: 64
cache_alignment	: 64
address sizes	: 39 bits physical, 48 bits virtual
power management:

processor	: 3
vendor_id	: GenuineIntel
cpu family	: 6
model		: 78
model name	: Intel(R) Core(TM) i7-6500U CPU @ 2.50GHz
stepping	: 3
microcode	: 0xc2
cpu MHz		: 2764.632
cache size	: 4096 KB
physical id	: 0
siblings	: 4
core id		: 1
cpu cores	: 2
apicid		: 3
initial apicid	: 3
fpu		: yes
fpu_exception	: yes
cpuid level	: 22
wp		: yes
flags		: fpu vme de pse tsc msr pae mce cx8 apic sep mtrr pge mca cmov pat pse36 clflush dts acpi mmx fxsr sse sse2 ss ht tm pbe syscall nx pdpe1gb rdtscp lm constant_tsc art arch_perfmon pebs bts rep_good nopl xtopology nonstop_tsc aperfmperf eagerfpu pni pclmulqdq dtes64 monitor ds_cpl vmx est tm2 ssse3 sdbg fma cx16 xtpr pdcm pcid sse4_1 sse4_2 x2apic movbe popcnt tsc_deadline_timer aes xsave avx f16c rdrand lahf_lm abm 3dnowprefetch epb invpcid_single intel_pt ibrs ibpb stibp kaiser tpr_shadow vnmi flexpriority ept vpid fsgsbase tsc_adjust bmi1 avx2 smep bmi2 erms invpcid mpx rdseed adx smap clflushopt xsaveopt xsavec xgetbv1 dtherm ida arat pln pts hwp hwp_notify hwp_act_window hwp_epp
bugs		: cpu_meltdown spectre_v1 spectre_v2 spec_store_bypass
bogomips	: 5184.48
clflush size	: 64
cache_alignment	: 64
address sizes	: 39 bits physical, 48 bits virtual
power management:



Memory: 4k page, physical 15852036k(1327036k free), swap 16189436k(15945164k free)

vm_info: Java HotSpot(TM) 64-Bit Server VM (25.121-b13) for linux-amd64 JRE (1.8.0_121-b13), built on Dec 12 2016 16:36:53 by "java_re" with gcc 4.3.0 20080428 (Red Hat 4.3.0-8)

time: Sun Aug  5 16:13:35 2018
elapsed time: 0 seconds (0d 0h 0m 0s)

