#
# A fatal error has been detected by the Java Runtime Environment:
#
#  SIGSEGV (0xb) at pc=0x00007f37cd8d0374, pid=19402, tid=0x00007f3826cf9700
#
# JRE version: Java(TM) SE Runtime Environment (8.0_121-b13) (build 1.8.0_121-b13)
# Java VM: Java HotSpot(TM) 64-Bit Server VM (25.121-b13 mixed mode linux-amd64 compressed oops)
# Problematic frame:
# C  [i965_dri.so+0xd0374]
#
# Failed to write core dump. Core dumps have been disabled. To enable core dumping, try "ulimit -c unlimited" before starting Java again
#
# If you would like to submit a bug report, please visit:
#   http://bugreport.java.com/bugreport/crash.jsp
# The crash happened outside the Java Virtual Machine in native code.
# See problematic frame for where to report the bug.
#

---------------  T H R E A D  ---------------

Current thread (0x00007f382000d000):  JavaThread "main" [_thread_in_native, id=19409, stack(0x00007f3826bf9000,0x00007f3826cfa000)]

siginfo: si_signo: 11 (SIGSEGV), si_code: 2 (SEGV_ACCERR), si_addr: 0x00007f37c8021000

Registers:
RAX=0x0000000000000000, RBX=0x00007f37c5773bfc, RCX=0x0000000000000000, RDX=0x00007f37c8021000
RSP=0x00007f3826cf8090, RBP=0x00007f37c801a010, RSI=0x0000000000000000, RDI=0x0000000000000000
R8 =0x00007f37c5774000, R9 =0x0000000000008000, R10=0x00007f38206db008, R11=0x0000000000000001
R12=0x0000000000000800, R13=0x000000000000041d, R14=0x0000000000000003, R15=0x0000000000002000
RIP=0x00007f37cd8d0374, EFLAGS=0x0000000000010287, CSGSFS=0x0000000000000033, ERR=0x0000000000000004
  TRAPNO=0x000000000000000e

Top of Stack: (sp=0x00007f3826cf8090)
0x00007f3826cf8090:   00007f38210b2d70 0000000000000000
0x00007f3826cf80a0:   0000000000000000 00007f37c5774000
0x00007f3826cf80b0:   00007f37c801a010 0000000000000800
0x00007f3826cf80c0:   000000000000041d 0000000000000003
0x00007f3826cf80d0:   0000000000002000 00007f37cd91e688
0x00007f3826cf80e0:   0000000000000800 0000000000008000
0x00007f3826cf80f0:   0000000000002000 0000000000000000
0x00007f3826cf8100:   8006889e00000000 0000000000000800
0x00007f3826cf8110:   00007f38206bf0d0 00007f37cdc14966
0x00007f3826cf8120:   00007f382126ae00 0000000100000003
0x00007f3826cf8130:   00007f37cd925667 00007f37cd92a98f
0x00007f3826cf8140:   00007f38210b6620 0000080000000001
0x00007f3826cf8150:   0000000000000000 00007f37c5f3a010
0x00007f3826cf8160:   0000000000001908 00007f38206db008
0x00007f3826cf8170:   00007f38206bf0d0 de637300948a9e00
0x00007f3826cf8180:   00007f37c5f3a010 00007f3826cf8328
0x00007f3826cf8190:   0000000000000000 0000000004000000
0x00007f3826cf81a0:   00007f37c9f3a010 0000000000000800
0x00007f3826cf81b0:   0000000000000800 00007f37cd97e147
0x00007f3826cf81c0:   0000000000000800 0000000000000800
0x00007f3826cf81d0:   0000000000000000 00007f37cd97e098
0x00007f3826cf81e0:   00007f3826cf8328 00007f3826cf8320
0x00007f3826cf81f0:   0000000000000003 0000000000008000
0x00007f3826cf8200:   0000000000002000 0000000000000000
0x00007f3826cf8210:   0000000000000000 00007f3826cf831c
0x00007f3826cf8220:   00007f3826cf8320 00007f388006889e
0x00007f3826cf8230:   00007f3826cf8320 0000000000000000
0x00007f3826cf8240:   00007f37c5f3a010 de637300948a9e00
0x00007f3826cf8250:   0000000000000800 0000000000000000
0x00007f3826cf8260:   00007f38206bf0d0 00007f38210b62c0
0x00007f3826cf8270:   00007f3826cf8320 0000000000000000
0x00007f3826cf8280:   00007f37c5f3a010 00007f37cd97ec22 

Instructions: (pc=0x00007f37cd8d0374)
0x00007f37cd8d0354:   f9 c1 e7 18 09 c1 89 f0 48 83 c3 04 09 c8 48 83
0x00007f37cd8d0364:   c2 10 09 f8 89 43 fc 4c 39 c3 0f 84 54 d5 ff ff
0x00007f37cd8d0374:   f3 0f 10 0a 31 c9 0f 2e c1 77 81 0f 2e ca b9 ff
0x00007f37cd8d0384:   00 00 00 0f 87 73 ff ff ff f3 0f 59 ce f3 48 0f 

Register to memory mapping:

RAX=0x0000000000000000 is an unknown value
RBX=0x00007f37c5773bfc is an unknown value
RCX=0x0000000000000000 is an unknown value
RDX=0x00007f37c8021000 is an unknown value
RSP=0x00007f3826cf8090 is pointing into the stack for thread: 0x00007f382000d000
RBP=0x00007f37c801a010 is an unknown value
RSI=0x0000000000000000 is an unknown value
RDI=0x0000000000000000 is an unknown value
R8 =0x00007f37c5774000 is an unknown value
R9 =0x0000000000008000 is an unknown value
R10=0x00007f38206db008 is an unknown value
R11=0x0000000000000001 is an unknown value
R12=0x0000000000000800 is an unknown value
R13=0x000000000000041d is an unknown value
R14=0x0000000000000003 is an unknown value
R15=0x0000000000002000 is an unknown value


Stack: [0x00007f3826bf9000,0x00007f3826cfa000],  sp=0x00007f3826cf8090,  free space=1020k
Native frames: (J=compiled Java code, j=interpreted, Vv=VM code, C=native code)
C  [i965_dri.so+0xd0374]

Java frames: (J=compiled Java code, j=interpreted, Vv=VM code)
j  org.lwjgl.opengl.GL11.nglTexImage2D(IIIIIIIIJ)V+0
j  org.lwjgl.opengl.GL11.glTexImage2D(IIIIIIIILjava/nio/ByteBuffer;)V+17
j  engine.graphics.objects.textures.Texture.initialize()V+106
j  engine.graphics.objects.models.Material.setTexture(Lengine/graphics/objects/textures/Texture;)V+6
j  engine.graphics.objects.Scene.initializeTestObjects()V+85
j  engine.graphics.objects.Scene.<init>()V+5
j  engine.Engine.createWorld()V+4
j  Start.main([Ljava/lang/String;)V+11
v  ~StubRoutines::call_stub

---------------  P R O C E S S  ---------------

Java Threads: ( => current thread )
  0x00007f38203cd000 JavaThread "Service Thread" daemon [_thread_blocked, id=19433, stack(0x00007f380d0f0000,0x00007f380d1f1000)]
  0x00007f38203c2000 JavaThread "C1 CompilerThread2" daemon [_thread_blocked, id=19432, stack(0x00007f380d1f1000,0x00007f380d2f2000)]
  0x00007f38203c0000 JavaThread "C2 CompilerThread1" daemon [_thread_blocked, id=19431, stack(0x00007f380d2f2000,0x00007f380d3f3000)]
  0x00007f38203be000 JavaThread "C2 CompilerThread0" daemon [_thread_blocked, id=19430, stack(0x00007f380d60a000,0x00007f380d70b000)]
  0x00007f38203bc800 JavaThread "Monitor Ctrl-Break" daemon [_thread_in_native, id=19429, stack(0x00007f380d70b000,0x00007f380d80c000)]
  0x00007f3820180800 JavaThread "Signal Dispatcher" daemon [_thread_blocked, id=19428, stack(0x00007f380d844000,0x00007f380d945000)]
  0x00007f382014e800 JavaThread "Finalizer" daemon [_thread_blocked, id=19421, stack(0x00007f380dc1e000,0x00007f380dd1f000)]
  0x00007f382014a000 JavaThread "Reference Handler" daemon [_thread_blocked, id=19420, stack(0x00007f380dd1f000,0x00007f380de20000)]
=>0x00007f382000d000 JavaThread "main" [_thread_in_native, id=19409, stack(0x00007f3826bf9000,0x00007f3826cfa000)]

Other Threads:
  0x00007f3820142800 VMThread [stack: 0x00007f380de20000,0x00007f380df21000] [id=19419]
  0x00007f38203d2800 WatcherThread [stack: 0x00007f380cfef000,0x00007f380d0f0000] [id=19434]

VM state:not at safepoint (normal execution)

VM Mutex/Monitor currently owned by a thread: None

Heap:
 PSYoungGen      total 305664K, used 36710K [0x00000000d5580000, 0x00000000eaa80000, 0x0000000100000000)
  eden space 262144K, 14% used [0x00000000d5580000,0x00000000d7959b98,0x00000000e5580000)
  from space 43520K, 0% used [0x00000000e8000000,0x00000000e8000000,0x00000000eaa80000)
  to   space 43520K, 0% used [0x00000000e5580000,0x00000000e5580000,0x00000000e8000000)
 ParOldGen       total 699392K, used 0K [0x0000000080000000, 0x00000000aab00000, 0x00000000d5580000)
  object space 699392K, 0% used [0x0000000080000000,0x0000000080000000,0x00000000aab00000)
 Metaspace       used 8006K, capacity 8201K, committed 8320K, reserved 1056768K
  class space    used 770K, capacity 853K, committed 896K, reserved 1048576K

Card table byte_map: [0x00007f3810206000,0x00007f3810607000] byte_map_base: 0x00007f380fe06000

Marking Bits: (ParMarkBitMap*) 0x00007f38260d5c80
 Begin Bits: [0x00007f37fc000000, 0x00007f37fe000000)
 End Bits:   [0x00007f37fe000000, 0x00007f3800000000)

Polling page: 0x00007f3826d28000

CodeCache: size=245760Kb used=2921Kb max_used=2928Kb free=242838Kb
 bounds [0x00007f38109c7000, 0x00007f3810ca7000, 0x00007f381f9c7000]
 total_blobs=1483 nmethods=680 adapters=717
 compilation: enabled

Compilation events (10 events):
Event: 1,283 Thread 0x00007f38203c2000  676       3       de.matthiasmann.twl.utils.PNGDecoder::unfilterPaeth (188 bytes)
Event: 1,283 Thread 0x00007f38203c2000 nmethod 676 0x00007f3810ca01d0 code [0x00007f3810ca0380, 0x00007f3810ca08d0]
Event: 1,284 Thread 0x00007f38203c0000  677 %     4       de.matthiasmann.twl.utils.PNGDecoder::unfilterPaeth @ 36 (188 bytes)
Event: 1,295 Thread 0x00007f38203c0000 nmethod 677% 0x00007f3810c9f890 code [0x00007f3810c9fa00, 0x00007f3810c9ffb8]
Event: 1,295 Thread 0x00007f38203be000  678       4       de.matthiasmann.twl.utils.PNGDecoder::unfilterPaeth (188 bytes)
Event: 1,300 Thread 0x00007f38203be000 nmethod 678 0x00007f3810c9f310 code [0x00007f3810c9f460, 0x00007f3810c9f718]
Event: 1,302 Thread 0x00007f38203be000  679       4       java.util.concurrent.ConcurrentHashMap::casTabAt (20 bytes)
Event: 1,302 Thread 0x00007f38203be000 nmethod 679 0x00007f3810c91b50 code [0x00007f3810c91c80, 0x00007f3810c91cf8]
Event: 1,303 Thread 0x00007f38203c2000  680       3       java.io.File::<init> (113 bytes)
Event: 1,303 Thread 0x00007f38203c2000 nmethod 680 0x00007f3810ca3a50 code [0x00007f3810ca3c80, 0x00007f3810ca4718]

GC Heap History (0 events):
No events

Deoptimization events (3 events):
Event: 0,544 Thread 0x00007f382000d000 Uncommon trap: reason=unstable_if action=reinterpret pc=0x00007f3810b9ed48 method=java.util.HashMap.getNode(ILjava/lang/Object;)Ljava/util/HashMap$Node; @ 116
Event: 0,553 Thread 0x00007f382000d000 Uncommon trap: reason=unstable_if action=reinterpret pc=0x00007f3810b95da4 method=java.util.HashMap.getNode(ILjava/lang/Object;)Ljava/util/HashMap$Node; @ 116
Event: 0,837 Thread 0x00007f382000d000 Uncommon trap: reason=unstable_if action=reinterpret pc=0x00007f3810b9c314 method=java.lang.String.replace(CC)Ljava/lang/String; @ 26

Internal exceptions (10 events):
Event: 0,033 Thread 0x00007f382000d000 Exception <a 'java/lang/NoSuchMethodError': Method sun.misc.Unsafe.defineClass(Ljava/lang/String;[BII)Ljava/lang/Class; name or signature does not match> (0x00000000d5587ca8) thrown at [/HUDSON3/workspace/8-2-build-linux-amd64/jdk8u121/8372/hotspot/src/sh
Event: 0,033 Thread 0x00007f382000d000 Exception <a 'java/lang/NoSuchMethodError': Method sun.misc.Unsafe.prefetchRead(Ljava/lang/Object;J)V name or signature does not match> (0x00000000d5587f90) thrown at [/HUDSON3/workspace/8-2-build-linux-amd64/jdk8u121/8372/hotspot/src/share/vm/prims/jni.c
Event: 0,253 Thread 0x00007f382000d000 Exception <a 'java/lang/NoSuchMethodError': java.lang.Object.lambda$static$0(Ljava/lang/String;)Ljava/lang/Boolean;> (0x00000000d59a1e10) thrown at [/HUDSON3/workspace/8-2-build-linux-amd64/jdk8u121/8372/hotspot/src/share/vm/interpreter/linkResolver.cpp, 
Event: 0,286 Thread 0x00007f382000d000 Exception <a 'java/lang/NoSuchFieldError': method resolution failed> (0x00000000d5a24210) thrown at [/HUDSON3/workspace/8-2-build-linux-amd64/jdk8u121/8372/hotspot/src/share/vm/prims/methodHandles.cpp, line 1146]
Event: 0,293 Thread 0x00007f382000d000 Exception <a 'java/lang/NoSuchFieldError': method resolution failed> (0x00000000d5a320b8) thrown at [/HUDSON3/workspace/8-2-build-linux-amd64/jdk8u121/8372/hotspot/src/share/vm/prims/methodHandles.cpp, line 1146]
Event: 0,382 Thread 0x00007f382000d000 Exception <a 'java/security/PrivilegedActionException'> (0x00000000d66a15a0) thrown at [/HUDSON3/workspace/8-2-build-linux-amd64/jdk8u121/8372/hotspot/src/share/vm/prims/jvm.cpp, line 1390]
Event: 0,382 Thread 0x00007f382000d000 Exception <a 'java/security/PrivilegedActionException'> (0x00000000d66a17b0) thrown at [/HUDSON3/workspace/8-2-build-linux-amd64/jdk8u121/8372/hotspot/src/share/vm/prims/jvm.cpp, line 1390]
Event: 0,383 Thread 0x00007f382000d000 Exception <a 'java/security/PrivilegedActionException'> (0x00000000d66a4498) thrown at [/HUDSON3/workspace/8-2-build-linux-amd64/jdk8u121/8372/hotspot/src/share/vm/prims/jvm.cpp, line 1390]
Event: 0,383 Thread 0x00007f382000d000 Exception <a 'java/security/PrivilegedActionException'> (0x00000000d66a46a8) thrown at [/HUDSON3/workspace/8-2-build-linux-amd64/jdk8u121/8372/hotspot/src/share/vm/prims/jvm.cpp, line 1390]
Event: 0,554 Thread 0x00007f382000d000 Exception <a 'sun/nio/fs/UnixException'> (0x00000000d69b7058) thrown at [/HUDSON3/workspace/8-2-build-linux-amd64/jdk8u121/8372/hotspot/src/share/vm/prims/jni.cpp, line 709]

Events (10 events):
Event: 1,305 loading class java/lang/StrictMath
Event: 1,305 loading class java/lang/StrictMath done
Event: 1,305 loading class engine/math/numericalObjects/Vector3
Event: 1,305 loading class engine/math/numericalObjects/Vector3 done
Event: 1,305 loading class engine/graphics/objects/models/Mesh
Event: 1,305 loading class engine/graphics/objects/models/Mesh done
Event: 1,306 loading class engine/graphics/objects/models/Material
Event: 1,306 loading class engine/graphics/objects/models/Material done
Event: 1,306 loading class engine/graphics/renderer/color/RGBA
Event: 1,306 loading class engine/graphics/renderer/color/RGBA done


Dynamic libraries:
00400000-00401000 r-xp 00000000 08:01 24119309                           /home/michael1337/Programs/jdk/jdk1.8.0_121/bin/java
00600000-00601000 rw-p 00000000 08:01 24119309                           /home/michael1337/Programs/jdk/jdk1.8.0_121/bin/java
01332000-01353000 rw-p 00000000 00:00 0                                  [heap]
80000000-aab00000 rw-p 00000000 00:00 0 
aab00000-d5580000 ---p 00000000 00:00 0 
d5580000-eaa80000 rw-p 00000000 00:00 0 
eaa80000-100000000 ---p 00000000 00:00 0 
100000000-1000e0000 rw-p 00000000 00:00 0 
1000e0000-140000000 ---p 00000000 00:00 0 
7f37c4f3a000-7f37c5f3a000 rw-s 10edc6000 00:06 356                       /dev/dri/card0
7f37c5f3a000-7f37c8000000 rw-p 00000000 00:00 0 
7f37c8000000-7f37c8021000 rw-p 00000000 00:00 0 
7f37c8021000-7f37cc000000 ---p 00000000 00:00 0 
7f37cc07c000-7f37cc0e7000 r-xp 00000000 08:01 25568106                   /tmp/lwjglmichael1337/3.1.6-build-14/liblwjgl_opengl.so
7f37cc0e7000-7f37cc2e6000 ---p 0006b000 08:01 25568106                   /tmp/lwjglmichael1337/3.1.6-build-14/liblwjgl_opengl.so
7f37cc2e6000-7f37cc2e7000 r--p 0006a000 08:01 25568106                   /tmp/lwjglmichael1337/3.1.6-build-14/liblwjgl_opengl.so
7f37cc2e7000-7f37cc2e8000 rw-p 0006b000 08:01 25568106                   /tmp/lwjglmichael1337/3.1.6-build-14/liblwjgl_opengl.so
7f37cc2e8000-7f37cc5d4000 rw-p 00000000 00:00 0 
7f37cc5d4000-7f37cc60b000 r-xp 00000000 08:01 4465941                    /usr/lib/x86_64-linux-gnu/libtxc_dxtn_s2tc.so.0.0.0
7f37cc60b000-7f37cc80a000 ---p 00037000 08:01 4465941                    /usr/lib/x86_64-linux-gnu/libtxc_dxtn_s2tc.so.0.0.0
7f37cc80a000-7f37cc80b000 r--p 00036000 08:01 4465941                    /usr/lib/x86_64-linux-gnu/libtxc_dxtn_s2tc.so.0.0.0
7f37cc80b000-7f37cc80c000 rw-p 00037000 08:01 4465941                    /usr/lib/x86_64-linux-gnu/libtxc_dxtn_s2tc.so.0.0.0
7f37cc80c000-7f37cc814000 r-xp 00000000 08:01 4465692                    /usr/lib/x86_64-linux-gnu/libpciaccess.so.0.11.1
7f37cc814000-7f37cca14000 ---p 00008000 08:01 4465692                    /usr/lib/x86_64-linux-gnu/libpciaccess.so.0.11.1
7f37cca14000-7f37cca15000 r--p 00008000 08:01 4465692                    /usr/lib/x86_64-linux-gnu/libpciaccess.so.0.11.1
7f37cca15000-7f37cca16000 rw-p 00009000 08:01 4465692                    /usr/lib/x86_64-linux-gnu/libpciaccess.so.0.11.1
7f37cca16000-7f37cca2c000 r-xp 00000000 08:01 20844935                   /lib/x86_64-linux-gnu/libgcc_s.so.1
7f37cca2c000-7f37ccc2b000 ---p 00016000 08:01 20844935                   /lib/x86_64-linux-gnu/libgcc_s.so.1
7f37ccc2b000-7f37ccc2c000 rw-p 00015000 08:01 20844935                   /lib/x86_64-linux-gnu/libgcc_s.so.1
7f37ccc2c000-7f37ccd9e000 r-xp 00000000 08:01 4456534                    /usr/lib/x86_64-linux-gnu/libstdc++.so.6.0.21
7f37ccd9e000-7f37ccf9e000 ---p 00172000 08:01 4456534                    /usr/lib/x86_64-linux-gnu/libstdc++.so.6.0.21
7f37ccf9e000-7f37ccfa8000 r--p 00172000 08:01 4456534                    /usr/lib/x86_64-linux-gnu/libstdc++.so.6.0.21
7f37ccfa8000-7f37ccfaa000 rw-p 0017c000 08:01 4456534                    /usr/lib/x86_64-linux-gnu/libstdc++.so.6.0.21
7f37ccfaa000-7f37ccfae000 rw-p 00000000 00:00 0 
7f37ccfae000-7f37ccfb9000 r-xp 00000000 08:01 4464099                    /usr/lib/x86_64-linux-gnu/libdrm_radeon.so.1.0.1
7f37ccfb9000-7f37cd1b8000 ---p 0000b000 08:01 4464099                    /usr/lib/x86_64-linux-gnu/libdrm_radeon.so.1.0.1
7f37cd1b8000-7f37cd1b9000 r--p 0000a000 08:01 4464099                    /usr/lib/x86_64-linux-gnu/libdrm_radeon.so.1.0.1
7f37cd1b9000-7f37cd1ba000 rw-p 0000b000 08:01 4464099                    /usr/lib/x86_64-linux-gnu/libdrm_radeon.so.1.0.1
7f37cd1ba000-7f37cd1c1000 r-xp 00000000 08:01 4464100                    /usr/lib/x86_64-linux-gnu/libdrm_nouveau.so.2.0.0
7f37cd1c1000-7f37cd3c0000 ---p 00007000 08:01 4464100                    /usr/lib/x86_64-linux-gnu/libdrm_nouveau.so.2.0.0
7f37cd3c0000-7f37cd3c1000 r--p 00006000 08:01 4464100                    /usr/lib/x86_64-linux-gnu/libdrm_nouveau.so.2.0.0
7f37cd3c1000-7f37cd3c2000 rw-p 00007000 08:01 4464100                    /usr/lib/x86_64-linux-gnu/libdrm_nouveau.so.2.0.0
7f37cd3c2000-7f37cd3e4000 r-xp 00000000 08:01 4460739                    /usr/lib/x86_64-linux-gnu/libdrm_intel.so.1.0.0
7f37cd3e4000-7f37cd5e4000 ---p 00022000 08:01 4460739                    /usr/lib/x86_64-linux-gnu/libdrm_intel.so.1.0.0
7f37cd5e4000-7f37cd5e5000 r--p 00022000 08:01 4460739                    /usr/lib/x86_64-linux-gnu/libdrm_intel.so.1.0.0
7f37cd5e5000-7f37cd5e6000 rw-p 00023000 08:01 4460739                    /usr/lib/x86_64-linux-gnu/libdrm_intel.so.1.0.0
7f37cd5e6000-7f37cd5ff000 r-xp 00000000 08:01 20844854                   /lib/x86_64-linux-gnu/libz.so.1.2.8
7f37cd5ff000-7f37cd7fe000 ---p 00019000 08:01 20844854                   /lib/x86_64-linux-gnu/libz.so.1.2.8
7f37cd7fe000-7f37cd7ff000 r--p 00018000 08:01 20844854                   /lib/x86_64-linux-gnu/libz.so.1.2.8
7f37cd7ff000-7f37cd800000 rw-p 00019000 08:01 20844854                   /lib/x86_64-linux-gnu/libz.so.1.2.8
7f37cd800000-7f37ce027000 r-xp 00000000 08:01 4718965                    /usr/lib/x86_64-linux-gnu/dri/i965_dri.so
7f37ce027000-7f37ce227000 ---p 00827000 08:01 4718965                    /usr/lib/x86_64-linux-gnu/dri/i965_dri.so
7f37ce227000-7f37ce277000 r--p 00827000 08:01 4718965                    /usr/lib/x86_64-linux-gnu/dri/i965_dri.so
7f37ce277000-7f37ce280000 rw-p 00877000 08:01 4718965                    /usr/lib/x86_64-linux-gnu/dri/i965_dri.so
7f37ce280000-7f37ce2e7000 rw-p 00000000 00:00 0 
7f37ce2e7000-7f37ce2f7000 r-xp 00000000 08:01 4464026                    /usr/lib/x86_64-linux-gnu/libdrm.so.2.4.0
7f37ce2f7000-7f37ce4f6000 ---p 00010000 08:01 4464026                    /usr/lib/x86_64-linux-gnu/libdrm.so.2.4.0
7f37ce4f6000-7f37ce4f7000 r--p 0000f000 08:01 4464026                    /usr/lib/x86_64-linux-gnu/libdrm.so.2.4.0
7f37ce4f7000-7f37ce4f8000 rw-p 00010000 08:01 4464026                    /usr/lib/x86_64-linux-gnu/libdrm.so.2.4.0
7f37ce4f8000-7f37ce4fc000 r-xp 00000000 08:01 4466048                    /usr/lib/x86_64-linux-gnu/libxcb-dri2.so.0.0.0
7f37ce4fc000-7f37ce6fb000 ---p 00004000 08:01 4466048                    /usr/lib/x86_64-linux-gnu/libxcb-dri2.so.0.0.0
7f37ce6fb000-7f37ce6fc000 r--p 00003000 08:01 4466048                    /usr/lib/x86_64-linux-gnu/libxcb-dri2.so.0.0.0
7f37ce6fc000-7f37ce6fd000 rw-p 00004000 08:01 4466048                    /usr/lib/x86_64-linux-gnu/libxcb-dri2.so.0.0.0
7f37ce6fd000-7f37ce714000 r-xp 00000000 08:01 4466052                    /usr/lib/x86_64-linux-gnu/libxcb-glx.so.0.0.0
7f37ce714000-7f37ce913000 ---p 00017000 08:01 4466052                    /usr/lib/x86_64-linux-gnu/libxcb-glx.so.0.0.0
7f37ce913000-7f37ce915000 r--p 00016000 08:01 4466052                    /usr/lib/x86_64-linux-gnu/libxcb-glx.so.0.0.0
7f37ce915000-7f37ce916000 rw-p 00018000 08:01 4466052                    /usr/lib/x86_64-linux-gnu/libxcb-glx.so.0.0.0
7f37ce916000-7f37ce918000 r-xp 00000000 08:01 4464744                    /usr/lib/x86_64-linux-gnu/libXdamage.so.1.1.0
7f37ce918000-7f37ceb17000 ---p 00002000 08:01 4464744                    /usr/lib/x86_64-linux-gnu/libXdamage.so.1.1.0
7f37ceb17000-7f37ceb18000 r--p 00001000 08:01 4464744                    /usr/lib/x86_64-linux-gnu/libXdamage.so.1.1.0
7f37ceb18000-7f37ceb19000 rw-p 00002000 08:01 4464744                    /usr/lib/x86_64-linux-gnu/libXdamage.so.1.1.0
7f37ceb19000-7f37ceb44000 r-xp 00000000 08:01 4464237                    /usr/lib/x86_64-linux-gnu/libglapi.so.0.0.0
7f37ceb44000-7f37ced43000 ---p 0002b000 08:01 4464237                    /usr/lib/x86_64-linux-gnu/libglapi.so.0.0.0
7f37ced43000-7f37ced47000 r--p 0002a000 08:01 4464237                    /usr/lib/x86_64-linux-gnu/libglapi.so.0.0.0
7f37ced47000-7f37ced48000 rw-p 0002e000 08:01 4464237                    /usr/lib/x86_64-linux-gnu/libglapi.so.0.0.0
7f37ced48000-7f37ced49000 rw-p 00000000 00:00 0 
7f37ced49000-7f37ced4a000 r-xp 00000000 08:01 4466096                    /usr/lib/x86_64-linux-gnu/libxshmfence.so.1.0.0
7f37ced4a000-7f37cef4a000 ---p 00001000 08:01 4466096                    /usr/lib/x86_64-linux-gnu/libxshmfence.so.1.0.0
7f37cef4a000-7f37cef4b000 r--p 00001000 08:01 4466096                    /usr/lib/x86_64-linux-gnu/libxshmfence.so.1.0.0
7f37cef4b000-7f37cef4c000 rw-p 00002000 08:01 4466096                    /usr/lib/x86_64-linux-gnu/libxshmfence.so.1.0.0
7f37cef4c000-7f37cef51000 r-xp 00000000 08:01 4466072                    /usr/lib/x86_64-linux-gnu/libxcb-sync.so.1.0.0
7f37cef51000-7f37cf151000 ---p 00005000 08:01 4466072                    /usr/lib/x86_64-linux-gnu/libxcb-sync.so.1.0.0
7f37cf151000-7f37cf152000 r--p 00005000 08:01 4466072                    /usr/lib/x86_64-linux-gnu/libxcb-sync.so.1.0.0
7f37cf152000-7f37cf153000 rw-p 00006000 08:01 4466072                    /usr/lib/x86_64-linux-gnu/libxcb-sync.so.1.0.0
7f37cf153000-7f37cf155000 r-xp 00000000 08:01 4466060                    /usr/lib/x86_64-linux-gnu/libxcb-present.so.0.0.0
7f37cf155000-7f37cf354000 ---p 00002000 08:01 4466060                    /usr/lib/x86_64-linux-gnu/libxcb-present.so.0.0.0
7f37cf354000-7f37cf355000 r--p 00001000 08:01 4466060                    /usr/lib/x86_64-linux-gnu/libxcb-present.so.0.0.0
7f37cf355000-7f37cf356000 rw-p 00002000 08:01 4466060                    /usr/lib/x86_64-linux-gnu/libxcb-present.so.0.0.0
7f37cf356000-7f37cf358000 r-xp 00000000 08:01 4466050                    /usr/lib/x86_64-linux-gnu/libxcb-dri3.so.0.0.0
7f37cf358000-7f37cf557000 ---p 00002000 08:01 4466050                    /usr/lib/x86_64-linux-gnu/libxcb-dri3.so.0.0.0
7f37cf557000-7f37cf558000 r--p 00001000 08:01 4466050                    /usr/lib/x86_64-linux-gnu/libxcb-dri3.so.0.0.0
7f37cf558000-7f37cf559000 rw-p 00002000 08:01 4466050                    /usr/lib/x86_64-linux-gnu/libxcb-dri3.so.0.0.0
7f37cf559000-7f37cf57f000 r-xp 00000000 08:01 20840649                   /lib/x86_64-linux-gnu/libexpat.so.1.6.0
7f37cf57f000-7f37cf77f000 ---p 00026000 08:01 20840649                   /lib/x86_64-linux-gnu/libexpat.so.1.6.0
7f37cf77f000-7f37cf781000 r--p 00026000 08:01 20840649                   /lib/x86_64-linux-gnu/libexpat.so.1.6.0
7f37cf781000-7f37cf782000 rw-p 00028000 08:01 20840649                   /lib/x86_64-linux-gnu/libexpat.so.1.6.0
7f37cf782000-7f37cf7f0000 r-xp 00000000 08:01 4719004                    /usr/lib/x86_64-linux-gnu/mesa/libGL.so.1.2.0
7f37cf7f0000-7f37cf9f0000 ---p 0006e000 08:01 4719004                    /usr/lib/x86_64-linux-gnu/mesa/libGL.so.1.2.0
7f37cf9f0000-7f37cf9f3000 r--p 0006e000 08:01 4719004                    /usr/lib/x86_64-linux-gnu/mesa/libGL.so.1.2.0
7f37cf9f3000-7f37cf9f4000 rw-p 00071000 08:01 4719004                    /usr/lib/x86_64-linux-gnu/mesa/libGL.so.1.2.0
7f37cf9f4000-7f37cf9f5000 rw-p 00000000 00:00 0 
7f37cf9f5000-7f37cf9f6000 r-xp 00000000 08:01 4464729                    /usr/lib/x86_64-linux-gnu/libX11-xcb.so.1.0.0
7f37cf9f6000-7f37cfbf5000 ---p 00001000 08:01 4464729                    /usr/lib/x86_64-linux-gnu/libX11-xcb.so.1.0.0
7f37cfbf5000-7f37cfbf6000 r--p 00000000 08:01 4464729                    /usr/lib/x86_64-linux-gnu/libX11-xcb.so.1.0.0
7f37cfbf6000-7f37cfbf7000 rw-p 00001000 08:01 4464729                    /usr/lib/x86_64-linux-gnu/libX11-xcb.so.1.0.0
7f37cfbf7000-7f37cfbf9000 r-xp 00000000 08:01 4464758                    /usr/lib/x86_64-linux-gnu/libXinerama.so.1.0.0
7f37cfbf9000-7f37cfdf8000 ---p 00002000 08:01 4464758                    /usr/lib/x86_64-linux-gnu/libXinerama.so.1.0.0
7f37cfdf8000-7f37cfdf9000 r--p 00001000 08:01 4464758                    /usr/lib/x86_64-linux-gnu/libXinerama.so.1.0.0
7f37cfdf9000-7f37cfdfa000 rw-p 00002000 08:01 4464758                    /usr/lib/x86_64-linux-gnu/libXinerama.so.1.0.0
7f37cfdfa000-7f37cfdff000 r-xp 00000000 08:01 4464750                    /usr/lib/x86_64-linux-gnu/libXfixes.so.3.1.0
7f37cfdff000-7f37cfffe000 ---p 00005000 08:01 4464750                    /usr/lib/x86_64-linux-gnu/libXfixes.so.3.1.0
7f37cfffe000-7f37cffff000 r--p 00004000 08:01 4464750                    /usr/lib/x86_64-linux-gnu/libXfixes.so.3.1.0
7f37cffff000-7f37d0000000 rw-p 00005000 08:01 4464750                    /usr/lib/x86_64-linux-gnu/libXfixes.so.3.1.0
7f37d0000000-7f37d0252000 rw-p 00000000 00:00 0 
7f37d0252000-7f37d4000000 ---p 00000000 00:00 0 
7f37d4000000-7f37d4021000 rw-p 00000000 00:00 0 
7f37d4021000-7f37d8000000 ---p 00000000 00:00 0 
7f37d8000000-7f37d81e4000 rw-p 00000000 00:00 0 
7f37d81e4000-7f37dc000000 ---p 00000000 00:00 0 
7f37dc000000-7f37dc36f000 rw-p 00000000 00:00 0 
7f37dc36f000-7f37e0000000 ---p 00000000 00:00 0 
7f37e0000000-7f37e0021000 rw-p 00000000 00:00 0 
7f37e0021000-7f37e4000000 ---p 00000000 00:00 0 
7f37e4000000-7f37e4021000 rw-p 00000000 00:00 0 
7f37e4021000-7f37e8000000 ---p 00000000 00:00 0 
7f37e8000000-7f37e8021000 rw-p 00000000 00:00 0 
7f37e8021000-7f37ec000000 ---p 00000000 00:00 0 
7f37ec000000-7f37ec021000 rw-p 00000000 00:00 0 
7f37ec021000-7f37f0000000 ---p 00000000 00:00 0 
7f37f0000000-7f37f0021000 rw-p 00000000 00:00 0 
7f37f0021000-7f37f4000000 ---p 00000000 00:00 0 
7f37f41b2000-7f37f41bb000 r-xp 00000000 08:01 4456769                    /usr/lib/x86_64-linux-gnu/libXcursor.so.1.0.2
7f37f41bb000-7f37f43ba000 ---p 00009000 08:01 4456769                    /usr/lib/x86_64-linux-gnu/libXcursor.so.1.0.2
7f37f43ba000-7f37f43bb000 r--p 00008000 08:01 4456769                    /usr/lib/x86_64-linux-gnu/libXcursor.so.1.0.2
7f37f43bb000-7f37f43bc000 rw-p 00009000 08:01 4456769                    /usr/lib/x86_64-linux-gnu/libXcursor.so.1.0.2
7f37f43bc000-7f37f43c5000 r-xp 00000000 08:01 4464768                    /usr/lib/x86_64-linux-gnu/libXrender.so.1.3.0
7f37f43c5000-7f37f45c4000 ---p 00009000 08:01 4464768                    /usr/lib/x86_64-linux-gnu/libXrender.so.1.3.0
7f37f45c4000-7f37f45c5000 r--p 00008000 08:01 4464768                    /usr/lib/x86_64-linux-gnu/libXrender.so.1.3.0
7f37f45c5000-7f37f45c6000 rw-p 00009000 08:01 4464768                    /usr/lib/x86_64-linux-gnu/libXrender.so.1.3.0
7f37f45c6000-7f37f45d0000 r-xp 00000000 08:01 4464766                    /usr/lib/x86_64-linux-gnu/libXrandr.so.2.2.0
7f37f45d0000-7f37f47cf000 ---p 0000a000 08:01 4464766                    /usr/lib/x86_64-linux-gnu/libXrandr.so.2.2.0
7f37f47cf000-7f37f47d0000 r--p 00009000 08:01 4464766                    /usr/lib/x86_64-linux-gnu/libXrandr.so.2.2.0
7f37f47d0000-7f37f47d1000 rw-p 0000a000 08:01 4464766                    /usr/lib/x86_64-linux-gnu/libXrandr.so.2.2.0
7f37f47d1000-7f37f47e0000 r-xp 00000000 08:01 4464756                    /usr/lib/x86_64-linux-gnu/libXi.so.6.1.0
7f37f47e0000-7f37f49df000 ---p 0000f000 08:01 4464756                    /usr/lib/x86_64-linux-gnu/libXi.so.6.1.0
7f37f49df000-7f37f49e0000 r--p 0000e000 08:01 4464756                    /usr/lib/x86_64-linux-gnu/libXi.so.6.1.0
7f37f49e0000-7f37f49e1000 rw-p 0000f000 08:01 4464756                    /usr/lib/x86_64-linux-gnu/libXi.so.6.1.0
7f37f49e1000-7f37f49f2000 r-xp 00000000 08:01 4464748                    /usr/lib/x86_64-linux-gnu/libXext.so.6.4.0
7f37f49f2000-7f37f4bf1000 ---p 00011000 08:01 4464748                    /usr/lib/x86_64-linux-gnu/libXext.so.6.4.0
7f37f4bf1000-7f37f4bf2000 r--p 00010000 08:01 4464748                    /usr/lib/x86_64-linux-gnu/libXext.so.6.4.0
7f37f4bf2000-7f37f4bf3000 rw-p 00011000 08:01 4464748                    /usr/lib/x86_64-linux-gnu/libXext.so.6.4.0
7f37f4bf3000-7f37f4bf8000 r-xp 00000000 08:01 4464784                    /usr/lib/x86_64-linux-gnu/libXxf86vm.so.1.0.0
7f37f4bf8000-7f37f4df7000 ---p 00005000 08:01 4464784                    /usr/lib/x86_64-linux-gnu/libXxf86vm.so.1.0.0
7f37f4df7000-7f37f4df8000 r--p 00004000 08:01 4464784                    /usr/lib/x86_64-linux-gnu/libXxf86vm.so.1.0.0
7f37f4df8000-7f37f4df9000 rw-p 00005000 08:01 4464784                    /usr/lib/x86_64-linux-gnu/libXxf86vm.so.1.0.0
7f37f4df9000-7f37f4dfe000 r-xp 00000000 08:01 4464746                    /usr/lib/x86_64-linux-gnu/libXdmcp.so.6.0.0
7f37f4dfe000-7f37f4ffd000 ---p 00005000 08:01 4464746                    /usr/lib/x86_64-linux-gnu/libXdmcp.so.6.0.0
7f37f4ffd000-7f37f4ffe000 r--p 00004000 08:01 4464746                    /usr/lib/x86_64-linux-gnu/libXdmcp.so.6.0.0
7f37f4ffe000-7f37f4fff000 rw-p 00005000 08:01 4464746                    /usr/lib/x86_64-linux-gnu/libXdmcp.so.6.0.0
7f37f4fff000-7f37f8000000 rw-p 00000000 00:00 0 
7f37f8000000-7f37f8021000 rw-p 00000000 00:00 0 
7f37f8021000-7f37fc000000 ---p 00000000 00:00 0 
7f37fc000000-7f3800000000 rw-p 00000000 00:00 0 
7f3800000000-7f3800021000 rw-p 00000000 00:00 0 
7f3800021000-7f3804000000 ---p 00000000 00:00 0 
7f3804000000-7f3804021000 rw-p 00000000 00:00 0 
7f3804021000-7f3808000000 ---p 00000000 00:00 0 
7f3808000000-7f3808021000 rw-p 00000000 00:00 0 
7f3808021000-7f380c000000 ---p 00000000 00:00 0 
7f380c1a5000-7f380c1a7000 r-xp 00000000 08:01 4464735                    /usr/lib/x86_64-linux-gnu/libXau.so.6.0.0
7f380c1a7000-7f380c3a7000 ---p 00002000 08:01 4464735                    /usr/lib/x86_64-linux-gnu/libXau.so.6.0.0
7f380c3a7000-7f380c3a8000 r--p 00002000 08:01 4464735                    /usr/lib/x86_64-linux-gnu/libXau.so.6.0.0
7f380c3a8000-7f380c3a9000 rw-p 00003000 08:01 4464735                    /usr/lib/x86_64-linux-gnu/libXau.so.6.0.0
7f380c3a9000-7f380c3ca000 r-xp 00000000 08:01 4466084                    /usr/lib/x86_64-linux-gnu/libxcb.so.1.1.0
7f380c3ca000-7f380c5c9000 ---p 00021000 08:01 4466084                    /usr/lib/x86_64-linux-gnu/libxcb.so.1.1.0
7f380c5c9000-7f380c5ca000 r--p 00020000 08:01 4466084                    /usr/lib/x86_64-linux-gnu/libxcb.so.1.1.0
7f380c5ca000-7f380c5cb000 rw-p 00021000 08:01 4466084                    /usr/lib/x86_64-linux-gnu/libxcb.so.1.1.0
7f380c5cb000-7f380c700000 r-xp 00000000 08:01 4464731                    /usr/lib/x86_64-linux-gnu/libX11.so.6.3.0
7f380c700000-7f380c900000 ---p 00135000 08:01 4464731                    /usr/lib/x86_64-linux-gnu/libX11.so.6.3.0
7f380c900000-7f380c901000 r--p 00135000 08:01 4464731                    /usr/lib/x86_64-linux-gnu/libX11.so.6.3.0
7f380c901000-7f380c905000 rw-p 00136000 08:01 4464731                    /usr/lib/x86_64-linux-gnu/libX11.so.6.3.0
7f380c907000-7f380c90c000 r-xp 00000000 00:00 0 
7f380c90c000-7f380c914000 rw-s 00000000 00:05 22260978                   /drm mm object (deleted)
7f380c914000-7f380c915000 rwxp 00000000 00:00 0 
7f380c915000-7f380c917000 r-xp 00000000 00:00 0 
7f380c917000-7f380c91f000 rw-s 00000000 00:05 22260869                   /drm mm object (deleted)
7f380c91f000-7f380c920000 rw-s 00000000 00:05 22260861                   /drm mm object (deleted)
7f380c920000-7f380c928000 rw-s 00000000 00:05 22260859                   /drm mm object (deleted)
7f380c928000-7f380c92f000 r--s 00000000 08:01 4722713                    /usr/lib/x86_64-linux-gnu/gconv/gconv-modules.cache
7f380c92f000-7f380c965000 r-xp 00000000 08:01 25568105                   /tmp/lwjglmichael1337/3.1.6-build-14/libglfw.so
7f380c965000-7f380cb64000 ---p 00036000 08:01 25568105                   /tmp/lwjglmichael1337/3.1.6-build-14/libglfw.so
7f380cb64000-7f380cb65000 r--p 00035000 08:01 25568105                   /tmp/lwjglmichael1337/3.1.6-build-14/libglfw.so
7f380cb65000-7f380cb66000 rw-p 00036000 08:01 25568105                   /tmp/lwjglmichael1337/3.1.6-build-14/libglfw.so
7f380cb66000-7f380cb87000 rw-p 00000000 00:00 0 
7f380cb87000-7f380cb88000 r-xp 00000000 00:00 0 
7f380cb88000-7f380cbdc000 r-xp 00000000 08:01 25568104                   /tmp/lwjglmichael1337/3.1.6-build-14/liblwjgl.so
7f380cbdc000-7f380cddc000 ---p 00054000 08:01 25568104                   /tmp/lwjglmichael1337/3.1.6-build-14/liblwjgl.so
7f380cddc000-7f380cddd000 r--p 00054000 08:01 25568104                   /tmp/lwjglmichael1337/3.1.6-build-14/liblwjgl.so
7f380cddd000-7f380cdde000 rw-p 00055000 08:01 25568104                   /tmp/lwjglmichael1337/3.1.6-build-14/liblwjgl.so
7f380cdde000-7f380cdef000 r-xp 00000000 08:01 24119418                   /home/michael1337/Programs/jdk/jdk1.8.0_121/jre/lib/amd64/libnio.so
7f380cdef000-7f380cfee000 ---p 00011000 08:01 24119418                   /home/michael1337/Programs/jdk/jdk1.8.0_121/jre/lib/amd64/libnio.so
7f380cfee000-7f380cfef000 rw-p 00010000 08:01 24119418                   /home/michael1337/Programs/jdk/jdk1.8.0_121/jre/lib/amd64/libnio.so
7f380cfef000-7f380cff0000 ---p 00000000 00:00 0 
7f380cff0000-7f380d0f0000 rw-p 00000000 00:00 0 
7f380d0f0000-7f380d0f3000 ---p 00000000 00:00 0 
7f380d0f3000-7f380d1f1000 rw-p 00000000 00:00 0 
7f380d1f1000-7f380d1f4000 ---p 00000000 00:00 0 
7f380d1f4000-7f380d2f2000 rw-p 00000000 00:00 0 
7f380d2f2000-7f380d2f5000 ---p 00000000 00:00 0 
7f380d2f5000-7f380d3f3000 rw-p 00000000 00:00 0 
7f380d3f3000-7f380d409000 r-xp 00000000 08:01 24119393                   /home/michael1337/Programs/jdk/jdk1.8.0_121/jre/lib/amd64/libnet.so
7f380d409000-7f380d609000 ---p 00016000 08:01 24119393                   /home/michael1337/Programs/jdk/jdk1.8.0_121/jre/lib/amd64/libnet.so
7f380d609000-7f380d60a000 rw-p 00016000 08:01 24119393                   /home/michael1337/Programs/jdk/jdk1.8.0_121/jre/lib/amd64/libnet.so
7f380d60a000-7f380d60d000 ---p 00000000 00:00 0 
7f380d60d000-7f380d70b000 rw-p 00000000 00:00 0 
7f380d70b000-7f380d70e000 ---p 00000000 00:00 0 
7f380d70e000-7f380d80c000 rw-p 00000000 00:00 0 
7f380d80c000-7f380d80e000 r--s 0001a000 08:01 24788587                   /home/michael1337/Programs/intellij/idea-IU-181.5281.24/lib/idea_rt.jar
7f380d80e000-7f380d812000 r--s 00031000 08:01 27009233                   /home/michael1337/Documents/Neolithic/game/lib/commons-io-2.6/commons-io-2.6.jar
7f380d812000-7f380d819000 r--s 00058000 08:01 27009231                   /home/michael1337/Documents/Neolithic/game/lib/commons-io-2.6/commons-io-2.6-tests.jar
7f380d819000-7f380d81a000 r--s 00002000 08:01 25701703                   /home/michael1337/Documents/Neolithic/game/lib/PNGDecoder.jar
7f380d81a000-7f380d81f000 r--s 00045000 08:01 26222668                   /home/michael1337/Documents/Neolithic/game/lib/lwjgl/lwjgl.jar
7f380d81f000-7f380d832000 r--s 0014d000 08:01 26222592                   /home/michael1337/Documents/Neolithic/game/lib/lwjgl/lwjgl-vulkan.jar
7f380d832000-7f380d834000 r--s 00018000 08:01 26221583                   /home/michael1337/Documents/Neolithic/game/lib/lwjgl/lwjgl-stb.jar
7f380d834000-7f380d835000 r--s 0006f000 08:01 26221581                   /home/michael1337/Documents/Neolithic/game/lib/lwjgl/lwjgl-stb-natives-windows.jar
7f380d835000-7f380d836000 r--s 0002a000 08:01 26221580                   /home/michael1337/Documents/Neolithic/game/lib/lwjgl/lwjgl-stb-natives-macos.jar
7f380d836000-7f380d837000 r--s 00031000 08:01 26221579                   /home/michael1337/Documents/Neolithic/game/lib/lwjgl/lwjgl-stb-natives-linux.jar
7f380d837000-7f380d838000 r--s 00002000 08:01 26221577                   /home/michael1337/Documents/Neolithic/game/lib/lwjgl/lwjgl-par.jar
7f380d838000-7f380d839000 r--s 00031000 08:01 26221574                   /home/michael1337/Documents/Neolithic/game/lib/lwjgl/lwjgl-par-natives-windows.jar
7f380d839000-7f380d83a000 r--s 00004000 08:01 26222670                   /home/michael1337/Documents/Neolithic/game/lib/lwjgl/lwjgl-par-natives-macos.jar
7f380d83a000-7f380d844000 r--s 000bf000 08:01 26221572                   /home/michael1337/Documents/Neolithic/game/lib/lwjgl/lwjgl-opengl.jar
7f380d844000-7f380d847000 ---p 00000000 00:00 0 
7f380d847000-7f380d945000 rw-p 00000000 00:00 0 
7f380d945000-7f380dc1e000 r--p 00000000 08:01 4457405                    /usr/lib/locale/locale-archive
7f380dc1e000-7f380dc21000 ---p 00000000 00:00 0 
7f380dc21000-7f380dd1f000 rw-p 00000000 00:00 0 
7f380dd1f000-7f380dd22000 ---p 00000000 00:00 0 
7f380dd22000-7f380de20000 rw-p 00000000 00:00 0 
7f380de20000-7f380de21000 ---p 00000000 00:00 0 
7f380de21000-7f380ee7f000 rw-p 00000000 00:00 0 
7f380ee7f000-7f380f058000 r--s 03d3e000 08:01 24119385                   /home/michael1337/Programs/jdk/jdk1.8.0_121/jre/lib/rt.jar
7f380f058000-7f380f798000 rw-p 00000000 00:00 0 
7f380f798000-7f380f858000 ---p 00000000 00:00 0 
7f380f858000-7f380fc58000 rw-p 00000000 00:00 0 
7f380fc58000-7f380fc59000 ---p 00000000 00:00 0 
7f380fc59000-7f380fd59000 rw-p 00000000 00:00 0 
7f380fd59000-7f380fd5a000 ---p 00000000 00:00 0 
7f380fd5a000-7f380fe5a000 rw-p 00000000 00:00 0 
7f380fe5a000-7f380fe5b000 ---p 00000000 00:00 0 
7f380fe5b000-7f38100b1000 rw-p 00000000 00:00 0 
7f38100b1000-7f3810206000 ---p 00000000 00:00 0 
7f3810206000-7f381035c000 rw-p 00000000 00:00 0 
7f381035c000-7f38104b0000 ---p 00000000 00:00 0 
7f38104b0000-7f381055c000 rw-p 00000000 00:00 0 
7f381055c000-7f3810606000 ---p 00000000 00:00 0 
7f3810606000-7f3810613000 rw-p 00000000 00:00 0 
7f3810613000-7f38109c7000 ---p 00000000 00:00 0 
7f38109c7000-7f3810ca7000 rwxp 00000000 00:00 0 
7f3810ca7000-7f381f9c7000 ---p 00000000 00:00 0 
7f381f9c7000-7f381f9e1000 r-xp 00000000 08:01 24119416                   /home/michael1337/Programs/jdk/jdk1.8.0_121/jre/lib/amd64/libzip.so
7f381f9e1000-7f381fbe1000 ---p 0001a000 08:01 24119416                   /home/michael1337/Programs/jdk/jdk1.8.0_121/jre/lib/amd64/libzip.so
7f381fbe1000-7f381fbe2000 rw-p 0001a000 08:01 24119416                   /home/michael1337/Programs/jdk/jdk1.8.0_121/jre/lib/amd64/libzip.so
7f381fbe2000-7f381fbed000 r-xp 00000000 08:01 20845377                   /lib/x86_64-linux-gnu/libnss_files-2.23.so
7f381fbed000-7f381fdec000 ---p 0000b000 08:01 20845377                   /lib/x86_64-linux-gnu/libnss_files-2.23.so
7f381fdec000-7f381fded000 r--p 0000a000 08:01 20845377                   /lib/x86_64-linux-gnu/libnss_files-2.23.so
7f381fded000-7f381fdee000 rw-p 0000b000 08:01 20845377                   /lib/x86_64-linux-gnu/libnss_files-2.23.so
7f381fdee000-7f381fdf4000 rw-p 00000000 00:00 0 
7f381fdf4000-7f381fdff000 r-xp 00000000 08:01 20845381                   /lib/x86_64-linux-gnu/libnss_nis-2.23.so
7f381fdff000-7f381fffe000 ---p 0000b000 08:01 20845381                   /lib/x86_64-linux-gnu/libnss_nis-2.23.so
7f381fffe000-7f381ffff000 r--p 0000a000 08:01 20845381                   /lib/x86_64-linux-gnu/libnss_nis-2.23.so
7f381ffff000-7f3820000000 rw-p 0000b000 08:01 20845381                   /lib/x86_64-linux-gnu/libnss_nis-2.23.so
7f3820000000-7f38213a9000 rw-p 00000000 00:00 0 
7f38213a9000-7f3824000000 ---p 00000000 00:00 0 
7f3824000000-7f3824001000 r--s 00005000 08:01 26221573                   /home/michael1337/Documents/Neolithic/game/lib/lwjgl/lwjgl-par-natives-linux.jar
7f3824001000-7f3824002000 r--s 0002a000 08:01 26221570                   /home/michael1337/Documents/Neolithic/game/lib/lwjgl/lwjgl-opengl-natives-windows.jar
7f3824002000-7f3824003000 r--s 0000b000 08:01 26221569                   /home/michael1337/Documents/Neolithic/game/lib/lwjgl/lwjgl-opengl-natives-macos.jar
7f3824003000-7f3824004000 r--s 00016000 08:01 26221568                   /home/michael1337/Documents/Neolithic/game/lib/lwjgl/lwjgl-opengl-natives-linux.jar
7f3824004000-7f3824007000 r--s 00011000 08:01 26221566                   /home/michael1337/Documents/Neolithic/game/lib/lwjgl/lwjgl-openal.jar
7f3824007000-7f3824008000 r--s 00105000 08:01 26221562                   /home/michael1337/Documents/Neolithic/game/lib/lwjgl/lwjgl-openal-natives-windows.jar
7f3824008000-7f3824009000 r--s 00064000 08:01 26221560                   /home/michael1337/Documents/Neolithic/game/lib/lwjgl/lwjgl-openal-natives-macos.jar
7f3824009000-7f382400a000 r--s 00077000 08:01 26221559                   /home/michael1337/Documents/Neolithic/game/lib/lwjgl/lwjgl-openal-natives-linux.jar
7f382400a000-7f382400f000 r--s 0005f000 08:01 26221557                   /home/michael1337/Documents/Neolithic/game/lib/lwjgl/lwjgl-nuklear.jar
7f382400f000-7f3824010000 r--s 00041000 08:01 26221556                   /home/michael1337/Documents/Neolithic/game/lib/lwjgl/lwjgl-nuklear-natives-windows.jar
7f3824010000-7f3824011000 r--s 0002e000 08:01 26221561                   /home/michael1337/Documents/Neolithic/game/lib/lwjgl/lwjgl-nuklear-natives-macos.jar
7f3824011000-7f3824012000 r--s 00022000 08:01 26221554                   /home/michael1337/Documents/Neolithic/game/lib/lwjgl/lwjgl-nuklear-natives-linux.jar
7f3824012000-7f3824013000 r--s 00039000 08:01 26222669                   /home/michael1337/Documents/Neolithic/game/lib/lwjgl/lwjgl-natives-windows.jar
7f3824013000-7f3824015000 r--s 00008000 08:01 26222596                   /home/michael1337/Documents/Neolithic/game/lib/lwjgl/lwjgl-natives-macos.jar
7f3824015000-7f3824016000 r--s 00013000 08:01 26222595                   /home/michael1337/Documents/Neolithic/game/lib/lwjgl/lwjgl-natives-linux.jar
7f3824016000-7f3824018000 r--s 0000e000 08:01 26221549                   /home/michael1337/Documents/Neolithic/game/lib/lwjgl/lwjgl-nanovg.jar
7f3824018000-7f3824019000 r--s 00068000 08:01 26221547                   /home/michael1337/Documents/Neolithic/game/lib/lwjgl/lwjgl-nanovg-natives-windows.jar
7f3824019000-7f382401b000 r--s 00026000 08:01 26221553                   /home/michael1337/Documents/Neolithic/game/lib/lwjgl/lwjgl-nanovg-natives-macos.jar
7f382401b000-7f382401c000 r--s 00029000 08:01 26221546                   /home/michael1337/Documents/Neolithic/game/lib/lwjgl/lwjgl-nanovg-natives-linux.jar
7f382401c000-7f382401f000 r--s 00019000 08:01 26221542                   /home/michael1337/Documents/Neolithic/game/lib/lwjgl/lwjgl-glfw.jar
7f382401f000-7f3824020000 r--s 0003d000 08:01 26221544                   /home/michael1337/Documents/Neolithic/game/lib/lwjgl/lwjgl-glfw-natives-windows.jar
7f3824020000-7f3824021000 r--s 0000e000 08:01 26221540                   /home/michael1337/Documents/Neolithic/game/lib/lwjgl/lwjgl-glfw-natives-macos.jar
7f3824021000-7f3824023000 r--s 00022000 08:01 26221539                   /home/michael1337/Documents/Neolithic/game/lib/lwjgl/lwjgl-glfw-natives-linux.jar
7f3824023000-7f3824099000 rw-p 00000000 00:00 0 
7f3824099000-7f382409a000 ---p 00000000 00:00 0 
7f382409a000-7f382419a000 rw-p 00000000 00:00 0 
7f382419a000-7f38241b0000 r-xp 00000000 08:01 20845361                   /lib/x86_64-linux-gnu/libnsl-2.23.so
7f38241b0000-7f38243af000 ---p 00016000 08:01 20845361                   /lib/x86_64-linux-gnu/libnsl-2.23.so
7f38243af000-7f38243b0000 r--p 00015000 08:01 20845361                   /lib/x86_64-linux-gnu/libnsl-2.23.so
7f38243b0000-7f38243b1000 rw-p 00016000 08:01 20845361                   /lib/x86_64-linux-gnu/libnsl-2.23.so
7f38243b1000-7f38243b3000 rw-p 00000000 00:00 0 
7f38243b3000-7f38243bb000 r-xp 00000000 08:01 20845372                   /lib/x86_64-linux-gnu/libnss_compat-2.23.so
7f38243bb000-7f38245ba000 ---p 00008000 08:01 20845372                   /lib/x86_64-linux-gnu/libnss_compat-2.23.so
7f38245ba000-7f38245bb000 r--p 00007000 08:01 20845372                   /lib/x86_64-linux-gnu/libnss_compat-2.23.so
7f38245bb000-7f38245bc000 rw-p 00008000 08:01 20845372                   /lib/x86_64-linux-gnu/libnss_compat-2.23.so
7f38245bc000-7f38245c6000 r-xp 00000000 08:01 24119454                   /home/michael1337/Programs/jdk/jdk1.8.0_121/jre/lib/amd64/libinstrument.so
7f38245c6000-7f38247c5000 ---p 0000a000 08:01 24119454                   /home/michael1337/Programs/jdk/jdk1.8.0_121/jre/lib/amd64/libinstrument.so
7f38247c5000-7f38247c6000 rw-p 00009000 08:01 24119454                   /home/michael1337/Programs/jdk/jdk1.8.0_121/jre/lib/amd64/libinstrument.so
7f38247c6000-7f38247f1000 r-xp 00000000 08:01 24119443                   /home/michael1337/Programs/jdk/jdk1.8.0_121/jre/lib/amd64/libjava.so
7f38247f1000-7f38249f0000 ---p 0002b000 08:01 24119443                   /home/michael1337/Programs/jdk/jdk1.8.0_121/jre/lib/amd64/libjava.so
7f38249f0000-7f38249f2000 rw-p 0002a000 08:01 24119443                   /home/michael1337/Programs/jdk/jdk1.8.0_121/jre/lib/amd64/libjava.so
7f38249f2000-7f38249ff000 r-xp 00000000 08:01 24119394                   /home/michael1337/Programs/jdk/jdk1.8.0_121/jre/lib/amd64/libverify.so
7f38249ff000-7f3824bfe000 ---p 0000d000 08:01 24119394                   /home/michael1337/Programs/jdk/jdk1.8.0_121/jre/lib/amd64/libverify.so
7f3824bfe000-7f3824c00000 rw-p 0000c000 08:01 24119394                   /home/michael1337/Programs/jdk/jdk1.8.0_121/jre/lib/amd64/libverify.so
7f3824c00000-7f3824c07000 r-xp 00000000 08:01 20845382                   /lib/x86_64-linux-gnu/librt-2.23.so
7f3824c07000-7f3824e06000 ---p 00007000 08:01 20845382                   /lib/x86_64-linux-gnu/librt-2.23.so
7f3824e06000-7f3824e07000 r--p 00006000 08:01 20845382                   /lib/x86_64-linux-gnu/librt-2.23.so
7f3824e07000-7f3824e08000 rw-p 00007000 08:01 20845382                   /lib/x86_64-linux-gnu/librt-2.23.so
7f3824e08000-7f3824f10000 r-xp 00000000 08:01 20845355                   /lib/x86_64-linux-gnu/libm-2.23.so
7f3824f10000-7f382510f000 ---p 00108000 08:01 20845355                   /lib/x86_64-linux-gnu/libm-2.23.so
7f382510f000-7f3825110000 r--p 00107000 08:01 20845355                   /lib/x86_64-linux-gnu/libm-2.23.so
7f3825110000-7f3825111000 rw-p 00108000 08:01 20845355                   /lib/x86_64-linux-gnu/libm-2.23.so
7f3825111000-7f3825ddf000 r-xp 00000000 08:01 24119447                   /home/michael1337/Programs/jdk/jdk1.8.0_121/jre/lib/amd64/server/libjvm.so
7f3825ddf000-7f3825fdf000 ---p 00cce000 08:01 24119447                   /home/michael1337/Programs/jdk/jdk1.8.0_121/jre/lib/amd64/server/libjvm.so
7f3825fdf000-7f38260b8000 rw-p 00cce000 08:01 24119447                   /home/michael1337/Programs/jdk/jdk1.8.0_121/jre/lib/amd64/server/libjvm.so
7f38260b8000-7f3826103000 rw-p 00000000 00:00 0 
7f3826103000-7f38262c3000 r-xp 00000000 08:01 20845364                   /lib/x86_64-linux-gnu/libc-2.23.so
7f38262c3000-7f38264c3000 ---p 001c0000 08:01 20845364                   /lib/x86_64-linux-gnu/libc-2.23.so
7f38264c3000-7f38264c7000 r--p 001c0000 08:01 20845364                   /lib/x86_64-linux-gnu/libc-2.23.so
7f38264c7000-7f38264c9000 rw-p 001c4000 08:01 20845364                   /lib/x86_64-linux-gnu/libc-2.23.so
7f38264c9000-7f38264cd000 rw-p 00000000 00:00 0 
7f38264cd000-7f38264d0000 r-xp 00000000 08:01 20845366                   /lib/x86_64-linux-gnu/libdl-2.23.so
7f38264d0000-7f38266cf000 ---p 00003000 08:01 20845366                   /lib/x86_64-linux-gnu/libdl-2.23.so
7f38266cf000-7f38266d0000 r--p 00002000 08:01 20845366                   /lib/x86_64-linux-gnu/libdl-2.23.so
7f38266d0000-7f38266d1000 rw-p 00003000 08:01 20845366                   /lib/x86_64-linux-gnu/libdl-2.23.so
7f38266d1000-7f38266e6000 r-xp 00000000 08:01 24118528                   /home/michael1337/Programs/jdk/jdk1.8.0_121/lib/amd64/jli/libjli.so
7f38266e6000-7f38268e6000 ---p 00015000 08:01 24118528                   /home/michael1337/Programs/jdk/jdk1.8.0_121/lib/amd64/jli/libjli.so
7f38268e6000-7f38268e7000 rw-p 00015000 08:01 24118528                   /home/michael1337/Programs/jdk/jdk1.8.0_121/lib/amd64/jli/libjli.so
7f38268e7000-7f38268ff000 r-xp 00000000 08:01 20845363                   /lib/x86_64-linux-gnu/libpthread-2.23.so
7f38268ff000-7f3826afe000 ---p 00018000 08:01 20845363                   /lib/x86_64-linux-gnu/libpthread-2.23.so
7f3826afe000-7f3826aff000 r--p 00017000 08:01 20845363                   /lib/x86_64-linux-gnu/libpthread-2.23.so
7f3826aff000-7f3826b00000 rw-p 00018000 08:01 20845363                   /lib/x86_64-linux-gnu/libpthread-2.23.so
7f3826b00000-7f3826b04000 rw-p 00000000 00:00 0 
7f3826b04000-7f3826b2a000 r-xp 00000000 08:01 20845362                   /lib/x86_64-linux-gnu/ld-2.23.so
7f3826b2a000-7f3826b2e000 r--s 00027000 08:01 26221534                   /home/michael1337/Documents/Neolithic/game/lib/lwjgl/lwjgl-bgfx.jar
7f3826b2e000-7f3826b2f000 r--s 0009f000 08:01 26221533                   /home/michael1337/Documents/Neolithic/game/lib/lwjgl/lwjgl-bgfx-natives-windows.jar
7f3826b2f000-7f3826b30000 r--s 00041000 08:01 26221541                   /home/michael1337/Documents/Neolithic/game/lib/lwjgl/lwjgl-bgfx-natives-macos.jar
7f3826b30000-7f3826b31000 r--s 00051000 08:01 26221532                   /home/michael1337/Documents/Neolithic/game/lib/lwjgl/lwjgl-bgfx-natives-linux.jar
7f3826b31000-7f3826b35000 r--s 0002e000 08:01 26221528                   /home/michael1337/Documents/Neolithic/game/lib/lwjgl/lwjgl-assimp.jar
7f3826b35000-7f3826b36000 r--s 003ca000 08:01 26221526                   /home/michael1337/Documents/Neolithic/game/lib/lwjgl/lwjgl-assimp-natives-windows.jar
7f3826b36000-7f3826b37000 r--s 00230000 08:01 26221537                   /home/michael1337/Documents/Neolithic/game/lib/lwjgl/lwjgl-assimp-natives-macos.jar
7f3826b37000-7f3826b38000 r--s 002ed000 08:01 26221523                   /home/michael1337/Documents/Neolithic/game/lib/lwjgl/lwjgl-assimp-natives-linux.jar
7f3826b38000-7f3826b4b000 r--s 00345000 08:01 24119617                   /home/michael1337/Programs/jdk/jdk1.8.0_121/jre/lib/resources.jar
7f3826b4b000-7f3826b5d000 r--s 000d6000 08:01 24119616                   /home/michael1337/Programs/jdk/jdk1.8.0_121/jre/lib/plugin.jar
7f3826b5d000-7f3826b5e000 r--s 00000000 08:01 24119464                   /home/michael1337/Programs/jdk/jdk1.8.0_121/jre/lib/management-agent.jar
7f3826b5e000-7f3826b62000 r--s 0009a000 08:01 24119337                   /home/michael1337/Programs/jdk/jdk1.8.0_121/jre/lib/jsse.jar
7f3826b62000-7f3826b64000 r--s 00007000 08:01 24119458                   /home/michael1337/Programs/jdk/jdk1.8.0_121/jre/lib/jfxswt.jar
7f3826b64000-7f3826b69000 r--s 00084000 08:01 24119492                   /home/michael1337/Programs/jdk/jdk1.8.0_121/jre/lib/jfr.jar
7f3826b69000-7f3826b6c000 r--s 0001a000 08:01 24119647                   /home/michael1337/Programs/jdk/jdk1.8.0_121/jre/lib/jce.jar
7f3826b6c000-7f3826b76000 r--s 0006c000 08:01 24119500                   /home/michael1337/Programs/jdk/jdk1.8.0_121/jre/lib/javaws.jar
7f3826b76000-7f3826bf9000 rw-p 00000000 00:00 0 
7f3826bf9000-7f3826bfc000 ---p 00000000 00:00 0 
7f3826bfc000-7f3826cff000 rw-p 00000000 00:00 0 
7f3826cff000-7f3826d1a000 r--s 00209000 08:01 24119501                   /home/michael1337/Programs/jdk/jdk1.8.0_121/jre/lib/deploy.jar
7f3826d1a000-7f3826d1f000 r--s 002f9000 08:01 24119338                   /home/michael1337/Programs/jdk/jdk1.8.0_121/jre/lib/charsets.jar
7f3826d1f000-7f3826d27000 rw-s 00000000 08:01 25568113                   /tmp/hsperfdata_michael1337/19402
7f3826d27000-7f3826d28000 rw-p 00000000 00:00 0 
7f3826d28000-7f3826d29000 r--p 00000000 00:00 0 
7f3826d29000-7f3826d2a000 r--p 00025000 08:01 20845362                   /lib/x86_64-linux-gnu/ld-2.23.so
7f3826d2a000-7f3826d2b000 rw-p 00026000 08:01 20845362                   /lib/x86_64-linux-gnu/ld-2.23.so
7f3826d2b000-7f3826d2c000 rw-p 00000000 00:00 0 
7ffd24d25000-7ffd24d48000 rw-p 00000000 00:00 0                          [stack]
7ffd24df1000-7ffd24df4000 r--p 00000000 00:00 0                          [vvar]
7ffd24df4000-7ffd24df6000 r-xp 00000000 00:00 0                          [vdso]
ffffffffff600000-ffffffffff601000 r-xp 00000000 00:00 0                  [vsyscall]

VM Arguments:
jvm_args: -Dsun.java2d.opengl=true -Xms1024m -Xmx2048m -javaagent:/home/michael1337/Programs/intellij/idea-IU-181.5281.24/lib/idea_rt.jar=46264:/home/michael1337/Programs/intellij/idea-IU-181.5281.24/bin -Dfile.encoding=UTF-8 
java_command: Start
java_class_path (initial): /home/michael1337/Programs/jdk/jdk1.8.0_121/jre/lib/charsets.jar:/home/michael1337/Programs/jdk/jdk1.8.0_121/jre/lib/deploy.jar:/home/michael1337/Programs/jdk/jdk1.8.0_121/jre/lib/ext/cldrdata.jar:/home/michael1337/Programs/jdk/jdk1.8.0_121/jre/lib/ext/dnsns.jar:/home/michael1337/Programs/jdk/jdk1.8.0_121/jre/lib/ext/jaccess.jar:/home/michael1337/Programs/jdk/jdk1.8.0_121/jre/lib/ext/jfxrt.jar:/home/michael1337/Programs/jdk/jdk1.8.0_121/jre/lib/ext/localedata.jar:/home/michael1337/Programs/jdk/jdk1.8.0_121/jre/lib/ext/nashorn.jar:/home/michael1337/Programs/jdk/jdk1.8.0_121/jre/lib/ext/sunec.jar:/home/michael1337/Programs/jdk/jdk1.8.0_121/jre/lib/ext/sunjce_provider.jar:/home/michael1337/Programs/jdk/jdk1.8.0_121/jre/lib/ext/sunpkcs11.jar:/home/michael1337/Programs/jdk/jdk1.8.0_121/jre/lib/ext/zipfs.jar:/home/michael1337/Programs/jdk/jdk1.8.0_121/jre/lib/javaws.jar:/home/michael1337/Programs/jdk/jdk1.8.0_121/jre/lib/jce.jar:/home/michael1337/Programs/jdk/jdk1.8.0_121/jre/lib/jfr.jar:/home/michael1337/Programs/jdk/jdk1.8.0_121/jre/lib/jfxswt.jar:/home/michael1337/Programs/jdk/jdk1.8.0_121/jre/lib/jsse.jar:/home/michael1337/Programs/jdk/jdk1.8.0_121/jre/lib/management-agent.jar:/home/michael1337/Programs/jdk/jdk1.8.0_121/jre/lib/plugin.jar:/home/michael1337/Programs/jdk/jdk1.8.0_121/jre/lib/resources.jar:/home/michael1337/Programs/jdk/jdk1.8.0_121/jre/lib/rt.jar:/home/michael1337/Documents/Neolithic/game/out/production/game:/home/michael1337/Documents/Neolithic/game/lib/lwjgl/lwjgl-assimp-natives-linux.jar:/home/michael1337/Documents/Neolithic/game/lib/lwjgl/lwjgl-assimp-natives-macos.jar:/home/michael1337/Documents/Neolithic/game/lib/lwjgl/lwjgl-assimp-natives-windows.jar:/home/michael1337/Documents/Neolithic/game/lib/lwjgl/lwjgl-assimp.jar:/home/michael1337/Documents/Neolithic/game/lib/lwjgl/lwjgl-bgfx-natives-linux.jar:/home/michael1337/Documents/Neolithic/game/lib/lwjgl/lwjgl-bgfx-natives-macos.jar:/home/michael1337/Documents/Neolithic/
Launcher Type: SUN_STANDARD

Environment Variables:
JAVA_HOME=/home/michael1337/Programs/jdk/jdk1.8.0_121
PATH=/home/michael1337/Programs/Spin/Spin/Src6.4.8:/home/michael1337/anaconda3/bin:/home/michael1337/bin:/home/michael1337/.local/bin:/usr/local/sbin:/usr/local/bin:/usr/sbin:/usr/bin:/sbin:/bin:/usr/games:/usr/local/games:/snap/bin:/home/michael1337/Programs/jdk/jdk1.8.0_121
USERNAME=michael1337
SHELL=/bin/bash
DISPLAY=:1

Signal Handlers:
SIGSEGV: [libjvm.so+0xac78c0], sa_mask[0]=11111111011111111101111111111110, sa_flags=SA_RESTART|SA_SIGINFO
SIGBUS: [libjvm.so+0xac78c0], sa_mask[0]=11111111011111111101111111111110, sa_flags=SA_RESTART|SA_SIGINFO
SIGFPE: [libjvm.so+0x920ac0], sa_mask[0]=11111111011111111101111111111110, sa_flags=SA_RESTART|SA_SIGINFO
SIGPIPE: [libjvm.so+0x920ac0], sa_mask[0]=11111111011111111101111111111110, sa_flags=SA_RESTART|SA_SIGINFO
SIGXFSZ: [libjvm.so+0x920ac0], sa_mask[0]=11111111011111111101111111111110, sa_flags=SA_RESTART|SA_SIGINFO
SIGILL: [libjvm.so+0x920ac0], sa_mask[0]=11111111011111111101111111111110, sa_flags=SA_RESTART|SA_SIGINFO
SIGUSR1: SIG_DFL, sa_mask[0]=00000000000000000000000000000000, sa_flags=none
SIGUSR2: [libjvm.so+0x922300], sa_mask[0]=00100000000000000000000000000000, sa_flags=SA_RESTART|SA_SIGINFO
SIGHUP: [libjvm.so+0x923700], sa_mask[0]=11111111011111111101111111111110, sa_flags=SA_RESTART|SA_SIGINFO
SIGINT: [libjvm.so+0x923700], sa_mask[0]=11111111011111111101111111111110, sa_flags=SA_RESTART|SA_SIGINFO
SIGTERM: [libjvm.so+0x923700], sa_mask[0]=11111111011111111101111111111110, sa_flags=SA_RESTART|SA_SIGINFO
SIGQUIT: [libjvm.so+0x923700], sa_mask[0]=11111111011111111101111111111110, sa_flags=SA_RESTART|SA_SIGINFO


---------------  S Y S T E M  ---------------

OS:DISTRIB_ID=Ubuntu
DISTRIB_RELEASE=16.04
DISTRIB_CODENAME=xenial
DISTRIB_DESCRIPTION="Ubuntu 16.04.4 LTS"

uname:Linux 4.4.0-130-generic #156-Ubuntu SMP Thu Jun 14 08:53:28 UTC 2018 x86_64
libc:glibc 2.23 NPTL 2.23 
rlimit: STACK 8192k, CORE 0k, NPROC 61761, NOFILE 1048576, AS infinity
load average:0,64 0,80 0,79

/proc/meminfo:
MemTotal:       15852036 kB
MemFree:         8143192 kB
MemAvailable:    8796480 kB
Buffers:          117604 kB
Cached:          1190728 kB
SwapCached:         2428 kB
Active:          6732760 kB
Inactive:         631868 kB
Active(anon):    6232284 kB
Inactive(anon):   268172 kB
Active(file):     500476 kB
Inactive(file):   363696 kB
Unevictable:          16 kB
Mlocked:              16 kB
SwapTotal:      16189436 kB
SwapFree:       15909424 kB
Dirty:              5012 kB
Writeback:             0 kB
AnonPages:       6055912 kB
Mapped:           510624 kB
Shmem:            444136 kB
Slab:             150464 kB
SReclaimable:      82200 kB
SUnreclaim:        68264 kB
KernelStack:       14976 kB
PageTables:       101912 kB
NFS_Unstable:          0 kB
Bounce:                0 kB
WritebackTmp:          0 kB
CommitLimit:    24115452 kB
Committed_AS:   95829252 kB
VmallocTotal:   34359738367 kB
VmallocUsed:           0 kB
VmallocChunk:          0 kB
HardwareCorrupted:     0 kB
AnonHugePages:         0 kB
CmaTotal:              0 kB
CmaFree:               0 kB
HugePages_Total:       0
HugePages_Free:        0
HugePages_Rsvd:        0
HugePages_Surp:        0
Hugepagesize:       2048 kB
DirectMap4k:      636612 kB
DirectMap2M:    15554560 kB
DirectMap1G:           0 kB


CPU:total 4 (2 cores per cpu, 2 threads per core) family 6 model 78 stepping 3, cmov, cx8, fxsr, mmx, sse, sse2, sse3, ssse3, sse4.1, sse4.2, popcnt, avx, avx2, aes, clmul, erms, 3dnowpref, lzcnt, ht, tsc, tscinvbit, bmi1, bmi2, adx

/proc/cpuinfo:
processor	: 0
vendor_id	: GenuineIntel
cpu family	: 6
model		: 78
model name	: Intel(R) Core(TM) i7-6500U CPU @ 2.50GHz
stepping	: 3
microcode	: 0xc2
cpu MHz		: 2922.359
cache size	: 4096 KB
physical id	: 0
siblings	: 4
core id		: 0
cpu cores	: 2
apicid		: 0
initial apicid	: 0
fpu		: yes
fpu_exception	: yes
cpuid level	: 22
wp		: yes
flags		: fpu vme de pse tsc msr pae mce cx8 apic sep mtrr pge mca cmov pat pse36 clflush dts acpi mmx fxsr sse sse2 ss ht tm pbe syscall nx pdpe1gb rdtscp lm constant_tsc art arch_perfmon pebs bts rep_good nopl xtopology nonstop_tsc aperfmperf eagerfpu pni pclmulqdq dtes64 monitor ds_cpl vmx est tm2 ssse3 sdbg fma cx16 xtpr pdcm pcid sse4_1 sse4_2 x2apic movbe popcnt tsc_deadline_timer aes xsave avx f16c rdrand lahf_lm abm 3dnowprefetch epb invpcid_single intel_pt ibrs ibpb stibp kaiser tpr_shadow vnmi flexpriority ept vpid fsgsbase tsc_adjust bmi1 avx2 smep bmi2 erms invpcid mpx rdseed adx smap clflushopt xsaveopt xsavec xgetbv1 dtherm ida arat pln pts hwp hwp_notify hwp_act_window hwp_epp
bugs		: cpu_meltdown spectre_v1 spectre_v2 spec_store_bypass
bogomips	: 5184.48
clflush size	: 64
cache_alignment	: 64
address sizes	: 39 bits physical, 48 bits virtual
power management:

processor	: 1
vendor_id	: GenuineIntel
cpu family	: 6
model		: 78
model name	: Intel(R) Core(TM) i7-6500U CPU @ 2.50GHz
stepping	: 3
microcode	: 0xc2
cpu MHz		: 2891.585
cache size	: 4096 KB
physical id	: 0
siblings	: 4
core id		: 1
cpu cores	: 2
apicid		: 2
initial apicid	: 2
fpu		: yes
fpu_exception	: yes
cpuid level	: 22
wp		: yes
flags		: fpu vme de pse tsc msr pae mce cx8 apic sep mtrr pge mca cmov pat pse36 clflush dts acpi mmx fxsr sse sse2 ss ht tm pbe syscall nx pdpe1gb rdtscp lm constant_tsc art arch_perfmon pebs bts rep_good nopl xtopology nonstop_tsc aperfmperf eagerfpu pni pclmulqdq dtes64 monitor ds_cpl vmx est tm2 ssse3 sdbg fma cx16 xtpr pdcm pcid sse4_1 sse4_2 x2apic movbe popcnt tsc_deadline_timer aes xsave avx f16c rdrand lahf_lm abm 3dnowprefetch epb invpcid_single intel_pt ibrs ibpb stibp kaiser tpr_shadow vnmi flexpriority ept vpid fsgsbase tsc_adjust bmi1 avx2 smep bmi2 erms invpcid mpx rdseed adx smap clflushopt xsaveopt xsavec xgetbv1 dtherm ida arat pln pts hwp hwp_notify hwp_act_window hwp_epp
bugs		: cpu_meltdown spectre_v1 spectre_v2 spec_store_bypass
bogomips	: 5184.48
clflush size	: 64
cache_alignment	: 64
address sizes	: 39 bits physical, 48 bits virtual
power management:

processor	: 2
vendor_id	: GenuineIntel
cpu family	: 6
model		: 78
model name	: Intel(R) Core(TM) i7-6500U CPU @ 2.50GHz
stepping	: 3
microcode	: 0xc2
cpu MHz		: 2938.812
cache size	: 4096 KB
physical id	: 0
siblings	: 4
core id		: 0
cpu cores	: 2
apicid		: 1
initial apicid	: 1
fpu		: yes
fpu_exception	: yes
cpuid level	: 22
wp		: yes
flags		: fpu vme de pse tsc msr pae mce cx8 apic sep mtrr pge mca cmov pat pse36 clflush dts acpi mmx fxsr sse sse2 ss ht tm pbe syscall nx pdpe1gb rdtscp lm constant_tsc art arch_perfmon pebs bts rep_good nopl xtopology nonstop_tsc aperfmperf eagerfpu pni pclmulqdq dtes64 monitor ds_cpl vmx est tm2 ssse3 sdbg fma cx16 xtpr pdcm pcid sse4_1 sse4_2 x2apic movbe popcnt tsc_deadline_timer aes xsave avx f16c rdrand lahf_lm abm 3dnowprefetch epb invpcid_single intel_pt ibrs ibpb stibp kaiser tpr_shadow vnmi flexpriority ept vpid fsgsbase tsc_adjust bmi1 avx2 smep bmi2 erms invpcid mpx rdseed adx smap clflushopt xsaveopt xsavec xgetbv1 dtherm ida arat pln pts hwp hwp_notify hwp_act_window hwp_epp
bugs		: cpu_meltdown spectre_v1 spectre_v2 spec_store_bypass
bogomips	: 5184.48
clflush size	: 64
cache_alignment	: 64
address sizes	: 39 bits physical, 48 bits virtual
power management:

processor	: 3
vendor_id	: GenuineIntel
cpu family	: 6
model		: 78
model name	: Intel(R) Core(TM) i7-6500U CPU @ 2.50GHz
stepping	: 3
microcode	: 0xc2
cpu MHz		: 2804.851
cache size	: 4096 KB
physical id	: 0
siblings	: 4
core id		: 1
cpu cores	: 2
apicid		: 3
initial apicid	: 3
fpu		: yes
fpu_exception	: yes
cpuid level	: 22
wp		: yes
flags		: fpu vme de pse tsc msr pae mce cx8 apic sep mtrr pge mca cmov pat pse36 clflush dts acpi mmx fxsr sse sse2 ss ht tm pbe syscall nx pdpe1gb rdtscp lm constant_tsc art arch_perfmon pebs bts rep_good nopl xtopology nonstop_tsc aperfmperf eagerfpu pni pclmulqdq dtes64 monitor ds_cpl vmx est tm2 ssse3 sdbg fma cx16 xtpr pdcm pcid sse4_1 sse4_2 x2apic movbe popcnt tsc_deadline_timer aes xsave avx f16c rdrand lahf_lm abm 3dnowprefetch epb invpcid_single intel_pt ibrs ibpb stibp kaiser tpr_shadow vnmi flexpriority ept vpid fsgsbase tsc_adjust bmi1 avx2 smep bmi2 erms invpcid mpx rdseed adx smap clflushopt xsaveopt xsavec xgetbv1 dtherm ida arat pln pts hwp hwp_notify hwp_act_window hwp_epp
bugs		: cpu_meltdown spectre_v1 spectre_v2 spec_store_bypass
bogomips	: 5184.48
clflush size	: 64
cache_alignment	: 64
address sizes	: 39 bits physical, 48 bits virtual
power management:



Memory: 4k page, physical 15852036k(8142696k free), swap 16189436k(15909424k free)

vm_info: Java HotSpot(TM) 64-Bit Server VM (25.121-b13) for linux-amd64 JRE (1.8.0_121-b13), built on Dec 12 2016 16:36:53 by "java_re" with gcc 4.3.0 20080428 (Red Hat 4.3.0-8)

time: Wed Aug  1 17:40:25 2018
elapsed time: 1 seconds (0d 0h 0m 1s)

