#
# A fatal error has been detected by the Java Runtime Environment:
#
#  SIGSEGV (0xb) at pc=0x00007fb85cdd76ec, pid=31310, tid=0x00007fb87eb21700
#
# JRE version: Java(TM) SE Runtime Environment (8.0_121-b13) (build 1.8.0_121-b13)
# Java VM: Java HotSpot(TM) 64-Bit Server VM (25.121-b13 mixed mode linux-amd64 compressed oops)
# Problematic frame:
# C  [liblwjgl_opengl.so+0x446ec]  Java_org_lwjgl_opengl_GL30_nglGenVertexArrays__IJ+0xc
#
# Failed to write core dump. Core dumps have been disabled. To enable core dumping, try "ulimit -c unlimited" before starting Java again
#
# If you would like to submit a bug report, please visit:
#   http://bugreport.java.com/bugreport/crash.jsp
# The crash happened outside the Java Virtual Machine in native code.
# See problematic frame for where to report the bug.
#

---------------  T H R E A D  ---------------

Current thread (0x00007fb87800d000):  JavaThread "main" [_thread_in_native, id=31311, stack(0x00007fb87ea21000,0x00007fb87eb22000)]

siginfo: si_signo: 11 (SIGSEGV), si_code: 1 (SEGV_MAPERR), si_addr: 0x0000000000000f70

Registers:
RAX=0x0000000000000000, RBX=0x00007fb8668ff680, RCX=0x00007fb87850f00c, RDX=0x0000000000000001
RSP=0x00007fb87eb20588, RBP=0x00007fb87eb205e8, RSI=0x00007fb87850f00c, RDI=0x0000000000000001
R8 =0x0000000000000000, R9 =0x0000000000000004, R10=0x00007fb8687c5a08, R11=0x00007fb87d8fcea0
R12=0x0000000000000000, R13=0x00007fb8668ff680, R14=0x00007fb87eb20618, R15=0x00007fb87800d000
RIP=0x00007fb85cdd76ec, EFLAGS=0x0000000000010283, CSGSFS=0x0000000000000033, ERR=0x0000000000000004
  TRAPNO=0x000000000000000e

Top of Stack: (sp=0x00007fb87eb20588)
0x00007fb87eb20588:   00007fb8687c5a34 00007fb87eb205e8
0x00007fb87eb20598:   00007fb8687c57c7 00007fb8687c5782
0x00007fb87eb205a8:   00007fb87eb205a8 00007fb8668ff680
0x00007fb87eb205b8:   00007fb87eb20618 00007fb8669082a8
0x00007fb87eb205c8:   0000000000000000 00007fb8668ff680
0x00007fb87eb205d8:   0000000000000000 00007fb87eb20608
0x00007fb87eb205e8:   00007fb87eb20660 00007fb8687b62bd
0x00007fb87eb205f8:   0000000770158668 00007fb8687bf538
0x00007fb87eb20608:   00007fb87850f00c 00000007706b4ca0
0x00007fb87eb20618:   0000000000000001 00007fb87eb20620
0x00007fb87eb20628:   00007fb8668ff7f4 00007fb87eb20690
0x00007fb87eb20638:   00007fb8669082a8 0000000000000000
0x00007fb87eb20648:   00007fb8668ff860 00007fb87eb20608
0x00007fb87eb20658:   00007fb87eb20698 00007fb87eb206e0
0x00007fb87eb20668:   00007fb8687b5d00 0000000000000000
0x00007fb87eb20678:   0000000000000000 00000007706b4ca0
0x00007fb87eb20688:   0000000000010000 00000007705ed8d0
0x00007fb87eb20698:   0000000770104460 00007fb87eb206a0
0x00007fb87eb206a8:   00007fb8668edb12 00007fb87eb20710
0x00007fb87eb206b8:   00007fb8668eeb58 0000000000000000
0x00007fb87eb206c8:   00007fb8668edb90 00007fb87eb20698
0x00007fb87eb206d8:   00007fb87eb206f0 00007fb87eb20760
0x00007fb87eb206e8:   00007fb8687b62bd 0000000770119978
0x00007fb87eb206f8:   0000000770113d28 0000000770110fb8
0x00007fb87eb20708:   00000007701081a0 0000000770104460
0x00007fb87eb20718:   0000000770104460 00007fb87eb20720
0x00007fb87eb20728:   00007fb8668e8539 00007fb87eb207e0
0x00007fb87eb20738:   00007fb8668e8780 0000000000000000
0x00007fb87eb20748:   00007fb8668e8678 00007fb87eb206f0
0x00007fb87eb20758:   00007fb87eb207e0 00007fb87eb20830
0x00007fb87eb20768:   00007fb8687b6040 00000007700db318
0x00007fb87eb20778:   0000000700000003 00000007700db048 

Instructions: (pc=0x00007fb85cdd76ec)
0x00007fb85cdd76cc:   78 1c 00 00 ff e0 66 66 66 66 66 2e 0f 1f 84 00
0x00007fb85cdd76dc:   00 00 00 00 48 8b 07 48 89 ce 89 d7 48 8b 40 18
0x00007fb85cdd76ec:   48 8b 80 70 0f 00 00 ff e0 66 66 2e 0f 1f 84 00
0x00007fb85cdd76fc:   00 00 00 00 48 8b 07 48 89 ce 89 d7 48 8b 40 18 

Register to memory mapping:

RAX=0x0000000000000000 is an unknown value
RBX={method} {0x00007fb8668ff680} 'nglGenVertexArrays' '(IJ)V' in 'org/lwjgl/opengl/GL30'
RCX=0x00007fb87850f00c is an unknown value
RDX=0x0000000000000001 is an unknown value
RSP=0x00007fb87eb20588 is pointing into the stack for thread: 0x00007fb87800d000
RBP=0x00007fb87eb205e8 is pointing into the stack for thread: 0x00007fb87800d000
RSI=0x00007fb87850f00c is an unknown value
RDI=0x0000000000000001 is an unknown value
R8 =0x0000000000000000 is an unknown value
R9 =0x0000000000000004 is an unknown value
R10=0x00007fb8687c5a08 is at code_begin+808 in an Interpreter codelet
method entry point (kind = native)  [0x00007fb8687c56e0, 0x00007fb8687c5fe0]  2304 bytes
R11=0x00007fb87d8fcea0: <offset 0x9c3ea0> in /home/michael1337/Programs/jdk/jdk1.8.0_121/jre/lib/amd64/server/libjvm.so at 0x00007fb87cf39000
R12=0x0000000000000000 is an unknown value
R13={method} {0x00007fb8668ff680} 'nglGenVertexArrays' '(IJ)V' in 'org/lwjgl/opengl/GL30'
R14=0x00007fb87eb20618 is pointing into the stack for thread: 0x00007fb87800d000
R15=0x00007fb87800d000 is a thread


Stack: [0x00007fb87ea21000,0x00007fb87eb22000],  sp=0x00007fb87eb20588,  free space=1021k
Native frames: (J=compiled Java code, j=interpreted, Vv=VM code, C=native code)
C  [liblwjgl_opengl.so+0x446ec]  Java_org_lwjgl_opengl_GL30_nglGenVertexArrays__IJ+0xc
j  org.lwjgl.opengl.GL30.glGenVertexArrays()I+20
j  engine.graphics.objects.models.Mesh.<init>([F[I[F[F)V+58
j  load.OBJLoader.loadMesh(Ljava/lang/String;)Lengine/graphics/objects/models/Mesh;+625
j  engine.graphics.objects.MeshHub.loadMesh()V+5
j  engine.data.proto.Data.load()V+32
j  engine.Engine.loadData()V+15
j  tests.parser.ParserTest.main([Ljava/lang/String;)V+3
v  ~StubRoutines::call_stub
V  [libjvm.so+0x690dd6]  JavaCalls::call_helper(JavaValue*, methodHandle*, JavaCallArguments*, Thread*)+0x1056
V  [libjvm.so+0x6d21e2]  jni_invoke_static(JNIEnv_*, JavaValue*, _jobject*, JNICallType, _jmethodID*, JNI_ArgumentPusher*, Thread*)+0x362
V  [libjvm.so+0x6eea4a]  jni_CallStaticVoidMethod+0x17a
C  [libjli.so+0x7bdf]  JavaMain+0x81f
C  [libpthread.so.0+0x76ba]  start_thread+0xca

Java frames: (J=compiled Java code, j=interpreted, Vv=VM code)
j  org.lwjgl.opengl.GL30.nglGenVertexArrays(IJ)V+0
j  org.lwjgl.opengl.GL30.glGenVertexArrays()I+20
j  engine.graphics.objects.models.Mesh.<init>([F[I[F[F)V+58
j  load.OBJLoader.loadMesh(Ljava/lang/String;)Lengine/graphics/objects/models/Mesh;+625
j  engine.graphics.objects.MeshHub.loadMesh()V+5
j  engine.data.proto.Data.load()V+32
j  engine.Engine.loadData()V+15
j  tests.parser.ParserTest.main([Ljava/lang/String;)V+3
v  ~StubRoutines::call_stub

---------------  P R O C E S S  ---------------

Java Threads: ( => current thread )
  0x00007fb8783ed000 JavaThread "Service Thread" daemon [_thread_blocked, id=31333, stack(0x00007fb864574000,0x00007fb864675000)]
  0x00007fb8783c2000 JavaThread "C1 CompilerThread2" daemon [_thread_blocked, id=31332, stack(0x00007fb864675000,0x00007fb864776000)]
  0x00007fb8783c0000 JavaThread "C2 CompilerThread1" daemon [_thread_blocked, id=31331, stack(0x00007fb86498d000,0x00007fb864a8e000)]
  0x00007fb8783be000 JavaThread "C2 CompilerThread0" daemon [_thread_blocked, id=31330, stack(0x00007fb864a8e000,0x00007fb864b8f000)]
  0x00007fb8783bc800 JavaThread "Monitor Ctrl-Break" daemon [_thread_in_native, id=31329, stack(0x00007fb864b8f000,0x00007fb864c90000)]
  0x00007fb878180000 JavaThread "Signal Dispatcher" daemon [_thread_blocked, id=31328, stack(0x00007fb864cfa000,0x00007fb864dfb000)]
  0x00007fb87814e800 JavaThread "Finalizer" daemon [_thread_blocked, id=31327, stack(0x00007fb8650d4000,0x00007fb8651d5000)]
  0x00007fb87814a000 JavaThread "Reference Handler" daemon [_thread_blocked, id=31326, stack(0x00007fb8651d5000,0x00007fb8652d6000)]
=>0x00007fb87800d000 JavaThread "main" [_thread_in_native, id=31311, stack(0x00007fb87ea21000,0x00007fb87eb22000)]

Other Threads:
  0x00007fb878142800 VMThread [stack: 0x00007fb8652d6000,0x00007fb8653d7000] [id=31322]
  0x00007fb8783f1800 WatcherThread [stack: 0x00007fb864473000,0x00007fb864574000] [id=31334]

VM state:not at safepoint (normal execution)

VM Mutex/Monitor currently owned by a thread: None

Heap:
 PSYoungGen      total 72192K, used 18630K [0x000000076f580000, 0x0000000774600000, 0x00000007c0000000)
  eden space 61952K, 30% used [0x000000076f580000,0x00000007707b1a20,0x0000000773200000)
  from space 10240K, 0% used [0x0000000773c00000,0x0000000773c00000,0x0000000774600000)
  to   space 10240K, 0% used [0x0000000773200000,0x0000000773200000,0x0000000773c00000)
 ParOldGen       total 165376K, used 0K [0x00000006ce000000, 0x00000006d8180000, 0x000000076f580000)
  object space 165376K, 0% used [0x00000006ce000000,0x00000006ce000000,0x00000006d8180000)
 Metaspace       used 5880K, capacity 6082K, committed 6144K, reserved 1056768K
  class space    used 661K, capacity 735K, committed 768K, reserved 1048576K

Card table byte_map: [0x00007fb867c5d000,0x00007fb8683ee000] byte_map_base: 0x00007fb8645ed000

Marking Bits: (ParMarkBitMap*) 0x00007fb87defdc80
 Begin Bits: [0x00007fb840700000, 0x00007fb844380000)
 End Bits:   [0x00007fb844380000, 0x00007fb848000000)

Polling page: 0x00007fb87eb50000

CodeCache: size=245760Kb used=2307Kb max_used=2319Kb free=243452Kb
 bounds [0x00007fb8687ae000, 0x00007fb868a1e000, 0x00007fb8777ae000]
 total_blobs=866 nmethods=540 adapters=240
 compilation: enabled

Compilation events (10 events):
Event: 0,728 Thread 0x00007fb8783be000  538       4       java.util.concurrent.ConcurrentHashMap::tabAt (21 bytes)
Event: 0,728 Thread 0x00007fb8783be000 nmethod 538 0x00007fb8689eaad0 code [0x00007fb8689eac00, 0x00007fb8689eac58]
Event: 0,729 Thread 0x00007fb8783be000  539       4       java.util.HashMap::getNode (148 bytes)
Event: 0,730 Thread 0x00007fb8783c2000 nmethod 535 0x00007fb8689eacd0 code [0x00007fb8689eb1a0, 0x00007fb8689ee238]
Event: 0,730 Thread 0x00007fb8783c2000  537       3       java.lang.String::equalsIgnoreCase (48 bytes)
Event: 0,730 Thread 0x00007fb8783c2000 nmethod 537 0x00007fb8689ea4d0 code [0x00007fb8689ea640, 0x00007fb8689ea9a8]
Event: 0,730 Thread 0x00007fb8783c2000  534       3       java.net.URL::<init> (8 bytes)
Event: 0,730 Thread 0x00007fb8783c2000 nmethod 534 0x00007fb8689ea150 code [0x00007fb8689ea2c0, 0x00007fb8689ea448]
Event: 0,730 Thread 0x00007fb8783c2000  533   !   3       java.lang.ref.Finalizer::add (41 bytes)
Event: 0,730 Thread 0x00007fb8783c2000 nmethod 533 0x00007fb8689e9b10 code [0x00007fb8689e9c80, 0x00007fb8689ea030]

GC Heap History (0 events):
No events

Deoptimization events (2 events):
Event: 0,576 Thread 0x00007fb87800d000 Uncommon trap: reason=class_check action=maybe_recompile pc=0x00007fb868940814 method=java.util.AbstractCollection.toArray([Ljava/lang/Object;)[Ljava/lang/Object; @ 1
Event: 0,636 Thread 0x00007fb87800d000 Uncommon trap: reason=unstable_if action=reinterpret pc=0x00007fb868932e68 method=java.lang.CharacterDataLatin1.digit(II)I @ 31

Internal exceptions (10 events):
Event: 0,101 Thread 0x00007fb87800d000 Exception <a 'java/lang/NoSuchMethodError': Method sun.misc.Unsafe.defineClass(Ljava/lang/String;[BII)Ljava/lang/Class; name or signature does not match> (0x000000076f587ca8) thrown at [/HUDSON3/workspace/8-2-build-linux-amd64/jdk8u121/8372/hotspot/src/sh
Event: 0,101 Thread 0x00007fb87800d000 Exception <a 'java/lang/NoSuchMethodError': Method sun.misc.Unsafe.prefetchRead(Ljava/lang/Object;J)V name or signature does not match> (0x000000076f587f90) thrown at [/HUDSON3/workspace/8-2-build-linux-amd64/jdk8u121/8372/hotspot/src/share/vm/prims/jni.c
Event: 0,571 Thread 0x00007fb87800d000 Exception <a 'java/lang/NoSuchFieldError': method resolution failed> (0x00000007703176b0) thrown at [/HUDSON3/workspace/8-2-build-linux-amd64/jdk8u121/8372/hotspot/src/share/vm/prims/methodHandles.cpp, line 1146]
Event: 0,573 Thread 0x00007fb87800d000 Exception <a 'java/lang/NoSuchFieldError': method resolution failed> (0x00000007703254c8) thrown at [/HUDSON3/workspace/8-2-build-linux-amd64/jdk8u121/8372/hotspot/src/share/vm/prims/methodHandles.cpp, line 1146]
Event: 0,651 Thread 0x00007fb87800d000 Exception <a 'java/lang/NoSuchMethodError': java.lang.Object.lambda$static$0(Ljava/lang/String;)Ljava/lang/Boolean;> (0x000000077048e8d8) thrown at [/HUDSON3/workspace/8-2-build-linux-amd64/jdk8u121/8372/hotspot/src/share/vm/interpreter/linkResolver.cpp, 
Event: 0,668 Thread 0x00007fb87800d000 Exception <a 'java/security/PrivilegedActionException'> (0x00000007704e1ec8) thrown at [/HUDSON3/workspace/8-2-build-linux-amd64/jdk8u121/8372/hotspot/src/share/vm/prims/jvm.cpp, line 1390]
Event: 0,668 Thread 0x00007fb87800d000 Exception <a 'java/security/PrivilegedActionException'> (0x00000007704e20d8) thrown at [/HUDSON3/workspace/8-2-build-linux-amd64/jdk8u121/8372/hotspot/src/share/vm/prims/jvm.cpp, line 1390]
Event: 0,669 Thread 0x00007fb87800d000 Exception <a 'java/security/PrivilegedActionException'> (0x00000007704e4bd8) thrown at [/HUDSON3/workspace/8-2-build-linux-amd64/jdk8u121/8372/hotspot/src/share/vm/prims/jvm.cpp, line 1390]
Event: 0,669 Thread 0x00007fb87800d000 Exception <a 'java/security/PrivilegedActionException'> (0x00000007704e4de8) thrown at [/HUDSON3/workspace/8-2-build-linux-amd64/jdk8u121/8372/hotspot/src/share/vm/prims/jvm.cpp, line 1390]
Event: 0,706 Thread 0x00007fb87800d000 Exception <a 'sun/nio/fs/UnixException'> (0x000000077059c0a0) thrown at [/HUDSON3/workspace/8-2-build-linux-amd64/jdk8u121/8372/hotspot/src/share/vm/prims/jni.cpp, line 709]

Events (10 events):
Event: 0,724 loading class org/lwjgl/system/jni/JNINativeInterface
Event: 0,724 loading class org/lwjgl/system/jni/JNINativeInterface done
Event: 0,726 loading class org/lwjgl/system/linux/DynamicLinkLoader
Event: 0,726 loading class org/lwjgl/system/linux/DynamicLinkLoader done
Event: 0,728 loading class org/lwjgl/opengl/GL$2
Event: 0,728 loading class org/lwjgl/opengl/GL$2 done
Event: 0,729 loading class org/lwjgl/opengl/GL$SharedLibraryGL
Event: 0,729 loading class org/lwjgl/opengl/GL$SharedLibraryGL done
Event: 0,729 loading class org/lwjgl/system/SharedLibrary$Delegate
Event: 0,729 loading class org/lwjgl/system/SharedLibrary$Delegate done


Dynamic libraries:
00400000-00401000 r-xp 00000000 08:01 24119309                           /home/michael1337/Programs/jdk/jdk1.8.0_121/bin/java
00600000-00601000 rw-p 00000000 08:01 24119309                           /home/michael1337/Programs/jdk/jdk1.8.0_121/bin/java
022e9000-0230a000 rw-p 00000000 00:00 0                                  [heap]
6ce000000-6d8180000 rw-p 00000000 00:00 0 
6d8180000-76f580000 ---p 00000000 00:00 0 
76f580000-774600000 rw-p 00000000 00:00 0 
774600000-7c0000000 ---p 00000000 00:00 0 
7c0000000-7c00c0000 rw-p 00000000 00:00 0 
7c00c0000-800000000 ---p 00000000 00:00 0 
7fb81c000000-7fb81c021000 rw-p 00000000 00:00 0 
7fb81c021000-7fb820000000 ---p 00000000 00:00 0 
7fb820000000-7fb820021000 rw-p 00000000 00:00 0 
7fb820021000-7fb824000000 ---p 00000000 00:00 0 
7fb824000000-7fb82412b000 rw-p 00000000 00:00 0 
7fb82412b000-7fb828000000 ---p 00000000 00:00 0 
7fb828000000-7fb8281d7000 rw-p 00000000 00:00 0 
7fb8281d7000-7fb82c000000 ---p 00000000 00:00 0 
7fb82c000000-7fb82c021000 rw-p 00000000 00:00 0 
7fb82c021000-7fb830000000 ---p 00000000 00:00 0 
7fb830000000-7fb8301fc000 rw-p 00000000 00:00 0 
7fb8301fc000-7fb834000000 ---p 00000000 00:00 0 
7fb834000000-7fb834021000 rw-p 00000000 00:00 0 
7fb834021000-7fb838000000 ---p 00000000 00:00 0 
7fb838000000-7fb838021000 rw-p 00000000 00:00 0 
7fb838021000-7fb83c000000 ---p 00000000 00:00 0 
7fb83c000000-7fb83c021000 rw-p 00000000 00:00 0 
7fb83c021000-7fb840000000 ---p 00000000 00:00 0 
7fb840700000-7fb848000000 rw-p 00000000 00:00 0 
7fb848000000-7fb848021000 rw-p 00000000 00:00 0 
7fb848021000-7fb84c000000 ---p 00000000 00:00 0 
7fb84c000000-7fb84c021000 rw-p 00000000 00:00 0 
7fb84c021000-7fb850000000 ---p 00000000 00:00 0 
7fb850000000-7fb850021000 rw-p 00000000 00:00 0 
7fb850021000-7fb854000000 ---p 00000000 00:00 0 
7fb856213000-7fb856218000 r-xp 00000000 08:01 4464746                    /usr/lib/x86_64-linux-gnu/libXdmcp.so.6.0.0
7fb856218000-7fb856417000 ---p 00005000 08:01 4464746                    /usr/lib/x86_64-linux-gnu/libXdmcp.so.6.0.0
7fb856417000-7fb856418000 r--p 00004000 08:01 4464746                    /usr/lib/x86_64-linux-gnu/libXdmcp.so.6.0.0
7fb856418000-7fb856419000 rw-p 00005000 08:01 4464746                    /usr/lib/x86_64-linux-gnu/libXdmcp.so.6.0.0
7fb856419000-7fb85641b000 r-xp 00000000 08:01 4464735                    /usr/lib/x86_64-linux-gnu/libXau.so.6.0.0
7fb85641b000-7fb85661b000 ---p 00002000 08:01 4464735                    /usr/lib/x86_64-linux-gnu/libXau.so.6.0.0
7fb85661b000-7fb85661c000 r--p 00002000 08:01 4464735                    /usr/lib/x86_64-linux-gnu/libXau.so.6.0.0
7fb85661c000-7fb85661d000 rw-p 00003000 08:01 4464735                    /usr/lib/x86_64-linux-gnu/libXau.so.6.0.0
7fb85661d000-7fb85662d000 r-xp 00000000 08:01 4460530                    /usr/lib/x86_64-linux-gnu/libdrm.so.2.4.0
7fb85662d000-7fb85682d000 ---p 00010000 08:01 4460530                    /usr/lib/x86_64-linux-gnu/libdrm.so.2.4.0
7fb85682d000-7fb85682e000 r--p 00010000 08:01 4460530                    /usr/lib/x86_64-linux-gnu/libdrm.so.2.4.0
7fb85682e000-7fb85682f000 rw-p 00011000 08:01 4460530                    /usr/lib/x86_64-linux-gnu/libdrm.so.2.4.0
7fb85682f000-7fb856834000 r-xp 00000000 08:01 4464784                    /usr/lib/x86_64-linux-gnu/libXxf86vm.so.1.0.0
7fb856834000-7fb856a33000 ---p 00005000 08:01 4464784                    /usr/lib/x86_64-linux-gnu/libXxf86vm.so.1.0.0
7fb856a33000-7fb856a34000 r--p 00004000 08:01 4464784                    /usr/lib/x86_64-linux-gnu/libXxf86vm.so.1.0.0
7fb856a34000-7fb856a35000 rw-p 00005000 08:01 4464784                    /usr/lib/x86_64-linux-gnu/libXxf86vm.so.1.0.0
7fb856a35000-7fb856a56000 r-xp 00000000 08:01 4466084                    /usr/lib/x86_64-linux-gnu/libxcb.so.1.1.0
7fb856a56000-7fb856c55000 ---p 00021000 08:01 4466084                    /usr/lib/x86_64-linux-gnu/libxcb.so.1.1.0
7fb856c55000-7fb856c56000 r--p 00020000 08:01 4466084                    /usr/lib/x86_64-linux-gnu/libxcb.so.1.1.0
7fb856c56000-7fb856c57000 rw-p 00021000 08:01 4466084                    /usr/lib/x86_64-linux-gnu/libxcb.so.1.1.0
7fb856c57000-7fb856c5b000 r-xp 00000000 08:01 4466048                    /usr/lib/x86_64-linux-gnu/libxcb-dri2.so.0.0.0
7fb856c5b000-7fb856e5a000 ---p 00004000 08:01 4466048                    /usr/lib/x86_64-linux-gnu/libxcb-dri2.so.0.0.0
7fb856e5a000-7fb856e5b000 r--p 00003000 08:01 4466048                    /usr/lib/x86_64-linux-gnu/libxcb-dri2.so.0.0.0
7fb856e5b000-7fb856e5c000 rw-p 00004000 08:01 4466048                    /usr/lib/x86_64-linux-gnu/libxcb-dri2.so.0.0.0
7fb856e5c000-7fb856e73000 r-xp 00000000 08:01 4466052                    /usr/lib/x86_64-linux-gnu/libxcb-glx.so.0.0.0
7fb856e73000-7fb857072000 ---p 00017000 08:01 4466052                    /usr/lib/x86_64-linux-gnu/libxcb-glx.so.0.0.0
7fb857072000-7fb857074000 r--p 00016000 08:01 4466052                    /usr/lib/x86_64-linux-gnu/libxcb-glx.so.0.0.0
7fb857074000-7fb857075000 rw-p 00018000 08:01 4466052                    /usr/lib/x86_64-linux-gnu/libxcb-glx.so.0.0.0
7fb857075000-7fb8571aa000 r-xp 00000000 08:01 4461455                    /usr/lib/x86_64-linux-gnu/libX11.so.6.3.0
7fb8571aa000-7fb8573aa000 ---p 00135000 08:01 4461455                    /usr/lib/x86_64-linux-gnu/libX11.so.6.3.0
7fb8573aa000-7fb8573ab000 r--p 00135000 08:01 4461455                    /usr/lib/x86_64-linux-gnu/libX11.so.6.3.0
7fb8573ab000-7fb8573af000 rw-p 00136000 08:01 4461455                    /usr/lib/x86_64-linux-gnu/libX11.so.6.3.0
7fb8573af000-7fb8573b0000 r-xp 00000000 08:01 4464295                    /usr/lib/x86_64-linux-gnu/libX11-xcb.so.1.0.0
7fb8573b0000-7fb8575af000 ---p 00001000 08:01 4464295                    /usr/lib/x86_64-linux-gnu/libX11-xcb.so.1.0.0
7fb8575af000-7fb8575b0000 r--p 00000000 08:01 4464295                    /usr/lib/x86_64-linux-gnu/libX11-xcb.so.1.0.0
7fb8575b0000-7fb8575b1000 rw-p 00001000 08:01 4464295                    /usr/lib/x86_64-linux-gnu/libX11-xcb.so.1.0.0
7fb8575b1000-7fb8575b6000 r-xp 00000000 08:01 4464750                    /usr/lib/x86_64-linux-gnu/libXfixes.so.3.1.0
7fb8575b6000-7fb8577b5000 ---p 00005000 08:01 4464750                    /usr/lib/x86_64-linux-gnu/libXfixes.so.3.1.0
7fb8577b5000-7fb8577b6000 r--p 00004000 08:01 4464750                    /usr/lib/x86_64-linux-gnu/libXfixes.so.3.1.0
7fb8577b6000-7fb8577b7000 rw-p 00005000 08:01 4464750                    /usr/lib/x86_64-linux-gnu/libXfixes.so.3.1.0
7fb8577b7000-7fb8577b9000 r-xp 00000000 08:01 4464744                    /usr/lib/x86_64-linux-gnu/libXdamage.so.1.1.0
7fb8577b9000-7fb8579b8000 ---p 00002000 08:01 4464744                    /usr/lib/x86_64-linux-gnu/libXdamage.so.1.1.0
7fb8579b8000-7fb8579b9000 r--p 00001000 08:01 4464744                    /usr/lib/x86_64-linux-gnu/libXdamage.so.1.1.0
7fb8579b9000-7fb8579ba000 rw-p 00002000 08:01 4464744                    /usr/lib/x86_64-linux-gnu/libXdamage.so.1.1.0
7fb8579ba000-7fb8579cb000 r-xp 00000000 08:01 4464748                    /usr/lib/x86_64-linux-gnu/libXext.so.6.4.0
7fb8579cb000-7fb857bca000 ---p 00011000 08:01 4464748                    /usr/lib/x86_64-linux-gnu/libXext.so.6.4.0
7fb857bca000-7fb857bcb000 r--p 00010000 08:01 4464748                    /usr/lib/x86_64-linux-gnu/libXext.so.6.4.0
7fb857bcb000-7fb857bcc000 rw-p 00011000 08:01 4464748                    /usr/lib/x86_64-linux-gnu/libXext.so.6.4.0
7fb857bcc000-7fb857bf8000 r-xp 00000000 08:01 4464119                    /usr/lib/x86_64-linux-gnu/libglapi.so.0.0.0
7fb857bf8000-7fb857df7000 ---p 0002c000 08:01 4464119                    /usr/lib/x86_64-linux-gnu/libglapi.so.0.0.0
7fb857df7000-7fb857dfb000 r--p 0002b000 08:01 4464119                    /usr/lib/x86_64-linux-gnu/libglapi.so.0.0.0
7fb857dfb000-7fb857dfc000 rw-p 0002f000 08:01 4464119                    /usr/lib/x86_64-linux-gnu/libglapi.so.0.0.0
7fb857dfc000-7fb857dfd000 rw-p 00000000 00:00 0 
7fb857dfd000-7fb857dfe000 r-xp 00000000 08:01 4466096                    /usr/lib/x86_64-linux-gnu/libxshmfence.so.1.0.0
7fb857dfe000-7fb857ffe000 ---p 00001000 08:01 4466096                    /usr/lib/x86_64-linux-gnu/libxshmfence.so.1.0.0
7fb857ffe000-7fb857fff000 r--p 00001000 08:01 4466096                    /usr/lib/x86_64-linux-gnu/libxshmfence.so.1.0.0
7fb857fff000-7fb858000000 rw-p 00002000 08:01 4466096                    /usr/lib/x86_64-linux-gnu/libxshmfence.so.1.0.0
7fb858000000-7fb858021000 rw-p 00000000 00:00 0 
7fb858021000-7fb85c000000 ---p 00000000 00:00 0 
7fb85c0a5000-7fb85c0aa000 r-xp 00000000 08:01 4466072                    /usr/lib/x86_64-linux-gnu/libxcb-sync.so.1.0.0
7fb85c0aa000-7fb85c2aa000 ---p 00005000 08:01 4466072                    /usr/lib/x86_64-linux-gnu/libxcb-sync.so.1.0.0
7fb85c2aa000-7fb85c2ab000 r--p 00005000 08:01 4466072                    /usr/lib/x86_64-linux-gnu/libxcb-sync.so.1.0.0
7fb85c2ab000-7fb85c2ac000 rw-p 00006000 08:01 4466072                    /usr/lib/x86_64-linux-gnu/libxcb-sync.so.1.0.0
7fb85c2ac000-7fb85c2ae000 r-xp 00000000 08:01 4466060                    /usr/lib/x86_64-linux-gnu/libxcb-present.so.0.0.0
7fb85c2ae000-7fb85c4ad000 ---p 00002000 08:01 4466060                    /usr/lib/x86_64-linux-gnu/libxcb-present.so.0.0.0
7fb85c4ad000-7fb85c4ae000 r--p 00001000 08:01 4466060                    /usr/lib/x86_64-linux-gnu/libxcb-present.so.0.0.0
7fb85c4ae000-7fb85c4af000 rw-p 00002000 08:01 4466060                    /usr/lib/x86_64-linux-gnu/libxcb-present.so.0.0.0
7fb85c4af000-7fb85c4b1000 r-xp 00000000 08:01 4466050                    /usr/lib/x86_64-linux-gnu/libxcb-dri3.so.0.0.0
7fb85c4b1000-7fb85c6b0000 ---p 00002000 08:01 4466050                    /usr/lib/x86_64-linux-gnu/libxcb-dri3.so.0.0.0
7fb85c6b0000-7fb85c6b1000 r--p 00001000 08:01 4466050                    /usr/lib/x86_64-linux-gnu/libxcb-dri3.so.0.0.0
7fb85c6b1000-7fb85c6b2000 rw-p 00002000 08:01 4466050                    /usr/lib/x86_64-linux-gnu/libxcb-dri3.so.0.0.0
7fb85c6b2000-7fb85c6d8000 r-xp 00000000 08:01 20840649                   /lib/x86_64-linux-gnu/libexpat.so.1.6.0
7fb85c6d8000-7fb85c8d8000 ---p 00026000 08:01 20840649                   /lib/x86_64-linux-gnu/libexpat.so.1.6.0
7fb85c8d8000-7fb85c8da000 r--p 00026000 08:01 20840649                   /lib/x86_64-linux-gnu/libexpat.so.1.6.0
7fb85c8da000-7fb85c8db000 rw-p 00028000 08:01 20840649                   /lib/x86_64-linux-gnu/libexpat.so.1.6.0
7fb85c8db000-7fb85c8f4000 r-xp 00000000 08:01 20844854                   /lib/x86_64-linux-gnu/libz.so.1.2.8
7fb85c8f4000-7fb85caf3000 ---p 00019000 08:01 20844854                   /lib/x86_64-linux-gnu/libz.so.1.2.8
7fb85caf3000-7fb85caf4000 r--p 00018000 08:01 20844854                   /lib/x86_64-linux-gnu/libz.so.1.2.8
7fb85caf4000-7fb85caf5000 rw-p 00019000 08:01 20844854                   /lib/x86_64-linux-gnu/libz.so.1.2.8
7fb85caf5000-7fb85cb65000 r-xp 00000000 08:01 4718962                    /usr/lib/x86_64-linux-gnu/mesa/libGL.so.1.2.0
7fb85cb65000-7fb85cd64000 ---p 00070000 08:01 4718962                    /usr/lib/x86_64-linux-gnu/mesa/libGL.so.1.2.0
7fb85cd64000-7fb85cd67000 r--p 0006f000 08:01 4718962                    /usr/lib/x86_64-linux-gnu/mesa/libGL.so.1.2.0
7fb85cd67000-7fb85cd68000 rw-p 00072000 08:01 4718962                    /usr/lib/x86_64-linux-gnu/mesa/libGL.so.1.2.0
7fb85cd68000-7fb85cd69000 rw-p 00000000 00:00 0 
7fb85cd93000-7fb85cdfe000 r-xp 00000000 08:01 26747600                   /tmp/lwjglmichael1337/3.1.6-build-14/liblwjgl_opengl.so
7fb85cdfe000-7fb85cffd000 ---p 0006b000 08:01 26747600                   /tmp/lwjglmichael1337/3.1.6-build-14/liblwjgl_opengl.so
7fb85cffd000-7fb85cffe000 r--p 0006a000 08:01 26747600                   /tmp/lwjglmichael1337/3.1.6-build-14/liblwjgl_opengl.so
7fb85cffe000-7fb85cfff000 rw-p 0006b000 08:01 26747600                   /tmp/lwjglmichael1337/3.1.6-build-14/liblwjgl_opengl.so
7fb85cfff000-7fb860000000 rw-p 00000000 00:00 0 
7fb860000000-7fb860021000 rw-p 00000000 00:00 0 
7fb860021000-7fb864000000 ---p 00000000 00:00 0 
7fb86400c000-7fb864060000 r-xp 00000000 08:01 26747598                   /tmp/lwjglmichael1337/3.1.6-build-14/liblwjgl.so
7fb864060000-7fb864260000 ---p 00054000 08:01 26747598                   /tmp/lwjglmichael1337/3.1.6-build-14/liblwjgl.so
7fb864260000-7fb864261000 r--p 00054000 08:01 26747598                   /tmp/lwjglmichael1337/3.1.6-build-14/liblwjgl.so
7fb864261000-7fb864262000 rw-p 00055000 08:01 26747598                   /tmp/lwjglmichael1337/3.1.6-build-14/liblwjgl.so
7fb864262000-7fb864273000 r-xp 00000000 08:01 24119418                   /home/michael1337/Programs/jdk/jdk1.8.0_121/jre/lib/amd64/libnio.so
7fb864273000-7fb864472000 ---p 00011000 08:01 24119418                   /home/michael1337/Programs/jdk/jdk1.8.0_121/jre/lib/amd64/libnio.so
7fb864472000-7fb864473000 rw-p 00010000 08:01 24119418                   /home/michael1337/Programs/jdk/jdk1.8.0_121/jre/lib/amd64/libnio.so
7fb864473000-7fb864474000 ---p 00000000 00:00 0 
7fb864474000-7fb864574000 rw-p 00000000 00:00 0 
7fb864574000-7fb864577000 ---p 00000000 00:00 0 
7fb864577000-7fb864675000 rw-p 00000000 00:00 0 
7fb864675000-7fb864678000 ---p 00000000 00:00 0 
7fb864678000-7fb864776000 rw-p 00000000 00:00 0 
7fb864776000-7fb86478c000 r-xp 00000000 08:01 24119393                   /home/michael1337/Programs/jdk/jdk1.8.0_121/jre/lib/amd64/libnet.so
7fb86478c000-7fb86498c000 ---p 00016000 08:01 24119393                   /home/michael1337/Programs/jdk/jdk1.8.0_121/jre/lib/amd64/libnet.so
7fb86498c000-7fb86498d000 rw-p 00016000 08:01 24119393                   /home/michael1337/Programs/jdk/jdk1.8.0_121/jre/lib/amd64/libnet.so
7fb86498d000-7fb864990000 ---p 00000000 00:00 0 
7fb864990000-7fb864a8e000 rw-p 00000000 00:00 0 
7fb864a8e000-7fb864a91000 ---p 00000000 00:00 0 
7fb864a91000-7fb864b8f000 rw-p 00000000 00:00 0 
7fb864b8f000-7fb864b92000 ---p 00000000 00:00 0 
7fb864b92000-7fb864c90000 rw-p 00000000 00:00 0 
7fb864c90000-7fb864c92000 r--s 0001a000 08:01 24788587                   /home/michael1337/Programs/intellij/idea-IU-181.5281.24/lib/idea_rt.jar
7fb864c92000-7fb864c96000 r--s 00031000 08:01 27009233                   /home/michael1337/Documents/Neolithic/game/lib/commons-io-2.6/commons-io-2.6.jar
7fb864c96000-7fb864c9d000 r--s 00058000 08:01 27009231                   /home/michael1337/Documents/Neolithic/game/lib/commons-io-2.6/commons-io-2.6-tests.jar
7fb864c9d000-7fb864c9e000 r--s 00002000 08:01 25701703                   /home/michael1337/Documents/Neolithic/game/lib/PNGDecoder.jar
7fb864c9e000-7fb864ca3000 r--s 00045000 08:01 26222668                   /home/michael1337/Documents/Neolithic/game/lib/lwjgl/lwjgl.jar
7fb864ca3000-7fb864cb6000 r--s 0014d000 08:01 26222592                   /home/michael1337/Documents/Neolithic/game/lib/lwjgl/lwjgl-vulkan.jar
7fb864cb6000-7fb864cb8000 r--s 00018000 08:01 26221583                   /home/michael1337/Documents/Neolithic/game/lib/lwjgl/lwjgl-stb.jar
7fb864cb8000-7fb864cb9000 r--s 0006f000 08:01 26221581                   /home/michael1337/Documents/Neolithic/game/lib/lwjgl/lwjgl-stb-natives-windows.jar
7fb864cb9000-7fb864cba000 r--s 0002a000 08:01 26221580                   /home/michael1337/Documents/Neolithic/game/lib/lwjgl/lwjgl-stb-natives-macos.jar
7fb864cba000-7fb864cbb000 r--s 00031000 08:01 26221579                   /home/michael1337/Documents/Neolithic/game/lib/lwjgl/lwjgl-stb-natives-linux.jar
7fb864cbb000-7fb864cbc000 r--s 00002000 08:01 26221577                   /home/michael1337/Documents/Neolithic/game/lib/lwjgl/lwjgl-par.jar
7fb864cbc000-7fb864cbd000 r--s 00031000 08:01 26221574                   /home/michael1337/Documents/Neolithic/game/lib/lwjgl/lwjgl-par-natives-windows.jar
7fb864cbd000-7fb864cbe000 r--s 00004000 08:01 26222670                   /home/michael1337/Documents/Neolithic/game/lib/lwjgl/lwjgl-par-natives-macos.jar
7fb864cbe000-7fb864cbf000 r--s 00005000 08:01 26221573                   /home/michael1337/Documents/Neolithic/game/lib/lwjgl/lwjgl-par-natives-linux.jar
7fb864cbf000-7fb864cc9000 r--s 000bf000 08:01 26221572                   /home/michael1337/Documents/Neolithic/game/lib/lwjgl/lwjgl-opengl.jar
7fb864cc9000-7fb864cca000 r--s 0002a000 08:01 26221570                   /home/michael1337/Documents/Neolithic/game/lib/lwjgl/lwjgl-opengl-natives-windows.jar
7fb864cca000-7fb864ccb000 r--s 0000b000 08:01 26221569                   /home/michael1337/Documents/Neolithic/game/lib/lwjgl/lwjgl-opengl-natives-macos.jar
7fb864ccb000-7fb864ccc000 r--s 00016000 08:01 26221568                   /home/michael1337/Documents/Neolithic/game/lib/lwjgl/lwjgl-opengl-natives-linux.jar
7fb864ccc000-7fb864ccf000 r--s 00011000 08:01 26221566                   /home/michael1337/Documents/Neolithic/game/lib/lwjgl/lwjgl-openal.jar
7fb864ccf000-7fb864cd0000 r--s 00105000 08:01 26221562                   /home/michael1337/Documents/Neolithic/game/lib/lwjgl/lwjgl-openal-natives-windows.jar
7fb864cd0000-7fb864cd1000 r--s 00064000 08:01 26221560                   /home/michael1337/Documents/Neolithic/game/lib/lwjgl/lwjgl-openal-natives-macos.jar
7fb864cd1000-7fb864cd2000 r--s 00077000 08:01 26221559                   /home/michael1337/Documents/Neolithic/game/lib/lwjgl/lwjgl-openal-natives-linux.jar
7fb864cd2000-7fb864cd7000 r--s 0005f000 08:01 26221557                   /home/michael1337/Documents/Neolithic/game/lib/lwjgl/lwjgl-nuklear.jar
7fb864cd7000-7fb864cd8000 r--s 00041000 08:01 26221556                   /home/michael1337/Documents/Neolithic/game/lib/lwjgl/lwjgl-nuklear-natives-windows.jar
7fb864cd8000-7fb864cd9000 r--s 0002e000 08:01 26221561                   /home/michael1337/Documents/Neolithic/game/lib/lwjgl/lwjgl-nuklear-natives-macos.jar
7fb864cd9000-7fb864cda000 r--s 00022000 08:01 26221554                   /home/michael1337/Documents/Neolithic/game/lib/lwjgl/lwjgl-nuklear-natives-linux.jar
7fb864cda000-7fb864cdb000 r--s 00039000 08:01 26222669                   /home/michael1337/Documents/Neolithic/game/lib/lwjgl/lwjgl-natives-windows.jar
7fb864cdb000-7fb864cdd000 r--s 00008000 08:01 26222596                   /home/michael1337/Documents/Neolithic/game/lib/lwjgl/lwjgl-natives-macos.jar
7fb864cdd000-7fb864cde000 r--s 00013000 08:01 26222595                   /home/michael1337/Documents/Neolithic/game/lib/lwjgl/lwjgl-natives-linux.jar
7fb864cde000-7fb864ce0000 r--s 0000e000 08:01 26221549                   /home/michael1337/Documents/Neolithic/game/lib/lwjgl/lwjgl-nanovg.jar
7fb864ce0000-7fb864ce1000 r--s 00068000 08:01 26221547                   /home/michael1337/Documents/Neolithic/game/lib/lwjgl/lwjgl-nanovg-natives-windows.jar
7fb864ce1000-7fb864ce3000 r--s 00026000 08:01 26221553                   /home/michael1337/Documents/Neolithic/game/lib/lwjgl/lwjgl-nanovg-natives-macos.jar
7fb864ce3000-7fb864ce4000 r--s 00029000 08:01 26221546                   /home/michael1337/Documents/Neolithic/game/lib/lwjgl/lwjgl-nanovg-natives-linux.jar
7fb864ce4000-7fb864ce7000 r--s 00019000 08:01 26221542                   /home/michael1337/Documents/Neolithic/game/lib/lwjgl/lwjgl-glfw.jar
7fb864ce7000-7fb864cfa000 r--s 00345000 08:01 24119617                   /home/michael1337/Programs/jdk/jdk1.8.0_121/jre/lib/resources.jar
7fb864cfa000-7fb864cfd000 ---p 00000000 00:00 0 
7fb864cfd000-7fb864dfb000 rw-p 00000000 00:00 0 
7fb864dfb000-7fb8650d4000 r--p 00000000 08:01 4457405                    /usr/lib/locale/locale-archive
7fb8650d4000-7fb8650d7000 ---p 00000000 00:00 0 
7fb8650d7000-7fb8651d5000 rw-p 00000000 00:00 0 
7fb8651d5000-7fb8651d8000 ---p 00000000 00:00 0 
7fb8651d8000-7fb8652d6000 rw-p 00000000 00:00 0 
7fb8652d6000-7fb8652d7000 ---p 00000000 00:00 0 
7fb8652d7000-7fb8662e6000 rw-p 00000000 00:00 0 
7fb8662e6000-7fb8664bf000 r--s 03d3e000 08:01 24119385                   /home/michael1337/Programs/jdk/jdk1.8.0_121/jre/lib/rt.jar
7fb8664bf000-7fb8669ff000 rw-p 00000000 00:00 0 
7fb8669ff000-7fb866cbf000 ---p 00000000 00:00 0 
7fb866cbf000-7fb86744f000 rw-p 00000000 00:00 0 
7fb86744f000-7fb867450000 ---p 00000000 00:00 0 
7fb867450000-7fb867550000 rw-p 00000000 00:00 0 
7fb867550000-7fb867551000 ---p 00000000 00:00 0 
7fb867551000-7fb867651000 rw-p 00000000 00:00 0 
7fb867651000-7fb867652000 ---p 00000000 00:00 0 
7fb867652000-7fb8677a3000 rw-p 00000000 00:00 0 
7fb8677a3000-7fb867c5d000 ---p 00000000 00:00 0 
7fb867c5d000-7fb867cae000 rw-p 00000000 00:00 0 
7fb867cae000-7fb868167000 ---p 00000000 00:00 0 
7fb868167000-7fb868190000 rw-p 00000000 00:00 0 
7fb868190000-7fb8683ed000 ---p 00000000 00:00 0 
7fb8683ed000-7fb8683f8000 rw-p 00000000 00:00 0 
7fb8683f8000-7fb8687ae000 ---p 00000000 00:00 0 
7fb8687ae000-7fb868a1e000 rwxp 00000000 00:00 0 
7fb868a1e000-7fb8777ae000 ---p 00000000 00:00 0 
7fb8777ae000-7fb8777c8000 r-xp 00000000 08:01 24119416                   /home/michael1337/Programs/jdk/jdk1.8.0_121/jre/lib/amd64/libzip.so
7fb8777c8000-7fb8779c8000 ---p 0001a000 08:01 24119416                   /home/michael1337/Programs/jdk/jdk1.8.0_121/jre/lib/amd64/libzip.so
7fb8779c8000-7fb8779c9000 rw-p 0001a000 08:01 24119416                   /home/michael1337/Programs/jdk/jdk1.8.0_121/jre/lib/amd64/libzip.so
7fb8779c9000-7fb8779d4000 r-xp 00000000 08:01 20845377                   /lib/x86_64-linux-gnu/libnss_files-2.23.so
7fb8779d4000-7fb877bd3000 ---p 0000b000 08:01 20845377                   /lib/x86_64-linux-gnu/libnss_files-2.23.so
7fb877bd3000-7fb877bd4000 r--p 0000a000 08:01 20845377                   /lib/x86_64-linux-gnu/libnss_files-2.23.so
7fb877bd4000-7fb877bd5000 rw-p 0000b000 08:01 20845377                   /lib/x86_64-linux-gnu/libnss_files-2.23.so
7fb877bd5000-7fb877bdb000 rw-p 00000000 00:00 0 
7fb877bdb000-7fb877be6000 r-xp 00000000 08:01 20845381                   /lib/x86_64-linux-gnu/libnss_nis-2.23.so
7fb877be6000-7fb877de5000 ---p 0000b000 08:01 20845381                   /lib/x86_64-linux-gnu/libnss_nis-2.23.so
7fb877de5000-7fb877de6000 r--p 0000a000 08:01 20845381                   /lib/x86_64-linux-gnu/libnss_nis-2.23.so
7fb877de6000-7fb877de7000 rw-p 0000b000 08:01 20845381                   /lib/x86_64-linux-gnu/libnss_nis-2.23.so
7fb877de7000-7fb877dfd000 r-xp 00000000 08:01 20845361                   /lib/x86_64-linux-gnu/libnsl-2.23.so
7fb877dfd000-7fb877ffc000 ---p 00016000 08:01 20845361                   /lib/x86_64-linux-gnu/libnsl-2.23.so
7fb877ffc000-7fb877ffd000 r--p 00015000 08:01 20845361                   /lib/x86_64-linux-gnu/libnsl-2.23.so
7fb877ffd000-7fb877ffe000 rw-p 00016000 08:01 20845361                   /lib/x86_64-linux-gnu/libnsl-2.23.so
7fb877ffe000-7fb878000000 rw-p 00000000 00:00 0 
7fb878000000-7fb8787ba000 rw-p 00000000 00:00 0 
7fb8787ba000-7fb87c000000 ---p 00000000 00:00 0 
7fb87c000000-7fb87c001000 r--s 0003d000 08:01 26221544                   /home/michael1337/Documents/Neolithic/game/lib/lwjgl/lwjgl-glfw-natives-windows.jar
7fb87c001000-7fb87c003000 r--s 00022000 08:01 26221539                   /home/michael1337/Documents/Neolithic/game/lib/lwjgl/lwjgl-glfw-natives-linux.jar
7fb87c003000-7fb87c015000 r--s 000d6000 08:01 24119616                   /home/michael1337/Programs/jdk/jdk1.8.0_121/jre/lib/plugin.jar
7fb87c015000-7fb87c0da000 rw-p 00000000 00:00 0 
7fb87c0da000-7fb87c0db000 ---p 00000000 00:00 0 
7fb87c0db000-7fb87c1db000 rw-p 00000000 00:00 0 
7fb87c1db000-7fb87c1e3000 r-xp 00000000 08:01 20845372                   /lib/x86_64-linux-gnu/libnss_compat-2.23.so
7fb87c1e3000-7fb87c3e2000 ---p 00008000 08:01 20845372                   /lib/x86_64-linux-gnu/libnss_compat-2.23.so
7fb87c3e2000-7fb87c3e3000 r--p 00007000 08:01 20845372                   /lib/x86_64-linux-gnu/libnss_compat-2.23.so
7fb87c3e3000-7fb87c3e4000 rw-p 00008000 08:01 20845372                   /lib/x86_64-linux-gnu/libnss_compat-2.23.so
7fb87c3e4000-7fb87c3ee000 r-xp 00000000 08:01 24119454                   /home/michael1337/Programs/jdk/jdk1.8.0_121/jre/lib/amd64/libinstrument.so
7fb87c3ee000-7fb87c5ed000 ---p 0000a000 08:01 24119454                   /home/michael1337/Programs/jdk/jdk1.8.0_121/jre/lib/amd64/libinstrument.so
7fb87c5ed000-7fb87c5ee000 rw-p 00009000 08:01 24119454                   /home/michael1337/Programs/jdk/jdk1.8.0_121/jre/lib/amd64/libinstrument.so
7fb87c5ee000-7fb87c619000 r-xp 00000000 08:01 24119443                   /home/michael1337/Programs/jdk/jdk1.8.0_121/jre/lib/amd64/libjava.so
7fb87c619000-7fb87c818000 ---p 0002b000 08:01 24119443                   /home/michael1337/Programs/jdk/jdk1.8.0_121/jre/lib/amd64/libjava.so
7fb87c818000-7fb87c81a000 rw-p 0002a000 08:01 24119443                   /home/michael1337/Programs/jdk/jdk1.8.0_121/jre/lib/amd64/libjava.so
7fb87c81a000-7fb87c827000 r-xp 00000000 08:01 24119394                   /home/michael1337/Programs/jdk/jdk1.8.0_121/jre/lib/amd64/libverify.so
7fb87c827000-7fb87ca26000 ---p 0000d000 08:01 24119394                   /home/michael1337/Programs/jdk/jdk1.8.0_121/jre/lib/amd64/libverify.so
7fb87ca26000-7fb87ca28000 rw-p 0000c000 08:01 24119394                   /home/michael1337/Programs/jdk/jdk1.8.0_121/jre/lib/amd64/libverify.so
7fb87ca28000-7fb87ca2f000 r-xp 00000000 08:01 20845382                   /lib/x86_64-linux-gnu/librt-2.23.so
7fb87ca2f000-7fb87cc2e000 ---p 00007000 08:01 20845382                   /lib/x86_64-linux-gnu/librt-2.23.so
7fb87cc2e000-7fb87cc2f000 r--p 00006000 08:01 20845382                   /lib/x86_64-linux-gnu/librt-2.23.so
7fb87cc2f000-7fb87cc30000 rw-p 00007000 08:01 20845382                   /lib/x86_64-linux-gnu/librt-2.23.so
7fb87cc30000-7fb87cd38000 r-xp 00000000 08:01 20845355                   /lib/x86_64-linux-gnu/libm-2.23.so
7fb87cd38000-7fb87cf37000 ---p 00108000 08:01 20845355                   /lib/x86_64-linux-gnu/libm-2.23.so
7fb87cf37000-7fb87cf38000 r--p 00107000 08:01 20845355                   /lib/x86_64-linux-gnu/libm-2.23.so
7fb87cf38000-7fb87cf39000 rw-p 00108000 08:01 20845355                   /lib/x86_64-linux-gnu/libm-2.23.so
7fb87cf39000-7fb87dc07000 r-xp 00000000 08:01 24119447                   /home/michael1337/Programs/jdk/jdk1.8.0_121/jre/lib/amd64/server/libjvm.so
7fb87dc07000-7fb87de07000 ---p 00cce000 08:01 24119447                   /home/michael1337/Programs/jdk/jdk1.8.0_121/jre/lib/amd64/server/libjvm.so
7fb87de07000-7fb87dee0000 rw-p 00cce000 08:01 24119447                   /home/michael1337/Programs/jdk/jdk1.8.0_121/jre/lib/amd64/server/libjvm.so
7fb87dee0000-7fb87df2b000 rw-p 00000000 00:00 0 
7fb87df2b000-7fb87e0eb000 r-xp 00000000 08:01 20845364                   /lib/x86_64-linux-gnu/libc-2.23.so
7fb87e0eb000-7fb87e2eb000 ---p 001c0000 08:01 20845364                   /lib/x86_64-linux-gnu/libc-2.23.so
7fb87e2eb000-7fb87e2ef000 r--p 001c0000 08:01 20845364                   /lib/x86_64-linux-gnu/libc-2.23.so
7fb87e2ef000-7fb87e2f1000 rw-p 001c4000 08:01 20845364                   /lib/x86_64-linux-gnu/libc-2.23.so
7fb87e2f1000-7fb87e2f5000 rw-p 00000000 00:00 0 
7fb87e2f5000-7fb87e2f8000 r-xp 00000000 08:01 20845366                   /lib/x86_64-linux-gnu/libdl-2.23.so
7fb87e2f8000-7fb87e4f7000 ---p 00003000 08:01 20845366                   /lib/x86_64-linux-gnu/libdl-2.23.so
7fb87e4f7000-7fb87e4f8000 r--p 00002000 08:01 20845366                   /lib/x86_64-linux-gnu/libdl-2.23.so
7fb87e4f8000-7fb87e4f9000 rw-p 00003000 08:01 20845366                   /lib/x86_64-linux-gnu/libdl-2.23.so
7fb87e4f9000-7fb87e50e000 r-xp 00000000 08:01 24118528                   /home/michael1337/Programs/jdk/jdk1.8.0_121/lib/amd64/jli/libjli.so
7fb87e50e000-7fb87e70e000 ---p 00015000 08:01 24118528                   /home/michael1337/Programs/jdk/jdk1.8.0_121/lib/amd64/jli/libjli.so
7fb87e70e000-7fb87e70f000 rw-p 00015000 08:01 24118528                   /home/michael1337/Programs/jdk/jdk1.8.0_121/lib/amd64/jli/libjli.so
7fb87e70f000-7fb87e727000 r-xp 00000000 08:01 20845363                   /lib/x86_64-linux-gnu/libpthread-2.23.so
7fb87e727000-7fb87e926000 ---p 00018000 08:01 20845363                   /lib/x86_64-linux-gnu/libpthread-2.23.so
7fb87e926000-7fb87e927000 r--p 00017000 08:01 20845363                   /lib/x86_64-linux-gnu/libpthread-2.23.so
7fb87e927000-7fb87e928000 rw-p 00018000 08:01 20845363                   /lib/x86_64-linux-gnu/libpthread-2.23.so
7fb87e928000-7fb87e92c000 rw-p 00000000 00:00 0 
7fb87e92c000-7fb87e952000 r-xp 00000000 08:01 20845362                   /lib/x86_64-linux-gnu/ld-2.23.so
7fb87e952000-7fb87e953000 r--s 0000e000 08:01 26221540                   /home/michael1337/Documents/Neolithic/game/lib/lwjgl/lwjgl-glfw-natives-macos.jar
7fb87e953000-7fb87e957000 r--s 00027000 08:01 26221534                   /home/michael1337/Documents/Neolithic/game/lib/lwjgl/lwjgl-bgfx.jar
7fb87e957000-7fb87e958000 r--s 0009f000 08:01 26221533                   /home/michael1337/Documents/Neolithic/game/lib/lwjgl/lwjgl-bgfx-natives-windows.jar
7fb87e958000-7fb87e959000 r--s 00041000 08:01 26221541                   /home/michael1337/Documents/Neolithic/game/lib/lwjgl/lwjgl-bgfx-natives-macos.jar
7fb87e959000-7fb87e95a000 r--s 00051000 08:01 26221532                   /home/michael1337/Documents/Neolithic/game/lib/lwjgl/lwjgl-bgfx-natives-linux.jar
7fb87e95a000-7fb87e95e000 r--s 0002e000 08:01 26221528                   /home/michael1337/Documents/Neolithic/game/lib/lwjgl/lwjgl-assimp.jar
7fb87e95e000-7fb87e95f000 r--s 003ca000 08:01 26221526                   /home/michael1337/Documents/Neolithic/game/lib/lwjgl/lwjgl-assimp-natives-windows.jar
7fb87e95f000-7fb87e960000 r--s 00230000 08:01 26221537                   /home/michael1337/Documents/Neolithic/game/lib/lwjgl/lwjgl-assimp-natives-macos.jar
7fb87e960000-7fb87e961000 r--s 002ed000 08:01 26221523                   /home/michael1337/Documents/Neolithic/game/lib/lwjgl/lwjgl-assimp-natives-linux.jar
7fb87e961000-7fb87e962000 r--s 00000000 08:01 24119464                   /home/michael1337/Programs/jdk/jdk1.8.0_121/jre/lib/management-agent.jar
7fb87e962000-7fb87e966000 r--s 0009a000 08:01 24119337                   /home/michael1337/Programs/jdk/jdk1.8.0_121/jre/lib/jsse.jar
7fb87e966000-7fb87e968000 r--s 00007000 08:01 24119458                   /home/michael1337/Programs/jdk/jdk1.8.0_121/jre/lib/jfxswt.jar
7fb87e968000-7fb87e96d000 r--s 00084000 08:01 24119492                   /home/michael1337/Programs/jdk/jdk1.8.0_121/jre/lib/jfr.jar
7fb87e96d000-7fb87e970000 r--s 0001a000 08:01 24119647                   /home/michael1337/Programs/jdk/jdk1.8.0_121/jre/lib/jce.jar
7fb87e970000-7fb87e97a000 r--s 0006c000 08:01 24119500                   /home/michael1337/Programs/jdk/jdk1.8.0_121/jre/lib/javaws.jar
7fb87e97a000-7fb87ea21000 rw-p 00000000 00:00 0 
7fb87ea21000-7fb87ea24000 ---p 00000000 00:00 0 
7fb87ea24000-7fb87eb27000 rw-p 00000000 00:00 0 
7fb87eb27000-7fb87eb42000 r--s 00209000 08:01 24119501                   /home/michael1337/Programs/jdk/jdk1.8.0_121/jre/lib/deploy.jar
7fb87eb42000-7fb87eb47000 r--s 002f9000 08:01 24119338                   /home/michael1337/Programs/jdk/jdk1.8.0_121/jre/lib/charsets.jar
7fb87eb47000-7fb87eb4f000 rw-s 00000000 08:01 26747621                   /tmp/hsperfdata_michael1337/31310
7fb87eb4f000-7fb87eb50000 rw-p 00000000 00:00 0 
7fb87eb50000-7fb87eb51000 r--p 00000000 00:00 0 
7fb87eb51000-7fb87eb52000 r--p 00025000 08:01 20845362                   /lib/x86_64-linux-gnu/ld-2.23.so
7fb87eb52000-7fb87eb53000 rw-p 00026000 08:01 20845362                   /lib/x86_64-linux-gnu/ld-2.23.so
7fb87eb53000-7fb87eb54000 rw-p 00000000 00:00 0 
7fff3e7a4000-7fff3e7c7000 rw-p 00000000 00:00 0                          [stack]
7fff3e7f0000-7fff3e7f3000 r--p 00000000 00:00 0                          [vvar]
7fff3e7f3000-7fff3e7f5000 r-xp 00000000 00:00 0                          [vdso]
ffffffffff600000-ffffffffff601000 r-xp 00000000 00:00 0                  [vsyscall]

VM Arguments:
jvm_args: -javaagent:/home/michael1337/Programs/intellij/idea-IU-181.5281.24/lib/idea_rt.jar=46263:/home/michael1337/Programs/intellij/idea-IU-181.5281.24/bin -Dfile.encoding=UTF-8 
java_command: tests.parser.ParserTest
java_class_path (initial): /home/michael1337/Programs/jdk/jdk1.8.0_121/jre/lib/charsets.jar:/home/michael1337/Programs/jdk/jdk1.8.0_121/jre/lib/deploy.jar:/home/michael1337/Programs/jdk/jdk1.8.0_121/jre/lib/ext/cldrdata.jar:/home/michael1337/Programs/jdk/jdk1.8.0_121/jre/lib/ext/dnsns.jar:/home/michael1337/Programs/jdk/jdk1.8.0_121/jre/lib/ext/jaccess.jar:/home/michael1337/Programs/jdk/jdk1.8.0_121/jre/lib/ext/jfxrt.jar:/home/michael1337/Programs/jdk/jdk1.8.0_121/jre/lib/ext/localedata.jar:/home/michael1337/Programs/jdk/jdk1.8.0_121/jre/lib/ext/nashorn.jar:/home/michael1337/Programs/jdk/jdk1.8.0_121/jre/lib/ext/sunec.jar:/home/michael1337/Programs/jdk/jdk1.8.0_121/jre/lib/ext/sunjce_provider.jar:/home/michael1337/Programs/jdk/jdk1.8.0_121/jre/lib/ext/sunpkcs11.jar:/home/michael1337/Programs/jdk/jdk1.8.0_121/jre/lib/ext/zipfs.jar:/home/michael1337/Programs/jdk/jdk1.8.0_121/jre/lib/javaws.jar:/home/michael1337/Programs/jdk/jdk1.8.0_121/jre/lib/jce.jar:/home/michael1337/Programs/jdk/jdk1.8.0_121/jre/lib/jfr.jar:/home/michael1337/Programs/jdk/jdk1.8.0_121/jre/lib/jfxswt.jar:/home/michael1337/Programs/jdk/jdk1.8.0_121/jre/lib/jsse.jar:/home/michael1337/Programs/jdk/jdk1.8.0_121/jre/lib/management-agent.jar:/home/michael1337/Programs/jdk/jdk1.8.0_121/jre/lib/plugin.jar:/home/michael1337/Programs/jdk/jdk1.8.0_121/jre/lib/resources.jar:/home/michael1337/Programs/jdk/jdk1.8.0_121/jre/lib/rt.jar:/home/michael1337/Documents/Neolithic/game/out/production/game:/home/michael1337/Documents/Neolithic/game/lib/lwjgl/lwjgl-assimp-natives-linux.jar:/home/michael1337/Documents/Neolithic/game/lib/lwjgl/lwjgl-assimp-natives-macos.jar:/home/michael1337/Documents/Neolithic/game/lib/lwjgl/lwjgl-assimp-natives-windows.jar:/home/michael1337/Documents/Neolithic/game/lib/lwjgl/lwjgl-assimp.jar:/home/michael1337/Documents/Neolithic/game/lib/lwjgl/lwjgl-bgfx-natives-linux.jar:/home/michael1337/Documents/Neolithic/game/lib/lwjgl/lwjgl-bgfx-natives-macos.jar:/home/michael1337/Documents/Neolithic/
Launcher Type: SUN_STANDARD

Environment Variables:
JAVA_HOME=/home/michael1337/Programs/jdk/jdk1.8.0_121
PATH=/home/michael1337/Programs/Spin/Spin/Src6.4.8:/home/michael1337/anaconda3/bin:/home/michael1337/bin:/home/michael1337/.local/bin:/usr/local/sbin:/usr/local/bin:/usr/sbin:/usr/bin:/sbin:/bin:/usr/games:/usr/local/games:/snap/bin:/home/michael1337/Programs/jdk/jdk1.8.0_121
USERNAME=michael1337
SHELL=/bin/bash
DISPLAY=:1

Signal Handlers:
SIGSEGV: [libjvm.so+0xac78c0], sa_mask[0]=11111111011111111101111111111110, sa_flags=SA_RESTART|SA_SIGINFO
SIGBUS: [libjvm.so+0xac78c0], sa_mask[0]=11111111011111111101111111111110, sa_flags=SA_RESTART|SA_SIGINFO
SIGFPE: [libjvm.so+0x920ac0], sa_mask[0]=11111111011111111101111111111110, sa_flags=SA_RESTART|SA_SIGINFO
SIGPIPE: [libjvm.so+0x920ac0], sa_mask[0]=11111111011111111101111111111110, sa_flags=SA_RESTART|SA_SIGINFO
SIGXFSZ: [libjvm.so+0x920ac0], sa_mask[0]=11111111011111111101111111111110, sa_flags=SA_RESTART|SA_SIGINFO
SIGILL: [libjvm.so+0x920ac0], sa_mask[0]=11111111011111111101111111111110, sa_flags=SA_RESTART|SA_SIGINFO
SIGUSR1: SIG_DFL, sa_mask[0]=00000000000000000000000000000000, sa_flags=none
SIGUSR2: [libjvm.so+0x922300], sa_mask[0]=00100000000000000000000000000000, sa_flags=SA_RESTART|SA_SIGINFO
SIGHUP: [libjvm.so+0x923700], sa_mask[0]=11111111011111111101111111111110, sa_flags=SA_RESTART|SA_SIGINFO
SIGINT: [libjvm.so+0x923700], sa_mask[0]=11111111011111111101111111111110, sa_flags=SA_RESTART|SA_SIGINFO
SIGTERM: [libjvm.so+0x923700], sa_mask[0]=11111111011111111101111111111110, sa_flags=SA_RESTART|SA_SIGINFO
SIGQUIT: [libjvm.so+0x923700], sa_mask[0]=11111111011111111101111111111110, sa_flags=SA_RESTART|SA_SIGINFO


---------------  S Y S T E M  ---------------

OS:DISTRIB_ID=Ubuntu
DISTRIB_RELEASE=16.04
DISTRIB_CODENAME=xenial
DISTRIB_DESCRIPTION="Ubuntu 16.04.5 LTS"

uname:Linux 4.4.0-133-generic #159-Ubuntu SMP Fri Aug 10 07:31:43 UTC 2018 x86_64
libc:glibc 2.23 NPTL 2.23 
rlimit: STACK 8192k, CORE 0k, NPROC 61756, NOFILE 1048576, AS infinity
load average:1,28 0,77 0,75

/proc/meminfo:
MemTotal:       15852028 kB
MemFree:         3133172 kB
MemAvailable:   10191484 kB
Buffers:          411668 kB
Cached:          6686076 kB
SwapCached:          240 kB
Active:          7761932 kB
Inactive:        3776952 kB
Active(anon):    4448060 kB
Inactive(anon):   641756 kB
Active(file):    3313872 kB
Inactive(file):  3135196 kB
Unevictable:          16 kB
Mlocked:              16 kB
SwapTotal:      16189436 kB
SwapFree:       16164488 kB
Dirty:              2784 kB
Writeback:             0 kB
AnonPages:       4440988 kB
Mapped:           903948 kB
Shmem:            648676 kB
Slab:            1013892 kB
SReclaimable:     945696 kB
SUnreclaim:        68196 kB
KernelStack:       16096 kB
PageTables:        62848 kB
NFS_Unstable:          0 kB
Bounce:                0 kB
WritebackTmp:          0 kB
CommitLimit:    24115448 kB
Committed_AS:   20179464 kB
VmallocTotal:   34359738367 kB
VmallocUsed:           0 kB
VmallocChunk:          0 kB
HardwareCorrupted:     0 kB
AnonHugePages:         0 kB
CmaTotal:              0 kB
CmaFree:               0 kB
HugePages_Total:       0
HugePages_Free:        0
HugePages_Rsvd:        0
HugePages_Surp:        0
Hugepagesize:       2048 kB
DirectMap4k:      880324 kB
DirectMap2M:    15310848 kB
DirectMap1G:           0 kB


CPU:total 4 (2 cores per cpu, 2 threads per core) family 6 model 78 stepping 3, cmov, cx8, fxsr, mmx, sse, sse2, sse3, ssse3, sse4.1, sse4.2, popcnt, avx, avx2, aes, clmul, erms, 3dnowpref, lzcnt, ht, tsc, tscinvbit, bmi1, bmi2, adx

/proc/cpuinfo:
processor	: 0
vendor_id	: GenuineIntel
cpu family	: 6
model		: 78
model name	: Intel(R) Core(TM) i7-6500U CPU @ 2.50GHz
stepping	: 3
microcode	: 0xc2
cpu MHz		: 2687.648
cache size	: 4096 KB
physical id	: 0
siblings	: 4
core id		: 0
cpu cores	: 2
apicid		: 0
initial apicid	: 0
fpu		: yes
fpu_exception	: yes
cpuid level	: 22
wp		: yes
flags		: fpu vme de pse tsc msr pae mce cx8 apic sep mtrr pge mca cmov pat pse36 clflush dts acpi mmx fxsr sse sse2 ss ht tm pbe syscall nx pdpe1gb rdtscp lm constant_tsc art arch_perfmon pebs bts rep_good nopl xtopology nonstop_tsc aperfmperf eagerfpu pni pclmulqdq dtes64 monitor ds_cpl vmx est tm2 ssse3 sdbg fma cx16 xtpr pdcm pcid sse4_1 sse4_2 x2apic movbe popcnt tsc_deadline_timer aes xsave avx f16c rdrand lahf_lm abm 3dnowprefetch epb invpcid_single intel_pt ibrs ibpb stibp kaiser tpr_shadow vnmi flexpriority ept vpid fsgsbase tsc_adjust bmi1 avx2 smep bmi2 erms invpcid mpx rdseed adx smap clflushopt xsaveopt xsavec xgetbv1 dtherm ida arat pln pts hwp hwp_notify hwp_act_window hwp_epp
bugs		: cpu_meltdown spectre_v1 spectre_v2 spec_store_bypass l1tf
bogomips	: 5184.48
clflush size	: 64
cache_alignment	: 64
address sizes	: 39 bits physical, 48 bits virtual
power management:

processor	: 1
vendor_id	: GenuineIntel
cpu family	: 6
model		: 78
model name	: Intel(R) Core(TM) i7-6500U CPU @ 2.50GHz
stepping	: 3
microcode	: 0xc2
cpu MHz		: 2625.085
cache size	: 4096 KB
physical id	: 0
siblings	: 4
core id		: 1
cpu cores	: 2
apicid		: 2
initial apicid	: 2
fpu		: yes
fpu_exception	: yes
cpuid level	: 22
wp		: yes
flags		: fpu vme de pse tsc msr pae mce cx8 apic sep mtrr pge mca cmov pat pse36 clflush dts acpi mmx fxsr sse sse2 ss ht tm pbe syscall nx pdpe1gb rdtscp lm constant_tsc art arch_perfmon pebs bts rep_good nopl xtopology nonstop_tsc aperfmperf eagerfpu pni pclmulqdq dtes64 monitor ds_cpl vmx est tm2 ssse3 sdbg fma cx16 xtpr pdcm pcid sse4_1 sse4_2 x2apic movbe popcnt tsc_deadline_timer aes xsave avx f16c rdrand lahf_lm abm 3dnowprefetch epb invpcid_single intel_pt ibrs ibpb stibp kaiser tpr_shadow vnmi flexpriority ept vpid fsgsbase tsc_adjust bmi1 avx2 smep bmi2 erms invpcid mpx rdseed adx smap clflushopt xsaveopt xsavec xgetbv1 dtherm ida arat pln pts hwp hwp_notify hwp_act_window hwp_epp
bugs		: cpu_meltdown spectre_v1 spectre_v2 spec_store_bypass l1tf
bogomips	: 5184.48
clflush size	: 64
cache_alignment	: 64
address sizes	: 39 bits physical, 48 bits virtual
power management:

processor	: 2
vendor_id	: GenuineIntel
cpu family	: 6
model		: 78
model name	: Intel(R) Core(TM) i7-6500U CPU @ 2.50GHz
stepping	: 3
microcode	: 0xc2
cpu MHz		: 2598.171
cache size	: 4096 KB
physical id	: 0
siblings	: 4
core id		: 0
cpu cores	: 2
apicid		: 1
initial apicid	: 1
fpu		: yes
fpu_exception	: yes
cpuid level	: 22
wp		: yes
flags		: fpu vme de pse tsc msr pae mce cx8 apic sep mtrr pge mca cmov pat pse36 clflush dts acpi mmx fxsr sse sse2 ss ht tm pbe syscall nx pdpe1gb rdtscp lm constant_tsc art arch_perfmon pebs bts rep_good nopl xtopology nonstop_tsc aperfmperf eagerfpu pni pclmulqdq dtes64 monitor ds_cpl vmx est tm2 ssse3 sdbg fma cx16 xtpr pdcm pcid sse4_1 sse4_2 x2apic movbe popcnt tsc_deadline_timer aes xsave avx f16c rdrand lahf_lm abm 3dnowprefetch epb invpcid_single intel_pt ibrs ibpb stibp kaiser tpr_shadow vnmi flexpriority ept vpid fsgsbase tsc_adjust bmi1 avx2 smep bmi2 erms invpcid mpx rdseed adx smap clflushopt xsaveopt xsavec xgetbv1 dtherm ida arat pln pts hwp hwp_notify hwp_act_window hwp_epp
bugs		: cpu_meltdown spectre_v1 spectre_v2 spec_store_bypass l1tf
bogomips	: 5184.48
clflush size	: 64
cache_alignment	: 64
address sizes	: 39 bits physical, 48 bits virtual
power management:

processor	: 3
vendor_id	: GenuineIntel
cpu family	: 6
model		: 78
model name	: Intel(R) Core(TM) i7-6500U CPU @ 2.50GHz
stepping	: 3
microcode	: 0xc2
cpu MHz		: 2643.265
cache size	: 4096 KB
physical id	: 0
siblings	: 4
core id		: 1
cpu cores	: 2
apicid		: 3
initial apicid	: 3
fpu		: yes
fpu_exception	: yes
cpuid level	: 22
wp		: yes
flags		: fpu vme de pse tsc msr pae mce cx8 apic sep mtrr pge mca cmov pat pse36 clflush dts acpi mmx fxsr sse sse2 ss ht tm pbe syscall nx pdpe1gb rdtscp lm constant_tsc art arch_perfmon pebs bts rep_good nopl xtopology nonstop_tsc aperfmperf eagerfpu pni pclmulqdq dtes64 monitor ds_cpl vmx est tm2 ssse3 sdbg fma cx16 xtpr pdcm pcid sse4_1 sse4_2 x2apic movbe popcnt tsc_deadline_timer aes xsave avx f16c rdrand lahf_lm abm 3dnowprefetch epb invpcid_single intel_pt ibrs ibpb stibp kaiser tpr_shadow vnmi flexpriority ept vpid fsgsbase tsc_adjust bmi1 avx2 smep bmi2 erms invpcid mpx rdseed adx smap clflushopt xsaveopt xsavec xgetbv1 dtherm ida arat pln pts hwp hwp_notify hwp_act_window hwp_epp
bugs		: cpu_meltdown spectre_v1 spectre_v2 spec_store_bypass l1tf
bogomips	: 5184.48
clflush size	: 64
cache_alignment	: 64
address sizes	: 39 bits physical, 48 bits virtual
power management:



Memory: 4k page, physical 15852028k(3133172k free), swap 16189436k(16164488k free)

vm_info: Java HotSpot(TM) 64-Bit Server VM (25.121-b13) for linux-amd64 JRE (1.8.0_121-b13), built on Dec 12 2016 16:36:53 by "java_re" with gcc 4.3.0 20080428 (Red Hat 4.3.0-8)

time: Tue Sep  4 17:30:04 2018
elapsed time: 0 seconds (0d 0h 0m 0s)

