#
# A fatal error has been detected by the Java Runtime Environment:
#
#  EXCEPTION_ACCESS_VIOLATION (0xc0000005) at pc=0x000000006f4bf9b0, pid=5696, tid=0x00000000000005a4
#
# JRE version: Java(TM) SE Runtime Environment (8.0_121-b13) (build 1.8.0_121-b13)
# Java VM: Java HotSpot(TM) 64-Bit Server VM (25.121-b13 mixed mode windows-amd64 compressed oops)
# Problematic frame:
# C  [nvoglv64.DLL+0xf9f9b0]
#
# Failed to write core dump. Minidumps are not enabled by default on client versions of Windows
#
# If you would like to submit a bug report, please visit:
#   http://bugreport.java.com/bugreport/crash.jsp
# The crash happened outside the Java Virtual Machine in native code.
# See problematic frame for where to report the bug.
#

---------------  T H R E A D  ---------------

Current thread (0x0000000018ddb000):  JavaThread "Thread-0" daemon [_thread_in_native, id=1444, stack(0x0000000019480000,0x0000000019580000)]

siginfo: ExceptionCode=0xc0000005, reading address 0x0000000000000000

Registers:
RAX=0x0000000000000030, RBX=0x000000001a859aa8, RCX=0x000000001bd1144c, RDX=0xffffffffe42eebb4
RSP=0x000000001957f038, RBP=0x0000000000000001, RSI=0x0000000000000003, RDI=0x000000001bd1144c
R8 =0x0000000000000030, R9 =0x0000000000000003, R10=0x0000000000000000, R11=0x000000001bd1144c
R12=0x0000000000000000, R13=0x000000006e520000, R14=0x0000000000000000, R15=0x000000001a859828
RIP=0x000000006f4bf9b0, EFLAGS=0x0000000000010283

Top of Stack: (sp=0x000000001957f038)
0x000000001957f038:   000000006f023b1a 000000001717d2b8
0x000000001957f048:   000000001957f190 0000000018c20ac0
0x000000001957f058:   000000006eec244b 0000000018ddb000
0x000000001957f068:   0000000000000003 0000000000000000
0x000000001957f078:   000000000002010b 000000001a859828
0x000000001957f088:   000000006f024902 000000001a859080
0x000000001957f098:   0000000000000004 0000000000000000
0x000000001957f0a8:   0000000002967e06 0000000018ddb000
0x000000001957f0b8:   000000001957f190 000000001717d2b0
0x000000001957f0c8:   0000000000000000 000000000295835d
0x000000001957f0d8:   0000000002967f74 000000001717d2b8
0x000000001957f0e8:   000000001957f160 0000000000001228
0x000000001957f0f8:   000000001717d2b8 0000000000000003
0x000000001957f108:   0000000018ddb000 000000001957f1e0
0x000000001957f118:   0000000002967ca2 000000001957f120
0x000000001957f128:   000000001717d2b0 000000001957f190 

Instructions: (pc=0x000000006f4bf9b0)
0x000000006f4bf990:   29 41 c0 0f 29 49 d0 0f 10 44 0a e0 0f 10 4c 0a
0x000000006f4bf9a0:   f0 75 ad 0f 29 41 e0 49 83 e0 7f 0f 28 c1 eb 0c
0x000000006f4bf9b0:   0f 10 04 0a 48 83 c1 10 49 83 e8 10 4d 8b c8 49
0x000000006f4bf9c0:   c1 e9 04 74 1c 66 66 66 0f 1f 84 00 00 00 00 00 


Register to memory mapping:

RAX=0x0000000000000030 is an unknown value
RBX=0x000000001a859aa8 is an unknown value
RCX=0x000000001bd1144c is an unknown value
RDX=0xffffffffe42eebb4 is an unknown value
RSP=0x000000001957f038 is pointing into the stack for thread: 0x0000000018ddb000
RBP=0x0000000000000001 is an unknown value
RSI=0x0000000000000003 is an unknown value
RDI=0x000000001bd1144c is an unknown value
R8 =0x0000000000000030 is an unknown value
R9 =0x0000000000000003 is an unknown value
R10=0x0000000000000000 is an unknown value
R11=0x000000001bd1144c is an unknown value
R12=0x0000000000000000 is an unknown value
R13=0x000000006e520000 is an unknown value
R14=0x0000000000000000 is an unknown value
R15=0x000000001a859828 is an unknown value


Stack: [0x0000000019480000,0x0000000019580000],  sp=0x000000001957f038,  free space=1020k
Native frames: (J=compiled Java code, j=interpreted, Vv=VM code, C=native code)
C  [nvoglv64.DLL+0xf9f9b0]
C  [nvoglv64.DLL+0xb03b1a]
C  [nvoglv64.DLL+0xb04902]
C  0x0000000002967f74

Java frames: (J=compiled Java code, j=interpreted, Vv=VM code)
j  org.lwjgl.opengl.GL11.glDrawArrays(III)V+0
j  gui.graphics.GraphicsHandler.draw()Z+25
j  threads.DrawThread.run()V+3
v  ~StubRoutines::call_stub

---------------  P R O C E S S  ---------------

Java Threads: ( => current thread )
=>0x0000000018ddb000 JavaThread "Thread-0" daemon [_thread_in_native, id=1444, stack(0x0000000019480000,0x0000000019580000)]
  0x0000000018c1e800 JavaThread "Service Thread" daemon [_thread_blocked, id=1228, stack(0x0000000019280000,0x0000000019380000)]
  0x0000000018b70000 JavaThread "C1 CompilerThread2" daemon [_thread_blocked, id=6400, stack(0x0000000019180000,0x0000000019280000)]
  0x0000000018b6f000 JavaThread "C2 CompilerThread1" daemon [_thread_blocked, id=6864, stack(0x0000000019080000,0x0000000019180000)]
  0x0000000018b6e800 JavaThread "C2 CompilerThread0" daemon [_thread_blocked, id=7632, stack(0x0000000018f80000,0x0000000019080000)]
  0x0000000018b62800 JavaThread "Monitor Ctrl-Break" daemon [_thread_in_native, id=3512, stack(0x0000000018e80000,0x0000000018f80000)]
  0x000000001750e000 JavaThread "Attach Listener" daemon [_thread_blocked, id=10864, stack(0x0000000018970000,0x0000000018a70000)]
  0x000000001750d000 JavaThread "Signal Dispatcher" daemon [_thread_blocked, id=5392, stack(0x0000000018870000,0x0000000018970000)]
  0x0000000002948800 JavaThread "Finalizer" daemon [_thread_blocked, id=9736, stack(0x0000000018770000,0x0000000018870000)]
  0x0000000002943000 JavaThread "Reference Handler" daemon [_thread_blocked, id=1896, stack(0x0000000018670000,0x0000000018770000)]
  0x0000000002853800 JavaThread "main" [_thread_blocked, id=1892, stack(0x0000000002650000,0x0000000002750000)]

Other Threads:
  0x00000000174d7000 VMThread [stack: 0x0000000018570000,0x0000000018670000] [id=11748]
  0x0000000018c70800 WatcherThread [stack: 0x0000000019380000,0x0000000019480000] [id=10104]

VM state:not at safepoint (normal execution)

VM Mutex/Monitor currently owned by a thread: None

Heap:
 PSYoungGen      total 38400K, used 20599K [0x00000000d5900000, 0x00000000d8380000, 0x0000000100000000)
  eden space 33280K, 61% used [0x00000000d5900000,0x00000000d6d1dc28,0x00000000d7980000)
  from space 5120K, 0% used [0x00000000d7e80000,0x00000000d7e80000,0x00000000d8380000)
  to   space 5120K, 0% used [0x00000000d7980000,0x00000000d7980000,0x00000000d7e80000)
 ParOldGen       total 87552K, used 0K [0x0000000080a00000, 0x0000000085f80000, 0x00000000d5900000)
  object space 87552K, 0% used [0x0000000080a00000,0x0000000080a00000,0x0000000085f80000)
 Metaspace       used 9557K, capacity 9855K, committed 10240K, reserved 1058816K
  class space    used 836K, capacity 912K, committed 1024K, reserved 1048576K

Card table byte_map: [0x0000000011d10000,0x0000000012110000] byte_map_base: 0x000000001190b000

Marking Bits: (ParMarkBitMap*) 0x0000000070f7b6d0
 Begin Bits: [0x00000000127c0000, 0x0000000014798000)
 End Bits:   [0x0000000014798000, 0x0000000016770000)

Polling page: 0x00000000005f0000

CodeCache: size=245760Kb used=2851Kb max_used=2863Kb free=242908Kb
 bounds [0x0000000002950000, 0x0000000002c20000, 0x0000000011950000]
 total_blobs=1483 nmethods=647 adapters=749
 compilation: enabled

Compilation events (10 events):
Event: 1.708 Thread 0x0000000018b70000 nmethod 645 0x0000000002c17c50 code [0x0000000002c17dc0, 0x0000000002c17fc8]
Event: 1.708 Thread 0x0000000018b70000  643       3       org.lwjgl.system.CustomBuffer::checkIndex (23 bytes)
Event: 1.708 Thread 0x0000000018b70000 nmethod 643 0x0000000002c18090 code [0x0000000002c18200, 0x0000000002c18488]
Event: 1.708 Thread 0x0000000018b70000  636       3       java.lang.reflect.Field::getLong (51 bytes)
Event: 1.708 Thread 0x0000000018b70000 nmethod 636 0x0000000002c18590 code [0x0000000002c18760, 0x0000000002c18d88]
Event: 1.708 Thread 0x0000000018b70000  641       3       sun.reflect.UnsafeQualifiedLongFieldAccessorImpl::<init> (7 bytes)
Event: 1.709 Thread 0x0000000018b70000 nmethod 641 0x0000000002c18f90 code [0x0000000002c19100, 0x0000000002c19308]
Event: 1.709 Thread 0x0000000018b70000  642       3       sun.reflect.UnsafeQualifiedFieldAccessorImpl::<init> (11 bytes)
Event: 1.709 Thread 0x0000000018b70000 nmethod 642 0x0000000002c193d0 code [0x0000000002c19540, 0x0000000002c196e8]
Event: 1.714 Thread 0x0000000018b6f000  647       4       java.lang.StringBuilder::append (8 bytes)

GC Heap History (0 events):
No events

Deoptimization events (0 events):
No events

Internal exceptions (10 events):
Event: 0.169 Thread 0x0000000018ddb000 Exception <a 'java/lang/NoSuchMethodError': java.lang.Object.lambda$static$0(Ljava/lang/String;)Ljava/lang/Boolean;> (0x00000000d5dea908) thrown at [C:\re\workspace\8-2-build-windows-amd64-cygwin\jdk8u121\8372\hotspot\src\share\vm\interpreter\linkResolver
Event: 0.181 Thread 0x0000000018ddb000 Exception <a 'java/lang/NoSuchFieldError': method resolution failed> (0x00000000d5e6cd48) thrown at [C:\re\workspace\8-2-build-windows-amd64-cygwin\jdk8u121\8372\hotspot\src\share\vm\prims\methodHandles.cpp, line 1146]
Event: 0.183 Thread 0x0000000018ddb000 Exception <a 'java/lang/NoSuchFieldError': method resolution failed> (0x00000000d5e7abf0) thrown at [C:\re\workspace\8-2-build-windows-amd64-cygwin\jdk8u121\8372\hotspot\src\share\vm\prims\methodHandles.cpp, line 1146]
Event: 0.232 Thread 0x0000000018ddb000 Exception <a 'java/security/PrivilegedActionException'> (0x00000000d60627a8) thrown at [C:\re\workspace\8-2-build-windows-amd64-cygwin\jdk8u121\8372\hotspot\src\share\vm\prims\jvm.cpp, line 1390]
Event: 0.232 Thread 0x0000000018ddb000 Exception <a 'java/security/PrivilegedActionException'> (0x00000000d60629b8) thrown at [C:\re\workspace\8-2-build-windows-amd64-cygwin\jdk8u121\8372\hotspot\src\share\vm\prims\jvm.cpp, line 1390]
Event: 0.232 Thread 0x0000000018ddb000 Exception <a 'java/security/PrivilegedActionException'> (0x00000000d6066ab0) thrown at [C:\re\workspace\8-2-build-windows-amd64-cygwin\jdk8u121\8372\hotspot\src\share\vm\prims\jvm.cpp, line 1390]
Event: 0.232 Thread 0x0000000018ddb000 Exception <a 'java/security/PrivilegedActionException'> (0x00000000d6066cc0) thrown at [C:\re\workspace\8-2-build-windows-amd64-cygwin\jdk8u121\8372\hotspot\src\share\vm\prims\jvm.cpp, line 1390]
Event: 1.467 Thread 0x0000000018ddb000 Exception <a 'sun/nio/fs/WindowsException'> (0x00000000d6301af0) thrown at [C:\re\workspace\8-2-build-windows-amd64-cygwin\jdk8u121\8372\hotspot\src\share\vm\prims\jni.cpp, line 709]
Event: 1.468 Thread 0x0000000018ddb000 Exception <a 'sun/nio/fs/WindowsException'> (0x00000000d6303518) thrown at [C:\re\workspace\8-2-build-windows-amd64-cygwin\jdk8u121\8372\hotspot\src\share\vm\prims\jni.cpp, line 709]
Event: 1.714 Thread 0x0000000018ddb000 Exception <a 'java/lang/NullPointerException'> (0x00000000d6cc8628) thrown at [C:\re\workspace\8-2-build-windows-amd64-cygwin\jdk8u121\8372\hotspot\src\share\vm\interpreter\linkResolver.cpp, line 1178]

Events (10 events):
Event: 1.708 loading class gui/graphics/Utils
Event: 1.708 loading class gui/graphics/Utils done
Event: 1.714 loading class java/lang/Throwable$WrappedPrintStream
Event: 1.714 loading class java/lang/Throwable$PrintStreamOrWriter
Event: 1.714 loading class java/lang/Throwable$PrintStreamOrWriter done
Event: 1.714 loading class java/lang/Throwable$WrappedPrintStream done
Event: 1.714 loading class java/util/IdentityHashMap
Event: 1.714 loading class java/util/IdentityHashMap done
Event: 1.714 loading class java/util/IdentityHashMap$KeySet
Event: 1.714 loading class java/util/IdentityHashMap$KeySet done


Dynamic libraries:
0x00007ff678fc0000 - 0x00007ff678ff7000 	C:\Program Files\Java\jdk1.8.0_121\bin\java.exe
0x00007ff8e5240000 - 0x00007ff8e541b000 	C:\WINDOWS\SYSTEM32\ntdll.dll
0x00007ff8e4100000 - 0x00007ff8e41ae000 	C:\WINDOWS\System32\KERNEL32.DLL
0x00007ff8e1980000 - 0x00007ff8e1bc9000 	C:\WINDOWS\System32\KERNELBASE.dll
0x00007ff8e50f0000 - 0x00007ff8e5191000 	C:\WINDOWS\System32\ADVAPI32.dll
0x00007ff8e2930000 - 0x00007ff8e29cd000 	C:\WINDOWS\System32\msvcrt.dll
0x00007ff8e5030000 - 0x00007ff8e5089000 	C:\WINDOWS\System32\sechost.dll
0x00007ff8e3fc0000 - 0x00007ff8e40e5000 	C:\WINDOWS\System32\RPCRT4.dll
0x00007ff8e4600000 - 0x00007ff8e474a000 	C:\WINDOWS\System32\USER32.dll
0x00007ff8e2510000 - 0x00007ff8e252e000 	C:\WINDOWS\System32\win32u.dll
0x00007ff8e4750000 - 0x00007ff8e4777000 	C:\WINDOWS\System32\GDI32.dll
0x00007ff8e2320000 - 0x00007ff8e24a7000 	C:\WINDOWS\System32\gdi32full.dll
0x00007ff8e26e0000 - 0x00007ff8e277a000 	C:\WINDOWS\System32\msvcp_win.dll
0x00007ff8e2530000 - 0x00007ff8e2626000 	C:\WINDOWS\System32\ucrtbase.dll
0x00007ff8dbf00000 - 0x00007ff8dc167000 	C:\WINDOWS\WinSxS\amd64_microsoft.windows.common-controls_6595b64144ccf1df_6.0.15063.483_none_26002d27e7c744a2\COMCTL32.dll
0x00007ff8e41b0000 - 0x00007ff8e44a9000 	C:\WINDOWS\System32\combase.dll
0x00007ff8e1910000 - 0x00007ff8e197a000 	C:\WINDOWS\System32\bcryptPrimitives.dll
0x00007ff8e5000000 - 0x00007ff8e502d000 	C:\WINDOWS\System32\IMM32.DLL
0x0000000071000000 - 0x00000000710d2000 	C:\Program Files\Java\jdk1.8.0_121\jre\bin\msvcr100.dll
0x0000000070760000 - 0x0000000070ffb000 	C:\Program Files\Java\jdk1.8.0_121\jre\bin\server\jvm.dll
0x00007ff8e4ff0000 - 0x00007ff8e4ff8000 	C:\WINDOWS\System32\PSAPI.DLL
0x00007ff8d3820000 - 0x00007ff8d3829000 	C:\WINDOWS\SYSTEM32\WSOCK32.dll
0x00007ff8e4e50000 - 0x00007ff8e4ebc000 	C:\WINDOWS\System32\WS2_32.dll
0x00007ff8de160000 - 0x00007ff8de183000 	C:\WINDOWS\SYSTEM32\WINMM.dll
0x00007ff8dfb70000 - 0x00007ff8dfb7a000 	C:\WINDOWS\SYSTEM32\VERSION.dll
0x00007ff8de100000 - 0x00007ff8de12b000 	C:\WINDOWS\SYSTEM32\WINMMBASE.dll
0x00007ff8e1bd0000 - 0x00007ff8e1c19000 	C:\WINDOWS\System32\cfgmgr32.dll
0x0000000071e30000 - 0x0000000071e3f000 	C:\Program Files\Java\jdk1.8.0_121\jre\bin\verify.dll
0x0000000071e00000 - 0x0000000071e29000 	C:\Program Files\Java\jdk1.8.0_121\jre\bin\java.dll
0x0000000071db0000 - 0x0000000071dd3000 	C:\Program Files\Java\jdk1.8.0_121\jre\bin\instrument.dll
0x0000000071d90000 - 0x0000000071da6000 	C:\Program Files\Java\jdk1.8.0_121\jre\bin\zip.dll
0x00007ff8e29d0000 - 0x00007ff8e3e06000 	C:\WINDOWS\System32\SHELL32.dll
0x00007ff8e3e30000 - 0x00007ff8e3eda000 	C:\WINDOWS\System32\shcore.dll
0x00007ff8e1c20000 - 0x00007ff8e2311000 	C:\WINDOWS\System32\windows.storage.dll
0x00007ff8e4780000 - 0x00007ff8e47d1000 	C:\WINDOWS\System32\shlwapi.dll
0x00007ff8e1720000 - 0x00007ff8e1731000 	C:\WINDOWS\System32\kernel.appcore.dll
0x00007ff8e16d0000 - 0x00007ff8e171c000 	C:\WINDOWS\System32\powrprof.dll
0x00007ff8e1690000 - 0x00007ff8e16a5000 	C:\WINDOWS\System32\profapi.dll
0x00007ff8c3ca0000 - 0x00007ff8c3cba000 	C:\Program Files\JetBrains\IntelliJ IDEA Community Edition 2017.1.2\bin\breakgen64.dll
0x0000000070740000 - 0x000000007075a000 	C:\Program Files\Java\jdk1.8.0_121\jre\bin\net.dll
0x00007ff8e0c10000 - 0x00007ff8e0c6c000 	C:\WINDOWS\system32\mswsock.dll
0x0000000070720000 - 0x0000000070731000 	C:\Program Files\Java\jdk1.8.0_121\jre\bin\nio.dll
0x00007ff8beed0000 - 0x00007ff8bef28000 	C:\Users\Michael\AppData\Local\Temp\lwjglMichael\3.1.3-SNAPSHOT\lwjgl.dll
0x00007ff8be860000 - 0x00007ff8be8ad000 	C:\Users\Michael\AppData\Local\Temp\lwjglMichael\3.1.3-SNAPSHOT\glfw.dll
0x00007ff8df850000 - 0x00007ff8df8e5000 	C:\WINDOWS\system32\uxtheme.dll
0x00007ff8bdde0000 - 0x00007ff8bde22000 	C:\WINDOWS\SYSTEM32\dinput8.dll
0x00007ff8dce40000 - 0x00007ff8dce4e000 	C:\WINDOWS\SYSTEM32\xinput1_4.dll
0x00007ff8df8f0000 - 0x00007ff8df918000 	C:\WINDOWS\SYSTEM32\DEVOBJ.dll
0x00007ff8de050000 - 0x00007ff8de07a000 	C:\WINDOWS\SYSTEM32\dwmapi.dll
0x00007ff8e4c20000 - 0x00007ff8e4d86000 	C:\WINDOWS\System32\MSCTF.dll
0x00007ff8e4d90000 - 0x00007ff8e4e50000 	C:\WINDOWS\System32\OLEAUT32.dll
0x00007ff8dfb60000 - 0x00007ff8dfb6d000 	C:\WINDOWS\SYSTEM32\HID.DLL
0x00007ff8e47e0000 - 0x00007ff8e4c1b000 	C:\WINDOWS\System32\SETUPAPI.DLL
0x00007ff8e24b0000 - 0x00007ff8e2506000 	C:\WINDOWS\System32\WINTRUST.dll
0x00007ff8e16b0000 - 0x00007ff8e16c1000 	C:\WINDOWS\System32\MSASN1.dll
0x00007ff8e1740000 - 0x00007ff8e1909000 	C:\WINDOWS\System32\CRYPT32.dll
0x00007ff8bbbf0000 - 0x00007ff8bbd11000 	C:\WINDOWS\SYSTEM32\opengl32.dll
0x00007ff8bd640000 - 0x00007ff8bd66c000 	C:\WINDOWS\SYSTEM32\GLU32.dll
0x000000006e520000 - 0x000000007071a000 	C:\WINDOWS\SYSTEM32\nvoglv64.DLL
0x00007ff8dde70000 - 0x00007ff8dde83000 	C:\WINDOWS\SYSTEM32\WTSAPI32.dll
0x00007ff8dfed0000 - 0x00007ff8dff01000 	C:\WINDOWS\SYSTEM32\ntmarta.dll
0x00007ff8e1460000 - 0x00007ff8e14b5000 	C:\WINDOWS\SYSTEM32\WINSTA.dll
0x00007ff8dc170000 - 0x00007ff8dc1f2000 	C:\WINDOWS\System32\TextInputFramework.dll
0x00007ff8df110000 - 0x00007ff8df1f3000 	C:\WINDOWS\System32\CoreMessaging.dll
0x00007ff8db700000 - 0x00007ff8db9d2000 	C:\WINDOWS\System32\CoreUIComponents.dll
0x00007ff8ddb50000 - 0x00007ff8ddb65000 	C:\WINDOWS\SYSTEM32\usermgrcli.dll
0x00007ff8dd510000 - 0x00007ff8dd649000 	C:\WINDOWS\SYSTEM32\wintypes.dll
0x00007ff8bc850000 - 0x00007ff8bc8af000 	C:\Users\Michael\AppData\Local\Temp\lwjglMichael\3.1.3-SNAPSHOT\lwjgl_opengl.dll
0x00007ff8e1060000 - 0x00007ff8e1209000 	C:\WINDOWS\SYSTEM32\dbghelp.dll

VM Arguments:
jvm_args: -javaagent:C:\Program Files\JetBrains\IntelliJ IDEA Community Edition 2017.1.2\lib\idea_rt.jar=63432:C:\Program Files\JetBrains\IntelliJ IDEA Community Edition 2017.1.2\bin -Dfile.encoding=UTF-8 
java_command: LWJGLStart
java_class_path (initial): C:\Program Files\Java\jdk1.8.0_121\jre\lib\charsets.jar;C:\Program Files\Java\jdk1.8.0_121\jre\lib\deploy.jar;C:\Program Files\Java\jdk1.8.0_121\jre\lib\ext\access-bridge-64.jar;C:\Program Files\Java\jdk1.8.0_121\jre\lib\ext\cldrdata.jar;C:\Program Files\Java\jdk1.8.0_121\jre\lib\ext\dnsns.jar;C:\Program Files\Java\jdk1.8.0_121\jre\lib\ext\jaccess.jar;C:\Program Files\Java\jdk1.8.0_121\jre\lib\ext\jfxrt.jar;C:\Program Files\Java\jdk1.8.0_121\jre\lib\ext\localedata.jar;C:\Program Files\Java\jdk1.8.0_121\jre\lib\ext\nashorn.jar;C:\Program Files\Java\jdk1.8.0_121\jre\lib\ext\sunec.jar;C:\Program Files\Java\jdk1.8.0_121\jre\lib\ext\sunjce_provider.jar;C:\Program Files\Java\jdk1.8.0_121\jre\lib\ext\sunmscapi.jar;C:\Program Files\Java\jdk1.8.0_121\jre\lib\ext\sunpkcs11.jar;C:\Program Files\Java\jdk1.8.0_121\jre\lib\ext\zipfs.jar;C:\Program Files\Java\jdk1.8.0_121\jre\lib\javaws.jar;C:\Program Files\Java\jdk1.8.0_121\jre\lib\jce.jar;C:\Program Files\Java\jdk1.8.0_121\jre\lib\jfr.jar;C:\Program Files\Java\jdk1.8.0_121\jre\lib\jfxswt.jar;C:\Program Files\Java\jdk1.8.0_121\jre\lib\jsse.jar;C:\Program Files\Java\jdk1.8.0_121\jre\lib\management-agent.jar;C:\Program Files\Java\jdk1.8.0_121\jre\lib\plugin.jar;C:\Program Files\Java\jdk1.8.0_121\jre\lib\resources.jar;C:\Program Files\Java\jdk1.8.0_121\jre\lib\rt.jar;D:\Projects\Neolithic\game\out\production\game;C:\Program Files\JetBrains\IntelliJ IDEA Community Edition 2017.1.2\lib\groovy-all-2.4.6.jar;D:\Projects\Neolithic\game\lwjgl-release-3.1.3-openGl\lwjgl.jar;D:\Projects\Neolithic\game\lwjgl-release-3.1.3-openGl\lwjgl-stb.jar;D:\Projects\Neolithic\game\lwjgl-release-3.1.3-openGl\lwjgl-glfw.jar;D:\Projects\Neolithic\game\lwjgl-release-3.1.3-openGl\lwjgl-openal.jar;D:\Projects\Neolithic\game\lwjgl-release-3.1.3-openGl\lwjgl-opengl.jar;D:\Projects\Neolithic\game\lwjgl-release-3.1.3-openGl\lwjgl-vulkan.jar;D:\Projects\Neolithic\game\lwjgl-release-3.1.3-openGl\lwjgl-javadoc.jar;D:\Projects\Neolithic\g
Launcher Type: SUN_STANDARD

Environment Variables:
PATH=C:\Program Files (x86)\NVIDIA Corporation\PhysX\Common;C:\Program Files (x86)\Java\jdk1.8.0_65\bin;C:\Program Files (x86)\Intel\iCLS Client\;C:\Program Files\Intel\iCLS Client\;C:\ProgramData\Oracle\Java\javapath;C:\WINDOWS\system32;C:\WINDOWS;C:\WINDOWS\System32\Wbem;C:\WINDOWS\System32\WindowsPowerShell\v1.0\;C:\Program Files\Intel\Intel(R) Management Engine Components\DAL;C:\Program Files\Intel\Intel(R) Management Engine Components\IPT;C:\Program Files (x86)\Intel\Intel(R) Management Engine Components\DAL;C:\Program Files (x86)\Intel\Intel(R) Management Engine Components\IPT;C:\Program Files (x86)\Windows Live\Shared;C:\Program Files (x86)\Skype\Phone\;C:\Users\Michael\AppData\Local\Microsoft\WindowsApps;C:\texlive\2017\bin\win32;
USERNAME=Michael
OS=Windows_NT
PROCESSOR_IDENTIFIER=Intel64 Family 6 Model 58 Stepping 9, GenuineIntel



---------------  S Y S T E M  ---------------

OS: Windows 10.0 , 64 bit Build 15063 (10.0.15063.296)

CPU:total 4 (4 cores per cpu, 1 threads per core) family 6 model 58 stepping 9, cmov, cx8, fxsr, mmx, sse, sse2, sse3, ssse3, sse4.1, sse4.2, popcnt, avx, aes, clmul, erms, tsc, tscinvbit, tscinv

Memory: 4k page, physical 8340776k(3442168k free), swap 16729384k(9772464k free)

vm_info: Java HotSpot(TM) 64-Bit Server VM (25.121-b13) for windows-amd64 JRE (1.8.0_121-b13), built on Dec 12 2016 18:21:36 by "java_re" with MS VC++ 10.0 (VS2010)

time: Wed Nov 08 21:50:25 2017
elapsed time: 1 seconds (0d 0h 0m 1s)

