#
# A fatal error has been detected by the Java Runtime Environment:
#
#  SIGSEGV (0xb) at pc=0x00007fd3aa26f6ec, pid=30408, tid=0x00007fd3d88e3700
#
# JRE version: Java(TM) SE Runtime Environment (8.0_121-b13) (build 1.8.0_121-b13)
# Java VM: Java HotSpot(TM) 64-Bit Server VM (25.121-b13 mixed mode linux-amd64 compressed oops)
# Problematic frame:
# C  [liblwjgl_opengl.so+0x446ec]  Java_org_lwjgl_opengl_GL30_nglGenVertexArrays__IJ+0xc
#
# Failed to write core dump. Core dumps have been disabled. To enable core dumping, try "ulimit -c unlimited" before starting Java again
#
# If you would like to submit a bug report, please visit:
#   http://bugreport.java.com/bugreport/crash.jsp
# The crash happened outside the Java Virtual Machine in native code.
# See problematic frame for where to report the bug.
#

---------------  T H R E A D  ---------------

Current thread (0x00007fd3d000d000):  JavaThread "main" [_thread_in_native, id=30409, stack(0x00007fd3d87e3000,0x00007fd3d88e4000)]

siginfo: si_signo: 11 (SIGSEGV), si_code: 1 (SEGV_MAPERR), si_addr: 0x0000000000000f70

Registers:
RAX=0x0000000000000000, RBX=0x00007fd3b8badfb0, RCX=0x00007fd3d04ff7dc, RDX=0x0000000000000001
RSP=0x00007fd3d88e2588, RBP=0x00007fd3d88e25e8, RSI=0x00007fd3d04ff7dc, RDI=0x0000000000000001
R8 =0x0000000000000000, R9 =0x0000000000000004, R10=0x00007fd3c1017a08, R11=0x00007fd3d76beea0
R12=0x0000000000000000, R13=0x00007fd3b8badfb0, R14=0x00007fd3d88e2618, R15=0x00007fd3d000d000
RIP=0x00007fd3aa26f6ec, EFLAGS=0x0000000000010283, CSGSFS=0x0000000000000033, ERR=0x0000000000000004
  TRAPNO=0x000000000000000e

Top of Stack: (sp=0x00007fd3d88e2588)
0x00007fd3d88e2588:   00007fd3c1017a34 00007fd3d88e25e8
0x00007fd3d88e2598:   00007fd3c10177c7 00007fd3c1017782
0x00007fd3d88e25a8:   00007fd3d88e25a8 00007fd3b8badfb0
0x00007fd3d88e25b8:   00007fd3d88e2618 00007fd3b8bb6bc8
0x00007fd3d88e25c8:   0000000000000000 00007fd3b8badfb0
0x00007fd3d88e25d8:   0000000000000000 00007fd3d88e2608
0x00007fd3d88e25e8:   00007fd3d88e2660 00007fd3c10082bd
0x00007fd3d88e25f8:   00000007700476d0 00007fd3c1011538
0x00007fd3d88e2608:   00007fd3d04ff7dc 00000007705a2f90
0x00007fd3d88e2618:   0000000000000001 00007fd3d88e2620
0x00007fd3d88e2628:   00007fd3b8bae124 00007fd3d88e2690
0x00007fd3d88e2638:   00007fd3b8bb6bc8 0000000000000000
0x00007fd3d88e2648:   00007fd3b8bae190 00007fd3d88e2608
0x00007fd3d88e2658:   00007fd3d88e2698 00007fd3d88e26e0
0x00007fd3d88e2668:   00007fd3c1007d00 0000000000000000
0x00007fd3d88e2678:   0000000000000000 00000007705a2f90
0x00007fd3d88e2688:   0000000000010000 00000007704dc4e0
0x00007fd3d88e2698:   000000076fff43d8 00007fd3d88e26a0
0x00007fd3d88e26a8:   00007fd3b8b9daea 00007fd3d88e2710
0x00007fd3d88e26b8:   00007fd3b8b9eb30 0000000000000000
0x00007fd3d88e26c8:   00007fd3b8b9db68 00007fd3d88e2698
0x00007fd3d88e26d8:   00007fd3d88e26f0 00007fd3d88e2760
0x00007fd3d88e26e8:   00007fd3c10082bd 00000007700098f0
0x00007fd3d88e26f8:   0000000770003ca0 0000000770000f30
0x00007fd3d88e2708:   000000076fff8118 000000076fff43d8
0x00007fd3d88e2718:   000000076fff43d8 00007fd3d88e2720
0x00007fd3d88e2728:   00007fd3b8b98511 00007fd3d88e27e0
0x00007fd3d88e2738:   00007fd3b8b98758 0000000000000000
0x00007fd3d88e2748:   00007fd3b8b98650 00007fd3d88e26f0
0x00007fd3d88e2758:   00007fd3d88e27e0 00007fd3d88e2830
0x00007fd3d88e2768:   00007fd3c1008040 000000076ffcb290
0x00007fd3d88e2778:   0000000700000003 000000076ffcafc0 

Instructions: (pc=0x00007fd3aa26f6ec)
0x00007fd3aa26f6cc:   78 1c 00 00 ff e0 66 66 66 66 66 2e 0f 1f 84 00
0x00007fd3aa26f6dc:   00 00 00 00 48 8b 07 48 89 ce 89 d7 48 8b 40 18
0x00007fd3aa26f6ec:   48 8b 80 70 0f 00 00 ff e0 66 66 2e 0f 1f 84 00
0x00007fd3aa26f6fc:   00 00 00 00 48 8b 07 48 89 ce 89 d7 48 8b 40 18 

Register to memory mapping:

RAX=0x0000000000000000 is an unknown value
RBX={method} {0x00007fd3b8badfb0} 'nglGenVertexArrays' '(IJ)V' in 'org/lwjgl/opengl/GL30'
RCX=0x00007fd3d04ff7dc is an unknown value
RDX=0x0000000000000001 is an unknown value
RSP=0x00007fd3d88e2588 is pointing into the stack for thread: 0x00007fd3d000d000
RBP=0x00007fd3d88e25e8 is pointing into the stack for thread: 0x00007fd3d000d000
RSI=0x00007fd3d04ff7dc is an unknown value
RDI=0x0000000000000001 is an unknown value
R8 =0x0000000000000000 is an unknown value
R9 =0x0000000000000004 is an unknown value
R10=0x00007fd3c1017a08 is at code_begin+808 in an Interpreter codelet
method entry point (kind = native)  [0x00007fd3c10176e0, 0x00007fd3c1017fe0]  2304 bytes
R11=0x00007fd3d76beea0: <offset 0x9c3ea0> in /home/michael1337/Programs/jdk/jdk1.8.0_121/jre/lib/amd64/server/libjvm.so at 0x00007fd3d6cfb000
R12=0x0000000000000000 is an unknown value
R13={method} {0x00007fd3b8badfb0} 'nglGenVertexArrays' '(IJ)V' in 'org/lwjgl/opengl/GL30'
R14=0x00007fd3d88e2618 is pointing into the stack for thread: 0x00007fd3d000d000
R15=0x00007fd3d000d000 is a thread


Stack: [0x00007fd3d87e3000,0x00007fd3d88e4000],  sp=0x00007fd3d88e2588,  free space=1021k
Native frames: (J=compiled Java code, j=interpreted, Vv=VM code, C=native code)
C  [liblwjgl_opengl.so+0x446ec]  Java_org_lwjgl_opengl_GL30_nglGenVertexArrays__IJ+0xc
j  org.lwjgl.opengl.GL30.glGenVertexArrays()I+20
j  engine.graphics.objects.models.Mesh.<init>([F[I[F[F)V+58
j  load.OBJLoader.loadMesh(Ljava/lang/String;)Lengine/graphics/objects/models/Mesh;+625
j  engine.graphics.objects.MeshHub.loadMesh()V+5
j  engine.data.proto.Data.load()V+32
j  engine.Engine.loadData()V+15
j  tests.parser.ParserTest.main([Ljava/lang/String;)V+3
v  ~StubRoutines::call_stub
V  [libjvm.so+0x690dd6]  JavaCalls::call_helper(JavaValue*, methodHandle*, JavaCallArguments*, Thread*)+0x1056
V  [libjvm.so+0x6d21e2]  jni_invoke_static(JNIEnv_*, JavaValue*, _jobject*, JNICallType, _jmethodID*, JNI_ArgumentPusher*, Thread*)+0x362
V  [libjvm.so+0x6eea4a]  jni_CallStaticVoidMethod+0x17a
C  [libjli.so+0x7bdf]  JavaMain+0x81f
C  [libpthread.so.0+0x76ba]  start_thread+0xca

Java frames: (J=compiled Java code, j=interpreted, Vv=VM code)
j  org.lwjgl.opengl.GL30.nglGenVertexArrays(IJ)V+0
j  org.lwjgl.opengl.GL30.glGenVertexArrays()I+20
j  engine.graphics.objects.models.Mesh.<init>([F[I[F[F)V+58
j  load.OBJLoader.loadMesh(Ljava/lang/String;)Lengine/graphics/objects/models/Mesh;+625
j  engine.graphics.objects.MeshHub.loadMesh()V+5
j  engine.data.proto.Data.load()V+32
j  engine.Engine.loadData()V+15
j  tests.parser.ParserTest.main([Ljava/lang/String;)V+3
v  ~StubRoutines::call_stub

---------------  P R O C E S S  ---------------

Java Threads: ( => current thread )
  0x00007fd3d03df000 JavaThread "Service Thread" daemon [_thread_blocked, id=30431, stack(0x00007fd3aa9ff000,0x00007fd3aab00000)]
  0x00007fd3d03c2000 JavaThread "C1 CompilerThread2" daemon [_thread_blocked, id=30430, stack(0x00007fd3aad17000,0x00007fd3aae18000)]
  0x00007fd3d03c0000 JavaThread "C2 CompilerThread1" daemon [_thread_blocked, id=30429, stack(0x00007fd3aae18000,0x00007fd3aaf19000)]
  0x00007fd3d03be000 JavaThread "C2 CompilerThread0" daemon [_thread_in_native, id=30428, stack(0x00007fd3aaf19000,0x00007fd3ab01a000)]
  0x00007fd3d03bc800 JavaThread "Monitor Ctrl-Break" daemon [_thread_in_native, id=30427, stack(0x00007fd3ab01a000,0x00007fd3ab11b000)]
  0x00007fd3d0180000 JavaThread "Signal Dispatcher" daemon [_thread_blocked, id=30426, stack(0x00007fd3ab11b000,0x00007fd3ab21c000)]
  0x00007fd3d014e800 JavaThread "Finalizer" daemon [_thread_blocked, id=30419, stack(0x00007fd3ab4f5000,0x00007fd3ab5f6000)]
  0x00007fd3d014a000 JavaThread "Reference Handler" daemon [_thread_blocked, id=30418, stack(0x00007fd3ab5f6000,0x00007fd3ab6f7000)]
=>0x00007fd3d000d000 JavaThread "main" [_thread_in_native, id=30409, stack(0x00007fd3d87e3000,0x00007fd3d88e4000)]

Other Threads:
  0x00007fd3d0142800 VMThread [stack: 0x00007fd3ab6f7000,0x00007fd3ab7f8000] [id=30417]
  0x00007fd3d03e4000 WatcherThread [stack: 0x00007fd3aa8fe000,0x00007fd3aa9ff000] [id=30432]

VM state:not at safepoint (normal execution)

VM Mutex/Monitor currently owned by a thread: None

Heap:
 PSYoungGen      total 72192K, used 17377K [0x000000076f580000, 0x0000000774600000, 0x00000007c0000000)
  eden space 61952K, 28% used [0x000000076f580000,0x0000000770678740,0x0000000773200000)
  from space 10240K, 0% used [0x0000000773c00000,0x0000000773c00000,0x0000000774600000)
  to   space 10240K, 0% used [0x0000000773200000,0x0000000773200000,0x0000000773c00000)
 ParOldGen       total 165376K, used 0K [0x00000006ce000000, 0x00000006d8180000, 0x000000076f580000)
  object space 165376K, 0% used [0x00000006ce000000,0x00000006ce000000,0x00000006d8180000)
 Metaspace       used 5870K, capacity 6082K, committed 6144K, reserved 1056768K
  class space    used 659K, capacity 735K, committed 768K, reserved 1048576K

Card table byte_map: [0x00007fd3d4bfa000,0x00007fd3d538b000] byte_map_base: 0x00007fd3d158a000

Marking Bits: (ParMarkBitMap*) 0x00007fd3d7cbfc80
 Begin Bits: [0x00007fd3b9700000, 0x00007fd3bd380000)
 End Bits:   [0x00007fd3bd380000, 0x00007fd3c1000000)

Polling page: 0x00007fd3d8912000

CodeCache: size=245760Kb used=2314Kb max_used=2326Kb free=243445Kb
 bounds [0x00007fd3c1000000, 0x00007fd3c1270000, 0x00007fd3d0000000]
 total_blobs=876 nmethods=549 adapters=241
 compilation: enabled

Compilation events (10 events):
Event: 0,750 Thread 0x00007fd3d03c2000  544       3       java.lang.ref.Finalizer::register (10 bytes)
Event: 0,751 Thread 0x00007fd3d03c2000 nmethod 544 0x00007fd3c1241390 code [0x00007fd3c1241520, 0x00007fd3c1241948]
Event: 0,751 Thread 0x00007fd3d03c2000  545       3       java.lang.ref.Finalizer::<init> (23 bytes)
Event: 0,751 Thread 0x00007fd3d03c2000 nmethod 545 0x00007fd3c1241b10 code [0x00007fd3c1241ca0, 0x00007fd3c1242028]
Event: 0,751 Thread 0x00007fd3d03c2000  546       3       java.lang.ref.FinalReference::<init> (7 bytes)
Event: 0,751 Thread 0x00007fd3d03c2000 nmethod 546 0x00007fd3c1242190 code [0x00007fd3c1242300, 0x00007fd3c12425b0]
Event: 0,751 Thread 0x00007fd3d03c2000  547   !   3       java.lang.ref.Finalizer::add (41 bytes)
Event: 0,751 Thread 0x00007fd3d03c2000 nmethod 547 0x00007fd3c1242690 code [0x00007fd3c1242800, 0x00007fd3c1242bb0]
Event: 0,758 Thread 0x00007fd3d03be000  548       4       java.util.HashMap::getNode (148 bytes)
Event: 0,759 Thread 0x00007fd3d03c2000  549  s    1       java.util.Vector::size (5 bytes)

GC Heap History (0 events):
No events

Deoptimization events (2 events):
Event: 0,583 Thread 0x00007fd3d000d000 Uncommon trap: reason=class_check action=maybe_recompile pc=0x00007fd3c1184994 method=java.util.AbstractCollection.toArray([Ljava/lang/Object;)[Ljava/lang/Object; @ 1
Event: 0,636 Thread 0x00007fd3d000d000 Uncommon trap: reason=unstable_if action=reinterpret pc=0x00007fd3c1192368 method=java.lang.CharacterDataLatin1.digit(II)I @ 31

Internal exceptions (10 events):
Event: 0,048 Thread 0x00007fd3d000d000 Exception <a 'java/lang/NoSuchMethodError': Method sun.misc.Unsafe.defineClass(Ljava/lang/String;[BII)Ljava/lang/Class; name or signature does not match> (0x000000076f587ca8) thrown at [/HUDSON3/workspace/8-2-build-linux-amd64/jdk8u121/8372/hotspot/src/sh
Event: 0,048 Thread 0x00007fd3d000d000 Exception <a 'java/lang/NoSuchMethodError': Method sun.misc.Unsafe.prefetchRead(Ljava/lang/Object;J)V name or signature does not match> (0x000000076f587f90) thrown at [/HUDSON3/workspace/8-2-build-linux-amd64/jdk8u121/8372/hotspot/src/share/vm/prims/jni.c
Event: 0,567 Thread 0x00007fd3d000d000 Exception <a 'java/lang/NoSuchFieldError': method resolution failed> (0x0000000770206e18) thrown at [/HUDSON3/workspace/8-2-build-linux-amd64/jdk8u121/8372/hotspot/src/share/vm/prims/methodHandles.cpp, line 1146]
Event: 0,576 Thread 0x00007fd3d000d000 Exception <a 'java/lang/NoSuchFieldError': method resolution failed> (0x0000000770214c30) thrown at [/HUDSON3/workspace/8-2-build-linux-amd64/jdk8u121/8372/hotspot/src/share/vm/prims/methodHandles.cpp, line 1146]
Event: 0,657 Thread 0x00007fd3d000d000 Exception <a 'java/lang/NoSuchMethodError': java.lang.Object.lambda$static$0(Ljava/lang/String;)Ljava/lang/Boolean;> (0x000000077037df80) thrown at [/HUDSON3/workspace/8-2-build-linux-amd64/jdk8u121/8372/hotspot/src/share/vm/interpreter/linkResolver.cpp, 
Event: 0,675 Thread 0x00007fd3d000d000 Exception <a 'java/security/PrivilegedActionException'> (0x00000007703d1570) thrown at [/HUDSON3/workspace/8-2-build-linux-amd64/jdk8u121/8372/hotspot/src/share/vm/prims/jvm.cpp, line 1390]
Event: 0,675 Thread 0x00007fd3d000d000 Exception <a 'java/security/PrivilegedActionException'> (0x00000007703d1780) thrown at [/HUDSON3/workspace/8-2-build-linux-amd64/jdk8u121/8372/hotspot/src/share/vm/prims/jvm.cpp, line 1390]
Event: 0,675 Thread 0x00007fd3d000d000 Exception <a 'java/security/PrivilegedActionException'> (0x00000007703d4280) thrown at [/HUDSON3/workspace/8-2-build-linux-amd64/jdk8u121/8372/hotspot/src/share/vm/prims/jvm.cpp, line 1390]
Event: 0,675 Thread 0x00007fd3d000d000 Exception <a 'java/security/PrivilegedActionException'> (0x00000007703d4490) thrown at [/HUDSON3/workspace/8-2-build-linux-amd64/jdk8u121/8372/hotspot/src/share/vm/prims/jvm.cpp, line 1390]
Event: 0,733 Thread 0x00007fd3d000d000 Exception <a 'sun/nio/fs/UnixException'> (0x000000077048aa20) thrown at [/HUDSON3/workspace/8-2-build-linux-amd64/jdk8u121/8372/hotspot/src/share/vm/prims/jni.cpp, line 709]

Events (10 events):
Event: 0,754 loading class org/lwjgl/system/jni/JNINativeInterface
Event: 0,754 loading class org/lwjgl/system/jni/JNINativeInterface done
Event: 0,756 loading class org/lwjgl/system/linux/DynamicLinkLoader
Event: 0,756 loading class org/lwjgl/system/linux/DynamicLinkLoader done
Event: 0,757 loading class org/lwjgl/opengl/GL$2
Event: 0,757 loading class org/lwjgl/opengl/GL$2 done
Event: 0,758 loading class org/lwjgl/opengl/GL$SharedLibraryGL
Event: 0,758 loading class org/lwjgl/opengl/GL$SharedLibraryGL done
Event: 0,758 loading class org/lwjgl/system/SharedLibrary$Delegate
Event: 0,758 loading class org/lwjgl/system/SharedLibrary$Delegate done


Dynamic libraries:
00400000-00401000 r-xp 00000000 08:01 24119309                           /home/michael1337/Programs/jdk/jdk1.8.0_121/bin/java
00600000-00601000 rw-p 00000000 08:01 24119309                           /home/michael1337/Programs/jdk/jdk1.8.0_121/bin/java
01a00000-01a21000 rw-p 00000000 00:00 0                                  [heap]
6ce000000-6d8180000 rw-p 00000000 00:00 0 
6d8180000-76f580000 ---p 00000000 00:00 0 
76f580000-774600000 rw-p 00000000 00:00 0 
774600000-7c0000000 ---p 00000000 00:00 0 
7c0000000-7c00c0000 rw-p 00000000 00:00 0 
7c00c0000-800000000 ---p 00000000 00:00 0 
7fd374000000-7fd374021000 rw-p 00000000 00:00 0 
7fd374021000-7fd378000000 ---p 00000000 00:00 0 
7fd37c000000-7fd37c021000 rw-p 00000000 00:00 0 
7fd37c021000-7fd380000000 ---p 00000000 00:00 0 
7fd380000000-7fd380188000 rw-p 00000000 00:00 0 
7fd380188000-7fd384000000 ---p 00000000 00:00 0 
7fd3845bb000-7fd3845c0000 r-xp 00000000 08:01 4464746                    /usr/lib/x86_64-linux-gnu/libXdmcp.so.6.0.0
7fd3845c0000-7fd3847bf000 ---p 00005000 08:01 4464746                    /usr/lib/x86_64-linux-gnu/libXdmcp.so.6.0.0
7fd3847bf000-7fd3847c0000 r--p 00004000 08:01 4464746                    /usr/lib/x86_64-linux-gnu/libXdmcp.so.6.0.0
7fd3847c0000-7fd3847c1000 rw-p 00005000 08:01 4464746                    /usr/lib/x86_64-linux-gnu/libXdmcp.so.6.0.0
7fd3847c1000-7fd3847c3000 r-xp 00000000 08:01 4464735                    /usr/lib/x86_64-linux-gnu/libXau.so.6.0.0
7fd3847c3000-7fd3849c3000 ---p 00002000 08:01 4464735                    /usr/lib/x86_64-linux-gnu/libXau.so.6.0.0
7fd3849c3000-7fd3849c4000 r--p 00002000 08:01 4464735                    /usr/lib/x86_64-linux-gnu/libXau.so.6.0.0
7fd3849c4000-7fd3849c5000 rw-p 00003000 08:01 4464735                    /usr/lib/x86_64-linux-gnu/libXau.so.6.0.0
7fd3849c5000-7fd3849d5000 r-xp 00000000 08:01 4460530                    /usr/lib/x86_64-linux-gnu/libdrm.so.2.4.0
7fd3849d5000-7fd384bd5000 ---p 00010000 08:01 4460530                    /usr/lib/x86_64-linux-gnu/libdrm.so.2.4.0
7fd384bd5000-7fd384bd6000 r--p 00010000 08:01 4460530                    /usr/lib/x86_64-linux-gnu/libdrm.so.2.4.0
7fd384bd6000-7fd384bd7000 rw-p 00011000 08:01 4460530                    /usr/lib/x86_64-linux-gnu/libdrm.so.2.4.0
7fd384bd7000-7fd384bdc000 r-xp 00000000 08:01 4464784                    /usr/lib/x86_64-linux-gnu/libXxf86vm.so.1.0.0
7fd384bdc000-7fd384ddb000 ---p 00005000 08:01 4464784                    /usr/lib/x86_64-linux-gnu/libXxf86vm.so.1.0.0
7fd384ddb000-7fd384ddc000 r--p 00004000 08:01 4464784                    /usr/lib/x86_64-linux-gnu/libXxf86vm.so.1.0.0
7fd384ddc000-7fd384ddd000 rw-p 00005000 08:01 4464784                    /usr/lib/x86_64-linux-gnu/libXxf86vm.so.1.0.0
7fd384ddd000-7fd384dfe000 r-xp 00000000 08:01 4466084                    /usr/lib/x86_64-linux-gnu/libxcb.so.1.1.0
7fd384dfe000-7fd384ffd000 ---p 00021000 08:01 4466084                    /usr/lib/x86_64-linux-gnu/libxcb.so.1.1.0
7fd384ffd000-7fd384ffe000 r--p 00020000 08:01 4466084                    /usr/lib/x86_64-linux-gnu/libxcb.so.1.1.0
7fd384ffe000-7fd384fff000 rw-p 00021000 08:01 4466084                    /usr/lib/x86_64-linux-gnu/libxcb.so.1.1.0
7fd384fff000-7fd388000000 rw-p 00000000 00:00 0 
7fd388000000-7fd388147000 rw-p 00000000 00:00 0 
7fd388147000-7fd38c000000 ---p 00000000 00:00 0 
7fd38c000000-7fd38c1e2000 rw-p 00000000 00:00 0 
7fd38c1e2000-7fd390000000 ---p 00000000 00:00 0 
7fd390000000-7fd390021000 rw-p 00000000 00:00 0 
7fd390021000-7fd394000000 ---p 00000000 00:00 0 
7fd394000000-7fd394021000 rw-p 00000000 00:00 0 
7fd394021000-7fd398000000 ---p 00000000 00:00 0 
7fd398000000-7fd398021000 rw-p 00000000 00:00 0 
7fd398021000-7fd39c000000 ---p 00000000 00:00 0 
7fd39c000000-7fd39c021000 rw-p 00000000 00:00 0 
7fd39c021000-7fd3a0000000 ---p 00000000 00:00 0 
7fd3a0000000-7fd3a0021000 rw-p 00000000 00:00 0 
7fd3a0021000-7fd3a4000000 ---p 00000000 00:00 0 
7fd3a4000000-7fd3a4021000 rw-p 00000000 00:00 0 
7fd3a4021000-7fd3a8000000 ---p 00000000 00:00 0 
7fd3a81be000-7fd3a81c2000 r-xp 00000000 08:01 4466048                    /usr/lib/x86_64-linux-gnu/libxcb-dri2.so.0.0.0
7fd3a81c2000-7fd3a83c1000 ---p 00004000 08:01 4466048                    /usr/lib/x86_64-linux-gnu/libxcb-dri2.so.0.0.0
7fd3a83c1000-7fd3a83c2000 r--p 00003000 08:01 4466048                    /usr/lib/x86_64-linux-gnu/libxcb-dri2.so.0.0.0
7fd3a83c2000-7fd3a83c3000 rw-p 00004000 08:01 4466048                    /usr/lib/x86_64-linux-gnu/libxcb-dri2.so.0.0.0
7fd3a83c3000-7fd3a83da000 r-xp 00000000 08:01 4466052                    /usr/lib/x86_64-linux-gnu/libxcb-glx.so.0.0.0
7fd3a83da000-7fd3a85d9000 ---p 00017000 08:01 4466052                    /usr/lib/x86_64-linux-gnu/libxcb-glx.so.0.0.0
7fd3a85d9000-7fd3a85db000 r--p 00016000 08:01 4466052                    /usr/lib/x86_64-linux-gnu/libxcb-glx.so.0.0.0
7fd3a85db000-7fd3a85dc000 rw-p 00018000 08:01 4466052                    /usr/lib/x86_64-linux-gnu/libxcb-glx.so.0.0.0
7fd3a85dc000-7fd3a8711000 r-xp 00000000 08:01 4461455                    /usr/lib/x86_64-linux-gnu/libX11.so.6.3.0
7fd3a8711000-7fd3a8911000 ---p 00135000 08:01 4461455                    /usr/lib/x86_64-linux-gnu/libX11.so.6.3.0
7fd3a8911000-7fd3a8912000 r--p 00135000 08:01 4461455                    /usr/lib/x86_64-linux-gnu/libX11.so.6.3.0
7fd3a8912000-7fd3a8916000 rw-p 00136000 08:01 4461455                    /usr/lib/x86_64-linux-gnu/libX11.so.6.3.0
7fd3a8916000-7fd3a8917000 r-xp 00000000 08:01 4464295                    /usr/lib/x86_64-linux-gnu/libX11-xcb.so.1.0.0
7fd3a8917000-7fd3a8b16000 ---p 00001000 08:01 4464295                    /usr/lib/x86_64-linux-gnu/libX11-xcb.so.1.0.0
7fd3a8b16000-7fd3a8b17000 r--p 00000000 08:01 4464295                    /usr/lib/x86_64-linux-gnu/libX11-xcb.so.1.0.0
7fd3a8b17000-7fd3a8b18000 rw-p 00001000 08:01 4464295                    /usr/lib/x86_64-linux-gnu/libX11-xcb.so.1.0.0
7fd3a8b18000-7fd3a8b1d000 r-xp 00000000 08:01 4464750                    /usr/lib/x86_64-linux-gnu/libXfixes.so.3.1.0
7fd3a8b1d000-7fd3a8d1c000 ---p 00005000 08:01 4464750                    /usr/lib/x86_64-linux-gnu/libXfixes.so.3.1.0
7fd3a8d1c000-7fd3a8d1d000 r--p 00004000 08:01 4464750                    /usr/lib/x86_64-linux-gnu/libXfixes.so.3.1.0
7fd3a8d1d000-7fd3a8d1e000 rw-p 00005000 08:01 4464750                    /usr/lib/x86_64-linux-gnu/libXfixes.so.3.1.0
7fd3a8d1e000-7fd3a8d20000 r-xp 00000000 08:01 4464744                    /usr/lib/x86_64-linux-gnu/libXdamage.so.1.1.0
7fd3a8d20000-7fd3a8f1f000 ---p 00002000 08:01 4464744                    /usr/lib/x86_64-linux-gnu/libXdamage.so.1.1.0
7fd3a8f1f000-7fd3a8f20000 r--p 00001000 08:01 4464744                    /usr/lib/x86_64-linux-gnu/libXdamage.so.1.1.0
7fd3a8f20000-7fd3a8f21000 rw-p 00002000 08:01 4464744                    /usr/lib/x86_64-linux-gnu/libXdamage.so.1.1.0
7fd3a8f21000-7fd3a8f32000 r-xp 00000000 08:01 4464748                    /usr/lib/x86_64-linux-gnu/libXext.so.6.4.0
7fd3a8f32000-7fd3a9131000 ---p 00011000 08:01 4464748                    /usr/lib/x86_64-linux-gnu/libXext.so.6.4.0
7fd3a9131000-7fd3a9132000 r--p 00010000 08:01 4464748                    /usr/lib/x86_64-linux-gnu/libXext.so.6.4.0
7fd3a9132000-7fd3a9133000 rw-p 00011000 08:01 4464748                    /usr/lib/x86_64-linux-gnu/libXext.so.6.4.0
7fd3a9133000-7fd3a915f000 r-xp 00000000 08:01 4464119                    /usr/lib/x86_64-linux-gnu/libglapi.so.0.0.0
7fd3a915f000-7fd3a935e000 ---p 0002c000 08:01 4464119                    /usr/lib/x86_64-linux-gnu/libglapi.so.0.0.0
7fd3a935e000-7fd3a9362000 r--p 0002b000 08:01 4464119                    /usr/lib/x86_64-linux-gnu/libglapi.so.0.0.0
7fd3a9362000-7fd3a9363000 rw-p 0002f000 08:01 4464119                    /usr/lib/x86_64-linux-gnu/libglapi.so.0.0.0
7fd3a9363000-7fd3a9364000 rw-p 00000000 00:00 0 
7fd3a9364000-7fd3a9365000 r-xp 00000000 08:01 4466096                    /usr/lib/x86_64-linux-gnu/libxshmfence.so.1.0.0
7fd3a9365000-7fd3a9565000 ---p 00001000 08:01 4466096                    /usr/lib/x86_64-linux-gnu/libxshmfence.so.1.0.0
7fd3a9565000-7fd3a9566000 r--p 00001000 08:01 4466096                    /usr/lib/x86_64-linux-gnu/libxshmfence.so.1.0.0
7fd3a9566000-7fd3a9567000 rw-p 00002000 08:01 4466096                    /usr/lib/x86_64-linux-gnu/libxshmfence.so.1.0.0
7fd3a9567000-7fd3a956c000 r-xp 00000000 08:01 4466072                    /usr/lib/x86_64-linux-gnu/libxcb-sync.so.1.0.0
7fd3a956c000-7fd3a976c000 ---p 00005000 08:01 4466072                    /usr/lib/x86_64-linux-gnu/libxcb-sync.so.1.0.0
7fd3a976c000-7fd3a976d000 r--p 00005000 08:01 4466072                    /usr/lib/x86_64-linux-gnu/libxcb-sync.so.1.0.0
7fd3a976d000-7fd3a976e000 rw-p 00006000 08:01 4466072                    /usr/lib/x86_64-linux-gnu/libxcb-sync.so.1.0.0
7fd3a976e000-7fd3a9770000 r-xp 00000000 08:01 4466060                    /usr/lib/x86_64-linux-gnu/libxcb-present.so.0.0.0
7fd3a9770000-7fd3a996f000 ---p 00002000 08:01 4466060                    /usr/lib/x86_64-linux-gnu/libxcb-present.so.0.0.0
7fd3a996f000-7fd3a9970000 r--p 00001000 08:01 4466060                    /usr/lib/x86_64-linux-gnu/libxcb-present.so.0.0.0
7fd3a9970000-7fd3a9971000 rw-p 00002000 08:01 4466060                    /usr/lib/x86_64-linux-gnu/libxcb-present.so.0.0.0
7fd3a9971000-7fd3a9973000 r-xp 00000000 08:01 4466050                    /usr/lib/x86_64-linux-gnu/libxcb-dri3.so.0.0.0
7fd3a9973000-7fd3a9b72000 ---p 00002000 08:01 4466050                    /usr/lib/x86_64-linux-gnu/libxcb-dri3.so.0.0.0
7fd3a9b72000-7fd3a9b73000 r--p 00001000 08:01 4466050                    /usr/lib/x86_64-linux-gnu/libxcb-dri3.so.0.0.0
7fd3a9b73000-7fd3a9b74000 rw-p 00002000 08:01 4466050                    /usr/lib/x86_64-linux-gnu/libxcb-dri3.so.0.0.0
7fd3a9b74000-7fd3a9b9a000 r-xp 00000000 08:01 20840649                   /lib/x86_64-linux-gnu/libexpat.so.1.6.0
7fd3a9b9a000-7fd3a9d9a000 ---p 00026000 08:01 20840649                   /lib/x86_64-linux-gnu/libexpat.so.1.6.0
7fd3a9d9a000-7fd3a9d9c000 r--p 00026000 08:01 20840649                   /lib/x86_64-linux-gnu/libexpat.so.1.6.0
7fd3a9d9c000-7fd3a9d9d000 rw-p 00028000 08:01 20840649                   /lib/x86_64-linux-gnu/libexpat.so.1.6.0
7fd3a9d9d000-7fd3a9db6000 r-xp 00000000 08:01 20844854                   /lib/x86_64-linux-gnu/libz.so.1.2.8
7fd3a9db6000-7fd3a9fb5000 ---p 00019000 08:01 20844854                   /lib/x86_64-linux-gnu/libz.so.1.2.8
7fd3a9fb5000-7fd3a9fb6000 r--p 00018000 08:01 20844854                   /lib/x86_64-linux-gnu/libz.so.1.2.8
7fd3a9fb6000-7fd3a9fb7000 rw-p 00019000 08:01 20844854                   /lib/x86_64-linux-gnu/libz.so.1.2.8
7fd3a9fb7000-7fd3aa027000 r-xp 00000000 08:01 4718962                    /usr/lib/x86_64-linux-gnu/mesa/libGL.so.1.2.0
7fd3aa027000-7fd3aa226000 ---p 00070000 08:01 4718962                    /usr/lib/x86_64-linux-gnu/mesa/libGL.so.1.2.0
7fd3aa226000-7fd3aa229000 r--p 0006f000 08:01 4718962                    /usr/lib/x86_64-linux-gnu/mesa/libGL.so.1.2.0
7fd3aa229000-7fd3aa22a000 rw-p 00072000 08:01 4718962                    /usr/lib/x86_64-linux-gnu/mesa/libGL.so.1.2.0
7fd3aa22a000-7fd3aa22b000 rw-p 00000000 00:00 0 
7fd3aa22b000-7fd3aa296000 r-xp 00000000 08:01 26747600                   /tmp/lwjglmichael1337/3.1.6-build-14/liblwjgl_opengl.so
7fd3aa296000-7fd3aa495000 ---p 0006b000 08:01 26747600                   /tmp/lwjglmichael1337/3.1.6-build-14/liblwjgl_opengl.so
7fd3aa495000-7fd3aa496000 r--p 0006a000 08:01 26747600                   /tmp/lwjglmichael1337/3.1.6-build-14/liblwjgl_opengl.so
7fd3aa496000-7fd3aa497000 rw-p 0006b000 08:01 26747600                   /tmp/lwjglmichael1337/3.1.6-build-14/liblwjgl_opengl.so
7fd3aa497000-7fd3aa4eb000 r-xp 00000000 08:01 26747598                   /tmp/lwjglmichael1337/3.1.6-build-14/liblwjgl.so
7fd3aa4eb000-7fd3aa6eb000 ---p 00054000 08:01 26747598                   /tmp/lwjglmichael1337/3.1.6-build-14/liblwjgl.so
7fd3aa6eb000-7fd3aa6ec000 r--p 00054000 08:01 26747598                   /tmp/lwjglmichael1337/3.1.6-build-14/liblwjgl.so
7fd3aa6ec000-7fd3aa6ed000 rw-p 00055000 08:01 26747598                   /tmp/lwjglmichael1337/3.1.6-build-14/liblwjgl.so
7fd3aa6ed000-7fd3aa6fe000 r-xp 00000000 08:01 24119418                   /home/michael1337/Programs/jdk/jdk1.8.0_121/jre/lib/amd64/libnio.so
7fd3aa6fe000-7fd3aa8fd000 ---p 00011000 08:01 24119418                   /home/michael1337/Programs/jdk/jdk1.8.0_121/jre/lib/amd64/libnio.so
7fd3aa8fd000-7fd3aa8fe000 rw-p 00010000 08:01 24119418                   /home/michael1337/Programs/jdk/jdk1.8.0_121/jre/lib/amd64/libnio.so
7fd3aa8fe000-7fd3aa8ff000 ---p 00000000 00:00 0 
7fd3aa8ff000-7fd3aa9ff000 rw-p 00000000 00:00 0 
7fd3aa9ff000-7fd3aaa02000 ---p 00000000 00:00 0 
7fd3aaa02000-7fd3aab00000 rw-p 00000000 00:00 0 
7fd3aab00000-7fd3aab16000 r-xp 00000000 08:01 24119393                   /home/michael1337/Programs/jdk/jdk1.8.0_121/jre/lib/amd64/libnet.so
7fd3aab16000-7fd3aad16000 ---p 00016000 08:01 24119393                   /home/michael1337/Programs/jdk/jdk1.8.0_121/jre/lib/amd64/libnet.so
7fd3aad16000-7fd3aad17000 rw-p 00016000 08:01 24119393                   /home/michael1337/Programs/jdk/jdk1.8.0_121/jre/lib/amd64/libnet.so
7fd3aad17000-7fd3aad1a000 ---p 00000000 00:00 0 
7fd3aad1a000-7fd3aae18000 rw-p 00000000 00:00 0 
7fd3aae18000-7fd3aae1b000 ---p 00000000 00:00 0 
7fd3aae1b000-7fd3aaf19000 rw-p 00000000 00:00 0 
7fd3aaf19000-7fd3aaf1c000 ---p 00000000 00:00 0 
7fd3aaf1c000-7fd3ab01a000 rw-p 00000000 00:00 0 
7fd3ab01a000-7fd3ab01d000 ---p 00000000 00:00 0 
7fd3ab01d000-7fd3ab11b000 rw-p 00000000 00:00 0 
7fd3ab11b000-7fd3ab11e000 ---p 00000000 00:00 0 
7fd3ab11e000-7fd3ab21c000 rw-p 00000000 00:00 0 
7fd3ab21c000-7fd3ab4f5000 r--p 00000000 08:01 4457405                    /usr/lib/locale/locale-archive
7fd3ab4f5000-7fd3ab4f8000 ---p 00000000 00:00 0 
7fd3ab4f8000-7fd3ab5f6000 rw-p 00000000 00:00 0 
7fd3ab5f6000-7fd3ab5f9000 ---p 00000000 00:00 0 
7fd3ab5f9000-7fd3ab6f7000 rw-p 00000000 00:00 0 
7fd3ab6f7000-7fd3ab6f8000 ---p 00000000 00:00 0 
7fd3ab6f8000-7fd3ac000000 rw-p 00000000 00:00 0 
7fd3ac000000-7fd3ac021000 rw-p 00000000 00:00 0 
7fd3ac021000-7fd3b0000000 ---p 00000000 00:00 0 
7fd3b0000000-7fd3b0021000 rw-p 00000000 00:00 0 
7fd3b0021000-7fd3b4000000 ---p 00000000 00:00 0 
7fd3b4000000-7fd3b4021000 rw-p 00000000 00:00 0 
7fd3b4021000-7fd3b8000000 ---p 00000000 00:00 0 
7fd3b8037000-7fd3b8039000 r--s 0001a000 08:01 24788587                   /home/michael1337/Programs/intellij/idea-IU-181.5281.24/lib/idea_rt.jar
7fd3b8039000-7fd3b803d000 r--s 00031000 08:01 27009233                   /home/michael1337/Documents/Neolithic/game/lib/commons-io-2.6/commons-io-2.6.jar
7fd3b803d000-7fd3b8044000 r--s 00058000 08:01 27009231                   /home/michael1337/Documents/Neolithic/game/lib/commons-io-2.6/commons-io-2.6-tests.jar
7fd3b8044000-7fd3b8045000 r--s 00002000 08:01 25701703                   /home/michael1337/Documents/Neolithic/game/lib/PNGDecoder.jar
7fd3b8045000-7fd3b804a000 r--s 00045000 08:01 26222668                   /home/michael1337/Documents/Neolithic/game/lib/lwjgl/lwjgl.jar
7fd3b804a000-7fd3b805d000 r--s 0014d000 08:01 26222592                   /home/michael1337/Documents/Neolithic/game/lib/lwjgl/lwjgl-vulkan.jar
7fd3b805d000-7fd3b805f000 r--s 00018000 08:01 26221583                   /home/michael1337/Documents/Neolithic/game/lib/lwjgl/lwjgl-stb.jar
7fd3b805f000-7fd3b8069000 r--s 000bf000 08:01 26221572                   /home/michael1337/Documents/Neolithic/game/lib/lwjgl/lwjgl-opengl.jar
7fd3b8069000-7fd3b8cb0000 rw-p 00000000 00:00 0 
7fd3b8cb0000-7fd3b8f70000 ---p 00000000 00:00 0 
7fd3b8f70000-7fd3c1000000 rw-p 00000000 00:00 0 
7fd3c1000000-7fd3c1270000 rwxp 00000000 00:00 0 
7fd3c1270000-7fd3d0000000 ---p 00000000 00:00 0 
7fd3d0000000-7fd3d07ae000 rw-p 00000000 00:00 0 
7fd3d07ae000-7fd3d4000000 ---p 00000000 00:00 0 
7fd3d4000000-7fd3d4001000 r--s 0006f000 08:01 26221581                   /home/michael1337/Documents/Neolithic/game/lib/lwjgl/lwjgl-stb-natives-windows.jar
7fd3d4001000-7fd3d4002000 r--s 0002a000 08:01 26221580                   /home/michael1337/Documents/Neolithic/game/lib/lwjgl/lwjgl-stb-natives-macos.jar
7fd3d4002000-7fd3d4003000 r--s 00031000 08:01 26221579                   /home/michael1337/Documents/Neolithic/game/lib/lwjgl/lwjgl-stb-natives-linux.jar
7fd3d4003000-7fd3d4004000 r--s 00002000 08:01 26221577                   /home/michael1337/Documents/Neolithic/game/lib/lwjgl/lwjgl-par.jar
7fd3d4004000-7fd3d4005000 r--s 00031000 08:01 26221574                   /home/michael1337/Documents/Neolithic/game/lib/lwjgl/lwjgl-par-natives-windows.jar
7fd3d4005000-7fd3d4006000 r--s 00004000 08:01 26222670                   /home/michael1337/Documents/Neolithic/game/lib/lwjgl/lwjgl-par-natives-macos.jar
7fd3d4006000-7fd3d4007000 r--s 00005000 08:01 26221573                   /home/michael1337/Documents/Neolithic/game/lib/lwjgl/lwjgl-par-natives-linux.jar
7fd3d4007000-7fd3d4008000 r--s 0002a000 08:01 26221570                   /home/michael1337/Documents/Neolithic/game/lib/lwjgl/lwjgl-opengl-natives-windows.jar
7fd3d4008000-7fd3d4009000 r--s 0000b000 08:01 26221569                   /home/michael1337/Documents/Neolithic/game/lib/lwjgl/lwjgl-opengl-natives-macos.jar
7fd3d4009000-7fd3d400a000 r--s 00016000 08:01 26221568                   /home/michael1337/Documents/Neolithic/game/lib/lwjgl/lwjgl-opengl-natives-linux.jar
7fd3d400a000-7fd3d400d000 r--s 00011000 08:01 26221566                   /home/michael1337/Documents/Neolithic/game/lib/lwjgl/lwjgl-openal.jar
7fd3d400d000-7fd3d400e000 r--s 00105000 08:01 26221562                   /home/michael1337/Documents/Neolithic/game/lib/lwjgl/lwjgl-openal-natives-windows.jar
7fd3d400e000-7fd3d400f000 r--s 00064000 08:01 26221560                   /home/michael1337/Documents/Neolithic/game/lib/lwjgl/lwjgl-openal-natives-macos.jar
7fd3d400f000-7fd3d4010000 r--s 00077000 08:01 26221559                   /home/michael1337/Documents/Neolithic/game/lib/lwjgl/lwjgl-openal-natives-linux.jar
7fd3d4010000-7fd3d4015000 r--s 0005f000 08:01 26221557                   /home/michael1337/Documents/Neolithic/game/lib/lwjgl/lwjgl-nuklear.jar
7fd3d4015000-7fd3d4016000 r--s 00041000 08:01 26221556                   /home/michael1337/Documents/Neolithic/game/lib/lwjgl/lwjgl-nuklear-natives-windows.jar
7fd3d4016000-7fd3d4017000 r--s 0002e000 08:01 26221561                   /home/michael1337/Documents/Neolithic/game/lib/lwjgl/lwjgl-nuklear-natives-macos.jar
7fd3d4017000-7fd3d4018000 r--s 00022000 08:01 26221554                   /home/michael1337/Documents/Neolithic/game/lib/lwjgl/lwjgl-nuklear-natives-linux.jar
7fd3d4018000-7fd3d4019000 r--s 00039000 08:01 26222669                   /home/michael1337/Documents/Neolithic/game/lib/lwjgl/lwjgl-natives-windows.jar
7fd3d4019000-7fd3d401b000 r--s 00008000 08:01 26222596                   /home/michael1337/Documents/Neolithic/game/lib/lwjgl/lwjgl-natives-macos.jar
7fd3d401b000-7fd3d401c000 r--s 00013000 08:01 26222595                   /home/michael1337/Documents/Neolithic/game/lib/lwjgl/lwjgl-natives-linux.jar
7fd3d401c000-7fd3d401e000 r--s 0000e000 08:01 26221549                   /home/michael1337/Documents/Neolithic/game/lib/lwjgl/lwjgl-nanovg.jar
7fd3d401e000-7fd3d401f000 r--s 00068000 08:01 26221547                   /home/michael1337/Documents/Neolithic/game/lib/lwjgl/lwjgl-nanovg-natives-windows.jar
7fd3d401f000-7fd3d4021000 r--s 00026000 08:01 26221553                   /home/michael1337/Documents/Neolithic/game/lib/lwjgl/lwjgl-nanovg-natives-macos.jar
7fd3d4021000-7fd3d4022000 r--s 00029000 08:01 26221546                   /home/michael1337/Documents/Neolithic/game/lib/lwjgl/lwjgl-nanovg-natives-linux.jar
7fd3d4022000-7fd3d4025000 r--s 00019000 08:01 26221542                   /home/michael1337/Documents/Neolithic/game/lib/lwjgl/lwjgl-glfw.jar
7fd3d4025000-7fd3d4026000 r--s 0003d000 08:01 26221544                   /home/michael1337/Documents/Neolithic/game/lib/lwjgl/lwjgl-glfw-natives-windows.jar
7fd3d4026000-7fd3d4028000 r--s 00022000 08:01 26221539                   /home/michael1337/Documents/Neolithic/game/lib/lwjgl/lwjgl-glfw-natives-linux.jar
7fd3d4028000-7fd3d403b000 r--s 00345000 08:01 24119617                   /home/michael1337/Programs/jdk/jdk1.8.0_121/jre/lib/resources.jar
7fd3d403b000-7fd3d404d000 r--s 000d6000 08:01 24119616                   /home/michael1337/Programs/jdk/jdk1.8.0_121/jre/lib/plugin.jar
7fd3d404d000-7fd3d409c000 rw-p 00000000 00:00 0 
7fd3d409c000-7fd3d4275000 r--s 03d3e000 08:01 24119385                   /home/michael1337/Programs/jdk/jdk1.8.0_121/jre/lib/rt.jar
7fd3d4275000-7fd3d42eb000 rw-p 00000000 00:00 0 
7fd3d42eb000-7fd3d42ec000 ---p 00000000 00:00 0 
7fd3d42ec000-7fd3d43ec000 rw-p 00000000 00:00 0 
7fd3d43ec000-7fd3d43ed000 ---p 00000000 00:00 0 
7fd3d43ed000-7fd3d44ed000 rw-p 00000000 00:00 0 
7fd3d44ed000-7fd3d44ee000 ---p 00000000 00:00 0 
7fd3d44ee000-7fd3d45ee000 rw-p 00000000 00:00 0 
7fd3d45ee000-7fd3d45ef000 ---p 00000000 00:00 0 
7fd3d45ef000-7fd3d4740000 rw-p 00000000 00:00 0 
7fd3d4740000-7fd3d4bfa000 ---p 00000000 00:00 0 
7fd3d4bfa000-7fd3d4c4b000 rw-p 00000000 00:00 0 
7fd3d4c4b000-7fd3d5104000 ---p 00000000 00:00 0 
7fd3d5104000-7fd3d512d000 rw-p 00000000 00:00 0 
7fd3d512d000-7fd3d538a000 ---p 00000000 00:00 0 
7fd3d538a000-7fd3d5395000 rw-p 00000000 00:00 0 
7fd3d5395000-7fd3d574b000 ---p 00000000 00:00 0 
7fd3d574b000-7fd3d5765000 r-xp 00000000 08:01 24119416                   /home/michael1337/Programs/jdk/jdk1.8.0_121/jre/lib/amd64/libzip.so
7fd3d5765000-7fd3d5965000 ---p 0001a000 08:01 24119416                   /home/michael1337/Programs/jdk/jdk1.8.0_121/jre/lib/amd64/libzip.so
7fd3d5965000-7fd3d5966000 rw-p 0001a000 08:01 24119416                   /home/michael1337/Programs/jdk/jdk1.8.0_121/jre/lib/amd64/libzip.so
7fd3d5966000-7fd3d5971000 r-xp 00000000 08:01 20845377                   /lib/x86_64-linux-gnu/libnss_files-2.23.so
7fd3d5971000-7fd3d5b70000 ---p 0000b000 08:01 20845377                   /lib/x86_64-linux-gnu/libnss_files-2.23.so
7fd3d5b70000-7fd3d5b71000 r--p 0000a000 08:01 20845377                   /lib/x86_64-linux-gnu/libnss_files-2.23.so
7fd3d5b71000-7fd3d5b72000 rw-p 0000b000 08:01 20845377                   /lib/x86_64-linux-gnu/libnss_files-2.23.so
7fd3d5b72000-7fd3d5b78000 rw-p 00000000 00:00 0 
7fd3d5b78000-7fd3d5b83000 r-xp 00000000 08:01 20845381                   /lib/x86_64-linux-gnu/libnss_nis-2.23.so
7fd3d5b83000-7fd3d5d82000 ---p 0000b000 08:01 20845381                   /lib/x86_64-linux-gnu/libnss_nis-2.23.so
7fd3d5d82000-7fd3d5d83000 r--p 0000a000 08:01 20845381                   /lib/x86_64-linux-gnu/libnss_nis-2.23.so
7fd3d5d83000-7fd3d5d84000 rw-p 0000b000 08:01 20845381                   /lib/x86_64-linux-gnu/libnss_nis-2.23.so
7fd3d5d84000-7fd3d5d9a000 r-xp 00000000 08:01 20845361                   /lib/x86_64-linux-gnu/libnsl-2.23.so
7fd3d5d9a000-7fd3d5f99000 ---p 00016000 08:01 20845361                   /lib/x86_64-linux-gnu/libnsl-2.23.so
7fd3d5f99000-7fd3d5f9a000 r--p 00015000 08:01 20845361                   /lib/x86_64-linux-gnu/libnsl-2.23.so
7fd3d5f9a000-7fd3d5f9b000 rw-p 00016000 08:01 20845361                   /lib/x86_64-linux-gnu/libnsl-2.23.so
7fd3d5f9b000-7fd3d5f9d000 rw-p 00000000 00:00 0 
7fd3d5f9d000-7fd3d5fa5000 r-xp 00000000 08:01 20845372                   /lib/x86_64-linux-gnu/libnss_compat-2.23.so
7fd3d5fa5000-7fd3d61a4000 ---p 00008000 08:01 20845372                   /lib/x86_64-linux-gnu/libnss_compat-2.23.so
7fd3d61a4000-7fd3d61a5000 r--p 00007000 08:01 20845372                   /lib/x86_64-linux-gnu/libnss_compat-2.23.so
7fd3d61a5000-7fd3d61a6000 rw-p 00008000 08:01 20845372                   /lib/x86_64-linux-gnu/libnss_compat-2.23.so
7fd3d61a6000-7fd3d61b0000 r-xp 00000000 08:01 24119454                   /home/michael1337/Programs/jdk/jdk1.8.0_121/jre/lib/amd64/libinstrument.so
7fd3d61b0000-7fd3d63af000 ---p 0000a000 08:01 24119454                   /home/michael1337/Programs/jdk/jdk1.8.0_121/jre/lib/amd64/libinstrument.so
7fd3d63af000-7fd3d63b0000 rw-p 00009000 08:01 24119454                   /home/michael1337/Programs/jdk/jdk1.8.0_121/jre/lib/amd64/libinstrument.so
7fd3d63b0000-7fd3d63db000 r-xp 00000000 08:01 24119443                   /home/michael1337/Programs/jdk/jdk1.8.0_121/jre/lib/amd64/libjava.so
7fd3d63db000-7fd3d65da000 ---p 0002b000 08:01 24119443                   /home/michael1337/Programs/jdk/jdk1.8.0_121/jre/lib/amd64/libjava.so
7fd3d65da000-7fd3d65dc000 rw-p 0002a000 08:01 24119443                   /home/michael1337/Programs/jdk/jdk1.8.0_121/jre/lib/amd64/libjava.so
7fd3d65dc000-7fd3d65e9000 r-xp 00000000 08:01 24119394                   /home/michael1337/Programs/jdk/jdk1.8.0_121/jre/lib/amd64/libverify.so
7fd3d65e9000-7fd3d67e8000 ---p 0000d000 08:01 24119394                   /home/michael1337/Programs/jdk/jdk1.8.0_121/jre/lib/amd64/libverify.so
7fd3d67e8000-7fd3d67ea000 rw-p 0000c000 08:01 24119394                   /home/michael1337/Programs/jdk/jdk1.8.0_121/jre/lib/amd64/libverify.so
7fd3d67ea000-7fd3d67f1000 r-xp 00000000 08:01 20845382                   /lib/x86_64-linux-gnu/librt-2.23.so
7fd3d67f1000-7fd3d69f0000 ---p 00007000 08:01 20845382                   /lib/x86_64-linux-gnu/librt-2.23.so
7fd3d69f0000-7fd3d69f1000 r--p 00006000 08:01 20845382                   /lib/x86_64-linux-gnu/librt-2.23.so
7fd3d69f1000-7fd3d69f2000 rw-p 00007000 08:01 20845382                   /lib/x86_64-linux-gnu/librt-2.23.so
7fd3d69f2000-7fd3d6afa000 r-xp 00000000 08:01 20845355                   /lib/x86_64-linux-gnu/libm-2.23.so
7fd3d6afa000-7fd3d6cf9000 ---p 00108000 08:01 20845355                   /lib/x86_64-linux-gnu/libm-2.23.so
7fd3d6cf9000-7fd3d6cfa000 r--p 00107000 08:01 20845355                   /lib/x86_64-linux-gnu/libm-2.23.so
7fd3d6cfa000-7fd3d6cfb000 rw-p 00108000 08:01 20845355                   /lib/x86_64-linux-gnu/libm-2.23.so
7fd3d6cfb000-7fd3d79c9000 r-xp 00000000 08:01 24119447                   /home/michael1337/Programs/jdk/jdk1.8.0_121/jre/lib/amd64/server/libjvm.so
7fd3d79c9000-7fd3d7bc9000 ---p 00cce000 08:01 24119447                   /home/michael1337/Programs/jdk/jdk1.8.0_121/jre/lib/amd64/server/libjvm.so
7fd3d7bc9000-7fd3d7ca2000 rw-p 00cce000 08:01 24119447                   /home/michael1337/Programs/jdk/jdk1.8.0_121/jre/lib/amd64/server/libjvm.so
7fd3d7ca2000-7fd3d7ced000 rw-p 00000000 00:00 0 
7fd3d7ced000-7fd3d7ead000 r-xp 00000000 08:01 20845364                   /lib/x86_64-linux-gnu/libc-2.23.so
7fd3d7ead000-7fd3d80ad000 ---p 001c0000 08:01 20845364                   /lib/x86_64-linux-gnu/libc-2.23.so
7fd3d80ad000-7fd3d80b1000 r--p 001c0000 08:01 20845364                   /lib/x86_64-linux-gnu/libc-2.23.so
7fd3d80b1000-7fd3d80b3000 rw-p 001c4000 08:01 20845364                   /lib/x86_64-linux-gnu/libc-2.23.so
7fd3d80b3000-7fd3d80b7000 rw-p 00000000 00:00 0 
7fd3d80b7000-7fd3d80ba000 r-xp 00000000 08:01 20845366                   /lib/x86_64-linux-gnu/libdl-2.23.so
7fd3d80ba000-7fd3d82b9000 ---p 00003000 08:01 20845366                   /lib/x86_64-linux-gnu/libdl-2.23.so
7fd3d82b9000-7fd3d82ba000 r--p 00002000 08:01 20845366                   /lib/x86_64-linux-gnu/libdl-2.23.so
7fd3d82ba000-7fd3d82bb000 rw-p 00003000 08:01 20845366                   /lib/x86_64-linux-gnu/libdl-2.23.so
7fd3d82bb000-7fd3d82d0000 r-xp 00000000 08:01 24118528                   /home/michael1337/Programs/jdk/jdk1.8.0_121/lib/amd64/jli/libjli.so
7fd3d82d0000-7fd3d84d0000 ---p 00015000 08:01 24118528                   /home/michael1337/Programs/jdk/jdk1.8.0_121/lib/amd64/jli/libjli.so
7fd3d84d0000-7fd3d84d1000 rw-p 00015000 08:01 24118528                   /home/michael1337/Programs/jdk/jdk1.8.0_121/lib/amd64/jli/libjli.so
7fd3d84d1000-7fd3d84e9000 r-xp 00000000 08:01 20845363                   /lib/x86_64-linux-gnu/libpthread-2.23.so
7fd3d84e9000-7fd3d86e8000 ---p 00018000 08:01 20845363                   /lib/x86_64-linux-gnu/libpthread-2.23.so
7fd3d86e8000-7fd3d86e9000 r--p 00017000 08:01 20845363                   /lib/x86_64-linux-gnu/libpthread-2.23.so
7fd3d86e9000-7fd3d86ea000 rw-p 00018000 08:01 20845363                   /lib/x86_64-linux-gnu/libpthread-2.23.so
7fd3d86ea000-7fd3d86ee000 rw-p 00000000 00:00 0 
7fd3d86ee000-7fd3d8714000 r-xp 00000000 08:01 20845362                   /lib/x86_64-linux-gnu/ld-2.23.so
7fd3d8714000-7fd3d8715000 r--s 0000e000 08:01 26221540                   /home/michael1337/Documents/Neolithic/game/lib/lwjgl/lwjgl-glfw-natives-macos.jar
7fd3d8715000-7fd3d8719000 r--s 00027000 08:01 26221534                   /home/michael1337/Documents/Neolithic/game/lib/lwjgl/lwjgl-bgfx.jar
7fd3d8719000-7fd3d871a000 r--s 0009f000 08:01 26221533                   /home/michael1337/Documents/Neolithic/game/lib/lwjgl/lwjgl-bgfx-natives-windows.jar
7fd3d871a000-7fd3d871b000 r--s 00041000 08:01 26221541                   /home/michael1337/Documents/Neolithic/game/lib/lwjgl/lwjgl-bgfx-natives-macos.jar
7fd3d871b000-7fd3d871c000 r--s 00051000 08:01 26221532                   /home/michael1337/Documents/Neolithic/game/lib/lwjgl/lwjgl-bgfx-natives-linux.jar
7fd3d871c000-7fd3d8720000 r--s 0002e000 08:01 26221528                   /home/michael1337/Documents/Neolithic/game/lib/lwjgl/lwjgl-assimp.jar
7fd3d8720000-7fd3d8721000 r--s 003ca000 08:01 26221526                   /home/michael1337/Documents/Neolithic/game/lib/lwjgl/lwjgl-assimp-natives-windows.jar
7fd3d8721000-7fd3d8722000 r--s 00230000 08:01 26221537                   /home/michael1337/Documents/Neolithic/game/lib/lwjgl/lwjgl-assimp-natives-macos.jar
7fd3d8722000-7fd3d8723000 r--s 002ed000 08:01 26221523                   /home/michael1337/Documents/Neolithic/game/lib/lwjgl/lwjgl-assimp-natives-linux.jar
7fd3d8723000-7fd3d8724000 r--s 00000000 08:01 24119464                   /home/michael1337/Programs/jdk/jdk1.8.0_121/jre/lib/management-agent.jar
7fd3d8724000-7fd3d8728000 r--s 0009a000 08:01 24119337                   /home/michael1337/Programs/jdk/jdk1.8.0_121/jre/lib/jsse.jar
7fd3d8728000-7fd3d872a000 r--s 00007000 08:01 24119458                   /home/michael1337/Programs/jdk/jdk1.8.0_121/jre/lib/jfxswt.jar
7fd3d872a000-7fd3d872f000 r--s 00084000 08:01 24119492                   /home/michael1337/Programs/jdk/jdk1.8.0_121/jre/lib/jfr.jar
7fd3d872f000-7fd3d8732000 r--s 0001a000 08:01 24119647                   /home/michael1337/Programs/jdk/jdk1.8.0_121/jre/lib/jce.jar
7fd3d8732000-7fd3d873c000 r--s 0006c000 08:01 24119500                   /home/michael1337/Programs/jdk/jdk1.8.0_121/jre/lib/javaws.jar
7fd3d873c000-7fd3d87e3000 rw-p 00000000 00:00 0 
7fd3d87e3000-7fd3d87e6000 ---p 00000000 00:00 0 
7fd3d87e6000-7fd3d88e9000 rw-p 00000000 00:00 0 
7fd3d88e9000-7fd3d8904000 r--s 00209000 08:01 24119501                   /home/michael1337/Programs/jdk/jdk1.8.0_121/jre/lib/deploy.jar
7fd3d8904000-7fd3d8909000 r--s 002f9000 08:01 24119338                   /home/michael1337/Programs/jdk/jdk1.8.0_121/jre/lib/charsets.jar
7fd3d8909000-7fd3d8911000 rw-s 00000000 08:01 26747621                   /tmp/hsperfdata_michael1337/30408
7fd3d8911000-7fd3d8912000 rw-p 00000000 00:00 0 
7fd3d8912000-7fd3d8913000 r--p 00000000 00:00 0 
7fd3d8913000-7fd3d8914000 r--p 00025000 08:01 20845362                   /lib/x86_64-linux-gnu/ld-2.23.so
7fd3d8914000-7fd3d8915000 rw-p 00026000 08:01 20845362                   /lib/x86_64-linux-gnu/ld-2.23.so
7fd3d8915000-7fd3d8916000 rw-p 00000000 00:00 0 
7ffe85764000-7ffe85787000 rw-p 00000000 00:00 0                          [stack]
7ffe857db000-7ffe857de000 r--p 00000000 00:00 0                          [vvar]
7ffe857de000-7ffe857e0000 r-xp 00000000 00:00 0                          [vdso]
ffffffffff600000-ffffffffff601000 r-xp 00000000 00:00 0                  [vsyscall]

VM Arguments:
jvm_args: -javaagent:/home/michael1337/Programs/intellij/idea-IU-181.5281.24/lib/idea_rt.jar=45245:/home/michael1337/Programs/intellij/idea-IU-181.5281.24/bin -Dfile.encoding=UTF-8 
java_command: tests.parser.ParserTest
java_class_path (initial): /home/michael1337/Programs/jdk/jdk1.8.0_121/jre/lib/charsets.jar:/home/michael1337/Programs/jdk/jdk1.8.0_121/jre/lib/deploy.jar:/home/michael1337/Programs/jdk/jdk1.8.0_121/jre/lib/ext/cldrdata.jar:/home/michael1337/Programs/jdk/jdk1.8.0_121/jre/lib/ext/dnsns.jar:/home/michael1337/Programs/jdk/jdk1.8.0_121/jre/lib/ext/jaccess.jar:/home/michael1337/Programs/jdk/jdk1.8.0_121/jre/lib/ext/jfxrt.jar:/home/michael1337/Programs/jdk/jdk1.8.0_121/jre/lib/ext/localedata.jar:/home/michael1337/Programs/jdk/jdk1.8.0_121/jre/lib/ext/nashorn.jar:/home/michael1337/Programs/jdk/jdk1.8.0_121/jre/lib/ext/sunec.jar:/home/michael1337/Programs/jdk/jdk1.8.0_121/jre/lib/ext/sunjce_provider.jar:/home/michael1337/Programs/jdk/jdk1.8.0_121/jre/lib/ext/sunpkcs11.jar:/home/michael1337/Programs/jdk/jdk1.8.0_121/jre/lib/ext/zipfs.jar:/home/michael1337/Programs/jdk/jdk1.8.0_121/jre/lib/javaws.jar:/home/michael1337/Programs/jdk/jdk1.8.0_121/jre/lib/jce.jar:/home/michael1337/Programs/jdk/jdk1.8.0_121/jre/lib/jfr.jar:/home/michael1337/Programs/jdk/jdk1.8.0_121/jre/lib/jfxswt.jar:/home/michael1337/Programs/jdk/jdk1.8.0_121/jre/lib/jsse.jar:/home/michael1337/Programs/jdk/jdk1.8.0_121/jre/lib/management-agent.jar:/home/michael1337/Programs/jdk/jdk1.8.0_121/jre/lib/plugin.jar:/home/michael1337/Programs/jdk/jdk1.8.0_121/jre/lib/resources.jar:/home/michael1337/Programs/jdk/jdk1.8.0_121/jre/lib/rt.jar:/home/michael1337/Documents/Neolithic/game/out/production/game:/home/michael1337/Documents/Neolithic/game/lib/lwjgl/lwjgl-assimp-natives-linux.jar:/home/michael1337/Documents/Neolithic/game/lib/lwjgl/lwjgl-assimp-natives-macos.jar:/home/michael1337/Documents/Neolithic/game/lib/lwjgl/lwjgl-assimp-natives-windows.jar:/home/michael1337/Documents/Neolithic/game/lib/lwjgl/lwjgl-assimp.jar:/home/michael1337/Documents/Neolithic/game/lib/lwjgl/lwjgl-bgfx-natives-linux.jar:/home/michael1337/Documents/Neolithic/game/lib/lwjgl/lwjgl-bgfx-natives-macos.jar:/home/michael1337/Documents/Neolithic/
Launcher Type: SUN_STANDARD

Environment Variables:
JAVA_HOME=/home/michael1337/Programs/jdk/jdk1.8.0_121
PATH=/home/michael1337/Programs/Spin/Spin/Src6.4.8:/home/michael1337/anaconda3/bin:/home/michael1337/bin:/home/michael1337/.local/bin:/usr/local/sbin:/usr/local/bin:/usr/sbin:/usr/bin:/sbin:/bin:/usr/games:/usr/local/games:/snap/bin:/home/michael1337/Programs/jdk/jdk1.8.0_121
USERNAME=michael1337
SHELL=/bin/bash
DISPLAY=:1

Signal Handlers:
SIGSEGV: [libjvm.so+0xac78c0], sa_mask[0]=11111111011111111101111111111110, sa_flags=SA_RESTART|SA_SIGINFO
SIGBUS: [libjvm.so+0xac78c0], sa_mask[0]=11111111011111111101111111111110, sa_flags=SA_RESTART|SA_SIGINFO
SIGFPE: [libjvm.so+0x920ac0], sa_mask[0]=11111111011111111101111111111110, sa_flags=SA_RESTART|SA_SIGINFO
SIGPIPE: [libjvm.so+0x920ac0], sa_mask[0]=11111111011111111101111111111110, sa_flags=SA_RESTART|SA_SIGINFO
SIGXFSZ: [libjvm.so+0x920ac0], sa_mask[0]=11111111011111111101111111111110, sa_flags=SA_RESTART|SA_SIGINFO
SIGILL: [libjvm.so+0x920ac0], sa_mask[0]=11111111011111111101111111111110, sa_flags=SA_RESTART|SA_SIGINFO
SIGUSR1: SIG_DFL, sa_mask[0]=00000000000000000000000000000000, sa_flags=none
SIGUSR2: [libjvm.so+0x922300], sa_mask[0]=00100000000000000000000000000000, sa_flags=SA_RESTART|SA_SIGINFO
SIGHUP: [libjvm.so+0x923700], sa_mask[0]=11111111011111111101111111111110, sa_flags=SA_RESTART|SA_SIGINFO
SIGINT: [libjvm.so+0x923700], sa_mask[0]=11111111011111111101111111111110, sa_flags=SA_RESTART|SA_SIGINFO
SIGTERM: [libjvm.so+0x923700], sa_mask[0]=11111111011111111101111111111110, sa_flags=SA_RESTART|SA_SIGINFO
SIGQUIT: [libjvm.so+0x923700], sa_mask[0]=11111111011111111101111111111110, sa_flags=SA_RESTART|SA_SIGINFO


---------------  S Y S T E M  ---------------

OS:DISTRIB_ID=Ubuntu
DISTRIB_RELEASE=16.04
DISTRIB_CODENAME=xenial
DISTRIB_DESCRIPTION="Ubuntu 16.04.5 LTS"

uname:Linux 4.4.0-133-generic #159-Ubuntu SMP Fri Aug 10 07:31:43 UTC 2018 x86_64
libc:glibc 2.23 NPTL 2.23 
rlimit: STACK 8192k, CORE 0k, NPROC 61756, NOFILE 1048576, AS infinity
load average:1,10 1,14 1,18

/proc/meminfo:
MemTotal:       15852028 kB
MemFree:         3190336 kB
MemAvailable:   10247696 kB
Buffers:          411156 kB
Cached:          6683056 kB
SwapCached:          240 kB
Active:          7699844 kB
Inactive:        3781520 kB
Active(anon):    4394072 kB
Inactive(anon):   639220 kB
Active(file):    3305772 kB
Inactive(file):  3142300 kB
Unevictable:          16 kB
Mlocked:              16 kB
SwapTotal:      16189436 kB
SwapFree:       16164488 kB
Dirty:              1248 kB
Writeback:             0 kB
AnonPages:       4387124 kB
Mapped:           901152 kB
Shmem:            646140 kB
Slab:            1014736 kB
SReclaimable:     945740 kB
SUnreclaim:        68996 kB
KernelStack:       16016 kB
PageTables:        62308 kB
NFS_Unstable:          0 kB
Bounce:                0 kB
WritebackTmp:          0 kB
CommitLimit:    24115448 kB
Committed_AS:   19456680 kB
VmallocTotal:   34359738367 kB
VmallocUsed:           0 kB
VmallocChunk:          0 kB
HardwareCorrupted:     0 kB
AnonHugePages:         0 kB
CmaTotal:              0 kB
CmaFree:               0 kB
HugePages_Total:       0
HugePages_Free:        0
HugePages_Rsvd:        0
HugePages_Surp:        0
Hugepagesize:       2048 kB
DirectMap4k:      876228 kB
DirectMap2M:    15314944 kB
DirectMap1G:           0 kB


CPU:total 4 (2 cores per cpu, 2 threads per core) family 6 model 78 stepping 3, cmov, cx8, fxsr, mmx, sse, sse2, sse3, ssse3, sse4.1, sse4.2, popcnt, avx, avx2, aes, clmul, erms, 3dnowpref, lzcnt, ht, tsc, tscinvbit, bmi1, bmi2, adx

/proc/cpuinfo:
processor	: 0
vendor_id	: GenuineIntel
cpu family	: 6
model		: 78
model name	: Intel(R) Core(TM) i7-6500U CPU @ 2.50GHz
stepping	: 3
microcode	: 0xc2
cpu MHz		: 2641.843
cache size	: 4096 KB
physical id	: 0
siblings	: 4
core id		: 0
cpu cores	: 2
apicid		: 0
initial apicid	: 0
fpu		: yes
fpu_exception	: yes
cpuid level	: 22
wp		: yes
flags		: fpu vme de pse tsc msr pae mce cx8 apic sep mtrr pge mca cmov pat pse36 clflush dts acpi mmx fxsr sse sse2 ss ht tm pbe syscall nx pdpe1gb rdtscp lm constant_tsc art arch_perfmon pebs bts rep_good nopl xtopology nonstop_tsc aperfmperf eagerfpu pni pclmulqdq dtes64 monitor ds_cpl vmx est tm2 ssse3 sdbg fma cx16 xtpr pdcm pcid sse4_1 sse4_2 x2apic movbe popcnt tsc_deadline_timer aes xsave avx f16c rdrand lahf_lm abm 3dnowprefetch epb invpcid_single intel_pt ibrs ibpb stibp kaiser tpr_shadow vnmi flexpriority ept vpid fsgsbase tsc_adjust bmi1 avx2 smep bmi2 erms invpcid mpx rdseed adx smap clflushopt xsaveopt xsavec xgetbv1 dtherm ida arat pln pts hwp hwp_notify hwp_act_window hwp_epp
bugs		: cpu_meltdown spectre_v1 spectre_v2 spec_store_bypass l1tf
bogomips	: 5184.48
clflush size	: 64
cache_alignment	: 64
address sizes	: 39 bits physical, 48 bits virtual
power management:

processor	: 1
vendor_id	: GenuineIntel
cpu family	: 6
model		: 78
model name	: Intel(R) Core(TM) i7-6500U CPU @ 2.50GHz
stepping	: 3
microcode	: 0xc2
cpu MHz		: 2614.625
cache size	: 4096 KB
physical id	: 0
siblings	: 4
core id		: 1
cpu cores	: 2
apicid		: 2
initial apicid	: 2
fpu		: yes
fpu_exception	: yes
cpuid level	: 22
wp		: yes
flags		: fpu vme de pse tsc msr pae mce cx8 apic sep mtrr pge mca cmov pat pse36 clflush dts acpi mmx fxsr sse sse2 ss ht tm pbe syscall nx pdpe1gb rdtscp lm constant_tsc art arch_perfmon pebs bts rep_good nopl xtopology nonstop_tsc aperfmperf eagerfpu pni pclmulqdq dtes64 monitor ds_cpl vmx est tm2 ssse3 sdbg fma cx16 xtpr pdcm pcid sse4_1 sse4_2 x2apic movbe popcnt tsc_deadline_timer aes xsave avx f16c rdrand lahf_lm abm 3dnowprefetch epb invpcid_single intel_pt ibrs ibpb stibp kaiser tpr_shadow vnmi flexpriority ept vpid fsgsbase tsc_adjust bmi1 avx2 smep bmi2 erms invpcid mpx rdseed adx smap clflushopt xsaveopt xsavec xgetbv1 dtherm ida arat pln pts hwp hwp_notify hwp_act_window hwp_epp
bugs		: cpu_meltdown spectre_v1 spectre_v2 spec_store_bypass l1tf
bogomips	: 5184.48
clflush size	: 64
cache_alignment	: 64
address sizes	: 39 bits physical, 48 bits virtual
power management:

processor	: 2
vendor_id	: GenuineIntel
cpu family	: 6
model		: 78
model name	: Intel(R) Core(TM) i7-6500U CPU @ 2.50GHz
stepping	: 3
microcode	: 0xc2
cpu MHz		: 2645.906
cache size	: 4096 KB
physical id	: 0
siblings	: 4
core id		: 0
cpu cores	: 2
apicid		: 1
initial apicid	: 1
fpu		: yes
fpu_exception	: yes
cpuid level	: 22
wp		: yes
flags		: fpu vme de pse tsc msr pae mce cx8 apic sep mtrr pge mca cmov pat pse36 clflush dts acpi mmx fxsr sse sse2 ss ht tm pbe syscall nx pdpe1gb rdtscp lm constant_tsc art arch_perfmon pebs bts rep_good nopl xtopology nonstop_tsc aperfmperf eagerfpu pni pclmulqdq dtes64 monitor ds_cpl vmx est tm2 ssse3 sdbg fma cx16 xtpr pdcm pcid sse4_1 sse4_2 x2apic movbe popcnt tsc_deadline_timer aes xsave avx f16c rdrand lahf_lm abm 3dnowprefetch epb invpcid_single intel_pt ibrs ibpb stibp kaiser tpr_shadow vnmi flexpriority ept vpid fsgsbase tsc_adjust bmi1 avx2 smep bmi2 erms invpcid mpx rdseed adx smap clflushopt xsaveopt xsavec xgetbv1 dtherm ida arat pln pts hwp hwp_notify hwp_act_window hwp_epp
bugs		: cpu_meltdown spectre_v1 spectre_v2 spec_store_bypass l1tf
bogomips	: 5184.48
clflush size	: 64
cache_alignment	: 64
address sizes	: 39 bits physical, 48 bits virtual
power management:

processor	: 3
vendor_id	: GenuineIntel
cpu family	: 6
model		: 78
model name	: Intel(R) Core(TM) i7-6500U CPU @ 2.50GHz
stepping	: 3
microcode	: 0xc2
cpu MHz		: 2628.031
cache size	: 4096 KB
physical id	: 0
siblings	: 4
core id		: 1
cpu cores	: 2
apicid		: 3
initial apicid	: 3
fpu		: yes
fpu_exception	: yes
cpuid level	: 22
wp		: yes
flags		: fpu vme de pse tsc msr pae mce cx8 apic sep mtrr pge mca cmov pat pse36 clflush dts acpi mmx fxsr sse sse2 ss ht tm pbe syscall nx pdpe1gb rdtscp lm constant_tsc art arch_perfmon pebs bts rep_good nopl xtopology nonstop_tsc aperfmperf eagerfpu pni pclmulqdq dtes64 monitor ds_cpl vmx est tm2 ssse3 sdbg fma cx16 xtpr pdcm pcid sse4_1 sse4_2 x2apic movbe popcnt tsc_deadline_timer aes xsave avx f16c rdrand lahf_lm abm 3dnowprefetch epb invpcid_single intel_pt ibrs ibpb stibp kaiser tpr_shadow vnmi flexpriority ept vpid fsgsbase tsc_adjust bmi1 avx2 smep bmi2 erms invpcid mpx rdseed adx smap clflushopt xsaveopt xsavec xgetbv1 dtherm ida arat pln pts hwp hwp_notify hwp_act_window hwp_epp
bugs		: cpu_meltdown spectre_v1 spectre_v2 spec_store_bypass l1tf
bogomips	: 5184.48
clflush size	: 64
cache_alignment	: 64
address sizes	: 39 bits physical, 48 bits virtual
power management:



Memory: 4k page, physical 15852028k(3190336k free), swap 16189436k(16164488k free)

vm_info: Java HotSpot(TM) 64-Bit Server VM (25.121-b13) for linux-amd64 JRE (1.8.0_121-b13), built on Dec 12 2016 16:36:53 by "java_re" with gcc 4.3.0 20080428 (Red Hat 4.3.0-8)

time: Tue Sep  4 17:01:02 2018
elapsed time: 0 seconds (0d 0h 0m 0s)

