#
# A fatal error has been detected by the Java Runtime Environment:
#
#  SIGSEGV (0xb) at pc=0x00007f9af4dd76ec, pid=31749, tid=0x00007f9b3e534700
#
# JRE version: Java(TM) SE Runtime Environment (8.0_121-b13) (build 1.8.0_121-b13)
# Java VM: Java HotSpot(TM) 64-Bit Server VM (25.121-b13 mixed mode linux-amd64 compressed oops)
# Problematic frame:
# C  [liblwjgl_opengl.so+0x446ec]  Java_org_lwjgl_opengl_GL30_nglGenVertexArrays__IJ+0xc
#
# Failed to write core dump. Core dumps have been disabled. To enable core dumping, try "ulimit -c unlimited" before starting Java again
#
# If you would like to submit a bug report, please visit:
#   http://bugreport.java.com/bugreport/crash.jsp
# The crash happened outside the Java Virtual Machine in native code.
# See problematic frame for where to report the bug.
#

---------------  T H R E A D  ---------------

Current thread (0x00007f9b3800d000):  JavaThread "main" [_thread_in_native, id=31751, stack(0x00007f9b3e434000,0x00007f9b3e535000)]

siginfo: si_signo: 11 (SIGSEGV), si_code: 1 (SEGV_MAPERR), si_addr: 0x0000000000000f70

Registers:
RAX=0x0000000000000000, RBX=0x00007f9b1eaeb680, RCX=0x00007f9b384f770c, RDX=0x0000000000000001
RSP=0x00007f9b3e533588, RBP=0x00007f9b3e5335e8, RSI=0x00007f9b384f770c, RDI=0x0000000000000001
R8 =0x0000000000000000, R9 =0x0000000000000004, R10=0x00007f9b283b2a08, R11=0x00007f9b3d30fea0
R12=0x0000000000000000, R13=0x00007f9b1eaeb680, R14=0x00007f9b3e533618, R15=0x00007f9b3800d000
RIP=0x00007f9af4dd76ec, EFLAGS=0x0000000000010283, CSGSFS=0x0000000000000033, ERR=0x0000000000000004
  TRAPNO=0x000000000000000e

Top of Stack: (sp=0x00007f9b3e533588)
0x00007f9b3e533588:   00007f9b283b2a34 00007f9b3e5335e8
0x00007f9b3e533598:   00007f9b283b27c7 00007f9b283b2782
0x00007f9b3e5335a8:   00007f9b3e5335a8 00007f9b1eaeb680
0x00007f9b3e5335b8:   00007f9b3e533618 00007f9b1eaf42a8
0x00007f9b3e5335c8:   0000000000000000 00007f9b1eaeb680
0x00007f9b3e5335d8:   0000000000000000 00007f9b3e533608
0x00007f9b3e5335e8:   00007f9b3e533660 00007f9b283a32bd
0x00007f9b3e5335f8:   0000000770177b08 00007f9b283ac538
0x00007f9b3e533608:   00007f9b384f770c 00000007706d2e78
0x00007f9b3e533618:   0000000000000001 00007f9b3e533620
0x00007f9b3e533628:   00007f9b1eaeb7f4 00007f9b3e533690
0x00007f9b3e533638:   00007f9b1eaf42a8 0000000000000000
0x00007f9b3e533648:   00007f9b1eaeb860 00007f9b3e533608
0x00007f9b3e533658:   00007f9b3e533698 00007f9b3e5336e0
0x00007f9b3e533668:   00007f9b283a2d00 0000000000000000
0x00007f9b3e533678:   0000000000000000 00000007706d2e78
0x00007f9b3e533688:   0000000000010000 000000077060ba80
0x00007f9b3e533698:   0000000770123900 00007f9b3e5336a0
0x00007f9b3e5336a8:   00007f9b1eadb41a 00007f9b3e533710
0x00007f9b3e5336b8:   00007f9b1eadc460 0000000000000000
0x00007f9b3e5336c8:   00007f9b1eadb498 00007f9b3e533698
0x00007f9b3e5336d8:   00007f9b3e5336f0 00007f9b3e533760
0x00007f9b3e5336e8:   00007f9b283a32bd 0000000770138e18
0x00007f9b3e5336f8:   00000007701331c8 0000000770130458
0x00007f9b3e533708:   0000000770127640 0000000770123900
0x00007f9b3e533718:   0000000770123900 00007f9b3e533720
0x00007f9b3e533728:   00007f9b1ead5e41 00007f9b3e5337e0
0x00007f9b3e533738:   00007f9b1ead6088 0000000000000000
0x00007f9b3e533748:   00007f9b1ead5f80 00007f9b3e5336f0
0x00007f9b3e533758:   00007f9b3e5337e0 00007f9b3e533830
0x00007f9b3e533768:   00007f9b283a3040 00000007700fa7b8
0x00007f9b3e533778:   0000000700000003 00000007700fa4e8 

Instructions: (pc=0x00007f9af4dd76ec)
0x00007f9af4dd76cc:   78 1c 00 00 ff e0 66 66 66 66 66 2e 0f 1f 84 00
0x00007f9af4dd76dc:   00 00 00 00 48 8b 07 48 89 ce 89 d7 48 8b 40 18
0x00007f9af4dd76ec:   48 8b 80 70 0f 00 00 ff e0 66 66 2e 0f 1f 84 00
0x00007f9af4dd76fc:   00 00 00 00 48 8b 07 48 89 ce 89 d7 48 8b 40 18 

Register to memory mapping:

RAX=0x0000000000000000 is an unknown value
RBX={method} {0x00007f9b1eaeb680} 'nglGenVertexArrays' '(IJ)V' in 'org/lwjgl/opengl/GL30'
RCX=0x00007f9b384f770c is an unknown value
RDX=0x0000000000000001 is an unknown value
RSP=0x00007f9b3e533588 is pointing into the stack for thread: 0x00007f9b3800d000
RBP=0x00007f9b3e5335e8 is pointing into the stack for thread: 0x00007f9b3800d000
RSI=0x00007f9b384f770c is an unknown value
RDI=0x0000000000000001 is an unknown value
R8 =0x0000000000000000 is an unknown value
R9 =0x0000000000000004 is an unknown value
R10=0x00007f9b283b2a08 is at code_begin+808 in an Interpreter codelet
method entry point (kind = native)  [0x00007f9b283b26e0, 0x00007f9b283b2fe0]  2304 bytes
R11=0x00007f9b3d30fea0: <offset 0x9c3ea0> in /home/michael1337/Programs/jdk/jdk1.8.0_121/jre/lib/amd64/server/libjvm.so at 0x00007f9b3c94c000
R12=0x0000000000000000 is an unknown value
R13={method} {0x00007f9b1eaeb680} 'nglGenVertexArrays' '(IJ)V' in 'org/lwjgl/opengl/GL30'
R14=0x00007f9b3e533618 is pointing into the stack for thread: 0x00007f9b3800d000
R15=0x00007f9b3800d000 is a thread


Stack: [0x00007f9b3e434000,0x00007f9b3e535000],  sp=0x00007f9b3e533588,  free space=1021k
Native frames: (J=compiled Java code, j=interpreted, Vv=VM code, C=native code)
C  [liblwjgl_opengl.so+0x446ec]  Java_org_lwjgl_opengl_GL30_nglGenVertexArrays__IJ+0xc
j  org.lwjgl.opengl.GL30.glGenVertexArrays()I+20
j  engine.graphics.objects.models.Mesh.<init>([F[I[F[F)V+58
j  load.OBJLoader.loadMesh(Ljava/lang/String;)Lengine/graphics/objects/models/Mesh;+625
j  engine.graphics.objects.MeshHub.loadMesh()V+5
j  engine.data.proto.Data.load()V+32
j  engine.Engine.loadData()V+15
j  tests.parser.ParserTest.main([Ljava/lang/String;)V+3
v  ~StubRoutines::call_stub
V  [libjvm.so+0x690dd6]  JavaCalls::call_helper(JavaValue*, methodHandle*, JavaCallArguments*, Thread*)+0x1056
V  [libjvm.so+0x6d21e2]  jni_invoke_static(JNIEnv_*, JavaValue*, _jobject*, JNICallType, _jmethodID*, JNI_ArgumentPusher*, Thread*)+0x362
V  [libjvm.so+0x6eea4a]  jni_CallStaticVoidMethod+0x17a
C  [libjli.so+0x7bdf]  JavaMain+0x81f
C  [libpthread.so.0+0x76ba]  start_thread+0xca

Java frames: (J=compiled Java code, j=interpreted, Vv=VM code)
j  org.lwjgl.opengl.GL30.nglGenVertexArrays(IJ)V+0
j  org.lwjgl.opengl.GL30.glGenVertexArrays()I+20
j  engine.graphics.objects.models.Mesh.<init>([F[I[F[F)V+58
j  load.OBJLoader.loadMesh(Ljava/lang/String;)Lengine/graphics/objects/models/Mesh;+625
j  engine.graphics.objects.MeshHub.loadMesh()V+5
j  engine.data.proto.Data.load()V+32
j  engine.Engine.loadData()V+15
j  tests.parser.ParserTest.main([Ljava/lang/String;)V+3
v  ~StubRoutines::call_stub

---------------  P R O C E S S  ---------------

Java Threads: ( => current thread )
  0x00007f9b383dd800 JavaThread "Service Thread" daemon [_thread_blocked, id=31776, stack(0x00007f9b1c687000,0x00007f9b1c788000)]
  0x00007f9b383c2000 JavaThread "C1 CompilerThread2" daemon [_thread_blocked, id=31775, stack(0x00007f9b1c788000,0x00007f9b1c889000)]
  0x00007f9b383c0000 JavaThread "C2 CompilerThread1" daemon [_thread_blocked, id=31774, stack(0x00007f9b1c889000,0x00007f9b1c98a000)]
  0x00007f9b383be000 JavaThread "C2 CompilerThread0" daemon [_thread_blocked, id=31773, stack(0x00007f9b1cba1000,0x00007f9b1cca2000)]
  0x00007f9b383bc800 JavaThread "Monitor Ctrl-Break" daemon [_thread_in_native, id=31772, stack(0x00007f9b1cca2000,0x00007f9b1cda3000)]
  0x00007f9b38180000 JavaThread "Signal Dispatcher" daemon [_thread_blocked, id=31771, stack(0x00007f9b1ce21000,0x00007f9b1cf22000)]
  0x00007f9b3814e800 JavaThread "Finalizer" daemon [_thread_blocked, id=31764, stack(0x00007f9b1d1fb000,0x00007f9b1d2fc000)]
  0x00007f9b3814a000 JavaThread "Reference Handler" daemon [_thread_blocked, id=31763, stack(0x00007f9b1d2fc000,0x00007f9b1d3fd000)]
=>0x00007f9b3800d000 JavaThread "main" [_thread_in_native, id=31751, stack(0x00007f9b3e434000,0x00007f9b3e535000)]

Other Threads:
  0x00007f9b38142800 VMThread [stack: 0x00007f9b1d3fd000,0x00007f9b1d4fe000] [id=31762]
  0x00007f9b383fa800 WatcherThread [stack: 0x00007f9b1c586000,0x00007f9b1c687000] [id=31777]

VM state:not at safepoint (normal execution)

VM Mutex/Monitor currently owned by a thread: None

Heap:
 PSYoungGen      total 72192K, used 18608K [0x000000076f580000, 0x0000000774600000, 0x00000007c0000000)
  eden space 61952K, 30% used [0x000000076f580000,0x00000007707ac0d0,0x0000000773200000)
  from space 10240K, 0% used [0x0000000773c00000,0x0000000773c00000,0x0000000774600000)
  to   space 10240K, 0% used [0x0000000773200000,0x0000000773200000,0x0000000773c00000)
 ParOldGen       total 165376K, used 0K [0x00000006ce000000, 0x00000006d8180000, 0x000000076f580000)
  object space 165376K, 0% used [0x00000006ce000000,0x00000006ce000000,0x00000006d8180000)
 Metaspace       used 5890K, capacity 6082K, committed 6144K, reserved 1056768K
  class space    used 661K, capacity 735K, committed 768K, reserved 1048576K

Card table byte_map: [0x00007f9b2784a000,0x00007f9b27fdb000] byte_map_base: 0x00007f9b241da000

Marking Bits: (ParMarkBitMap*) 0x00007f9b3d910c80
 Begin Bits: [0x00007f9b1f63b000, 0x00007f9b232bb000)
 End Bits:   [0x00007f9b232bb000, 0x00007f9b26f3b000)

Polling page: 0x00007f9b3e563000

CodeCache: size=245760Kb used=2399Kb max_used=2410Kb free=243360Kb
 bounds [0x00007f9b2839b000, 0x00007f9b2860b000, 0x00007f9b3739b000]
 total_blobs=901 nmethods=575 adapters=240
 compilation: enabled

Compilation events (10 events):
Event: 0,710 Thread 0x00007f9b383c2000 nmethod 568 0x00007f9b285f0890 code [0x00007f9b285f0a20, 0x00007f9b285f0da8]
Event: 0,710 Thread 0x00007f9b383c2000  569       3       java.lang.ClassLoader::getClassLoadingLock (35 bytes)
Event: 0,713 Thread 0x00007f9b383c2000 nmethod 569 0x00007f9b285f0f10 code [0x00007f9b285f10a0, 0x00007f9b285f1468]
Event: 0,713 Thread 0x00007f9b383c2000  571       3       sun.misc.PerfCounter::addElapsedTimeFrom (10 bytes)
Event: 0,714 Thread 0x00007f9b383c2000 nmethod 571 0x00007f9b285f15d0 code [0x00007f9b285f1780, 0x00007f9b285f1ed8]
Event: 0,714 Thread 0x00007f9b383c2000  564       1       sun.misc.URLClassPath$JarLoader::access$700 (5 bytes)
Event: 0,714 Thread 0x00007f9b383c2000 nmethod 564 0x00007f9b285f2250 code [0x00007f9b285f23a0, 0x00007f9b285f2490]
Event: 0,714 Thread 0x00007f9b383c0000  572       4       java.util.concurrent.ConcurrentHashMap::tabAt (21 bytes)
Event: 0,715 Thread 0x00007f9b383c0000 nmethod 572 0x00007f9b285f5150 code [0x00007f9b285f5280, 0x00007f9b285f52d8]
Event: 0,716 Thread 0x00007f9b383be000  573       4       java.util.HashMap::getNode (148 bytes)

GC Heap History (0 events):
No events

Deoptimization events (2 events):
Event: 0,568 Thread 0x00007f9b3800d000 Uncommon trap: reason=class_check action=maybe_recompile pc=0x00007f9b2854f194 method=java.util.AbstractCollection.toArray([Ljava/lang/Object;)[Ljava/lang/Object; @ 1
Event: 0,624 Thread 0x00007f9b3800d000 Uncommon trap: reason=unstable_if action=reinterpret pc=0x00007f9b2853cda8 method=java.lang.CharacterDataLatin1.digit(II)I @ 31

Internal exceptions (10 events):
Event: 0,064 Thread 0x00007f9b3800d000 Exception <a 'java/lang/NoSuchMethodError': Method sun.misc.Unsafe.defineClass(Ljava/lang/String;[BII)Ljava/lang/Class; name or signature does not match> (0x000000076f587ca8) thrown at [/HUDSON3/workspace/8-2-build-linux-amd64/jdk8u121/8372/hotspot/src/sh
Event: 0,065 Thread 0x00007f9b3800d000 Exception <a 'java/lang/NoSuchMethodError': Method sun.misc.Unsafe.prefetchRead(Ljava/lang/Object;J)V name or signature does not match> (0x000000076f587f90) thrown at [/HUDSON3/workspace/8-2-build-linux-amd64/jdk8u121/8372/hotspot/src/share/vm/prims/jni.c
Event: 0,555 Thread 0x00007f9b3800d000 Exception <a 'java/lang/NoSuchFieldError': method resolution failed> (0x00000007703361b8) thrown at [/HUDSON3/workspace/8-2-build-linux-amd64/jdk8u121/8372/hotspot/src/share/vm/prims/methodHandles.cpp, line 1146]
Event: 0,557 Thread 0x00007f9b3800d000 Exception <a 'java/lang/NoSuchFieldError': method resolution failed> (0x0000000770343fd0) thrown at [/HUDSON3/workspace/8-2-build-linux-amd64/jdk8u121/8372/hotspot/src/share/vm/prims/methodHandles.cpp, line 1146]
Event: 0,639 Thread 0x00007f9b3800d000 Exception <a 'java/lang/NoSuchMethodError': java.lang.Object.lambda$static$0(Ljava/lang/String;)Ljava/lang/Boolean;> (0x00000007704ad3b8) thrown at [/HUDSON3/workspace/8-2-build-linux-amd64/jdk8u121/8372/hotspot/src/share/vm/interpreter/linkResolver.cpp, 
Event: 0,650 Thread 0x00007f9b3800d000 Exception <a 'java/security/PrivilegedActionException'> (0x00000007705009a8) thrown at [/HUDSON3/workspace/8-2-build-linux-amd64/jdk8u121/8372/hotspot/src/share/vm/prims/jvm.cpp, line 1390]
Event: 0,650 Thread 0x00007f9b3800d000 Exception <a 'java/security/PrivilegedActionException'> (0x0000000770500bb8) thrown at [/HUDSON3/workspace/8-2-build-linux-amd64/jdk8u121/8372/hotspot/src/share/vm/prims/jvm.cpp, line 1390]
Event: 0,650 Thread 0x00007f9b3800d000 Exception <a 'java/security/PrivilegedActionException'> (0x00000007705036b8) thrown at [/HUDSON3/workspace/8-2-build-linux-amd64/jdk8u121/8372/hotspot/src/share/vm/prims/jvm.cpp, line 1390]
Event: 0,650 Thread 0x00007f9b3800d000 Exception <a 'java/security/PrivilegedActionException'> (0x00000007705038c8) thrown at [/HUDSON3/workspace/8-2-build-linux-amd64/jdk8u121/8372/hotspot/src/share/vm/prims/jvm.cpp, line 1390]
Event: 0,690 Thread 0x00007f9b3800d000 Exception <a 'sun/nio/fs/UnixException'> (0x00000007705ba250) thrown at [/HUDSON3/workspace/8-2-build-linux-amd64/jdk8u121/8372/hotspot/src/share/vm/prims/jni.cpp, line 709]

Events (10 events):
Event: 0,710 loading class org/lwjgl/system/jni/JNINativeInterface
Event: 0,710 loading class org/lwjgl/system/jni/JNINativeInterface done
Event: 0,712 loading class org/lwjgl/system/linux/DynamicLinkLoader
Event: 0,712 loading class org/lwjgl/system/linux/DynamicLinkLoader done
Event: 0,715 loading class org/lwjgl/opengl/GL$2
Event: 0,715 loading class org/lwjgl/opengl/GL$2 done
Event: 0,716 loading class org/lwjgl/opengl/GL$SharedLibraryGL
Event: 0,716 loading class org/lwjgl/opengl/GL$SharedLibraryGL done
Event: 0,716 loading class org/lwjgl/system/SharedLibrary$Delegate
Event: 0,716 loading class org/lwjgl/system/SharedLibrary$Delegate done


Dynamic libraries:
00400000-00401000 r-xp 00000000 08:01 24119309                           /home/michael1337/Programs/jdk/jdk1.8.0_121/bin/java
00600000-00601000 rw-p 00000000 08:01 24119309                           /home/michael1337/Programs/jdk/jdk1.8.0_121/bin/java
01eaa000-01ecb000 rw-p 00000000 00:00 0                                  [heap]
6ce000000-6d8180000 rw-p 00000000 00:00 0 
6d8180000-76f580000 ---p 00000000 00:00 0 
76f580000-774600000 rw-p 00000000 00:00 0 
774600000-7c0000000 ---p 00000000 00:00 0 
7c0000000-7c00c0000 rw-p 00000000 00:00 0 
7c00c0000-800000000 ---p 00000000 00:00 0 
7f9ade213000-7f9ade218000 r-xp 00000000 08:01 4464746                    /usr/lib/x86_64-linux-gnu/libXdmcp.so.6.0.0
7f9ade218000-7f9ade417000 ---p 00005000 08:01 4464746                    /usr/lib/x86_64-linux-gnu/libXdmcp.so.6.0.0
7f9ade417000-7f9ade418000 r--p 00004000 08:01 4464746                    /usr/lib/x86_64-linux-gnu/libXdmcp.so.6.0.0
7f9ade418000-7f9ade419000 rw-p 00005000 08:01 4464746                    /usr/lib/x86_64-linux-gnu/libXdmcp.so.6.0.0
7f9ade419000-7f9ade41b000 r-xp 00000000 08:01 4464735                    /usr/lib/x86_64-linux-gnu/libXau.so.6.0.0
7f9ade41b000-7f9ade61b000 ---p 00002000 08:01 4464735                    /usr/lib/x86_64-linux-gnu/libXau.so.6.0.0
7f9ade61b000-7f9ade61c000 r--p 00002000 08:01 4464735                    /usr/lib/x86_64-linux-gnu/libXau.so.6.0.0
7f9ade61c000-7f9ade61d000 rw-p 00003000 08:01 4464735                    /usr/lib/x86_64-linux-gnu/libXau.so.6.0.0
7f9ade61d000-7f9ade62d000 r-xp 00000000 08:01 4460530                    /usr/lib/x86_64-linux-gnu/libdrm.so.2.4.0
7f9ade62d000-7f9ade82d000 ---p 00010000 08:01 4460530                    /usr/lib/x86_64-linux-gnu/libdrm.so.2.4.0
7f9ade82d000-7f9ade82e000 r--p 00010000 08:01 4460530                    /usr/lib/x86_64-linux-gnu/libdrm.so.2.4.0
7f9ade82e000-7f9ade82f000 rw-p 00011000 08:01 4460530                    /usr/lib/x86_64-linux-gnu/libdrm.so.2.4.0
7f9ade82f000-7f9ade834000 r-xp 00000000 08:01 4464784                    /usr/lib/x86_64-linux-gnu/libXxf86vm.so.1.0.0
7f9ade834000-7f9adea33000 ---p 00005000 08:01 4464784                    /usr/lib/x86_64-linux-gnu/libXxf86vm.so.1.0.0
7f9adea33000-7f9adea34000 r--p 00004000 08:01 4464784                    /usr/lib/x86_64-linux-gnu/libXxf86vm.so.1.0.0
7f9adea34000-7f9adea35000 rw-p 00005000 08:01 4464784                    /usr/lib/x86_64-linux-gnu/libXxf86vm.so.1.0.0
7f9adea35000-7f9adea56000 r-xp 00000000 08:01 4466084                    /usr/lib/x86_64-linux-gnu/libxcb.so.1.1.0
7f9adea56000-7f9adec55000 ---p 00021000 08:01 4466084                    /usr/lib/x86_64-linux-gnu/libxcb.so.1.1.0
7f9adec55000-7f9adec56000 r--p 00020000 08:01 4466084                    /usr/lib/x86_64-linux-gnu/libxcb.so.1.1.0
7f9adec56000-7f9adec57000 rw-p 00021000 08:01 4466084                    /usr/lib/x86_64-linux-gnu/libxcb.so.1.1.0
7f9adec57000-7f9adec5b000 r-xp 00000000 08:01 4466048                    /usr/lib/x86_64-linux-gnu/libxcb-dri2.so.0.0.0
7f9adec5b000-7f9adee5a000 ---p 00004000 08:01 4466048                    /usr/lib/x86_64-linux-gnu/libxcb-dri2.so.0.0.0
7f9adee5a000-7f9adee5b000 r--p 00003000 08:01 4466048                    /usr/lib/x86_64-linux-gnu/libxcb-dri2.so.0.0.0
7f9adee5b000-7f9adee5c000 rw-p 00004000 08:01 4466048                    /usr/lib/x86_64-linux-gnu/libxcb-dri2.so.0.0.0
7f9adee5c000-7f9adee73000 r-xp 00000000 08:01 4466052                    /usr/lib/x86_64-linux-gnu/libxcb-glx.so.0.0.0
7f9adee73000-7f9adf072000 ---p 00017000 08:01 4466052                    /usr/lib/x86_64-linux-gnu/libxcb-glx.so.0.0.0
7f9adf072000-7f9adf074000 r--p 00016000 08:01 4466052                    /usr/lib/x86_64-linux-gnu/libxcb-glx.so.0.0.0
7f9adf074000-7f9adf075000 rw-p 00018000 08:01 4466052                    /usr/lib/x86_64-linux-gnu/libxcb-glx.so.0.0.0
7f9adf075000-7f9adf1aa000 r-xp 00000000 08:01 4461455                    /usr/lib/x86_64-linux-gnu/libX11.so.6.3.0
7f9adf1aa000-7f9adf3aa000 ---p 00135000 08:01 4461455                    /usr/lib/x86_64-linux-gnu/libX11.so.6.3.0
7f9adf3aa000-7f9adf3ab000 r--p 00135000 08:01 4461455                    /usr/lib/x86_64-linux-gnu/libX11.so.6.3.0
7f9adf3ab000-7f9adf3af000 rw-p 00136000 08:01 4461455                    /usr/lib/x86_64-linux-gnu/libX11.so.6.3.0
7f9adf3af000-7f9adf3b0000 r-xp 00000000 08:01 4464295                    /usr/lib/x86_64-linux-gnu/libX11-xcb.so.1.0.0
7f9adf3b0000-7f9adf5af000 ---p 00001000 08:01 4464295                    /usr/lib/x86_64-linux-gnu/libX11-xcb.so.1.0.0
7f9adf5af000-7f9adf5b0000 r--p 00000000 08:01 4464295                    /usr/lib/x86_64-linux-gnu/libX11-xcb.so.1.0.0
7f9adf5b0000-7f9adf5b1000 rw-p 00001000 08:01 4464295                    /usr/lib/x86_64-linux-gnu/libX11-xcb.so.1.0.0
7f9adf5b1000-7f9adf5b6000 r-xp 00000000 08:01 4464750                    /usr/lib/x86_64-linux-gnu/libXfixes.so.3.1.0
7f9adf5b6000-7f9adf7b5000 ---p 00005000 08:01 4464750                    /usr/lib/x86_64-linux-gnu/libXfixes.so.3.1.0
7f9adf7b5000-7f9adf7b6000 r--p 00004000 08:01 4464750                    /usr/lib/x86_64-linux-gnu/libXfixes.so.3.1.0
7f9adf7b6000-7f9adf7b7000 rw-p 00005000 08:01 4464750                    /usr/lib/x86_64-linux-gnu/libXfixes.so.3.1.0
7f9adf7b7000-7f9adf7b9000 r-xp 00000000 08:01 4464744                    /usr/lib/x86_64-linux-gnu/libXdamage.so.1.1.0
7f9adf7b9000-7f9adf9b8000 ---p 00002000 08:01 4464744                    /usr/lib/x86_64-linux-gnu/libXdamage.so.1.1.0
7f9adf9b8000-7f9adf9b9000 r--p 00001000 08:01 4464744                    /usr/lib/x86_64-linux-gnu/libXdamage.so.1.1.0
7f9adf9b9000-7f9adf9ba000 rw-p 00002000 08:01 4464744                    /usr/lib/x86_64-linux-gnu/libXdamage.so.1.1.0
7f9adf9ba000-7f9adf9cb000 r-xp 00000000 08:01 4464748                    /usr/lib/x86_64-linux-gnu/libXext.so.6.4.0
7f9adf9cb000-7f9adfbca000 ---p 00011000 08:01 4464748                    /usr/lib/x86_64-linux-gnu/libXext.so.6.4.0
7f9adfbca000-7f9adfbcb000 r--p 00010000 08:01 4464748                    /usr/lib/x86_64-linux-gnu/libXext.so.6.4.0
7f9adfbcb000-7f9adfbcc000 rw-p 00011000 08:01 4464748                    /usr/lib/x86_64-linux-gnu/libXext.so.6.4.0
7f9adfbcc000-7f9adfbf8000 r-xp 00000000 08:01 4464119                    /usr/lib/x86_64-linux-gnu/libglapi.so.0.0.0
7f9adfbf8000-7f9adfdf7000 ---p 0002c000 08:01 4464119                    /usr/lib/x86_64-linux-gnu/libglapi.so.0.0.0
7f9adfdf7000-7f9adfdfb000 r--p 0002b000 08:01 4464119                    /usr/lib/x86_64-linux-gnu/libglapi.so.0.0.0
7f9adfdfb000-7f9adfdfc000 rw-p 0002f000 08:01 4464119                    /usr/lib/x86_64-linux-gnu/libglapi.so.0.0.0
7f9adfdfc000-7f9adfdfd000 rw-p 00000000 00:00 0 
7f9adfdfd000-7f9adfdfe000 r-xp 00000000 08:01 4466096                    /usr/lib/x86_64-linux-gnu/libxshmfence.so.1.0.0
7f9adfdfe000-7f9adfffe000 ---p 00001000 08:01 4466096                    /usr/lib/x86_64-linux-gnu/libxshmfence.so.1.0.0
7f9adfffe000-7f9adffff000 r--p 00001000 08:01 4466096                    /usr/lib/x86_64-linux-gnu/libxshmfence.so.1.0.0
7f9adffff000-7f9ae0000000 rw-p 00002000 08:01 4466096                    /usr/lib/x86_64-linux-gnu/libxshmfence.so.1.0.0
7f9ae0000000-7f9ae0021000 rw-p 00000000 00:00 0 
7f9ae0021000-7f9ae4000000 ---p 00000000 00:00 0 
7f9ae4000000-7f9ae4021000 rw-p 00000000 00:00 0 
7f9ae4021000-7f9ae8000000 ---p 00000000 00:00 0 
7f9ae8000000-7f9ae8124000 rw-p 00000000 00:00 0 
7f9ae8124000-7f9aec000000 ---p 00000000 00:00 0 
7f9aec000000-7f9aec175000 rw-p 00000000 00:00 0 
7f9aec175000-7f9af0000000 ---p 00000000 00:00 0 
7f9af0000000-7f9af0274000 rw-p 00000000 00:00 0 
7f9af0274000-7f9af4000000 ---p 00000000 00:00 0 
7f9af40cf000-7f9af40d4000 r-xp 00000000 08:01 4466072                    /usr/lib/x86_64-linux-gnu/libxcb-sync.so.1.0.0
7f9af40d4000-7f9af42d4000 ---p 00005000 08:01 4466072                    /usr/lib/x86_64-linux-gnu/libxcb-sync.so.1.0.0
7f9af42d4000-7f9af42d5000 r--p 00005000 08:01 4466072                    /usr/lib/x86_64-linux-gnu/libxcb-sync.so.1.0.0
7f9af42d5000-7f9af42d6000 rw-p 00006000 08:01 4466072                    /usr/lib/x86_64-linux-gnu/libxcb-sync.so.1.0.0
7f9af42d6000-7f9af42d8000 r-xp 00000000 08:01 4466060                    /usr/lib/x86_64-linux-gnu/libxcb-present.so.0.0.0
7f9af42d8000-7f9af44d7000 ---p 00002000 08:01 4466060                    /usr/lib/x86_64-linux-gnu/libxcb-present.so.0.0.0
7f9af44d7000-7f9af44d8000 r--p 00001000 08:01 4466060                    /usr/lib/x86_64-linux-gnu/libxcb-present.so.0.0.0
7f9af44d8000-7f9af44d9000 rw-p 00002000 08:01 4466060                    /usr/lib/x86_64-linux-gnu/libxcb-present.so.0.0.0
7f9af44d9000-7f9af44db000 r-xp 00000000 08:01 4466050                    /usr/lib/x86_64-linux-gnu/libxcb-dri3.so.0.0.0
7f9af44db000-7f9af46da000 ---p 00002000 08:01 4466050                    /usr/lib/x86_64-linux-gnu/libxcb-dri3.so.0.0.0
7f9af46da000-7f9af46db000 r--p 00001000 08:01 4466050                    /usr/lib/x86_64-linux-gnu/libxcb-dri3.so.0.0.0
7f9af46db000-7f9af46dc000 rw-p 00002000 08:01 4466050                    /usr/lib/x86_64-linux-gnu/libxcb-dri3.so.0.0.0
7f9af46dc000-7f9af4702000 r-xp 00000000 08:01 20840649                   /lib/x86_64-linux-gnu/libexpat.so.1.6.0
7f9af4702000-7f9af4902000 ---p 00026000 08:01 20840649                   /lib/x86_64-linux-gnu/libexpat.so.1.6.0
7f9af4902000-7f9af4904000 r--p 00026000 08:01 20840649                   /lib/x86_64-linux-gnu/libexpat.so.1.6.0
7f9af4904000-7f9af4905000 rw-p 00028000 08:01 20840649                   /lib/x86_64-linux-gnu/libexpat.so.1.6.0
7f9af4905000-7f9af491e000 r-xp 00000000 08:01 20844854                   /lib/x86_64-linux-gnu/libz.so.1.2.8
7f9af491e000-7f9af4b1d000 ---p 00019000 08:01 20844854                   /lib/x86_64-linux-gnu/libz.so.1.2.8
7f9af4b1d000-7f9af4b1e000 r--p 00018000 08:01 20844854                   /lib/x86_64-linux-gnu/libz.so.1.2.8
7f9af4b1e000-7f9af4b1f000 rw-p 00019000 08:01 20844854                   /lib/x86_64-linux-gnu/libz.so.1.2.8
7f9af4b1f000-7f9af4b8f000 r-xp 00000000 08:01 4718962                    /usr/lib/x86_64-linux-gnu/mesa/libGL.so.1.2.0
7f9af4b8f000-7f9af4d8e000 ---p 00070000 08:01 4718962                    /usr/lib/x86_64-linux-gnu/mesa/libGL.so.1.2.0
7f9af4d8e000-7f9af4d91000 r--p 0006f000 08:01 4718962                    /usr/lib/x86_64-linux-gnu/mesa/libGL.so.1.2.0
7f9af4d91000-7f9af4d92000 rw-p 00072000 08:01 4718962                    /usr/lib/x86_64-linux-gnu/mesa/libGL.so.1.2.0
7f9af4d92000-7f9af4d93000 rw-p 00000000 00:00 0 
7f9af4d93000-7f9af4dfe000 r-xp 00000000 08:01 26747600                   /tmp/lwjglmichael1337/3.1.6-build-14/liblwjgl_opengl.so
7f9af4dfe000-7f9af4ffd000 ---p 0006b000 08:01 26747600                   /tmp/lwjglmichael1337/3.1.6-build-14/liblwjgl_opengl.so
7f9af4ffd000-7f9af4ffe000 r--p 0006a000 08:01 26747600                   /tmp/lwjglmichael1337/3.1.6-build-14/liblwjgl_opengl.so
7f9af4ffe000-7f9af4fff000 rw-p 0006b000 08:01 26747600                   /tmp/lwjglmichael1337/3.1.6-build-14/liblwjgl_opengl.so
7f9af4fff000-7f9af8000000 rw-p 00000000 00:00 0 
7f9af8000000-7f9af8021000 rw-p 00000000 00:00 0 
7f9af8021000-7f9afc000000 ---p 00000000 00:00 0 
7f9afc000000-7f9afc021000 rw-p 00000000 00:00 0 
7f9afc021000-7f9b00000000 ---p 00000000 00:00 0 
7f9b00000000-7f9b00021000 rw-p 00000000 00:00 0 
7f9b00021000-7f9b04000000 ---p 00000000 00:00 0 
7f9b04000000-7f9b04021000 rw-p 00000000 00:00 0 
7f9b04021000-7f9b08000000 ---p 00000000 00:00 0 
7f9b08000000-7f9b08021000 rw-p 00000000 00:00 0 
7f9b08021000-7f9b0c000000 ---p 00000000 00:00 0 
7f9b0c000000-7f9b0c021000 rw-p 00000000 00:00 0 
7f9b0c021000-7f9b10000000 ---p 00000000 00:00 0 
7f9b10000000-7f9b10021000 rw-p 00000000 00:00 0 
7f9b10021000-7f9b14000000 ---p 00000000 00:00 0 
7f9b14000000-7f9b14021000 rw-p 00000000 00:00 0 
7f9b14021000-7f9b18000000 ---p 00000000 00:00 0 
7f9b18000000-7f9b18021000 rw-p 00000000 00:00 0 
7f9b18021000-7f9b1c000000 ---p 00000000 00:00 0 
7f9b1c11f000-7f9b1c173000 r-xp 00000000 08:01 26747598                   /tmp/lwjglmichael1337/3.1.6-build-14/liblwjgl.so
7f9b1c173000-7f9b1c373000 ---p 00054000 08:01 26747598                   /tmp/lwjglmichael1337/3.1.6-build-14/liblwjgl.so
7f9b1c373000-7f9b1c374000 r--p 00054000 08:01 26747598                   /tmp/lwjglmichael1337/3.1.6-build-14/liblwjgl.so
7f9b1c374000-7f9b1c375000 rw-p 00055000 08:01 26747598                   /tmp/lwjglmichael1337/3.1.6-build-14/liblwjgl.so
7f9b1c375000-7f9b1c386000 r-xp 00000000 08:01 24119418                   /home/michael1337/Programs/jdk/jdk1.8.0_121/jre/lib/amd64/libnio.so
7f9b1c386000-7f9b1c585000 ---p 00011000 08:01 24119418                   /home/michael1337/Programs/jdk/jdk1.8.0_121/jre/lib/amd64/libnio.so
7f9b1c585000-7f9b1c586000 rw-p 00010000 08:01 24119418                   /home/michael1337/Programs/jdk/jdk1.8.0_121/jre/lib/amd64/libnio.so
7f9b1c586000-7f9b1c587000 ---p 00000000 00:00 0 
7f9b1c587000-7f9b1c687000 rw-p 00000000 00:00 0 
7f9b1c687000-7f9b1c68a000 ---p 00000000 00:00 0 
7f9b1c68a000-7f9b1c788000 rw-p 00000000 00:00 0 
7f9b1c788000-7f9b1c78b000 ---p 00000000 00:00 0 
7f9b1c78b000-7f9b1c889000 rw-p 00000000 00:00 0 
7f9b1c889000-7f9b1c88c000 ---p 00000000 00:00 0 
7f9b1c88c000-7f9b1c98a000 rw-p 00000000 00:00 0 
7f9b1c98a000-7f9b1c9a0000 r-xp 00000000 08:01 24119393                   /home/michael1337/Programs/jdk/jdk1.8.0_121/jre/lib/amd64/libnet.so
7f9b1c9a0000-7f9b1cba0000 ---p 00016000 08:01 24119393                   /home/michael1337/Programs/jdk/jdk1.8.0_121/jre/lib/amd64/libnet.so
7f9b1cba0000-7f9b1cba1000 rw-p 00016000 08:01 24119393                   /home/michael1337/Programs/jdk/jdk1.8.0_121/jre/lib/amd64/libnet.so
7f9b1cba1000-7f9b1cba4000 ---p 00000000 00:00 0 
7f9b1cba4000-7f9b1cca2000 rw-p 00000000 00:00 0 
7f9b1cca2000-7f9b1cca5000 ---p 00000000 00:00 0 
7f9b1cca5000-7f9b1cda3000 rw-p 00000000 00:00 0 
7f9b1cda3000-7f9b1cda5000 r--s 0001a000 08:01 24788587                   /home/michael1337/Programs/intellij/idea-IU-181.5281.24/lib/idea_rt.jar
7f9b1cda5000-7f9b1cda9000 r--s 00031000 08:01 27009233                   /home/michael1337/Documents/Neolithic/game/lib/commons-io-2.6/commons-io-2.6.jar
7f9b1cda9000-7f9b1cdb0000 r--s 00058000 08:01 27009231                   /home/michael1337/Documents/Neolithic/game/lib/commons-io-2.6/commons-io-2.6-tests.jar
7f9b1cdb0000-7f9b1cdb1000 r--s 00002000 08:01 25701703                   /home/michael1337/Documents/Neolithic/game/lib/PNGDecoder.jar
7f9b1cdb1000-7f9b1cdb6000 r--s 00045000 08:01 26222668                   /home/michael1337/Documents/Neolithic/game/lib/lwjgl/lwjgl.jar
7f9b1cdb6000-7f9b1cdc9000 r--s 0014d000 08:01 26222592                   /home/michael1337/Documents/Neolithic/game/lib/lwjgl/lwjgl-vulkan.jar
7f9b1cdc9000-7f9b1cdcb000 r--s 00018000 08:01 26221583                   /home/michael1337/Documents/Neolithic/game/lib/lwjgl/lwjgl-stb.jar
7f9b1cdcb000-7f9b1cdcc000 r--s 0006f000 08:01 26221581                   /home/michael1337/Documents/Neolithic/game/lib/lwjgl/lwjgl-stb-natives-windows.jar
7f9b1cdcc000-7f9b1cdcd000 r--s 0002a000 08:01 26221580                   /home/michael1337/Documents/Neolithic/game/lib/lwjgl/lwjgl-stb-natives-macos.jar
7f9b1cdcd000-7f9b1cdce000 r--s 00031000 08:01 26221579                   /home/michael1337/Documents/Neolithic/game/lib/lwjgl/lwjgl-stb-natives-linux.jar
7f9b1cdce000-7f9b1cdcf000 r--s 00002000 08:01 26221577                   /home/michael1337/Documents/Neolithic/game/lib/lwjgl/lwjgl-par.jar
7f9b1cdcf000-7f9b1cdd0000 r--s 00031000 08:01 26221574                   /home/michael1337/Documents/Neolithic/game/lib/lwjgl/lwjgl-par-natives-windows.jar
7f9b1cdd0000-7f9b1cdd1000 r--s 00004000 08:01 26222670                   /home/michael1337/Documents/Neolithic/game/lib/lwjgl/lwjgl-par-natives-macos.jar
7f9b1cdd1000-7f9b1cdd2000 r--s 00005000 08:01 26221573                   /home/michael1337/Documents/Neolithic/game/lib/lwjgl/lwjgl-par-natives-linux.jar
7f9b1cdd2000-7f9b1cddc000 r--s 000bf000 08:01 26221572                   /home/michael1337/Documents/Neolithic/game/lib/lwjgl/lwjgl-opengl.jar
7f9b1cddc000-7f9b1cddd000 r--s 0002a000 08:01 26221570                   /home/michael1337/Documents/Neolithic/game/lib/lwjgl/lwjgl-opengl-natives-windows.jar
7f9b1cddd000-7f9b1cdde000 r--s 0000b000 08:01 26221569                   /home/michael1337/Documents/Neolithic/game/lib/lwjgl/lwjgl-opengl-natives-macos.jar
7f9b1cdde000-7f9b1cddf000 r--s 00016000 08:01 26221568                   /home/michael1337/Documents/Neolithic/game/lib/lwjgl/lwjgl-opengl-natives-linux.jar
7f9b1cddf000-7f9b1cde2000 r--s 00011000 08:01 26221566                   /home/michael1337/Documents/Neolithic/game/lib/lwjgl/lwjgl-openal.jar
7f9b1cde2000-7f9b1cde3000 r--s 00105000 08:01 26221562                   /home/michael1337/Documents/Neolithic/game/lib/lwjgl/lwjgl-openal-natives-windows.jar
7f9b1cde3000-7f9b1cde4000 r--s 00064000 08:01 26221560                   /home/michael1337/Documents/Neolithic/game/lib/lwjgl/lwjgl-openal-natives-macos.jar
7f9b1cde4000-7f9b1cde5000 r--s 00077000 08:01 26221559                   /home/michael1337/Documents/Neolithic/game/lib/lwjgl/lwjgl-openal-natives-linux.jar
7f9b1cde5000-7f9b1cdea000 r--s 0005f000 08:01 26221557                   /home/michael1337/Documents/Neolithic/game/lib/lwjgl/lwjgl-nuklear.jar
7f9b1cdea000-7f9b1cdeb000 r--s 00041000 08:01 26221556                   /home/michael1337/Documents/Neolithic/game/lib/lwjgl/lwjgl-nuklear-natives-windows.jar
7f9b1cdeb000-7f9b1cdec000 r--s 0002e000 08:01 26221561                   /home/michael1337/Documents/Neolithic/game/lib/lwjgl/lwjgl-nuklear-natives-macos.jar
7f9b1cdec000-7f9b1cded000 r--s 00022000 08:01 26221554                   /home/michael1337/Documents/Neolithic/game/lib/lwjgl/lwjgl-nuklear-natives-linux.jar
7f9b1cded000-7f9b1cdee000 r--s 00039000 08:01 26222669                   /home/michael1337/Documents/Neolithic/game/lib/lwjgl/lwjgl-natives-windows.jar
7f9b1cdee000-7f9b1cdf0000 r--s 00008000 08:01 26222596                   /home/michael1337/Documents/Neolithic/game/lib/lwjgl/lwjgl-natives-macos.jar
7f9b1cdf0000-7f9b1cdf1000 r--s 00013000 08:01 26222595                   /home/michael1337/Documents/Neolithic/game/lib/lwjgl/lwjgl-natives-linux.jar
7f9b1cdf1000-7f9b1cdf3000 r--s 0000e000 08:01 26221549                   /home/michael1337/Documents/Neolithic/game/lib/lwjgl/lwjgl-nanovg.jar
7f9b1cdf3000-7f9b1cdf4000 r--s 00068000 08:01 26221547                   /home/michael1337/Documents/Neolithic/game/lib/lwjgl/lwjgl-nanovg-natives-windows.jar
7f9b1cdf4000-7f9b1cdf6000 r--s 00026000 08:01 26221553                   /home/michael1337/Documents/Neolithic/game/lib/lwjgl/lwjgl-nanovg-natives-macos.jar
7f9b1cdf6000-7f9b1cdf7000 r--s 00029000 08:01 26221546                   /home/michael1337/Documents/Neolithic/game/lib/lwjgl/lwjgl-nanovg-natives-linux.jar
7f9b1cdf7000-7f9b1cdfa000 r--s 00019000 08:01 26221542                   /home/michael1337/Documents/Neolithic/game/lib/lwjgl/lwjgl-glfw.jar
7f9b1cdfa000-7f9b1cdfc000 r--s 00022000 08:01 26221539                   /home/michael1337/Documents/Neolithic/game/lib/lwjgl/lwjgl-glfw-natives-linux.jar
7f9b1cdfc000-7f9b1ce0f000 r--s 00345000 08:01 24119617                   /home/michael1337/Programs/jdk/jdk1.8.0_121/jre/lib/resources.jar
7f9b1ce0f000-7f9b1ce21000 r--s 000d6000 08:01 24119616                   /home/michael1337/Programs/jdk/jdk1.8.0_121/jre/lib/plugin.jar
7f9b1ce21000-7f9b1ce24000 ---p 00000000 00:00 0 
7f9b1ce24000-7f9b1cf22000 rw-p 00000000 00:00 0 
7f9b1cf22000-7f9b1d1fb000 r--p 00000000 08:01 4457405                    /usr/lib/locale/locale-archive
7f9b1d1fb000-7f9b1d1fe000 ---p 00000000 00:00 0 
7f9b1d1fe000-7f9b1d2fc000 rw-p 00000000 00:00 0 
7f9b1d2fc000-7f9b1d2ff000 ---p 00000000 00:00 0 
7f9b1d2ff000-7f9b1d3fd000 rw-p 00000000 00:00 0 
7f9b1d3fd000-7f9b1d3fe000 ---p 00000000 00:00 0 
7f9b1d3fe000-7f9b1e45c000 rw-p 00000000 00:00 0 
7f9b1e45c000-7f9b1e635000 r--s 03d3e000 08:01 24119385                   /home/michael1337/Programs/jdk/jdk1.8.0_121/jre/lib/rt.jar
7f9b1e635000-7f9b1ebeb000 rw-p 00000000 00:00 0 
7f9b1ebeb000-7f9b1eeab000 ---p 00000000 00:00 0 
7f9b1eeab000-7f9b26f3b000 rw-p 00000000 00:00 0 
7f9b26f3b000-7f9b26f3c000 ---p 00000000 00:00 0 
7f9b26f3c000-7f9b2703c000 rw-p 00000000 00:00 0 
7f9b2703c000-7f9b2703d000 ---p 00000000 00:00 0 
7f9b2703d000-7f9b2713d000 rw-p 00000000 00:00 0 
7f9b2713d000-7f9b2713e000 ---p 00000000 00:00 0 
7f9b2713e000-7f9b2723e000 rw-p 00000000 00:00 0 
7f9b2723e000-7f9b2723f000 ---p 00000000 00:00 0 
7f9b2723f000-7f9b27390000 rw-p 00000000 00:00 0 
7f9b27390000-7f9b2784a000 ---p 00000000 00:00 0 
7f9b2784a000-7f9b2789b000 rw-p 00000000 00:00 0 
7f9b2789b000-7f9b27d54000 ---p 00000000 00:00 0 
7f9b27d54000-7f9b27d7d000 rw-p 00000000 00:00 0 
7f9b27d7d000-7f9b27fda000 ---p 00000000 00:00 0 
7f9b27fda000-7f9b27fe5000 rw-p 00000000 00:00 0 
7f9b27fe5000-7f9b2839b000 ---p 00000000 00:00 0 
7f9b2839b000-7f9b2860b000 rwxp 00000000 00:00 0 
7f9b2860b000-7f9b3739b000 ---p 00000000 00:00 0 
7f9b3739b000-7f9b373b5000 r-xp 00000000 08:01 24119416                   /home/michael1337/Programs/jdk/jdk1.8.0_121/jre/lib/amd64/libzip.so
7f9b373b5000-7f9b375b5000 ---p 0001a000 08:01 24119416                   /home/michael1337/Programs/jdk/jdk1.8.0_121/jre/lib/amd64/libzip.so
7f9b375b5000-7f9b375b6000 rw-p 0001a000 08:01 24119416                   /home/michael1337/Programs/jdk/jdk1.8.0_121/jre/lib/amd64/libzip.so
7f9b375b6000-7f9b375c1000 r-xp 00000000 08:01 20845377                   /lib/x86_64-linux-gnu/libnss_files-2.23.so
7f9b375c1000-7f9b377c0000 ---p 0000b000 08:01 20845377                   /lib/x86_64-linux-gnu/libnss_files-2.23.so
7f9b377c0000-7f9b377c1000 r--p 0000a000 08:01 20845377                   /lib/x86_64-linux-gnu/libnss_files-2.23.so
7f9b377c1000-7f9b377c2000 rw-p 0000b000 08:01 20845377                   /lib/x86_64-linux-gnu/libnss_files-2.23.so
7f9b377c2000-7f9b377c8000 rw-p 00000000 00:00 0 
7f9b377c8000-7f9b377d3000 r-xp 00000000 08:01 20845381                   /lib/x86_64-linux-gnu/libnss_nis-2.23.so
7f9b377d3000-7f9b379d2000 ---p 0000b000 08:01 20845381                   /lib/x86_64-linux-gnu/libnss_nis-2.23.so
7f9b379d2000-7f9b379d3000 r--p 0000a000 08:01 20845381                   /lib/x86_64-linux-gnu/libnss_nis-2.23.so
7f9b379d3000-7f9b379d4000 rw-p 0000b000 08:01 20845381                   /lib/x86_64-linux-gnu/libnss_nis-2.23.so
7f9b379d4000-7f9b379ea000 r-xp 00000000 08:01 20845361                   /lib/x86_64-linux-gnu/libnsl-2.23.so
7f9b379ea000-7f9b37be9000 ---p 00016000 08:01 20845361                   /lib/x86_64-linux-gnu/libnsl-2.23.so
7f9b37be9000-7f9b37bea000 r--p 00015000 08:01 20845361                   /lib/x86_64-linux-gnu/libnsl-2.23.so
7f9b37bea000-7f9b37beb000 rw-p 00016000 08:01 20845361                   /lib/x86_64-linux-gnu/libnsl-2.23.so
7f9b37beb000-7f9b37bed000 rw-p 00000000 00:00 0 
7f9b37bed000-7f9b37bf5000 r-xp 00000000 08:01 20845372                   /lib/x86_64-linux-gnu/libnss_compat-2.23.so
7f9b37bf5000-7f9b37df4000 ---p 00008000 08:01 20845372                   /lib/x86_64-linux-gnu/libnss_compat-2.23.so
7f9b37df4000-7f9b37df5000 r--p 00007000 08:01 20845372                   /lib/x86_64-linux-gnu/libnss_compat-2.23.so
7f9b37df5000-7f9b37df6000 rw-p 00008000 08:01 20845372                   /lib/x86_64-linux-gnu/libnss_compat-2.23.so
7f9b37df6000-7f9b37e00000 r-xp 00000000 08:01 24119454                   /home/michael1337/Programs/jdk/jdk1.8.0_121/jre/lib/amd64/libinstrument.so
7f9b37e00000-7f9b37fff000 ---p 0000a000 08:01 24119454                   /home/michael1337/Programs/jdk/jdk1.8.0_121/jre/lib/amd64/libinstrument.so
7f9b37fff000-7f9b38000000 rw-p 00009000 08:01 24119454                   /home/michael1337/Programs/jdk/jdk1.8.0_121/jre/lib/amd64/libinstrument.so
7f9b38000000-7f9b387a2000 rw-p 00000000 00:00 0 
7f9b387a2000-7f9b3c000000 ---p 00000000 00:00 0 
7f9b3c000000-7f9b3c001000 r--s 0003d000 08:01 26221544                   /home/michael1337/Documents/Neolithic/game/lib/lwjgl/lwjgl-glfw-natives-windows.jar
7f9b3c001000-7f9b3c02c000 r-xp 00000000 08:01 24119443                   /home/michael1337/Programs/jdk/jdk1.8.0_121/jre/lib/amd64/libjava.so
7f9b3c02c000-7f9b3c22b000 ---p 0002b000 08:01 24119443                   /home/michael1337/Programs/jdk/jdk1.8.0_121/jre/lib/amd64/libjava.so
7f9b3c22b000-7f9b3c22d000 rw-p 0002a000 08:01 24119443                   /home/michael1337/Programs/jdk/jdk1.8.0_121/jre/lib/amd64/libjava.so
7f9b3c22d000-7f9b3c23a000 r-xp 00000000 08:01 24119394                   /home/michael1337/Programs/jdk/jdk1.8.0_121/jre/lib/amd64/libverify.so
7f9b3c23a000-7f9b3c439000 ---p 0000d000 08:01 24119394                   /home/michael1337/Programs/jdk/jdk1.8.0_121/jre/lib/amd64/libverify.so
7f9b3c439000-7f9b3c43b000 rw-p 0000c000 08:01 24119394                   /home/michael1337/Programs/jdk/jdk1.8.0_121/jre/lib/amd64/libverify.so
7f9b3c43b000-7f9b3c442000 r-xp 00000000 08:01 20845382                   /lib/x86_64-linux-gnu/librt-2.23.so
7f9b3c442000-7f9b3c641000 ---p 00007000 08:01 20845382                   /lib/x86_64-linux-gnu/librt-2.23.so
7f9b3c641000-7f9b3c642000 r--p 00006000 08:01 20845382                   /lib/x86_64-linux-gnu/librt-2.23.so
7f9b3c642000-7f9b3c643000 rw-p 00007000 08:01 20845382                   /lib/x86_64-linux-gnu/librt-2.23.so
7f9b3c643000-7f9b3c74b000 r-xp 00000000 08:01 20845355                   /lib/x86_64-linux-gnu/libm-2.23.so
7f9b3c74b000-7f9b3c94a000 ---p 00108000 08:01 20845355                   /lib/x86_64-linux-gnu/libm-2.23.so
7f9b3c94a000-7f9b3c94b000 r--p 00107000 08:01 20845355                   /lib/x86_64-linux-gnu/libm-2.23.so
7f9b3c94b000-7f9b3c94c000 rw-p 00108000 08:01 20845355                   /lib/x86_64-linux-gnu/libm-2.23.so
7f9b3c94c000-7f9b3d61a000 r-xp 00000000 08:01 24119447                   /home/michael1337/Programs/jdk/jdk1.8.0_121/jre/lib/amd64/server/libjvm.so
7f9b3d61a000-7f9b3d81a000 ---p 00cce000 08:01 24119447                   /home/michael1337/Programs/jdk/jdk1.8.0_121/jre/lib/amd64/server/libjvm.so
7f9b3d81a000-7f9b3d8f3000 rw-p 00cce000 08:01 24119447                   /home/michael1337/Programs/jdk/jdk1.8.0_121/jre/lib/amd64/server/libjvm.so
7f9b3d8f3000-7f9b3d93e000 rw-p 00000000 00:00 0 
7f9b3d93e000-7f9b3dafe000 r-xp 00000000 08:01 20845364                   /lib/x86_64-linux-gnu/libc-2.23.so
7f9b3dafe000-7f9b3dcfe000 ---p 001c0000 08:01 20845364                   /lib/x86_64-linux-gnu/libc-2.23.so
7f9b3dcfe000-7f9b3dd02000 r--p 001c0000 08:01 20845364                   /lib/x86_64-linux-gnu/libc-2.23.so
7f9b3dd02000-7f9b3dd04000 rw-p 001c4000 08:01 20845364                   /lib/x86_64-linux-gnu/libc-2.23.so
7f9b3dd04000-7f9b3dd08000 rw-p 00000000 00:00 0 
7f9b3dd08000-7f9b3dd0b000 r-xp 00000000 08:01 20845366                   /lib/x86_64-linux-gnu/libdl-2.23.so
7f9b3dd0b000-7f9b3df0a000 ---p 00003000 08:01 20845366                   /lib/x86_64-linux-gnu/libdl-2.23.so
7f9b3df0a000-7f9b3df0b000 r--p 00002000 08:01 20845366                   /lib/x86_64-linux-gnu/libdl-2.23.so
7f9b3df0b000-7f9b3df0c000 rw-p 00003000 08:01 20845366                   /lib/x86_64-linux-gnu/libdl-2.23.so
7f9b3df0c000-7f9b3df21000 r-xp 00000000 08:01 24118528                   /home/michael1337/Programs/jdk/jdk1.8.0_121/lib/amd64/jli/libjli.so
7f9b3df21000-7f9b3e121000 ---p 00015000 08:01 24118528                   /home/michael1337/Programs/jdk/jdk1.8.0_121/lib/amd64/jli/libjli.so
7f9b3e121000-7f9b3e122000 rw-p 00015000 08:01 24118528                   /home/michael1337/Programs/jdk/jdk1.8.0_121/lib/amd64/jli/libjli.so
7f9b3e122000-7f9b3e13a000 r-xp 00000000 08:01 20845363                   /lib/x86_64-linux-gnu/libpthread-2.23.so
7f9b3e13a000-7f9b3e339000 ---p 00018000 08:01 20845363                   /lib/x86_64-linux-gnu/libpthread-2.23.so
7f9b3e339000-7f9b3e33a000 r--p 00017000 08:01 20845363                   /lib/x86_64-linux-gnu/libpthread-2.23.so
7f9b3e33a000-7f9b3e33b000 rw-p 00018000 08:01 20845363                   /lib/x86_64-linux-gnu/libpthread-2.23.so
7f9b3e33b000-7f9b3e33f000 rw-p 00000000 00:00 0 
7f9b3e33f000-7f9b3e365000 r-xp 00000000 08:01 20845362                   /lib/x86_64-linux-gnu/ld-2.23.so
7f9b3e365000-7f9b3e366000 r--s 0000e000 08:01 26221540                   /home/michael1337/Documents/Neolithic/game/lib/lwjgl/lwjgl-glfw-natives-macos.jar
7f9b3e366000-7f9b3e36a000 r--s 00027000 08:01 26221534                   /home/michael1337/Documents/Neolithic/game/lib/lwjgl/lwjgl-bgfx.jar
7f9b3e36a000-7f9b3e36b000 r--s 0009f000 08:01 26221533                   /home/michael1337/Documents/Neolithic/game/lib/lwjgl/lwjgl-bgfx-natives-windows.jar
7f9b3e36b000-7f9b3e36c000 r--s 00041000 08:01 26221541                   /home/michael1337/Documents/Neolithic/game/lib/lwjgl/lwjgl-bgfx-natives-macos.jar
7f9b3e36c000-7f9b3e36d000 r--s 00051000 08:01 26221532                   /home/michael1337/Documents/Neolithic/game/lib/lwjgl/lwjgl-bgfx-natives-linux.jar
7f9b3e36d000-7f9b3e371000 r--s 0002e000 08:01 26221528                   /home/michael1337/Documents/Neolithic/game/lib/lwjgl/lwjgl-assimp.jar
7f9b3e371000-7f9b3e372000 r--s 003ca000 08:01 26221526                   /home/michael1337/Documents/Neolithic/game/lib/lwjgl/lwjgl-assimp-natives-windows.jar
7f9b3e372000-7f9b3e373000 r--s 00230000 08:01 26221537                   /home/michael1337/Documents/Neolithic/game/lib/lwjgl/lwjgl-assimp-natives-macos.jar
7f9b3e373000-7f9b3e374000 r--s 002ed000 08:01 26221523                   /home/michael1337/Documents/Neolithic/game/lib/lwjgl/lwjgl-assimp-natives-linux.jar
7f9b3e374000-7f9b3e375000 r--s 00000000 08:01 24119464                   /home/michael1337/Programs/jdk/jdk1.8.0_121/jre/lib/management-agent.jar
7f9b3e375000-7f9b3e379000 r--s 0009a000 08:01 24119337                   /home/michael1337/Programs/jdk/jdk1.8.0_121/jre/lib/jsse.jar
7f9b3e379000-7f9b3e37b000 r--s 00007000 08:01 24119458                   /home/michael1337/Programs/jdk/jdk1.8.0_121/jre/lib/jfxswt.jar
7f9b3e37b000-7f9b3e380000 r--s 00084000 08:01 24119492                   /home/michael1337/Programs/jdk/jdk1.8.0_121/jre/lib/jfr.jar
7f9b3e380000-7f9b3e383000 r--s 0001a000 08:01 24119647                   /home/michael1337/Programs/jdk/jdk1.8.0_121/jre/lib/jce.jar
7f9b3e383000-7f9b3e38d000 r--s 0006c000 08:01 24119500                   /home/michael1337/Programs/jdk/jdk1.8.0_121/jre/lib/javaws.jar
7f9b3e38d000-7f9b3e434000 rw-p 00000000 00:00 0 
7f9b3e434000-7f9b3e437000 ---p 00000000 00:00 0 
7f9b3e437000-7f9b3e53a000 rw-p 00000000 00:00 0 
7f9b3e53a000-7f9b3e555000 r--s 00209000 08:01 24119501                   /home/michael1337/Programs/jdk/jdk1.8.0_121/jre/lib/deploy.jar
7f9b3e555000-7f9b3e55a000 r--s 002f9000 08:01 24119338                   /home/michael1337/Programs/jdk/jdk1.8.0_121/jre/lib/charsets.jar
7f9b3e55a000-7f9b3e562000 rw-s 00000000 08:01 26747621                   /tmp/hsperfdata_michael1337/31749
7f9b3e562000-7f9b3e563000 rw-p 00000000 00:00 0 
7f9b3e563000-7f9b3e564000 r--p 00000000 00:00 0 
7f9b3e564000-7f9b3e565000 r--p 00025000 08:01 20845362                   /lib/x86_64-linux-gnu/ld-2.23.so
7f9b3e565000-7f9b3e566000 rw-p 00026000 08:01 20845362                   /lib/x86_64-linux-gnu/ld-2.23.so
7f9b3e566000-7f9b3e567000 rw-p 00000000 00:00 0 
7ffd0ca1a000-7ffd0ca3d000 rw-p 00000000 00:00 0                          [stack]
7ffd0cba1000-7ffd0cba4000 r--p 00000000 00:00 0                          [vvar]
7ffd0cba4000-7ffd0cba6000 r-xp 00000000 00:00 0                          [vdso]
ffffffffff600000-ffffffffff601000 r-xp 00000000 00:00 0                  [vsyscall]

VM Arguments:
jvm_args: -javaagent:/home/michael1337/Programs/intellij/idea-IU-181.5281.24/lib/idea_rt.jar=41931:/home/michael1337/Programs/intellij/idea-IU-181.5281.24/bin -Dfile.encoding=UTF-8 
java_command: tests.parser.ParserTest
java_class_path (initial): /home/michael1337/Programs/jdk/jdk1.8.0_121/jre/lib/charsets.jar:/home/michael1337/Programs/jdk/jdk1.8.0_121/jre/lib/deploy.jar:/home/michael1337/Programs/jdk/jdk1.8.0_121/jre/lib/ext/cldrdata.jar:/home/michael1337/Programs/jdk/jdk1.8.0_121/jre/lib/ext/dnsns.jar:/home/michael1337/Programs/jdk/jdk1.8.0_121/jre/lib/ext/jaccess.jar:/home/michael1337/Programs/jdk/jdk1.8.0_121/jre/lib/ext/jfxrt.jar:/home/michael1337/Programs/jdk/jdk1.8.0_121/jre/lib/ext/localedata.jar:/home/michael1337/Programs/jdk/jdk1.8.0_121/jre/lib/ext/nashorn.jar:/home/michael1337/Programs/jdk/jdk1.8.0_121/jre/lib/ext/sunec.jar:/home/michael1337/Programs/jdk/jdk1.8.0_121/jre/lib/ext/sunjce_provider.jar:/home/michael1337/Programs/jdk/jdk1.8.0_121/jre/lib/ext/sunpkcs11.jar:/home/michael1337/Programs/jdk/jdk1.8.0_121/jre/lib/ext/zipfs.jar:/home/michael1337/Programs/jdk/jdk1.8.0_121/jre/lib/javaws.jar:/home/michael1337/Programs/jdk/jdk1.8.0_121/jre/lib/jce.jar:/home/michael1337/Programs/jdk/jdk1.8.0_121/jre/lib/jfr.jar:/home/michael1337/Programs/jdk/jdk1.8.0_121/jre/lib/jfxswt.jar:/home/michael1337/Programs/jdk/jdk1.8.0_121/jre/lib/jsse.jar:/home/michael1337/Programs/jdk/jdk1.8.0_121/jre/lib/management-agent.jar:/home/michael1337/Programs/jdk/jdk1.8.0_121/jre/lib/plugin.jar:/home/michael1337/Programs/jdk/jdk1.8.0_121/jre/lib/resources.jar:/home/michael1337/Programs/jdk/jdk1.8.0_121/jre/lib/rt.jar:/home/michael1337/Documents/Neolithic/game/out/production/game:/home/michael1337/Documents/Neolithic/game/lib/lwjgl/lwjgl-assimp-natives-linux.jar:/home/michael1337/Documents/Neolithic/game/lib/lwjgl/lwjgl-assimp-natives-macos.jar:/home/michael1337/Documents/Neolithic/game/lib/lwjgl/lwjgl-assimp-natives-windows.jar:/home/michael1337/Documents/Neolithic/game/lib/lwjgl/lwjgl-assimp.jar:/home/michael1337/Documents/Neolithic/game/lib/lwjgl/lwjgl-bgfx-natives-linux.jar:/home/michael1337/Documents/Neolithic/game/lib/lwjgl/lwjgl-bgfx-natives-macos.jar:/home/michael1337/Documents/Neolithic/
Launcher Type: SUN_STANDARD

Environment Variables:
JAVA_HOME=/home/michael1337/Programs/jdk/jdk1.8.0_121
PATH=/home/michael1337/Programs/Spin/Spin/Src6.4.8:/home/michael1337/anaconda3/bin:/home/michael1337/bin:/home/michael1337/.local/bin:/usr/local/sbin:/usr/local/bin:/usr/sbin:/usr/bin:/sbin:/bin:/usr/games:/usr/local/games:/snap/bin:/home/michael1337/Programs/jdk/jdk1.8.0_121
USERNAME=michael1337
SHELL=/bin/bash
DISPLAY=:1

Signal Handlers:
SIGSEGV: [libjvm.so+0xac78c0], sa_mask[0]=11111111011111111101111111111110, sa_flags=SA_RESTART|SA_SIGINFO
SIGBUS: [libjvm.so+0xac78c0], sa_mask[0]=11111111011111111101111111111110, sa_flags=SA_RESTART|SA_SIGINFO
SIGFPE: [libjvm.so+0x920ac0], sa_mask[0]=11111111011111111101111111111110, sa_flags=SA_RESTART|SA_SIGINFO
SIGPIPE: [libjvm.so+0x920ac0], sa_mask[0]=11111111011111111101111111111110, sa_flags=SA_RESTART|SA_SIGINFO
SIGXFSZ: [libjvm.so+0x920ac0], sa_mask[0]=11111111011111111101111111111110, sa_flags=SA_RESTART|SA_SIGINFO
SIGILL: [libjvm.so+0x920ac0], sa_mask[0]=11111111011111111101111111111110, sa_flags=SA_RESTART|SA_SIGINFO
SIGUSR1: SIG_DFL, sa_mask[0]=00000000000000000000000000000000, sa_flags=none
SIGUSR2: [libjvm.so+0x922300], sa_mask[0]=00100000000000000000000000000000, sa_flags=SA_RESTART|SA_SIGINFO
SIGHUP: [libjvm.so+0x923700], sa_mask[0]=11111111011111111101111111111110, sa_flags=SA_RESTART|SA_SIGINFO
SIGINT: [libjvm.so+0x923700], sa_mask[0]=11111111011111111101111111111110, sa_flags=SA_RESTART|SA_SIGINFO
SIGTERM: [libjvm.so+0x923700], sa_mask[0]=11111111011111111101111111111110, sa_flags=SA_RESTART|SA_SIGINFO
SIGQUIT: [libjvm.so+0x923700], sa_mask[0]=11111111011111111101111111111110, sa_flags=SA_RESTART|SA_SIGINFO


---------------  S Y S T E M  ---------------

OS:DISTRIB_ID=Ubuntu
DISTRIB_RELEASE=16.04
DISTRIB_CODENAME=xenial
DISTRIB_DESCRIPTION="Ubuntu 16.04.5 LTS"

uname:Linux 4.4.0-133-generic #159-Ubuntu SMP Fri Aug 10 07:31:43 UTC 2018 x86_64
libc:glibc 2.23 NPTL 2.23 
rlimit: STACK 8192k, CORE 0k, NPROC 61756, NOFILE 1048576, AS infinity
load average:1,66 1,31 1,02

/proc/meminfo:
MemTotal:       15852028 kB
MemFree:         3084300 kB
MemAvailable:   10143168 kB
Buffers:          411828 kB
Cached:          6684860 kB
SwapCached:          240 kB
Active:          7815152 kB
Inactive:        3773240 kB
Active(anon):    4498624 kB
Inactive(anon):   640140 kB
Active(file):    3316528 kB
Inactive(file):  3133100 kB
Unevictable:          16 kB
Mlocked:              16 kB
SwapTotal:      16189436 kB
SwapFree:       16164488 kB
Dirty:             17832 kB
Writeback:             0 kB
AnonPages:       4491572 kB
Mapped:           902824 kB
Shmem:            647060 kB
Slab:            1013744 kB
SReclaimable:     945692 kB
SUnreclaim:        68052 kB
KernelStack:       15744 kB
PageTables:        62816 kB
NFS_Unstable:          0 kB
Bounce:                0 kB
WritebackTmp:          0 kB
CommitLimit:    24115448 kB
Committed_AS:   20464516 kB
VmallocTotal:   34359738367 kB
VmallocUsed:           0 kB
VmallocChunk:          0 kB
HardwareCorrupted:     0 kB
AnonHugePages:         0 kB
CmaTotal:              0 kB
CmaFree:               0 kB
HugePages_Total:       0
HugePages_Free:        0
HugePages_Rsvd:        0
HugePages_Surp:        0
Hugepagesize:       2048 kB
DirectMap4k:      880324 kB
DirectMap2M:    15310848 kB
DirectMap1G:           0 kB


CPU:total 4 (2 cores per cpu, 2 threads per core) family 6 model 78 stepping 3, cmov, cx8, fxsr, mmx, sse, sse2, sse3, ssse3, sse4.1, sse4.2, popcnt, avx, avx2, aes, clmul, erms, 3dnowpref, lzcnt, ht, tsc, tscinvbit, bmi1, bmi2, adx

/proc/cpuinfo:
processor	: 0
vendor_id	: GenuineIntel
cpu family	: 6
model		: 78
model name	: Intel(R) Core(TM) i7-6500U CPU @ 2.50GHz
stepping	: 3
microcode	: 0xc2
cpu MHz		: 2699.937
cache size	: 4096 KB
physical id	: 0
siblings	: 4
core id		: 0
cpu cores	: 2
apicid		: 0
initial apicid	: 0
fpu		: yes
fpu_exception	: yes
cpuid level	: 22
wp		: yes
flags		: fpu vme de pse tsc msr pae mce cx8 apic sep mtrr pge mca cmov pat pse36 clflush dts acpi mmx fxsr sse sse2 ss ht tm pbe syscall nx pdpe1gb rdtscp lm constant_tsc art arch_perfmon pebs bts rep_good nopl xtopology nonstop_tsc aperfmperf eagerfpu pni pclmulqdq dtes64 monitor ds_cpl vmx est tm2 ssse3 sdbg fma cx16 xtpr pdcm pcid sse4_1 sse4_2 x2apic movbe popcnt tsc_deadline_timer aes xsave avx f16c rdrand lahf_lm abm 3dnowprefetch epb invpcid_single intel_pt ibrs ibpb stibp kaiser tpr_shadow vnmi flexpriority ept vpid fsgsbase tsc_adjust bmi1 avx2 smep bmi2 erms invpcid mpx rdseed adx smap clflushopt xsaveopt xsavec xgetbv1 dtherm ida arat pln pts hwp hwp_notify hwp_act_window hwp_epp
bugs		: cpu_meltdown spectre_v1 spectre_v2 spec_store_bypass l1tf
bogomips	: 5184.48
clflush size	: 64
cache_alignment	: 64
address sizes	: 39 bits physical, 48 bits virtual
power management:

processor	: 1
vendor_id	: GenuineIntel
cpu family	: 6
model		: 78
model name	: Intel(R) Core(TM) i7-6500U CPU @ 2.50GHz
stepping	: 3
microcode	: 0xc2
cpu MHz		: 2692.929
cache size	: 4096 KB
physical id	: 0
siblings	: 4
core id		: 1
cpu cores	: 2
apicid		: 2
initial apicid	: 2
fpu		: yes
fpu_exception	: yes
cpuid level	: 22
wp		: yes
flags		: fpu vme de pse tsc msr pae mce cx8 apic sep mtrr pge mca cmov pat pse36 clflush dts acpi mmx fxsr sse sse2 ss ht tm pbe syscall nx pdpe1gb rdtscp lm constant_tsc art arch_perfmon pebs bts rep_good nopl xtopology nonstop_tsc aperfmperf eagerfpu pni pclmulqdq dtes64 monitor ds_cpl vmx est tm2 ssse3 sdbg fma cx16 xtpr pdcm pcid sse4_1 sse4_2 x2apic movbe popcnt tsc_deadline_timer aes xsave avx f16c rdrand lahf_lm abm 3dnowprefetch epb invpcid_single intel_pt ibrs ibpb stibp kaiser tpr_shadow vnmi flexpriority ept vpid fsgsbase tsc_adjust bmi1 avx2 smep bmi2 erms invpcid mpx rdseed adx smap clflushopt xsaveopt xsavec xgetbv1 dtherm ida arat pln pts hwp hwp_notify hwp_act_window hwp_epp
bugs		: cpu_meltdown spectre_v1 spectre_v2 spec_store_bypass l1tf
bogomips	: 5184.48
clflush size	: 64
cache_alignment	: 64
address sizes	: 39 bits physical, 48 bits virtual
power management:

processor	: 2
vendor_id	: GenuineIntel
cpu family	: 6
model		: 78
model name	: Intel(R) Core(TM) i7-6500U CPU @ 2.50GHz
stepping	: 3
microcode	: 0xc2
cpu MHz		: 2699.937
cache size	: 4096 KB
physical id	: 0
siblings	: 4
core id		: 0
cpu cores	: 2
apicid		: 1
initial apicid	: 1
fpu		: yes
fpu_exception	: yes
cpuid level	: 22
wp		: yes
flags		: fpu vme de pse tsc msr pae mce cx8 apic sep mtrr pge mca cmov pat pse36 clflush dts acpi mmx fxsr sse sse2 ss ht tm pbe syscall nx pdpe1gb rdtscp lm constant_tsc art arch_perfmon pebs bts rep_good nopl xtopology nonstop_tsc aperfmperf eagerfpu pni pclmulqdq dtes64 monitor ds_cpl vmx est tm2 ssse3 sdbg fma cx16 xtpr pdcm pcid sse4_1 sse4_2 x2apic movbe popcnt tsc_deadline_timer aes xsave avx f16c rdrand lahf_lm abm 3dnowprefetch epb invpcid_single intel_pt ibrs ibpb stibp kaiser tpr_shadow vnmi flexpriority ept vpid fsgsbase tsc_adjust bmi1 avx2 smep bmi2 erms invpcid mpx rdseed adx smap clflushopt xsaveopt xsavec xgetbv1 dtherm ida arat pln pts hwp hwp_notify hwp_act_window hwp_epp
bugs		: cpu_meltdown spectre_v1 spectre_v2 spec_store_bypass l1tf
bogomips	: 5184.48
clflush size	: 64
cache_alignment	: 64
address sizes	: 39 bits physical, 48 bits virtual
power management:

processor	: 3
vendor_id	: GenuineIntel
cpu family	: 6
model		: 78
model name	: Intel(R) Core(TM) i7-6500U CPU @ 2.50GHz
stepping	: 3
microcode	: 0xc2
cpu MHz		: 2699.937
cache size	: 4096 KB
physical id	: 0
siblings	: 4
core id		: 1
cpu cores	: 2
apicid		: 3
initial apicid	: 3
fpu		: yes
fpu_exception	: yes
cpuid level	: 22
wp		: yes
flags		: fpu vme de pse tsc msr pae mce cx8 apic sep mtrr pge mca cmov pat pse36 clflush dts acpi mmx fxsr sse sse2 ss ht tm pbe syscall nx pdpe1gb rdtscp lm constant_tsc art arch_perfmon pebs bts rep_good nopl xtopology nonstop_tsc aperfmperf eagerfpu pni pclmulqdq dtes64 monitor ds_cpl vmx est tm2 ssse3 sdbg fma cx16 xtpr pdcm pcid sse4_1 sse4_2 x2apic movbe popcnt tsc_deadline_timer aes xsave avx f16c rdrand lahf_lm abm 3dnowprefetch epb invpcid_single intel_pt ibrs ibpb stibp kaiser tpr_shadow vnmi flexpriority ept vpid fsgsbase tsc_adjust bmi1 avx2 smep bmi2 erms invpcid mpx rdseed adx smap clflushopt xsaveopt xsavec xgetbv1 dtherm ida arat pln pts hwp hwp_notify hwp_act_window hwp_epp
bugs		: cpu_meltdown spectre_v1 spectre_v2 spec_store_bypass l1tf
bogomips	: 5184.48
clflush size	: 64
cache_alignment	: 64
address sizes	: 39 bits physical, 48 bits virtual
power management:



Memory: 4k page, physical 15852028k(3084300k free), swap 16189436k(16164488k free)

vm_info: Java HotSpot(TM) 64-Bit Server VM (25.121-b13) for linux-amd64 JRE (1.8.0_121-b13), built on Dec 12 2016 16:36:53 by "java_re" with gcc 4.3.0 20080428 (Red Hat 4.3.0-8)

time: Tue Sep  4 17:39:46 2018
elapsed time: 0 seconds (0d 0h 0m 0s)

