#
# A fatal error has been detected by the Java Runtime Environment:
#
#  SIGSEGV (0xb) at pc=0x00007ff9800716ec, pid=30502, tid=0x00007ff9b58ae700
#
# JRE version: Java(TM) SE Runtime Environment (8.0_121-b13) (build 1.8.0_121-b13)
# Java VM: Java HotSpot(TM) 64-Bit Server VM (25.121-b13 mixed mode linux-amd64 compressed oops)
# Problematic frame:
# C  [liblwjgl_opengl.so+0x446ec]  Java_org_lwjgl_opengl_GL30_nglGenVertexArrays__IJ+0xc
#
# Failed to write core dump. Core dumps have been disabled. To enable core dumping, try "ulimit -c unlimited" before starting Java again
#
# If you would like to submit a bug report, please visit:
#   http://bugreport.java.com/bugreport/crash.jsp
# The crash happened outside the Java Virtual Machine in native code.
# See problematic frame for where to report the bug.
#

---------------  T H R E A D  ---------------

Current thread (0x00007ff9ac00d000):  JavaThread "main" [_thread_in_native, id=30504, stack(0x00007ff9b57ae000,0x00007ff9b58af000)]

siginfo: si_signo: 11 (SIGSEGV), si_code: 1 (SEGV_MAPERR), si_addr: 0x0000000000000f70

Registers:
RAX=0x0000000000000000, RBX=0x00007ff9b0763fb0, RCX=0x00007ff9ac50029c, RDX=0x0000000000000001
RSP=0x00007ff9b58ad588, RBP=0x00007ff9b58ad5e8, RSI=0x00007ff9ac50029c, RDI=0x0000000000000001
R8 =0x0000000000000000, R9 =0x0000000000000004, R10=0x00007ff99d017a08, R11=0x00007ff9b4689ea0
R12=0x0000000000000000, R13=0x00007ff9b0763fb0, R14=0x00007ff9b58ad618, R15=0x00007ff9ac00d000
RIP=0x00007ff9800716ec, EFLAGS=0x0000000000010283, CSGSFS=0x0000000000000033, ERR=0x0000000000000004
  TRAPNO=0x000000000000000e

Top of Stack: (sp=0x00007ff9b58ad588)
0x00007ff9b58ad588:   00007ff99d017a34 00007ff9b58ad5e8
0x00007ff9b58ad598:   00007ff99d0177c7 00007ff99d017782
0x00007ff9b58ad5a8:   00007ff9b58ad5a8 00007ff9b0763fb0
0x00007ff9b58ad5b8:   00007ff9b58ad618 00007ff9b076cbc8
0x00007ff9b58ad5c8:   0000000000000000 00007ff9b0763fb0
0x00007ff9b58ad5d8:   0000000000000000 00007ff9b58ad608
0x00007ff9b58ad5e8:   00007ff9b58ad660 00007ff99d0082bd
0x00007ff9b58ad5f8:   000000077004e0b8 00007ff99d011538
0x00007ff9b58ad608:   00007ff9ac50029c 00000007705abc10
0x00007ff9b58ad618:   0000000000000001 00007ff9b58ad620
0x00007ff9b58ad628:   00007ff9b0764124 00007ff9b58ad690
0x00007ff9b58ad638:   00007ff9b076cbc8 0000000000000000
0x00007ff9b58ad648:   00007ff9b0764190 00007ff9b58ad608
0x00007ff9b58ad658:   00007ff9b58ad698 00007ff9b58ad6e0
0x00007ff9b58ad668:   00007ff99d007d00 0000000000000000
0x00007ff9b58ad678:   0000000000000000 00000007705abc10
0x00007ff9b58ad688:   0000000000010000 00000007704e2ea0
0x00007ff9b58ad698:   000000076fffadc0 00007ff9b58ad6a0
0x00007ff9b58ad6a8:   00007ff9b0753c9a 00007ff9b58ad710
0x00007ff9b58ad6b8:   00007ff9b0754ce0 0000000000000000
0x00007ff9b58ad6c8:   00007ff9b0753d18 00007ff9b58ad698
0x00007ff9b58ad6d8:   00007ff9b58ad6f0 00007ff9b58ad760
0x00007ff9b58ad6e8:   00007ff99d0082bd 00000007700102d8
0x00007ff9b58ad6f8:   000000077000a688 0000000770007918
0x00007ff9b58ad708:   000000076fffeb00 000000076fffadc0
0x00007ff9b58ad718:   000000076fffadc0 00007ff9b58ad720
0x00007ff9b58ad728:   00007ff9b074e6c1 00007ff9b58ad7e0
0x00007ff9b58ad738:   00007ff9b074e908 0000000000000000
0x00007ff9b58ad748:   00007ff9b074e800 00007ff9b58ad6f0
0x00007ff9b58ad758:   00007ff9b58ad7e0 00007ff9b58ad830
0x00007ff9b58ad768:   00007ff99d008040 000000076ffd1c78
0x00007ff9b58ad778:   0000000700000003 000000076ffd19a8 

Instructions: (pc=0x00007ff9800716ec)
0x00007ff9800716cc:   78 1c 00 00 ff e0 66 66 66 66 66 2e 0f 1f 84 00
0x00007ff9800716dc:   00 00 00 00 48 8b 07 48 89 ce 89 d7 48 8b 40 18
0x00007ff9800716ec:   48 8b 80 70 0f 00 00 ff e0 66 66 2e 0f 1f 84 00
0x00007ff9800716fc:   00 00 00 00 48 8b 07 48 89 ce 89 d7 48 8b 40 18 

Register to memory mapping:

RAX=0x0000000000000000 is an unknown value
RBX={method} {0x00007ff9b0763fb0} 'nglGenVertexArrays' '(IJ)V' in 'org/lwjgl/opengl/GL30'
RCX=0x00007ff9ac50029c is an unknown value
RDX=0x0000000000000001 is an unknown value
RSP=0x00007ff9b58ad588 is pointing into the stack for thread: 0x00007ff9ac00d000
RBP=0x00007ff9b58ad5e8 is pointing into the stack for thread: 0x00007ff9ac00d000
RSI=0x00007ff9ac50029c is an unknown value
RDI=0x0000000000000001 is an unknown value
R8 =0x0000000000000000 is an unknown value
R9 =0x0000000000000004 is an unknown value
R10=0x00007ff99d017a08 is at code_begin+808 in an Interpreter codelet
method entry point (kind = native)  [0x00007ff99d0176e0, 0x00007ff99d017fe0]  2304 bytes
R11=0x00007ff9b4689ea0: <offset 0x9c3ea0> in /home/michael1337/Programs/jdk/jdk1.8.0_121/jre/lib/amd64/server/libjvm.so at 0x00007ff9b3cc6000
R12=0x0000000000000000 is an unknown value
R13={method} {0x00007ff9b0763fb0} 'nglGenVertexArrays' '(IJ)V' in 'org/lwjgl/opengl/GL30'
R14=0x00007ff9b58ad618 is pointing into the stack for thread: 0x00007ff9ac00d000
R15=0x00007ff9ac00d000 is a thread


Stack: [0x00007ff9b57ae000,0x00007ff9b58af000],  sp=0x00007ff9b58ad588,  free space=1021k
Native frames: (J=compiled Java code, j=interpreted, Vv=VM code, C=native code)
C  [liblwjgl_opengl.so+0x446ec]  Java_org_lwjgl_opengl_GL30_nglGenVertexArrays__IJ+0xc
j  org.lwjgl.opengl.GL30.glGenVertexArrays()I+20
j  engine.graphics.objects.models.Mesh.<init>([F[I[F[F)V+58
j  load.OBJLoader.loadMesh(Ljava/lang/String;)Lengine/graphics/objects/models/Mesh;+625
j  engine.graphics.objects.MeshHub.loadMesh()V+5
j  engine.data.proto.Data.load()V+32
j  engine.Engine.loadData()V+15
j  tests.parser.ParserTest.main([Ljava/lang/String;)V+3
v  ~StubRoutines::call_stub
V  [libjvm.so+0x690dd6]  JavaCalls::call_helper(JavaValue*, methodHandle*, JavaCallArguments*, Thread*)+0x1056
V  [libjvm.so+0x6d21e2]  jni_invoke_static(JNIEnv_*, JavaValue*, _jobject*, JNICallType, _jmethodID*, JNI_ArgumentPusher*, Thread*)+0x362
V  [libjvm.so+0x6eea4a]  jni_CallStaticVoidMethod+0x17a
C  [libjli.so+0x7bdf]  JavaMain+0x81f
C  [libpthread.so.0+0x76ba]  start_thread+0xca

Java frames: (J=compiled Java code, j=interpreted, Vv=VM code)
j  org.lwjgl.opengl.GL30.nglGenVertexArrays(IJ)V+0
j  org.lwjgl.opengl.GL30.glGenVertexArrays()I+20
j  engine.graphics.objects.models.Mesh.<init>([F[I[F[F)V+58
j  load.OBJLoader.loadMesh(Ljava/lang/String;)Lengine/graphics/objects/models/Mesh;+625
j  engine.graphics.objects.MeshHub.loadMesh()V+5
j  engine.data.proto.Data.load()V+32
j  engine.Engine.loadData()V+15
j  tests.parser.ParserTest.main([Ljava/lang/String;)V+3
v  ~StubRoutines::call_stub

---------------  P R O C E S S  ---------------

Java Threads: ( => current thread )
  0x00007ff9ac3cd000 JavaThread "Service Thread" daemon [_thread_blocked, id=30530, stack(0x00007ff98c206000,0x00007ff98c307000)]
  0x00007ff9ac3c2000 JavaThread "C1 CompilerThread2" daemon [_thread_blocked, id=30529, stack(0x00007ff98c307000,0x00007ff98c408000)]
  0x00007ff9ac3c0000 JavaThread "C2 CompilerThread1" daemon [_thread_blocked, id=30528, stack(0x00007ff98c408000,0x00007ff98c509000)]
  0x00007ff9ac3be000 JavaThread "C2 CompilerThread0" daemon [_thread_blocked, id=30527, stack(0x00007ff98f721000,0x00007ff98f822000)]
  0x00007ff9ac3bc800 JavaThread "Monitor Ctrl-Break" daemon [_thread_in_native, id=30526, stack(0x00007ff98f822000,0x00007ff98f923000)]
  0x00007ff9ac180000 JavaThread "Signal Dispatcher" daemon [_thread_blocked, id=30525, stack(0x00007ff98f923000,0x00007ff98fa24000)]
  0x00007ff9ac14e800 JavaThread "Finalizer" daemon [_thread_blocked, id=30518, stack(0x00007ff98fcfd000,0x00007ff98fdfe000)]
  0x00007ff9ac14a000 JavaThread "Reference Handler" daemon [_thread_blocked, id=30517, stack(0x00007ff98fdfe000,0x00007ff98feff000)]
=>0x00007ff9ac00d000 JavaThread "main" [_thread_in_native, id=30504, stack(0x00007ff9b57ae000,0x00007ff9b58af000)]

Other Threads:
  0x00007ff9ac142800 VMThread [stack: 0x00007ff98feff000,0x00007ff990000000] [id=30513]
  0x00007ff9ac3d2000 WatcherThread [stack: 0x00007ff98c105000,0x00007ff98c206000] [id=30531]

VM state:not at safepoint (normal execution)

VM Mutex/Monitor currently owned by a thread: None

Heap:
 PSYoungGen      total 72192K, used 17377K [0x000000076f580000, 0x0000000774600000, 0x00000007c0000000)
  eden space 61952K, 28% used [0x000000076f580000,0x0000000770678400,0x0000000773200000)
  from space 10240K, 0% used [0x0000000773c00000,0x0000000773c00000,0x0000000774600000)
  to   space 10240K, 0% used [0x0000000773200000,0x0000000773200000,0x0000000773c00000)
 ParOldGen       total 165376K, used 0K [0x00000006ce000000, 0x00000006d8180000, 0x000000076f580000)
  object space 165376K, 0% used [0x00000006ce000000,0x00000006ce000000,0x00000006d8180000)
 Metaspace       used 5826K, capacity 6014K, committed 6144K, reserved 1056768K
  class space    used 658K, capacity 735K, committed 768K, reserved 1048576K

Card table byte_map: [0x00007ff9b1bc5000,0x00007ff9b2356000] byte_map_base: 0x00007ff9ae555000

Marking Bits: (ParMarkBitMap*) 0x00007ff9b4c8ac80
 Begin Bits: [0x00007ff980700000, 0x00007ff984380000)
 End Bits:   [0x00007ff984380000, 0x00007ff988000000)

Polling page: 0x00007ff9b58dd000

CodeCache: size=245760Kb used=2220Kb max_used=2232Kb free=243539Kb
 bounds [0x00007ff99d000000, 0x00007ff99d270000, 0x00007ff9ac000000]
 total_blobs=831 nmethods=505 adapters=240
 compilation: enabled

Compilation events (10 events):
Event: 0,694 Thread 0x00007ff9ac3c2000  500   !   3       java.lang.ref.Finalizer::add (41 bytes)
Event: 0,695 Thread 0x00007ff9ac3c2000 nmethod 500 0x00007ff99d227e90 code [0x00007ff99d228000, 0x00007ff99d2283b0]
Event: 0,695 Thread 0x00007ff9ac3c2000  499       3       java.lang.ref.FinalReference::<init> (7 bytes)
Event: 0,695 Thread 0x00007ff9ac3c2000 nmethod 499 0x00007ff99d2284d0 code [0x00007ff99d228640, 0x00007ff99d2288f0]
Event: 0,697 Thread 0x00007ff9ac3c2000  503   !   3       java.lang.StringCoding::encode (120 bytes)
Event: 0,698 Thread 0x00007ff9ac3c0000  504       4       java.util.concurrent.ConcurrentHashMap::tabAt (21 bytes)
Event: 0,698 Thread 0x00007ff9ac3c0000 nmethod 504 0x00007ff99d22b610 code [0x00007ff99d22b740, 0x00007ff99d22b798]
Event: 0,699 Thread 0x00007ff9ac3c0000  505       4       java.util.HashMap::getNode (148 bytes)
Event: 0,699 Thread 0x00007ff9ac3c2000 nmethod 503 0x00007ff99d2289d0 code [0x00007ff99d228d20, 0x00007ff99d22a758]
Event: 0,701 Thread 0x00007ff9ac3c0000 nmethod 505 0x00007ff99d22e6d0 code [0x00007ff99d22e840, 0x00007ff99d22eab8]

GC Heap History (0 events):
No events

Deoptimization events (2 events):
Event: 0,537 Thread 0x00007ff9ac00d000 Uncommon trap: reason=class_check action=maybe_recompile pc=0x00007ff99d185314 method=java.util.AbstractCollection.toArray([Ljava/lang/Object;)[Ljava/lang/Object; @ 1
Event: 0,596 Thread 0x00007ff9ac00d000 Uncommon trap: reason=unstable_if action=reinterpret pc=0x00007ff99d177828 method=java.lang.CharacterDataLatin1.digit(II)I @ 31

Internal exceptions (10 events):
Event: 0,038 Thread 0x00007ff9ac00d000 Exception <a 'java/lang/NoSuchMethodError': Method sun.misc.Unsafe.defineClass(Ljava/lang/String;[BII)Ljava/lang/Class; name or signature does not match> (0x000000076f587ca8) thrown at [/HUDSON3/workspace/8-2-build-linux-amd64/jdk8u121/8372/hotspot/src/sh
Event: 0,038 Thread 0x00007ff9ac00d000 Exception <a 'java/lang/NoSuchMethodError': Method sun.misc.Unsafe.prefetchRead(Ljava/lang/Object;J)V name or signature does not match> (0x000000076f587f90) thrown at [/HUDSON3/workspace/8-2-build-linux-amd64/jdk8u121/8372/hotspot/src/share/vm/prims/jni.c
Event: 0,532 Thread 0x00007ff9ac00d000 Exception <a 'java/lang/NoSuchFieldError': method resolution failed> (0x000000077020d678) thrown at [/HUDSON3/workspace/8-2-build-linux-amd64/jdk8u121/8372/hotspot/src/share/vm/prims/methodHandles.cpp, line 1146]
Event: 0,535 Thread 0x00007ff9ac00d000 Exception <a 'java/lang/NoSuchFieldError': method resolution failed> (0x000000077021b490) thrown at [/HUDSON3/workspace/8-2-build-linux-amd64/jdk8u121/8372/hotspot/src/share/vm/prims/methodHandles.cpp, line 1146]
Event: 0,619 Thread 0x00007ff9ac00d000 Exception <a 'java/lang/NoSuchMethodError': java.lang.Object.lambda$static$0(Ljava/lang/String;)Ljava/lang/Boolean;> (0x0000000770384808) thrown at [/HUDSON3/workspace/8-2-build-linux-amd64/jdk8u121/8372/hotspot/src/share/vm/interpreter/linkResolver.cpp, 
Event: 0,634 Thread 0x00007ff9ac00d000 Exception <a 'java/security/PrivilegedActionException'> (0x00000007703d7df8) thrown at [/HUDSON3/workspace/8-2-build-linux-amd64/jdk8u121/8372/hotspot/src/share/vm/prims/jvm.cpp, line 1390]
Event: 0,634 Thread 0x00007ff9ac00d000 Exception <a 'java/security/PrivilegedActionException'> (0x00000007703d8008) thrown at [/HUDSON3/workspace/8-2-build-linux-amd64/jdk8u121/8372/hotspot/src/share/vm/prims/jvm.cpp, line 1390]
Event: 0,634 Thread 0x00007ff9ac00d000 Exception <a 'java/security/PrivilegedActionException'> (0x00000007703dab08) thrown at [/HUDSON3/workspace/8-2-build-linux-amd64/jdk8u121/8372/hotspot/src/share/vm/prims/jvm.cpp, line 1390]
Event: 0,634 Thread 0x00007ff9ac00d000 Exception <a 'java/security/PrivilegedActionException'> (0x00000007703dad18) thrown at [/HUDSON3/workspace/8-2-build-linux-amd64/jdk8u121/8372/hotspot/src/share/vm/prims/jvm.cpp, line 1390]
Event: 0,670 Thread 0x00007ff9ac00d000 Exception <a 'sun/nio/fs/UnixException'> (0x00000007704913e0) thrown at [/HUDSON3/workspace/8-2-build-linux-amd64/jdk8u121/8372/hotspot/src/share/vm/prims/jni.cpp, line 709]

Events (10 events):
Event: 0,690 loading class org/lwjgl/system/jni/JNINativeInterface
Event: 0,690 loading class org/lwjgl/system/jni/JNINativeInterface done
Event: 0,693 loading class org/lwjgl/system/linux/DynamicLinkLoader
Event: 0,693 loading class org/lwjgl/system/linux/DynamicLinkLoader done
Event: 0,697 loading class org/lwjgl/opengl/GL$2
Event: 0,697 loading class org/lwjgl/opengl/GL$2 done
Event: 0,697 loading class org/lwjgl/opengl/GL$SharedLibraryGL
Event: 0,697 loading class org/lwjgl/opengl/GL$SharedLibraryGL done
Event: 0,698 loading class org/lwjgl/system/SharedLibrary$Delegate
Event: 0,698 loading class org/lwjgl/system/SharedLibrary$Delegate done


Dynamic libraries:
00400000-00401000 r-xp 00000000 08:01 24119309                           /home/michael1337/Programs/jdk/jdk1.8.0_121/bin/java
00600000-00601000 rw-p 00000000 08:01 24119309                           /home/michael1337/Programs/jdk/jdk1.8.0_121/bin/java
01cdf000-01d00000 rw-p 00000000 00:00 0                                  [heap]
6ce000000-6d8180000 rw-p 00000000 00:00 0 
6d8180000-76f580000 ---p 00000000 00:00 0 
76f580000-774600000 rw-p 00000000 00:00 0 
774600000-7c0000000 ---p 00000000 00:00 0 
7c0000000-7c00c0000 rw-p 00000000 00:00 0 
7c00c0000-800000000 ---p 00000000 00:00 0 
7ff954000000-7ff954021000 rw-p 00000000 00:00 0 
7ff954021000-7ff958000000 ---p 00000000 00:00 0 
7ff95954f000-7ff959554000 r-xp 00000000 08:01 4464746                    /usr/lib/x86_64-linux-gnu/libXdmcp.so.6.0.0
7ff959554000-7ff959753000 ---p 00005000 08:01 4464746                    /usr/lib/x86_64-linux-gnu/libXdmcp.so.6.0.0
7ff959753000-7ff959754000 r--p 00004000 08:01 4464746                    /usr/lib/x86_64-linux-gnu/libXdmcp.so.6.0.0
7ff959754000-7ff959755000 rw-p 00005000 08:01 4464746                    /usr/lib/x86_64-linux-gnu/libXdmcp.so.6.0.0
7ff959755000-7ff959757000 r-xp 00000000 08:01 4464735                    /usr/lib/x86_64-linux-gnu/libXau.so.6.0.0
7ff959757000-7ff959957000 ---p 00002000 08:01 4464735                    /usr/lib/x86_64-linux-gnu/libXau.so.6.0.0
7ff959957000-7ff959958000 r--p 00002000 08:01 4464735                    /usr/lib/x86_64-linux-gnu/libXau.so.6.0.0
7ff959958000-7ff959959000 rw-p 00003000 08:01 4464735                    /usr/lib/x86_64-linux-gnu/libXau.so.6.0.0
7ff959959000-7ff959969000 r-xp 00000000 08:01 4460530                    /usr/lib/x86_64-linux-gnu/libdrm.so.2.4.0
7ff959969000-7ff959b69000 ---p 00010000 08:01 4460530                    /usr/lib/x86_64-linux-gnu/libdrm.so.2.4.0
7ff959b69000-7ff959b6a000 r--p 00010000 08:01 4460530                    /usr/lib/x86_64-linux-gnu/libdrm.so.2.4.0
7ff959b6a000-7ff959b6b000 rw-p 00011000 08:01 4460530                    /usr/lib/x86_64-linux-gnu/libdrm.so.2.4.0
7ff959b6b000-7ff959b70000 r-xp 00000000 08:01 4464784                    /usr/lib/x86_64-linux-gnu/libXxf86vm.so.1.0.0
7ff959b70000-7ff959d6f000 ---p 00005000 08:01 4464784                    /usr/lib/x86_64-linux-gnu/libXxf86vm.so.1.0.0
7ff959d6f000-7ff959d70000 r--p 00004000 08:01 4464784                    /usr/lib/x86_64-linux-gnu/libXxf86vm.so.1.0.0
7ff959d70000-7ff959d71000 rw-p 00005000 08:01 4464784                    /usr/lib/x86_64-linux-gnu/libXxf86vm.so.1.0.0
7ff959d71000-7ff959d92000 r-xp 00000000 08:01 4466084                    /usr/lib/x86_64-linux-gnu/libxcb.so.1.1.0
7ff959d92000-7ff959f91000 ---p 00021000 08:01 4466084                    /usr/lib/x86_64-linux-gnu/libxcb.so.1.1.0
7ff959f91000-7ff959f92000 r--p 00020000 08:01 4466084                    /usr/lib/x86_64-linux-gnu/libxcb.so.1.1.0
7ff959f92000-7ff959f93000 rw-p 00021000 08:01 4466084                    /usr/lib/x86_64-linux-gnu/libxcb.so.1.1.0
7ff959f93000-7ff959f97000 r-xp 00000000 08:01 4466048                    /usr/lib/x86_64-linux-gnu/libxcb-dri2.so.0.0.0
7ff959f97000-7ff95a196000 ---p 00004000 08:01 4466048                    /usr/lib/x86_64-linux-gnu/libxcb-dri2.so.0.0.0
7ff95a196000-7ff95a197000 r--p 00003000 08:01 4466048                    /usr/lib/x86_64-linux-gnu/libxcb-dri2.so.0.0.0
7ff95a197000-7ff95a198000 rw-p 00004000 08:01 4466048                    /usr/lib/x86_64-linux-gnu/libxcb-dri2.so.0.0.0
7ff95a198000-7ff95a1af000 r-xp 00000000 08:01 4466052                    /usr/lib/x86_64-linux-gnu/libxcb-glx.so.0.0.0
7ff95a1af000-7ff95a3ae000 ---p 00017000 08:01 4466052                    /usr/lib/x86_64-linux-gnu/libxcb-glx.so.0.0.0
7ff95a3ae000-7ff95a3b0000 r--p 00016000 08:01 4466052                    /usr/lib/x86_64-linux-gnu/libxcb-glx.so.0.0.0
7ff95a3b0000-7ff95a3b1000 rw-p 00018000 08:01 4466052                    /usr/lib/x86_64-linux-gnu/libxcb-glx.so.0.0.0
7ff95a3b1000-7ff95a4e6000 r-xp 00000000 08:01 4461455                    /usr/lib/x86_64-linux-gnu/libX11.so.6.3.0
7ff95a4e6000-7ff95a6e6000 ---p 00135000 08:01 4461455                    /usr/lib/x86_64-linux-gnu/libX11.so.6.3.0
7ff95a6e6000-7ff95a6e7000 r--p 00135000 08:01 4461455                    /usr/lib/x86_64-linux-gnu/libX11.so.6.3.0
7ff95a6e7000-7ff95a6eb000 rw-p 00136000 08:01 4461455                    /usr/lib/x86_64-linux-gnu/libX11.so.6.3.0
7ff95a6eb000-7ff95a6ec000 r-xp 00000000 08:01 4464295                    /usr/lib/x86_64-linux-gnu/libX11-xcb.so.1.0.0
7ff95a6ec000-7ff95a8eb000 ---p 00001000 08:01 4464295                    /usr/lib/x86_64-linux-gnu/libX11-xcb.so.1.0.0
7ff95a8eb000-7ff95a8ec000 r--p 00000000 08:01 4464295                    /usr/lib/x86_64-linux-gnu/libX11-xcb.so.1.0.0
7ff95a8ec000-7ff95a8ed000 rw-p 00001000 08:01 4464295                    /usr/lib/x86_64-linux-gnu/libX11-xcb.so.1.0.0
7ff95a8ed000-7ff95a8f2000 r-xp 00000000 08:01 4464750                    /usr/lib/x86_64-linux-gnu/libXfixes.so.3.1.0
7ff95a8f2000-7ff95aaf1000 ---p 00005000 08:01 4464750                    /usr/lib/x86_64-linux-gnu/libXfixes.so.3.1.0
7ff95aaf1000-7ff95aaf2000 r--p 00004000 08:01 4464750                    /usr/lib/x86_64-linux-gnu/libXfixes.so.3.1.0
7ff95aaf2000-7ff95aaf3000 rw-p 00005000 08:01 4464750                    /usr/lib/x86_64-linux-gnu/libXfixes.so.3.1.0
7ff95aaf3000-7ff95aaf5000 r-xp 00000000 08:01 4464744                    /usr/lib/x86_64-linux-gnu/libXdamage.so.1.1.0
7ff95aaf5000-7ff95acf4000 ---p 00002000 08:01 4464744                    /usr/lib/x86_64-linux-gnu/libXdamage.so.1.1.0
7ff95acf4000-7ff95acf5000 r--p 00001000 08:01 4464744                    /usr/lib/x86_64-linux-gnu/libXdamage.so.1.1.0
7ff95acf5000-7ff95acf6000 rw-p 00002000 08:01 4464744                    /usr/lib/x86_64-linux-gnu/libXdamage.so.1.1.0
7ff95acf6000-7ff95ad07000 r-xp 00000000 08:01 4464748                    /usr/lib/x86_64-linux-gnu/libXext.so.6.4.0
7ff95ad07000-7ff95af06000 ---p 00011000 08:01 4464748                    /usr/lib/x86_64-linux-gnu/libXext.so.6.4.0
7ff95af06000-7ff95af07000 r--p 00010000 08:01 4464748                    /usr/lib/x86_64-linux-gnu/libXext.so.6.4.0
7ff95af07000-7ff95af08000 rw-p 00011000 08:01 4464748                    /usr/lib/x86_64-linux-gnu/libXext.so.6.4.0
7ff95af08000-7ff95af34000 r-xp 00000000 08:01 4464119                    /usr/lib/x86_64-linux-gnu/libglapi.so.0.0.0
7ff95af34000-7ff95b133000 ---p 0002c000 08:01 4464119                    /usr/lib/x86_64-linux-gnu/libglapi.so.0.0.0
7ff95b133000-7ff95b137000 r--p 0002b000 08:01 4464119                    /usr/lib/x86_64-linux-gnu/libglapi.so.0.0.0
7ff95b137000-7ff95b138000 rw-p 0002f000 08:01 4464119                    /usr/lib/x86_64-linux-gnu/libglapi.so.0.0.0
7ff95b138000-7ff95b139000 rw-p 00000000 00:00 0 
7ff95b139000-7ff95b13a000 r-xp 00000000 08:01 4466096                    /usr/lib/x86_64-linux-gnu/libxshmfence.so.1.0.0
7ff95b13a000-7ff95b33a000 ---p 00001000 08:01 4466096                    /usr/lib/x86_64-linux-gnu/libxshmfence.so.1.0.0
7ff95b33a000-7ff95b33b000 r--p 00001000 08:01 4466096                    /usr/lib/x86_64-linux-gnu/libxshmfence.so.1.0.0
7ff95b33b000-7ff95b33c000 rw-p 00002000 08:01 4466096                    /usr/lib/x86_64-linux-gnu/libxshmfence.so.1.0.0
7ff95b33c000-7ff95b341000 r-xp 00000000 08:01 4466072                    /usr/lib/x86_64-linux-gnu/libxcb-sync.so.1.0.0
7ff95b341000-7ff95b541000 ---p 00005000 08:01 4466072                    /usr/lib/x86_64-linux-gnu/libxcb-sync.so.1.0.0
7ff95b541000-7ff95b542000 r--p 00005000 08:01 4466072                    /usr/lib/x86_64-linux-gnu/libxcb-sync.so.1.0.0
7ff95b542000-7ff95b543000 rw-p 00006000 08:01 4466072                    /usr/lib/x86_64-linux-gnu/libxcb-sync.so.1.0.0
7ff95b543000-7ff95b545000 r-xp 00000000 08:01 4466060                    /usr/lib/x86_64-linux-gnu/libxcb-present.so.0.0.0
7ff95b545000-7ff95b744000 ---p 00002000 08:01 4466060                    /usr/lib/x86_64-linux-gnu/libxcb-present.so.0.0.0
7ff95b744000-7ff95b745000 r--p 00001000 08:01 4466060                    /usr/lib/x86_64-linux-gnu/libxcb-present.so.0.0.0
7ff95b745000-7ff95b746000 rw-p 00002000 08:01 4466060                    /usr/lib/x86_64-linux-gnu/libxcb-present.so.0.0.0
7ff95b746000-7ff95b748000 r-xp 00000000 08:01 4466050                    /usr/lib/x86_64-linux-gnu/libxcb-dri3.so.0.0.0
7ff95b748000-7ff95b947000 ---p 00002000 08:01 4466050                    /usr/lib/x86_64-linux-gnu/libxcb-dri3.so.0.0.0
7ff95b947000-7ff95b948000 r--p 00001000 08:01 4466050                    /usr/lib/x86_64-linux-gnu/libxcb-dri3.so.0.0.0
7ff95b948000-7ff95b949000 rw-p 00002000 08:01 4466050                    /usr/lib/x86_64-linux-gnu/libxcb-dri3.so.0.0.0
7ff95b949000-7ff95b96f000 r-xp 00000000 08:01 20840649                   /lib/x86_64-linux-gnu/libexpat.so.1.6.0
7ff95b96f000-7ff95bb6f000 ---p 00026000 08:01 20840649                   /lib/x86_64-linux-gnu/libexpat.so.1.6.0
7ff95bb6f000-7ff95bb71000 r--p 00026000 08:01 20840649                   /lib/x86_64-linux-gnu/libexpat.so.1.6.0
7ff95bb71000-7ff95bb72000 rw-p 00028000 08:01 20840649                   /lib/x86_64-linux-gnu/libexpat.so.1.6.0
7ff95bb72000-7ff95bb8b000 r-xp 00000000 08:01 20844854                   /lib/x86_64-linux-gnu/libz.so.1.2.8
7ff95bb8b000-7ff95bd8a000 ---p 00019000 08:01 20844854                   /lib/x86_64-linux-gnu/libz.so.1.2.8
7ff95bd8a000-7ff95bd8b000 r--p 00018000 08:01 20844854                   /lib/x86_64-linux-gnu/libz.so.1.2.8
7ff95bd8b000-7ff95bd8c000 rw-p 00019000 08:01 20844854                   /lib/x86_64-linux-gnu/libz.so.1.2.8
7ff95bd8c000-7ff95bdfc000 r-xp 00000000 08:01 4718962                    /usr/lib/x86_64-linux-gnu/mesa/libGL.so.1.2.0
7ff95bdfc000-7ff95bffb000 ---p 00070000 08:01 4718962                    /usr/lib/x86_64-linux-gnu/mesa/libGL.so.1.2.0
7ff95bffb000-7ff95bffe000 r--p 0006f000 08:01 4718962                    /usr/lib/x86_64-linux-gnu/mesa/libGL.so.1.2.0
7ff95bffe000-7ff95bfff000 rw-p 00072000 08:01 4718962                    /usr/lib/x86_64-linux-gnu/mesa/libGL.so.1.2.0
7ff95bfff000-7ff95c000000 rw-p 00000000 00:00 0 
7ff95c000000-7ff95c31a000 rw-p 00000000 00:00 0 
7ff95c31a000-7ff960000000 ---p 00000000 00:00 0 
7ff960000000-7ff960021000 rw-p 00000000 00:00 0 
7ff960021000-7ff964000000 ---p 00000000 00:00 0 
7ff964000000-7ff964175000 rw-p 00000000 00:00 0 
7ff964175000-7ff968000000 ---p 00000000 00:00 0 
7ff968000000-7ff968286000 rw-p 00000000 00:00 0 
7ff968286000-7ff96c000000 ---p 00000000 00:00 0 
7ff96c000000-7ff96c021000 rw-p 00000000 00:00 0 
7ff96c021000-7ff970000000 ---p 00000000 00:00 0 
7ff970000000-7ff970031000 rw-p 00000000 00:00 0 
7ff970031000-7ff974000000 ---p 00000000 00:00 0 
7ff974000000-7ff974021000 rw-p 00000000 00:00 0 
7ff974021000-7ff978000000 ---p 00000000 00:00 0 
7ff978000000-7ff978021000 rw-p 00000000 00:00 0 
7ff978021000-7ff97c000000 ---p 00000000 00:00 0 
7ff97c000000-7ff97c021000 rw-p 00000000 00:00 0 
7ff97c021000-7ff980000000 ---p 00000000 00:00 0 
7ff98002d000-7ff980098000 r-xp 00000000 08:01 26747600                   /tmp/lwjglmichael1337/3.1.6-build-14/liblwjgl_opengl.so
7ff980098000-7ff980297000 ---p 0006b000 08:01 26747600                   /tmp/lwjglmichael1337/3.1.6-build-14/liblwjgl_opengl.so
7ff980297000-7ff980298000 r--p 0006a000 08:01 26747600                   /tmp/lwjglmichael1337/3.1.6-build-14/liblwjgl_opengl.so
7ff980298000-7ff980299000 rw-p 0006b000 08:01 26747600                   /tmp/lwjglmichael1337/3.1.6-build-14/liblwjgl_opengl.so
7ff980299000-7ff9802ed000 r-xp 00000000 08:01 26747598                   /tmp/lwjglmichael1337/3.1.6-build-14/liblwjgl.so
7ff9802ed000-7ff9804ed000 ---p 00054000 08:01 26747598                   /tmp/lwjglmichael1337/3.1.6-build-14/liblwjgl.so
7ff9804ed000-7ff9804ee000 r--p 00054000 08:01 26747598                   /tmp/lwjglmichael1337/3.1.6-build-14/liblwjgl.so
7ff9804ee000-7ff9804ef000 rw-p 00055000 08:01 26747598                   /tmp/lwjglmichael1337/3.1.6-build-14/liblwjgl.so
7ff9804ef000-7ff980500000 r-xp 00000000 08:01 24119418                   /home/michael1337/Programs/jdk/jdk1.8.0_121/jre/lib/amd64/libnio.so
7ff980500000-7ff9806ff000 ---p 00011000 08:01 24119418                   /home/michael1337/Programs/jdk/jdk1.8.0_121/jre/lib/amd64/libnio.so
7ff9806ff000-7ff980700000 rw-p 00010000 08:01 24119418                   /home/michael1337/Programs/jdk/jdk1.8.0_121/jre/lib/amd64/libnio.so
7ff980700000-7ff988000000 rw-p 00000000 00:00 0 
7ff988000000-7ff988021000 rw-p 00000000 00:00 0 
7ff988021000-7ff98c000000 ---p 00000000 00:00 0 
7ff98c105000-7ff98c106000 ---p 00000000 00:00 0 
7ff98c106000-7ff98c206000 rw-p 00000000 00:00 0 
7ff98c206000-7ff98c209000 ---p 00000000 00:00 0 
7ff98c209000-7ff98c307000 rw-p 00000000 00:00 0 
7ff98c307000-7ff98c30a000 ---p 00000000 00:00 0 
7ff98c30a000-7ff98c408000 rw-p 00000000 00:00 0 
7ff98c408000-7ff98c40b000 ---p 00000000 00:00 0 
7ff98c40b000-7ff98f50a000 rw-p 00000000 00:00 0 
7ff98f50a000-7ff98f520000 r-xp 00000000 08:01 24119393                   /home/michael1337/Programs/jdk/jdk1.8.0_121/jre/lib/amd64/libnet.so
7ff98f520000-7ff98f720000 ---p 00016000 08:01 24119393                   /home/michael1337/Programs/jdk/jdk1.8.0_121/jre/lib/amd64/libnet.so
7ff98f720000-7ff98f721000 rw-p 00016000 08:01 24119393                   /home/michael1337/Programs/jdk/jdk1.8.0_121/jre/lib/amd64/libnet.so
7ff98f721000-7ff98f724000 ---p 00000000 00:00 0 
7ff98f724000-7ff98f822000 rw-p 00000000 00:00 0 
7ff98f822000-7ff98f825000 ---p 00000000 00:00 0 
7ff98f825000-7ff98f923000 rw-p 00000000 00:00 0 
7ff98f923000-7ff98f926000 ---p 00000000 00:00 0 
7ff98f926000-7ff98fa24000 rw-p 00000000 00:00 0 
7ff98fa24000-7ff98fcfd000 r--p 00000000 08:01 4457405                    /usr/lib/locale/locale-archive
7ff98fcfd000-7ff98fd00000 ---p 00000000 00:00 0 
7ff98fd00000-7ff98fdfe000 rw-p 00000000 00:00 0 
7ff98fdfe000-7ff98fe01000 ---p 00000000 00:00 0 
7ff98fe01000-7ff98feff000 rw-p 00000000 00:00 0 
7ff98feff000-7ff98ff00000 ---p 00000000 00:00 0 
7ff98ff00000-7ff990000000 rw-p 00000000 00:00 0 
7ff990000000-7ff990021000 rw-p 00000000 00:00 0 
7ff990021000-7ff994000000 ---p 00000000 00:00 0 
7ff994000000-7ff994021000 rw-p 00000000 00:00 0 
7ff994021000-7ff998000000 ---p 00000000 00:00 0 
7ff998000000-7ff998021000 rw-p 00000000 00:00 0 
7ff998021000-7ff99c000000 ---p 00000000 00:00 0 
7ff99c0f1000-7ff99d000000 rw-p 00000000 00:00 0 
7ff99d000000-7ff99d270000 rwxp 00000000 00:00 0 
7ff99d270000-7ff9ac000000 ---p 00000000 00:00 0 
7ff9ac000000-7ff9ac7ab000 rw-p 00000000 00:00 0 
7ff9ac7ab000-7ff9b0000000 ---p 00000000 00:00 0 
7ff9b0009000-7ff9b000b000 r--s 0001a000 08:01 24788587                   /home/michael1337/Programs/intellij/idea-IU-181.5281.24/lib/idea_rt.jar
7ff9b000b000-7ff9b000f000 r--s 00031000 08:01 27009233                   /home/michael1337/Documents/Neolithic/game/lib/commons-io-2.6/commons-io-2.6.jar
7ff9b000f000-7ff9b0016000 r--s 00058000 08:01 27009231                   /home/michael1337/Documents/Neolithic/game/lib/commons-io-2.6/commons-io-2.6-tests.jar
7ff9b0016000-7ff9b0017000 r--s 00002000 08:01 25701703                   /home/michael1337/Documents/Neolithic/game/lib/PNGDecoder.jar
7ff9b0017000-7ff9b001c000 r--s 00045000 08:01 26222668                   /home/michael1337/Documents/Neolithic/game/lib/lwjgl/lwjgl.jar
7ff9b001c000-7ff9b002f000 r--s 0014d000 08:01 26222592                   /home/michael1337/Documents/Neolithic/game/lib/lwjgl/lwjgl-vulkan.jar
7ff9b002f000-7ff9b0031000 r--s 00018000 08:01 26221583                   /home/michael1337/Documents/Neolithic/game/lib/lwjgl/lwjgl-stb.jar
7ff9b0031000-7ff9b0032000 r--s 0006f000 08:01 26221581                   /home/michael1337/Documents/Neolithic/game/lib/lwjgl/lwjgl-stb-natives-windows.jar
7ff9b0032000-7ff9b0033000 r--s 0002a000 08:01 26221580                   /home/michael1337/Documents/Neolithic/game/lib/lwjgl/lwjgl-stb-natives-macos.jar
7ff9b0033000-7ff9b0034000 r--s 00031000 08:01 26221579                   /home/michael1337/Documents/Neolithic/game/lib/lwjgl/lwjgl-stb-natives-linux.jar
7ff9b0034000-7ff9b0035000 r--s 00002000 08:01 26221577                   /home/michael1337/Documents/Neolithic/game/lib/lwjgl/lwjgl-par.jar
7ff9b0035000-7ff9b0036000 r--s 00031000 08:01 26221574                   /home/michael1337/Documents/Neolithic/game/lib/lwjgl/lwjgl-par-natives-windows.jar
7ff9b0036000-7ff9b0037000 r--s 00004000 08:01 26222670                   /home/michael1337/Documents/Neolithic/game/lib/lwjgl/lwjgl-par-natives-macos.jar
7ff9b0037000-7ff9b0038000 r--s 00005000 08:01 26221573                   /home/michael1337/Documents/Neolithic/game/lib/lwjgl/lwjgl-par-natives-linux.jar
7ff9b0038000-7ff9b0042000 r--s 000bf000 08:01 26221572                   /home/michael1337/Documents/Neolithic/game/lib/lwjgl/lwjgl-opengl.jar
7ff9b0042000-7ff9b0043000 r--s 0002a000 08:01 26221570                   /home/michael1337/Documents/Neolithic/game/lib/lwjgl/lwjgl-opengl-natives-windows.jar
7ff9b0043000-7ff9b0044000 r--s 0000b000 08:01 26221569                   /home/michael1337/Documents/Neolithic/game/lib/lwjgl/lwjgl-opengl-natives-macos.jar
7ff9b0044000-7ff9b0045000 r--s 00016000 08:01 26221568                   /home/michael1337/Documents/Neolithic/game/lib/lwjgl/lwjgl-opengl-natives-linux.jar
7ff9b0045000-7ff9b0048000 r--s 00011000 08:01 26221566                   /home/michael1337/Documents/Neolithic/game/lib/lwjgl/lwjgl-openal.jar
7ff9b0048000-7ff9b0049000 r--s 00105000 08:01 26221562                   /home/michael1337/Documents/Neolithic/game/lib/lwjgl/lwjgl-openal-natives-windows.jar
7ff9b0049000-7ff9b004a000 r--s 00064000 08:01 26221560                   /home/michael1337/Documents/Neolithic/game/lib/lwjgl/lwjgl-openal-natives-macos.jar
7ff9b004a000-7ff9b004b000 r--s 00077000 08:01 26221559                   /home/michael1337/Documents/Neolithic/game/lib/lwjgl/lwjgl-openal-natives-linux.jar
7ff9b004b000-7ff9b0050000 r--s 0005f000 08:01 26221557                   /home/michael1337/Documents/Neolithic/game/lib/lwjgl/lwjgl-nuklear.jar
7ff9b0050000-7ff9b0051000 r--s 00041000 08:01 26221556                   /home/michael1337/Documents/Neolithic/game/lib/lwjgl/lwjgl-nuklear-natives-windows.jar
7ff9b0051000-7ff9b0052000 r--s 0002e000 08:01 26221561                   /home/michael1337/Documents/Neolithic/game/lib/lwjgl/lwjgl-nuklear-natives-macos.jar
7ff9b0052000-7ff9b0053000 r--s 00022000 08:01 26221554                   /home/michael1337/Documents/Neolithic/game/lib/lwjgl/lwjgl-nuklear-natives-linux.jar
7ff9b0053000-7ff9b0054000 r--s 00039000 08:01 26222669                   /home/michael1337/Documents/Neolithic/game/lib/lwjgl/lwjgl-natives-windows.jar
7ff9b0054000-7ff9b0056000 r--s 00008000 08:01 26222596                   /home/michael1337/Documents/Neolithic/game/lib/lwjgl/lwjgl-natives-macos.jar
7ff9b0056000-7ff9b0057000 r--s 00013000 08:01 26222595                   /home/michael1337/Documents/Neolithic/game/lib/lwjgl/lwjgl-natives-linux.jar
7ff9b0057000-7ff9b0059000 r--s 0000e000 08:01 26221549                   /home/michael1337/Documents/Neolithic/game/lib/lwjgl/lwjgl-nanovg.jar
7ff9b0059000-7ff9b005a000 r--s 00068000 08:01 26221547                   /home/michael1337/Documents/Neolithic/game/lib/lwjgl/lwjgl-nanovg-natives-windows.jar
7ff9b005a000-7ff9b005c000 r--s 00026000 08:01 26221553                   /home/michael1337/Documents/Neolithic/game/lib/lwjgl/lwjgl-nanovg-natives-macos.jar
7ff9b005c000-7ff9b005d000 r--s 00029000 08:01 26221546                   /home/michael1337/Documents/Neolithic/game/lib/lwjgl/lwjgl-nanovg-natives-linux.jar
7ff9b005d000-7ff9b0060000 r--s 00019000 08:01 26221542                   /home/michael1337/Documents/Neolithic/game/lib/lwjgl/lwjgl-glfw.jar
7ff9b0060000-7ff9b0061000 r--s 0003d000 08:01 26221544                   /home/michael1337/Documents/Neolithic/game/lib/lwjgl/lwjgl-glfw-natives-windows.jar
7ff9b0061000-7ff9b0063000 r--s 00022000 08:01 26221539                   /home/michael1337/Documents/Neolithic/game/lib/lwjgl/lwjgl-glfw-natives-linux.jar
7ff9b0063000-7ff9b0076000 r--s 00345000 08:01 24119617                   /home/michael1337/Programs/jdk/jdk1.8.0_121/jre/lib/resources.jar
7ff9b0076000-7ff9b0088000 r--s 000d6000 08:01 24119616                   /home/michael1337/Programs/jdk/jdk1.8.0_121/jre/lib/plugin.jar
7ff9b0088000-7ff9b00d7000 rw-p 00000000 00:00 0 
7ff9b00d7000-7ff9b02b0000 r--s 03d3e000 08:01 24119385                   /home/michael1337/Programs/jdk/jdk1.8.0_121/jre/lib/rt.jar
7ff9b02b0000-7ff9b0866000 rw-p 00000000 00:00 0 
7ff9b0866000-7ff9b0b26000 ---p 00000000 00:00 0 
7ff9b0b26000-7ff9b12b6000 rw-p 00000000 00:00 0 
7ff9b12b6000-7ff9b12b7000 ---p 00000000 00:00 0 
7ff9b12b7000-7ff9b13b7000 rw-p 00000000 00:00 0 
7ff9b13b7000-7ff9b13b8000 ---p 00000000 00:00 0 
7ff9b13b8000-7ff9b14b8000 rw-p 00000000 00:00 0 
7ff9b14b8000-7ff9b14b9000 ---p 00000000 00:00 0 
7ff9b14b9000-7ff9b15b9000 rw-p 00000000 00:00 0 
7ff9b15b9000-7ff9b15ba000 ---p 00000000 00:00 0 
7ff9b15ba000-7ff9b170b000 rw-p 00000000 00:00 0 
7ff9b170b000-7ff9b1bc5000 ---p 00000000 00:00 0 
7ff9b1bc5000-7ff9b1c16000 rw-p 00000000 00:00 0 
7ff9b1c16000-7ff9b20cf000 ---p 00000000 00:00 0 
7ff9b20cf000-7ff9b20f8000 rw-p 00000000 00:00 0 
7ff9b20f8000-7ff9b2355000 ---p 00000000 00:00 0 
7ff9b2355000-7ff9b2360000 rw-p 00000000 00:00 0 
7ff9b2360000-7ff9b2716000 ---p 00000000 00:00 0 
7ff9b2716000-7ff9b2730000 r-xp 00000000 08:01 24119416                   /home/michael1337/Programs/jdk/jdk1.8.0_121/jre/lib/amd64/libzip.so
7ff9b2730000-7ff9b2930000 ---p 0001a000 08:01 24119416                   /home/michael1337/Programs/jdk/jdk1.8.0_121/jre/lib/amd64/libzip.so
7ff9b2930000-7ff9b2931000 rw-p 0001a000 08:01 24119416                   /home/michael1337/Programs/jdk/jdk1.8.0_121/jre/lib/amd64/libzip.so
7ff9b2931000-7ff9b293c000 r-xp 00000000 08:01 20845377                   /lib/x86_64-linux-gnu/libnss_files-2.23.so
7ff9b293c000-7ff9b2b3b000 ---p 0000b000 08:01 20845377                   /lib/x86_64-linux-gnu/libnss_files-2.23.so
7ff9b2b3b000-7ff9b2b3c000 r--p 0000a000 08:01 20845377                   /lib/x86_64-linux-gnu/libnss_files-2.23.so
7ff9b2b3c000-7ff9b2b3d000 rw-p 0000b000 08:01 20845377                   /lib/x86_64-linux-gnu/libnss_files-2.23.so
7ff9b2b3d000-7ff9b2b43000 rw-p 00000000 00:00 0 
7ff9b2b43000-7ff9b2b4e000 r-xp 00000000 08:01 20845381                   /lib/x86_64-linux-gnu/libnss_nis-2.23.so
7ff9b2b4e000-7ff9b2d4d000 ---p 0000b000 08:01 20845381                   /lib/x86_64-linux-gnu/libnss_nis-2.23.so
7ff9b2d4d000-7ff9b2d4e000 r--p 0000a000 08:01 20845381                   /lib/x86_64-linux-gnu/libnss_nis-2.23.so
7ff9b2d4e000-7ff9b2d4f000 rw-p 0000b000 08:01 20845381                   /lib/x86_64-linux-gnu/libnss_nis-2.23.so
7ff9b2d4f000-7ff9b2d65000 r-xp 00000000 08:01 20845361                   /lib/x86_64-linux-gnu/libnsl-2.23.so
7ff9b2d65000-7ff9b2f64000 ---p 00016000 08:01 20845361                   /lib/x86_64-linux-gnu/libnsl-2.23.so
7ff9b2f64000-7ff9b2f65000 r--p 00015000 08:01 20845361                   /lib/x86_64-linux-gnu/libnsl-2.23.so
7ff9b2f65000-7ff9b2f66000 rw-p 00016000 08:01 20845361                   /lib/x86_64-linux-gnu/libnsl-2.23.so
7ff9b2f66000-7ff9b2f68000 rw-p 00000000 00:00 0 
7ff9b2f68000-7ff9b2f70000 r-xp 00000000 08:01 20845372                   /lib/x86_64-linux-gnu/libnss_compat-2.23.so
7ff9b2f70000-7ff9b316f000 ---p 00008000 08:01 20845372                   /lib/x86_64-linux-gnu/libnss_compat-2.23.so
7ff9b316f000-7ff9b3170000 r--p 00007000 08:01 20845372                   /lib/x86_64-linux-gnu/libnss_compat-2.23.so
7ff9b3170000-7ff9b3171000 rw-p 00008000 08:01 20845372                   /lib/x86_64-linux-gnu/libnss_compat-2.23.so
7ff9b3171000-7ff9b317b000 r-xp 00000000 08:01 24119454                   /home/michael1337/Programs/jdk/jdk1.8.0_121/jre/lib/amd64/libinstrument.so
7ff9b317b000-7ff9b337a000 ---p 0000a000 08:01 24119454                   /home/michael1337/Programs/jdk/jdk1.8.0_121/jre/lib/amd64/libinstrument.so
7ff9b337a000-7ff9b337b000 rw-p 00009000 08:01 24119454                   /home/michael1337/Programs/jdk/jdk1.8.0_121/jre/lib/amd64/libinstrument.so
7ff9b337b000-7ff9b33a6000 r-xp 00000000 08:01 24119443                   /home/michael1337/Programs/jdk/jdk1.8.0_121/jre/lib/amd64/libjava.so
7ff9b33a6000-7ff9b35a5000 ---p 0002b000 08:01 24119443                   /home/michael1337/Programs/jdk/jdk1.8.0_121/jre/lib/amd64/libjava.so
7ff9b35a5000-7ff9b35a7000 rw-p 0002a000 08:01 24119443                   /home/michael1337/Programs/jdk/jdk1.8.0_121/jre/lib/amd64/libjava.so
7ff9b35a7000-7ff9b35b4000 r-xp 00000000 08:01 24119394                   /home/michael1337/Programs/jdk/jdk1.8.0_121/jre/lib/amd64/libverify.so
7ff9b35b4000-7ff9b37b3000 ---p 0000d000 08:01 24119394                   /home/michael1337/Programs/jdk/jdk1.8.0_121/jre/lib/amd64/libverify.so
7ff9b37b3000-7ff9b37b5000 rw-p 0000c000 08:01 24119394                   /home/michael1337/Programs/jdk/jdk1.8.0_121/jre/lib/amd64/libverify.so
7ff9b37b5000-7ff9b37bc000 r-xp 00000000 08:01 20845382                   /lib/x86_64-linux-gnu/librt-2.23.so
7ff9b37bc000-7ff9b39bb000 ---p 00007000 08:01 20845382                   /lib/x86_64-linux-gnu/librt-2.23.so
7ff9b39bb000-7ff9b39bc000 r--p 00006000 08:01 20845382                   /lib/x86_64-linux-gnu/librt-2.23.so
7ff9b39bc000-7ff9b39bd000 rw-p 00007000 08:01 20845382                   /lib/x86_64-linux-gnu/librt-2.23.so
7ff9b39bd000-7ff9b3ac5000 r-xp 00000000 08:01 20845355                   /lib/x86_64-linux-gnu/libm-2.23.so
7ff9b3ac5000-7ff9b3cc4000 ---p 00108000 08:01 20845355                   /lib/x86_64-linux-gnu/libm-2.23.so
7ff9b3cc4000-7ff9b3cc5000 r--p 00107000 08:01 20845355                   /lib/x86_64-linux-gnu/libm-2.23.so
7ff9b3cc5000-7ff9b3cc6000 rw-p 00108000 08:01 20845355                   /lib/x86_64-linux-gnu/libm-2.23.so
7ff9b3cc6000-7ff9b4994000 r-xp 00000000 08:01 24119447                   /home/michael1337/Programs/jdk/jdk1.8.0_121/jre/lib/amd64/server/libjvm.so
7ff9b4994000-7ff9b4b94000 ---p 00cce000 08:01 24119447                   /home/michael1337/Programs/jdk/jdk1.8.0_121/jre/lib/amd64/server/libjvm.so
7ff9b4b94000-7ff9b4c6d000 rw-p 00cce000 08:01 24119447                   /home/michael1337/Programs/jdk/jdk1.8.0_121/jre/lib/amd64/server/libjvm.so
7ff9b4c6d000-7ff9b4cb8000 rw-p 00000000 00:00 0 
7ff9b4cb8000-7ff9b4e78000 r-xp 00000000 08:01 20845364                   /lib/x86_64-linux-gnu/libc-2.23.so
7ff9b4e78000-7ff9b5078000 ---p 001c0000 08:01 20845364                   /lib/x86_64-linux-gnu/libc-2.23.so
7ff9b5078000-7ff9b507c000 r--p 001c0000 08:01 20845364                   /lib/x86_64-linux-gnu/libc-2.23.so
7ff9b507c000-7ff9b507e000 rw-p 001c4000 08:01 20845364                   /lib/x86_64-linux-gnu/libc-2.23.so
7ff9b507e000-7ff9b5082000 rw-p 00000000 00:00 0 
7ff9b5082000-7ff9b5085000 r-xp 00000000 08:01 20845366                   /lib/x86_64-linux-gnu/libdl-2.23.so
7ff9b5085000-7ff9b5284000 ---p 00003000 08:01 20845366                   /lib/x86_64-linux-gnu/libdl-2.23.so
7ff9b5284000-7ff9b5285000 r--p 00002000 08:01 20845366                   /lib/x86_64-linux-gnu/libdl-2.23.so
7ff9b5285000-7ff9b5286000 rw-p 00003000 08:01 20845366                   /lib/x86_64-linux-gnu/libdl-2.23.so
7ff9b5286000-7ff9b529b000 r-xp 00000000 08:01 24118528                   /home/michael1337/Programs/jdk/jdk1.8.0_121/lib/amd64/jli/libjli.so
7ff9b529b000-7ff9b549b000 ---p 00015000 08:01 24118528                   /home/michael1337/Programs/jdk/jdk1.8.0_121/lib/amd64/jli/libjli.so
7ff9b549b000-7ff9b549c000 rw-p 00015000 08:01 24118528                   /home/michael1337/Programs/jdk/jdk1.8.0_121/lib/amd64/jli/libjli.so
7ff9b549c000-7ff9b54b4000 r-xp 00000000 08:01 20845363                   /lib/x86_64-linux-gnu/libpthread-2.23.so
7ff9b54b4000-7ff9b56b3000 ---p 00018000 08:01 20845363                   /lib/x86_64-linux-gnu/libpthread-2.23.so
7ff9b56b3000-7ff9b56b4000 r--p 00017000 08:01 20845363                   /lib/x86_64-linux-gnu/libpthread-2.23.so
7ff9b56b4000-7ff9b56b5000 rw-p 00018000 08:01 20845363                   /lib/x86_64-linux-gnu/libpthread-2.23.so
7ff9b56b5000-7ff9b56b9000 rw-p 00000000 00:00 0 
7ff9b56b9000-7ff9b56df000 r-xp 00000000 08:01 20845362                   /lib/x86_64-linux-gnu/ld-2.23.so
7ff9b56df000-7ff9b56e0000 r--s 0000e000 08:01 26221540                   /home/michael1337/Documents/Neolithic/game/lib/lwjgl/lwjgl-glfw-natives-macos.jar
7ff9b56e0000-7ff9b56e4000 r--s 00027000 08:01 26221534                   /home/michael1337/Documents/Neolithic/game/lib/lwjgl/lwjgl-bgfx.jar
7ff9b56e4000-7ff9b56e5000 r--s 0009f000 08:01 26221533                   /home/michael1337/Documents/Neolithic/game/lib/lwjgl/lwjgl-bgfx-natives-windows.jar
7ff9b56e5000-7ff9b56e6000 r--s 00041000 08:01 26221541                   /home/michael1337/Documents/Neolithic/game/lib/lwjgl/lwjgl-bgfx-natives-macos.jar
7ff9b56e6000-7ff9b56e7000 r--s 00051000 08:01 26221532                   /home/michael1337/Documents/Neolithic/game/lib/lwjgl/lwjgl-bgfx-natives-linux.jar
7ff9b56e7000-7ff9b56eb000 r--s 0002e000 08:01 26221528                   /home/michael1337/Documents/Neolithic/game/lib/lwjgl/lwjgl-assimp.jar
7ff9b56eb000-7ff9b56ec000 r--s 003ca000 08:01 26221526                   /home/michael1337/Documents/Neolithic/game/lib/lwjgl/lwjgl-assimp-natives-windows.jar
7ff9b56ec000-7ff9b56ed000 r--s 00230000 08:01 26221537                   /home/michael1337/Documents/Neolithic/game/lib/lwjgl/lwjgl-assimp-natives-macos.jar
7ff9b56ed000-7ff9b56ee000 r--s 002ed000 08:01 26221523                   /home/michael1337/Documents/Neolithic/game/lib/lwjgl/lwjgl-assimp-natives-linux.jar
7ff9b56ee000-7ff9b56ef000 r--s 00000000 08:01 24119464                   /home/michael1337/Programs/jdk/jdk1.8.0_121/jre/lib/management-agent.jar
7ff9b56ef000-7ff9b56f3000 r--s 0009a000 08:01 24119337                   /home/michael1337/Programs/jdk/jdk1.8.0_121/jre/lib/jsse.jar
7ff9b56f3000-7ff9b56f5000 r--s 00007000 08:01 24119458                   /home/michael1337/Programs/jdk/jdk1.8.0_121/jre/lib/jfxswt.jar
7ff9b56f5000-7ff9b56fa000 r--s 00084000 08:01 24119492                   /home/michael1337/Programs/jdk/jdk1.8.0_121/jre/lib/jfr.jar
7ff9b56fa000-7ff9b56fd000 r--s 0001a000 08:01 24119647                   /home/michael1337/Programs/jdk/jdk1.8.0_121/jre/lib/jce.jar
7ff9b56fd000-7ff9b5707000 r--s 0006c000 08:01 24119500                   /home/michael1337/Programs/jdk/jdk1.8.0_121/jre/lib/javaws.jar
7ff9b5707000-7ff9b57ae000 rw-p 00000000 00:00 0 
7ff9b57ae000-7ff9b57b1000 ---p 00000000 00:00 0 
7ff9b57b1000-7ff9b58b4000 rw-p 00000000 00:00 0 
7ff9b58b4000-7ff9b58cf000 r--s 00209000 08:01 24119501                   /home/michael1337/Programs/jdk/jdk1.8.0_121/jre/lib/deploy.jar
7ff9b58cf000-7ff9b58d4000 r--s 002f9000 08:01 24119338                   /home/michael1337/Programs/jdk/jdk1.8.0_121/jre/lib/charsets.jar
7ff9b58d4000-7ff9b58dc000 rw-s 00000000 08:01 26747621                   /tmp/hsperfdata_michael1337/30502
7ff9b58dc000-7ff9b58dd000 rw-p 00000000 00:00 0 
7ff9b58dd000-7ff9b58de000 r--p 00000000 00:00 0 
7ff9b58de000-7ff9b58df000 r--p 00025000 08:01 20845362                   /lib/x86_64-linux-gnu/ld-2.23.so
7ff9b58df000-7ff9b58e0000 rw-p 00026000 08:01 20845362                   /lib/x86_64-linux-gnu/ld-2.23.so
7ff9b58e0000-7ff9b58e1000 rw-p 00000000 00:00 0 
7ffebe2a4000-7ffebe2c7000 rw-p 00000000 00:00 0                          [stack]
7ffebe3a6000-7ffebe3a9000 r--p 00000000 00:00 0                          [vvar]
7ffebe3a9000-7ffebe3ab000 r-xp 00000000 00:00 0                          [vdso]
ffffffffff600000-ffffffffff601000 r-xp 00000000 00:00 0                  [vsyscall]

VM Arguments:
jvm_args: -javaagent:/home/michael1337/Programs/intellij/idea-IU-181.5281.24/lib/idea_rt.jar=45608:/home/michael1337/Programs/intellij/idea-IU-181.5281.24/bin -Dfile.encoding=UTF-8 
java_command: tests.parser.ParserTest
java_class_path (initial): /home/michael1337/Programs/jdk/jdk1.8.0_121/jre/lib/charsets.jar:/home/michael1337/Programs/jdk/jdk1.8.0_121/jre/lib/deploy.jar:/home/michael1337/Programs/jdk/jdk1.8.0_121/jre/lib/ext/cldrdata.jar:/home/michael1337/Programs/jdk/jdk1.8.0_121/jre/lib/ext/dnsns.jar:/home/michael1337/Programs/jdk/jdk1.8.0_121/jre/lib/ext/jaccess.jar:/home/michael1337/Programs/jdk/jdk1.8.0_121/jre/lib/ext/jfxrt.jar:/home/michael1337/Programs/jdk/jdk1.8.0_121/jre/lib/ext/localedata.jar:/home/michael1337/Programs/jdk/jdk1.8.0_121/jre/lib/ext/nashorn.jar:/home/michael1337/Programs/jdk/jdk1.8.0_121/jre/lib/ext/sunec.jar:/home/michael1337/Programs/jdk/jdk1.8.0_121/jre/lib/ext/sunjce_provider.jar:/home/michael1337/Programs/jdk/jdk1.8.0_121/jre/lib/ext/sunpkcs11.jar:/home/michael1337/Programs/jdk/jdk1.8.0_121/jre/lib/ext/zipfs.jar:/home/michael1337/Programs/jdk/jdk1.8.0_121/jre/lib/javaws.jar:/home/michael1337/Programs/jdk/jdk1.8.0_121/jre/lib/jce.jar:/home/michael1337/Programs/jdk/jdk1.8.0_121/jre/lib/jfr.jar:/home/michael1337/Programs/jdk/jdk1.8.0_121/jre/lib/jfxswt.jar:/home/michael1337/Programs/jdk/jdk1.8.0_121/jre/lib/jsse.jar:/home/michael1337/Programs/jdk/jdk1.8.0_121/jre/lib/management-agent.jar:/home/michael1337/Programs/jdk/jdk1.8.0_121/jre/lib/plugin.jar:/home/michael1337/Programs/jdk/jdk1.8.0_121/jre/lib/resources.jar:/home/michael1337/Programs/jdk/jdk1.8.0_121/jre/lib/rt.jar:/home/michael1337/Documents/Neolithic/game/out/production/game:/home/michael1337/Documents/Neolithic/game/lib/lwjgl/lwjgl-assimp-natives-linux.jar:/home/michael1337/Documents/Neolithic/game/lib/lwjgl/lwjgl-assimp-natives-macos.jar:/home/michael1337/Documents/Neolithic/game/lib/lwjgl/lwjgl-assimp-natives-windows.jar:/home/michael1337/Documents/Neolithic/game/lib/lwjgl/lwjgl-assimp.jar:/home/michael1337/Documents/Neolithic/game/lib/lwjgl/lwjgl-bgfx-natives-linux.jar:/home/michael1337/Documents/Neolithic/game/lib/lwjgl/lwjgl-bgfx-natives-macos.jar:/home/michael1337/Documents/Neolithic/
Launcher Type: SUN_STANDARD

Environment Variables:
JAVA_HOME=/home/michael1337/Programs/jdk/jdk1.8.0_121
PATH=/home/michael1337/Programs/Spin/Spin/Src6.4.8:/home/michael1337/anaconda3/bin:/home/michael1337/bin:/home/michael1337/.local/bin:/usr/local/sbin:/usr/local/bin:/usr/sbin:/usr/bin:/sbin:/bin:/usr/games:/usr/local/games:/snap/bin:/home/michael1337/Programs/jdk/jdk1.8.0_121
USERNAME=michael1337
SHELL=/bin/bash
DISPLAY=:1

Signal Handlers:
SIGSEGV: [libjvm.so+0xac78c0], sa_mask[0]=11111111011111111101111111111110, sa_flags=SA_RESTART|SA_SIGINFO
SIGBUS: [libjvm.so+0xac78c0], sa_mask[0]=11111111011111111101111111111110, sa_flags=SA_RESTART|SA_SIGINFO
SIGFPE: [libjvm.so+0x920ac0], sa_mask[0]=11111111011111111101111111111110, sa_flags=SA_RESTART|SA_SIGINFO
SIGPIPE: [libjvm.so+0x920ac0], sa_mask[0]=11111111011111111101111111111110, sa_flags=SA_RESTART|SA_SIGINFO
SIGXFSZ: [libjvm.so+0x920ac0], sa_mask[0]=11111111011111111101111111111110, sa_flags=SA_RESTART|SA_SIGINFO
SIGILL: [libjvm.so+0x920ac0], sa_mask[0]=11111111011111111101111111111110, sa_flags=SA_RESTART|SA_SIGINFO
SIGUSR1: SIG_DFL, sa_mask[0]=00000000000000000000000000000000, sa_flags=none
SIGUSR2: [libjvm.so+0x922300], sa_mask[0]=00100000000000000000000000000000, sa_flags=SA_RESTART|SA_SIGINFO
SIGHUP: [libjvm.so+0x923700], sa_mask[0]=11111111011111111101111111111110, sa_flags=SA_RESTART|SA_SIGINFO
SIGINT: [libjvm.so+0x923700], sa_mask[0]=11111111011111111101111111111110, sa_flags=SA_RESTART|SA_SIGINFO
SIGTERM: [libjvm.so+0x923700], sa_mask[0]=11111111011111111101111111111110, sa_flags=SA_RESTART|SA_SIGINFO
SIGQUIT: [libjvm.so+0x923700], sa_mask[0]=11111111011111111101111111111110, sa_flags=SA_RESTART|SA_SIGINFO


---------------  S Y S T E M  ---------------

OS:DISTRIB_ID=Ubuntu
DISTRIB_RELEASE=16.04
DISTRIB_CODENAME=xenial
DISTRIB_DESCRIPTION="Ubuntu 16.04.5 LTS"

uname:Linux 4.4.0-133-generic #159-Ubuntu SMP Fri Aug 10 07:31:43 UTC 2018 x86_64
libc:glibc 2.23 NPTL 2.23 
rlimit: STACK 8192k, CORE 0k, NPROC 61756, NOFILE 1048576, AS infinity
load average:1,88 1,41 1,28

/proc/meminfo:
MemTotal:       15852028 kB
MemFree:         3189988 kB
MemAvailable:   10247496 kB
Buffers:          411188 kB
Cached:          6678692 kB
SwapCached:          240 kB
Active:          7705176 kB
Inactive:        3775872 kB
Active(anon):    4398088 kB
Inactive(anon):   634744 kB
Active(file):    3307088 kB
Inactive(file):  3141128 kB
Unevictable:          16 kB
Mlocked:              16 kB
SwapTotal:      16189436 kB
SwapFree:       16164488 kB
Dirty:              2024 kB
Writeback:             0 kB
AnonPages:       4391108 kB
Mapped:           908136 kB
Shmem:            641664 kB
Slab:            1014508 kB
SReclaimable:     945744 kB
SUnreclaim:        68764 kB
KernelStack:       16016 kB
PageTables:        62412 kB
NFS_Unstable:          0 kB
Bounce:                0 kB
WritebackTmp:          0 kB
CommitLimit:    24115448 kB
Committed_AS:   19450152 kB
VmallocTotal:   34359738367 kB
VmallocUsed:           0 kB
VmallocChunk:          0 kB
HardwareCorrupted:     0 kB
AnonHugePages:         0 kB
CmaTotal:              0 kB
CmaFree:               0 kB
HugePages_Total:       0
HugePages_Free:        0
HugePages_Rsvd:        0
HugePages_Surp:        0
Hugepagesize:       2048 kB
DirectMap4k:      876228 kB
DirectMap2M:    15314944 kB
DirectMap1G:           0 kB


CPU:total 4 (2 cores per cpu, 2 threads per core) family 6 model 78 stepping 3, cmov, cx8, fxsr, mmx, sse, sse2, sse3, ssse3, sse4.1, sse4.2, popcnt, avx, avx2, aes, clmul, erms, 3dnowpref, lzcnt, ht, tsc, tscinvbit, bmi1, bmi2, adx

/proc/cpuinfo:
processor	: 0
vendor_id	: GenuineIntel
cpu family	: 6
model		: 78
model name	: Intel(R) Core(TM) i7-6500U CPU @ 2.50GHz
stepping	: 3
microcode	: 0xc2
cpu MHz		: 2699.937
cache size	: 4096 KB
physical id	: 0
siblings	: 4
core id		: 0
cpu cores	: 2
apicid		: 0
initial apicid	: 0
fpu		: yes
fpu_exception	: yes
cpuid level	: 22
wp		: yes
flags		: fpu vme de pse tsc msr pae mce cx8 apic sep mtrr pge mca cmov pat pse36 clflush dts acpi mmx fxsr sse sse2 ss ht tm pbe syscall nx pdpe1gb rdtscp lm constant_tsc art arch_perfmon pebs bts rep_good nopl xtopology nonstop_tsc aperfmperf eagerfpu pni pclmulqdq dtes64 monitor ds_cpl vmx est tm2 ssse3 sdbg fma cx16 xtpr pdcm pcid sse4_1 sse4_2 x2apic movbe popcnt tsc_deadline_timer aes xsave avx f16c rdrand lahf_lm abm 3dnowprefetch epb invpcid_single intel_pt ibrs ibpb stibp kaiser tpr_shadow vnmi flexpriority ept vpid fsgsbase tsc_adjust bmi1 avx2 smep bmi2 erms invpcid mpx rdseed adx smap clflushopt xsaveopt xsavec xgetbv1 dtherm ida arat pln pts hwp hwp_notify hwp_act_window hwp_epp
bugs		: cpu_meltdown spectre_v1 spectre_v2 spec_store_bypass l1tf
bogomips	: 5184.48
clflush size	: 64
cache_alignment	: 64
address sizes	: 39 bits physical, 48 bits virtual
power management:

processor	: 1
vendor_id	: GenuineIntel
cpu family	: 6
model		: 78
model name	: Intel(R) Core(TM) i7-6500U CPU @ 2.50GHz
stepping	: 3
microcode	: 0xc2
cpu MHz		: 2699.937
cache size	: 4096 KB
physical id	: 0
siblings	: 4
core id		: 1
cpu cores	: 2
apicid		: 2
initial apicid	: 2
fpu		: yes
fpu_exception	: yes
cpuid level	: 22
wp		: yes
flags		: fpu vme de pse tsc msr pae mce cx8 apic sep mtrr pge mca cmov pat pse36 clflush dts acpi mmx fxsr sse sse2 ss ht tm pbe syscall nx pdpe1gb rdtscp lm constant_tsc art arch_perfmon pebs bts rep_good nopl xtopology nonstop_tsc aperfmperf eagerfpu pni pclmulqdq dtes64 monitor ds_cpl vmx est tm2 ssse3 sdbg fma cx16 xtpr pdcm pcid sse4_1 sse4_2 x2apic movbe popcnt tsc_deadline_timer aes xsave avx f16c rdrand lahf_lm abm 3dnowprefetch epb invpcid_single intel_pt ibrs ibpb stibp kaiser tpr_shadow vnmi flexpriority ept vpid fsgsbase tsc_adjust bmi1 avx2 smep bmi2 erms invpcid mpx rdseed adx smap clflushopt xsaveopt xsavec xgetbv1 dtherm ida arat pln pts hwp hwp_notify hwp_act_window hwp_epp
bugs		: cpu_meltdown spectre_v1 spectre_v2 spec_store_bypass l1tf
bogomips	: 5184.48
clflush size	: 64
cache_alignment	: 64
address sizes	: 39 bits physical, 48 bits virtual
power management:

processor	: 2
vendor_id	: GenuineIntel
cpu family	: 6
model		: 78
model name	: Intel(R) Core(TM) i7-6500U CPU @ 2.50GHz
stepping	: 3
microcode	: 0xc2
cpu MHz		: 2699.937
cache size	: 4096 KB
physical id	: 0
siblings	: 4
core id		: 0
cpu cores	: 2
apicid		: 1
initial apicid	: 1
fpu		: yes
fpu_exception	: yes
cpuid level	: 22
wp		: yes
flags		: fpu vme de pse tsc msr pae mce cx8 apic sep mtrr pge mca cmov pat pse36 clflush dts acpi mmx fxsr sse sse2 ss ht tm pbe syscall nx pdpe1gb rdtscp lm constant_tsc art arch_perfmon pebs bts rep_good nopl xtopology nonstop_tsc aperfmperf eagerfpu pni pclmulqdq dtes64 monitor ds_cpl vmx est tm2 ssse3 sdbg fma cx16 xtpr pdcm pcid sse4_1 sse4_2 x2apic movbe popcnt tsc_deadline_timer aes xsave avx f16c rdrand lahf_lm abm 3dnowprefetch epb invpcid_single intel_pt ibrs ibpb stibp kaiser tpr_shadow vnmi flexpriority ept vpid fsgsbase tsc_adjust bmi1 avx2 smep bmi2 erms invpcid mpx rdseed adx smap clflushopt xsaveopt xsavec xgetbv1 dtherm ida arat pln pts hwp hwp_notify hwp_act_window hwp_epp
bugs		: cpu_meltdown spectre_v1 spectre_v2 spec_store_bypass l1tf
bogomips	: 5184.48
clflush size	: 64
cache_alignment	: 64
address sizes	: 39 bits physical, 48 bits virtual
power management:

processor	: 3
vendor_id	: GenuineIntel
cpu family	: 6
model		: 78
model name	: Intel(R) Core(TM) i7-6500U CPU @ 2.50GHz
stepping	: 3
microcode	: 0xc2
cpu MHz		: 2699.937
cache size	: 4096 KB
physical id	: 0
siblings	: 4
core id		: 1
cpu cores	: 2
apicid		: 3
initial apicid	: 3
fpu		: yes
fpu_exception	: yes
cpuid level	: 22
wp		: yes
flags		: fpu vme de pse tsc msr pae mce cx8 apic sep mtrr pge mca cmov pat pse36 clflush dts acpi mmx fxsr sse sse2 ss ht tm pbe syscall nx pdpe1gb rdtscp lm constant_tsc art arch_perfmon pebs bts rep_good nopl xtopology nonstop_tsc aperfmperf eagerfpu pni pclmulqdq dtes64 monitor ds_cpl vmx est tm2 ssse3 sdbg fma cx16 xtpr pdcm pcid sse4_1 sse4_2 x2apic movbe popcnt tsc_deadline_timer aes xsave avx f16c rdrand lahf_lm abm 3dnowprefetch epb invpcid_single intel_pt ibrs ibpb stibp kaiser tpr_shadow vnmi flexpriority ept vpid fsgsbase tsc_adjust bmi1 avx2 smep bmi2 erms invpcid mpx rdseed adx smap clflushopt xsaveopt xsavec xgetbv1 dtherm ida arat pln pts hwp hwp_notify hwp_act_window hwp_epp
bugs		: cpu_meltdown spectre_v1 spectre_v2 spec_store_bypass l1tf
bogomips	: 5184.48
clflush size	: 64
cache_alignment	: 64
address sizes	: 39 bits physical, 48 bits virtual
power management:



Memory: 4k page, physical 15852028k(3189988k free), swap 16189436k(16164488k free)

vm_info: Java HotSpot(TM) 64-Bit Server VM (25.121-b13) for linux-amd64 JRE (1.8.0_121-b13), built on Dec 12 2016 16:36:53 by "java_re" with gcc 4.3.0 20080428 (Red Hat 4.3.0-8)

time: Tue Sep  4 17:01:44 2018
elapsed time: 0 seconds (0d 0h 0m 0s)

